Terminal log file
Date: 24.03.2017 - 11:05:34
-----------------------------------------------

%~>daq start

 DAQ started.
%~>quit
%~>-918, 7828, 1208
-782, 7922, 1150
-856, 7878, 1252
-980, 7872, 1284
-1306, 7532, 1602
-2202, 7758, 2324
-3192, 7888, 3202
-3358, 7814, 3346
-3740, 7294, 3574
-3450, 7058, 3304
-3552, 6742, 2986
-2344, 6176, 2702
-1750, 5806, 2000
-2314, 6414, 3188
-1004, 6272, 2576
-1318, 6490, 2828
-1754, 6566, 3282
-1096, 7032, 3392
-490, 6634, 2866
-606, 6974, 3688
8, 6722, 3672
432, 7208, 3422
484, 7378, 3638
650, 7272, 3674
914, 7182, 3528
808, 7404, 3736
834, 6632, 4176
758, 7160, 4870
398, 6964, 4880
998, 6812, 4764
1024, 6166, 4932
1190, 6792, 4664
1008, 7190, 4642
522, 7406, 4920
1000, 7002, 4158
*NOTE-2017.03.24@11:05:35 - 1
712, 7228, 4086
378, 7024, 4294
1082, 6790, 2768
-188, 7086, 3732
238, 7246, 2668
-516, 7318, 1770
-1242, 6790, 514
-2578, 7280, 1060
-2550, 7054, 1582
-2406, 7526, 1900
-2224, 7876, 2136
-1598, 8024, 2032
-1472, 8610, 2028
-1340, 8440, 2432
-1964, 8766, 2858
-1234, 7578, 2794
-1588, 7662, 3074
-1122, 8080, 2268
-786, 7690, 1312
-840, 8160, 904
-934, 7156, 482
-896, 7368, 118
-1234, 7170, -142
-1386, 7382, -234
-1158, 7538, -850
-1440, 8346, -530
-1220, 9478, -664
-3274, 8890, 144
-2756, 8530, 126
-1172, 7860, -1948
-1436, 8058, -224
-1510, 8062, -610
-2142, 7868, -160
-1664, 7914, -50
-1220, 7798, -786
-1704, 8140, -236
-1898, 8856, 512
*NOTE-2017.03.24@11:05:37 - 1
-1916, 7610, 826
-806, 7542, 322
-516, 7862, 342
-552, 7566, 130
-824, 7512, 458
-770, 7676, 192
-798, 7428, 92
-68, 7870, 74
-646, 7958, 908
-948, 8222, 1126
-926, 8676, 1728
-1388, 8398, 3664
-502, 9178, 4626
-34, 10516, 6600
-1304, 11256, 8108
-936, 12442, 7408
-752, 12252, 5874
-1842, 11940, 5772
-2188, 10926, 5736
-1430, 10062, 5908
-832, 8232, 5878
-1014, 6424, 6076
-1118, 5538, 6410
250, 3478, 5536
-320, 2178, 5492
678, 1448, 5458
1934, -328, 3924
1568, -2126, 2708
542, -3804, 2310
-1134, -4660, 1878
-1530, -5670, 1786
-108, -5960, 502
-32, -6806, -1298
-1060, -7104, -1028
-1060, -7184, -70
-312, -7466, -1934
-326, -7692, -3918
-628, -7888, -4990
90, -7908, -6646
-394, -7500, -5552
724, -7194, -5206
-350, -6712, -2484
1178, -6176, -728
2296, -4990, -714
730, -3864, 630
-792, -2574, 2202
-380, -1846, 2558
-880, -182, 4456
-786, 712, 3820
-1168, 2696, 3614
-3984, 5178, 7500
-3622, 5812, 7156
-2986, 8286, 6060
-4692, 9472, 7564
-3924, 10348, 6782
-3708, 11464, 7018
-4194, 11948, 6284
-4800, 11640, 5766
-4126, 10886, 5366
-3684, 9588, 5600
-2480, 8632, 5180
-1926, 8816, 5308
-376, 8428, 4294
194, 8972, 4160
-294, 9250, 3882
-1318, 9022, 3888
-1576, 9558, 4396
-798, 10550, 3636
*NOTE-2017.03.24@11:05:41 - 1
-152, 10596, 3910
-1124, 10392, 5202
-852, 10952, 6098
-1432, 10688, 7148
-1520, 11042, 7702
-1266, 9520, 7366
-1238, 8218, 6982
-1474, 6448, 6734
-1156, 4912, 5716
-1418, 3338, 6084
-312, 1616, 4840
-866, 298, 5902
882, -1328, 3432
556, -2362, 3204
510, -3470, 2036
90, -4652, 1284
-482, -5394, 998
930, -6060, -1226
-178, -6542, -1564
-1234, -7070, -1668
-832, -7282, -3202
-410, -7860, -4490
-244, -8082, -5736
240, -7924, -6230
184, -7498, -5478
958, -7072, -5340
904, -6930, -4104
1368, -5888, -3100
3028, -5752, -2788
772, -4000, -568
-1302, -2664, 1212
-2408, -1418, 2752
-3252, -388, 4306
-3070, 140, 3986
-4948, 888, 7126
-4554, 2180, 4082
-6586, 4278, 8744
-5130, 5172, 5248
-7074, 6336, 6960
-5590, 7572, 5812
-6134, 8294, 5302
-6198, 9948, 5750
-4986, 10786, 4652
-5076, 10748, 4892
-5186, 10178, 5260
-4174, 9730, 5572
-2602, 8544, 6060
-522, 8358, 4184
508, 8392, 3214
-422, 8550, 3666
*NOTE-2017.03.24@11:05:43 - 1
-1174, 8772, 3512
-2208, 9056, 4494
-1678, 9842, 4658
-1248, 10740, 5138
-1970, 11320, 5986
-2210, 11762, 5632
-2174, 11528, 6332
-2028, 10916, 7270
-2646, 10048, 8172
-1290, 9024, 6650
-1194, 7158, 6286
-1764, 5204, 6360
-940, 4368, 4850
-112, 2698, 5554
356, 760, 4776
736, -354, 3334
92, -2446, 2712
-768, -3610, 2026
280, -4554, 342
644, -5766, -652
-606, -6256, -1204
-482, -7266, -2628
-770, -7382, -2306
476, -7622, -3654
1220, -7970, -4576
1088, -7802, -5504
990, -7468, -5082
1232, -7370, -4044
930, -7310, -4634
46, -6368, -3666
-348, -5970, -1888
450, -4778, -788
48, -3900, 600
-1272, -3752, 3248
-480, -2478, 3910
732, -2394, 4638
-130, -620, 6210
-70, 516, 5512
-1040, 1174, 5840
-1738, 2510, 6134
-2028, 5104, 7764
-3226, 5086, 7240
-4308, 7336, 6484
-4934, 8758, 7900
-4646, 9568, 6178
-4596, 10186, 6932
-3018, 11162, 5446
-3676, 11534, 5808
-4706, 10426, 7866
-1408, 8966, 5174
1850, 8526, 2320
476, 7876, 4010
456, 8772, 4384
226, 9078, 3880
-558, 8930, 3760
-1156, 9346, 3694
-940, 9690, 3726
*NOTE-2017.03.24@11:05:46 - 1
-652, 10746, 4490
-344, 10206, 4898
90, 11010, 5044
-1116, 10774, 6992
-422, 10582, 6294
-808, 9506, 6344
-1116, 8430, 6986
-1098, 7422, 7030
-620, 5920, 6374
-1202, 3854, 6502
-766, 2516, 6434
16, 1230, 5210
-694, 26, 5334
40, -1252, 3980
-18, -2470, 3146
-212, -3874, 2606
-122, -4754, 1596
-346, -5534, 808
-328, -6310, -290
100, -6826, -2570
-926, -7136, -1428
856, -7204, -2670
1716, -7558, -3472
1448, -7752, -4098
1696, -7644, -5784
1302, -7856, -5538
1558, -7334, -5560
802, -7244, -4796
540, -7008, -3290
688, -6242, -2336
924, -5988, -1624
420, -4256, -1250
-762, -3972, 214
-1422, -2532, 1674
-1264, -1370, 3676
-212, -722, 3394
-1738, 1470, 5784
-3040, 2672, 7362
-3086, 4158, 6186
-4394, 5748, 8304
-3856, 6430, 6750
-4566, 8838, 8304
-3834, 8928, 8420
-3168, 10582, 6050
-3958, 10792, 5424
-3506, 10646, 4994
-2530, 10854, 4248
-3240, 10408, 5206
-3560, 9500, 6324
-1482, 8892, 4396
-1036, 8386, 4764
-1670, 8522, 5280
*NOTE-2017.03.24@11:05:49 - 1
-2008, 8776, 4636
-1864, 8772, 4130
-2046, 9234, 4390
-1604, 10666, 4952
-1672, 10748, 5116
-2596, 11428, 6112
-3552, 12272, 7114
-2626, 11712, 6370
-2394, 10508, 6744
-1800, 8756, 6624
-1502, 7480, 6732
-142, 5648, 5780
-286, 4062, 5432
-384, 1746, 6540
-1254, 1812, 7298
-874, -434, 4664
-518, -1490, 2810
-1412, -4094, 2164
-1316, -4152, 2924
-8, -4536, 1180
-362, -5924, 412
-110, -6198, -1344
-1282, -6366, -1402
10, -6656, -2970
2170, -7062, -5848
2298, -7324, -5644
2834, -7778, -7310
2078, -7396, -6510
1676, -7036, -6376
1100, -7168, -5304
674, -6476, -4600
364, -6092, -2532
882, -4498, -1884
1010, -3318, -1420
-1172, -2948, 2094
-1486, -2004, 3640
-1846, -1106, 4560
-738, -496, 4298
1320, 1474, 4780
1782, 4430, 6638
158, 5572, 7386
-1602, 7356, 9052
-1912, 8530, 9010
-2266, 8960, 7792
-1402, 9956, 7344
-2256, 11064, 6784
-2566, 11118, 5992
-1920, 11300, 4768
-2590, 10974, 5652
-2718, 9762, 6036
-870, 9282, 4950
-66, 8406, 4766
-288, 8240, 4796
-1408, 8752, 4956
-1698, 8616, 4168
*NOTE-2017.03.24@11:05:51 - 1
-1604, 9432, 4300
-1180, 10070, 4274
-1154, 10504, 5230
-1006, 10764, 5054
-2154, 11096, 6390
-2864, 11594, 7424
-1646, 11188, 6584
-1408, 10560, 6980
-1562, 8760, 7228
-194, 6642, 6168
-674, 5432, 6700
62, 3602, 5698
-608, 2292, 6004
-166, 1022, 5106
404, -408, 3890
578, -1974, 3418
-412, -3048, 3430
-234, -4072, 1662
-340, -5492, 490
-1194, -6588, 164
-110, -6344, -644
608, -6782, -1448
-1476, -7092, -710
-278, -7402, -3280
506, -7570, -4752
398, -7748, -4842
888, -7682, -6174
972, -7752, -5768
1506, -7108, -5700
880, -7110, -4652
1542, -6308, -3676
1002, -5894, -1052
1684, -5014, -410
1664, -4760, -32
-174, -3526, 2394
-348, -2088, 3136
-1580, -1834, 4064
-1838, -832, 4400
-2176, 560, 5110
-2586, 1864, 4450
-4020, 3578, 7282
-3868, 4548, 5408
-5126, 7492, 7414
-5010, 7986, 6236
-4808, 10362, 6116
-3654, 11800, 4880
-3140, 13234, 4978
-3646, 13676, 5660
-5270, 12382, 8308
-3466, 10212, 7318
510, 9152, 4854
-720, 8082, 5992
-1736, 8740, 5596
-1904, 9062, 3940
-2024, 9194, 4110
-1714, 9782, 4068
-1088, 10602, 3934
*NOTE-2017.03.24@11:05:54 - 1
-1960, 10556, 5756
-2498, 10706, 7290
-2328, 11062, 6722
-2134, 10858, 6546
-2372, 10074, 7090
-1844, 8698, 6590
-1246, 7156, 7112
-1546, 5814, 6692
-1134, 4172, 5870
-628, 2436, 5742
-520, 1068, 5648
-330, -734, 5240
-42, -1456, 4752
310, -2478, 3668
118, -3654, 2192
-416, -4900, 1360
-252, -5580, 482
-362, -5936, -566
108, -6228, -2460
-754, -6988, -2678
448, -7224, -3784
1528, -7566, -4718
1262, -7704, -5074
1356, -7506, -5764
1324, -7418, -6058
1744, -7452, -5508
1186, -7160, -4952
1138, -7014, -4328
328, -6420, -1652
1480, -5382, -1818
1516, -4496, -1532
-770, -3722, 652
-750, -2640, 1914
-1162, -982, 2330
-1748, 178, 3754
-1872, 1920, 3948
-2608, 3352, 5384
-3158, 5526, 5954
-4964, 8150, 6992
-4972, 9740, 7066
-4954, 11390, 6848
-5492, 12630, 8260
-3598, 12788, 5514
-4276, 12932, 6116
-4292, 11692, 6144
-2506, 10216, 5750
-2976, 9712, 6534
-2290, 7862, 5182
-314, 8312, 3486
-370, 7986, 3448
*NOTE-2017.03.24@11:05:57 - 1
-938, 8774, 3616
170, 8760, 2128
-1786, 9206, 3946
-2654, 9562, 5168
-1168, 10836, 5748
-2510, 11046, 6268
-4176, 11128, 7254
-3862, 11148, 5798
-3770, 10538, 7466
-3846, 9228, 6050
-2228, 7454, 5708
-1414, 5604, 6070
-1646, 3700, 7774
-564, 2902, 6474
-80, 1296, 6048
356, 598, 5904
1336, -1186, 4196
300, -1496, 4536
1268, -2902, 1454
0, -4448, 1104
-1174, -5614, 986
-712, -6234, -638
-782, -6720, -1582
-704, -7404, -2306
-886, -7530, -2156
-1042, -7484, -3296
-1422, -8032, -4160
-1300, -7744, -5022
-224, -8004, -5354
104, -7884, -4732
-502, -7320, -3472
432, -7570, -3648
-386, -6344, -1080
1508, -5306, -1378
384, -4398, -684
-704, -3682, 1482
-708, -2706, 1924
-928, -1126, 3362
-1152, -594, 5036
-2650, 650, 6194
-2766, 2504, 6146
-3486, 3344, 7404
-3168, 5548, 7190
-3538, 7396, 6524
-3464, 8124, 6778
-3124, 9598, 6108
-3792, 11318, 6660
-2988, 11828, 5402
-2970, 12720, 5340
-3366, 11776, 6142
-3454, 10394, 6760
-746, 9170, 4964
2004, 8298, 2402
350, 8662, 3068
-960, 8418, 3344
-280, 8584, 2922
-88, 8544, 2882
*NOTE-2017.03.24@11:05:59 - 1
442, 8992, 2700
-1282, 9008, 3672
-734, 10300, 3428
-1222, 11082, 5300
-710, 10974, 5360
-1330, 11522, 5810
-1834, 11176, 5834
-1510, 10926, 5946
-1688, 9616, 6750
-1978, 8948, 6574
-1690, 6880, 6990
-774, 6054, 6810
-1074, 3578, 6380
-584, 2824, 5978
590, 580, 5168
394, -302, 4150
316, -1782, 4568
1248, -3334, 3088
470, -3952, 2658
88, -4648, 1756
-424, -5604, 1036
-936, -6292, -184
-1390, -6860, -942
-922, -7216, -2544
-980, -7534, -2264
-1442, -7818, -2016
-1776, -7630, -3458
-1602, -7912, -4044
-1112, -7838, -4234
-136, -7758, -4698
190, -7596, -5204
-526, -7172, -3430
-1648, -7092, -2042
658, -5874, -1556
1288, -4950, -1096
504, -4392, 1508
-744, -3644, 3224
-248, -2636, 2456
-308, -1288, 3934
-124, 102, 3876
-1260, 1810, 6328
-1198, 3498, 6854
-1238, 4670, 7648
-1448, 6294, 7674
-1804, 7112, 6552
-3338, 8728, 7390
-3386, 8944, 4728
-5690, 10952, 7086
-4314, 10592, 3700
-4974, 11728, 4680
-4100, 11324, 4476
-4522, 10436, 6390
-3440, 9060, 5480
-1176, 7890, 3764
316, 8006, 2498
-528, 8202, 3714
-282, 8248, 2704
*NOTE-2017.03.24@11:06:02 - 1
-554, 8328, 3210
-960, 8642, 3238
-1644, 9284, 3988
-1216, 10694, 4914
-850, 10810, 5056
-1422, 11018, 5410
-2122, 11360, 6482
-1602, 11150, 5872
-1460, 10628, 6104
-1308, 9010, 6416
-1880, 8602, 6912
-858, 6954, 6076
754, 5514, 4740
-1446, 3984, 8088
-390, 2786, 5388
-734, 1518, 4928
-996, -354, 5826
-474, -1524, 4660
-140, -2598, 4258
-300, -3696, 3930
756, -4520, 1508
136, -5152, 754
-132, -5480, 434
910, -5990, -3154
-1320, -7262, -2510
-1042, -7402, -3230
-540, -7504, -4714
-1386, -7606, -5258
-1782, -7436, -5878
-640, -7514, -5912
-444, -7114, -5848
28, -7454, -5426
-792, -6906, -3076
260, -6666, -3406
134, -5198, -1630
490, -4638, -350
568, -3556, -234
-324, -2666, 1960
-1602, -1416, 3868
-1696, 426, 3606
-3380, 1022, 5392
-1870, 3200, 4568
-3476, 5034, 9042
-1302, 6798, 6152
-3258, 8866, 9290
-2308, 9594, 6322
-3308, 11206, 8296
-1808, 10946, 4890
-712, 12358, 4348
-2424, 12382, 5058
-2828, 11508, 5432
-2708, 9990, 5590
-820, 8990, 4044
-332, 8562, 3576
-562, 8086, 3036
-718, 8156, 2840
*NOTE-2017.03.24@11:06:05 - 1
-232, 8244, 2410
-148, 7874, 2762
-522, 8864, 3416
-1084, 9060, 2876
-1700, 9832, 4492
-808, 10738, 4154
296, 11132, 4038
-512, 10976, 4854
-1308, 11068, 6198
-392, 10170, 5622
-2132, 9478, 7362
-2188, 8364, 6446
-1876, 7212, 6664
-1686, 6606, 7866
-588, 4926, 6494
-1014, 3680, 6882
-330, 2486, 7012
352, 1064, 5534
-810, -366, 6098
62, -1194, 5036
762, -2364, 3678
-386, -3572, 2808
84, -4732, 962
302, -5520, 1040
576, -5924, -184
436, -6290, -1430
-1010, -6814, -1862
-506, -7248, -3164
-392, -7616, -3364
-534, -8200, -5578
-1530, -7866, -5530
-128, -7820, -6280
-228, -7518, -5116
102, -7474, -4552
-292, -6384, -3080
-414, -6202, -1552
304, -5054, -618
-26, -4390, 456
-256, -3358, 2756
638, -2446, 3018
1002, -1152, 4066
1152, 174, 5342
904, 1192, 5828
-566, 2768, 8546
-34, 3426, 8668
-188, 5388, 5764
-2804, 6948, 7816
-2840, 7122, 6054
-2736, 8802, 7868
-2316, 8702, 4814
-2892, 11392, 6832
-666, 11136, 3300
-3176, 11604, 4734
-3906, 11028, 5536
-4348, 9940, 6200
-1496, 9110, 4004
1268, 8702, 2472
390, 8178, 2874
-1092, 7890, 3482
*NOTE-2017.03.24@11:06:08 - 1
-1554, 7382, 2858
-1320, 8366, 3178
-1174, 8752, 2760
-1824, 9012, 2952
-1610, 9022, 3596
-1390, 10008, 4054
-1648, 11168, 5416
-1440, 11934, 6410
-1436, 11678, 5690
-2072, 11238, 6516
-2078, 10340, 6332
-2432, 9142, 6728
-1184, 7534, 5442
-1616, 6322, 7280
-796, 4666, 6526
-840, 3762, 6434
-694, 2046, 6022
-232, 1162, 5832
130, -252, 5022
-244, -1576, 4430
660, -2928, 1966
-304, -3982, 1584
-642, -5190, 760
-592, -6074, 166
-296, -6388, -1068
-14, -6770, -3140
-982, -7648, -2936
-374, -7650, -2996
-862, -7858, -2504
-1774, -7846, -4482
-1824, -7164, -5622
-1136, -7738, -5290
-46, -7334, -5114
382, -6848, -4936
104, -6672, -2136
1702, -5468, -3004
-40, -4172, -1114
-1444, -3536, 1388
-1120, -2394, 1916
-1056, -1702, 3206
-1398, 212, 3370
-2722, 1246, 6204
-2554, 2548, 5304
-4038, 4516, 8268
-4132, 6260, 7838
-4250, 7848, 7182
-4260, 8896, 6434
-4696, 9250, 6150
-5118, 10894, 5984
-4738, 10830, 6622
-3344, 11208, 4692
-3174, 11342, 4702
-4162, 10396, 6130
-3056, 9090, 5712
120, 8644, 3560
322, 8550, 3104
-1778, 8158, 3964
*NOTE-2017.03.24@11:06:11 - 1
-884, 8050, 2920
-1032, 8268, 3078
-1638, 8260, 2646
-1886, 9164, 2900
-2472, 9522, 4416
-1310, 10190, 4496
-1898, 10230, 6324
-2124, 11150, 6210
-2026, 11294, 5674
-3378, 10798, 6700
-2678, 9668, 5798
-2616, 7902, 6372
-788, 6552, 5104
-756, 5240, 6732
-414, 3216, 6154
-1180, 2714, 7566
222, 1500, 5878
-538, 480, 6198
-30, -818, 5112
622, -2228, 4626
1888, -2886, 3398
702, -3598, 2726
354, -4848, 554
-2014, -6018, 524
-2204, -6696, 632
272, -7154, -2252
-798, -7548, -1628
-452, -7904, -1826
624, -7860, -2844
-280, -7776, -3150
-684, -7978, -4448
-690, -8218, -4800
-190, -7804, -5348
-60, -7382, -4920
164, -7308, -4522
-144, -6308, -2924
1434, -6300, -2866
-150, -4170, -648
-112, -4474, 488
-732, -2968, 2342
-924, -2122, 3456
-1646, -1346, 4378
-1960, -268, 5876
-1596, 1106, 6306
-2230, 2464, 6978
-1928, 4052, 6412
-2782, 5438, 7456
-2850, 6808, 6006
-3984, 8320, 7256
-3760, 9034, 6544
-4346, 10828, 6584
-3110, 11534, 5404
-3466, 11902, 5040
-3612, 11320, 4444
-4596, 10092, 5928
-4686, 9276, 6070
-1974, 8390, 3560
232, 8566, 2598
-158, 8048, 2886
*NOTE-2017.03.24@11:06:14 - 1
-1390, 7920, 3412
-1708, 8680, 3414
-2208, 9000, 3354
-1394, 9170, 3506
-1282, 10078, 4400
-412, 10378, 4414
-1614, 10238, 5770
-2232, 10730, 6352
-1468, 10932, 6048
-1700, 9986, 6676
-2226, 9604, 6968
-2372, 8540, 7192
-1182, 6826, 6714
-1980, 5668, 7588
-2246, 4156, 6340
-1450, 3266, 6884
-126, 930, 5356
-48, 252, 5772
502, -1198, 4670
134, -2632, 3344
396, -3646, 2706
282, -4726, 1606
-258, -5296, 1010
-814, -6204, 826
-1096, -6756, -188
-528, -7120, -1312
194, -7408, -2590
1008, -7472, -3056
2108, -7554, -4038
2096, -7530, -4444
1414, -7750, -4876
554, -7546, -3844
680, -7628, -3834
-406, -6912, -2060
-292, -6464, -1968
-1210, -5660, -210
-922, -5054, 942
-824, -4684, 2360
-910, -3948, 3622
-618, -2880, 4058
-946, -1694, 4854
-1308, -272, 5618
-2308, 900, 6724
-2156, 1894, 7230
-2182, 2916, 6948
-2614, 4906, 7800
-2302, 5728, 5268
-5122, 7604, 7116
-4026, 8446, 5798
-5352, 8874, 7050
-3114, 10506, 4608
-3012, 11168, 3856
-4350, 11092, 4212
-4734, 10148, 5392
-3856, 9662, 4902
-1648, 8950, 3880
-304, 8408, 3446
-1128, 8084, 4378
-1898, 8014, 4608
*NOTE-2017.03.24@11:06:17 - 1
-1788, 8236, 3672
-1768, 9052, 2514
-1886, 8564, 2878
-1364, 8964, 2636
-1234, 9452, 3422
-842, 9370, 4020
-1814, 9618, 5168
-2894, 10222, 6386
-3054, 10306, 7364
-2410, 10222, 6966
-2468, 9266, 7194
-2192, 8326, 6448
-1918, 6856, 6800
-862, 5152, 6332
-1500, 3100, 6606
-1146, 2710, 6854
-190, 946, 5570
-1258, 214, 6930
-210, -1004, 5284
-310, -2028, 5274
94, -2924, 3520
40, -4118, 2254
-396, -4944, 1608
-324, -5652, 362
-1118, -6170, 166
-1298, -6932, -880
-290, -7158, -2674
-176, -7274, -1808
-38, -7390, -2072
634, -7660, -4048
146, -7864, -4456
208, -7508, -5394
760, -7892, -5824
1020, -7724, -5040
646, -7692, -4490
-720, -7250, -2154
644, -7402, -2792
72, -7410, 64
-54, -6464, 348
158, -6468, 978
592, -6162, 2254
1130, -5880, 2490
900, -5572, 3938
1160, -5302, 4426
892, -4468, 5166
1346, -4404, 5624
746, -3434, 6454
1012, -3612, 5928
764, -2698, 5476
-960, -2368, 6864
-712, -1148, 5690
-1754, -136, 5672
-1886, 142, 3734
-3552, 2062, 5060
-2792, 3024, 3040
-3768, 4832, 4714
-3168, 6710, 3480
-5166, 9700, 5930
-4642, 11722, 3260
-5098, 14066, 3910
-6078, 15064, 6998
-8416, 11284, 8514
-1346, 10496, 5098
414, 9654, 6026
298, 7820, 5156
-592, 7816, 3646
-1148, 8162, 2192
-1392, 8202, 1232
-1478, 8370, 818
-1434, 8284, 680
*NOTE-2017.03.24@11:06:20 - 1
-1466, 7912, 136
-1842, 7776, 560
-2508, 7356, 376
-2428, 6696, -54
-2490, 7026, 234
-2672, 7100, -134
-2914, 6652, -278
-3042, 6492, -1816
-4958, 7336, -860
-7078, 7240, 24
-9728, 7328, 3032
-7910, 5526, 2536
-3540, 4512, 1106
-3714, 4194, 1232
-2752, 4698, 894
-3432, 5372, 1272
-3612, 4206, 832
-3332, 4442, -462
-4760, 4200, -284
-8978, 5180, 3238
-7942, 5964, 2474
-6324, 6606, 720
-5724, 6902, 1504
-7188, 7112, 3034
-6688, 6326, 3130
-5700, 6470, 2658
-6392, 6550, 5886
-5938, 5240, 3100
-4692, 3606, 2292
-6838, 4850, 2610
-7070, 5106, 1614
-7496, 4870, 4024
-7102, 5202, 4014
-9610, 6652, 6978
-6822, 5072, 5856
-5330, 1974, 7048
-6116, 74, 8230
-3658, -496, 5640
-3108, -410, 4452
-2006, -1340, 3538
-4374, -1052, 6728
-2650, -1468, 5682
-2198, -764, 7610
444, -402, 7594
2060, -648, 6720
3482, -1056, 3938
-438, -854, 5284
86, -690, 3752
-1280, 812, 8560
-2734, 1924, 10838
-2018, 2238, 10426
-3968, 826, 11666
-3944, -984, 6696
-1352, 1380, 5740
-7316, 3638, 12300
1842, 1752, 8790
1522, -128, 8030
32, -404, 8086
300, 280, 8160
260, -284, 7228
886, 546, 7934
1722, 436, 6182
106, 512, 8080
-172, 620, 7484
50, 404, 8458
-588, 702, 8440
-272, 680, 8774
-92, 806, 7998
-590, 762, 8548
884, 412, 7172
272, 892, 8102
196, 1424, 8324
1084, 1680, 7866
1246, 1874, 7434
-170, 1672, 8060
-42, 2150, 7668
-986, 2648, 7942
-838, 3094, 6300
-1168, 3642, 6832
-114, 3392, 6104
182, 3068, 8940
-62, 2282, 7892
-466, 1810, 7124
854, 2330, 6736
-608, 2196, 5480
1214, -16, 3018
-1392, 3140, 9010
1278, 2994, 10020
1192, 1808, 8196
-130, 1508, 8122
24, 480, 7844
-396, 618, 8514
1006, -254, 7772
844, -996, 8074
430, -834, 7956
818, -1330, 7242
*NOTE-2017.03.24@11:06:25 - 1
344, -1846, 7212
-290, -1368, 7508
-572, -1730, 7612
-1362, -850, 8194
-412, -1090, 7000
-1762, -648, 8808
-270, -590, 7362
-38, 82, 7816
1630, 1214, 8106
2976, 1672, 9836
1370, 316, 3174
-5614, 544, 3084
-7194, 3266, 7220
-2222, 948, 3310
-6916, -238, 4896
-5992, 932, 5966
-3736, 570, 3660
-6140, -90, 3636
-8526, 516, 6252
-7732, -144, 5682
-4098, -1462, 3222
-7494, 16, 4428
-7942, -2298, 3958
-7812, -1638, 3290
-7048, -1690, 2830
-6388, -726, 2300
-9234, -402, 4718
-8772, -450, 1064
-7610, -1362, -246
-8134, -400, -564
-8664, -454, 1544
-6434, -594, 318
-8598, -588, 1498
-7536, -782, 2030
-7522, -302, 2436
-7120, -760, 958
-9066, -16, 1508
-6820, -1134, -418
-8072, -632, 514
-8062, -414, 306
-8192, -1002, -408
-8088, -434, 20
-8126, -668, -148
-8248, -290, 76
-7816, -418, -58
-8070, -134, 332
-8342, -502, 764
-8124, 200, 1010
-7746, -168, 126
-8044, -848, -62
-7604, -1042, -206
-8104, -470, -412
-8636, -504, -164
-7998, -848, -660
-8120, -1074, -438
-7910, -876, -798
-7734, -1240, -1398
-7744, -938, -1120
-7610, -1312, -1598
-7830, -1266, -1350
-7914, -1236, -1246
-7976, -1158, -740
-7842, -1156, -564
-7950, -1264, -970
-8230, -1000, -610
-8174, -1006, -444
-8242, -1120, -598
-7912, -968, -494
-7772, -796, -252
-8034, -1070, -344
-7764, -930, -234
-8256, -808, 50
-8340, -868, 214
-8186, -692, 650
-7790, -924, 156
-8086, -906, 992
-7994, -890, 1208
-7620, -1018, 1264
-7450, -710, 1956
-7302, -860, 2644
-7640, -584, 1986
-7588, -1068, 1142
-8092, -956, 720
-8396, -1014, 680
-8086, -1086, 238
-7760, -1340, 140
-8012, -1218, 418
-7924, -1268, 184
-7888, -1174, 640
-7574, -524, 1408
-7692, -1212, 128
-7938, -1318, -318
-7772, -1410, -182
-7872, -1414, -550
-8622, -1280, -724
-9702, -1096, -774
-5932, -1286, -1208
-8702, -1432, 1478
-8076, -798, 564
-8796, -924, 1204
-7850, -1222, 208
-8422, -826, 1896
-10842, -658, 3300
-8188, -1350, 4506
-5570, -2146, 3394
426, -1360, 2458
-3224, -1090, 5904
-5494, -1452, 8402
-2912, -1340, 6310
-3218, -1150, 7470
-2874, -1140, 7312
-2498, -1354, 7070
-2236, -1300, 7204
-2040, -1230, 7346
-2308, -988, 7446
-2202, -1242, 7390
-2582, -1134, 7578
-2284, -1114, 7430
-1882, -1376, 6982
-2320, -1146, 7696
-1886, -1310, 7120
-1682, -1550, 6660
-1838, -1102, 5086
-5108, -1282, 5078
-7654, -1438, 6790
-7628, -1416, 5228
-7476, -1348, 4684
-6730, -1226, 5198
-5974, -1622, 5078
-4420, -1060, 4906
-4746, -1948, 5504
-5554, -1084, 6874
-4634, -1820, 6894
-3668, -1712, 6150
-2616, -1840, 6116
-2562, -1818, 6466
-1954, -1702, 6534
-2712, -1376, 6924
-2406, -1276, 7364
-3034, -1162, 7794
-2290, -1454, 7674
-2654, -1248, 6046
-3774, -1778, 5628
-6214, -1540, 6932
-6606, -1118, 6598
-6888, -112, 6684
-4238, -606, 6418
-4406, -892, 5390
-5896, -1208, 4652
-6154, -744, 5382
-5804, -822, 5350
-5462, -496, 5212
-5966, -398, 5684
-5700, -612, 5736
-6156, -1014, 5376
-6038, -1190, 4640
-6222, -1142, 4738
-5638, -734, 6416
-4970, -1012, 5510
-4692, -650, 5358
-5496, -750, 5406
-5264, -1070, 5314
-5952, -1074, 6334
-4868, -1014, 5628
-5068, -1336, 6156
-3736, -1172, 6260
-3590, -1254, 7004
-2804, -1280, 6978
-2826, -1270, 6850
-2944, -1420, 7202
-2776, -1470, 7194
-2762, -1372, 7472
-2388, -1406, 7482
-2260, -1552, 7410
-1608, -1268, 7150
-1598, -1532, 8022
-1458, -1510, 7476
-1098, -1474, 7660
-658, -1094, 5804
-2940, -1798, 7014
-1950, -1170, 6060
-4044, -1414, 7182
-4324, -1200, 7886
-3182, -1496, 6688
-2776, -1310, 6450
-1986, -1342, 6020
-4118, -564, 6870
-3994, -624, 7850
-5462, -8, 9022
-2692, -666, 6444
-2446, -458, 6572
-2098, -1154, 6962
-826, -358, 5482
-3216, 346, 8070
-2842, 234, 8884
-524, -798, 5512
-1128, 288, 8198
-794, -102, 8026
-2164, 544, 8854
-1382, -402, 7662
-1490, -594, 6282
-2044, -572, 8158
-1620, -944, 7248
-1478, -970, 7420
-810, -616, 7322
-782, -508, 7628
-1350, -272, 7792
-1340, -490, 7722
-1118, -500, 7626
*NOTE-2017.03.24@11:06:36 - 1
-1204, -562, 7716
-1316, -534, 7714
-1192, -462, 7490
-1410, -520, 7924
-1248, -244, 7622
-1182, -528, 7836
-984, -12, 8526
-1030, -360, 7944
-714, -688, 7280
-238, -968, 7256
-1914, 2342, 9254
-578, 4118, 7364
320, 2806, 6024
-12, 1538, 8120
308, 432, 7780
-646, -1142, 8070
-674, -2472, 7028
-1244, -2658, 6990
-898, -3248, 5878
-718, -2452, 6808
-4188, 1462, 15526
42, 176, 7848
-668, 208, 7938
-866, -506, 7584
-1406, -600, 7890
-1322, -868, 8508
-1026, -1292, 6908
-976, -1816, 7324
-1444, -1764, 7182
-1120, -2188, 7670
-1766, -2234, 7368
-340, -2826, 7042
-1436, -3282, 7614
-1202, -3032, 8322
-1732, -2584, 7842
-1672, -2210, 8106
-2028, -1212, 8066
-3138, -162, 8220
-3260, 1382, 7212
-4914, 3720, 8150
-2368, 5258, 9164
-716, 5192, 4790
284, 4808, 3328
-466, 6220, 4048
-484, 6266, 908
-1016, 7464, 1684
-830, 9826, 1966
-1400, 10024, 2592
-482, 9234, 2338
638, 7922, 1122
-350, 6870, 1842
-420, 6408, 2282
-2282, 6894, 2064
-1266, 7660, 2898
688, 7190, 1150
-40, 7452, 1686
52, 7484, 1112
-326, 7184, 1284
-500, 8038, 1370
-596, 8642, 1760
488, 8284, 590
250, 9076, 1074
90, 7748, -244
256, 7744, -742
34, 7592, -1248
-770, 7562, -378
-1272, 8760, -36
-1290, 8946, -342
-1536, 8096, 278
-1372, 7892, 520
-858, 8600, -258
-1498, 8304, 518
-1606, 7302, 886
-1338, 8132, 1166
-778, 8346, 818
*NOTE-2017.03.24@11:06:39 - 1
-546, 7984, 768
-340, 7976, 466
-246, 8124, 608
26, 8002, 346
284, 7814, 264
244, 8198, 282
426, 8166, 194
282, 7870, 258
156, 7922, 794
384, 7952, 1326
26, 8396, 2770
-50, 8886, 3908
-906, 10094, 5460
298, 10598, 5090
476, 11222, 5624
-560, 11376, 5928
-844, 11190, 5512
-1264, 10838, 5798
-2154, 10076, 6134
-1442, 8548, 5184
-2284, 7320, 6642
-1112, 5386, 5786
-1524, 4306, 6972
-944, 3190, 6748
-960, 1578, 6570
-602, 794, 6596
-314, -134, 6400
722, -1268, 5342
1040, -2146, 4164
890, -3286, 3582
558, -4240, 2922
-448, -5022, 1514
-852, -6026, 436
-202, -6928, -980
-1096, -6584, -36
-858, -6584, -2016
28, -7232, -5024
-152, -7568, -6676
252, -7276, -7386
878, -7170, -6832
888, -7432, -5650
612, -6936, -4022
798, -6854, -3942
404, -6362, -1712
2156, -5136, -1888
128, -4412, 1040
-778, -4248, 2244
-500, -2398, 3178
-674, -1834, 3326
-1184, -536, 4648
-2174, -174, 5310
-3746, 894, 6430
-4426, 2434, 6808
-5138, 3866, 7418
-5670, 4418, 7070
-5746, 5830, 5890
-6692, 7020, 7068
-5074, 7794, 4526
-5452, 8896, 5046
-4786, 9262, 3552
-4566, 10352, 3770
-4676, 10314, 4276
-4946, 10402, 5264
-3558, 9714, 4806
578, 9042, 1974
1644, 8590, 1898
708, 7952, 2426
-142, 7876, 2578
-358, 8528, 2468
-288, 8250, 2142
-814, 8240, 2502
-1106, 8832, 2642
*NOTE-2017.03.24@11:06:43 - 1
-1060, 9414, 3630
-802, 10334, 4466
-302, 10896, 5922
-86, 11272, 5762
-262, 11844, 6468
-118, 11526, 6446
-282, 10468, 6036
-130, 8738, 5978
190, 7234, 6244
-928, 5714, 6052
-1116, 4320, 7130
-528, 2662, 5882
-1014, 1574, 7182
168, 206, 5586
-192, -1048, 6098
296, -1888, 4914
1308, -2380, 2664
870, -4126, 1644
166, -5594, 362
-670, -6402, 816
152, -6548, -294
130, -6800, -1144
-272, -7438, -2144
36, -7456, -3390
118, -7298, -5216
20, -7440, -5354
280, -7482, -4824
382, -7430, -4822
388, -7218, -3940
748, -7278, -3648
206, -6986, -2762
342, -6036, -1048
908, -5292, 142
656, -4766, 482
-646, -3888, 3638
190, -2990, 3112
660, -1022, 3914
826, -868, 3714
-738, 1476, 3634
-2290, 3436, 6832
-2838, 3438, 6486
-3310, 5770, 8164
-3618, 7654, 8640
-4124, 8542, 8202
-3864, 9366, 8178
-3164, 10158, 6448
-2902, 10840, 5088
-3040, 10906, 4926
-3314, 10878, 5536
-3756, 9780, 6398
-1118, 9630, 3476
1982, 8972, 1896
2820, 8048, 1682
1044, 8250, 2950
632, 8554, 3084
1272, 8604, 2422
412, 8964, 3064
*NOTE-2017.03.24@11:06:46 - 1
-294, 9024, 2464
-1048, 9236, 3210
408, 9116, 3592
-108, 10084, 5070
958, 10950, 5590
218, 10574, 5750
-840, 10446, 6900
-72, 9984, 5758
-2708, 8694, 7928
-880, 8144, 6000
-638, 6086, 5810
-1018, 4910, 7160
-934, 3408, 6532
32, 2000, 6100
140, 1300, 6512
392, 0, 5982
1126, -1102, 5338
1062, -2622, 4622
744, -3444, 3560
-358, -4566, 2854
-594, -5556, 1690
-986, -5814, 1110
-670, -6216, 428
-442, -6618, -210
-502, -6530, -710
602, -6824, -2928
752, -7450, -4476
1744, -7470, -5916
1990, -7458, -6808
1538, -7546, -6404
1512, -7438, -6096
1212, -7288, -4976
392, -7350, -3348
-264, -6226, -2166
376, -5850, -822
568, -3848, -1538
-838, -4274, 1414
40, -3202, 2320
-108, -2004, 3266
-546, -1956, 4164
-2104, 846, 4324
-4162, 1368, 7550
-4228, 2366, 6600
-4988, 4180, 8336
-4362, 5222, 6502
-6142, 5854, 8110
-4462, 8348, 5322
-5206, 9264, 6266
-4632, 10590, 4740
-6058, 10992, 4930
-6366, 10630, 5218
-6132, 9924, 5694
-5300, 9214, 5462
-2066, 8826, 2960
796, 8652, 1694
60, 8524, 2352
-1514, 7990, 3468
-2186, 8028, 3936
-1576, 8636, 2660
*NOTE-2017.03.24@11:06:49 - 1
-1736, 9176, 3028
-2144, 9122, 3932
-1462, 10434, 4470
-1668, 10734, 5632
-2168, 10996, 6018
-1928, 10986, 6140
-1520, 11060, 4962
-2034, 10402, 5860
-2746, 9162, 5842
-1960, 6946, 6974
-1474, 6470, 5826
-828, 4920, 6978
198, 3140, 5864
562, 1402, 6522
32, 910, 7512
1016, 888, 5476
2694, -458, 2744
2056, -2370, 3806
1718, -3438, 3140
1902, -4954, 1228
398, -5476, 3114
1046, -6210, 550
118, -6506, 304
-730, -7102, -914
-724, -7270, -1604
-334, -7274, -2204
-136, -7810, -3828
-44, -7652, -4212
462, -7574, -5422
1092, -7516, -6144
1170, -7628, -5494
1274, -7166, -5480
936, -7254, -3408
954, -6628, -3666
976, -7052, -2322
520, -5022, -958
60, -4934, -160
-226, -4420, 636
16, -3354, 2252
90, -2180, 4016
218, -1378, 5344
176, -482, 6508
-406, 722, 6576
-992, 2006, 7758
-1466, 3034, 8280
-946, 4848, 7152
-2208, 5568, 8580
-1774, 6680, 6912
-2070, 8228, 7056
-1108, 9152, 5274
-2004, 9686, 5364
-1656, 11336, 4524
-2072, 11790, 4426
-3294, 11316, 5594
-2838, 10158, 6220
1016, 9086, 3452
1764, 8986, 3592
*NOTE-2017.03.24@11:06:52 - 1
1326, 8362, 3386
-84, 8096, 3830
-620, 8560, 3562
-1214, 9054, 3028
-1598, 9626, 4074
-1098, 10460, 4338
-794, 11300, 5204
2, 10986, 4448
-300, 10286, 4808
-1690, 11772, 5400
-1498, 10168, 6262
-326, 9678, 5814
-354, 6190, 6216
-848, 6420, 6644
-30, 5336, 6828
-286, 3852, 7650
-442, 2994, 6842
170, 1730, 6708
1622, 1126, 5812
840, -746, 6060
244, -2000, 6058
-410, -2564, 4488
490, -3804, 3218
-974, -4352, 2730
-106, -5576, 1092
-1206, -6636, 1514
42, -6806, 76
250, -6976, -976
-368, -6970, -1410
120, -7514, -2004
766, -7624, -3362
620, -7806, -4256
554, -7614, -5272
570, -7894, -4990
1138, -7720, -5000
848, -7218, -4600
556, -7418, -4104
472, -6962, -2674
654, -6640, -508
-158, -5236, 62
-674, -5506, 1812
-290, -5262, 3162
286, -3982, 3172
-526, -2992, 4776
-464, -2520, 4698
-1270, -1338, 5382
-2114, -912, 6652
-1304, 1020, 4500
-3464, 1944, 7610
-2278, 2756, 5608
-3874, 4926, 7394
-3336, 6226, 6752
-4528, 6964, 6448
-4060, 8390, 6944
-3760, 9320, 4842
-4510, 10346, 4916
-4846, 10416, 4942
-4336, 10792, 4848
-4562, 10514, 5386
-3394, 9814, 5662
-1320, 8928, 4134
1058, 8716, 3006
130, 8150, 3422
-954, 8262, 4186
-900, 8850, 3382
-1038, 8926, 3196
-346, 9206, 3058
*NOTE-2017.03.24@11:06:55 - 1
-1370, 10192, 4352
-1080, 10268, 5032
154, 11048, 4526
-950, 10984, 5962
-1758, 10902, 5718
-1278, 10042, 5732
-2082, 9868, 5836
-2510, 6832, 5812
-1260, 5928, 6366
-1244, 5326, 7790
-346, 3684, 7274
-90, 2900, 7546
826, 1906, 6966
1294, 984, 5734
636, -206, 5876
1434, -1560, 4896
450, -2484, 3808
412, -3438, 2852
1008, -4670, 1254
40, -5900, 338
-462, -6520, -12
-458, -6614, -1338
-1018, -7122, -1240
-1250, -7966, -2666
-100, -7772, -3402
-924, -7580, -5152
-352, -7636, -5462
-696, -7678, -4740
-50, -7338, -4104
-16, -7284, -3636
-404, -7180, -1862
-1466, -7100, 726
134, -6892, -778
-470, -4294, 1730
26, -5200, 2090
1132, -3844, 1110
-392, -2484, 4478
1120, -2416, 3822
-72, -566, 6574
1230, -386, 3400
-600, 2728, 5370
-2070, 2982, 6532
-3060, 4524, 7952
-3820, 6808, 6772
-5290, 7528, 8768
-3230, 8108, 4894
-5880, 9598, 7672
-3578, 9730, 4246
-3436, 10104, 3224
-4200, 10318, 3782
-4566, 10796, 5912
-2300, 9702, 4558
234, 10116, 3376
262, 8980, 4088
-102, 8612, 3772
-500, 8588, 3400
-1040, 8624, 3460
-1006, 8768, 3234
-560, 9282, 1976
*NOTE-2017.03.24@11:06:58 - 1
-1106, 8968, 2890
-1410, 9658, 3282
-1344, 10426, 3336
-752, 10382, 4906
-1178, 10904, 5886
-1946, 10628, 5930
-2074, 11360, 6018
-2382, 10090, 6362
-1286, 8618, 5198
-482, 6638, 5260
-1080, 5470, 5978
-1318, 3750, 7344
446, 2270, 5702
96, 1638, 7194
224, 422, 6714
1146, -618, 5798
1286, -1364, 4738
1288, -2390, 4224
1820, -3192, 2708
-424, -4736, 2272
-1500, -5962, 1626
-1642, -6414, 194
-1256, -6734, -826
-466, -7078, -1744
310, -7558, -1254
620, -7580, -1434
1146, -7442, -3072
666, -7628, -3900
558, -7784, -4016
1216, -7596, -4792
934, -7302, -4622
1718, -7510, -5684
1680, -7570, -4640
802, -7134, -3072
1062, -6786, -4854
218, -5840, -2864
2034, -4786, -2606
1910, -3974, -2928
96, -3592, -1074
-1666, -1030, 3124
-1870, -918, 3454
-2456, 354, 5396
-2912, 1084, 5462
-4356, 3266, 6630
-6216, 4110, 8550
-4366, 6136, 5464
-6514, 7008, 8052
-4680, 7820, 5882
-5506, 10216, 6408
-5206, 10088, 5096
-4072, 10892, 4560
-4168, 10768, 4736
-3684, 10276, 4822
-2330, 9898, 4202
-2072, 9706, 4314
-1000, 8758, 3596
-312, 8216, 3058
-624, 8154, 2822
-852, 8136, 2392
-1014, 8484, 2934
-612, 8284, 2240
*NOTE-2017.03.24@11:07:01 - 1
-530, 8262, 2218
-1404, 8678, 2878
-1894, 8926, 3700
-1382, 10282, 3872
-206, 10678, 4380
-1218, 10516, 5862
-1434, 10464, 5932
-2034, 10496, 6396
-2556, 9520, 6484
-2954, 9522, 6668
-2190, 7066, 6940
-1130, 6076, 5806
-1468, 4964, 7256
-300, 3774, 7332
-544, 2248, 6896
-680, 1320, 6818
-202, -458, 5726
-374, -1196, 5652
62, -1974, 4866
102, -2998, 2926
-392, -4130, 3332
104, -4776, 1956
512, -5358, 672
-156, -5970, 224
438, -6524, -854
748, -7004, -2652
604, -7428, -3096
800, -7482, -4222
348, -8156, -4390
50, -8366, -5214
308, -7580, -4986
162, -7666, -3848
390, -7488, -3986
756, -7506, -3804
-300, -7452, -2150
328, -6334, -1700
896, -5724, -1514
310, -4980, 216
18, -4422, 1504
162, -4064, 2482
240, -2434, 2998
-846, -832, 4630
-2380, -1982, 6316
-1090, 528, 5634
-2482, 2002, 7586
-2078, 3104, 6288
-3738, 4538, 8556
-3870, 4700, 5418
-5918, 6542, 7336
-5168, 6986, 6208
-5224, 7724, 6110
-4656, 9604, 5998
-3074, 10256, 4124
-2820, 10654, 2660
-4674, 10580, 4080
-4468, 9444, 4570
-2408, 9002, 4316
-372, 9042, 3036
-338, 8716, 3648
*NOTE-2017.03.24@11:07:04 - 1
-434, 8354, 3288
-430, 8076, 3160
-944, 8156, 3358
-1410, 8488, 3208
-1664, 9370, 3398
-1646, 9790, 4390
-1414, 10086, 4312
-1454, 10084, 4594
-2112, 11034, 5686
-1978, 11246, 5440
-2492, 10748, 5420
-2946, 10366, 5966
-2298, 10262, 5278
-1878, 7574, 6680
-400, 6076, 6096
-928, 5774, 8100
928, 4422, 6978
1530, 3268, 6110
116, 2068, 7168
960, 676, 5792
1264, -132, 5216
1286, -1524, 3800
898, -2718, 3254
768, -4008, 2518
-22, -4748, 1088
-1326, -5800, 918
-1096, -5664, -62
-374, -6722, -2254
-1006, -7032, -2500
-990, -7700, -3408
-558, -7670, -4668
454, -7926, -5548
-472, -7896, -5444
908, -7542, -5882
68, -8178, -5408
-390, -7718, -3276
-104, -7588, -3230
-820, -5780, -1476
674, -5852, -904
1098, -4850, -534
-444, -4278, 1760
-374, -4134, 2782
-68, -2272, 3106
-406, -1694, 4286
-1538, -1016, 4842
-2456, 976, 5824
-3722, 1386, 8358
-2766, 2424, 6212
-4562, 4396, 8260
-4090, 4054, 5888
-5182, 6188, 8632
-3762, 7064, 5448
-4470, 8028, 6650
-3920, 8894, 5148
-4164, 9478, 5026
-3336, 9964, 3616
-3654, 9534, 4406
-3240, 9788, 4312
-2908, 9648, 4660
-994, 8870, 3760
1174, 8404, 2912
820, 8730, 3114
104, 8612, 3532
448, 8448, 2902
334, 8356, 2574
204, 8404, 2558
*NOTE-2017.03.24@11:07:07 - 1
-684, 8084, 3210
-1088, 9260, 3936
-1656, 10704, 4668
-908, 11188, 4326
-994, 11224, 5460
-386, 11168, 5044
-786, 10630, 5540
-2296, 9714, 6538
-3466, 9546, 7662
-2254, 7208, 6032
-1806, 5836, 6212
-2608, 5170, 7466
-1822, 3370, 6744
-1290, 2470, 6538
-1018, 770, 6622
-38, 24, 5482
322, -1024, 4708
838, -2454, 2908
-370, -3682, 3646
-112, -4530, 2840
-302, -5450, 2468
-586, -6184, 1550
-448, -6726, 670
-62, -7186, -396
-930, -7614, -140
-1370, -7170, -556
-1234, -7682, -1652
-1060, -7668, -2144
-418, -7576, -2878
-406, -7414, -3734
-378, -7954, -5768
-464, -7790, -5658
100, -7360, -5210
588, -7544, -5398
-238, -7114, -4068
64, -6956, -4028
-182, -6518, -1656
664, -6002, -1072
1494, -5320, -892
554, -4338, 1404
-104, -3828, 3204
1170, -3438, 2562
-136, -1878, 5292
288, -808, 5262
-92, 256, 5416
-1882, 1238, 8660
166, 2430, 6248
-850, 3852, 8026
-54, 5234, 7330
-1486, 5980, 7472
-930, 7630, 7408
-2124, 8978, 8018
-1524, 9342, 7860
-670, 10018, 6446
-1922, 10028, 5120
-2930, 9726, 5512
-3144, 9050, 5568
-2468, 8666, 5724
-912, 8476, 4394
58, 8272, 4228
-62, 8066, 4388
-350, 8088, 4352
-312, 8282, 4184
*NOTE-2017.03.24@11:07:10 - 1
74, 8408, 3568
88, 8594, 3116
-994, 9084, 5406
140, 9744, 4976
-1528, 10766, 7490
-592, 11386, 6296
-660, 10480, 5782
-1400, 10670, 6256
-236, 8650, 5464
-814, 7430, 6398
-282, 5940, 5760
-1094, 4860, 7898
-1174, 3904, 7192
-784, 3032, 7796
-812, 1862, 7404
-330, 770, 6522
582, -632, 5816
698, -1490, 4922
590, -2696, 3960
-20, -3658, 3132
260, -4040, 1938
-1518, -5322, 2142
-1788, -6038, 1102
-842, -6594, -442
-1040, -6746, -582
-574, -7266, -2586
-454, -7496, -3022
512, -7482, -3926
1286, -7380, -5498
1152, -7382, -6174
1140, -7600, -6020
1072, -7336, -5728
6, -7176, -3318
122, -7560, -4200
-810, -6870, -1664
-318, -6538, -2774
-950, -6264, -166
190, -5338, 284
1360, -4626, 382
458, -3500, 3124
1030, -4082, 3152
504, -1204, 3726
-1538, -330, 6134
-1782, 894, 6142
-2136, 2264, 6788
-1674, 3564, 7404
-2382, 4372, 5936
-4126, 7022, 7254
-3524, 8106, 6878
-2718, 9142, 6238
-3490, 10462, 6652
-3132, 10152, 6176
-2470, 10820, 3812
-3182, 10704, 4158
-3434, 10268, 4442
-2814, 9812, 4744
-1840, 9386, 4720
1076, 9170, 2552
1116, 8704, 2928
-376, 8470, 3648
16, 8534, 3474
-108, 8746, 3268
-1218, 8692, 3816
-476, 9450, 2890
*NOTE-2017.03.24@11:07:13 - 1
-504, 9714, 3388
-300, 9484, 4260
-1020, 10140, 4438
-662, 10174, 4312
-360, 10264, 5314
-306, 9640, 5156
-928, 8924, 5006
-1812, 8622, 6948
524, 7110, 5222
-920, 6162, 7332
-924, 5346, 7974
14, 3988, 7510
212, 3120, 7218
-466, 1882, 7948
912, 888, 6210
-118, -102, 6404
520, -1384, 5452
214, -1902, 4532
24, -3290, 3368
-702, -4598, 2426
-810, -5168, 2636
-192, -6314, 1316
130, -6348, 506
364, -6504, -686
-502, -7014, -1470
-184, -7394, -3002
448, -7404, -4142
146, -7692, -5494
664, -7820, -6704
-206, -7328, -5516
558, -7692, -5972
-48, -7250, -3806
-62, -7896, -3876
-38, -6924, -2930
-762, -7168, -1146
-694, -6558, -918
106, -6468, -550
-318, -5324, 1402
894, -4840, 122
70, -3910, 2492
-610, -3196, 3110
-688, -2102, 4162
-538, -1058, 4184
-1086, 46, 5818
-1488, 1332, 5960
-2010, 3318, 6568
-3498, 3880, 8570
-2774, 5174, 5622
-4278, 6068, 8290
-3648, 7330, 5634
-4586, 7856, 7530
-3526, 8936, 6004
-3338, 9656, 5220
-2578, 10186, 4292
-2756, 10220, 4468
-2878, 9922, 4886
-2086, 9598, 4446
-594, 9170, 3270
246, 8240, 2758
638, 8466, 2692
68, 8708, 3446
*NOTE-2017.03.24@11:07:17 - 1
164, 8634, 3464
-110, 8742, 3318
710, 8132, 3278
-192, 9020, 3580
-310, 8830, 3448
-246, 9804, 3534
-1094, 10480, 4630
-912, 10406, 4900
-854, 10342, 5572
-796, 9902, 6048
-1718, 9410, 6776
-1782, 8810, 6264
-234, 7944, 5716
-2314, 6350, 7818
-1858, 5186, 7710
-1866, 4046, 7548
-2118, 3000, 8592
-1092, 3094, 6514
-990, 778, 5728
-600, -300, 5624
-516, -1194, 4932
-12, -2662, 3836
-644, -3824, 3462
102, -4926, 2292
-550, -5350, 3022
-638, -5744, 1528
230, -6342, 626
116, -6718, 152
476, -6876, -1102
-8, -7326, -1012
-110, -7584, -2192
722, -7726, -3560
826, -7870, -4382
1464, -7292, -5466
582, -7338, -5288
1682, -7934, -4916
1506, -7654, -4832
1076, -7560, -3972
678, -7644, -3416
0, -7874, -2524
-1322, -7546, -958
-2390, -6994, 116
716, -6106, -1070
738, -6154, 1330
1402, -5236, 1262
1738, -4700, -522
278, -3134, 1566
-274, -3108, 1734
-1770, -230, 3428
-1506, 380, 3796
-2940, 1928, 5934
-3212, 3178, 6152
-3964, 4740, 8384
-3312, 6148, 5744
-5202, 7300, 8306
-4118, 8966, 6014
-6156, 9252, 8592
-3750, 10320, 5414
-3330, 10798, 4964
-3490, 10670, 4972
-3022, 10018, 5308
-2334, 9842, 4686
-1768, 9186, 5348
-606, 8210, 4268
616, 8424, 2814
-254, 8706, 3430
-1100, 8214, 3668
-618, 8430, 3262
-396, 8336, 3232
-1404, 8874, 3720
-1184, 9102, 4426
*NOTE-2017.03.24@11:07:20 - 1
-740, 10386, 4996
-830, 10524, 5504
-1562, 10606, 5270
-2954, 10448, 6628
-2134, 9798, 6250
-2478, 9500, 7086
-2552, 8390, 6016
-1666, 7082, 6480
-1048, 5898, 6702
-1112, 4280, 7798
664, 3290, 5432
-134, 2016, 6864
902, 572, 5502
124, -598, 6242
588, -1292, 6046
816, -2462, 4256
386, -3660, 3768
458, -4420, 2808
150, -5196, 1890
512, -6132, -484
-1028, -6912, 638
96, -6942, -1076
-328, -7100, -1844
-1632, -7466, -1620
-808, -7186, -2502
-270, -7330, -3530
540, -8152, -4746
778, -7634, -4750
240, -7584, -6034
742, -7322, -6304
898, -7492, -5616
368, -7188, -4484
206, -7070, -3774
-500, -7278, -1430
-140, -6540, -1786
14, -7044, -1010
-830, -5800, 1510
420, -4816, -1384
-402, -3804, 3466
1450, -3696, 2384
898, -2532, 3160
316, -1088, 4506
-434, 48, 4582
-1742, 1182, 6742
-918, 2476, 6566
-1606, 4166, 8904
880, 5694, 6166
-700, 7240, 9080
514, 7902, 6252
-1788, 9892, 9116
-376, 10288, 5676
-1832, 10426, 7156
-770, 10716, 5288
-1300, 10650, 4910
-2202, 9860, 6560
-808, 9046, 5510
552, 8372, 4098
-390, 8372, 5154
-504, 8460, 4614
-62, 8420, 3396
424, 8476, 2366
506, 8444, 3664
*NOTE-2017.03.24@11:07:23 - 1
-504, 8632, 4580
-812, 9926, 4826
272, 10468, 4376
-516, 10428, 5884
-1628, 10480, 6706
-1126, 10082, 6338
-798, 9622, 5524
-1154, 8406, 6470
-618, 7248, 6162
-464, 5918, 5940
-908, 4874, 7158
-388, 3578, 6852
-480, 2410, 6860
-356, 1024, 6870
166, 530, 5998
424, -642, 5742
-370, -1562, 6640
1264, -3008, 2730
-154, -4138, 2408
-550, -5104, 2332
-496, -5910, 1496
70, -6220, 834
-578, -6778, 330
-844, -6776, -958
-580, -7374, -1952
-508, -7590, -2190
-124, -7234, -4080
-438, -7472, -5160
-502, -7424, -5990
634, -7614, -7972
424, -7014, -6164
938, -7534, -6010
334, -7278, -3322
-126, -7752, -3126
-424, -7392, -1736
-324, -7174, -1152
-680, -6428, -660
76, -6188, -538
122, -5522, -500
-272, -4974, 940
-14, -4092, 1414
-1028, -3166, 2222
-442, -1712, 2814
-1346, -130, 3414
-1682, 1200, 4806
-1848, 2880, 6300
-1768, 4204, 5530
-3984, 6958, 8904
-3324, 8214, 6330
-4692, 9880, 8510
-3116, 11358, 5856
-3192, 12442, 5434
-3456, 12456, 5046
-3816, 12856, 6788
-4294, 10674, 7652
-908, 10286, 6116
1576, 9714, 5582
600, 8570, 5464
-586, 8554, 4180
*NOTE-2017.03.24@11:07:26 - 1
-1174, 8806, 3338
-1312, 8600, 2890
-1846, 8872, 2888
-1550, 9462, 1742
-1496, 8888, 2028
-492, 6910, 1148
-1934, 7068, 3848
512, 6120, 2176
-538, 5590, 3888
410, 5010, 3734
728, 4920, 2720
1934, 5438, 2092
-986, 5236, 5196
-626, 5176, 3462
-980, 6198, 3502
-4200, 10268, 9496
-1596, 5492, 4244
1304, 8072, 7068
-2402, 2354, 7004
-3666, 1244, 7714
-3090, 1806, 7228
-2186, 2158, 6994
-2142, 1664, 7346
-2710, 1972, 6948
-3886, 1126, 8588
4068, -652, -1546
368, 556, 9864
-4348, -2826, 6980
3732, 2728, 7870
4034, 836, 5122
880, 302, 9182
4786, 498, 6660
2646, 702, 6980
3230, 892, 6656
2884, 416, 8716
3110, 466, 7284
2910, 1018, 7478
2738, 886, 6850
3062, 858, 6508
2770, 1110, 7426
3174, 1334, 7270
2886, 1386, 7758
3204, 1378, 6466
3130, 664, 7364
2754, 890, 7258
2886, 1240, 7348
2920, 1022, 7764
3274, 1062, 7258
1954, 634, 8110
2032, 654, 8312
3036, 90, 8066
2916, 932, 8938
2256, 580, 7496
-1512, 222, 14728
5334, 1888, 6096
1074, -1700, 6396
-854, -642, 10172
896, 138, 10518
3676, -1230, 6428
1650, -332, 6846
782, -904, 6256
1032, -2456, 5212
1896, -3818, 4564
2478, -4196, 4044
222, -3700, 6290
-2142, -2812, 6678
-3620, -320, 7688
-4488, 880, 8886
-2224, 2696, 6694
-2854, 3340, 7678
-306, 2996, 4090
-10418, 3890, 21810
2730, 7572, 10396
1442, 572, 8014
276, 952, 7802
-752, 786, 7618
-1450, 370, 8802
-828, 1240, 9618

-----------------------------------------------
Date: 24.03.2017 - 11:07:30
End log file
