Terminal log file
Date: 24.03.2017 - 13:55:43
-----------------------------------------------

%~>daq start

 DAQ started.
%~>quit
%~>-1264, 7770, 1878
-1228, 7752, 1958
-1332, 7534, 2150
-926, 7362, 2754
-1034, 7628, 2922
-2468, 8020, 3810
-2650, 7990, 3466
-2342, 7700, 3372
-3118, 7430, 3292
-3242, 6998, 3104
-3352, 6320, 2738
-3468, 5774, 2454
-3552, 5288, 2984
-3422, 5364, 2660
-3502, 5254, 2510
-3684, 5588, 2532
-3514, 5802, 2408
-4202, 5694, 2900
-4142, 6180, 3092
-4018, 6316, 3300
-3400, 6552, 2742
-3938, 6864, 3170
-4006, 6800, 3020
-3862, 6828, 3680
-3438, 7252, 3744
-5258, 6332, 3772
-4966, 6462, 3754
-3232, 6050, 3344
-2944, 5852, 3506
-2042, 5892, 3444
-4018, 5884, 5248
-3082, 5918, 5134
-2348, 6456, 4120
-2652, 6078, 5158
*NOTE-2017.03.24@13:55:44 - 1
-1836, 6108, 4374
-2522, 6458, 5142
-1986, 6546, 4456
-2030, 6490, 4170
-1478, 6544, 3652
-1722, 6594, 2926
-3068, 6702, 4108
-3324, 7096, 2944
-3234, 6152, 3022
-3106, 6582, 2200
-3292, 6418, 2154
-2604, 6656, 1490
-2800, 7088, 1612
-2988, 7068, 1646
-2896, 7340, 1372
-3346, 7558, 2554
-3740, 7482, 3912
-2060, 7686, 3844
-3732, 7420, 6048
596, 7254, 1498
2874, 7660, -482
-278, 7354, 2312
-1712, 7434, 2588
-1940, 8028, 2282
-1190, 7628, 628
-1244, 7592, 138
-1824, 8250, 962
-1664, 8414, 512
-1650, 8814, 198
-1696, 8914, -2
-1600, 8288, -36
-1576, 7920, 524
-1330, 7956, 666
-1432, 7978, 482
-1638, 8330, 362
-2030, 7522, 1040
-2126, 7450, 1882
-1156, 8020, 1540
-596, 7798, 1238
-1096, 7566, 1686
*NOTE-2017.03.24@13:55:46 - 1
-1132, 7794, 1986
-296, 7450, 1108
-480, 7392, 2090
-1066, 7628, 3580
-874, 7906, 3760
-758, 8358, 4704
174, 8390, 4106
-1102, 8632, 6064
-1344, 9316, 6490
-602, 9240, 6436
-1032, 9206, 7302
-576, 9050, 7410
-1690, 8666, 8228
-2490, 8104, 8814
-1486, 6928, 7996
-2074, 6300, 7082
-2184, 4908, 7046
-3052, 3116, 7008
-1508, 1852, 5982
-1938, 906, 6394
-266, -560, 4938
-446, -1838, 3842
-292, -3188, 2974
2, -4012, 1978
6, -5070, 1892
-18, -5538, 1644
-94, -5974, 896
1598, -6198, -134
1264, -6556, -838
1354, -6798, -1880
2604, -7448, -3918
2814, -7212, -6048
4376, -7396, -8410
3402, -7262, -6082
2650, -6640, -4334
2042, -6806, -2894
918, -6968, -1306
1114, -6184, -746
-64, -5414, 1124
1038, -4998, -254
-1750, -4310, 1668
-2470, -3932, 2858
-1974, -2730, 2730
-1814, -1978, 2506
-3878, 140, 3944
-3534, 1622, 3890
-6124, 1866, 6094
-4056, 4712, 4350
-6638, 6264, 4784
-6616, 7234, 4884
-8624, 8846, 6624
-7332, 8774, 4620
-8016, 9146, 6640
-5566, 9590, 4608
-3236, 9838, 4444
-3888, 10304, 5272
-4344, 9456, 7130
622, 8814, 2848
1036, 7846, 2364
-682, 7988, 4072
116, 8678, 3104
-568, 8306, 3562
*NOTE-2017.03.24@13:55:49 - 1
-692, 8806, 3596
-1706, 8698, 4500
-1526, 9834, 4394
-1010, 9768, 4710
-936, 10454, 5486
-1332, 10668, 6406
-930, 10598, 6932
-1556, 10146, 7248
-1330, 9140, 6808
-1532, 7414, 6228
-1448, 5732, 6700
-1302, 4722, 6400
-1704, 2896, 6654
-1544, 1852, 6564
-2090, -50, 6890
-988, -816, 5808
-372, -1442, 4410
-880, -2950, 4542
-1032, -3790, 4552
790, -3998, 1840
570, -5062, 808
632, -5754, -300
1024, -6554, -1500
1128, -7506, -2736
1320, -7286, -3162
2112, -7392, -3986
2526, -7378, -5504
2666, -7528, -5434
2722, -7484, -4964
1712, -6962, -3552
804, -6942, -2454
1276, -6276, -1946
528, -5326, 150
-66, -4306, 694
-582, -4022, 2100
-1548, -3016, 3538
-978, -2126, 2776
-2988, -1674, 4246
-4404, -498, 6388
-3828, 292, 6164
-3084, 2022, 6316
-3892, 3612, 7250
-4526, 4562, 7640
-6284, 6262, 8520
-5696, 7464, 6986
-6184, 6748, 6484
-6522, 8084, 7392
-5402, 8354, 4998
-3962, 8398, 4372
-4970, 8706, 5626
-4964, 8848, 5906
-2976, 8334, 4456
-1128, 8504, 3058
418, 8202, 1948
*NOTE-2017.03.24@13:55:52 - 1
4, 8344, 1998
898, 8328, 1242
-92, 8536, 2420
-574, 8058, 3578
-754, 8454, 4172
-1966, 9264, 4718
-1486, 9908, 5456
-1692, 10522, 5616
-1558, 11100, 5528
-1630, 11010, 6214
-1414, 10838, 5790
-1660, 9790, 6382
-1816, 8924, 6670
-1722, 8210, 7506
-1010, 6058, 7198
-334, 5026, 7020
-482, 3808, 6850
-182, 2716, 6812
724, 1006, 5610
1428, -244, 5086
1274, -1458, 5096
482, -3110, 3674
-1350, -3936, 3364
-834, -4854, 1868
-794, -5616, 1460
388, -5944, -96
-608, -6578, 398
-90, -6880, -218
1224, -7102, -2470
3642, -7246, -4284
3780, -6944, -4368
3598, -7180, -5678
2512, -7244, -3888
2032, -7262, -3328
1296, -7052, -2244
940, -7042, -1384
-118, -5998, 674
-484, -5748, 2022
176, -5036, 1382
574, -3878, 2396
-820, -3450, 4188
-1046, -2738, 4532
-1154, -2322, 4482
-3278, -1156, 8618
-1336, -198, 6996
130, 2134, 6708
-732, 3024, 7562
-2384, 3316, 7700
-3266, 6014, 8536
-2810, 7140, 6592
-4092, 7194, 7826
-2492, 9238, 5124
-3230, 8424, 5138
-2782, 9982, 4968
-1886, 10012, 3222
-3244, 10648, 5060
-3966, 9710, 6278
-2184, 9054, 6520
224, 9142, 5482
*NOTE-2017.03.24@13:55:55 - 1
650, 8304, 5416
-872, 8044, 5320
-1492, 8948, 5572
-1414, 9926, 4630
-1752, 10104, 5238
-2064, 10150, 5800
-2306, 10904, 5644
-2174, 10874, 6700
-1936, 10196, 6456
-2294, 9714, 8304
-1026, 8956, 7330
-958, 6718, 7400
-422, 5966, 6960
-558, 3714, 5814
-550, 2114, 5420
-170, 188, 5040
622, -780, 3916
226, -2258, 4180
364, -3664, 3374
-396, -4518, 3022
-892, -5026, 2090
-872, -5838, 956
-138, -6148, -190
690, -6328, -402
1102, -6532, -890
2442, -6972, -1588
2708, -7036, -3210
3862, -7062, -5204
4070, -7428, -6466
2596, -7328, -5070
2340, -7244, -4210
2042, -7092, -4428
2202, -6690, -4178
896, -6426, -2772
1202, -5340, -2908
-194, -4414, -1030
-1152, -3378, 1072
-2724, -3300, 3706
-2480, -2232, 4132
-2532, -1154, 2912
-4958, -286, 5490
-6014, -242, 6580
-4500, 1970, 4552
-4826, 2716, 5826
-5446, 4930, 6818
-5934, 6466, 6232
-5336, 7944, 4604
-7792, 8480, 7534
-5760, 9048, 4356
-6440, 9314, 4706
-4638, 9012, 4150
-4618, 9684, 3748
-5828, 9646, 6402
-5624, 8990, 5916
-1442, 8428, 3934
*NOTE-2017.03.24@13:55:58 - 1
2782, 8176, 2464
190, 8142, 4354
-118, 8170, 4572
-1200, 8800, 4032
-2330, 9234, 5114
-1754, 9760, 4458
-2132, 10086, 5100
-2142, 10620, 5094
-2110, 10516, 5650
-1018, 9734, 5774
-2832, 9288, 6900
-2424, 8350, 7470
-2364, 7556, 8150
-1606, 6880, 7518
-1390, 5526, 6864
-920, 3856, 6440
-726, 2082, 6102
-672, 656, 6044
-568, -876, 5006
342, -2254, 3898
-748, -3534, 3460
-676, -4180, 2928
110, -4994, 1630
-178, -5896, 376
-164, -6124, 634
186, -6620, -452
940, -6420, -1544
1234, -6880, -2196
2310, -7202, -3108
3002, -7280, -4552
3438, -7310, -5142
4508, -7362, -6262
3114, -7046, -4940
1842, -6962, -3580
2302, -6638, -3770
596, -6118, -2268
326, -5676, -1708
-2282, -5396, 706
-1208, -5206, 222
-2682, -4484, 2984
-1716, -3798, 4314
-670, -2398, 4242
-2056, -1986, 5540
-2172, -822, 5994
-2154, 350, 5688
-2044, 2030, 4412
-4634, 2486, 7112
-5412, 5938, 6738
-6782, 6658, 5106
-8168, 6500, 5240
-7678, 8368, 4976
-6960, 8804, 4674
-6942, 10032, 4864
-5518, 8628, 4742
-2652, 9210, 3252
-2338, 9312, 4050
-4006, 9748, 6240
-2524, 9348, 5408
342, 8572, 4134
*NOTE-2017.03.24@13:56:01 - 1
-220, 8288, 4452
-1886, 8654, 5160
-1990, 8708, 3662
-2334, 8486, 4312
-1814, 9190, 4160
-1818, 9720, 4868
-2388, 9356, 5294
-2506, 9574, 5478
-3086, 9262, 6732
-3126, 8964, 7272
-3236, 8506, 9816
-2116, 7036, 7564
-1106, 6150, 6864
-1004, 4880, 7190
-482, 3454, 6172
-1008, 2326, 7224
-856, 900, 6896
-2224, -274, 8820
1348, -804, 3536
2678, -2536, 2406
-456, -3598, 4358
598, -4576, 1672
426, -5624, -208
-490, -6432, 42
502, -6762, -1200
1874, -6830, -1896
1442, -7178, -2802
1362, -7728, -3380
972, -7926, -3686
1330, -7840, -5430
1272, -7314, -5260
1076, -7674, -4496
616, -7500, -3802
-426, -6950, -1754
558, -6292, -2260
-768, -6140, 1322
348, -5202, 778
1290, -4996, 940
496, -3508, 3294
-396, -2750, 4362
-38, -2058, 3642
-756, -1174, 5826
-1552, 154, 7802
-768, 1536, 7058
-622, 4184, 5958
-1204, 4030, 6754
-2498, 5750, 8690
-3542, 7240, 8736
-3554, 6754, 6992
-3736, 8678, 7362
-3494, 8560, 5502
-4010, 9738, 4746
-3474, 8802, 4758
-3476, 9212, 4864
-4006, 9460, 5338
-3792, 9338, 5972
-458, 8788, 4136
*NOTE-2017.03.24@13:56:04 - 1
398, 8112, 4074
-106, 7848, 4476
-120, 8518, 4068
-12, 8502, 3640
-732, 8914, 3860
-1094, 8970, 3292
-2082, 8556, 4718
-2078, 9284, 5372
-1494, 10106, 5374
-1812, 10070, 6498
-1572, 9752, 6188
-1332, 8942, 6658
-1420, 7376, 5896
-768, 7550, 6990
-548, 5330, 6326
-2056, 4420, 8206
-1266, 2664, 6890
-646, 1864, 7104
-1778, 558, 7600
-594, 46, 5428
-1352, -2392, 5400
-1246, -2390, 5300
-1224, -3402, 4628
-642, -4046, 4048
-200, -4696, 3296
-342, -5050, 2046
294, -5544, 574
338, -6256, 88
524, -6222, -1462
1126, -6848, -2482
1334, -7416, -2786
2886, -7420, -4946
3562, -6874, -6660
3642, -7472, -5316
4008, -7214, -5298
2950, -7250, -5070
2388, -7168, -4616
1244, -7242, -3250
620, -7270, -1476
-534, -6326, 348
1272, -6386, -1158
-438, -6134, 640
-1768, -5898, 1774
-1444, -4706, 3000
-2336, -4564, 4866
1044, -4240, 3164
-334, -2854, 4202
-848, -1748, 4538
-2630, -1512, 6592
-1450, 120, 5586
-2718, 1406, 6690
-2414, 2704, 6484
-4396, 4268, 7832
-4584, 6000, 6730
-4784, 6806, 6470
-4822, 8518, 5840
-3476, 9730, 5546
-3770, 10242, 4870
-3140, 10302, 4630
-2908, 10044, 3954
-4722, 10574, 7308
-2858, 9580, 5400
812, 8892, 3520
*NOTE-2017.03.24@13:56:07 - 1
524, 8612, 4104
402, 8034, 4148
-364, 8150, 4612
-1122, 8238, 4068
-2170, 9000, 4202
-1754, 9168, 4290
-1706, 10162, 4998
-1358, 10466, 4942
-1276, 10498, 5280
-1166, 10420, 5906
-1262, 9676, 6618
-884, 8772, 6934
-1068, 8338, 7300
-798, 7070, 6974
-970, 5950, 7864
54, 4782, 6636
-980, 2888, 7864
-12, 1914, 5744
148, 260, 5778
-1084, -1160, 6168
774, -1880, 4412
946, -2748, 3746
1338, -3496, 2834
982, -4716, 2196
156, -5676, 1838
-456, -6078, 1586
1150, -6314, -942
1356, -6640, -1966
754, -6744, -1400
1704, -7090, -3278
2200, -7342, -4516
2574, -7756, -5812
3110, -7350, -6054
2568, -7622, -4832
2866, -7148, -4542
1792, -7134, -3870
2368, -6854, -4576
1544, -6336, -3296
1604, -6038, -2858
-762, -4532, 1836
-1272, -5090, 1294
-1718, -4104, 2444
-1828, -3774, 2990
-2878, -3048, 3996
-1956, -1448, 4376
-4362, -646, 6282
-2692, 106, 5466
-4144, 1644, 6246
-5496, 1850, 7812
-4870, 3738, 6838
-5238, 5462, 5868
-6698, 5928, 5446
-7504, 6798, 4264
-7554, 7816, 4224
-6500, 8690, 4442
-3868, 9096, 2960
-4494, 10754, 3860
-4540, 10348, 4866
-4198, 9942, 6774
*NOTE-2017.03.24@13:56:10 - 1
1778, 9102, 3336
2392, 9096, 3364
-734, 8618, 5480
180, 8468, 5040
-1102, 8806, 4916
-2206, 8708, 5194
-1928, 9668, 4532
-1860, 10704, 4824
-1620, 10620, 4908
-1570, 10516, 5450
-1618, 10172, 6088
-2614, 9464, 7236
-1612, 8532, 6286
-874, 7342, 6694
-1052, 6174, 6458
-1594, 5140, 7092
-1078, 3646, 6496
-1198, 2002, 6752
-1252, 832, 6228
-1564, -666, 6522
-2044, -1176, 6568
1330, -2382, 3308
-306, -3212, 3294
-486, -4402, 2246
-302, -5024, 1478
-198, -5354, 1014
1080, -5974, -304
1676, -6838, -2890
702, -7004, -1766
1026, -7124, -3402
1388, -7304, -4086
2888, -7014, -6878
2234, -7440, -7796
1854, -7378, -6402
1332, -7262, -5696
1082, -7258, -4326
794, -7164, -2826
100, -6358, -1676
-32, -5936, -770
946, -5820, -848
-1504, -4922, 1928
-2178, -5020, 3542
160, -3560, 2164
-1278, -2868, 5430
-1328, -3126, 6864
12, -1804, 5418
-646, 792, 5842
-2158, 1026, 9024
118, 1880, 6752
-364, 3940, 6920
-1060, 5332, 7058
-1192, 6176, 6490
-266, 8938, 4700
-3584, 8024, 7140
-2230, 10166, 5898
-638, 10742, 4714
-504, 10652, 3908
-2414, 10474, 4624
-3218, 10118, 5484
-3192, 9646, 6474
-368, 9494, 4658
*NOTE-2017.03.24@13:56:13 - 1
794, 9090, 4154
-84, 8048, 3992
-448, 8250, 3738
-112, 8508, 3292
-1132, 8798, 3816
-1084, 9534, 3650
-932, 9576, 4410
-804, 9938, 4540
-428, 10374, 4752
-352, 10168, 5614
-928, 9458, 6332
66, 8932, 5642
-1366, 7770, 6410
-1090, 6788, 7284
-1662, 6076, 7882
-1002, 4740, 7500
-1894, 3278, 7828
-1288, 2398, 7494
-1182, 630, 6810
-1580, -454, 7004
-808, -1472, 6162
198, -1906, 4808
156, -3182, 4262
530, -4248, 2858
-76, -5222, 2010
-730, -5556, 1004
-754, -6128, 618
-290, -6810, -1166
812, -6828, -2372
1200, -6900, -2836
2154, -7190, -3144
3058, -7066, -4156
4716, -7228, -5196
4630, -6568, -5782
4612, -7038, -5168
3958, -6754, -4614
3260, -6906, -3836
2030, -6468, -3156
656, -6286, -1372
1040, -5744, -1774
-260, -5566, -1296
-354, -4436, 482
-1754, -3434, 1928
-2062, -3002, 3030
-2450, -2010, 3740
-2870, -128, 3808
-5176, 368, 5972
-4630, 2690, 4540
-5128, 3200, 4618
-7426, 4772, 7370
-7106, 7528, 6216
-7090, 7368, 4810
-8240, 8210, 6912
-6866, 8838, 5146
-7002, 8608, 6498
-3978, 9054, 4178
-2874, 9170, 4942
-3258, 9198, 5108
-2032, 9552, 4290
-184, 8972, 2410
308, 8444, 1850
*NOTE-2017.03.24@13:56:16 - 1
-456, 8004, 2302
-546, 8212, 2148
-990, 7668, 2460
-1738, 7674, 3304
-1478, 7718, 3374
-1756, 7968, 4088
-1900, 8712, 4348
-2236, 10584, 4820
-1072, 12240, 3370
-1594, 10692, 4612
-1572, 11008, 5358
-1086, 10918, 5292
-1412, 10178, 6648
-1478, 9216, 6970
-1410, 9300, 7508
-1288, 6730, 8030
-1334, 6122, 7618
-1516, 3874, 7954
-710, 3334, 6294
-1294, 1398, 6806
-892, -126, 6114
-1144, -1102, 5362
-262, -2380, 3642
-886, -3016, 3782
778, -4038, 1674
338, -5046, 2444
396, -5622, 1526
400, -6346, 352
274, -6632, -446
2106, -6736, -2856
788, -6512, -3262
2356, -7726, -6086
2644, -7460, -6518
3210, -7368, -6276
2362, -7540, -4970
2264, -7290, -4336
1920, -7216, -3612
658, -6416, -1720
2300, -6492, -2314
192, -5414, -1014
1722, -5256, -1312
-1612, -3744, 1620
-1802, -3250, 2716
-2476, -732, 4042
-3926, -790, 5178
-2998, 1244, 4556
-4622, 2646, 6248
-5750, 3234, 7778
-5388, 5794, 6826
-7236, 5788, 7678
-7738, 9336, 7742
-7502, 7756, 7516
-5860, 9712, 6112
-3780, 9868, 4066
-4620, 10018, 5690
-3906, 10194, 5374
-3174, 9818, 5454
-1008, 9454, 4346
926, 8770, 2826
-164, 8144, 3202
-944, 7630, 3028
*NOTE-2017.03.24@13:56:19 - 1
-560, 8022, 3014
-648, 7804, 3522
-1380, 7972, 4462
-1952, 9098, 5476
-1070, 10088, 3988
-1414, 10734, 4824
-1408, 10524, 4996
-1898, 10582, 5950
-762, 10276, 4898
-1600, 9610, 7292
-1792, 8804, 7180
-932, 8120, 6646
-1816, 6442, 7166
-1486, 5502, 6754
-1988, 3944, 6836
-1384, 2302, 6370
-1264, 948, 6442
-956, -258, 5974
-784, -1652, 5102
-1092, -2804, 4702
-1026, -3588, 3498
-1720, -4390, 4278
-1228, -5012, 2464
-692, -5410, 308
-966, -5990, 332
-442, -6904, -348
-128, -6376, -702
1618, -6572, -2022
2334, -7148, -3592
2470, -7220, -4042
3830, -7488, -4732
3676, -6992, -4972
3522, -7594, -4482
3234, -7264, -4254
1968, -7140, -3120
1168, -7190, -2312
580, -7004, -1670
-596, -6874, -1454
-236, -6672, -1076
-2300, -5566, 774
-774, -5878, -982
-1798, -4228, 1924
-1988, -3506, 3598
-986, -1886, 3110
-1542, -1188, 3696
-2688, 450, 5362
-1974, 1528, 4884
-3760, 2696, 6616
-5638, 4110, 9636
-4572, 6124, 6256
-6174, 6990, 6066
-6832, 7118, 5632
-7420, 8796, 6428
-5666, 9346, 3136
-3788, 9410, 3410
-4122, 9534, 3586
-4102, 9196, 4404
-3754, 9754, 5374
-2248, 9468, 4996
*NOTE-2017.03.24@13:56:22 - 1
1244, 8872, 1932
952, 8252, 2650
-154, 8406, 2584
-854, 8062, 2288
-980, 7550, 2976
-1248, 7626, 4022
-704, 8486, 3976
-2106, 9680, 5180
-1746, 10168, 5028
-948, 11506, 5004
-1114, 11600, 5762
-1442, 11470, 5868
-1698, 10702, 6066
-1588, 9934, 6228
-1656, 9042, 6816
-1204, 7528, 7574
-1036, 6024, 7026
-1172, 4916, 7010
-1126, 3106, 6824
-416, 1620, 6176
-1114, -148, 6936
36, -928, 5738
150, -1250, 4694
-976, -3008, 3326
-1118, -4072, 1880
-1442, -4994, 1660
-1666, -5422, 1618
-194, -6006, 254
-106, -6614, -64
906, -6898, -1254
1676, -6760, -2198
2018, -7408, -3144
2868, -7340, -4518
4280, -7476, -5946
3750, -7432, -5988
3148, -7332, -5222
2026, -7144, -4414
1866, -7160, -4022
1368, -6970, -2762
-568, -6306, -642
666, -5978, -1862
-2482, -6840, 1440
334, -5592, 156
-980, -4632, 1630
-302, -3150, 2900
-668, -1894, 5198
1012, -1524, 3802
-12, 730, 3648
-1424, 1464, 5612
-3058, 2364, 6616
-3326, 4320, 6784
-6630, 5548, 9670
-5150, 7638, 5382
-7254, 7196, 7898
-5698, 8872, 6496
-5896, 9284, 6222
-4502, 10002, 5846
-1696, 9550, 3524
-1420, 10018, 3614
-2954, 9932, 5166
-2560, 9680, 5418
-34, 9536, 3290
*NOTE-2017.03.24@13:56:25 - 1
438, 8598, 3372
-318, 8478, 3848
-986, 8184, 3944
-1300, 8214, 4056
-588, 8516, 3376
-2412, 9290, 5292
-1264, 9832, 4286
-1244, 10938, 5230
-1130, 10740, 5328
-1684, 10824, 6300
-1140, 10212, 6124
-2062, 9516, 7228
-1704, 8476, 5784
-2142, 7220, 8064
-1396, 5868, 7366
-1292, 4676, 6756
-1402, 3098, 6746
-904, 1398, 5732
-944, -356, 6014
-1388, -1326, 6248
-814, -2096, 4154
-1268, -3306, 4026
-926, -3936, 2446
-110, -4912, 954
-1008, -5678, 1254
104, -6216, -388
312, -7004, -596
840, -6968, -1502
650, -6890, -1324
1146, -7214, -2002
2928, -7292, -4068
3396, -7602, -5232
3926, -7618, -5392
3708, -7392, -5190
2796, -7374, -4838
2272, -7300, -4744
1612, -6972, -4158
980, -6346, -2860
1314, -5592, -2868
414, -4798, -990
326, -3618, -866
-850, -2086, 2036
-1138, -1272, 3240
-1722, -198, 4538
-2394, 1436, 5364
-5886, 450, 10566
-1848, 3922, 5546
-2264, 5102, 6164
-3196, 5694, 9356
-1610, 8348, 5996
-3000, 8752, 7538
-2710, 9744, 5816
-3400, 10438, 7764
-1010, 11366, 4996
46, 11190, 4056
-1902, 10686, 4484
-2970, 9916, 5038
-1070, 9256, 3960
1202, 8670, 1896
-942, 8650, 2310
-596, 8158, 1544
*NOTE-2017.03.24@13:56:28 - 1
-698, 8290, 1692
-868, 8220, 2090
-1214, 7756, 3056
-338, 8160, 3480
-1298, 9298, 4806
-748, 9052, 3250
-2274, 9970, 4414
-1964, 11484, 3900
-1010, 10852, 3772
-1868, 10968, 5114
-1432, 10728, 4854
-1862, 9870, 6566
-2046, 9652, 6838
-1730, 8746, 6584
-1220, 7434, 7608
-868, 6134, 7270
-1422, 4356, 8098
-534, 3324, 7304
-600, 1444, 8418
800, 1500, 6160
1958, -128, 5480
1050, -1338, 4652
918, -2804, 4210
260, -3888, 3690
10, -4638, 1894
-326, -5194, 1378
-414, -6020, 582
-1404, -6362, 24
-1414, -6306, -1928
896, -6940, -5646
1484, -7300, -6528
1684, -7336, -7330
2020, -6976, -6988
2936, -7140, -6334
3398, -7094, -5864
1824, -7036, -4916
1314, -6614, -4206
1174, -6986, -3620
576, -5694, -2280
1406, -5102, -2942
-980, -3716, -434
-1530, -2874, 2580
-720, -2246, 3228
-1900, -1624, 3920
-1796, 156, 4514
-3902, 902, 6946
-3252, 2386, 7354
-3228, 4530, 7046
-3578, 3892, 7200
-4614, 7346, 9830
-4452, 7732, 5694
-8040, 9322, 10220
-4036, 9724, 3836
-3640, 10370, 3234
-5440, 10982, 5056
-5646, 10540, 5456
-5396, 9876, 6682
-2176, 9104, 4806
188, 8664, 4208
*NOTE-2017.03.24@13:56:31 - 1
1070, 8412, 3698
-428, 8348, 4308
-746, 8040, 3788
-1962, 7324, 4190
-1822, 8690, 2464
-2880, 8364, 2586
-2136, 7782, 1896
-2056, 8022, 2020
-960, 8150, 1350
-1162, 7084, 3332
1008, 6964, 1226
3342, 5708, 666
1346, 4754, 1108
-1058, 4844, 1508
-572, 6390, 900
-2320, 6810, 4078
4, 6876, 5808
1540, -5632, -1242
-4720, 1706, 10238
-5656, 984, 8696
-3376, 1828, 5800
-4528, 1068, 7050
-3892, 754, 6910
-4544, 244, 8240
-3748, 142, 7998
-3940, 136, 6528
-2108, 1054, 5946
-2178, 1042, 6602
6702, 2404, 1528
92, -2548, 7064
404, 164, 9590
3108, -936, 8138
2398, 566, 6458
3920, 1762, 5242
2436, 1366, 5428
4668, 3530, 7278
5054, 3954, 3062
2232, 274, 9596
4184, -486, 9844
3014, 710, 6630
3094, 1470, 6950
3906, 2216, 6990
3770, 872, 7160
2428, 1186, 6974
1714, 1308, 7990
3828, 1046, 7544
4078, 1128, 7418
3414, 1044, 7404
3010, 1768, 6400
3588, 1890, 7310
2924, 1444, 7324
3078, 2074, 8324
2412, 300, 8494
2306, 2106, 10820
3210, 344, 9744
2102, -1596, 4020
12836, -1508, 1052
38, -5516, 4736
986, -4518, 4094
-2300, -4378, 4762
-1392, -1688, 5242
-2294, 594, 5892
-5302, 5288, 10542
-2654, 3522, 7232
-472, 2296, 7434
-1322, 858, 7872
108, -444, 8410
-158, -1166, 7524
-1398, -1844, 7522
-928, -1448, 7700
-1988, -1002, 8020
-1500, -812, 5840
-4890, -614, 7228
-4898, -1310, 7216
-5776, -1452, 8808
-3778, -1472, 5894
-3858, -1206, 6008
-5058, -1054, 5556
-4810, -928, 4802
-7820, -1072, 6890
*NOTE-2017.03.24@13:56:35 - 1
-5832, -1068, 5490
-5706, -1050, 4642
-6160, -1034, 5604
-5678, -1132, 4500
-4228, -1526, 4024
-5554, -1570, 3630
-6540, -1432, 3672
-7740, -1772, 3358
-7352, -1238, 3408
-7114, -1768, 3050
-6688, -1754, 2838
-7862, -1596, 3686
-7160, -1818, 1126
-8210, -1924, 3382
-7564, -2456, 484
-7374, -2366, 1020
-8444, -2018, 2748
-7312, -1360, 2212
-6960, -1878, 1694
-6568, -1950, 1232
-7198, -1312, 2652
-7444, -1916, 1668
-8002, -1498, 2584
-7910, -1420, 2800
-7398, -1344, 2626
-7652, -1220, 3290
-7206, -1464, 2756
-6920, -1160, 2734
-7152, -1650, 3242
-6658, -1714, 2856
-7228, -1448, 3306
-6982, -1358, 3294
-6816, -1016, 4348
-7426, -1588, 3742
-6424, -1116, 3748
-7284, -1428, 3334
-6918, -1730, 2938
-7604, -1842, 3318
-7030, -1720, 2554
-7280, -1736, 2458
-7510, -1854, 2586
-7302, -1734, 2450
-7302, -1662, 2638
-7236, -1696, 2490
-7234, -1644, 2372
-7380, -1712, 2394
-6708, -1716, 1526
-8168, -1858, 3164
-7494, -1618, 1624
-8188, -1750, 1788
-7600, -1540, 1308
-7902, -1840, 1282
-7412, -1592, 1016
-7860, -1598, 1296
-7858, -1632, 1180
-7712, -1616, 1220
-7702, -1668, 1366
-7684, -1626, 1288
-7560, -1614, 1054
-7738, -1698, 1092
-7432, -1616, 564
-7590, -1680, 788
-8184, -1606, 550
-7964, -1472, 392
-7792, -1634, 194
-7334, -1550, -470
-7406, -1692, -678
-8404, -1492, -528
-8226, -1574, -802
-8768, -1442, -628
-8160, -1374, -466
-8184, -1546, -554
-7748, -1538, -184
-7284, -1020, 60
-7658, -1752, 528
-8062, -1470, 866
-7264, -1564, 786
-7546, -1536, 424
-8330, -1550, 1272
-8002, -1650, 1368
-7646, -1782, 1488
-7576, -1418, 2224
-7066, -1546, 1454
-7582, -1652, 1772
-7688, -1858, 1512
-7574, -1942, 1242
-7766, -1928, 1526
-7548, -2010, 1602
-7554, -2058, 1796
-7416, -1866, 1878
-7324, -1986, 1660
-7362, -2034, 1696
-7522, -1996, 1562
-7378, -1934, 1686
-7404, -1898, 1878
-7306, -1880, 1336
-7664, -2018, 760
-7620, -1910, 668
-7638, -1760, 136
-8656, -1654, 414
-8262, -1794, -172
-8366, -1800, 64
-7840, -1806, -192
-7824, -1840, -188
-7862, -1866, 8
-7648, -1752, 222
-7744, -1850, 216
-7836, -1786, 402
-7654, -1890, 216
-7726, -1830, 316
-7202, -1296, -300
-8356, -2008, -1054
-7966, -1754, 72
-8860, -1848, -482
-8398, -1844, -894
-8110, -2040, -554
-8438, -1874, 46
-7832, -1996, 844
-7556, -2152, 1482
-6522, -1714, 2336
-6300, -1820, 3394
-6834, -2146, 3022
-7084, -1996, 3452
-6524, -2038, 2712
-6856, -1830, 3574
-7092, -2024, 3602
-6918, -1852, 3694
-6976, -2074, 3000
-7542, -1956, 3650
-7388, -1830, 4478
-6690, -1792, 4600
-6662, -2278, 5972
-5264, -692, 4344
-1062, -1702, 4696
-3754, -1898, 6870
-2298, -2306, 6758
-626, -1848, 7210
466, -2120, 7278
356, -2170, 6664
1064, -2216, 7512
1138, -2286, 6746
738, -2236, 7578
852, -2054, 7742
914, -2046, 7412
850, -1996, 7730
784, -2002, 7672
720, -1934, 7674
884, -1740, 7660
698, -1970, 7540
-880, -1854, 7966
-136, -2128, 7086
122, -2282, 7710
-1290, -1920, 7748
-1454, -1462, 8610
-1294, -1992, 7698
-1698, -1926, 8110
-1108, -2316, 6898
-2126, -2308, 8092
-820, -1966, 7532
-1666, -1978, 7852
-2516, -2164, 7950
-1630, -2410, 7296
-1312, -2202, 7958
644, -2280, 7412
558, -2278, 6972
1242, -2324, 7456
1636, -2116, 7430
1968, -2142, 7244
2060, -1962, 6688
942, -1900, 7782
1846, -2214, 7446
500, -2658, 7046
130, -2688, 7362
772, -2356, 7614
444, -2428, 7656
408, -2460, 7376
198, -2564, 7562
446, -2414, 7382
462, -2480, 7360
310, -2522, 7436
374, -2434, 7432
346, -2344, 7450
482, -2348, 7456
238, -2370, 7584
292, -2346, 7426
326, -2392, 7520
184, -2426, 7588
238, -2300, 7352
154, -2444, 7446
60, -2406, 7534
114, -2468, 7502
280, -2404, 7650
336, -2164, 7470
264, -2374, 7380
144, -2328, 7864
376, -2320, 7546
360, -2320, 7566
482, -2280, 7248
1124, -2260, 7570
-24, -2484, 6674
-64, -2712, 7862
796, -3386, 6026
-988, -3408, 7612
-838, -2592, 6788
-1926, -2814, 6702
-3238, -1740, 7372
-2648, -1308, 6700
-2646, -218, 7088
-3018, -56, 7016
-2888, 844, 7262
-2876, 1534, 7380
-2964, 1348, 7348
-2708, 818, 7104
-2584, 340, 7382
-2446, 118, 7374
-3202, 280, 8160
-2024, 406, 7154
-1308, 672, 7808
-2362, 860, 8138
-2088, 1540, 8412
-1886, 2184, 7960
*NOTE-2017.03.24@13:56:46 - 1
-1860, 1002, 7254
-1908, 800, 7448
-2116, -192, 7074
-2060, -1322, 6886
-2174, -1890, 7192
-2326, -2156, 7594
-3034, -2286, 7554
-3704, -1416, 7256
-4210, -1134, 7436
-4018, -1010, 7464
-3784, -1112, 6232
-3292, -2968, 5466
-3380, -4454, 5628
-3874, -4322, 6338
-2412, -2544, 6562
-2498, -1320, 7212
-2536, 190, 8580
-1436, 1112, 8934
366, 200, 5148
-1782, 694, 8238
-2206, -2136, 9070
1342, -1494, 6330
-2972, -556, 9286
-336, -34, 7544
-2602, -442, 10320
762, -1752, 5578
-304, 1262, 7650
-2594, 2702, 8298
-966, -852, 6346
1012, 1280, 9130
-188, 1236, 7908
-2586, 314, 8642
-836, 282, 7396
-2908, 112, 8724
-664, -1114, 6494
-1010, -674, 7050
-1758, -1290, 8686
-2196, -2108, 8400
306, -2808, 6382
-1270, -2346, 7888
-1448, -3032, 7344
-1272, -4124, 7182
-1448, -3666, 8138
-2350, -5134, 8162
-1214, -4324, 7994
-1222, -3954, 8462
-1806, -3938, 8470
-1474, -2664, 7526
-1714, -1394, 6634
-2120, 1858, 6294
-7028, 5236, 4532
-8116, 4374, 2996
-6114, 4272, 3894
-7296, 3106, -1290
-11308, 3796, 1234
-8452, 2760, 1366
-7308, 2702, 744
-6584, 3768, -296
-7628, 2320, 2444
-4848, 3984, 848
-2342, 5806, 1824
-7620, 6702, 4256
-5248, 6640, 1828
-824, 4172, -1698
-2210, 6274, 844
-4314, 7398, 3416
-2118, 8152, 3932
1070, 8838, 916
-318, 10492, 16
48, 7744, -1488
-2742, 8670, 2296
-5468, 9436, 2190
-2322, 7544, -1294
-2324, 7916, -364
-6106, 7286, -1262
-5178, 7560, 1410
-2146, 6682, -684
-2370, 8442, -408
-110, 8516, 406
674, 7216, 1142
340, 8118, 2400
284, 8194, 2332
1182, 8236, 1480
1254, 8478, 1548
864, 8336, 2004
664, 7712, 1876
640, 8134, 1656
698, 7864, 868
546, 7850, 986
594, 7728, 1068
438, 7634, 1666
394, 7706, 1864
*NOTE-2017.03.24@13:56:50 - 1
508, 7754, 2464
470, 7642, 3668
224, 7856, 4682
-306, 9074, 5194
-102, 9296, 5758
-792, 9258, 7134
-1552, 9812, 7548
-1384, 9774, 7524
-2732, 9746, 8270
-5102, 9374, 9598
-592, 8914, 6424
580, 7462, 6126
-618, 5806, 6612
-1852, 4706, 6502
-530, 2012, 5994
-580, 748, 6116
-754, -762, 6014
-1438, -1770, 6032
-1870, -3050, 5322
-1324, -3546, 3440
722, -4138, 2604
292, -4836, 2360
424, -5328, 1272
164, -5942, -242
934, -5874, -794
1632, -6160, -2078
2600, -6832, -3202
3666, -6984, -5202
2452, -6760, -3716
4566, -6684, -5994
4862, -7216, -7778
3000, -7330, -4794
1872, -7288, -4652
938, -7162, -3630
330, -6874, -3198
-688, -6558, -198
830, -6340, -1222
1708, -5362, -1134
274, -4882, 1564
-688, -3788, 3518
984, -2954, 2782
-524, -2196, 5466
-466, -1748, 5772
-500, -578, 5904
-1406, 476, 6950
-668, 2054, 7556
-1630, 3904, 7336
-1892, 4446, 6932
-2260, 6340, 6890
-3470, 7238, 7318
-4436, 7624, 7490
-4310, 8768, 6812
-3840, 9430, 5242
-3262, 9770, 4448
-3628, 10086, 4834
-4868, 10284, 5994
-2958, 8724, 6974
-1096, 9116, 5578
2096, 8172, 3614
84, 8438, 4260
192, 8216, 3820
*NOTE-2017.03.24@13:56:54 - 1
-74, 8572, 3792
-908, 8524, 4288
-1654, 9360, 5162
-238, 10778, 4200
-538, 10744, 5340
54, 10480, 5208
-550, 11062, 6472
136, 10508, 6524
-454, 9536, 6616
-728, 8310, 7622
-476, 6704, 7188
-1182, 4876, 9150
666, 5294, 6458
-172, 2286, 6648
222, 1182, 5826
142, 8, 5096
-702, -1562, 6234
-286, -2380, 3956
-234, -3388, 4170
-316, -4642, 3258
284, -5046, 1668
556, -5466, 954
-108, -5632, 1594
-204, -5814, 2066
-250, -6292, -1986
1524, -6384, -4758
1626, -6576, -5004
3194, -6696, -6398
3072, -6780, -7904
3096, -7090, -7360
2820, -6930, -6554
2630, -6704, -5320
736, -6812, -3496
396, -7176, -1364
1108, -7002, -1452
1196, -6770, 290
-114, -6352, 1600
186, -6230, 444
596, -4696, -274
-454, -3494, 956
-934, -3376, 2156
-2530, -2902, 4448
-3346, -1802, 5892
-2498, -294, 6132
-2646, 1612, 4916
-3158, 2234, 6438
-2718, 3448, 5610
-5114, 4754, 7086
-6694, 5426, 8578
-5462, 7498, 4068
-7712, 7676, 8090
-5764, 8806, 4138
-4886, 9412, 3918
-4996, 9500, 3650
-4712, 9904, 3650
-6246, 10074, 6734
-5064, 8712, 6260
776, 8620, 2488
1910, 8788, 3644
-976, 8260, 6396
-464, 8432, 4698
*NOTE-2017.03.24@13:56:57 - 1
-952, 8902, 4220
-1808, 9594, 5568
-1410, 10932, 5236
-376, 11262, 4612
-992, 11090, 5254
-708, 11152, 5966
-252, 10446, 6358
-372, 9008, 6288
-6, 7732, 6410
-480, 6522, 7090
-112, 5140, 6936
-696, 3626, 7198
198, 2276, 7428
830, 1486, 5868
510, 108, 6040
54, -1144, 6066
426, -2172, 4418
-660, -3108, 5198
-90, -3794, 4564
-366, -4900, 2962
-194, -5664, 1680
-158, -5958, 270
8, -6218, -882
776, -6140, -1348
2352, -6492, -3096
2350, -7044, -3274
3224, -7004, -4402
4246, -6920, -6302
3272, -7356, -5330
2638, -7254, -5282
1988, -7164, -4306
1482, -7232, -3748
434, -6650, -2606
1602, -5928, -3666
-1386, -5296, -558
-436, -4902, -674
-74, -4502, 1218
-1960, -3444, 4652
-1766, -3132, 4498
-530, -1960, 2896
-2698, -1006, 6584
-2942, -46, 5672
-2744, 1034, 6064
-3298, 3310, 7128
-2954, 4232, 5724
-4458, 6188, 6968
-6238, 7534, 6960
-6786, 8052, 6860
-5820, 9178, 5608
-5702, 9372, 5338
-4632, 9756, 4762
-3390, 9784, 3876
-3402, 9786, 4230
-3886, 9376, 4912
-2776, 9032, 4994
-510, 8754, 3590
238, 8192, 3196
*NOTE-2017.03.24@13:57:00 - 1
-902, 8186, 4366
-906, 7872, 4554
-818, 8530, 4060
-2324, 9130, 5766
-1712, 9844, 5138
-1620, 10830, 5416
-376, 11306, 4626
-1790, 10898, 5838
-1084, 10356, 5038
-1090, 9722, 6186
-476, 8540, 6090
-774, 7328, 6896
-560, 5946, 7072
-762, 5090, 7740
-178, 3724, 6268
-50, 2524, 7348
-156, 938, 7130
-744, -50, 6710
-668, -1312, 5890
-314, -2216, 4740
-698, -3080, 4584
-320, -4104, 3448
638, -4702, 2672
388, -5178, 790
-182, -6132, 80
-102, -6518, -840
332, -6694, -1180
910, -6980, -2770
1934, -7508, -3666
2118, -7756, -4416
2312, -7446, -5010
3474, -7474, -5488
3286, -7310, -3882
2648, -7230, -3516
2254, -7012, -3004
1024, -6482, -1588
1152, -5816, -2352
-750, -5184, -166
-1090, -5098, 222
-1932, -3496, 2342
-2544, -3694, 4864
-1302, -1938, 3036
-1694, -1526, 5112
-2320, -266, 5430
-2668, 1214, 5884
-3002, 3284, 5016
-5784, 2602, 8344
-4494, 6678, 5366
-5470, 7090, 5518
-4626, 8592, 6332
-5802, 9424, 7314
-4056, 10002, 5242
-4126, 10232, 5482
-3614, 9974, 4682
-2992, 9616, 5172
-2144, 9500, 4974
-1648, 9378, 5216
180, 8560, 4054
-18, 8168, 4282
*NOTE-2017.03.24@13:57:02 - 1
-1042, 8082, 5022
-806, 8400, 4266
-2010, 8008, 4008
-2180, 9698, 4716
-1926, 10198, 4938
-936, 9996, 4980
-914, 10084, 5356
-1574, 10130, 6498
-802, 10098, 6048
-648, 9516, 6334
-586, 8108, 6264
-1502, 6668, 7514
-378, 5816, 7722
-578, 4942, 7664
206, 3692, 6642
548, 2422, 6134
-200, 386, 6366
-1034, -168, 6376
-788, -1834, 5458
-34, -2134, 4146
-982, -3648, 4036
-526, -4644, 2946
-280, -4990, 1928
582, -5708, 546
540, -6154, -366
174, -6802, -942
614, -6758, -2214
1776, -7202, -3174
1106, -7244, -3586
1382, -6682, -5400
2390, -8034, -6398
2758, -7376, -5672
2768, -7448, -4712
2438, -6794, -3822
974, -6830, -2376
974, -6134, -2310
-246, -5458, -540
-338, -5040, -184
-1224, -4490, 2020
-1506, -3588, 3176
-192, -2988, 2734
-1534, -1380, 5068
-3256, -1300, 8316
-1146, 326, 5062
-1272, 2584, 5174
-3634, 2264, 7650
-3876, 3294, 8958
-3206, 7610, 5072
-5114, 5898, 7842
-4600, 9334, 5480
-5044, 9094, 6134
-4348, 10858, 4602
-4294, 10224, 4632
-4582, 10404, 4450
-3930, 9738, 4510
-3026, 9350, 4174
-1876, 9200, 3956
-626, 9088, 3444
-46, 8592, 3198
*NOTE-2017.03.24@13:57:05 - 1
-670, 8290, 3736
200, 8114, 3532
88, 8110, 4020
-8, 8858, 3636
-1812, 8966, 3874
-2250, 9620, 4996
-874, 10940, 4396
88, 11832, 5066
-326, 11558, 5376
-174, 11588, 5216
568, 10402, 4864
-194, 9330, 6108
10, 7856, 7244
316, 6126, 6702
-512, 5560, 7116
-548, 4246, 6642
-852, 2878, 7450
184, 1270, 6048
-188, 224, 6084
-572, -1408, 6790
-206, -1694, 6178
864, -3060, 4262
-708, -3876, 4284
946, -4364, 1848
164, -5340, 1912
-8, -5552, 1274
836, -6174, -600
854, -6456, -840
1394, -6612, -2582
1068, -6898, -2722
2728, -6956, -5712
3540, -7000, -7198
3450, -7600, -7072
3530, -7012, -5944
2834, -6966, -5308
2786, -6958, -4166
1902, -6738, -1994
1744, -6562, -2148
2304, -6150, -2536
692, -5206, -1154
-294, -4706, -1032
-1088, -3622, 776
-2026, -2706, 2884
-1684, -1858, 2478
-2160, -1012, 3160
-4160, 1438, 5764
-2950, 710, 4024
-3296, 4116, 5404
-4552, 5302, 7170
-4936, 7466, 6932
-6406, 9236, 8246
-5978, 9732, 6062
-7960, 10220, 8248
-5576, 10572, 5258
-3846, 10422, 3056
-5712, 10104, 5194
-4658, 9694, 4894
-3496, 8934, 4596
-1716, 8216, 3122
-78, 8494, 2730
12, 8754, 2796
*NOTE-2017.03.24@13:57:08 - 1
-440, 8328, 3350
-642, 8218, 3664
-1204, 8260, 4332
-2752, 8450, 3908
-2310, 9788, 3312
-2390, 9618, 4500
-828, 11180, 3136
-280, 11152, 3968
-652, 10312, 4318
-878, 10048, 5368
-1370, 8882, 6944
-508, 9000, 7800
-262, 8810, 6710
1450, 6740, 6260
1362, 5654, 6182
-16, 3658, 7308
228, 3142, 7358
680, 848, 6410
-144, -4, 7440
688, -662, 6420
790, -1346, 5288
1502, -2722, 4584
312, -3842, 3426
46, -4878, 2228
472, -5196, 980
242, -6238, -138
592, -6514, -948
500, -6834, -1534
818, -7268, -2492
1204, -7316, -3054
158, -7314, -2846
2634, -7236, -5692
2932, -7026, -6192
3928, -7324, -6616
2692, -7054, -5466
2144, -6976, -4266
2262, -6474, -4176
580, -6584, -2648
802, -5674, -2516
496, -4964, -2104
-1952, -3188, 2022
54, -3450, 778
-2678, -2256, 3100
-2484, -2418, 4016
-4276, -476, 5954
-2062, -24, 3822
-3558, 2558, 5804
-3806, 3810, 6582
-4724, 5320, 8298
-4774, 7168, 5818
-6360, 7794, 6794
-6124, 9558, 5742
-6560, 9718, 5586
-6688, 10118, 4962
-5662, 10094, 4200
-5322, 9702, 4154
-4548, 9352, 4176
-3216, 9470, 4440
-2080, 8956, 3922
-844, 8562, 3068
-616, 8156, 2956
*NOTE-2017.03.24@13:57:11 - 1
-516, 7822, 3582
-1110, 7608, 4130
-1272, 8056, 3894
-2260, 8380, 3758
-3434, 9476, 4162
-2494, 10238, 3808
-1870, 10542, 3998
-1690, 10484, 4754
-2572, 10780, 6182
-1936, 10956, 6136
-1404, 10060, 6048
-2190, 8838, 6786
-2224, 7662, 7264
-362, 6182, 6192
-582, 5426, 7568
-1854, 4060, 7616
-408, 3038, 6920
-276, 916, 7118
-762, 298, 6894
-408, -650, 6368
-330, -2092, 5150
-642, -2262, 3872
-172, -4200, 3096
-542, -4430, 2620
-420, -5282, 1586
844, -5916, -650
388, -6134, -644
1448, -6660, -1934
1900, -7336, -2804
1432, -7406, -2264
2868, -6864, -4504
3338, -7178, -5628
3838, -7080, -6336
3298, -7468, -5772
2786, -7190, -5512
1742, -7134, -4456
1304, -6504, -3806
874, -5930, -2388
582, -4968, -1476
294, -4022, -566
-1140, -2790, 2498
-1942, -3788, 4860
1322, -2840, 3214
1948, -952, 4960
598, 384, 5882
-906, 1492, 7354
-504, 3184, 7868
-704, 4788, 5734
-2156, 5648, 9062
-992, 7236, 6738
-2402, 9308, 7500
-1558, 9808, 5552
-3042, 10508, 5972
-2906, 11254, 5442
-2300, 11212, 3716
-3494, 11118, 5012
-2922, 10128, 4912
-1302, 9542, 4856
0, 8822, 3710
*NOTE-2017.03.24@13:57:14 - 1
750, 8842, 2988
6, 8314, 3888
-98, 7822, 4734
-770, 8006, 4808
-706, 9168, 3484
-2794, 8852, 4246
-2304, 9860, 4208
-1956, 10580, 5022
-1108, 11158, 5204
-694, 11318, 5120
-1238, 11336, 5940
-486, 10748, 5510
-746, 9608, 7114
224, 9070, 6742
3786, 7156, 4686
2876, 5924, 6616
1934, 3606, 6326
1484, 3222, 7580
3276, 1354, 4698
2034, -16, 5818
1546, -1170, 5362
962, -2222, 4652
1004, -3620, 3766
-392, -4410, 3700
180, -4856, 1314
612, -5032, -8
426, -6236, -1464
-146, -6674, -1010
894, -6806, -2710
404, -7036, -1994
686, -7540, -3260
1748, -7824, -5040
1928, -7092, -5140
2978, -7320, -6794
2358, -7708, -8078
2380, -7490, -7578
1320, -6870, -6136
872, -6744, -4934
-14, -6970, -3194
-214, -5522, -1530
474, -5022, -760
516, -4052, -364
-270, -3374, 2062
398, -2816, 2826
564, -2330, 3984
-6, -904, 4408
208, 1094, 5132
-706, 1954, 6796
-1540, 3134, 7132
-664, 6160, 5260
-3000, 7482, 5630
-5972, 8798, 8488
-6670, 9028, 8828
-5566, 10436, 6742
-5484, 10532, 7074
-4602, 10670, 6268
-3180, 10366, 4686
-3284, 10070, 4704
-3298, 8966, 4972
-2528, 8654, 4776
-1094, 8388, 3602
*NOTE-2017.03.24@13:57:18 - 1
-1206, 8346, 4044
-1632, 7942, 4326
-1978, 8086, 4384
-2256, 7858, 4198
-2500, 9150, 5056
-1626, 9792, 4628
-1362, 11004, 5298
-1888, 11112, 5874
-1544, 11460, 5906
-476, 11364, 6920
-1036, 9346, 5998
-382, 7736, 5890
-1452, 6620, 6942
-854, 5410, 7452
-1308, 4792, 6884
512, 3094, 6652
430, 1714, 6546
30, -74, 7838
754, -474, 5656
400, -1934, 4806
358, -2836, 4050
834, -3550, 2784
318, -4800, 2660
774, -5156, 332
292, -6166, -422
-972, -6706, 108
190, -6820, -774
516, -7558, -1152
620, -7868, -1758
286, -7604, -2532
1112, -7634, -4536
1804, -8016, -5488
2458, -7728, -5274
1692, -7752, -4520
1708, -7050, -3396
1244, -6932, -2634
1256, -6732, -2332
1466, -5816, -1850
2028, -4626, -1590
578, -3288, 800
-880, -2924, 1604
-2238, -2274, 3498
-2754, -1332, 3190
-4258, -520, 6480
-2636, 1518, 3548
-6188, 2822, 5572
-7426, 5054, 5828
-7978, 5562, 4068
-9956, 6048, 5014
-10388, 8840, 6000
-9412, 7558, 4892
-9356, 8490, 6120
-6500, 8406, 4006
-4766, 8784, 3578
-3146, 9044, 3002
-2772, 10028, 3820
-2314, 9168, 3236
-1626, 9032, 2898
-702, 8726, 2468
*NOTE-2017.03.24@13:57:20 - 1
502, 8466, 2254
-392, 8496, 3112
-356, 7896, 2804
-402, 8038, 3098
-814, 8000, 3260
-1360, 8150, 3672
-520, 9400, 2970
-1326, 9562, 2862
-2786, 10654, 4992
-2072, 9862, 4914
-2626, 11126, 6024
-2058, 9990, 7062
-2786, 8774, 7488
-3274, 10404, 9386
-1800, 9030, 5930
-1398, 6678, 7976
-1472, 5310, 7806
-1000, 4226, 6434
214, 2992, 6146
-198, 816, 5934
-1248, -1026, 8636
-590, 864, 6138
978, -1782, 1512
60, -3600, 2768
1240, -4076, 768
1476, -4892, 334
940, -5912, -616
690, -6636, -1234
-42, -7002, -608
810, -7190, -1522
602, -7446, -2100
1160, -7826, -3150
1658, -7766, -3620
2816, -7612, -4166
2368, -7524, -4028
3578, -7876, -5148
1746, -7388, -3584
1990, -7134, -3908
1888, -6364, -3304
1380, -6228, -2162
676, -5150, -1188
-194, -4362, -70
-928, -3298, 696
-1866, -2272, 3194
-2608, -2602, 5064
-1384, -506, 3692
-4366, 504, 7192
-3184, 1190, 7988
-4018, 2156, 7984
-1504, 4542, 6166
-4468, 4392, 10656
-2504, 7540, 5190
-3626, 7724, 7348
-3308, 9632, 7068
-3704, 9902, 6180
-1040, 9636, 3052
-2554, 10092, 4632
-2334, 10558, 4020
-2706, 10120, 6340
-2064, 9328, 6698
-122, 8912, 5388
*NOTE-2017.03.24@13:57:23 - 1
130, 8480, 5216
-596, 7922, 4438
-936, 8100, 4136
-904, 8222, 4312
-1848, 8934, 4782
-2772, 10600, 6372
-174, 11396, 5626
1810, 10900, 4730
328, 11108, 5762
474, 10734, 5682
-394, 9212, 6264
-1902, 8296, 7740
1510, 6644, 6046
2010, 5584, 6716
1164, 4614, 6488
2494, 2906, 6152
1516, 1230, 6000
536, -30, 6250
1062, -1516, 5906
716, -2150, 4868
-168, -3638, 4744
-22, -4492, 3476
-1134, -5414, 3660
-412, -5710, 2040
278, -5796, 1194
230, -6630, 1148
776, -7034, -520
770, -6902, -952
992, -7540, -1692
1600, -7172, -2286
2562, -7472, -2494
2750, -7362, -2470
3132, -7548, -3914
3718, -7650, -4942
1774, -7668, -3846
1912, -7784, -4414
1426, -7290, -4050
1404, -6982, -3216
1344, -6150, -2874
1458, -5586, -2868
-2262, -4724, 2642
-278, -4450, 572
-502, -3296, 2000
-1456, -2308, 3326
-2770, -1638, 4994
-3088, -774, 6244
-1978, 1034, 5208
-3394, 2310, 7334
-2210, 2644, 6246
-3546, 6058, 8352
-4666, 6970, 6978
-5008, 8338, 6870
-5854, 9758, 8808
-5392, 9926, 6608
-4070, 10060, 5292
-3330, 10418, 4904
-3532, 10082, 5672
-2530, 9340, 4700
-1968, 9102, 4782
-1016, 8738, 4314
1270, 8466, 2782
438, 8588, 3260
*NOTE-2017.03.24@13:57:27 - 1
-8, 7960, 3898
232, 8382, 3692
-930, 8076, 4044
-1860, 8732, 4212
-1682, 9700, 4392
-1888, 10836, 4848
-906, 10090, 4488
-1694, 10822, 6306
-1490, 10876, 6160
-1212, 10204, 6250
-412, 9350, 6258
-2296, 6730, 6768
-690, 7740, 7180
-738, 5526, 7908
-1392, 4270, 7680
-570, 3194, 6994
-948, 1940, 6256
-1640, 392, 7146
-1306, -1004, 6456
606, -1752, 3744
-70, -3378, 3776
202, -3668, 2362
76, -4834, 2024
1062, -5588, -424
78, -5760, -594
128, -6798, -1618
866, -7074, -2228
420, -7462, -2090
2030, -7590, -3554
2594, -7514, -4728
2456, -7264, -4936
2942, -7460, -4438
2704, -7198, -4036
1790, -7100, -3154
1434, -6860, -2916
2806, -6358, -3284
1022, -5466, -1312
544, -4698, -1634
-1564, -3040, 1898
-1490, -2438, 2702
-2794, -1900, 3332
-2776, -966, 4338
-4716, -152, 6638
-2924, 1330, 4136
-5574, 2870, 8332
-3066, 4034, 5710
-4890, 5850, 7764
-4816, 6676, 6294
-6188, 8164, 7662
-6184, 8554, 6526
-5640, 9276, 7102
-2714, 9914, 3226
-5714, 10266, 7224
-1422, 9392, 2940
-2574, 10054, 5634
-900, 9384, 4452
422, 8712, 3422
656, 8622, 3252
*NOTE-2017.03.24@13:57:30 - 1
480, 8800, 2626
298, 7786, 2728
-1556, 7934, 4690
-1942, 8202, 4402
-2144, 8726, 4016
-2494, 9270, 4546
-1956, 10126, 4356
-1562, 10502, 5136
-1290, 10512, 4980
-1326, 10220, 5198
-1030, 9786, 5512
-606, 9138, 6320
264, 8200, 6080
660, 6800, 6224
644, 5926, 7782
-190, 5064, 8114
-1438, 3878, 8282
190, 2972, 7394
-344, 1242, 7148
-556, 590, 6508
-618, -1270, 5584
-846, -2644, 4938
-1314, -3044, 4584
-208, -4054, 3026
-536, -4474, 1304
-1264, -6160, 946
-1268, -6616, 100
66, -6814, -932
218, -7046, -1334
722, -7004, -2500
1652, -7122, -3166
3144, -7372, -4744
2638, -7312, -3520
3620, -7220, -4650
2634, -7280, -3822
2058, -7300, -3966
1528, -7158, -3424
1742, -6356, -3392
1854, -5984, -2802
672, -4340, -1658
-542, -3772, -696
-1910, -3046, 1392
-3384, -2328, 3704
-2920, -1734, 3358
-3906, -1034, 6170
-4716, 656, 7456
-4446, 992, 7256
-4126, 4254, 7110
-3950, 3554, 7312
-3522, 5596, 8220
-4774, 7744, 7490
-4556, 7258, 7002
-4666, 8754, 6226
-2982, 9376, 4678
-718, 10204, 2844
-2240, 10478, 3576
-2846, 10866, 4798
-2050, 10300, 4924
-1084, 9556, 4654
*NOTE-2017.03.24@13:57:32 - 1
284, 9014, 3518
464, 8858, 3684
-34, 8556, 3818
-444, 8004, 3768
-84, 8318, 3780
-1176, 8352, 3688
-1966, 8578, 3434
-2046, 9080, 3928
-2212, 9802, 4444
-996, 10866, 4460
-1482, 10734, 5584
-1490, 10664, 5666
-1284, 10092, 5598
-1026, 9132, 6068
-1342, 8510, 5938
-550, 7240, 6758
526, 6014, 6464
-718, 4602, 8402
-692, 3460, 7172
-32, 2196, 6922
-794, 660, 7096
-606, -216, 6424
-1232, -1568, 5548
-1210, -2720, 5132
-1368, -4068, 4608
-904, -3772, 2872
-142, -4840, 2408
-16, -5366, 1490
-70, -6190, 540
606, -6616, -1160
-694, -6962, -1340
24, -7804, -1736
812, -7272, -1246
2468, -7154, -2160
3034, -7218, -3066
3906, -7436, -3932
4334, -7540, -4256
3030, -7382, -3742
2970, -7358, -4226
2204, -6958, -3400
2076, -7068, -3256
1622, -6430, -2926
1344, -6140, -2342
-904, -5282, 6
-1074, -4304, 694
-1188, -4980, 1066
-1838, -3332, 3654
-1380, -1890, 3404
-2038, -512, 3998
-2902, -346, 4764
-6174, 408, 9172
-2932, 3102, 4832
-6236, 4264, 7670
-5018, 5642, 5168
-6652, 7044, 7300
-4362, 7872, 4518
-7546, 9356, 6224
-4808, 9852, 3476
-4428, 10218, 4246
-3742, 10474, 4210
-3516, 10084, 5798
-2386, 9108, 6026
-1466, 9086, 5742
-1108, 8756, 5482
*NOTE-2017.03.24@13:57:36 - 1
-2106, 8362, 5108
-1766, 7836, 4112
-2062, 7638, 4010
-2178, 7852, 3492
-2360, 8364, 2946
-1114, 7930, 1318
-3472, 7066, 4064
-1502, 6736, 2062
-1850, 6498, 2922
458, 4868, 1548
-620, 5238, 3670
-72, 5366, 2110
-598, 6030, 2836
-1472, 7624, 3320
-2700, 5930, 3758
-4574, 6456, 8214
-3358, 5092, 6870
-4292, 3658, 12300
314, 1912, 7242
-672, 4120, 9078
-2012, 1952, 9156
-908, 822, 7172
-742, 922, 6972
-1316, 960, 7304
-268, 2284, 7982
812, 1844, 7336
1958, 1308, 7176
2130, 836, 8010
3004, 134, 8166
2064, -100, 8414
3460, 278, 7648
3400, 742, 6566
2628, 1154, 6850
2374, 1382, 6616
3512, 420, 7648
5100, 126, 8738
5326, 612, 6684
3652, 2348, 4212
2860, 2084, 5774
2928, 854, 10134
3566, 1942, 9202
1346, 1766, 6662
3698, 2296, 5422
3172, 2684, 7272
1994, 1746, 7142
3166, 1914, 6826
2244, 2044, 7262
2086, 1250, 7300
2630, 1876, 7628
1190, 844, 8376
2020, 964, 7412
1954, 622, 7684
1564, 20, 6842
1830, 716, 8178
1486, -274, 7642
2038, 24, 8832
1766, -418, 8520
1328, 456, 8642
2256, -378, 6506
1056, 400, 8082
-16, -60, 9030
1952, -1382, 6564
1318, -86, 9154
2120, 502, 7758
116, -358, 10006
4626, -416, 8920
3470, -2892, 6900
128, -3054, 10840
1134, -3492, 5586
-3288, -4308, 2844
1356, -4234, 3036
-7766, -2164, 11032
-5784, 328, 4796
-1076, -2096, 5206
-4928, 1930, 5934
-3692, 986, 7348
-1450, -1006, 4236
394, -162, 6788
-824, 1594, 16966
1764, -526, 3912
1964, 2900, 11276
-784, -192, 7038
-794, -528, 7214

-----------------------------------------------
Date: 24.03.2017 - 13:57:40
End log file
