Terminal log file
Date: 28.03.2017 - 14:07:26
-----------------------------------------------

%~>daq start

 DAQ started.
%~>quit
%~>-1598, 7782, 1700
-1436, 7724, 1646
-1732, 7872, 1698
-2042, 7598, 2494
-592, 7462, 2002
-1412, 7304, 3530
-788, 7646, 3584
-2420, 7624, 5152
-2816, 7352, 4544
-1994, 7444, 3966
-3532, 7084, 4186
-2280, 6270, 2712
-2242, 6542, 3386
-1884, 6038, 2760
-1308, 5962, 3326
-1052, 6440, 2470
-962, 6592, 2878
-1906, 7024, 3910
-2032, 6116, 4112
-1284, 6532, 3534
-1156, 7292, 3610
-890, 7048, 4054
-1374, 7318, 4222
-558, 7364, 3156
-712, 7384, 3034
-756, 7362, 2738
-1174, 7360, 4204
-830, 7148, 3572
-696, 7070, 4276
-576, 6980, 4626
-658, 6720, 4524
-584, 6642, 4526
-844, 6468, 4292
-522, 7182, 4636
-416, 7158, 4720
-722, 7606, 4532
-750, 6978, 3542
-772, 6934, 3354
*NOTE-2017.03.28@14:07:28 - 1
-1324, 6966, 4072
122, 6624, 2176
-1638, 6936, 3744
-1010, 7298, 2322
-2870, 7090, 2036
-3472, 7254, 1764
-3314, 7244, 1554
-3056, 7164, 1518
-3574, 7332, 2210
-3032, 7556, 2012
-2932, 7716, 1966
-1506, 8116, 2134
-832, 8136, -394
-1772, 8600, 3422
-3320, 7738, 1510
-4574, 6946, 4760
-3522, 6610, 716
-3814, 7054, 2466
-3026, 6860, 426
-3132, 6816, 780
-5052, 6990, 1896
-2748, 6198, 2560
-3136, 6958, 3212
-2988, 7610, 1356
-2170, 8336, 1266
-1708, 7608, 8
-2440, 8674, -322
-1528, 9194, 128
-2972, 9136, 1798
-2306, 7612, 1474
-2616, 7000, 3330
-1882, 6966, 1872
-1104, 7606, 1030
448, 8256, 242
-936, 8022, 522
-1222, 7742, 1492
-146, 7878, 1258
-454, 7784, 1860
470, 7568, 1202
750, 7942, 1180
-62, 7912, 1454
696, 7764, 460
362, 7792, 608
*NOTE-2017.03.28@14:07:31 - 1
-336, 8024, 988
60, 8062, 812
246, 8102, 1470
626, 8114, 1276
588, 8326, 1294
324, 7946, 1680
8, 8012, 1516
332, 7952, 2524
-1178, 7990, 4764
-358, 8650, 4840
-142, 9386, 5528
154, 9350, 6090
38, 10528, 6512
386, 10992, 6744
594, 11966, 7720
974, 11416, 6982
-398, 11150, 6860
438, 9536, 7088
994, 8068, 6484
892, 6104, 6002
472, 3562, 5352
638, 2048, 4880
1316, 702, 5260
1536, -576, 5572
2172, -1008, 4292
1792, -2444, 3378
2274, -3906, 1644
1506, -4306, 1114
1462, -4772, -1264
-790, -5916, -1646
-1320, -6464, -2504
-1276, -7524, -4024
-1796, -7452, -4922
-1960, -8058, -6690
-1784, -8136, -6236
-1276, -7622, -5808
-68, -7308, -4968
-1068, -6576, -3480
-530, -6250, -1594
-328, -5440, 330
1362, -4088, 682
840, -3342, 1986
1540, -2964, 2410
1758, -720, 4024
2258, 1174, 4454
444, 1576, 5820
1542, 3046, 5042
826, 5602, 4946
528, 7348, 8278
562, 7982, 6656
552, 10706, 7810
-1638, 11010, 7004
-1462, 12314, 7238
-726, 13096, 6004
-920, 12766, 6102
-976, 12024, 6690
-630, 9990, 7230
-140, 9804, 6540
1272, 7488, 3636
774, 7854, 3762
-18, 8042, 3618
6, 8970, 4360
-632, 9790, 4132
-270, 9702, 3298
*NOTE-2017.03.28@14:07:34 - 1
-160, 10174, 3688
802, 10432, 3854
1154, 11394, 5104
1356, 11636, 5376
1066, 11312, 5550
1516, 10112, 5558
178, 10134, 7974
552, 9432, 8084
1938, 8240, 6646
3010, 5968, 4948
1112, 5450, 6458
798, 3584, 5990
836, 1874, 5176
1436, 24, 4362
846, -1422, 3726
636, -2964, 2444
2, -4408, 1540
910, -4670, -1126
1474, -6254, -3838
-374, -6884, -2976
-258, -6466, -3008
64, -7872, -4640
-878, -8248, -4112
-1062, -9052, -4578
-898, -8036, -4786
-776, -7850, -4682
-626, -6616, -3442
-244, -6770, -2864
1116, -5572, -866
1462, -4718, -694
392, -3912, 2070
214, -2830, 3230
764, -1744, 3876
376, -912, 4998
228, 88, 5564
498, 1904, 6322
410, 3052, 8362
456, 4270, 8222
1170, 6636, 8784
-88, 4830, 8976
66, 7904, 8336
1082, 9404, 6684
874, 8506, 6492
624, 10246, 5260
134, 10622, 4250
182, 10120, 3848
-436, 10180, 5044
74, 9872, 5146
960, 8684, 2700
420, 9076, 3664
12, 8394, 4260
122, 8152, 4600
*NOTE-2017.03.28@14:07:36 - 1
-274, 8638, 4696
-1236, 8886, 4748
-1050, 9630, 4294
-854, 10500, 4666
-390, 11174, 4468
-374, 11036, 5164
-938, 11328, 6806
352, 10666, 5658
286, 9778, 6706
10, 9482, 6666
1012, 8130, 6414
370, 6388, 6232
230, 4784, 6428
200, 3684, 7664
956, 1998, 5902
746, 1132, 6570
704, 26, 5102
482, -1160, 3600
1262, -2334, 2260
350, -4308, 1298
336, -5182, 1090
140, -6256, -430
-14, -6744, -1124
398, -7298, -2388
88, -7568, -2350
-132, -7418, -2374
326, -7698, -4004
-132, -7810, -4224
102, -7888, -5228
366, -7496, -4726
1480, -7458, -4648
982, -6390, -3820
596, -5850, -1790
1906, -4722, -1438
816, -3984, 302
552, -3844, 1140
-154, -1344, 4056
-18, -332, 5126
-308, 710, 6142
-284, 1672, 6982
-822, 3114, 7764
-334, 4066, 7676
-520, 6218, 8490
-1388, 7016, 8778
-1568, 7006, 8868
-2006, 8062, 7962
-1876, 8612, 7300
-354, 9018, 5636
-1118, 9728, 5472
-576, 9792, 4290
-1072, 9598, 4390
-2152, 9338, 4950
-734, 8822, 4112
-212, 8810, 3578
208, 8550, 3350
-220, 8312, 3790
118, 8348, 4120
*NOTE-2017.03.28@14:07:39 - 1
-24, 8682, 4172
-338, 8734, 3838
-838, 9002, 4082
-668, 9778, 4292
-368, 10384, 4988
-436, 10836, 5914
-824, 11186, 6860
-532, 10710, 6902
-584, 10236, 6896
-118, 9658, 7182
-552, 7652, 7626
1360, 7780, 6182
-48, 6126, 7772
-482, 4488, 8664
414, 2704, 6122
96, 1538, 5944
594, 26, 4274
278, -948, 4228
948, -2900, 2500
-88, -4004, 2408
534, -4540, 480
2786, -5388, -2948
1230, -6538, -2048
728, -7014, -3388
-36, -7462, -3340
528, -7646, -5214
430, -7958, -6488
346, -8292, -6548
556, -7250, -5996
1074, -7188, -5210
62, -6380, -3122
1060, -5610, -2358
1574, -3856, -1448
-452, -2874, 1360
-560, -2464, 3468
914, -882, 2964
348, 464, 4848
-170, 2240, 5052
-1344, 2864, 7200
-1444, 5146, 7956
-1652, 6332, 9696
-2264, 7090, 8062
-3224, 8646, 8754
-2440, 8466, 8726
-2634, 10246, 6882
-1340, 10018, 5382
-2338, 10256, 4700
-2330, 10180, 4588
-2684, 10062, 4886
-2454, 9664, 5054
-1832, 9070, 4820
-1170, 8860, 3708
-726, 8332, 3456
-938, 7928, 4312
-982, 8140, 4540
*NOTE-2017.03.28@14:07:42 - 1
-1048, 8708, 4172
-2098, 8820, 4548
-2230, 9542, 4694
-1410, 10840, 4176
-1452, 11430, 5590
-986, 12280, 5728
-952, 12068, 5944
-1218, 12380, 7230
254, 11302, 6102
-138, 9512, 7208
434, 7858, 6068
-520, 5992, 6860
-150, 4466, 6496
104, 2660, 5320
-804, 1612, 7232
470, 348, 4400
-176, -942, 4278
62, -2692, 2754
80, -3796, 2958
596, -3956, 1990
1402, -4842, -744
1696, -5998, -2684
214, -6168, -1136
1580, -6448, -3348
1402, -7392, -4934
952, -7548, -6234
1068, -7302, -8010
1490, -7692, -8864
1262, -6888, -7094
648, -6526, -5372
686, -6046, -4404
-184, -5040, -1574
826, -3488, 1148
1092, -3526, 1534
52, -2208, 3090
258, -1604, 5240
508, -540, 5110
-132, 1046, 6436
44, 1292, 7748
762, 3684, 7620
434, 4568, 6872
-636, 5856, 7712
-1750, 6990, 8470
-2202, 8908, 7254
-1176, 10078, 7574
-368, 11256, 5008
-1566, 10416, 5546
-1112, 10848, 4648
-1562, 11112, 5650
-1846, 9854, 6112
-1390, 9224, 6184
-6, 8734, 5188
*NOTE-2017.03.28@14:07:45 - 1
166, 8050, 5262
-832, 8244, 5542
-1574, 8434, 5002
-1264, 9050, 4344
-1130, 10016, 4712
-990, 10756, 5968
-906, 11278, 6104
-926, 11304, 5942
-1528, 11416, 6952
-860, 10450, 7354
140, 9570, 7394
144, 8144, 6702
404, 6386, 6384
-356, 6372, 7654
1340, 4216, 6126
686, 2374, 6312
944, 1262, 5284
416, -472, 4522
154, -1846, 3560
1020, -2846, 2198
554, -3968, 1106
776, -4642, 132
552, -6398, -1384
-542, -6160, -2178
1456, -7278, -6596
758, -7476, -6314
1252, -7714, -7592
622, -7774, -6778
388, -7570, -6552
-614, -6898, -4740
-462, -6220, -3068
462, -5416, -2258
1186, -4324, -1404
-630, -3012, 1316
-242, -2444, 1976
362, -274, 3806
344, -30, 5466
606, 1584, 5728
86, 3474, 6164
-2070, 5348, 9216
-1004, 7234, 7610
-540, 8812, 8928
-1484, 8462, 8106
-872, 9968, 6580
-1876, 10764, 7604
-894, 10740, 5036
-1700, 10574, 4992
-2098, 10384, 5078
-1312, 10236, 5140
-1724, 9416, 5962
-1460, 8938, 5644
-756, 8292, 5418
-394, 8304, 5486
-862, 8678, 4924
-1822, 8566, 4868
*NOTE-2017.03.28@14:07:47 - 1
-1224, 9190, 4340
-1514, 9852, 4836
-940, 10504, 5802
-1206, 11316, 6234
-1366, 11414, 6652
-1602, 11726, 7106
-1578, 10760, 7974
44, 10366, 6732
-624, 8370, 8170
164, 6316, 6426
-286, 5828, 6018
2, 3548, 5802
-260, 2052, 5982
438, 660, 4506
92, -880, 4980
14, -2176, 3376
-478, -3660, 2722
-236, -3708, 1672
244, -4858, 466
2092, -5614, -2542
432, -6560, -2196
394, -6616, -3436
752, -7444, -4874
1258, -7520, -6008
2122, -7800, -7844
818, -7546, -7036
2090, -7454, -7272
722, -6670, -5038
752, -6494, -4850
-534, -5452, -3046
1024, -4862, -2366
1986, -3106, -1026
346, -2674, 1184
260, -778, 3164
256, 264, 4264
-1108, 968, 6420
546, 2124, 6018
-166, 4924, 6846
-1396, 5694, 8842
-608, 7154, 7522
-1076, 8452, 8782
-642, 9832, 8044
-844, 9986, 8160
-862, 11102, 5766
-1320, 10832, 5568
-2242, 10774, 5112
-1710, 10282, 5038
-1472, 9680, 5364
-742, 9050, 5448
-454, 8486, 5380
*NOTE-2017.03.28@14:07:50 - 1
-726, 8378, 5778
-858, 8146, 5394
-1426, 8562, 5632
-1316, 9302, 5288
-844, 9694, 5092
-606, 10434, 5644
-1236, 11050, 6140
-1024, 11352, 6038
-710, 11440, 6476
-894, 10568, 7320
-594, 9808, 7626
362, 9760, 7056
256, 6310, 5688
-822, 5224, 6856
394, 3276, 6862
470, 2082, 6764
490, 1150, 6276
924, -14, 4766
-516, -1146, 4850
-394, -2940, 3720
-198, -3988, 2156
50, -4570, 1262
1374, -4932, -1212
1128, -6026, -2310
1050, -6234, -3626
656, -7820, -3608
870, -7212, -3778
1088, -7030, -5778
996, -7364, -6438
1212, -7362, -6286
2020, -7508, -7124
1072, -6896, -5896
-18, -6480, -4526
98, -6028, -3274
398, -4484, -1702
380, -4008, -628
-120, -3280, 1874
188, -1528, 2682
-172, -906, 5520
422, -434, 5564
-446, 1506, 6268
-1340, 3092, 7972
-1246, 3960, 9012
-2072, 5400, 8586
-1018, 7252, 7270
-1644, 8514, 8268
-1510, 8138, 8622
-2006, 10422, 7124
-1594, 9970, 6874
-960, 10546, 4552
-1992, 10798, 5136
-2032, 9984, 5216
-1696, 9396, 5946
-588, 9066, 6122
508, 8750, 5408
-550, 8490, 5696
-1342, 8222, 5458
*NOTE-2017.03.28@14:07:53 - 1
-1544, 8452, 4564
-1596, 8846, 4438
-1254, 9470, 4656
-1326, 10100, 5462
-1266, 10664, 5790
-878, 10876, 6202
-922, 11018, 6946
-756, 10582, 7794
-316, 9940, 6944
70, 8866, 6390
-62, 6906, 6968
-934, 5714, 7870
120, 4190, 6664
-300, 2458, 6664
-132, 1604, 7144
1488, 348, 4280
52, -1234, 4562
276, -2382, 2098
-996, -3598, 2614
96, -4542, 630
558, -4614, 322
2228, -6142, -3956
710, -6594, -3992
114, -6982, -5194
740, -7530, -7090
1810, -7096, -7932
2326, -7856, -8608
1810, -7042, -7320
1398, -6720, -6014
972, -6368, -4736
964, -5878, -4562
608, -4524, -2100
1080, -2358, -884
-288, -2002, 1504
-996, -1228, 3662
-1256, 366, 5828
-474, 1398, 5760
-1790, 2980, 7662
-1390, 4228, 6926
-1602, 5810, 8210
-1416, 7386, 8144
-466, 8320, 8816
20, 9902, 6312
-1910, 10098, 8744
-1246, 10566, 6296
-1754, 11386, 5770
-2588, 10528, 5196
-2522, 10304, 5742
-1628, 9808, 5248
-1058, 9126, 5414
-202, 8468, 5302
-630, 8082, 5790
-1156, 8270, 5736
-1460, 8490, 4988
*NOTE-2017.03.28@14:07:55 - 1
-1306, 9050, 4190
-1448, 9498, 4708
-916, 10024, 4226
-2110, 10264, 6238
-1270, 10900, 5870
-1244, 10832, 6638
-542, 10304, 6648
-184, 9076, 6872
370, 8114, 6542
-642, 6834, 7670
-852, 5084, 7792
-920, 3894, 7746
-440, 3216, 6392
-120, 1720, 6362
334, 656, 5710
382, -754, 4734
132, -2280, 3936
302, -3284, 3362
120, -4076, 2106
332, -4920, 1464
1122, -5252, -122
1842, -6166, -2786
-306, -6446, -864
1276, -6936, -3604
1354, -7086, -5408
1306, -7640, -6612
1466, -7406, -7626
1814, -7510, -6932
2074, -7086, -5940
1536, -7108, -5350
304, -6354, -3802
-80, -5494, -1780
1148, -4408, -1654
198, -3664, -198
-1042, -2270, 1842
-1082, -1902, 3830
-498, -602, 4094
-760, 802, 5108
-1788, 1940, 7132
-1914, 2764, 7758
-2810, 4396, 8366
-2062, 6916, 6820
-3706, 7140, 8852
-2828, 8576, 7396
-3422, 9932, 7200
-3940, 10404, 6618
-2716, 10300, 6154
-2390, 10764, 4956
-2982, 10214, 5690
-2420, 9982, 5978
-1154, 8852, 4950
-664, 8502, 5424
-410, 8376, 5892
-478, 8620, 5400
-1308, 8734, 4820
*NOTE-2017.03.28@14:07:58 - 1
-1316, 8860, 4290
-1432, 9114, 4404
-1158, 10048, 4990
-1150, 10830, 6204
-1502, 11520, 7072
-1122, 11440, 6840
-1514, 10918, 7380
-2224, 10496, 7862
-1192, 9292, 7164
-620, 7460, 6690
260, 4524, 5640
-974, 3368, 5658
-1042, 1536, 6980
-92, 820, 5726
-514, -672, 6418
1260, -1064, 3552
1126, -2512, 2824
928, -3238, 2326
1900, -4136, -184
1050, -5164, -540
1004, -5856, -2570
-276, -6314, -3508
396, -7288, -6642
424, -7510, -8286
1554, -7924, -8802
1666, -7540, -7558
1314, -6940, -6000
940, -6470, -4318
72, -5624, -1874
512, -5306, -1366
158, -3398, 676
1014, -2790, -194
388, -1316, 2824
504, -8, 4946
1054, 1106, 6266
1012, 2718, 6796
54, 4978, 7340
-1580, 4796, 9234
-346, 7188, 7238
-592, 9192, 8808
-666, 8550, 7714
-2276, 10066, 7652
-782, 10022, 6056
-1746, 10334, 6186
-846, 10790, 4916
-2130, 10536, 5678
-3268, 9726, 6666
-498, 8776, 3484
766, 8920, 3352
292, 8522, 4244
-130, 8752, 5410
122, 8910, 4834
*NOTE-2017.03.28@14:08:01 - 1
-410, 8824, 4656
-1250, 8594, 4802
-896, 9516, 4060
-566, 10196, 4400
-1104, 10856, 5604
-702, 10948, 5450
-798, 10684, 5616
-1332, 10194, 6814
-886, 8896, 7040
-1734, 8884, 8572
940, 6638, 5098
140, 5900, 6022
-654, 3574, 5728
-984, 2410, 7640
258, 1788, 6392
-232, 564, 7126
546, -674, 5264
386, -1648, 5920
860, -2074, 4246
1434, -3168, 1926
-546, -4456, 2196
538, -5168, 626
1416, -5680, -1206
1356, -6364, -1586
1324, -7232, -2846
608, -7434, -3476
1736, -7618, -6118
1224, -7518, -6576
1390, -7824, -7292
2130, -7802, -6446
1218, -6890, -4588
932, -6868, -4138
28, -6316, -2786
768, -5326, -2164
600, -4138, 492
364, -3704, 1026
-540, -2810, 3500
796, -1532, 3722
-650, 20, 6024
634, 726, 5098
-1142, 2030, 7372
-994, 3108, 6352
-2334, 4714, 8906
-1122, 5880, 8740
-1522, 7278, 7062
-2782, 7608, 7372
-2452, 8610, 5760
-2438, 9942, 5600
-2606, 10590, 5386
-2476, 10648, 4732
-3316, 10712, 5900
-2884, 10246, 6260
-1376, 9654, 5834
216, 8366, 5096
-154, 7992, 5018
-1086, 7896, 5594
-956, 8526, 4752
*NOTE-2017.03.28@14:08:04 - 1
-1320, 8832, 4026
-1480, 8752, 3762
-1208, 9322, 4600
-1134, 9872, 5788
-1282, 10718, 6576
-2016, 11200, 7534
-2240, 11486, 6962
-3042, 10594, 8440
-1490, 9740, 7246
-1364, 8010, 7090
-530, 6544, 6014
-954, 4340, 7166
-282, 2842, 5634
-598, 1578, 6074
626, 304, 4366
-648, -864, 5516
354, -2154, 3262
-84, -3412, 2178
-48, -3870, 1940
464, -5142, 166
882, -5610, -440
1322, -5848, -2046
-128, -6702, -2634
430, -7098, -3594
1314, -6924, -5366
970, -7030, -6138
1914, -7236, -9046
1968, -7354, -8428
2454, -6878, -7310
1982, -6754, -6240
1468, -6578, -4956
1678, -6034, -4388
1718, -4354, -2838
-318, -3438, 1454
-374, -4036, 966
-812, -2946, 2580
-1414, -1938, 4172
-1096, -1078, 4890
-340, 14, 4446
-2264, 1814, 6510
-1450, 2636, 5252
-4076, 4204, 9856
-1302, 5448, 5692
-3172, 7700, 9146
-3592, 8210, 8190
-3512, 9234, 6818
-3486, 9580, 4834
-4768, 10452, 5460
-4776, 10054, 4710
-4882, 10114, 6112
-3484, 9590, 5708
-2176, 9540, 6300
-226, 8320, 5122
-592, 8238, 5518
-768, 7902, 4818
-1398, 8288, 4394
-1968, 8170, 3382
*NOTE-2017.03.28@14:08:06 - 1
-2154, 8856, 4038
-2190, 9256, 4638
-1900, 9626, 5122
-2576, 9906, 6386
-2848, 10656, 7206
-2694, 11322, 7884
-2560, 11156, 8028
-1880, 9560, 7460
-2104, 8112, 7588
-2972, 6644, 7762
-2408, 5674, 5834
856, 4236, 1950
-844, 1828, 5288
-224, 370, 4778
-824, -792, 5468
530, -1926, 2848
226, -3638, 2614
-22, -4044, 2402
798, -4932, 1056
1514, -5768, -328
1324, -5818, -1150
1392, -6144, -2832
650, -6384, -3022
808, -7204, -4296
1850, -7324, -6124
1370, -7204, -7682
2130, -6710, -8472
2400, -6890, -7686
3214, -6790, -7346
2406, -6412, -5972
1688, -6400, -4782
1650, -5892, -4434
492, -4978, -90
794, -4976, 1088
-158, -4020, 2052
-484, -3446, 2728
-192, -2752, 3426
-684, -1878, 4616
-368, -284, 5458
-1230, 730, 4946
-2994, 1540, 7432
-3416, 3040, 8018
-2334, 4032, 6608
-3940, 5690, 9590
-2006, 6680, 5668
-3832, 8534, 7978
-3442, 8642, 5236
-4258, 9324, 6378
-2604, 10518, 4230
-3912, 10394, 4764
-3846, 10358, 5826
-3314, 9970, 5946
*NOTE-2017.03.28@14:08:09 - 1
-868, 9364, 4776
320, 8882, 4246
-416, 7942, 4428
-848, 7700, 4686
-1076, 8318, 4474
-1360, 8796, 3782
-2098, 8882, 3946
-1666, 9480, 4024
-1670, 9836, 5506
-1306, 10360, 5816
-1188, 10674, 6516
-1086, 11010, 6372
-1756, 10446, 7088
-2044, 9798, 7232
-1782, 8578, 6494
-2124, 6850, 8184
-1034, 6232, 7878
-594, 5094, 6640
992, 3970, 2906
704, 1032, 4694
-110, -328, 4716
-30, -1634, 4332
908, -2766, 3388
-118, -3656, 4452
-668, -4806, 2468
98, -5376, 1172
1746, -5438, -962
1968, -6638, -1232
1880, -6586, -2266
462, -7052, -2604
694, -6710, -4618
1582, -7188, -7368
1510, -7660, -8504
2126, -7332, -7320
2130, -7088, -6378
1856, -6894, -5238
1410, -6698, -3912
360, -5670, -1182
794, -4938, -746
662, -4684, -286
208, -3334, 2310
334, -2820, 3394
1472, -1194, 4744
1668, -154, 5458
660, 1054, 7514
836, 1460, 5520
-462, 3688, 7902
-430, 4214, 7522
-428, 5988, 8762
-398, 6768, 7650
-2358, 7266, 8730
-2070, 7550, 7386
-2656, 7668, 6602
-2336, 8566, 5132
-2282, 9760, 3542
-4328, 10800, 5562
-4832, 10228, 7800
-2788, 10526, 5238
2726, 8522, 1758
2770, 8300, 3056
374, 8866, 4340
*NOTE-2017.03.28@14:08:12 - 1
170, 8664, 3878
-382, 8226, 3888
-1156, 8372, 2454
-2146, 8492, 3852
-3690, 6848, 3758
-2326, 7486, 2756
-1040, 6232, 2450
96, 5642, 2360
252, 5314, 1886
-166, 5788, 2210
218, 5236, 886
1616, 8434, 2490
4786, 6294, 602
-2852, 10458, 10646
-2940, 8202, 12450
-5680, 2448, 9946
-372, 2320, 7252
-1212, 882, 5384
1630, 6372, 7250
770, 972, 5800
-298, 2128, 8284
252, 400, 7786
152, 896, 9352
-446, -60, 7792
-488, 736, 8836
148, 782, 7466
464, 128, 7458
928, 476, 7518
30, 1736, 9158
3346, 1302, 7478
2824, 672, 7536
2320, 562, 6628
2604, 1346, 7162
2394, 872, 7388
3862, 870, 8120
3678, 816, 6770
5934, 784, 8126
4300, 2284, 7012
2804, 2262, 5340
4178, 1812, 5462
4590, 2064, 7590
4800, 2616, 6772
4766, 2750, 6786
3620, 3058, 5098
3804, 3430, 5328
5030, 3926, 6108
4528, 3588, 6406
3932, 3222, 6152
5218, 3694, 5892
5096, 4396, 5406
3746, 4208, 5014
3498, 4034, 4900
4074, 4446, 5016
3496, 4468, 6228
3484, 3922, 6064
3102, 3932, 6480
4288, 4250, 5510
3776, 3822, 5508
3792, 4820, 5446
2690, 2942, 6232
3556, 3640, 6742
3150, 2880, 6748
2812, 2928, 7360
2268, 2382, 6394
3082, 3482, 7098
2400, 2742, 7404
2486, 2726, 6294
2246, 2188, 7326
2448, 2366, 7478
2658, 2634, 7954
2168, 2502, 7418
1830, 1950, 7272
2418, 3050, 7516
2658, 2704, 6824
1662, 1834, 7472
2772, 2522, 6192
2678, 2646, 6902
2110, 2736, 6226
-446, 1990, 8266
1808, 2850, 8284
408, 2664, 5270
424, 2146, 8158
586, 4162, 7598
-1522, 3754, 8004
-922, 3386, 6858
-942, 3266, 7360
-2650, 3834, 6656
-2158, 4398, 7270
-1598, 4388, 7250
-1646, 3704, 7064
-2462, 2918, 4382
-3466, 2782, 3396
-4738, 1798, 4054
-2820, 2604, 6516
-4406, 2424, 9286
-2804, 858, 6936
-2972, 958, 7528
-1416, 2, 6248
-2464, 2854, 8138
-1708, 1124, 8628
-1020, 1950, 8492
546, 1346, 7728
1706, 692, 7026
1596, -50, 6196
1050, -1412, 8536
*NOTE-2017.03.28@14:08:17 - 1
3074, 1210, 7578
-3402, -314, 9188
-1738, 102, 7570
-398, -856, 8780
-2302, -1160, 8830
-1484, 370, 8282
-2320, 80, 8664
-1998, -622, 7196
-822, -306, 7026
28, 638, 9042
-592, -986, 7062
-1270, -1084, 5600
-832, -200, 1760
-8978, 1394, 5398
-6832, 42, 1956
-7826, 522, -94
13000, 11172, 16664
-8502, -1772, 394
-8070, -584, 270
-8286, -586, -644
-8530, -562, -592
-7098, -1600, -2658
-8228, -1282, -516
-7446, -1414, 456
-7698, -1680, -114
-7884, -1238, 888
-7178, -1844, -84
-8718, -2588, 372
-8300, -2452, -460
-10404, -1898, 2386
-7604, -84, 2180
-7654, -74, 286
-7558, -1830, 3930
-4802, -1984, 5796
-796, -2010, 5360
-1362, -2612, 7494
-420, -1900, 7624
-358, -2478, 6130
-238, -2718, 7622
336, -2352, 5984
1580, -1438, 6678
2040, -1608, 7432
1694, -1374, 8976
1638, -1478, 7948
688, -1472, 7514
100, -1922, 7514
-502, -1726, 8238
-80, -1514, 7454
-312, -1240, 8476
120, -1338, 8048
314, -1358, 7598
416, -1480, 7278
492, -1368, 7760
1008, -1550, 6698
54, -826, 8498
906, -918, 7906
378, -1006, 7952
426, -1366, 7220
474, -1140, 7622
516, -1252, 7722
922, -1310, 7142
408, -1034, 7998
704, -1158, 7730
492, -1152, 7500
1182, -1410, 6790
196, -1208, 8474
858, -1338, 3594
-1312, -676, 6534
-4432, -1302, 11112
-3466, -1272, 5146
-5570, -684, 7372
-6098, 58, 3422
-8368, -1190, 5798
-4168, -2954, 260
-6328, -2650, 3842
-7514, -1076, 5716
-5036, -1706, 4116
-5730, -2182, 4904
-5152, -2700, 5360
622, -1252, 5388
-1100, -1020, 8364
-1100, -1292, 7762
376, -1938, 6854
-1328, -2308, 7886
340, -1120, 8532
-318, -204, 9290
524, -1344, 6686
-1220, -1038, 8210
-566, -1440, 7534
-1608, -1588, 7912
-822, -1880, 7318
-2158, -520, 8354
-2436, -1310, 8552
-2350, -1478, 7310
-2292, -1602, 7946
-1834, -1696, 7012
-2540, -1608, 7610
-1250, -1290, 7170
-1490, -810, 9008
-688, -934, 8624
980, -1106, 6646
-92, -550, 9248
-256, -892, 7760
-706, -1352, 7184
-464, -1982, 6400
-854, -1616, 7978
-522, -1366, 7650
-426, -1320, 7964
-302, -1402, 8626
948, -2302, 6432
-954, -632, 8906
-616, -956, 7984
-634, -1730, 7224
-514, -1824, 7468
62, -1484, 7736
-84, -1394, 8516
486, -1308, 7332
828, -1578, 7502
826, -1514, 7568
910, -1564, 7754
624, -1302, 6278
2190, -582, 7686
1628, -568, 8322
1140, -560, 7306
470, -1568, 6988
-310, -1928, 6524
-610, -1570, 9368
-1290, -1708, 7864
-1120, -1780, 8882
468, -504, 5768
630, -880, 6996
-3892, -1236, 7944
-4050, -1128, 3650
-7944, -744, 5248
-8448, -1718, 4386
-8442, -544, 3320
-8320, -446, 3876
-8710, -1542, 3058
-6764, -1576, 2250
-9902, -2172, 4008
-5178, -1266, 3164
-5380, -1944, 5424
-5312, -1560, 6164
-4522, -2220, 5854
4136, -3976, 4168
1914, -2062, 5476
-3886, -1762, 9956
2386, -1648, 3100
-4906, -412, 8224
-4372, -120, 6936
-5812, -432, 7310
-4468, -172, 8226
-200, -1710, 4486
434, -902, 6330
-276, -696, 6236
-550, -1208, 8042
-262, -1210, 7440
-120, -1262, 8760
-674, -1422, 8436
-1944, -1430, 8880
-1240, -1798, 7938
-130, -1624, 7844
1042, -1374, 7390
1224, -1088, 8174
1326, -1218, 7446
1118, -854, 7566
1706, -1110, 7694
1082, -1104, 8178
488, -1332, 7538
-86, -1250, 7912
-156, -1408, 7842
242, -1404, 7864
362, -1450, 7694
566, -1198, 7934
554, -1234, 7596
634, -1158, 7554
440, -1154, 8220
162, -1210, 8106
290, -1438, 7024
-268, -1306, 7916
-446, -1478, 7912
-572, -1428, 7814
-330, -1404, 7752
-594, -1460, 7860
-156, -1478, 7914
-524, -1682, 7106
-1256, -1332, 8002
8, -1508, 7402
2036, -1290, 8652
1110, -748, 7266
558, -644, 7952
916, -594, 7002
28, -602, 7836
504, -934, 7210
968, -654, 7862
952, -1158, 7754
572, -1250, 7580
676, -1182, 7702
82, -830, 7976
-186, -850, 7508
392, -1410, 7944
1896, -1704, 7800
1584, -1300, 7402
150, -382, 7376
-1158, -608, 7718
-1820, -1940, 8146
-1150, -2260, 7464
-314, -1920, 7164
-848, -1484, 8348
-694, -1298, 7676
-254, -1300, 7688
-416, -1354, 7768
-308, -1198, 7766
-550, -1228, 7812
-592, -1254, 7794
-628, -1228, 7970
-238, -1264, 7420
-656, -1130, 8222
-374, -1288, 7798
-354, -1190, 7766
-438, -1234, 7808
-384, -1172, 7944
-334, -1270, 7718
-286, -1224, 7760
-308, -1250, 7776
-488, -1372, 7742
-416, -1380, 7686
-820, -1136, 7836
-434, -1252, 7450
424, -312, 8496
640, -1258, 7870
-670, -896, 8328
-246, -1796, 6706
-416, -1974, 6804
-468, -1948, 7514
-1050, -1464, 8110
-1202, -1324, 7494
-816, -1408, 7234
-222, -2292, 5526
-2838, -2196, 7856
-4322, -1474, 7996
-2954, -1014, 6746
-1330, -734, 7788
-3140, -1144, 8292
-1928, -460, 6630
-2442, -962, 7626
-2718, -1428, 7272
-2368, -1680, 6976
-2838, -1358, 8404
-1678, -2056, 6272
-2850, -1760, 7088
-2056, -1846, 5618
-3496, -1224, 6662
-1370, 764, 5998
-5526, -1718, 8260
-4254, -1086, 7152
-2638, -1498, 6272
-2152, -1614, 6032
-3834, -2146, 7120
-2958, -2098, 6162
-4656, -1122, 8792
-2546, -256, 7194
-3374, 1862, 7948
-2050, 1784, 7480
-1678, 1540, 7924
-1598, 1652, 6586
-342, 4074, 7062
-1480, 1834, 7664
-1900, 1254, 8244
-538, 1248, 9586
-966, 1302, 7942
366, 2082, 7564
-674, 702, 7056
-224, 790, 7846
-1194, 460, 7946
-1490, 34, 7622
-1736, 250, 7962
-1638, 140, 8210
*NOTE-2017.03.28@14:08:31 - 1
-778, 424, 8370
-144, -270, 6908
-592, -280, 7574
-844, 174, 8172
-412, -120, 7342
-768, 130, 7848
-706, -174, 7974
-854, -86, 7692
-1384, 12, 8082
-1408, 1166, 8232
-1130, 2628, 8514
-776, 2690, 7844
-578, 2624, 8202
-634, 1474, 7064
-212, 1616, 6824
-832, 726, 7774
-212, 162, 7650
-392, 380, 7840
-1190, 244, 8116
118, -1294, 5430
-2188, -1836, 6216
-692, -1210, 6568
-1016, -540, 7162
-1040, 616, 8336
-1118, 1650, 7892
-824, 1036, 7926
-1270, 1212, 7384
-1424, 952, 8038
-1534, 1198, 8112
-1002, 1158, 7124
-1094, 1254, 7714
-986, 1192, 7504
-932, 1516, 7198
-998, 1316, 7058
-1398, 1292, 7620
-392, 902, 6574
-1778, 1102, 8320
214, 136, 5240
-1694, 686, 8568
-1128, -28, 7382
-1798, 176, 7892
-1928, -402, 7376
-1690, -862, 7664
-1890, -1234, 7770
-1648, -742, 8030
-1442, -762, 7844
-1988, -1676, 8160
-1276, 204, 8502
-1858, 754, 9226
-2614, 1258, 9268
-3036, 3576, 8884
848, 6604, 3934
92, 5898, 4006
1874, 4756, 1510
-656, 5396, 4014
534, 3492, 2560
456, 4622, -410
-6120, 9072, 1500
-7230, 7972, 4582
-3348, 7870, 2178
-4942, 7126, 5088
-2188, 6302, 2522
-1818, 6854, 1064
-3052, 6426, 994
-4474, 7200, 926
-4936, 7530, 1542
-4808, 8210, 3082
-4662, 8232, 3472
-1402, 8750, 656
394, 8964, -1252
-1218, 8090, 436
-962, 6642, 236
-102, 6774, 556
-10, 7170, 496
-228, 8330, 1102
244, 7720, 474
-260, 7730, 1364
-20, 7870, 1292
540, 7760, 1750
690, 7774, 1640
470, 8466, 1796
512, 8410, 1330
392, 7564, 796
-208, 8698, 852
-176, 8114, 284
294, 7604, -148
62, 7626, -38
*NOTE-2017.03.28@14:08:36 - 1
-482, 8010, 608
-212, 8070, -392
-92, 8174, -602
-446, 8040, 416
-28, 8004, 1428
-636, 8180, 3540
-446, 9228, 3292
118, 9118, 3476
-128, 9340, 4212
-1066, 9994, 5330
-1680, 10278, 5752
-1610, 10216, 5852
-1604, 10072, 6470
-1520, 9686, 6512
-1124, 9020, 6796
-1220, 8280, 7182
-788, 7032, 7492
-220, 5618, 6936
-632, 4594, 6948
-226, 3174, 6722
248, 1866, 6452
78, 450, 6670
-8, -606, 6946
644, -1362, 7204
1786, -2002, 4174
2646, -2850, 2196
1122, -3782, 1786
438, -4628, 1192
1702, -5422, -1326
328, -5862, -1230
416, -6426, -3780
-360, -7110, -4998
-50, -7654, -6338
1044, -6804, -9716
156, -6968, -8234
1108, -6968, -7274
1636, -6324, -6190
1628, -6642, -4598
788, -5684, -3274
772, -4940, -918
1452, -3726, -836
-4, -2938, 1162
-406, -1762, 3536
-52, -1018, 4718
-50, -98, 5696
-636, 1034, 6616
-504, 2450, 7240
-1478, 4120, 7688
-1336, 5116, 8372
-1228, 6974, 8168
-1736, 7660, 7394
-3566, 9608, 8912
-1576, 10016, 4542
-2720, 11480, 4458
-4528, 10270, 5020
-4188, 11414, 5622
-3648, 11198, 7324
-744, 10836, 6658
4224, 16732, 6816
826, 8092, 6272
472, 8094, 4502
-1436, 8504, 4358
-1330, 9134, 3526
*NOTE-2017.03.28@14:08:39 - 1
-1304, 10258, 4178
-456, 10810, 5140
218, 11118, 4796
-374, 11276, 6026
-1062, 10868, 6912
-1044, 10186, 6598
-520, 9034, 6928
-166, 7888, 6760
-102, 6496, 6362
-348, 4854, 7674
10, 3438, 7290
860, 2724, 6258
1152, 1280, 5974
582, -544, 5120
732, -1362, 4460
372, -3280, 3204
56, -4016, 3124
154, -4914, 2502
88, -5328, 1766
2666, -5680, -3104
536, -6124, -2186
688, -6370, -3544
1012, -6912, -5922
572, -6928, -7052
1054, -6670, -6870
1600, -6496, -8346
1494, -6894, -7802
1286, -6430, -6034
986, -6360, -5256
224, -6138, -3508
664, -5136, -748
1206, -4528, 44
1118, -4162, 956
504, -3456, 3240
438, -2364, 4190
1504, -1762, 4518
1176, -1130, 5704
656, 968, 5822
-1394, 1408, 8772
-114, 4412, 6008
-882, 4610, 8384
-1162, 6280, 7974
-1146, 7400, 8524
-2040, 8526, 7132
-1840, 8860, 6258
-1828, 9648, 4278
-2518, 11240, 5714
154, 12030, 3206
-1462, 12300, 5794
408, 10082, 4814
2304, 7498, 5820
4562, 16768, 2428
1998, 8506, 3604
*NOTE-2017.03.28@14:08:41 - 1
-54, 7772, 4572
-1282, 9246, 4508
-1552, 9430, 4470
-1112, 11068, 4994
10, 11928, 4870
354, 12614, 5590
-450, 12382, 5994
-474, 11896, 5790
-766, 10512, 6320
-998, 9356, 7042
-146, 7346, 5654
1520, 5750, 4326
426, 4080, 5276
446, 2470, 6984
1330, 1356, 5734
278, -216, 5620
132, -664, 5682
1764, -2068, 3562
604, -3310, 3726
1296, -4090, 2430
1156, -4968, 1452
1706, -5728, 78
1468, -5522, -858
1502, -5992, -2104
714, -6280, -3836
748, -6956, -6560
1112, -6812, -8566
2304, -5130, -8018
2018, -6630, -8706
1376, -6742, -6630
1064, -6298, -5462
610, -5678, -4146
396, -4550, -2050
62, -3840, 2112
1146, -3396, 988
2214, -1890, 2246
1762, -1626, 4410
596, -256, 6940
578, 666, 7898
1288, 1516, 6820
298, 2400, 7434
-844, 3492, 8672
-1122, 5176, 8086
-1762, 6194, 8524
-1864, 7360, 8580
-2294, 8082, 6564
-1788, 9514, 5674
-1622, 9676, 4946
-1572, 10846, 4234
-1820, 11184, 5460
-1036, 10914, 5146
-1020, 10238, 6366
-170, 8966, 4678
-746, 8416, 4854
*NOTE-2017.03.28@14:08:44 - 1
-1028, 8008, 4868
-1192, 8134, 4380
-1720, 8582, 3798
-2102, 8890, 3988
-1406, 10216, 3084
-1534, 11068, 5688
-1066, 11384, 5030
-1428, 11692, 5950
-1386, 11630, 6358
-100, 11570, 6064
-378, 9672, 6580
-664, 9070, 6788
-776, 6638, 6178
256, 5378, 5850
-38, 3264, 6956
532, 2380, 6908
1364, 1350, 5748
280, 20, 5868
904, -1132, 4982
1548, -2454, 3450
62, -4030, 3168
170, -4678, 1874
920, -4924, 1772
1186, -5404, 690
1702, -5572, -2226
986, -7184, -2284
1512, -7274, -1964
2704, -7078, -5244
1938, -6770, -6232
1288, -7302, -6118
2564, -7668, -7812
2534, -6846, -7422
1878, -7152, -5846
1382, -6448, -5156
962, -6274, -3734
1286, -5572, -2722
1748, -3602, -2090
1724, -2786, -2678
-632, -1868, 952
-1942, 576, 4756
-2498, 586, 5586
-2146, 1574, 5130
-3316, 2882, 8182
-3346, 3134, 10318
-2648, 5378, 7350
-4124, 6204, 10846
-2338, 7880, 6730
-2912, 8916, 7242
-1704, 10298, 5792
-3712, 10224, 5618
-3582, 10412, 4718
-4364, 10770, 6114
-1714, 10448, 5056
-1722, 9774, 5052
-936, 8432, 3760
-1110, 7936, 4008
-650, 8204, 3628
*NOTE-2017.03.28@14:08:47 - 1
-612, 8274, 3948
-740, 8860, 4870
-190, 8904, 4376
-16, 10834, 4934
366, 10776, 4370
-18, 11290, 4766
-554, 11470, 5432
-1104, 11302, 5496
-1006, 10524, 5486
-1308, 9750, 6558
2, 8234, 5956
-784, 7264, 6828
-360, 6402, 6620
-626, 3802, 6628
-404, 2968, 7600
-28, 1910, 7164
1058, 1324, 6224
1022, -32, 5344
172, -1232, 6826
1168, -2436, 4138
-354, -3358, 4430
-184, -4156, 2436
676, -4880, 1702
700, -5146, 1178
2510, -5990, -2928
1136, -6380, -3454
202, -6332, -2878
1952, -6878, -6196
1426, -6210, -6578
2278, -7730, -8784
2510, -6982, -8130
2282, -6740, -7056
1590, -6844, -5642
1306, -6496, -4576
406, -6008, -3080
1392, -6114, -2632
262, -3444, 1440
1280, -4446, 856
840, -3308, 2336
284, -2450, 4326
28, -1048, 5436
-376, -378, 6822
-212, 1132, 5868
-1532, 2416, 7738
-2022, 3222, 7294
-2526, 5092, 7362
-3096, 5506, 8890
-1784, 7936, 6408
-3258, 8704, 7484
-3664, 9462, 8532
-1472, 10600, 5150
-1164, 10608, 3680
-2158, 10664, 4332
-1600, 10512, 5006
-1122, 10112, 5820
1148, 9500, 4428
1248, 8960, 4844
*NOTE-2017.03.28@14:08:50 - 1
142, 8330, 5558
-196, 8478, 5364
-1070, 8636, 4448
-2146, 8830, 4702
-1738, 9964, 4656
-1352, 11234, 5562
-718, 11512, 5564
-802, 11406, 5274
-1434, 11294, 6134
-1308, 10070, 5700
-2216, 8828, 6974
-972, 8276, 5832
204, 6400, 5806
540, 3626, 7048
1312, 2268, 6246
222, 1572, 7192
1056, 352, 5454
-592, -34, 6532
608, -988, 5904
1554, -2428, 4916
1668, -3544, 3594
1246, -4204, 3044
1304, -5010, 2260
770, -5756, 1270
1114, -6250, -758
720, -6568, -1512
804, -6878, -1910
1112, -7136, -3024
1776, -7004, -3744
886, -6882, -4482
1526, -7926, -8430
1322, -6926, -6884
2150, -7024, -6842
2724, -7074, -6332
1732, -6894, -5224
1066, -7194, -4412
650, -5600, -1152
912, -5338, 80
532, -4838, 130
364, -4140, 1738
628, -2868, 2944
650, -2046, 3408
-486, -804, 6440
1490, 406, 3944
-794, 2040, 5752
-562, 2712, 6694
-1186, 5504, 8574
-54, 6892, 7998
536, 8028, 8114
-1752, 8442, 8792
-4, 8970, 6300
-598, 10408, 5712
-116, 10786, 4684
-42, 12016, 4234
-902, 11886, 5648
-538, 10892, 6048
844, 9686, 4424
1378, 8692, 3776
436, 8112, 4036
*NOTE-2017.03.28@14:08:53 - 1
144, 8040, 4392
-18, 8372, 4052
-1698, 8816, 4794
-890, 9428, 4068
-460, 10084, 4362
210, 10976, 5592
546, 11254, 5970
708, 11658, 5700
362, 10976, 5788
-208, 9922, 6690
-122, 8828, 6200
-420, 7108, 6790
-736, 6612, 7494
-910, 4378, 6704
-224, 3320, 6816
-218, 2082, 7662
834, 840, 5818
796, 50, 5568
1194, -1342, 4794
380, -2938, 5246
630, -3750, 3902
1236, -4230, 2106
1126, -4870, 804
558, -5630, 112
1258, -6028, -1560
1472, -6630, -2306
1190, -6706, -2772
1632, -6722, -4600
1768, -6994, -5414
2260, -7204, -7648
2154, -6390, -8940
1418, -6926, -7688
1600, -6892, -7018
1336, -6584, -5364
598, -5838, -3352
578, -5014, -2122
160, -3930, -538
-312, -3834, 1048
-60, -2364, 3108
220, -2298, 3402
146, -624, 4626
-488, 702, 6096
-1264, 1554, 7984
-1224, 2820, 7458
-1284, 4978, 7960
-1788, 5922, 8708
-876, 8026, 7040
-2620, 8476, 8178
-1624, 9760, 6858
-1068, 10336, 5592
-1314, 10772, 4180
-2204, 11602, 4888
-1904, 11278, 5600
-1246, 10970, 6388
-548, 9708, 5592
-386, 8904, 5358
-366, 8218, 4846
-1084, 7894, 4978
-1228, 8270, 4540
*NOTE-2017.03.28@14:08:56 - 1
-1820, 8626, 4362
-1696, 9490, 4452
-1522, 10742, 5218
82, 10960, 5442
164, 11796, 6196
-98, 11620, 5502
-974, 11532, 6750
464, 10598, 5636
752, 9344, 6184
134, 7708, 6792
2092, 5276, 4784
176, 3958, 6764
582, 3006, 7002
686, 1542, 6342
-332, 458, 6544
550, -566, 5634
734, -1822, 4978
238, -2554, 4786
802, -3598, 3208
484, -4564, 1742
236, -5300, 1184
794, -5854, -468
822, -5912, -1506
2138, -6708, -2656
2260, -6566, -2920
2572, -6796, -4998
2028, -6912, -5642
1686, -6260, -6830
1900, -6964, -9292
1944, -6894, -8420
1136, -6424, -6392
1022, -6316, -4668
-150, -5624, -2262
-194, -6224, -1182
1044, -5406, -1280
1688, -4566, 642
2104, -2768, 1398
1636, -2190, 3702
1604, -1596, 5446
1984, -246, 4888
1772, 1124, 6814
1694, 1694, 6808
20, 3292, 6468
-1304, 4446, 8122
-1802, 5608, 7690
-1646, 7316, 8006
-3754, 7504, 9470
-1270, 9954, 6746
-1484, 10034, 5410
-2250, 10388, 5512
-1178, 10734, 4864
-2234, 10524, 5810
-3184, 10058, 6630
-1126, 8602, 3890
388, 8594, 3612
-680, 8228, 3950
-1002, 8256, 4764
*NOTE-2017.03.28@14:08:58 - 1
-796, 8406, 4778
-1764, 8400, 5038
-1588, 9652, 5366
-726, 10456, 4908
-782, 10892, 5590
-1094, 11316, 5888
-1674, 11154, 6480
-696, 10720, 5526
-958, 9496, 6754
-808, 8648, 6662
-748, 7158, 7044
204, 5968, 6838
-184, 4952, 7116
34, 2986, 7592
564, 2086, 6928
560, 590, 5078
-234, -954, 6164
996, -2338, 4866
646, -3018, 3606
394, -4432, 3432
588, -4930, 1334
808, -5208, 1086
1262, -5960, -270
1336, -5886, -1270
1212, -6100, -3158
1778, -6250, -5524
2032, -6278, -7044
2678, -6626, -8772
3492, -6670, -8792
2634, -6488, -7342
2154, -6296, -5918
1448, -5910, -4528
824, -5494, -1982
1566, -5164, -662
818, -4422, 464
222, -3804, 1336
-528, -3422, 2288
-1322, -1974, 4412
-862, -1172, 4892
-1380, 138, 4792
-2334, 1056, 6860
-1636, 3600, 8142
-2858, 4170, 8010
-1806, 6186, 7404
-4546, 6964, 7838
-4884, 7876, 6772
-4516, 8850, 6270
-3396, 9346, 3970
-3432, 10618, 4642
-3520, 11262, 4734
-2410, 10878, 5004
-1814, 10770, 5416
-1410, 9882, 5204
-392, 8892, 4022
*NOTE-2017.03.28@14:09:01 - 1
-990, 8366, 4434
-1632, 8054, 4588
-2066, 8096, 4466
-2210, 8338, 4150
-2524, 8558, 3796
-2206, 9888, 3938
-2006, 11150, 4850
-1248, 10886, 4900
-1380, 11152, 4780
-1098, 11150, 5410
-1162, 10268, 5742
-1390, 9264, 6550
-608, 7860, 6184
-1142, 6274, 6702
-608, 5386, 6798
-1308, 4276, 8226
-806, 3630, 7786
-918, 1990, 6984
-858, 896, 7130
636, -606, 5254
508, -1882, 5028
-298, -2802, 5340
-10, -3700, 3394
424, -4398, 1882
122, -4908, 994
1318, -5330, -552
2410, -5828, -2048
1808, -5692, -2760
1662, -6372, -2332
2936, -6882, -5478
3268, -6814, -8224
2580, -6454, -8772
3116, -7010, -8440
2594, -6806, -7284
1484, -6542, -5740
728, -5674, -4968
492, -5432, -4350
582, -3498, -1924
738, -2148, 796
1426, -992, 2354
1822, -230, 3458
1592, 820, 5068
124, 1726, 6162
-1842, 3046, 9200
-1536, 4292, 6692
-2560, 6482, 9160
-2056, 7064, 8534
-2060, 8790, 7624
-4342, 9800, 8300
-3400, 9526, 7188
-2968, 10900, 5956
-2150, 10622, 4280
-2894, 10720, 4990
-2804, 10238, 5590
-2140, 9806, 5082
-980, 8802, 3890
-614, 8170, 3938
*NOTE-2017.03.28@14:09:04 - 1
-942, 7896, 4120
-1174, 8464, 4692
-508, 8520, 4150
-898, 8896, 4340
-1196, 9170, 4532
-922, 10022, 4092
-188, 10500, 4604
50, 11032, 5382
-1260, 11150, 6094
-1016, 10896, 6172
-712, 10234, 6840
126, 8832, 6210
-934, 7660, 7596
-662, 6134, 6754
-450, 4672, 6806
-976, 3494, 7356
-546, 2182, 6508
-50, 796, 6390
74, 14, 5532
756, -1252, 5346
184, -2408, 5658
894, -3590, 3618
174, -4140, 3234
968, -4524, 970
1060, -5324, -310
1028, -5490, -666
1670, -6168, -2378
1364, -6348, -2874
1702, -6420, -4906
1706, -7382, -6382
1252, -6842, -7100
1578, -6972, -9214
976, -6706, -7798
1358, -6752, -7546
948, -6452, -5618
656, -6110, -4082
546, -5772, -2262
448, -5254, -854
1004, -4160, 294
2036, -3642, 1204
1448, -3020, 2512
832, -2414, 3728
404, -1318, 5124
484, -600, 5202
-1094, 876, 8020
-1456, 1442, 7230
-1570, 3666, 7196
-2122, 5154, 6410
-3534, 5998, 7276
-4756, 7972, 8010
-4670, 8820, 6842
-4758, 9398, 7730
-2136, 10300, 5026
-2750, 10806, 4510
-3758, 10250, 5856
-3464, 10076, 6580
-2242, 9722, 5334
106, 9178, 3510
-832, 8362, 4646
*NOTE-2017.03.28@14:09:07 - 1
-1380, 7866, 5200
-1482, 8078, 4572
-1840, 8456, 3934
-2208, 8856, 3528
-1802, 9574, 3774
-2026, 9730, 4854
-2294, 10596, 5822
-1942, 11126, 6124
-1722, 11586, 5688
-1994, 10680, 6434
-2022, 9496, 6634
-1340, 8290, 6480
-450, 6954, 6528
376, 5076, 6174
208, 3850, 6584
-2, 2682, 7480
558, 1618, 6202
-290, 470, 6568
1336, -346, 5340
624, -1712, 5908
810, -3080, 4536
990, -3424, 3610
1078, -4230, 2458
670, -4274, 2390
1150, -4840, -734
664, -5830, -1928
418, -6544, -2666
1194, -6180, -4166
1468, -6822, -5562
1486, -6484, -6600
2342, -7222, -8442
2378, -6904, -8838
2316, -6720, -7880
1944, -6404, -6856
1290, -6224, -5518
996, -5638, -4062
1314, -5184, -1332
2372, -4570, -2416
340, -3540, 160
-810, -2616, 3194
-508, -1866, 4372
-68, -432, 5282
-358, 544, 5944
-1518, 1696, 7382
-2102, 1858, 7490
-1678, 4588, 6934
-3710, 5776, 9124
-2034, 6910, 6828
-2862, 8094, 4876
-4528, 9628, 7198
-3562, 9096, 5556
-2612, 11594, 6356
-2064, 11466, 3906
-4744, 10574, 6630
-3306, 9526, 6282
-1986, 9386, 4996
-998, 8680, 4536
-106, 8170, 3870
-1040, 7986, 4426
*NOTE-2017.03.28@14:09:10 - 1
-1714, 8300, 4296
-2102, 8832, 4042
-1364, 9480, 3954
-1216, 9776, 4874
-1546, 10536, 6408
-2204, 11008, 6644
-1138, 11628, 6150
-1226, 10974, 5990
-1030, 9758, 5870
-1346, 8494, 6512
-906, 7474, 6320
-6, 5812, 7354
-928, 3822, 7128
-236, 3252, 7028
782, 1636, 5908
678, 712, 6894
1498, -482, 5510
1580, -1594, 3822
972, -2986, 3768
374, -3694, 2718
156, -4766, 3184
920, -5446, 126
130, -6504, -212
530, -6184, -1336
546, -6500, -2632
1078, -6758, -3798
1218, -7258, -5016
884, -7416, -5924
2154, -7146, -6612
2920, -7100, -6856
2536, -7164, -7312
2086, -6798, -6254
1472, -6794, -5520
904, -6068, -4218
498, -5624, -3124
938, -5156, -2540
274, -3342, -328
178, -2568, 1572
476, -1586, 2642
-204, -1020, 6180
862, 714, 4660
-126, 2754, 5808
-572, 3528, 6682
-1886, 5024, 9406
-1020, 7106, 7134
-2440, 8076, 9194
-1814, 8434, 7384
-2132, 9154, 7640
-1188, 10322, 6612
-590, 11402, 4758
-1568, 11082, 4648
-2370, 10778, 5728
-1980, 10656, 5864
-470, 9252, 3780
344, 9056, 3492
4, 8736, 3626
-550, 8280, 3382
*NOTE-2017.03.28@14:09:13 - 1
194, 8062, 3628
554, 8866, 3708
382, 9358, 3530
-736, 9456, 3960
-654, 10350, 4724
-662, 10944, 5012
370, 11208, 4110
-270, 11206, 5494
192, 10696, 5022
-388, 9878, 6008
-186, 8506, 6588
82, 7832, 6690
26, 6232, 6698
702, 4978, 6498
174, 4436, 7248
1000, 2752, 7698
506, 1492, 6978
-60, 238, 6324
402, -818, 5888
396, -2336, 5212
458, -3014, 4454
224, -3708, 3520
426, -4734, 1808
1586, -5318, 374
1114, -5664, 946
2326, -6360, -1486
1712, -6376, -2358
1240, -6632, -3584
1836, -6674, -5458
2078, -6800, -5908
3868, -6798, -8086
3902, -6624, -7164
4244, -6804, -7168
3302, -6836, -5862
2360, -6292, -4088
2070, -6616, -3786
736, -6062, -868
848, -5342, -878
1842, -5326, -716
634, -3832, 1770
1462, -3106, 1572
306, -1680, 3358
250, -1434, 3798
-762, 178, 5896
-900, 688, 6148
-1298, 2188, 7004
-2448, 3518, 8882
-1706, 5074, 9122
-1524, 5758, 7198
-2818, 6992, 8190
-3708, 7516, 8096
-2468, 8460, 5278
-2666, 9902, 6616
-1148, 10176, 3606
-2054, 10234, 4340
-2340, 10450, 4960
-1992, 10426, 5088
-266, 9312, 3290
-470, 8836, 3904
-1066, 8716, 3814
-1244, 8398, 3928
*NOTE-2017.03.28@14:09:16 - 1
-1098, 8326, 4404
-586, 8566, 4714
-976, 8924, 4264
-932, 9628, 4078
-1794, 10864, 4790
-790, 11190, 4172
-636, 10914, 4616
-2524, 11356, 6252
-3204, 10376, 7382
-2988, 9646, 6994
-3584, 8676, 7656
-2528, 7602, 7110
-1166, 6486, 5574
-1916, 4318, 7790
240, 3758, 5550
-188, 1624, 6472
-1288, 430, 7102
-74, -10, 5122
268, -1466, 6088
-324, -2524, 5120
54, -3662, 3864
374, -4130, 2946
820, -4876, 1088
-430, -5618, 1916
20, -5708, -732
196, -6410, -1534
1038, -6306, -1970
2136, -5954, -3518
2260, -5912, -4462
4238, -6528, -7256
3586, -6276, -7880
3866, -6560, -8736
3718, -6570, -8566
2426, -6282, -6790
1822, -6536, -5622
1030, -6426, -4536
690, -6334, -3630
506, -5248, -2594
434, -4662, -1982
226, -3858, -534
-184, -2022, 1862
630, -856, 3322
1130, 506, 4136
864, 1584, 4798
408, 3694, 4564
992, 6188, 4752
-2722, 7920, 9878
-476, 9820, 7890
-2744, 11302, 10802
746, 11044, 6648
-1352, 11682, 7724
-1306, 11180, 5910
-1718, 11048, 4992
-3222, 10664, 5586
-3674, 9792, 6130
-1930, 8870, 5082
-972, 8662, 5580
14, 7762, 4478
-1050, 7916, 4694
*NOTE-2017.03.28@14:09:19 - 1
-1504, 8252, 4624
-1524, 9008, 3078
-1466, 8850, 2696
-2196, 7762, 2878
-2464, 7358, 3132
-3540, 7256, 3948
-2130, 7190, 3478
-482, 6128, 3038
226, 5472, 1824
632, 5416, 3422
736, 4732, 2866
250, 5478, 2942
184, 6628, 3240
694, 5566, 4482
-6252, 6910, 19274
794, 2522, 1736
-6516, 1366, 10610
2532, -14, 3400
-2348, 3100, 7182
-1532, 678, 7736
-1728, 5488, 10136
2250, 3144, 8356
940, 1834, 8354
3022, 1440, 7974
4040, 5546, 14600
3764, -606, 5546
2746, 1622, 7828
4562, 1724, 4502
3090, 1458, 7636
4906, 1226, 7812
3284, 2258, 7398
3500, 2186, 5344
3598, 1800, 7288
4604, 2310, 6864
3654, 2304, 6442
3606, 1528, 6746
3792, 2366, 7270
4800, 2216, 6470
4440, 3164, 4780
4286, 2860, 7230
4150, 2158, 7558
3446, 2224, 6794
4312, 1830, 6704
3994, 2052, 7174
3998, 2158, 6574
3648, 2582, 6724
3396, 1930, 6986
3418, 2222, 6962
3720, 2000, 6842
3556, 2354, 6822
3100, 2334, 7032
3644, 2306, 7018
2908, 1512, 7950
3114, 2954, 8142
2570, 2984, 9326
3136, 5156, 8722
2438, 3046, 6626
4074, 1894, 4698
3094, 3276, 9202
4292, 2334, 6790
2892, 1510, 5842
2828, 2030, 6400
2012, 2180, 7566
2426, 2352, 6290
4416, 1244, 4352
844, -38, 6282
1636, 574, 7312
-1406, 828, 8098
-1908, 654, 8522
-1702, 544, 7304
-422, 2332, 8718
-1000, 474, 6704
-4460, -14, 7484
-6244, 914, 10636
-882, 1482, 6126
-2232, 1100, 8044
-2462, 416, 7710
-2120, 696, 7378
-2260, 1080, 7670
-1920, 1176, 7388
-1670, 1516, 7402
-1386, 1104, 6704
-3432, 562, 7864

-----------------------------------------------
Date: 28.03.2017 - 14:09:23
End log file
