Terminal log file
Date: 28.03.2017 - 14:15:42
-----------------------------------------------

%~>daq start

 DAQ started.
%~>quit
%~>-1336, 7746, 1572
-1734, 7750, 1782
-2224, 7932, 2738
-2756, 8130, 2846
-3226, 7604, 2308
-3450, 6634, 2172
-4020, 5876, 1498
-5292, 5658, 2394
-5292, 5240, 1636
-4858, 5346, 1076
-4518, 5694, 572
-5176, 5458, 588
-5092, 5636, 308
-5578, 5800, 1352
-5006, 5920, 1408
-4460, 6058, 1348
-4342, 6686, 1506
-4074, 6702, 2018
-4080, 7076, 2614
-4054, 7494, 2408
-4202, 7136, 2692
-3150, 6490, 3082
-2556, 6550, 2488
-2352, 6710, 3568
-996, 6622, 2272
-1806, 6872, 3668
-3330, 6374, 6022
-1774, 6204, 4464
648, 6854, 2890
-900, 6618, 4936
-730, 6904, 4802
*NOTE-2017.03.28@14:15:44 - 1
-270, 7266, 4488
-946, 7322, 4610
-968, 6938, 4394
-1782, 7228, 4938
-1600, 7230, 4442
-1362, 6850, 4926
-734, 7182, 3564
-916, 6876, 2986
-900, 6586, 3340
-136, 6576, 2270
-1290, 6742, 3560
-1018, 6026, 2664
-1136, 5848, 3486
-938, 5988, 3858
-1154, 6536, 4086
-550, 6990, 4384
-530, 7336, 4738
-406, 7612, 4028
-356, 7558, 4598
-474, 7306, 3248
-198, 7904, 1898
-376, 7480, 1940
656, 7268, 100
88, 8498, 388
-474, 9294, 1800
-1086, 8360, 384
-2280, 7936, 1422
-1014, 7848, 854
-994, 8144, 1454
-1154, 8042, 1536
-660, 8292, 928
-1670, 9114, 1230
-1526, 6748, 1658
-1162, 7772, 1782
264, 8176, 362
-446, 7840, 702
-450, 7678, 1004
-120, 7828, 974
-260, 7682, 1072
-394, 8252, 1190
-542, 8022, 1248
-398, 8102, 1136
-124, 7994, 942
-198, 7952, 1358
*NOTE-2017.03.28@14:15:46 - 1
-26, 8094, 1206
-288, 8028, 1786
-290, 8086, 2310
-1472, 8366, 2954
-1316, 7818, 4702
-572, 8618, 4956
-164, 9186, 5936
18, 9824, 6514
132, 10076, 6712
-76, 10212, 6828
22, 10150, 6796
-102, 9222, 6856
-570, 8886, 8244
538, 6674, 6286
-200, 4976, 6866
-1382, 4326, 7442
110, 2680, 6688
-42, 1436, 6598
-100, -160, 6476
800, -1066, 5804
1142, -1912, 5768
592, -2802, 4988
744, -3544, 3326
1058, -4270, 2136
1114, -5156, 976
1148, -5764, 602
1448, -6082, -1230
856, -6772, -1320
786, -6868, -1408
1362, -6724, -3382
1648, -7174, -5682
1650, -7360, -7472
1100, -7144, -7920
876, -6944, -7048
1582, -7002, -5090
1764, -6632, -4306
1092, -6602, -1928
428, -6906, -940
1088, -5926, -630
2006, -5920, -990
1142, -5172, 942
770, -4354, 2352
976, -3094, 3262
1204, -2062, 2768
1798, -744, 2944
280, -108, 3820
-598, 1820, 5236
-1662, 2950, 8144
-1774, 4010, 7254
-1748, 5712, 8856
-1728, 6822, 9410
-1110, 7972, 7258
-1274, 9378, 8180
-34, 9774, 4502
-486, 10892, 5854
318, 11498, 3518
-1750, 11540, 5670
-1952, 9840, 6294
-1082, 9408, 5840
462, 8610, 3828
-218, 7666, 3766
-162, 8270, 3126
-364, 8224, 3668
-128, 8512, 3492
-398, 9298, 3346
*NOTE-2017.03.28@14:15:49 - 1
-594, 9360, 2878
-560, 9488, 3290
320, 10608, 2972
-630, 10508, 5220
1128, 10866, 5060
888, 10872, 6556
1394, 10710, 6248
1196, 10002, 6918
200, 10348, 7766
952, 8322, 6530
298, 6146, 6496
-578, 3674, 5922
-1140, 3194, 6940
396, 1276, 5054
-260, -86, 6532
350, -504, 6368
1536, -1164, 3988
1082, -2730, 3294
252, -4190, 2708
712, -4710, 2302
2000, -4850, 176
2400, -5818, -2058
1512, -6204, -1594
1046, -6242, -1828
1216, -6706, -3812
1054, -6564, -4758
2288, -6880, -6964
2468, -7078, -9098
1816, -6896, -9656
1242, -6494, -7716
1480, -6240, -6272
1520, -6674, -5968
1038, -6830, -4172
622, -6710, -2838
662, -5998, -1830
1204, -4986, -6
1412, -4264, 666
504, -4084, 2492
850, -3316, 3346
1320, -1560, 3854
170, -1764, 5422
-128, -186, 4822
-1174, 1566, 8024
-482, 1566, 7392
8, 3922, 6088
-2246, 5758, 9486
-1352, 7008, 5406
-3748, 8110, 9054
-2422, 8794, 5304
-3564, 10442, 9566
-1022, 10484, 3900
-3506, 10180, 5622
-3534, 9636, 5012
-3686, 9542, 5506
-3058, 9526, 5370
-1204, 9182, 3840
-892, 8694, 3600
-1692, 7734, 3742
-1720, 7668, 3742
*NOTE-2017.03.28@14:15:52 - 1
-1472, 8222, 4010
-1606, 8400, 4012
-1994, 8960, 5010
-1032, 10108, 4774
-756, 10728, 5900
110, 11026, 4954
-86, 11510, 5854
-130, 11656, 6098
368, 10752, 5930
434, 9106, 6124
340, 8206, 6792
-812, 6738, 7216
-178, 5548, 6378
620, 3824, 6428
1322, 2552, 6038
1356, 906, 6318
878, -204, 5760
1560, -1248, 5212
-102, -2592, 5320
160, -3200, 4246
786, -4392, 1056
146, -4742, 2182
1980, -5452, -2
2484, -5578, -1678
2278, -6368, -2712
1576, -6890, -3220
1636, -6804, -5188
1318, -6946, -5802
1224, -7420, -7150
1220, -7196, -7780
902, -6868, -6594
1512, -7088, -6316
1492, -6602, -4804
986, -6468, -3914
790, -6122, -2142
1732, -5626, -1660
1190, -4398, -518
268, -3558, 2478
1516, -3360, 2714
1530, -2630, 3952
1242, -1282, 4924
92, -1176, 6894
750, 416, 4754
-290, 2732, 7628
-472, 2440, 6620
174, 4810, 7838
-514, 6082, 7456
-2178, 6684, 8088
-1170, 8844, 7286
-2786, 8582, 8690
-736, 9396, 5966
-1562, 10170, 5468
-2158, 9682, 4950
-2196, 9536, 4822
-2258, 9570, 6062
-1518, 9096, 5134
-1310, 8508, 4330
-6, 8622, 2806
12, 9990, 5428
-1076, 8374, 4646
-134, 8604, 3458
*NOTE-2017.03.28@14:15:55 - 1
-1024, 8136, 3696
-1260, 8560, 3870
-1362, 9388, 4322
-1890, 9912, 5580
-1260, 10454, 5674
-1440, 10216, 6230
-1474, 10068, 5714
-1304, 9538, 5812
-1382, 8256, 7138
706, 7544, 4788
-540, 6136, 7508
292, 5002, 7468
208, 4134, 6482
352, 3068, 7466
268, 1610, 7574
868, 870, 6930
1430, -256, 6204
1340, -1370, 5252
782, -2800, 5030
130, -3966, 4394
-386, -4174, 3898
468, -4548, 2198
1876, -5084, -388
648, -6228, -378
1084, -6414, -1866
664, -6682, -1830
1550, -6810, -3126
2398, -7064, -6418
2838, -7050, -7012
2928, -7418, -8010
2026, -7110, -5982
1870, -7262, -5352
1420, -6910, -4022
326, -6186, -1354
1024, -6438, -782
1136, -5494, 36
1492, -5158, 1050
-262, -4564, 2758
438, -5362, 2508
508, -2366, 3514
1008, -1720, 4410
1834, -662, 5882
2424, 594, 4894
16, 2638, 8012
-462, 2722, 7624
384, 4088, 7694
-816, 4868, 7170
-916, 6170, 7472
-1770, 6596, 8704
-1484, 7786, 6324
-2244, 8342, 6674
-1458, 8792, 5580
-710, 9764, 4714
-546, 9976, 4192
-870, 10224, 4306
-1650, 9728, 5376
-1782, 9364, 5506
-1124, 8750, 4082
-832, 8216, 2742
*NOTE-2017.03.28@14:15:58 - 1
-1556, 7914, 3274
-1732, 7800, 4122
-1696, 8594, 4560
-1090, 8700, 3422
-2150, 8456, 4388
-1772, 9392, 4932
-1076, 10340, 4280
-764, 10812, 5406
-808, 10824, 5834
-644, 10942, 6186
-620, 10826, 6544
-774, 9728, 7412
488, 8322, 6408
-626, 6876, 7136
14, 5832, 7018
12, 4026, 6234
204, 2644, 6386
790, 1478, 6052
366, 104, 6282
296, -1538, 6208
960, -1676, 4784
56, -3178, 4614
768, -3990, 2524
652, -4952, 2300
758, -5170, 272
522, -5904, -82
1148, -6186, -992
1048, -6402, -2136
1298, -7104, -3736
1934, -7060, -5312
1898, -7144, -5940
2398, -7484, -7684
2656, -7576, -7304
2328, -6980, -5890
2304, -6834, -5102
1628, -6602, -3990
548, -6896, -2268
696, -6380, -1596
912, -5552, -710
1072, -5080, 438
776, -4540, 1810
434, -4362, 3698
1040, -3352, 4194
862, -3156, 4816
234, -1392, 6666
380, -1866, 5480
-410, 216, 7738
322, 614, 6962
-464, 1460, 7924
-898, 3238, 7480
-2062, 4674, 8326
-1556, 5766, 6670
-3192, 6242, 8956
-2178, 7310, 5256
-3090, 8832, 6892
-1372, 9358, 4838
-1484, 10266, 4526
-1674, 10936, 4746
-2454, 10612, 6196
-1974, 9870, 6116
-540, 9158, 4784
-1076, 8002, 4870
-1786, 7836, 5152
-2138, 8038, 5086
*NOTE-2017.03.28@14:16:01 - 1
-1820, 8480, 4198
-2220, 8844, 4886
-1744, 9770, 4770
-1138, 10336, 5170
-1146, 10950, 5526
-1076, 11082, 6444
-504, 10964, 6136
-492, 9890, 6446
-116, 9072, 6330
-778, 7328, 6958
-26, 6404, 6206
-578, 5496, 6806
178, 3788, 6474
130, 1926, 6670
572, 828, 6392
330, -342, 6142
558, -1420, 5804
774, -2186, 5342
586, -3138, 5154
858, -3622, 3460
464, -4524, 2098
620, -4918, 1316
1298, -5730, -208
2052, -5734, -1640
1668, -6178, -2280
1942, -6222, -2974
2600, -6834, -5054
3240, -6576, -6198
3950, -6834, -7818
3592, -6638, -8292
2992, -6578, -7100
2380, -6850, -5314
1882, -6540, -4102
1626, -6172, -3322
1364, -6074, -1592
1574, -5544, -666
1886, -4758, -418
700, -4018, 1144
300, -3150, 2402
366, -1908, 3880
218, -1472, 4658
-208, 4, 5856
-924, 252, 6080
-2110, 2156, 7702
-2080, 3178, 8220
-2622, 3972, 7774
-2088, 6484, 7172
-3242, 7306, 7840
-3194, 8980, 8924
-2380, 9314, 5652
-4662, 10596, 8240
-2470, 9646, 5604
-2598, 9834, 5936
-2354, 9510, 6292
-1298, 8590, 4728
-972, 8480, 4050
-1768, 8104, 4014
-1852, 8324, 4082
-1106, 8240, 3240
*NOTE-2017.03.28@14:16:04 - 1
-658, 8370, 3184
-1076, 8500, 3938
-1432, 8922, 4244
-1372, 9124, 5232
-538, 10414, 6432
-14, 11296, 6410
-616, 11698, 6890
-708, 12076, 6726
-958, 10690, 6256
-2208, 9298, 7558
-1344, 8210, 6386
-1270, 6060, 6024
-1348, 4282, 5550
-1502, 3228, 7102
-102, 1526, 5468
-302, 300, 5726
146, -712, 6080
974, -2040, 4490
176, -3340, 3974
-356, -4086, 3706
902, -4434, 1774
568, -5348, 866
864, -5704, -170
1726, -6136, -2038
1646, -6428, -2716
1678, -6362, -3184
2482, -6880, -5282
2396, -6598, -5928
3286, -6976, -7450
2828, -6880, -7650
2258, -6546, -6946
2262, -6998, -6388
1464, -6790, -4464
638, -6522, -2864
668, -6782, -1688
1736, -5386, -1700
1992, -5194, -592
774, -4710, 1784
30, -4226, 4596
1360, -3996, 3780
1618, -2508, 4620
776, -2570, 6512
1064, -1292, 6850
-516, -474, 8902
100, 120, 5386
-892, 1370, 7668
-164, 1972, 7144
-1080, 3782, 6082
-2532, 5444, 7712
-1502, 5714, 6350
-2968, 7486, 7860
-2660, 8210, 5492
-2658, 8666, 6256
-1016, 10518, 4840
-618, 11218, 3872
-2258, 10936, 5630
-2588, 10270, 6842
-740, 9762, 5036
-66, 8576, 3670
-174, 7988, 3498
-1150, 8052, 3934
*NOTE-2017.03.28@14:16:07 - 1
-1312, 8288, 3992
-1496, 8478, 3892
-1612, 8424, 3738
-1960, 8616, 4024
-1492, 10152, 4018
-744, 10430, 4644
-874, 10858, 5958
-792, 11240, 6382
-956, 10854, 6836
-884, 10404, 7368
66, 8752, 6238
270, 8044, 6370
568, 6292, 6202
-440, 5658, 6986
372, 3980, 7090
1414, 2664, 6600
1560, 1434, 6610
1128, 290, 6120
1916, -1124, 4634
1302, -2314, 4592
1564, -3570, 2630
570, -4350, 2644
754, -4926, 1324
646, -5810, 324
534, -5964, -544
1312, -6000, -2374
980, -6760, -1388
2352, -6690, -2868
3046, -6670, -4092
2862, -7078, -5938
3674, -7556, -7604
2622, -6958, -5844
2210, -7352, -6064
1148, -7114, -3528
1134, -7468, -4088
700, -7092, -2852
448, -6768, -1282
644, -6458, -1280
820, -5608, -298
734, -5158, 722
794, -4398, 1730
772, -4160, 3332
1304, -2958, 3564
1000, -1556, 4588
180, -332, 5086
-382, 914, 7598
244, 1922, 6988
-444, 4160, 8110
-430, 4482, 8522
-308, 5838, 6568
-2174, 7392, 9000
-1064, 8090, 5308
-3980, 8954, 8066
-2954, 8756, 4970
-3134, 10292, 5498
-2232, 10458, 4060
-2384, 10712, 5260
-2390, 10500, 5868
-1640, 9582, 5234
-956, 8682, 3858
-1042, 8496, 3856
-1376, 8032, 3810
-1594, 8272, 4082
*NOTE-2017.03.28@14:16:10 - 1
-1628, 8442, 4120
-1552, 8476, 3976
-1426, 9306, 4692
-1032, 10550, 4606
-686, 10744, 4604
-1470, 11072, 6124
-862, 11024, 5740
-890, 10682, 6084
-310, 10278, 7284
210, 8472, 5684
-30, 6754, 6338
-336, 5500, 6560
-230, 4060, 6296
114, 3190, 6826
-56, 1544, 7740
-82, 662, 8544
1320, 30, 5294
590, -1224, 5856
1004, -2350, 4188
1140, -3646, 2300
-300, -4298, 2744
808, -4602, 754
1410, -5986, -728
596, -6124, -112
1314, -6260, -1910
390, -6366, -2450
1738, -6678, -4948
2104, -7016, -7770
1476, -7088, -8824
1868, -6974, -8970
1488, -6594, -6900
1578, -7044, -5614
826, -6588, -3806
316, -6522, -2752
1680, -5568, -2506
1806, -4616, -286
1886, -4012, -390
590, -3130, 2844
388, -2330, 4756
1370, -2100, 4414
1124, -98, 4770
-174, 1470, 7146
-80, 1408, 7360
-758, 3412, 7204
-626, 5300, 7436
-290, 5016, 6988
-874, 7918, 6504
-2554, 8048, 7578
-194, 10092, 6466
-1808, 10902, 6212
-1502, 11530, 6040
-1762, 11172, 5122
-2350, 10968, 6094
-1918, 10158, 6410
-304, 8976, 4970
546, 8856, 3532
162, 8628, 3378
-494, 8340, 3898
-560, 8198, 3966
*NOTE-2017.03.28@14:16:13 - 1
-600, 8556, 3766
-1214, 8820, 4004
-1004, 9324, 3830
-542, 10006, 4164
-200, 10272, 4944
-26, 9966, 5122
-540, 10152, 5990
-166, 9816, 6402
-448, 9118, 7270
-6, 7876, 6282
-940, 6942, 8280
246, 5762, 6670
-818, 5134, 6952
-816, 3328, 7310
-22, 2370, 7094
286, 1074, 6548
360, -236, 5864
184, -1488, 5330
-272, -2336, 4928
562, -2908, 3764
1178, -4248, 1944
1310, -4996, 914
616, -5646, -610
-194, -6504, -456
1128, -6382, -1758
1604, -6778, -2520
1208, -6690, -3826
2358, -6846, -5954
2222, -6984, -6858
2168, -6786, -7724
2660, -6906, -8008
2044, -6924, -6338
1612, -6882, -5376
1370, -6802, -4300
1312, -6554, -2194
1218, -6470, -764
1398, -6308, -336
820, -5690, 798
542, -5186, 544
48, -4438, 1220
-668, -3502, 3512
-310, -3362, 4552
458, -2122, 4546
-66, -434, 5828
-1182, 452, 6044
-1444, 1422, 5458
-2804, 3800, 7496
-2560, 3688, 7604
-2522, 6264, 7850
-3026, 7210, 8294
-3770, 7660, 7372
-4588, 8874, 10386
-1600, 9480, 3650
-4344, 9144, 5020
-4226, 9552, 4544
-4382, 9870, 5058
-3066, 9844, 5266
-1594, 9422, 4640
-34, 8864, 3524
382, 8460, 3426
-524, 8526, 4298
*NOTE-2017.03.28@14:16:16 - 1
-966, 8418, 4326
-828, 8600, 3860
-1370, 8618, 3838
-2014, 9086, 5206
-1158, 10814, 4422
-226, 10952, 4644
-228, 11138, 5660
-482, 11150, 5760
-522, 10496, 5968
-394, 9690, 6358
-140, 8322, 6100
1058, 7140, 5482
-576, 6346, 6954
-646, 5488, 6834
-262, 3716, 6632
-600, 1724, 7110
-348, 872, 6570
-474, -196, 5564
-204, -1604, 4910
164, -2832, 4572
-140, -3528, 4300
-336, -4378, 4286
578, -4812, 1404
636, -5192, 608
574, -5974, -716
1474, -6280, -2626
1758, -6570, -1896
1986, -6676, -1752
3220, -6830, -3912
2500, -6896, -4602
3414, -7254, -7056
2624, -6622, -7158
2736, -7342, -7264
2162, -6918, -6128
1066, -6916, -3946
1344, -6910, -4854
784, -6668, -3248
246, -5894, -1430
1404, -5298, -1190
1478, -5084, -222
336, -4234, 2254
188, -3458, 3256
536, -3040, 3698
-914, -2712, 4916
-570, -1602, 4790
-1128, -92, 5680
-1368, 902, 6542
-1016, 2924, 8084
-980, 3404, 4148
-5812, 5508, 9324
-5260, 6690, 8556
-4266, 7272, 6808
-5890, 8286, 7052
-4556, 8906, 5420
-5468, 8688, 6318
-5428, 9220, 4988
-5040, 8946, 4712
-5620, 8782, 5246
-4242, 8814, 4640
-2330, 8328, 3028
-1342, 8110, 2820
*NOTE-2017.03.28@14:16:19 - 1
-1470, 8096, 3066
-1634, 8170, 3834
-1224, 8236, 4422
-1028, 8646, 4128
-2336, 8666, 5096
-1932, 9626, 4536
-1462, 10464, 4196
-1364, 10426, 4900
-1786, 10648, 5742
-1192, 10536, 5650
-758, 9896, 5926
-736, 8858, 5870
-364, 7650, 5728
-1714, 6476, 7868
-50, 5312, 6312
-1772, 4898, 7582
-666, 2888, 7158
-896, 2078, 7978
-336, 866, 7248
-566, -168, 6276
210, -1054, 5346
436, -2104, 4724
-18, -3382, 4338
-202, -3914, 2822
224, -4718, 1600
1356, -5312, -26
692, -6084, 212
1076, -6090, -704
1042, -6688, -2204
1216, -6472, -2854
2346, -6608, -5348
2298, -7050, -6410
2774, -7004, -8150
2452, -7104, -7780
2604, -6878, -6792
2222, -6810, -5352
1666, -6746, -4038
1572, -6294, -2886
1212, -6392, -24
836, -6658, 1406
1322, -5856, 1616
834, -4580, 1682
-312, -5266, 2174
-938, -3690, 3142
-254, -3176, 3022
-634, -2572, 5716
-368, -1070, 4060
-2252, -82, 6476
-2402, 120, 8826
-1478, 2642, 5954
-1674, 3722, 9010
-1164, 4270, 6274
-2680, 6352, 5278
-3626, 7234, 7916
-3756, 7024, 6416
-4002, 8238, 7132
-4038, 8924, 5540
-3440, 9008, 4664
-3332, 9406, 4764
-3076, 9846, 5352
-3170, 10152, 6406
-1668, 9132, 4722
270, 8660, 2934
-800, 8518, 3686
-1752, 7940, 3792
-1794, 8210, 3830
*NOTE-2017.03.28@14:16:23 - 1
-1632, 8420, 3478
-2512, 9112, 5096
-1962, 9338, 4786
-1432, 9860, 6062
-886, 11262, 6394
-282, 11512, 6330
-746, 11716, 6382
-316, 10424, 6152
-962, 9474, 5294
-810, 7694, 5778
120, 5300, 4930
-1840, 4682, 6146
-1348, 3046, 7188
-550, 1860, 6348
-1050, 664, 7408
-360, -436, 7066
514, -1224, 6284
736, -1976, 5770
908, -3054, 4676
616, -3830, 3752
-376, -4104, 3812
-260, -4996, 2858
1528, -5578, 436
1888, -5728, -56
2266, -6062, -1612
1616, -6294, -1948
944, -6148, -3154
2550, -7012, -6026
2114, -7134, -7096
2172, -7558, -8302
1490, -6888, -8108
734, -7058, -6716
1080, -6768, -5816
584, -6932, -3726
230, -6432, -2182
332, -6812, -1762
1276, -5684, -326
1802, -5216, -244
2106, -5064, -298
388, -3844, 2944
1070, -3114, 3652
1104, -2416, 3894
-118, -2034, 5564
-834, -442, 6364
-928, 576, 5846
-1222, 1826, 7142
-1854, 2766, 8524
-1862, 4620, 6476
-3730, 5470, 9346
-2692, 6940, 5540
-5970, 7862, 8918
-2990, 8206, 4252
-5200, 8872, 7388
-2888, 9214, 4542
-2588, 9926, 3886
-2702, 10854, 5196
-3272, 10008, 6364
-2256, 8786, 5408
-1140, 8416, 3858
-1158, 8272, 3322
-1122, 8156, 3446
*NOTE-2017.03.28@14:16:26 - 1
-932, 8250, 3896
-1176, 8560, 4108
-2040, 8256, 4532
-2280, 9218, 5248
-1416, 10724, 4998
-1528, 10668, 5476
-986, 11128, 5376
-1724, 10538, 6582
-1466, 10140, 5722
-980, 8548, 6308
-278, 7724, 5212
-2048, 6768, 6894
-888, 5144, 6582
-320, 3678, 6574
-102, 2750, 7086
-148, 1592, 6892
-1028, 102, 7380
466, -780, 5348
-288, -1846, 6774
1130, -2726, 3864
44, -3562, 4492
18, -4562, 1630
-78, -5144, 1496
146, -5724, 636
726, -6512, -560
1242, -6664, -1102
1664, -6448, -2832
1840, -6590, -4392
1880, -7018, -4958
2254, -7166, -6518
2350, -6996, -7590
1632, -6730, -7174
2108, -7058, -6786
1308, -6602, -4938
1334, -6742, -4348
1146, -6334, -2680
944, -5774, -1206
564, -5948, 438
1448, -4990, 852
1828, -4914, 1184
1528, -3440, 2360
980, -1878, 4944
1136, -1944, 3728
752, 172, 4556
-494, -104, 7148
-642, 800, 5630
-840, 3316, 6864
-2912, 4482, 8030
-2800, 5952, 7412
-4518, 6718, 9850
-3924, 7184, 6060
-6550, 7708, 9410
-3482, 8348, 5800
-4222, 9010, 5104
-4916, 8526, 5292
-4356, 8842, 5500
-3640, 9182, 5714
-1914, 8724, 4178
-866, 8600, 3232
-708, 8504, 2988
-1588, 8248, 3774
-924, 8072, 3256
-1172, 8330, 4126
*NOTE-2017.03.28@14:16:29 - 1
-998, 8480, 3754
-1924, 8396, 4564
-2214, 9136, 5318
-1460, 10522, 5010
-1452, 10280, 5578
-1540, 10842, 5970
-1178, 10392, 5604
-978, 9540, 5104
-1142, 8270, 6002
-1180, 7304, 6436
-1952, 6350, 7370
-804, 4728, 6120
-1590, 3298, 6728
-950, 2174, 7176
-944, 1318, 7552
-644, 564, 7608
-320, -536, 7018
-554, -1412, 5850
-594, -2584, 5356
-572, -3566, 4512
-864, -4354, 3622
-500, -4790, 2984
888, -5232, 1298
-102, -5510, 1900
884, -6230, -1204
716, -6690, -1588
1654, -6414, -2274
2074, -6932, -3576
2042, -6646, -3774
2282, -6716, -4912
3380, -6922, -7152
3532, -7194, -8198
3302, -6982, -7834
2660, -6910, -5912
2488, -7050, -5498
1768, -6648, -4466
958, -7236, -3462
972, -6864, -2440
794, -6700, -1152
1642, -5932, -1880
732, -5370, 966
1280, -5046, 1298
1334, -4460, 2174
494, -3688, 3884
500, -2350, 4744
-198, -2628, 6318
214, -2090, 3790
-2368, -346, 5966
-2058, 742, 5416
-2056, 2522, 6150
-4220, 3200, 8794
-2548, 4262, 7270
-3614, 5354, 9920
-2944, 6878, 7932
-4012, 6852, 9166
-2042, 7616, 6876
-3782, 7444, 6778
-3100, 7494, 4074
-3142, 7584, 4956
-1418, 8452, 3096
-2966, 8980, 4852
-3868, 8472, 5688
-3388, 8124, 4992
-2436, 8524, 4216
*NOTE-2017.03.28@14:16:32 - 1
-296, 8228, 2876
-6, 8026, 3716
432, 8358, 2916
1166, 8774, 3314
380, 8492, 4162
1306, 8036, 2426
400, 8300, 1942
1026, 7556, 904
-2222, 7870, 2830
-1632, 6622, 2616
-2162, 5564, 2966
-2180, 5636, 4028
-1964, 4748, 3176
-1950, 4894, 3358
-1522, 5888, 1482
-2606, 6264, 5038
-2370, 6908, 4094
-1464, 6874, 4812
1598, 9218, 8182
-160, 5362, 7520
-6, 3566, 5256
974, 3472, 6284
136, 7256, 10922
496, 4828, 7888
3600, 2800, 8520
1482, 1316, 6364
-70, 3298, 6770
1414, 6062, 7360
1982, 2196, 9444
1092, 428, 7010
1996, 1050, 8060
2280, 712, 7608
2700, 1024, 7250
2240, 622, 7768
3156, 922, 7030
3208, 1896, 7566
2032, 1676, 7116
2964, 1750, 6376
2746, 1316, 7320
2896, 1672, 7594
2714, 2436, 7340
2336, 1440, 7220
1958, 1776, 7950
2400, 1840, 7264
2782, 2062, 6738
1842, 2690, 8362
2560, 2350, 7434
2188, 2492, 7278
1508, 2542, 6804
6346, 8510, 10290
428, 3506, 9182
2636, 3812, 6872
1308, -362, 5604
1770, 2262, 7310
3074, 2068, 7360
2602, 890, 7152
1920, 1912, 7922
730, 1540, 8120
884, 1478, 8218
1780, 1626, 10016
1348, 378, 6518
868, 794, 9722
1490, 2048, 8164
100, 234, 4050
720, 2570, 7272
2686, 1732, 8572
2856, 1550, 9586
2124, 1426, 7548
744, -202, 3602
-4934, -290, 8824
-3964, -3052, 7268
1598, -4234, 5730
2368, -354, 4908
-6190, 4206, 10108
-8168, 3726, 10686
-2174, 3776, 2372
11638, 1570, -1422
6664, -70, -106
336, 1988, 5046
1772, 1740, 5096
468, 2690, 7800
856, 3032, 9514
2750, 2640, 9106
3144, 1632, 8952
1400, 1970, 8722
1236, 992, 7914
-512, 1276, 9890
744, 1128, 8204
1078, -68, 6258
*NOTE-2017.03.28@14:16:36 - 1
468, -84, 6304
-2252, -198, 8114
-576, 12, 3654
-3224, -1570, 8648
-3724, -194, 8188
-3254, 816, 7230
-6196, 216, 7870
-5242, 286, 7524
-3382, 954, 4078
-6122, 1894, 5586
-5730, 1054, 2848
-6814, 530, 1974
-8096, 466, 4126
-6506, -572, 2480
-6884, -1404, 1066
-7416, -1534, 4032
-6654, -1830, 1868
-11142, -2038, -22
-8398, -2964, 874
-8858, -1836, 2188
-7864, -710, -1528
-8382, -366, 756
-7298, -1020, -590
-7732, -638, -328
-8732, -668, 2
-7988, -610, -858
-8406, -810, -534
-7642, -696, -500
-7778, -1032, -14
-7816, -956, 94
-7996, -610, 610
-7806, -466, 622
-7826, -650, 670
-8314, -710, 1180
-8404, -652, 852
-8276, -436, 1444
-7716, -712, -16
-8072, -732, 800
-7842, -578, 666
-8056, -578, 862
-8144, -494, 762
-8264, -690, 710
-7874, -818, 516
-7706, -720, 258
-7546, -622, -480
-7574, -1340, -1380
-8848, -854, 8
-7810, -1114, -1526
-8360, -974, -1454
-7752, -1042, -884
-7912, -1128, -1520
-7772, -1090, -1358
-7852, -860, -1046
-8506, -868, -36
-7720, -788, -702
-8074, -964, -794
-7182, -830, -610
-8078, -908, -818
-8052, -838, -1146
-8166, -776, -1176
-7794, -1064, -1462
-8208, -718, -944
-7886, -1072, -1844
-7674, -1084, -2022
-7884, -922, -1766
-7688, -1012, -1896
-7762, -1186, -2140
-7786, -1034, -1962
-7682, -1064, -2050
-7866, -1026, -1878
-7952, -1006, -1782
-7792, -936, -1656
-7972, -1044, -1484
-8066, -944, -1004
-7536, -920, -1376
-7512, -906, -924
-8136, -870, -432
-8092, -972, -832
-8272, -1106, -1034
-7706, -1070, -1396
-7470, -1126, -1628
-7728, -1118, -1506
-7886, -1324, -1582
-7856, -1272, -1618
-8108, -1180, -1426
-7756, -1124, -1372
-7812, -1176, -1238
-7748, -1248, -1474
-7934, -1134, -1458
-7774, -1066, -1408
-7890, -1054, -1012
-8412, -1110, -592
-8342, -1066, -826
-7898, -1154, -1160
-7706, -1018, -1058
-7842, -1050, -986
-7986, -1048, -934
-8064, -1060, -1012
-7980, -1120, -1048
-7934, -1128, -980
-7938, -1104, -1056
-7996, -1096, -962
-7906, -1162, -792
-7764, -1190, -904
-7976, -1042, -202
-8134, -968, -620
-7288, -1420, -746
-8282, -1340, -718
-8340, -872, 10
-7938, -762, -180
-8036, -1418, -862
-7946, -1000, -60
-7454, -1142, -906
-7702, -988, -1170
-8482, -1182, -460
-7662, -972, -814
-8206, -914, -390
-7824, -1052, -738
-7936, -776, 256
-8014, -770, -888
-7996, -694, 580
-8230, -1240, -998
-7978, -702, 26
-8270, -736, -406
-7846, -1240, -1012
-8196, -1060, -594
-7692, -782, -1018
-7654, -954, -1072
-8248, -1124, -540
-7880, -948, -730
-7550, -884, -796
-8136, -980, -624
-8324, -948, -370
-7388, -1076, -290
-9204, -1350, -822
-7756, -1220, -958
-8042, -924, -326
-7490, -1228, -1076
-7936, -1252, -1058
-7996, -358, -418
-8120, -1446, -1188
-7676, -1100, -438
-8112, -122, 834
-8428, -1196, -1236
-7706, -1182, -1278
-8936, -722, -60
-6720, -398, 846
-8584, -1126, -462
-8020, -1230, -564
-8576, -1000, 218
-7910, -740, 226
-8422, -1418, -400
-8298, -758, 532
-8174, -654, 224
-8692, -988, 128
-7484, -684, -50
-7862, -1434, -614
-7442, -956, -716
-7648, -1002, -508
-7814, -1014, -542
-7786, -952, -442
-8004, -1258, -838
-7832, -1196, -986
-7960, -1650, -1732
-8458, -1280, -810
-8268, -500, -574
-7826, 70, -878
-8288, -94, -462
-8014, -224, -12
-7192, -352, 230
-7680, -116, 94
-9154, -934, -214
-7730, -1254, -952
-8866, -852, 1366
-7026, -1492, -1156
-8768, -1334, -386
-7830, -1548, -1052
-7896, -708, 320
-7972, -1028, -538
-8700, -1390, 432
-7998, -1648, 68
-7764, -1660, 60
-8118, -1028, 176
-7768, -274, 100
-7496, 156, 636
-7632, -242, 1348
-7358, -756, 1864
-8286, -906, 2070
-7874, -1046, 1640
-7206, -936, 1796
-7888, -718, 2054
-7610, -1224, 1386
-7696, -864, 1798
-7418, -838, 1480
-7652, -1184, 1650
-7698, -1216, 886
-9382, -666, 2784
-8260, -1160, 752
-8202, -1190, 486
-7580, -1232, 900
-8142, -1194, 1374
-7662, -1462, 1242
-7892, -828, 2644
-6630, -1128, 2508
-7096, -1408, 2896
-7084, -1372, 2470
-7208, -1398, 2566
-7102, -1508, 2152
-7424, -1380, 2440
-8250, -1522, 2782
-7464, -1370, 2958
-7568, -1404, 2970
-7746, -1536, 3614
-7594, -1418, 4366
-5766, -1166, 4010
-6078, -1086, 5488
-5304, -1744, 5864
-3420, -1558, 7752
-3238, -1376, 7836
-1950, -2242, 7216
-2268, -2496, 6530
-3856, -2132, 7232
-3694, -2564, 5374
-4074, -890, 5266
-4544, 960, 5676
-3814, 3060, 6852
-3336, 3752, 7430
-2288, 4232, 7236
-2034, 3372, 7982
-1186, 2766, 7582
-686, 2866, 6820
-990, 2462, 7148
-1366, 2010, 7452
-1258, 2074, 7298
-1768, 2456, 7850
-2114, 2788, 8348
-608, 2720, 8256
-406, 3728, 7630
-1170, 3504, 7502
-1540, 2406, 7430
-1838, 1054, 7470
-2122, -376, 6272
-3394, 500, 6496
*NOTE-2017.03.28@14:16:49 - 1
-5108, 1362, 6446
-4688, 2424, 5646
-4390, 1186, 5158
-3720, 788, 5846
-3622, 586, 7482
-2714, 376, 8482
-3312, 506, 8376
-2652, 478, 8062
-3084, 1342, 7188
-4480, 1694, 8672
-8742, 3526, 10760
-1852, 2990, 5616
-2842, 3266, 6838
-4010, 5056, 5932
-3332, 2546, 6268
-3468, 2996, 6710
-2774, 3090, 7536
-3052, 2252, 7076
-2402, 1948, 7170
-2158, 1870, 7382
-1694, 1416, 7340
-2332, 1488, 7448
-1088, 1378, 7552
-944, 1050, 7658
-2430, 1992, 7688
-722, 1362, 7300
-816, 1374, 7342
84, 1568, 7566
-274, 1868, 7236
-50, 1790, 7410
386, 1350, 7328
-80, 1610, 7784
-396, 1094, 8224
-196, 1312, 7878
-656, 1290, 7934
-210, 1044, 7440
-24, 586, 7638
-678, 820, 7478
-2078, 848, 8166
-262, -202, 7992
138, -90, 8010
-1134, 232, 7516
-1786, 340, 8708
-926, 862, 7558
-1046, 3716, 7850
-2732, 7208, 9510
-292, 7672, 3084
2254, 6542, 7008
2730, 2964, 4898
1274, 1856, 1314
-1366, 7706, 178
-3372, 8558, 2148
-5338, 9908, 5200
-3986, 8202, 2758
-3614, 7420, 4276
-1586, 7044, 2234
-2304, 6812, 4130
-2148, 6172, 4038
-936, 6712, 4744
312, 5842, 2888
1266, 7610, 1954
1616, 6958, 1494
1972, 7178, -164
1268, 7736, 218
876, 8858, -12
-76, 7982, 516
-592, 8060, 470
-568, 8218, 166
-1496, 8760, 858
-908, 8020, 690
-536, 7662, 1014
-564, 9078, 622
-1298, 8132, 1756
-318, 7178, 1102
970, 7964, 686
-218, 8274, 1752
-90, 7386, 1362
538, 8344, 400
370, 8420, -26
430, 7928, -266
502, 7850, -292
174, 8334, 90
108, 8174, 442
*NOTE-2017.03.28@14:16:53 - 1
354, 8304, 852
652, 8208, 946
628, 8288, 1072
764, 8216, 770
364, 8100, 1316
794, 7996, 2984
310, 9380, 3020
288, 8376, 3042
308, 9278, 3990
-206, 10446, 4568
606, 10310, 4756
384, 9996, 5390
-896, 10648, 7662
-596, 10200, 7214
-174, 9250, 7580
-486, 8480, 7646
-440, 7294, 6946
-846, 6686, 7854
-224, 5338, 6002
-1152, 2674, 7390
304, 1662, 6744
102, 418, 5662
188, -874, 5394
46, -1708, 5212
72, -3074, 4846
926, -3308, 1904
208, -4340, 478
212, -4690, -278
1420, -5506, -3374
580, -6228, -3184
248, -6710, -3784
1874, -6678, -6222
1818, -7056, -7084
1548, -7122, -7668
1294, -7188, -8626
1158, -7072, -6788
1200, -6512, -6096
666, -6316, -3686
674, -6772, -2750
212, -6176, -1708
1052, -5992, -636
914, -5586, 996
1144, -5090, 886
540, -3876, 2788
890, -3754, 3458
1150, -1714, 3752
-12, -882, 6030
1106, -564, 3490
-674, 1112, 6648
-612, 2278, 7832
-1040, 3368, 7934
-872, 5362, 7920
-1904, 6914, 8120
-2312, 7630, 8396
-2210, 8710, 7838
-1972, 8164, 7130
-908, 10664, 5962
-144, 10350, 4536
-712, 10762, 4788
-1330, 10430, 6726
-736, 9846, 5864
672, 8836, 3036
542, 8548, 2914
158, 8328, 2924
-362, 8176, 3250
*NOTE-2017.03.28@14:16:56 - 1
-480, 8288, 3204
18, 8262, 3144
-450, 9072, 3168
-92, 9710, 3106
-802, 9784, 4902
122, 10410, 4636
1222, 10616, 4902
634, 10906, 6664
1140, 11096, 6570
1032, 10374, 6644
500, 8886, 6484
-142, 7666, 7112
-976, 5268, 7132
-806, 4154, 6658
-324, 3176, 6580
-378, 1766, 6768
26, 352, 5936
-844, -1374, 7124
414, -674, 4936
1108, -2284, 2912
546, -3964, 3036
1614, -4968, 1830
2292, -5130, 192
784, -5514, -50
974, -6840, -1804
-310, -6962, -310
1214, -6816, -2078
1530, -7000, -2974
1492, -7194, -4952
1938, -6834, -6258
2202, -6440, -8170
2742, -6444, -8790
2382, -6474, -7494
2222, -6746, -6024
1666, -6642, -4044
1546, -6346, -3204
804, -5662, -1386
876, -5404, -1102
852, -4740, -102
-76, -4174, 2956
-284, -4104, 4614
506, -3982, 4806
1252, -1698, 4614
334, -606, 7314
904, -446, 6000
1308, 998, 5122
-942, 1880, 9456
-142, 3208, 6362
-1090, 5254, 8560
-2188, 4940, 8718
-1508, 7530, 5676
-3562, 8048, 9764
-1212, 7880, 5770
-2194, 8844, 7790
-506, 9436, 4776
-1248, 9772, 4982
-1520, 9778, 5508
-1894, 9376, 6166
-1104, 8798, 5288
792, 8826, 2802
742, 8570, 2718
-552, 8396, 3526
*NOTE-2017.03.28@14:16:59 - 1
-598, 8294, 3780
-602, 8484, 4020
-1014, 8558, 3668
-1260, 8984, 4432
-1016, 10192, 4928
-548, 10930, 5484
-90, 11430, 5734
-202, 11566, 6494
-36, 11026, 6170
-280, 9926, 6266
-218, 8552, 6334
-630, 7088, 7638
1002, 5454, 5042
-960, 4920, 6810
-276, 2916, 6490
8, 1380, 6598
144, 132, 6282
238, -780, 5848
310, -2254, 4732
-424, -3448, 4738
2, -4282, 4864
484, -4672, 3440
540, -5316, 1892
382, -5678, 298
268, -6232, 720
1468, -6586, -1382
2074, -6614, -2486
1270, -6400, -2110
2172, -6988, -4610
2768, -6958, -5938
2810, -6772, -6512
2802, -6550, -7034
2968, -6978, -6590
2432, -6756, -5930
1538, -6698, -4006
1318, -6170, -3154
1124, -5986, -1088
1450, -5934, -1348
914, -5096, 710
146, -4660, 1424
-744, -4294, 3292
-734, -3256, 3636
-1002, -3006, 5252
-430, -1466, 5712
-692, -574, 5070
-1734, 1046, 5884
-2936, 1432, 7962
-2602, 3030, 7156
-2850, 4562, 7496
-3738, 6394, 6946
-4502, 6926, 8018
-3476, 7806, 5582
-4698, 9004, 8170
-2312, 9410, 4126
-3262, 10232, 5158
-4090, 10298, 5954
-3648, 10474, 6634
-1058, 9986, 5036
292, 9384, 4462
804, 8288, 3764
-114, 7878, 3998
-368, 7758, 3972
-718, 8354, 3810
-1780, 8636, 4284
-1228, 8934, 3736
-1630, 9450, 4626
-1094, 9790, 4182
*NOTE-2017.03.28@14:17:02 - 1
-1074, 10002, 5724
-444, 10126, 5876
-478, 9890, 5834
-1270, 10016, 6956
-560, 9162, 6734
-824, 7822, 7500
-840, 7044, 8034
722, 5720, 6624
244, 4550, 6634
868, 2920, 6270
206, 1592, 6620
300, 192, 5602
666, -1426, 5166
188, -2390, 6260
636, -3270, 3928
-404, -4356, 3542
-128, -4976, 2012
508, -5390, 1026
516, -5744, 594
1300, -6158, -1014
1176, -6678, -1500
1166, -6624, -1020
2530, -6846, -3318
1926, -6638, -3254
2126, -6792, -4616
2084, -7340, -6538
1596, -6948, -6642
2198, -7118, -7204
2554, -7166, -6592
2092, -6606, -4738
1972, -6902, -4958
1582, -6746, -3154
808, -6258, -1436
1320, -5552, -1436
1086, -5462, 198
664, -4610, 2412
1746, -3976, 1198
282, -2350, 4020
420, -2788, 4238
1066, -1790, 2968
-104, 560, 6054
-944, 1930, 7136
-604, 3354, 5602
-994, 4564, 7000
-1198, 6252, 7210
-3404, 7358, 9674
-1490, 8734, 6806
-2666, 9288, 8132
-1796, 10522, 5418
-2012, 10242, 5072
-1730, 11150, 4558
-1886, 11092, 5712
-2016, 10714, 6446
-314, 8954, 4080
130, 9094, 3794
-330, 8700, 3984
-1118, 8406, 3898
*NOTE-2017.03.28@14:17:05 - 1
-1224, 8368, 3290
-1434, 8578, 3880
-1034, 8636, 3678
-1384, 9754, 4202
-1084, 10848, 5072
-590, 10868, 5208
-1062, 11808, 6470
-106, 12326, 5928
-434, 11440, 7214
-708, 10184, 6858
-146, 8620, 6278
-476, 6276, 5846
-620, 5110, 5696
284, 3502, 5644
-334, 2088, 6120
-46, 334, 6140
-198, -666, 6432
826, -1790, 4066
428, -2880, 4326
716, -3628, 3218
468, -4680, 2176
926, -4932, 1160
672, -5816, 24
554, -5952, 188
1668, -6194, -1920
1982, -6700, -3954
1586, -6602, -4266
2958, -6766, -7354
2856, -6596, -7818
3062, -6746, -8222
2638, -6680, -6432
2922, -6646, -5548
1798, -6590, -4196
1010, -6720, -3240
430, -6750, -2390
752, -5548, -1444
926, -5098, 22
-288, -4900, 2138
-42, -4820, 2940
258, -3606, 2960
370, -2458, 3290
120, -936, 4278
-1484, -820, 4734
-1298, 1262, 5662
-964, 3116, 6804
-1342, 3970, 7168
-1408, 5878, 6946
-2578, 7830, 8580
-2176, 9392, 5766
-2806, 9668, 7826
-1880, 11230, 4808
-3040, 11284, 6824
-1742, 11688, 4968
-2916, 11174, 6712
-2392, 10162, 6178
-618, 8916, 4122
-838, 8416, 3810
-1562, 8026, 3572
-1758, 8014, 3236
*NOTE-2017.03.28@14:17:08 - 1
-1724, 8362, 2996
-1220, 8446, 2842
-1188, 8832, 2970
-1406, 8860, 4302
-1038, 9976, 4558
-558, 10970, 4968
-424, 11148, 5474
-372, 11534, 5930
-882, 11348, 7328
-590, 10496, 6390
-1000, 9516, 7228
-910, 7534, 6696
-310, 7270, 6472
-524, 5888, 6520
-158, 3126, 6088
-436, 2026, 5792
-508, 124, 5654
-590, -990, 5670
-42, -2406, 4670
-170, -2640, 4458
84, -3248, 2814
770, -4626, 650
1422, -5336, -798
614, -5934, -836
1852, -6050, -2002
2470, -6664, -2930
1962, -6802, -3244
2060, -6992, -5548
1766, -7034, -5908
2232, -7236, -7406
2704, -7174, -6668
3052, -6796, -6004
2352, -6560, -4374
1760, -6688, -3430
1366, -6582, -2336
1174, -5802, -1000
876, -5672, 272
896, -4812, 478
384, -4124, 2576
642, -4006, 3364
1198, -3790, 3308
1330, -1672, 3526
78, -238, 5554
460, 812, 5508
-354, 1908, 6436
-684, 3152, 7422
-2134, 4416, 8572
-1672, 5790, 7344
-4032, 6248, 11142
-868, 7162, 5986
-2158, 8794, 7432
-734, 9328, 6088
-1032, 10402, 5298
-1550, 10220, 5294
-1490, 10112, 5022
-1656, 10352, 5546
-796, 9488, 4760
-556, 9006, 4178
-810, 8402, 3118
*NOTE-2017.03.28@14:17:11 - 1
-1136, 8218, 3158
-1516, 8144, 3338
-1518, 8182, 3642
-1500, 8388, 3814
-1694, 8694, 4730
-730, 9902, 3070
-924, 10526, 4370
-1342, 10374, 5330
-1110, 10798, 5556
-1110, 11316, 6256
-898, 10776, 6468
-580, 9610, 6026
-1058, 8512, 6860
-670, 7262, 6922
448, 5284, 5468
-906, 4564, 6848
266, 3152, 5792
-1694, 788, 9886
714, 1676, 5668
1968, 126, 5090
2354, -1134, 5068
1822, -3212, 3346
260, -4070, 2876
346, -4572, 1198
206, -5620, 820
580, -6136, -208
860, -6222, -1246
1694, -6666, -1544
1968, -6456, -2300
1670, -6758, -2992
1198, -7152, -5134
1992, -7454, -6898
2654, -7458, -8882
2018, -6982, -6774
2352, -6914, -6264
1544, -6530, -4418
1214, -6426, -2986
-218, -6770, -716
1186, -5866, -1790
2112, -4570, -1094
1818, -3700, 822
2272, -3800, 3152
2012, -2414, 5246
3098, -1974, 2368
1674, -182, 4914
164, 120, 5990
-678, 2030, 6706
-1060, 3876, 5382
-3112, 5200, 8332
-456, 6994, 7234
-2536, 7678, 7632
-1694, 8876, 7632
-2498, 8934, 7110
-2200, 10896, 7426
-1098, 10780, 5754
-632, 10934, 4314
-2252, 10594, 5744
-1716, 9870, 4584
-120, 9150, 2586
530, 8506, 1674
-930, 8484, 2776
*NOTE-2017.03.28@14:17:14 - 1
-1194, 8536, 3316
-746, 8532, 3044
-856, 8544, 3304
-676, 8836, 3338
-1228, 8714, 3740
-1296, 9510, 4412
-844, 10602, 3904
-632, 10642, 4080
-930, 11050, 5182
-638, 11544, 5700
-1726, 10646, 6666
-1246, 9648, 6042
-1340, 8688, 6764
-884, 7664, 6542
-1518, 7014, 7064
-1870, 4628, 6982
-162, 3184, 5656
-726, 1790, 6340
-772, 120, 6720
-240, -716, 5820
296, -1906, 4898
-1534, -2646, 6786
316, -3626, 3926
408, -4312, 2532
608, -5404, 2328
1300, -5144, 306
1648, -5794, -546
2032, -6116, -1540
1312, -6772, -2682
1192, -6776, -3710
1186, -7160, -5006
1778, -7230, -6696
1828, -7332, -8504
1770, -7370, -7410
1558, -7082, -5904
1392, -7144, -4660
1068, -6336, -3568
1202, -6068, -2948
1208, -5432, -2248
1598, -3786, -1340
960, -3558, -318
514, -2334, 2284
396, -1042, 4054
844, -388, 4664
1532, 1820, 5620
-716, 3578, 8946
-712, 4484, 6676
-1522, 5714, 8628
-1604, 7036, 8106
-1968, 8108, 8232
-2512, 7934, 8236
-1884, 9250, 6544
-1758, 9950, 6020
-1432, 10732, 5062
-1962, 10722, 4294
-2616, 10324, 4790
-2666, 9828, 5410
-1272, 8966, 4108
446, 8992, 3204
-412, 8774, 3736
-1066, 8364, 3464
*NOTE-2017.03.28@14:17:17 - 1
-1290, 8122, 3716
-1154, 8136, 3574
-1364, 8414, 3294
-1792, 9170, 3574
-1462, 9514, 3666
-1684, 10032, 5194
-1420, 10392, 5858
-544, 11270, 5404
-1082, 10804, 5902
-1034, 10054, 5714
-2030, 8946, 6954
-1796, 7512, 6958
-2086, 6270, 7410
-440, 4726, 6562
-958, 2480, 8078
-544, 2762, 6568
-488, 1064, 6384
-624, 224, 6150
658, -930, 5142
680, -2204, 4978
1186, -3094, 3676
788, -3878, 2776
152, -4574, 1814
674, -5400, 828
970, -6216, -616
1824, -5962, -1624
2006, -6824, -2564
2028, -6648, -2936
2832, -6824, -5520
2098, -6572, -5678
2432, -6934, -7496
2258, -7314, -7620
2270, -7038, -5746
2062, -7086, -5030
1454, -6484, -3344
1254, -6332, -2472
1584, -5702, -2578
1360, -4794, -1110
118, -3604, 1892
1084, -3096, 1682
252, -2608, 2904
-350, -988, 5072
-472, -236, 5050
-1000, 1316, 5438
-2668, 2780, 7598
-2292, 4184, 7362
-2498, 5976, 6334
-3894, 5942, 9386
-3402, 8156, 7706
-3600, 8806, 7578
-3690, 9212, 7416
-2010, 9682, 5878
-2114, 10570, 4940
-1690, 10574, 4178
-1494, 10222, 5420
-1498, 9044, 5090
146, 9272, 2992
20, 9160, 2508
-656, 8904, 3136
-1244, 8252, 3830
-1282, 8298, 4284
*NOTE-2017.03.28@14:17:20 - 1
-676, 8458, 3576
-1552, 8502, 4028
-1282, 9142, 3840
-1518, 10148, 4670
-1372, 10696, 4708
-1644, 10488, 4708
-2016, 10868, 6170
-1424, 10304, 5934
-1422, 9838, 6782
-1140, 8772, 6770
-958, 7342, 7082
-2086, 6400, 7970
-540, 4724, 6628
-1212, 3002, 6660
-302, 2198, 7090
-58, 782, 5548
-1004, -416, 6442
-42, -1836, 5502
-640, -2400, 5330
-568, -3586, 4622
150, -3808, 1974
620, -4444, 1132
696, -5492, 370
1058, -6230, -1274
1192, -6498, -2172
964, -6664, -1980
2250, -6880, -3006
2748, -7066, -4390
2238, -7656, -5392
3622, -7410, -6702
3262, -6500, -5560
3676, -7002, -5350
3336, -6992, -5294
2390, -6710, -3486
1936, -6750, -3348
1066, -6402, -2268
2284, -4584, -2812
1522, -4544, -1372
288, -3118, -394
-1990, -2226, 4422
-388, -2528, 3692
-780, -670, 5124
-682, -148, 6690
-1776, 1874, 7376
-2490, 2426, 7350
-3264, 4884, 8790
-3696, 5740, 7974
-3856, 7394, 8410
-2894, 7850, 7286
-4410, 8316, 8540
-2434, 9108, 5954
-1856, 9730, 4576
-2142, 9684, 4426
-2232, 9940, 3950
-3388, 10152, 5386
-1432, 9496, 3044
-470, 9202, 2854
-650, 8828, 2876
-1590, 8390, 3724
*NOTE-2017.03.28@14:17:23 - 1
-1740, 8094, 3626
-1598, 8202, 3348
-1344, 8480, 3604
-1042, 8670, 3398
-1844, 8702, 3718
-2050, 9370, 4122
-1096, 10718, 3472
-674, 10900, 4338
-1300, 11144, 5460
-1508, 11514, 6248
-1890, 11262, 6584
-1310, 9888, 6890
-832, 8702, 7136
-52, 6668, 6488
-626, 7000, 6462
-1452, 4780, 6802
-424, 3494, 5566
-236, 1700, 6346
82, 700, 5946
1166, -790, 5078
-22, -2290, 5412
1764, -3256, 4198
1304, -3514, 3466
1830, -4724, 2058
682, -5242, 2100
1160, -5938, 922
1550, -6496, -286
862, -6344, 182
1436, -6310, -1684
934, -6638, -2472
772, -6962, -3404
1594, -7604, -6162
1480, -7232, -7212
1670, -7232, -8388
2186, -7290, -6790
2394, -6902, -6350
1534, -6660, -4370
1540, -6420, -4586
778, -6314, -2842
1434, -5650, -2654
1210, -4650, -790
1008, -4028, -594
850, -2830, 724
-170, -1350, 3720
-268, 242, 4796
138, 780, 5236
-578, 2610, 6918
-1478, 3512, 7548
-2546, 5078, 8754
-2270, 5686, 7800
-3158, 8082, 9274
-3856, 8582, 8178
-3992, 8694, 7496
-3328, 10084, 7086
-1442, 10968, 4438
-3034, 10828, 4754
-3658, 10466, 5750
-2148, 9894, 5560
-476, 9342, 3940
596, 8880, 2684
-564, 8792, 3732
*NOTE-2017.03.28@14:17:26 - 1
-1110, 8580, 3984
-894, 8132, 3810
-912, 8444, 3482
-1578, 8876, 3338
-1722, 8976, 3294
-1342, 9562, 2850
-1656, 9954, 3824
-976, 10076, 4414
-950, 10466, 5724
-872, 10474, 5836
-778, 9844, 5458
-1704, 8622, 7262
-1618, 7964, 6708
-1478, 6866, 6986
-760, 6842, 6990
-734, 3996, 7066
428, 3492, 5778
250, 1934, 6752
-614, 976, 7248
104, -782, 6268
-26, -1496, 5800
-118, -2708, 4394
-1354, -3860, 3866
-1050, -4718, 2448
310, -4808, 1354
888, -5338, 1236
1642, -5818, 24
1760, -6122, -436
2376, -6368, -2340
2390, -6578, -3144
2588, -6784, -5610
2348, -6550, -4594
2832, -7036, -6298
3738, -7152, -6438
3720, -7048, -5114
2798, -6646, -3958
2346, -6832, -3862
1908, -6534, -2432
866, -6176, -1494
642, -5680, -1498
-222, -4694, 1832
1670, -4540, 578
1324, -3178, 1872
1450, -2220, 2832
748, -420, 6208
-296, -392, 6372
-738, 1252, 6248
-1214, 2136, 8250
-136, 3168, 5982
-2198, 4982, 8278
-1386, 6192, 7546
-2082, 7276, 8234
-1658, 7698, 6858
-2322, 9088, 7364
-1008, 10308, 6530
-440, 10992, 4164
-1732, 10590, 4670
-2186, 10530, 5892
-2386, 9788, 6300
-492, 9258, 3292
-382, 9244, 3072
622, 8546, 2490
-896, 8432, 4106
-890, 8224, 2954
*NOTE-2017.03.28@14:17:30 - 1
-1608, 8422, 3482
-998, 8734, 3184
-802, 8604, 2242
-1192, 9006, 3670
-946, 10420, 4532
-582, 10378, 4652
-402, 10472, 5080
-1188, 10680, 5850
-870, 10652, 6518
-564, 9936, 6508
-1486, 9026, 7496
-1118, 7974, 7228
-1156, 6070, 6616
-1006, 4740, 6896
-1194, 4154, 8038
1708, 2468, 4858
-466, 1008, 6104
318, -342, 5288
242, -1644, 5736
682, -2832, 4848
584, -3532, 3738
208, -4282, 1768
-176, -4944, 1924
326, -5190, 652
1168, -5786, -1300
246, -5862, -1034
790, -6862, -3284
1612, -6002, -5980
1858, -6784, -7262
2076, -6682, -8352
2388, -6920, -8734
2078, -6730, -8086
1816, -6624, -6534
1584, -6556, -5482
728, -6666, -4174
440, -6218, -2640
650, -5240, -2180
736, -4820, -1318
746, -4388, 92
724, -3242, 2374
430, -2224, 3732
-102, -700, 4924
164, -118, 5558
-1724, 1606, 7122
-1650, 2686, 6290
-2946, 3824, 9100
-2372, 4610, 7956
-2142, 7192, 7370
-3172, 7260, 8332
-2592, 9244, 8378
-2848, 9098, 7386
-1500, 10990, 5208
-1506, 10532, 4148
-1596, 11096, 4966
-1370, 10550, 5414
-1036, 10044, 4920
-646, 9256, 4150
-400, 8814, 3340
-980, 8332, 3186
-1170, 8110, 3066
-1050, 8098, 2934
*NOTE-2017.03.28@14:17:33 - 1
-1194, 8254, 3710
-790, 8518, 3216
-1514, 8956, 3704
-458, 9654, 3712
-914, 9980, 4332
216, 10674, 4160
232, 10958, 5326
258, 11346, 5354
-196, 11330, 6706
282, 10854, 6804
108, 10146, 6798
-64, 8798, 6830
-140, 6224, 6148
-430, 5440, 5644
732, 3278, 4918
188, 1612, 6100
506, 382, 6000
918, -974, 5180
1238, -1878, 4530
284, -3002, 4860
-438, -4276, 3226
150, -5048, 2746
662, -5608, 1100
114, -5978, 1238
1672, -6170, -642
1616, -6342, -588
1830, -6384, -2150
1944, -6410, -4350
1760, -6988, -5312
2772, -6888, -7886
2566, -6672, -8032
3270, -6626, -7112
3886, -6320, -6466
3358, -6502, -5862
2486, -6218, -4270
2100, -6106, -3776
1518, -5754, -2406
1514, -5172, -1732
960, -4432, -158
194, -2904, 2628
316, -3544, 5512
680, -2344, 3750
-1420, -406, 5376
-2362, 344, 7074
-1720, -364, 8120
-582, 3218, 6282
-1080, 3458, 5682
-2432, 5062, 7916
-2786, 5496, 6934
-4698, 7612, 8300
-3006, 8360, 6796
-3500, 9134, 8074
-2434, 10130, 5958
-1338, 10076, 3516
-3692, 10000, 5552
-2510, 9480, 5052
-1450, 9766, 4386
532, 9556, 3464
224, 9380, 3542
-520, 8240, 3634
1050, 8636, 1838
*NOTE-2017.03.28@14:17:36 - 1
-432, 8418, 2888
-1074, 8256, 3352
-1196, 8394, 3688
-1160, 8482, 4128
-560, 9284, 3950
-832, 10500, 5712
-118, 10578, 4364
-540, 10884, 5148
-1258, 11020, 6446
-222, 11068, 6062
-486, 10168, 6934
202, 9106, 6674
724, 7766, 6416
-1336, 5770, 7358
-582, 4084, 6894
90, 3492, 5674
854, 1894, 6046
568, 24, 5538
194, -848, 5784
104, -2184, 5774
-858, -3416, 6108
-638, -3656, 5766
350, -4018, 2064
-806, -4486, 2448
516, -4932, 912
1364, -5804, -94
1910, -6078, -1740
1926, -5930, -1074
2522, -6548, -3064
3088, -6964, -5468
2612, -5896, -6862
2508, -6910, -7878
2010, -6674, -6644
1862, -6942, -6704
1650, -6580, -5438
1796, -6984, -4350
1512, -6800, -4404
274, -6190, -2048
724, -5838, -2198
472, -5170, 702
1332, -5100, -264
892, -3660, 1478
662, -2640, 2092
-204, -1592, 3406
-438, -702, 5940
128, 1340, 6440
1186, 2226, 6156
-312, 4372, 5104
-3900, 3562, 9792
-3624, 5958, 8754
-4336, 8646, 8282
-4258, 8182, 8136
-3680, 8908, 8274
-1366, 10452, 5474
-2550, 10704, 5280
-3724, 10176, 5686
-4264, 10544, 6156
-1992, 8798, 4740
548, 9276, 4656
336, 9078, 5302
-356, 8768, 5380
*NOTE-2017.03.28@14:17:39 - 1
90, 8708, 3164
-46, 9302, 2698
782, 8876, 1818
-336, 8642, 2330
280, 8054, 1116
476, 8366, 1156
-1230, 6856, 1734
-4528, 6230, 3188
-2924, 5254, 2724
-2930, 4488, 1738
-3048, 3446, 3570
-3556, 3854, 2198
-6788, 3914, 5216
-4646, 5220, 576
-1602, 5586, 770
-1890, 6696, 4700
5146, 6770, 2760
-3876, 8800, 15316
4132, 6546, 8058
552, 2924, 5504
-194, 4522, 9230
902, 3080, 11076
510, 2742, 9770
1084, 1904, 7704
1510, 1226, 7288
1546, 2044, 8182
2530, 1516, 5848
1278, 1430, 8356
2456, 1602, 7648
1684, 1106, 7046
2782, 1060, 7978
1662, 1200, 8480
1816, 2140, 6882
1704, 2060, 7930
2884, 1856, 7682
3218, 1974, 6328
1794, 2044, 7022
768, 2228, 8128
3276, 2096, 7902
1150, 2172, 8058
1090, 2810, 6842
2012, 2274, 8720
1382, 2822, 8888
738, 2614, 8046
1324, 3106, 9002
1936, 2756, 6814
410, 2804, 8928
2382, 2066, 7502
1602, 2818, 6330
1662, 2496, 8768
402, 1938, 6660
1470, 3652, 8418
782, 2836, 7906
1212, 4020, 11878
2630, 2960, 9126
5148, 1748, 5728
1336, -116, 5366
-312, -828, -1050
-5746, -2924, -48
-7374, 20, 532
-14308, 5200, 6386
-8660, 1044, 3806
-5804, 272, 2450
-9464, 2152, 3086
-9524, -1938, -1174
-7050, -116, 2568
-6952, 2778, 3416
-4026, 468, 4608
-3544, 126, 7178
-56, 1588, 6242
-2640, 1656, 6306
-2948, 3112, 7692
-3102, -1232, 6732
-1706, -596, 5054
-5846, 56, 7022
-2856, 1778, 5600
-2240, 2130, 8564
-1292, 1864, 6984
-2372, 1196, 7552

-----------------------------------------------
Date: 28.03.2017 - 14:17:43
End log file
