Terminal log file
Date: 28.03.2017 - 14:24:53
-----------------------------------------------

%~>daq start

 DAQ started.
%~>quit
%~>-1282, 7568, 1598
-1350, 7558, 1692
-1514, 7604, 1736
-1856, 7816, 2854
-1786, 8010, 3374
-2932, 7858, 4008
-2962, 7706, 4264
-3090, 7280, 3632
-3536, 6920, 3516
-3986, 6388, 3196
-3816, 5934, 2756
-4044, 5404, 2784
-2804, 4882, 1602
-2684, 5500, 1544
-2132, 6362, 1154
-2950, 6760, 2000
-3068, 6968, 2636
-2682, 6920, 2260
-3020, 7234, 3326
-2316, 7134, 2954
-2538, 7190, 3026
-2730, 7246, 3298
-998, 7918, 2074
-4040, 7400, 4170
-4524, 7080, 4514
-2010, 6546, 3208
-2092, 8012, 5876
490, 6670, 3146
-868, 7116, 4186
-1374, 7062, 3316
-1020, 6846, 2912
-786, 7000, 2808
*NOTE-2017.03.28@14:24:54 - 1
-1594, 7008, 1910
-2640, 6690, 3546
-2644, 7442, 2268
-3262, 8092, 3448
-1636, 7904, 2790
-1942, 7762, 3390
56, 9000, 2154
1400, 8394, 2228
-616, 8442, 4532
-54, 8570, 3378
-944, 8496, 2520
-674, 6716, 2464
-1990, 6400, 2786
396, 6648, 268
1076, 6650, -2984
-3728, 8190, 680
-4814, 7820, 1324
-2716, 7264, 156
-1868, 8192, 272
-2386, 7904, 1070
-2776, 7774, 1276
-2952, 8312, 2070
-2424, 8394, 1930
-1312, 8562, 1294
-1218, 8364, 1284
-1948, 8150, 2434
-1698, 8002, 2082
-1936, 8204, 1760
-2412, 7078, 2186
-2204, 7334, 2064
-1420, 7724, 1010
-1144, 7708, 772
-1230, 7132, 856
-1786, 7044, 1728
-1380, 7714, 1468
-1010, 7914, 906
-848, 7558, 1024
-644, 7668, 1074
-758, 7946, 1056
*NOTE-2017.03.28@14:24:56 - 1
-802, 7950, 1208
-480, 8216, 1112
-300, 8000, 970
-162, 8074, 1008
236, 8132, 950
-28, 8126, 1442
-414, 8228, 2296
-802, 8514, 3336
-1598, 7996, 4642
-718, 9154, 4996
-398, 9756, 5154
-1430, 10330, 6516
-912, 11266, 6724
-402, 11878, 7746
62, 11530, 7556
1200, 11098, 6314
1488, 9062, 6260
1448, 7698, 6008
1754, 5548, 5848
3176, 4016, 4584
3148, 2638, 5580
2784, 1260, 4940
3162, -362, 4460
3652, -1370, 4358
2766, -2536, 4086
2726, -3722, 3368
2486, -4386, 2470
2314, -4742, 1596
1726, -5668, 1196
1686, -5730, 98
1194, -6388, -1594
144, -6348, -1650
-354, -6974, -2132
158, -6920, -3958
594, -7316, -5752
-142, -7668, -7462
-122, -7240, -7808
-144, -7058, -5918
438, -7072, -5128
396, -6694, -3362
348, -6300, -1636
1604, -5758, -950
1816, -4968, 1188
1734, -4426, 802
1344, -4316, 2470
704, -2894, 5296
704, -2898, 4602
1268, -1764, 4678
2304, -686, 4386
2256, 1790, 7358
2042, 1976, 8228
1526, 2994, 7772
622, 4574, 8532
224, 5470, 7368
-1354, 6540, 9052
-1426, 7790, 6922
-1236, 8448, 6706
-1192, 9826, 5428
-1716, 9520, 5932
-1226, 10486, 4720
-886, 10206, 4744
-1596, 9868, 5614
-1040, 9392, 5336
-76, 9042, 3916
890, 8352, 2992
456, 8204, 3090
*NOTE-2017.03.28@14:25:00 - 1
830, 8124, 2850
-32, 8348, 3890
-150, 8388, 3456
-1018, 8766, 4032
-420, 9860, 4292
736, 10908, 4158
1918, 11004, 4326
2070, 11456, 4808
2604, 11262, 4986
2614, 10500, 5664
1814, 9974, 6036
2418, 8588, 5996
238, 7724, 7312
1276, 6440, 6418
1334, 5090, 6186
668, 3474, 7450
1416, 1992, 5924
226, 678, 6482
1840, -332, 5860
2136, -1638, 4582
1704, -2808, 4064
1170, -3846, 3330
1548, -4530, 1804
920, -5034, 996
1382, -5524, -966
1326, -6098, -2534
898, -6682, -3530
530, -7040, -3790
1218, -6858, -4922
192, -6758, -5938
1224, -7280, -8420
684, -6378, -7082
1902, -6944, -6958
2020, -6334, -5892
1382, -6392, -4342
1088, -7416, -3364
-20, -6106, -4
298, -5472, 284
812, -4314, 158
-24, -3528, 2486
594, -3392, 2712
772, -2680, 3844
1614, -1842, 3586
1154, -122, 5864
348, 2182, 6540
1312, 2582, 6300
802, 4582, 8456
488, 5344, 6878
-926, 7276, 8884
-2432, 7742, 9114
-1896, 9038, 6634
-2004, 9998, 9136
-158, 10112, 5124
-418, 10634, 4176
-1408, 10334, 4700
-824, 10304, 4528
-1470, 10042, 5410
-518, 9382, 4316
-124, 8902, 2786
-2850, 6560, 4772
-512, 8846, 2374
*NOTE-2017.03.28@14:25:03 - 1
-1756, 7714, 3346
-1318, 8178, 3870
-970, 8396, 4024
-1410, 8962, 4022
-1266, 9730, 4040
-558, 10896, 4032
-390, 10856, 4846
158, 11488, 4806
546, 10998, 4980
226, 10798, 6004
744, 10152, 6952
1512, 9206, 6310
1476, 8232, 6296
1670, 7152, 5872
96, 5846, 6782
508, 3776, 6854
1130, 2246, 6012
100, 356, 6516
1306, -540, 6384
2326, -1610, 4160
664, -2800, 4762
1112, -3820, 2846
1304, -4486, 1980
918, -5150, 1474
1162, -5470, 248
2748, -5752, -2226
1134, -6500, -898
1550, -6988, -3052
1978, -6906, -5586
1594, -7356, -7014
1130, -7060, -7120
2002, -7152, -8000
2548, -6592, -7234
2288, -6402, -5196
2000, -6318, -4788
1502, -5748, -3188
1350, -5364, -3332
1292, -4876, -1524
1058, -3020, 146
1000, -2086, 1320
-248, -1076, 4640
-6, -486, 5586
110, 732, 6780
-990, 1432, 8618
-984, 3272, 8584
-1236, 3374, 8438
-1192, 5944, 7476
-1852, 6464, 8128
-1990, 7424, 8602
-1578, 9122, 7928
-2720, 8740, 6710
-2838, 8664, 8372
-384, 10162, 4000
-1218, 9858, 5034
-1606, 9700, 5140
-1460, 9358, 4986
-602, 9062, 3664
-222, 8478, 2578
-612, 8552, 2610
*NOTE-2017.03.28@14:25:06 - 1
-802, 8242, 2656
-1044, 8510, 3560
-670, 8182, 4214
-784, 8620, 3924
-1246, 8676, 4340
-1218, 9138, 4084
-940, 10630, 5004
-200, 10728, 4236
-562, 10514, 4842
-376, 10668, 5794
-182, 10712, 6900
60, 9526, 6666
-194, 8998, 7840
796, 7656, 6644
948, 6584, 5792
542, 4392, 6390
828, 3698, 6332
1562, 1962, 5440
726, 410, 6460
1190, -1048, 5418
1066, -2058, 4272
920, -3088, 4098
1058, -4522, 2684
1422, -4518, 2046
1402, -5338, 380
1372, -6060, -882
612, -6726, -1124
1086, -6956, -2326
542, -7598, -1984
1148, -7314, -3024
454, -7346, -4074
714, -7484, -5540
874, -7356, -6666
866, -6892, -6926
1360, -7428, -6274
1364, -6748, -5886
1018, -6868, -4384
596, -6332, -3340
684, -5656, -1812
1236, -5136, -860
1100, -4378, 282
-202, -3500, 3726
756, -2536, 4064
356, -1654, 5252
1316, -1144, 5460
496, 860, 7474
238, 1542, 6788
460, 3024, 6682
-68, 4392, 7694
-1152, 5144, 9068
-1704, 6736, 8018
-3070, 7938, 8490
-2618, 8060, 6318
-3112, 9018, 7242
-1264, 10588, 5232
-812, 10648, 4176
-722, 10398, 4178
-1712, 10270, 5410
-1716, 9866, 6006
-1244, 8968, 5598
-856, 8636, 5036
*NOTE-2017.03.28@14:25:09 - 1
-1176, 8166, 4666
-1436, 7884, 4222
-1624, 8152, 3448
-2198, 8302, 4076
-1644, 9360, 3948
-1554, 10310, 6068
-580, 11146, 6492
-252, 11728, 6080
-408, 11554, 6542
-442, 10976, 6398
-354, 10294, 6616
1044, 8958, 6342
1000, 7096, 6120
562, 5324, 5852
710, 3490, 6396
704, 1752, 6408
966, 1166, 6404
1098, -46, 6012
974, -1406, 5490
972, -2454, 4252
1252, -3562, 2764
706, -4246, 2858
1396, -4802, 1082
948, -5656, 382
1170, -5784, -1154
1300, -6186, -2312
624, -6128, -3390
1018, -6998, -5220
1050, -7012, -7244
1694, -6684, -8298
2452, -7024, -8610
2160, -6614, -6748
1312, -6438, -4236
1376, -5890, -4122
872, -5388, -1516
1510, -4852, -1350
1216, -4130, -476
440, -3376, 1010
358, -2134, 2420
312, -1044, 5260
788, -320, 5550
2218, 1912, 5134
202, 4164, 7732
-1378, 3852, 8240
-1704, 5556, 7818
-2472, 6834, 10162
-1026, 8102, 7958
-2444, 8214, 8066
-958, 9152, 6264
-1844, 9522, 6456
-758, 10362, 4768
-378, 11114, 4286
-52, 10564, 4098
-1630, 9884, 5668
-1248, 9416, 4604
-410, 8816, 3446
-136, 8534, 3330
*NOTE-2017.03.28@14:25:11 - 1
-1252, 8340, 3532
-1096, 8042, 3788
-770, 8258, 4384
-816, 8944, 4234
-1154, 9248, 4482
-504, 10010, 3836
-294, 11628, 5088
-198, 11340, 4858
-70, 11120, 5356
-122, 10742, 5690
-20, 9526, 5922
-266, 8512, 7116
362, 6226, 6138
376, 6570, 6496
-834, 4802, 7452
636, 2980, 6534
650, 2020, 7178
-332, 1092, 7508
824, -160, 5772
190, -1142, 6434
1022, -2340, 4970
844, -3106, 3516
494, -4308, 2404
1108, -5174, 1530
1452, -5500, 56
1962, -5524, -1112
1292, -6330, -1956
832, -6776, -2550
1310, -6758, -4130
1874, -6776, -5958
1996, -7266, -7252
2032, -7036, -8162
1864, -6848, -6522
1974, -6926, -6182
1196, -6862, -4414
1210, -6538, -3840
574, -5694, -2182
1326, -4964, -1962
1216, -3840, -88
582, -3406, 2584
728, -2724, 3296
1050, -1682, 4924
1486, 276, 5402
802, 72, 6474
1146, 2236, 6176
392, 4570, 6328
-598, 5064, 8380
-720, 6810, 8370
-1672, 8332, 9174
-1048, 9018, 7014
-1764, 9580, 7774
-212, 10296, 5498
578, 10904, 4116
-708, 11192, 4534
-1020, 10514, 4708
-1376, 10206, 5064
-932, 9774, 4848
-322, 9220, 4086
-454, 8524, 4174
-848, 8072, 4734
-1062, 8136, 4428
*NOTE-2017.03.28@14:25:15 - 1
-1334, 8718, 4028
-1380, 9054, 3938
-974, 9726, 3940
-642, 10952, 4742
-268, 11050, 5468
360, 11358, 5280
484, 11582, 5804
442, 10736, 6606
1450, 10070, 6020
932, 8606, 6118
-96, 7676, 7074
-486, 5776, 6942
664, 4446, 6528
1604, 2628, 5544
680, 1238, 6318
1200, 278, 5646
904, -1078, 4536
862, -2136, 4108
664, -3376, 3034
294, -4372, 2098
736, -4956, 704
696, -5608, -358
1392, -5960, -2038
1948, -6612, -2982
904, -6548, -2842
2094, -6768, -5342
980, -7384, -5684
1524, -7030, -7104
2056, -7594, -7234
1880, -6808, -6426
2068, -6950, -5686
1752, -6540, -4326
1256, -6270, -3886
910, -5934, -2024
306, -5278, -952
-518, -4848, 1886
880, -3832, 1062
1020, -3000, 3858
1978, -2380, 4088
2032, -788, 4362
1096, 748, 5118
1272, 1192, 5728
1430, 3132, 5630
-26, 4902, 7836
-222, 6622, 8122
-2584, 8540, 9262
-2136, 8578, 8958
-1582, 9814, 7640
-906, 10372, 5634
-590, 10392, 5058
-1420, 10362, 4336
-1576, 10670, 4846
-1436, 10004, 5640
-1440, 9804, 5988
-40, 9208, 4394
-610, 8452, 3846
-966, 7880, 3478
*NOTE-2017.03.28@14:25:17 - 1
-1622, 7826, 4114
-1496, 8112, 3796
-1784, 8288, 4106
-1096, 9328, 3848
-1284, 10114, 5114
-414, 10076, 4918
-20, 10450, 5162
-410, 10932, 6236
-260, 10884, 6640
-266, 10088, 6668
284, 9330, 7134
944, 7580, 6912
-112, 6628, 7544
486, 5268, 5478
-338, 3690, 7118
1046, 2270, 5854
728, 1234, 6156
722, -354, 5618
1122, -1582, 4442
1010, -2698, 4322
1322, -3706, 1956
360, -4594, 2402
670, -5726, 510
1156, -5944, -644
1334, -6206, -1178
1158, -6310, -1788
712, -6662, -2988
1642, -7004, -5024
1826, -7214, -5886
2694, -7140, -7576
2874, -7160, -7060
3308, -7256, -7240
2528, -6808, -6414
1500, -6868, -5058
1284, -6614, -4200
596, -5826, -2574
1546, -4934, -2632
1688, -4202, -1448
570, -3510, 812
-270, -2674, 2134
-928, -1596, 5042
828, -810, 4954
1154, 974, 5404
-586, 2306, 7040
-1930, 2626, 8216
-996, 5228, 5696
-1408, 7380, 7148
-3254, 7742, 6712
-4670, 9648, 9384
-4468, 8618, 7116
-3520, 10440, 6628
-2620, 10630, 4904
-2142, 10176, 4154
-2558, 10376, 5098
-2288, 9870, 5948
-1302, 9692, 5632
-346, 9250, 4966
-644, 8626, 4572
-796, 7924, 3938
*NOTE-2017.03.28@14:25:20 - 1
-1108, 8134, 3692
-1382, 8168, 2964
-1828, 8456, 3466
-1648, 9346, 3518
-1308, 10472, 5210
-362, 10330, 5440
-804, 10844, 5508
-842, 10964, 6408
-256, 10800, 6264
-514, 9626, 6680
-1032, 8724, 7394
228, 7918, 6858
768, 5766, 6748
202, 4478, 6760
800, 3418, 5514
204, 1750, 6746
1232, 230, 5554
756, -928, 6266
978, -1976, 5092
1248, -2962, 3924
554, -4134, 2484
-338, -5492, 2486
218, -5642, 1512
1198, -6134, -834
210, -6350, -328
760, -6682, -1454
1472, -6460, -2548
2640, -6890, -5392
1390, -6926, -5876
1568, -6966, -8118
1384, -6556, -7742
1790, -7164, -7856
1940, -6632, -5898
1430, -6618, -5330
840, -6436, -4010
488, -5616, -2910
684, -5360, -1710
346, -4474, -286
554, -3588, 530
1482, -2168, 2210
2432, -1138, 3864
1968, -556, 4980
1910, 930, 5444
1124, 2406, 8040
1208, 2790, 8580
850, 5158, 6726
-398, 6458, 9358
-1664, 6372, 9720
-806, 8216, 8360
-1038, 8220, 7102
-1150, 8768, 7812
850, 9546, 3220
-1218, 9982, 4966
-648, 10158, 3520
-1462, 10282, 5564
-1206, 9912, 5770
200, 9894, 4442
346, 9228, 3686
328, 8516, 3434
-344, 7828, 3916
-814, 8138, 3892
*NOTE-2017.03.28@14:25:23 - 1
-648, 8768, 3528
-1096, 8760, 3464
-884, 9082, 3896
-696, 9872, 4836
254, 10320, 5184
860, 10768, 5208
290, 10994, 6346
722, 10660, 6468
-140, 10472, 7818
488, 9606, 7070
484, 8010, 7220
1000, 6576, 6430
238, 4780, 6490
490, 3998, 6422
634, 2360, 6892
1450, 602, 4908
684, -740, 6006
954, -1836, 4480
1350, -2926, 3254
904, -4160, 1056
540, -4820, 1704
910, -5568, 260
1126, -6280, -1264
922, -6260, -1484
838, -6438, -2510
834, -6414, -3046
1280, -6678, -5436
2024, -6620, -6998
2250, -7078, -8112
2462, -6724, -8118
2738, -6938, -7996
1950, -6414, -5940
2028, -6800, -5718
1528, -6082, -4520
1010, -6072, -3144
2010, -4938, -3516
1030, -3082, -306
930, -2746, 1292
636, -2210, 3384
1112, -724, 4352
1084, 388, 4960
1210, 1388, 6702
542, 1902, 8322
436, 4306, 8604
-1268, 4352, 8566
-1344, 5548, 10244
-894, 7408, 7764
-800, 7300, 7432
-712, 7992, 4416
-1190, 10150, 7588
1672, 10646, 2360
-1074, 10972, 4038
-1830, 10706, 5132
-2066, 10532, 6412
-1196, 10156, 6082
116, 9762, 4770
84, 8778, 3832
-292, 8068, 3502
-1268, 7948, 3384
-1190, 7790, 2964
-1346, 8188, 2648
*NOTE-2017.03.28@14:25:26 - 1
-1266, 8614, 3398
-1324, 9188, 3724
-720, 10000, 3864
-38, 9792, 4528
-570, 9956, 5922
-160, 10338, 6540
30, 10172, 6428
-978, 9472, 7142
-822, 8690, 7364
-594, 7494, 7190
148, 6362, 6550
-678, 5228, 7492
1068, 3584, 6026
864, 2034, 6476
584, 1062, 6152
1286, -328, 5250
340, -1874, 5742
120, -2800, 5112
992, -3654, 3512
478, -4384, 3048
24, -5230, 3038
1150, -5834, 542
976, -5906, -14
1016, -6202, -1162
1016, -6312, -1906
902, -6860, -2496
1256, -7370, -4150
2422, -6798, -5822
2436, -7008, -7704
2006, -6910, -7634
2278, -7234, -7332
2078, -6798, -6666
1584, -6812, -5062
980, -6110, -3588
886, -6392, -3226
970, -5422, -1608
282, -4588, 926
822, -4568, 944
1538, -3756, 1320
760, -2114, 4046
1034, -1846, 5158
1714, -752, 4792
814, 870, 6236
2040, 1712, 6808
2892, 3414, 6358
754, 5636, 7826
210, 5742, 8558
-616, 7572, 8030
-1364, 8302, 8792
594, 8630, 7472
548, 8886, 5466
496, 9936, 5204
668, 9710, 3112
-1240, 9952, 4230
-1676, 10172, 5834
-806, 9776, 5282
-272, 9438, 4726
126, 8538, 3984
-102, 8250, 3722
*NOTE-2017.03.28@14:25:29 - 1
-540, 7898, 3174
-636, 7964, 2656
-798, 8140, 2652
-344, 8280, 2892
-722, 8160, 3526
-510, 8840, 4418
-100, 10128, 5648
794, 10826, 6026
142, 11284, 7582
372, 11974, 7142
-356, 11200, 7586
-202, 10472, 7060
-806, 8466, 7110
286, 7240, 5430
48, 5500, 5792
354, 3636, 5692
910, 1688, 5568
376, 876, 6026
498, -752, 5604
548, -1754, 5168
498, -2800, 4168
736, -3848, 3734
1444, -5114, 2370
1702, -5598, 1246
688, -6048, 1142
-268, -6364, 902
650, -6320, -356
1742, -6668, -2506
1430, -6576, -2420
1756, -7166, -3224
2694, -6792, -4694
3610, -7038, -6240
3626, -6944, -6726
3808, -6776, -7664
2358, -6736, -5780
1924, -6946, -5056
1144, -6442, -3440
896, -5928, -2948
986, -5456, -2424
244, -5038, -46
614, -4574, -112
140, -3032, 1428
-102, -1910, 3586
36, -1904, 4294
-6, -136, 5860
-112, 1328, 6626
-364, 2830, 7284
-64, 4264, 7832
-300, 5128, 8474
-776, 7198, 8316
-852, 7656, 7070
-2748, 8304, 8206
-2440, 9300, 7560
-878, 9832, 5648
-174, 10508, 3632
-2528, 10120, 4316
-2464, 9990, 4958
-1740, 9932, 4982
-760, 9702, 4020
312, 8972, 3394
-38, 8496, 3590
*NOTE-2017.03.28@14:25:32 - 1
-418, 8262, 3354
-812, 8062, 3538
-876, 7866, 3678
-532, 8662, 3628
-1006, 8834, 3378
-874, 9618, 3574
-1142, 10376, 4194
-92, 10250, 4560
498, 10656, 5322
422, 11274, 5760
300, 10560, 6712
-352, 9650, 7168
-460, 9134, 7200
-750, 7770, 7116
226, 6576, 7030
388, 5068, 6636
606, 3690, 5774
1092, 2014, 5274
856, 284, 5696
1000, -676, 5996
1392, -2290, 4424
990, -3030, 3762
1216, -4140, 1954
216, -4816, 2970
982, -5864, 936
1342, -6238, -680
584, -6576, -808
788, -6996, -2192
220, -7042, -1390
-8, -6578, -1318
1352, -7316, -4804
1576, -6998, -5196
2848, -7088, -6586
2272, -6920, -6672
2508, -7230, -6880
1954, -7114, -6236
1108, -6830, -5576
872, -7030, -4670
796, -6624, -3404
302, -5510, -1828
1044, -5260, -1984
966, -4164, -22
490, -3358, 2280
1644, -1872, 1902
1450, -1158, 4568
1158, -104, 5996
818, 1584, 6686
-230, 2194, 7148
-284, 3844, 8696
-1714, 4556, 9084
16, 6856, 7452
-434, 7440, 8776
-538, 8606, 9250
-1242, 8328, 9186
872, 9650, 6084
-522, 9818, 5320
-750, 9100, 4322
-622, 9808, 4464
-804, 9776, 5366
-694, 9924, 4956
554, 8822, 3686
320, 8408, 3040
-266, 8238, 3398
-794, 8014, 3228
-1094, 8170, 3152
-606, 8262, 2262
-822, 8412, 2326
-378, 7540, 2564
*NOTE-2017.03.28@14:25:36 - 1
-504, 9130, 2568
-22, 8592, 3234
-346, 9194, 5280
138, 10916, 6166
112, 11238, 6720
-360, 11114, 7258
-146, 10886, 7102
-528, 10024, 6876
-312, 8652, 6594
-280, 7846, 6386
534, 5434, 5272
-158, 3602, 5534
-302, 2422, 5832
576, 642, 5712
426, -632, 6340
1142, -1756, 5726
1056, -2616, 5620
606, -3590, 6262
1088, -3982, 5434
972, -4546, 5236
1198, -4992, 3784
1374, -5014, 2376
1090, -5502, 1036
694, -5966, -146
780, -5974, -2254
924, -6416, -2772
1734, -6382, -4098
2668, -6620, -6456
2834, -7090, -8382
2040, -6818, -8998
2184, -7176, -8590
1858, -6382, -7290
878, -6068, -5502
1248, -5988, -4940
616, -4948, -2770
1620, -3678, -3112
750, -2292, 394
126, -1632, 3100
686, -518, 3938
-248, 206, 6804
-682, 1816, 8160
552, 2792, 7784
828, 4104, 7778
-264, 5496, 7218
-492, 6138, 8718
-1436, 7416, 8860
-1476, 7434, 8754
-1342, 8622, 6458
-1298, 9172, 7330
900, 9924, 3420
-1042, 9672, 3974
-1686, 10048, 4304
-1882, 10202, 5574
-1832, 10152, 5930
140, 9448, 3458
550, 8802, 2802
-808, 8174, 3924
*NOTE-2017.03.28@14:25:39 - 1
-1042, 8114, 4038
-1200, 8478, 4136
-1344, 8338, 4100
-1292, 9136, 4532
-968, 10286, 4428
-276, 10954, 4660
286, 11018, 4528
-324, 10880, 5722
-140, 10858, 6446
-16, 10158, 6696
66, 9646, 7384
840, 7738, 6214
806, 6814, 5854
-700, 5170, 6790
402, 3188, 6798
1280, 1988, 5784
460, 766, 6320
1020, -734, 5636
876, -1862, 4840
558, -3120, 4426
860, -3862, 3492
672, -4812, 2944
714, -5342, 2278
1824, -5966, 380
1782, -6126, 264
1544, -6596, -500
1732, -6808, -1794
1490, -6642, -2592
468, -7224, -2022
1938, -6928, -5458
1600, -7052, -6474
2674, -6800, -7892
3228, -7202, -7566
3260, -6606, -6882
2220, -6660, -5758
1144, -6384, -4092
926, -5694, -4168
428, -5122, -2876
1314, -4174, -2352
812, -3018, 682
1068, -1766, 2170
1556, -1302, 3802
1504, 758, 4854
926, 1942, 5956
-1028, 2812, 7536
-1012, 3772, 7760
-2564, 5530, 8908
-2082, 7050, 8452
-660, 8802, 6346
-996, 8960, 7200
-996, 11216, 4440
-2264, 11386, 5758
-1062, 12398, 4652
-2454, 11764, 7670
-876, 10588, 7984
310, 10252, 8870
492, 8872, 7598
36, 8796, 5212
-212, 8724, 3362
*NOTE-2017.03.28@14:25:42 - 1
-628, 8504, 2466
-1032, 7740, 1830
-360, 7598, 1654
-358, 7416, 1800
-156, 7040, 2074
-646, 6922, 4066
-212, 5556, 3194
-616, 5102, 3562
-242, 5080, 2702
-916, 6464, 4834
546, 6152, 2508
-440, 6376, 4368
1202, 5862, 3414
630, 6240, 4338
1608, 3276, 966
-918, 7522, 12390
-1702, 3424, 6174
-676, 5342, 5970
-2040, 5842, 11182
1352, 5212, 7436
-2342, 2880, 6194
318, 4522, 7736
3786, 5320, 9068
3854, 3336, 6106
2552, 2180, 6968
3404, 2008, 6104
2706, 2546, 8480
3942, 2110, 6238
4354, 3348, 5052
2978, 3380, 4500
4154, 2648, 6780
3306, 1882, 7726
4008, 1952, 7990
2638, 1036, 8052
2332, 1392, 7134
2850, 2072, 7244
2838, 1880, 7150
2002, 1662, 7156
2610, 2124, 7892
4858, 1534, 9604
3580, 2170, 6110
3052, 2926, 6312
1948, 1796, 7230
2790, 2498, 7594
1676, 1510, 7632
3562, 1916, 6554
3120, 2662, 9046
1572, 4102, 12978
2060, 2534, 9296
1820, 546, 8318
6140, 3204, 3940
-3856, -972, 9498
-3032, -1260, 4884
-3078, 3046, 7222
1140, 1262, 5182
4182, -754, 1882
-4270, -14, 6626
-418, -2834, 6116
-1322, -1410, 6584
-86, 1388, 7868
-2052, 3632, 11242
-142, 3134, 8898
-662, 2838, 9238
-92, 1846, 7070
10, 1036, 6792
2136, 2250, 10450
-1322, 400, 9100
400, 786, 7426
-1062, 866, 8948
-100, 1112, 7674
-458, 1012, 7830
-684, 378, 6308
-1256, 980, 8094
-1658, 686, 7320
-1570, 802, 8228
-3146, 602, 8188
-7454, -764, 11316
*NOTE-2017.03.28@14:25:45 - 1
-5340, -1194, 10006
-4040, -1168, 6142
-3772, 364, 6666
-4774, -620, 5058
-4270, -446, 3264
-8684, 912, 7002
-7062, 1064, 4434
-5664, 992, 3898
-7438, 858, 3416
-7724, 346, 3178
-7388, 312, 2990
-5014, -218, 3440
-6702, -1208, 2730
-7406, -2384, 220
-9240, -3318, 2110
-8216, -1784, 1734
-7338, -1026, 916
-7454, -904, 692
-7744, -784, 1016
-8178, -1380, 1948
-7708, -1002, 1520
-7900, -694, 1622
-7844, -620, 888
-8370, -818, 1402
-8562, -600, 1806
-8144, -974, 266
-8068, -1022, 862
-7936, -1012, 388
-8210, -830, 946
-8188, -752, 1024
-7756, -886, 50
-7952, -1132, 580
-6578, -914, 608
-9252, -752, 2080
-8368, -556, 2184
-8600, -1014, 1628
-7982, -738, 1320
-8614, -992, 1970
-8268, -582, 2492
-8044, -512, 4042
-7118, -942, 4546
-6602, -1520, 5380
-5056, -1690, 5876
-3480, -1488, 6006
-2048, -1812, 6814
-18, -1432, 5988
1536, -1520, 6784
1862, -1420, 7150
1774, -1146, 7306
1244, -946, 8048
862, -926, 8014
688, -996, 7828
748, -952, 8018
518, -1124, 7454
680, -1010, 8098
560, -914, 8144
634, -968, 7718
666, -1044, 7386
182, -1134, 7944
238, -1130, 7004
-236, -856, 8420
236, -746, 8050
398, -546, 8462
1104, -974, 6802
792, -344, 7726
244, -466, 8610
218, -646, 7956
276, -678, 7366
54, -874, 7598
-136, -714, 8006
-192, -648, 8068
-122, -524, 8164
10, -586, 8064
198, -752, 7848
-60, -752, 7714
4, -884, 7862
60, -850, 7598
-84, -908, 8092
-22, -932, 8012
36, -904, 7904
106, -784, 7618
252, -970, 7868
-34, -816, 7892
436, -630, 7890
-260, -204, 8450
-124, -652, 8646
-98, -736, 7722
-412, -1024, 7612
-416, -1024, 7700
-100, -1000, 7662
98, -870, 7692
-148, -498, 7934
168, -698, 7936
322, -650, 7762
364, -546, 7616
610, -548, 7608
562, -532, 7660
158, -394, 8170
-18, -448, 8028
-44, -248, 7956
6, -484, 7980
46, -318, 8006
246, -338, 7720
294, -192, 7882
414, -348, 7750
234, -238, 7898
10, -98, 8226
-500, -16, 8858
496, -122, 7446
88, -100, 8182
320, -306, 7708
186, -144, 7934
176, -248, 7958
430, -272, 7686
228, -184, 7848
76, -104, 8028
324, -224, 7846
222, -180, 7974
352, -156, 7772
342, -154, 7954
324, -188, 7734
186, -144, 7902
214, -144, 8070
626, 54, 7894
362, 520, 8458
452, 266, 9488
880, -324, 7836
942, -832, 6904
580, -1340, 6342
-484, -882, 8146
-426, -1296, 7858
-454, -1030, 8120
120, -920, 7816
290, -846, 7726
242, -892, 7940
246, -758, 7916
198, -802, 7818
54, -850, 7688
126, -814, 7836
238, -744, 7828
250, -694, 7828
260, -758, 7854
174, -714, 7922
966, -438, 7904
544, -306, 7888
128, -270, 8130
-102, -820, 7818
-372, -1242, 7584
-352, -1286, 7534
-362, -1104, 7326
86, -966, 7698
-130, -672, 8120
-1012, -364, 7778
-1610, -594, 7988
-1304, -524, 8200
-1104, -474, 7648
-992, -568, 7326
-1376, -762, 7632
-1532, -664, 7274
-1870, -702, 7260
-2996, -572, 7766
-2684, -334, 7196
-3452, -420, 7438
-4048, -532, 7382
-3396, -784, 5730
-4740, -626, 7040
-4406, -412, 6176
-4856, -430, 6320
-5970, -294, 7266
-6104, -50, 7326
-4748, -496, 6638
-4100, -946, 6876
-3254, -1596, 6088
-1030, -1516, 5814
-718, -1526, 7232
348, -1434, 7188
690, -1026, 7158
1042, -768, 7984
1000, -536, 8414
926, -820, 7876
680, -948, 8006
1090, -856, 7642
846, -466, 7920
1678, -410, 8282
1102, 74, 9060
1780, -656, 7812
-458, -1684, 7654
-1290, -2236, 6822
-1252, -2022, 6320
-1046, -1392, 7184
-420, -924, 7932
-880, -812, 8292
-1410, -816, 7766
-1960, -930, 7858
-1780, -876, 7720
-2174, -1060, 7376
-2390, -946, 7580
-2306, -1106, 7162
-2304, -986, 7352
-2394, -868, 7418
-2330, -734, 7744
-2360, -814, 7374
-2604, -902, 7506
-2364, -846, 7330
-2210, -872, 7422
-2404, -1060, 6964
-2750, -1580, 7400
-2212, -1286, 7500
-1938, -964, 6934
-2702, -658, 8268
-2538, -698, 7700
-2624, -884, 7672
-2644, -604, 7228
-2176, -314, 7520
-870, 760, 8404
-212, -296, 6850
-4280, -1696, 9460
-1360, -2356, 7478
-3244, -2814, 7286
-5618, -2376, 6420
-2256, -26, 6388
-2996, -54, 5664
-2026, 540, 6256
-3038, 642, 7432
-2022, 2184, 7602
-2184, 1476, 7208
-2410, 3048, 7138
-1658, 2222, 6052
-1104, 2788, 6880
-662, 2626, 7178
-542, 2362, 8124
-838, 2258, 7758
74, 2148, 6930
-162, 1870, 7724
226, 2106, 7614
368, 1038, 6822
766, 1588, 7782
468, 2080, 7496
332, 2258, 7566
-184, 2186, 8126
140, 2272, 7702
-312, 2306, 7828
*NOTE-2017.03.28@14:25:58 - 1
320, 2194, 7226
-110, 2504, 7558
54, 2366, 7662
-790, 2266, 8082
-1238, 2118, 7490
-1412, 2610, 7270
-1258, 2644, 6646
-1584, 2736, 6848
-1664, 2762, 6598
-1828, 3094, 7206
-1422, 2162, 6398
-1892, 2392, 7892
-1748, 1184, 8098
-1232, 378, 8130
-1124, -664, 7782
-2274, -72, 9416
-3692, 200, 11534
6, 4, 4666
1830, 436, 4816
-1462, 2712, 8674
1304, 2408, 8096
996, 2604, 7320
280, 1570, 8262
1014, 1340, 8490
250, 1802, 7216
-118, 2298, 7746
14, 2820, 7596
-608, 2870, 7384
-282, 2170, 7212
224, 1222, 7648
-108, 1370, 7778
-900, 1548, 8090
-1434, 856, 8378
-488, 622, 7486
-1104, 420, 8552
-574, 396, 7512
-408, 238, 7864
-1018, -120, 8254
-816, 228, 8412
-676, -398, 8170
-658, 422, 8692
-1886, 630, 8874
-1954, 1362, 7962
-4020, 3440, 5168
-3096, 6578, 6188
112, 7186, 5674
90, 4796, 2292
-1220, 5144, 6284
-1134, 6088, 5480
-1846, 5486, 6160
-2658, 4948, 4612
-3772, 4298, 3426
-4012, 5464, 4960
-3940, 5306, 3604
-3240, 6324, 3018
-4362, 8288, 4968
-2688, 7714, 4204
-226, 6690, -812
-1832, 8486, 3906
588, 8070, 1752
1646, 7518, 780
1984, 7390, 56
1638, 7950, 846
1270, 7606, 772
14, 7638, 1042
414, 7332, 1298
570, 7380, 1292
404, 7136, 1372
-342, 8376, 2398
-20, 7880, 1916
-30, 7682, 1394
-432, 8596, 1176
-526, 8392, 920
-394, 7532, 614
-474, 7766, 984
-862, 8230, 1396
-750, 7840, 1086
-696, 8238, 1108
-794, 8368, 1166
-728, 7958, 1266
-626, 7976, 1154
-228, 7914, 1034
-642, 7864, 992
-846, 7928, 1096
-848, 7944, 896
*NOTE-2017.03.28@14:26:02 - 1
-974, 8026, 930
-848, 7874, 858
-544, 7966, 426
-390, 7824, 404
-460, 7874, 570
-336, 8040, 608
-760, 7962, 1732
-302, 8252, 1310
-484, 8280, 812
-248, 8068, 100
340, 7946, -160
88, 8140, 574
122, 8332, 1206
86, 8616, 2714
-390, 7942, 5906
1180, 9542, 5946
664, 10656, 7450
532, 11970, 7230
112, 12616, 6588
184, 12340, 5938
-294, 11066, 5758
-54, 9450, 5584
232, 9426, 6186
-114, 6534, 6408
-348, 4992, 7488
1590, 3594, 6056
1418, 2224, 6520
740, 1112, 6520
378, 58, 6242
454, -880, 5342
746, -2618, 3714
734, -3342, 2858
296, -4168, 1398
896, -5080, -704
646, -5926, -1100
656, -6498, -2510
272, -6620, -2784
986, -6766, -4106
2122, -7218, -5504
2138, -6976, -6396
1914, -6926, -8904
1654, -7120, -7904
1518, -6974, -7038
864, -6792, -5400
792, -7024, -4502
592, -6248, -2900
442, -5646, -1776
1316, -5154, -1248
1354, -4550, 1036
984, -4038, 2440
1134, -3290, 2436
1390, -2150, 4736
1322, -1012, 5336
1372, 1022, 5710
1160, 756, 7722
2116, 2744, 6122
-450, 4118, 8328
102, 5268, 7068
-980, 6186, 7210
-2478, 7694, 7980
-1370, 8216, 7134
-2194, 9446, 6806
-1194, 10850, 6224
-564, 11024, 4148
-1396, 11248, 4580
-2094, 10606, 5586
-2094, 10068, 6082
-308, 9376, 4552
736, 8698, 3546
-148, 8044, 3166
*NOTE-2017.03.28@14:26:05 - 1
-1042, 7766, 3426
-1158, 7586, 3586
-706, 8134, 3514
-1196, 8608, 3678
-1376, 9714, 3896
-1646, 10360, 4990
-1246, 10608, 5530
-300, 11244, 6384
162, 12342, 6518
-174, 12294, 7194
416, 11416, 6740
564, 10060, 7180
1348, 7930, 6164
1696, 5956, 5192
862, 5466, 5802
1226, 3684, 5098
936, 1908, 5642
772, 118, 5140
1168, -1350, 3994
562, -2786, 4670
612, -3246, 2924
1300, -4490, 436
1482, -5318, -1524
120, -6020, -1152
598, -6164, -2548
980, -6404, -3608
688, -7128, -4326
1480, -7218, -5824
2730, -6698, -7922
2774, -6610, -7824
3194, -6914, -7876
2334, -6192, -5320
1834, -6930, -4666
1200, -6056, -3096
962, -5822, -1532
1006, -5540, -430
1318, -4608, 726
432, -3870, 3080
1400, -3932, 4334
2492, -2972, 3578
2444, -2116, 4550
1202, -918, 6104
1062, -84, 5888
336, 1422, 7686
1012, 1998, 5982
-482, 3948, 6680
-1282, 4670, 8448
-1454, 6684, 8596
-1506, 8372, 6828
-1934, 8204, 7968
-690, 10190, 6122
-808, 10186, 6928
806, 11002, 4200
-688, 10356, 4596
-1398, 9900, 5288
-2050, 9594, 5846
-792, 9292, 4352
-202, 8400, 2944
-220, 8052, 3228
*NOTE-2017.03.28@14:26:08 - 1
-154, 8444, 4004
-124, 8698, 4048
-122, 8512, 3316
-1474, 9334, 5248
-698, 10458, 4534
-92, 10794, 5028
22, 11464, 5258
334, 12094, 5644
1012, 11972, 5204
404, 11084, 6564
664, 10158, 6418
684, 9908, 6504
980, 6884, 5676
320, 5020, 6800
1542, 2294, 5086
1140, 1540, 5712
1586, 102, 5356
1422, -1046, 4998
528, -2590, 4724
326, -3606, 3880
244, -3992, 3914
404, -5208, 2208
1264, -5144, 1150
2052, -5838, -16
1604, -6118, -1286
1454, -6730, -2870
848, -6836, -3008
1270, -6926, -4212
1374, -7256, -5554
2256, -7006, -6588
1912, -6974, -6626
1980, -7372, -6756
1902, -7028, -6246
1182, -6958, -5000
852, -6312, -4198
398, -5876, -2082
1130, -5256, -1268
776, -3710, 624
584, -3458, 2420
1180, -3016, 3470
1710, -1108, 4622
1356, -298, 5242
1120, 1036, 5512
62, 2650, 7816
64, 3338, 6674
42, 5936, 5690
-1056, 6488, 8456
-2754, 7636, 8168
-2252, 8800, 5716
-3192, 9484, 7670
-1384, 10210, 5232
310, 11626, 3762
-908, 12134, 5212
-928, 11204, 5556
-1440, 10216, 6752
232, 9254, 4632
530, 8284, 3684
-670, 8522, 3688
-936, 8272, 3794
*NOTE-2017.03.28@14:26:11 - 1
-1206, 8904, 3474
-1136, 8456, 3988
-540, 9396, 3746
-880, 10788, 5318
112, 11010, 5136
108, 11422, 5426
280, 12192, 6028
120, 11888, 6582
366, 11104, 6240
284, 9538, 6822
1478, 7928, 5380
632, 6638, 5924
-760, 4084, 5932
442, 3008, 6202
726, 1246, 5960
914, -300, 4786
-132, -1460, 6116
580, -2320, 5036
760, -3100, 3994
50, -3714, 2714
496, -4910, 1660
1176, -5504, -300
1632, -6020, -1022
1508, -6118, -2178
976, -6818, -2318
1684, -6512, -3968
1858, -6574, -5584
2408, -6912, -7176
2356, -6630, -8490
2506, -6634, -7004
2764, -6416, -6446
2186, -6474, -5436
1862, -5940, -4338
906, -5366, -1912
982, -4922, -530
1156, -4724, -112
564, -4062, 946
-36, -3178, 3520
26, -1284, 6626
692, -1502, 6082
2078, -162, 6006
336, 1392, 8718
302, 1802, 7060
208, 3692, 7086
-626, 4192, 8600
-288, 6026, 6834
-2172, 6416, 7724
-1946, 7722, 6782
-2410, 8686, 7412
-1274, 9408, 4596
-1212, 10834, 5268
-670, 10860, 4014
-1998, 10694, 5432
-2500, 10276, 6094
-1460, 9350, 5088
-350, 8708, 3482
-606, 8542, 3120
*NOTE-2017.03.28@14:26:14 - 1
-1332, 7910, 3980
-1368, 8082, 4308
-1358, 8580, 4052
-1842, 9068, 4408
-1650, 10152, 4326
-1224, 10752, 5196
-498, 11176, 5584
-514, 11436, 5700
-90, 11448, 5776
164, 10672, 5328
-376, 9624, 6956
-908, 7490, 7502
1604, 7184, 5274
1346, 4972, 5400
-906, 4324, 7136
748, 2986, 5832
276, 1102, 6512
1038, 90, 5996
1074, -1440, 4124
-354, -2668, 4928
94, -3804, 3296
-240, -4650, 2536
242, -5254, 1456
652, -5950, 1058
1768, -6342, 26
1668, -6522, -1506
1140, -6782, -1840
1214, -6740, -2100
2364, -6404, -3800
3086, -7138, -5620
3062, -7274, -7168
3098, -7154, -6852
2784, -6714, -6198
2484, -7114, -5418
1862, -6274, -3958
1362, -6550, -2914
620, -5802, -424
1692, -6096, -1566
940, -4862, 702
1312, -3684, 1186
-156, -2460, 4782
1152, -2088, 2444
1102, -844, 5042
410, 1212, 7542
692, 1998, 5032
-954, 3676, 7486
-2218, 4142, 8240
-2754, 6580, 9100
-2104, 7508, 8174
-2252, 8670, 7256
-2358, 8960, 5848
-2338, 10176, 5858
-1518, 10438, 3770
-3018, 10940, 4722
-2954, 10948, 5558
-2624, 10556, 6234
-838, 9728, 5604
1330, 9250, 3818
302, 8508, 4300
-1522, 7786, 4874
-1508, 8262, 3970
*NOTE-2017.03.28@14:26:17 - 1
-1338, 8806, 3398
-1782, 9338, 4014
-776, 10320, 3464
72, 10908, 4806
938, 10986, 5258
154, 11852, 6448
22, 11680, 6868
-878, 11774, 8532
-252, 10724, 7908
338, 9584, 6888
284, 8122, 6670
-860, 6892, 5896
396, 3958, 4648
516, 1956, 4268
-502, -386, 5152
660, -2074, 2540
400, -2708, 2702
88, -3902, 1804
590, -5190, 780
-64, -5544, 866
1204, -5972, -610
1118, -6162, -1642
794, -6528, -2312
1800, -6904, -4686
3090, -7188, -8300
1146, -6930, -7448
2602, -7250, -8316
1584, -6716, -6424
1766, -6816, -4806
1388, -5688, -3802
814, -5756, -2212
1184, -4692, -1410
1856, -3990, -1122
188, -2360, 1616
234, -2020, 2286
-228, 242, 4244
-312, 1784, 5654
-146, 2268, 6794
-472, 4256, 8338
-678, 5638, 9562
-1466, 6846, 9896
-860, 9048, 5916
-3778, 8824, 8184
-3280, 10536, 9032
562, 11408, 4382
-1050, 10960, 5756
-386, 10638, 4250
-1220, 10400, 5386
-1580, 10276, 5504
-108, 9464, 4078
844, 9100, 2804
-68, 8480, 3112
-884, 8348, 3298
-1202, 8424, 4110
*NOTE-2017.03.28@14:26:20 - 1
-926, 8698, 4272
-698, 8640, 4268
-500, 10066, 3792
-786, 11698, 4934
-178, 11634, 5744
588, 12488, 4836
18, 12506, 5792
-104, 11852, 6144
330, 10736, 6068
-412, 9782, 7094
-472, 6816, 5720
-218, 4912, 6490
722, 4494, 5654
716, 2902, 5746
426, 1320, 5862
-156, -528, 6484
-92, -1386, 5662
-254, -2534, 4434
-362, -3136, 3710
-226, -4316, 1822
-168, -5530, 1754
1434, -5646, -580
1628, -6562, -1044
1912, -6666, -2000
1856, -6906, -2718
1154, -6762, -3974
1762, -7020, -5200
1536, -6694, -5916
2624, -7348, -7236
2792, -7052, -6876
2444, -7020, -5570
2056, -6726, -4826
1500, -6754, -3636
1034, -6484, -2208
1378, -5138, -1490
2094, -4296, -1172
1462, -2824, 1690
314, -2534, 3730
1494, -1604, 2630
642, 764, 5396
-162, 864, 5794
-1178, 3130, 6632
-1466, 3828, 8236
-2002, 5532, 9090
-58, 7420, 7598
-1908, 8180, 11196
460, 8888, 6070
-1348, 10102, 7760
808, 9910, 4168
-948, 9958, 3794
-1770, 10262, 4056
-1432, 10826, 4452
-1560, 10512, 6108
230, 9612, 4012
1428, 9530, 2564
260, 8992, 3420
-778, 8464, 3964
*NOTE-2017.03.28@14:26:23 - 1
-1112, 8132, 4344
-748, 8848, 3624
-1388, 9014, 4138
-1126, 10378, 4166
-274, 11358, 4824
654, 11362, 4228
180, 12244, 5430
124, 12092, 5402
224, 11012, 5292
-416, 9716, 5276
-810, 8556, 6402
-426, 7078, 6548
880, 5408, 5902
-878, 4218, 6302
-534, 3042, 6458
-638, 1168, 6964
-332, -162, 6460
-386, -1038, 5822
46, -2360, 4334
-656, -3102, 3182
-606, -4060, 2932
-420, -5094, 1564
506, -5688, 1820
1482, -5576, -274
1112, -6266, -360
1548, -6280, -2290
2060, -6614, -4630
2808, -6300, -5872
3602, -6646, -7624
3904, -6854, -8270
3864, -6752, -7500
3358, -6546, -6172
2414, -6468, -5012
1582, -5806, -3770
854, -5138, -2106
1008, -4236, -910
-18, -2832, 1610
-80, -2706, 2822
336, -1356, 2702
-1648, 402, 6662
-1340, 384, 6902
-798, 2458, 6156
-1310, 4278, 6126
-2730, 4886, 8060
-2534, 6746, 8244
-3076, 8338, 8630
-3334, 8228, 9166
-3752, 9824, 7498
-2462, 10366, 6122
-1350, 10174, 5428
-1246, 10432, 4366
-1634, 9766, 4872
-1726, 9458, 5064
-1176, 9206, 4312
-214, 9164, 2972
-870, 8538, 3002
-1456, 8322, 3678
*NOTE-2017.03.28@14:26:25 - 1
-1120, 8190, 4040
-1058, 8306, 4314
-1592, 8440, 4470
-1524, 9712, 4282
-1494, 10490, 4324
-1578, 10568, 5024
-944, 11390, 5388
-678, 12362, 6450
-590, 11684, 6076
-1130, 10770, 7280
-1190, 10386, 7232
-504, 8526, 6058
-358, 7842, 5848
-458, 5302, 6142
312, 2884, 6108
940, 1836, 5742
796, 362, 5288
402, -1642, 5418
126, -2676, 3358
-726, -3646, 2962
-1170, -4058, 1766
-642, -5172, 1058
782, -5722, -402
2172, -6258, -1440
2926, -6274, -1836
3106, -6982, -3764
2672, -6498, -3266
3826, -6720, -6262
3486, -6882, -6400
3730, -7110, -6942
2882, -6650, -5802
2448, -6214, -4354
2026, -5810, -3852
1308, -5294, -2118
1008, -4850, -396
314, -3760, 1716
1800, -2272, 1146
2520, -2182, 2350
342, -210, 4742
-94, 1602, 6606
158, 2772, 5362
-3050, 3434, 8520
-3846, 5618, 6818
-2142, 7286, 7072
-4194, 7442, 9716
-3464, 9952, 7914
-2856, 9240, 8510
-416, 11522, 4306
-2864, 10678, 5256
-3690, 10736, 5286
-3110, 10696, 5248
-1144, 10328, 4346
624, 9340, 3038
636, 8880, 2652
330, 8348, 2222
-606, 8750, 3618
-854, 8368, 3680
*NOTE-2017.03.28@14:26:28 - 1
-792, 8682, 3548
-1046, 8504, 3454
-1524, 8834, 4172
-910, 10366, 3972
-134, 11242, 4238
-270, 11396, 4798
-316, 11822, 5188
-414, 11770, 6218
-678, 11254, 6822
-20, 10740, 6482
-830, 9098, 8330
-246, 7620, 6234
870, 5596, 5910
816, 5138, 5548
1134, 3206, 5276
124, 1602, 6362
-114, -232, 5100
166, -2060, 4168
-640, -3058, 4202
-218, -4270, 2696
102, -5084, 1926
1106, -5454, 336
644, -5648, 138
1308, -5612, -826
1826, -5946, -2840
1854, -6382, -2872
3318, -7050, -4182
3630, -7374, -6428
3546, -6674, -6852
3924, -7076, -6880
3384, -6406, -6368
2390, -6330, -5104
1772, -6222, -4338
1010, -6310, -3256
1346, -4322, -1758
1178, -3316, -128
-544, -2302, 2490
-634, -994, 3930
-1090, -550, 4898
-1288, 878, 4946
-2182, 2662, 6248
-2718, 4092, 7280
-3752, 5788, 8626
-3000, 6830, 7238
-3754, 7902, 8892
-3620, 9156, 8540
-2608, 9526, 6348
-3960, 8938, 6590
-3126, 9616, 5678
-598, 10656, 3148
-1390, 10514, 4360
-2108, 9962, 5478
-1518, 9550, 4994
-158, 8978, 3514
*NOTE-2017.03.28@14:26:31 - 1
618, 8520, 2556
-570, 8466, 2508
-2288, 8212, 3998
-2446, 8270, 4920
-286, 8492, 2960
-354, 8718, 3040
-1644, 9084, 4458
-2108, 11006, 5830
326, 11076, 3532
1040, 10952, 4234
790, 11436, 5572
936, 11130, 5876
718, 10124, 6020
1132, 9466, 6014
690, 8800, 6332
232, 6416, 6770
700, 5194, 6496
-44, 4696, 6932
894, 2996, 7320
1626, 1460, 6382
1064, -96, 6324
434, -1080, 5390
-168, -2396, 4472
-626, -2968, 4044
-738, -3954, 3052
2082, -4926, -44
1880, -6062, -816
692, -6714, -1306
1016, -6518, -2700
722, -7722, -3018
1116, -7064, -3072
1962, -6934, -4990
2116, -7602, -6992
2118, -7512, -7266
2330, -6882, -7530
2138, -6346, -5938
1910, -6224, -5552
1226, -5712, -3710
938, -4660, -2262
1370, -3928, -1688
742, -2348, 790
54, -2144, 2814
266, -778, 3900
98, 932, 5780
816, 1294, 6010
134, 2890, 6252
-1948, 4222, 9236
-2654, 5132, 8858
-2524, 7510, 9132
-3108, 7972, 9450
-3054, 8556, 8516
-2374, 9500, 6894
-952, 9946, 4680
-1454, 10124, 3896
-1564, 10462, 4384
-1326, 10878, 5074
-632, 10268, 5044
-194, 9928, 4452
-262, 9456, 3620
*NOTE-2017.03.28@14:26:34 - 1
-788, 8798, 3512
-1360, 7988, 3934
-1274, 8110, 3678
-1422, 8620, 3794
-1644, 9152, 4446
-1328, 10674, 4844
88, 11954, 4664
1102, 12140, 4860
-276, 13114, 7222
338, 13022, 6476
444, 12634, 6920
386, 11298, 6042
402, 10286, 5626
592, 7880, 7380
344, 6270, 5332
1254, 3784, 3868
156, 1778, 5816
1178, 104, 4486
858, -1252, 5030
638, -2574, 3198
326, -3788, 2144
-184, -4664, 1352
46, -5556, -416
-68, -5796, -230
1626, -6018, -2566
1378, -6848, -2714
1256, -6670, -2248
2144, -6956, -5090
1434, -7078, -5774
1340, -7584, -6956
1758, -7032, -6636
3130, -7398, -7002
2670, -6660, -6158
1770, -6554, -4862
1456, -6396, -3736
1302, -6006, -3338
822, -4416, 412
2056, -3446, -336
392, -3014, 2686
706, -2052, 2796
1312, -922, 3336
164, 552, 5112
26, 826, 6064
-94, 3494, 7570
-474, 4126, 6892
-1534, 6032, 8300
-1796, 6746, 8342
-1778, 7704, 7896
-2368, 8188, 6636
-2714, 8784, 6138
-2066, 10202, 4718
-2420, 10426, 4714
-2356, 11094, 4212
-1886, 11164, 4582
-874, 9854, 3496
-688, 10710, 4752
-256, 10048, 4242
232, 9130, 4148
-1152, 8646, 5344
*NOTE-2017.03.28@14:26:37 - 1
-664, 8386, 4410
-608, 9322, 4838
-1614, 9888, 5042
-1120, 12166, 4168
-256, 12206, 4178
-702, 12536, 5084
-734, 12232, 6048
-170, 11738, 5688
-180, 10620, 5428
-428, 9034, 5710
-560, 6642, 6120
726, 5324, 5766
-156, 4744, 6660
938, 3524, 5812
158, 1522, 6186
600, 28, 5818
-816, -1578, 5886
-304, -2100, 4758
1112, -3264, 2688
-80, -4368, 2874
570, -5222, 866
1694, -5814, -926
802, -6160, -316
1076, -6468, -1944
1580, -6780, -2968
1618, -6514, -3906
2552, -6996, -6636
3018, -6784, -6828
3578, -6800, -7260
3302, -6684, -6032
2934, -6656, -5108
2054, -6774, -4526
1238, -5910, -2486
714, -5886, -1596
660, -4930, -888
792, -3932, -580
-266, -2746, 1916
-56, -1992, 2724
138, 362, 4650
548, 1164, 5370
1214, 2712, 5462
798, 4634, 7018
482, 6092, 6908
-234, 8314, 6432
-2226, 9924, 8752
-702, 12284, 6252
-1634, 11246, 8620
-428, 13100, 5378
1542, 12262, 4582
54, 11634, 5262
-1418, 10140, 6602
-220, 9552, 5420
550, 8914, 3562
224, 8580, 3556
-1046, 8138, 3870
*NOTE-2017.03.28@14:26:40 - 1
-1514, 8142, 3942
-1562, 8286, 3662
-1266, 8976, 3888
-1106, 9638, 3674
-872, 10346, 4424
-1144, 10594, 6162
-372, 11224, 4916
-326, 11366, 5496
-1062, 11954, 7342
-162, 10104, 6042
138, 9024, 6156
8, 7410, 7028
822, 6472, 7362
364, 5698, 6666
-16, 4068, 6090
250, 2172, 5506
-82, 590, 5798
1336, -658, 3232
514, -2216, 4198
800, -4066, 2120
-58, -4958, 2140
270, -5912, 1730
582, -5868, 366
1788, -6208, -1546
1966, -6058, -2090
2456, -6570, -3516
2824, -6842, -4182
3188, -6512, -5696
3354, -6804, -6842
3648, -7004, -7646
3092, -6594, -5998
2888, -6150, -5310
2298, -6388, -4662
1704, -5226, -3216
1706, -4234, -2394
1338, -2832, -930
850, -1270, 70
564, 118, 2590
290, 484, 4394
-894, 2630, 5438
-1372, 4706, 4732
-4258, 5770, 8304
-4050, 8044, 7136
-4114, 10554, 9250
-3434, 10476, 10056
-3484, 10992, 10304
-3576, 12092, 8554
-8, 11086, 5300
-1142, 10346, 5586
-770, 9160, 5332
-766, 8960, 4624
228, 8740, 2354
-194, 8804, 2224
-116, 8634, 2156
-300, 8764, 2584
*NOTE-2017.03.28@14:26:42 - 1
-514, 8610, 3910
-490, 8848, 4692
-508, 8814, 4580
-1100, 9446, 5092
-846, 10354, 4118
-582, 11342, 4316
-638, 11704, 4532
-534, 11872, 4790
-286, 11304, 5042
-516, 10584, 5962
126, 9894, 6806
1074, 8810, 6520
1042, 7260, 5672
166, 4712, 5950
434, 3868, 6056
558, 1688, 5892
-188, 588, 6402
734, -1054, 5740
-122, -1966, 6146
104, -2646, 4824
-564, -3610, 5306
-196, -4334, 3924
812, -5018, 2642
1490, -5366, 1202
1718, -5882, -1856
778, -6152, -1206
1618, -6326, -1380
2988, -6960, -2708
2494, -6822, -2842
2850, -6790, -4898
3634, -6526, -6642
4332, -6468, -7024
4268, -6958, -6264
3968, -6242, -5460
3474, -6378, -4634
2686, -6364, -4018
1540, -5702, -1576
1936, -5390, -1504
1232, -4312, -624
502, -3150, 194
-690, -2128, 2178
-758, -598, 4476
260, -44, 3768
0, 2510, 4982
-1346, 4432, 7028
-3280, 4822, 7770
-4894, 7366, 7842
-4884, 7430, 8672
-5402, 8490, 9142
-3936, 11142, 6636
-4598, 9778, 7978
-3026, 10402, 4708
-1554, 10284, 4256
-3084, 10294, 6378
-1442, 10092, 6420
82, 9586, 6544
484, 9094, 5692
72, 8834, 4084
-888, 8774, 3340
*NOTE-2017.03.28@14:26:45 - 1
-1246, 9060, 3158
-168, 7614, 1936
66, 8088, 2126
414, 7786, 2370
-1010, 7288, 3474
-1988, 6848, 3856
-1412, 7214, 4676
-1228, 5882, 3246
-1300, 6310, 2942
-1274, 6050, 2266
-1438, 5348, 2170
-832, 6512, 1986
-220, 6448, 1352
-526, 15456, 11486
3360, 5220, 8102
-2354, 6004, 8118
2144, 5940, 10044
906, 4056, 8476
1750, 3606, 8244
550, 2110, 6114
2352, 3238, 8038
996, 1956, 8090
1638, 1362, 7562
2522, 904, 7236
1540, 1932, 8460
2162, 1226, 6536
3404, 2108, 6160
2674, 1950, 7294
3088, 1990, 6620
3012, 1626, 7322
3682, 1704, 6726
3396, 1552, 7306
3350, 766, 8704
3364, 1684, 7238
1748, 1844, 6690
4224, 796, 6624
3420, 1384, 7224
3494, 2208, 6754
3326, 1584, 7810
2720, 2474, 7440
4454, 1454, 4564
3902, 2040, 7568
2310, 2050, 5638
2672, 2792, 8742
2624, 3290, 9032
3132, 2864, 11346
5022, 30, 7628
9496, 4960, 4910
1100, 1434, 3938
-8784, -1134, 6194
-5634, -2834, 6962
-5106, -4250, 3924
-2904, -2922, 2182
-1698, -2934, 1774
-2692, -1532, 3074
-3078, 266, 4804
-2852, -208, 6606
-2762, 3004, 8484
-2596, 4298, 9438
-246, 2638, 6280
64, 4032, 7134
-366, 2278, 6128
1946, 3024, 5072
-456, 2228, 7472
-1190, 178, 7104
-1810, 504, 8716
-1452, 566, 8038
-1920, 1108, 8392
-922, 1264, 5788
-5934, 536, 8218
-3926, -154, 5114
-5336, 490, 6220
-4364, -534, 5126
-5200, 510, 6386

-----------------------------------------------
Date: 28.03.2017 - 14:26:49
End log file
