Terminal log file
Date: 28.03.2017 - 14:27:42
-----------------------------------------------

%~>daq start

 DAQ started.
%~>quit
%~>-1302, 7720, 1890
-1316, 7650, 1868
-1304, 7576, 1882
-1380, 7550, 1890
-1440, 7482, 1992
-1294, 7472, 1896
-644, 7418, 974
44, 7608, 476
-3416, 7634, 2036
-5190, 7570, 2502
-4904, 7336, 1784
-4992, 7108, 1310
-5428, 6964, 1342
-5426, 6866, 1336
-4954, 6386, 794
-4574, 5998, 48
-4664, 5576, -148
-4894, 5154, -186
-5388, 5222, 282
-5396, 5198, 164
-5564, 5240, 712
-5362, 5200, 1124
-4914, 5420, 1478
-3984, 5676, 604
-4312, 6114, 1924
-4452, 6186, 1868
-4826, 6554, 1786
-4986, 6242, 2286
-4746, 6140, 1912
-4530, 6276, 1766
-4208, 5940, 1046
-4720, 6436, 1406
-5028, 6546, 1274
-4410, 5934, 412
-5884, 6336, 1274
-5930, 6204, 1876
-5282, 6584, 986
-6682, 5978, 644
-7270, 5740, 2596
-3702, 6020, 314
-4814, 5942, 1514
*NOTE-2017.03.28@14:27:44 - 1
-4918, 5666, 2170
-4504, 5844, 2282
-4926, 5924, 2404
-4830, 6162, 2468
-4882, 6184, 2062
-5020, 6472, 2082
-5096, 6534, 2234
-5224, 6976, 2566
-4990, 6780, 2388
-4620, 7118, 1966
-4240, 6808, 2088
-3616, 6544, 1620
-2374, 6442, 2154
-1254, 6126, 1360
-2180, 6650, 4274
-516, 6340, 1972
-1358, 6478, 3860
-1042, 6544, 3662
-1194, 6890, 4070
-1342, 7176, 4756
-780, 6872, 4542
44, 7036, 3444
662, 7130, 3374
650, 6938, 3132
1126, 7566, 2630
600, 7618, 1982
1318, 7498, 74
-28, 7918, 514
-886, 7844, -212
-1728, 8130, 1164
-2072, 9218, 636
-1130, 8868, 136
-930, 8438, 666
-290, 8542, 308
-436, 8464, 400
-546, 8588, 376
-1036, 8368, 324
-1630, 8500, 440
-1860, 7716, 738
-1640, 7380, 1786
-684, 7880, 936
-544, 7892, 818
-1130, 7738, 1056
-916, 7686, 874
-574, 7698, 712
-482, 7800, 594
-668, 7884, 760
-450, 8050, 776
-364, 8042, 948
-158, 7804, 752
*NOTE-2017.03.28@14:27:47 - 1
-240, 8092, 720
-336, 8148, 944
-378, 8024, 1180
-526, 7830, 2692
-556, 7848, 3276
-1052, 8516, 4030
-812, 9190, 3818
-856, 8944, 4620
-664, 8878, 5180
-736, 9622, 5906
70, 10286, 6110
-406, 10592, 7308
146, 10416, 6830
202, 9532, 7266
238, 8702, 9194
924, 7920, 6684
472, 5650, 6306
-432, 4666, 6716
544, 2590, 5842
124, 976, 5876
-114, -428, 5626
1950, -1570, 5216
2318, -2266, 4076
814, -3300, 4876
1538, -4462, 2474
930, -4768, 2498
1752, -5424, 1504
2552, -5118, 350
622, -6436, -2128
-1022, -7064, -2054
918, -6214, -5060
1930, -6520, -6840
2094, -6924, -6728
2536, -6062, -7844
2898, -6472, -7390
2314, -6250, -6450
1968, -6358, -4782
1040, -5818, -2282
1818, -6188, -1268
864, -5156, 708
570, -4576, 1798
-50, -4214, 2736
384, -3412, 3698
1358, -2570, 4658
966, -1076, 6324
1272, -934, 5762
986, 930, 5248
-368, 2634, 8444
-248, 2826, 8012
-756, 4226, 8088
-1724, 5524, 9336
-2142, 5640, 7782
-2482, 7724, 7900
-1918, 8566, 5796
-1122, 9482, 5816
178, 10466, 3956
-882, 10858, 4714
-1002, 10404, 5008
-1288, 10094, 6124
-1006, 9924, 5952
104, 8510, 4436
268, 9672, 4542
-846, 8232, 5000
*NOTE-2017.03.28@14:27:50 - 1
-1528, 8526, 4488
-2152, 8622, 4086
-2046, 10094, 4260
-1250, 11066, 4456
-710, 11330, 4824
-1230, 11996, 6144
-294, 12502, 5760
444, 11742, 5786
-128, 10134, 6508
-960, 8392, 8062
-242, 8012, 7098
114, 5332, 6320
-154, 4116, 6072
52, 2738, 6074
902, 1320, 5404
1190, -838, 4432
96, -2210, 4582
-56, -3342, 4042
640, -3900, 2220
546, -4356, 1766
1050, -5264, 348
1720, -5180, -1258
1374, -6464, -1962
1200, -6396, -2732
1752, -6544, -4476
2410, -6994, -7512
2158, -6880, -7510
2660, -6880, -8750
2274, -6368, -7538
1842, -6614, -6592
1378, -6096, -5028
906, -5774, -3548
926, -5118, -1602
2110, -4614, -1178
1640, -3036, 958
782, -2034, 2626
206, -1120, 4628
1462, -1062, 3826
1208, 1592, 5104
728, 2754, 7090
2102, 3998, 7314
1896, 5492, 6484
-1174, 7066, 9300
-1914, 7234, 8700
-2692, 10344, 9502
-2562, 8946, 7872
-1412, 10758, 5502
-746, 10328, 4546
-1006, 10746, 4506
-982, 10726, 4534
-2168, 10156, 6656
-1578, 9774, 5596
-326, 8908, 4138
-590, 8404, 3710
-2182, 8024, 4292
*NOTE-2017.03.28@14:27:53 - 1
-1614, 8766, 3864
-1646, 8752, 3520
-1712, 9610, 3936
-2294, 10772, 4866
-1774, 11712, 5690
-238, 12840, 6444
988, 12936, 4626
-826, 11820, 6160
-1324, 10852, 6366
16, 9480, 5818
-242, 6884, 6368
520, 5716, 5256
792, 4280, 5826
554, 2456, 5864
784, 1244, 5920
1088, -322, 5170
444, -1398, 5230
630, -2862, 3930
874, -4018, 2610
10, -4694, 3066
330, -5382, 1398
1098, -5872, -476
1248, -5866, -2152
1092, -6058, -3100
1096, -6268, -3160
2624, -7102, -4750
3186, -6566, -4904
3750, -7074, -7060
3686, -6636, -8530
2442, -6576, -7200
2066, -6554, -5924
1756, -6484, -4858
1186, -6076, -2228
1190, -5724, -1172
1502, -6052, -1148
782, -4600, 812
1978, -3800, -894
106, -2312, 3844
450, -1754, 3942
188, -1630, 4676
578, -1056, 5822
-526, 1466, 8100
-1160, 1940, 8946
-530, 3710, 6112
-1664, 4862, 8310
-1422, 5640, 6688
-2200, 7690, 6500
-4200, 6986, 8520
-2698, 9248, 6808
-2150, 9488, 5480
-1430, 10816, 4644
-1390, 10746, 3644
-2366, 10928, 5512
-2040, 9562, 6168
-676, 9134, 4436
-412, 8842, 3606
-1252, 8470, 3520
*NOTE-2017.03.28@14:27:55 - 1
-1976, 8064, 4116
-1684, 7820, 4038
-1700, 8086, 3994
-1918, 9212, 4762
-1586, 10822, 4552
-1462, 10990, 5646
-858, 11240, 5114
-712, 12128, 5518
-770, 11896, 6182
-260, 10502, 5410
-528, 9210, 6610
-496, 8996, 7214
-620, 7412, 6962
-320, 5794, 6354
316, 3890, 6250
656, 2350, 6038
740, 1292, 5918
678, -778, 5482
40, -1388, 4438
324, -2678, 3136
238, -3972, 2590
1328, -5308, 774
228, -5702, 1626
1486, -6228, 102
2302, -5982, -2796
1532, -6146, -3122
2424, -6076, -4136
3458, -6362, -5522
4102, -6216, -6008
5262, -6990, -8136
4280, -6398, -7660
3336, -6412, -6138
2370, -6136, -5180
1644, -5822, -3602
1370, -4980, -1980
1488, -4346, -1168
466, -3124, -358
-1458, -2858, 3386
-1126, -1498, 4220
-822, -850, 5176
-46, 584, 6006
-730, 1390, 5958
-1176, 2580, 6134
-2592, 4844, 7882
-3326, 6094, 10216
-2880, 7832, 5782
-5274, 8364, 9206
-3602, 8388, 6834
-3870, 10022, 6696
-2442, 10340, 3762
-2818, 10088, 5124
-784, 10546, 2946
-2846, 10148, 5354
-4598, 9636, 6854
-2936, 9006, 5960
858, 8632, 2688
*NOTE-2017.03.28@14:27:58 - 1
-244, 8228, 3770
-2758, 8196, 5006
-3134, 8638, 5136
-1736, 10146, 3814
-1366, 10600, 4722
-1386, 10824, 5384
-1114, 12396, 6528
-212, 12130, 5916
-102, 11178, 6186
150, 10132, 5864
300, 8552, 5672
-102, 6598, 6894
308, 5160, 6644
1274, 4606, 5832
1270, 2722, 6198
1244, 1824, 6032
1770, -86, 5164
996, -1368, 4182
138, -2416, 4432
-428, -4040, 5762
1246, -4438, 1340
986, -5188, -140
902, -5704, 176
2264, -5882, -2238
518, -7194, -2382
884, -6986, -2798
1768, -6770, -5004
1782, -7186, -5904
2604, -6930, -6846
2534, -6702, -7806
1852, -6698, -7170
1224, -6994, -6412
1168, -6712, -5454
604, -6194, -3844
972, -5906, -2036
1736, -5012, -1044
1418, -3802, 578
1092, -2836, 2876
1668, -2850, 2862
2032, -1580, 3934
1244, -940, 5790
784, -514, 5958
502, 1658, 6952
-1054, 2726, 9274
-768, 2648, 7530
-1740, 5640, 8290
-2478, 4768, 8012
-2106, 7046, 7046
-3534, 7668, 8046
-3402, 8352, 6434
-3188, 8922, 6290
-2740, 9524, 4748
-2702, 9974, 4898
-2722, 9864, 5468
-1918, 9804, 5908
-602, 9304, 5894
192, 8846, 5204
*NOTE-2017.03.28@14:28:01 - 1
106, 8324, 5166
-692, 8040, 4676
-1510, 8158, 4092
-1678, 8880, 3836
-944, 9690, 3178
-1600, 9582, 4796
-1240, 9942, 5910
-720, 10900, 6704
-196, 10804, 6734
-730, 10758, 7796
-482, 10232, 7576
-780, 9194, 7350
-772, 7254, 7546
-792, 5514, 7410
504, 4442, 5744
328, 2290, 7482
790, 1942, 6642
1114, 516, 5242
424, -1368, 3444
474, -2524, 2690
690, -5140, 2064
934, -4590, 1976
1752, -5062, -128
2032, -5574, -1946
1030, -6508, -1534
1776, -6390, -2844
1620, -6542, -4448
2010, -7118, -5940
1938, -7260, -7220
2160, -6930, -7912
1558, -6908, -6662
1930, -6860, -6184
2058, -6746, -4974
1494, -6282, -3234
1472, -5694, -2622
750, -4810, -144
1028, -3884, -90
494, -3476, 1532
462, -1546, 3400
792, -606, 4190
874, 1040, 4302
-98, 3170, 4900
-686, 3878, 6328
-2836, 6594, 9698
-2828, 7778, 7458
-3770, 9582, 8600
-4310, 10172, 8292
-3768, 10324, 6580
-3900, 10622, 6252
-3860, 10476, 4528
-4624, 10564, 5764
-2980, 9962, 5652
152, 10116, 4204
384, 9150, 4536
-280, 8316, 3818
*NOTE-2017.03.28@14:28:04 - 1
-88, 8114, 3436
-1316, 7874, 3998
-1032, 8448, 4548
-540, 9206, 4046
-628, 9868, 3952
-1338, 10262, 5152
-814, 11618, 6122
-150, 12120, 5480
354, 11932, 4938
308, 11178, 5288
438, 10238, 5518
586, 8952, 5464
1158, 7164, 5908
626, 5094, 6644
1370, 4330, 6540
1406, 3496, 6400
958, 2106, 6312
566, 776, 6808
458, -628, 5890
784, -2166, 4340
540, -3152, 4338
636, -3850, 3426
764, -4800, 2214
1284, -5150, 1342
1858, -5346, -1170
1664, -5930, -2020
1322, -6624, -3110
1618, -7360, -4122
2402, -7010, -2322
4482, -6480, -5508
3932, -6580, -5948
3850, -6618, -6546
3304, -6578, -5380
3152, -6504, -4830
2730, -6258, -4018
1872, -6228, -2524
1976, -5486, -2032
2308, -4210, -880
748, -3922, 1198
-134, -2690, 1542
-1088, -1464, 2740
-2036, -716, 3286
-4248, 176, 4710
-5564, 1116, 3540
-7904, 2906, 2882
-9796, 3192, 3786
-9698, 4626, 4244
-8908, 6990, 3198
-10156, 6342, 4196
-10330, 6934, 7310
-3590, 8404, -476
-6178, 8566, 4946
-5496, 9434, 4266
-4510, 9526, 4702
-3808, 9928, 5010
-2132, 8866, 4402
298, 8646, 2612
-1040, 8662, 3548
-1122, 8152, 3684
*NOTE-2017.03.28@14:28:07 - 1
-2248, 8004, 4538
-1256, 8246, 3664
-444, 8334, 3060
-1916, 9112, 4666
-1222, 10244, 4166
-814, 10326, 5014
-1154, 11042, 6338
-1058, 11136, 6068
-930, 11090, 6620
-972, 10000, 6460
-1928, 9080, 7688
-970, 7966, 6764
-930, 6066, 6736
-460, 5484, 6852
-712, 3474, 6598
-222, 1806, 6068
-66, 722, 5950
26, -786, 5362
-206, -1786, 6036
498, -1978, 4348
480, -3854, 2904
454, -4938, 782
354, -5626, 676
788, -5716, -1204
330, -5758, -1784
762, -6746, -3750
1594, -6638, -4680
2760, -6850, -6424
2718, -6984, -7136
2570, -7220, -5836
3194, -6850, -5892
3010, -6624, -5042
2036, -6450, -3876
1940, -5622, -3250
1776, -4994, -2016
770, -4114, 688
1066, -3730, 746
642, -1880, 2930
-434, -1204, 4826
-340, -974, 4322
-1172, 1508, 6822
-812, 2614, 5932
-1572, 3698, 7698
-1400, 5286, 5908
-2810, 6402, 7994
-3768, 8324, 8660
-5446, 9520, 9536
-3570, 9170, 6596
-3452, 10724, 6094
-2920, 10420, 3552
-4636, 9938, 5368
-4942, 9492, 6368
-3836, 9476, 5412
-908, 9550, 3176
-512, 8576, 3380
-1666, 7948, 3448
-2128, 7696, 3506
*NOTE-2017.03.28@14:28:10 - 1
-2216, 7704, 3482
-1984, 8278, 2948
-2672, 8446, 3034
-3034, 8434, 3330
-2960, 9692, 4088
-2660, 10668, 4896
-2262, 10788, 6208
-1116, 11336, 4956
-1764, 11132, 6180
-1842, 10250, 5960
-1932, 9124, 5842
-2184, 8216, 6904
-846, 6802, 6932
-742, 4674, 6148
-924, 3390, 6680
-806, 2204, 6642
-704, 902, 6546
-836, -604, 6214
-626, -1812, 5346
-2216, -1972, 6736
-1142, -2718, 4164
-396, -3864, 2792
604, -4218, 1072
1090, -4760, 630
2056, -5092, -1624
2266, -6200, -2406
3168, -6524, -3632
4562, -6244, -5514
4346, -6490, -7092
4182, -6794, -7472
3868, -6518, -6748
3180, -6614, -5802
2624, -6404, -4882
1568, -6146, -3430
1524, -4852, -2392
1136, -4830, -1282
434, -3688, 14
-728, -2840, 2282
-444, -1522, 3520
-674, -932, 4688
-944, 528, 4560
-2958, 2650, 7290
-2916, 4074, 5802
-5358, 5452, 9160
-4746, 6396, 7942
-4356, 7806, 8632
-6190, 8616, 8776
-4704, 8170, 6278
-5844, 8930, 6994
-5402, 9036, 5184
-3372, 9224, 2774
-3924, 9276, 3936
-4170, 9246, 4988
-2264, 9022, 4152
-1206, 8808, 3830
-1244, 8458, 3620
-2160, 8174, 4518
*NOTE-2017.03.28@14:28:12 - 1
-2338, 8062, 4406
-2464, 8144, 3824
-2702, 8512, 3348
-2100, 9032, 3010
-2202, 9550, 3660
-1894, 9770, 4038
-2552, 10520, 5902
-2124, 10960, 6030
-1582, 10654, 5894
-1852, 10328, 6778
-2022, 9690, 6880
-1314, 8280, 6810
-1196, 7254, 6660
-786, 5444, 5976
-1128, 3896, 6344
-1402, 2380, 6104
-1922, 1122, 6572
-1158, -466, 5758
-1232, -1334, 4866
-1324, -2414, 5128
-1078, -3738, 4744
-856, -4390, 3998
198, -4398, 1580
232, -4904, 462
612, -5232, -258
2256, -5578, -3050
2766, -6082, -3708
3652, -6398, -4858
4366, -6724, -5730
4506, -6882, -6114
4914, -6526, -6606
4444, -6626, -6462
3428, -6682, -5688
2280, -6018, -4120
1552, -6258, -3014
1416, -5540, -2560
1288, -4506, -1766
400, -3010, -210
-458, -2628, 2734
-606, -1374, 4666
-586, 154, 6160
-458, 400, 6260
-1776, 1928, 7430
-2924, 3846, 8168
-3058, 4472, 6650
-4630, 6168, 8776
-3768, 7764, 5832
-4844, 8058, 8340
-5176, 8698, 6010
-5826, 9558, 7248
-4068, 9842, 3408
-4316, 10362, 4670
-4820, 9868, 5666
-4598, 9458, 6306
-1160, 9412, 3750
152, 8692, 3642
*NOTE-2017.03.28@14:28:15 - 1
-1492, 8196, 4446
-2516, 7626, 5284
-2620, 8198, 4502
-2642, 8716, 4108
-2072, 9556, 3738
-2124, 10342, 5104
-1632, 10702, 5386
-930, 11288, 4512
-1704, 11132, 5774
-1438, 10604, 6116
-980, 9694, 5694
-1524, 8382, 6548
-1324, 7320, 6462
-1432, 6318, 6584
-872, 4652, 6302
-1594, 3212, 6386
-1196, 1780, 6596
-1066, 534, 6584
-1484, -820, 6964
-1084, -1650, 5180
-2058, -2752, 4996
-1962, -3654, 3882
-1346, -4056, 3316
94, -4728, 1318
598, -5198, 672
1266, -5486, -1122
1766, -6158, -2568
1954, -5902, -3410
2510, -6716, -4734
3252, -7094, -5952
3550, -6904, -6664
3104, -6916, -6410
2926, -7150, -5808
2590, -7128, -5488
1744, -6730, -3700
1632, -6072, -3298
1028, -6280, -1396
1846, -4906, -1742
1046, -4306, -784
18, -2760, 1264
-212, -2114, 3722
-1022, -2056, 5684
-114, -606, 4982
-1054, 724, 6792
-1932, 2014, 7884
-4162, 1322, 11000
-1432, 3478, 5374
-3998, 4318, 11020
-1614, 4978, 5174
-4644, 6292, 8794
-4350, 5900, 6478
-4450, 7236, 7670
-4196, 7930, 5354
-4308, 8620, 6376
-2726, 9240, 3842
-2660, 9152, 4682
-2846, 8998, 5290
-1770, 9178, 4500
-520, 9022, 3082
-406, 8544, 2980
-920, 8372, 3348
*NOTE-2017.03.28@14:28:18 - 1
-1256, 8106, 3544
-1732, 8162, 4172
-1788, 8146, 3880
-2440, 8246, 4474
-1650, 9446, 3548
-1542, 10570, 4270
-2150, 10788, 5864
-2098, 10994, 6068
-1728, 11004, 5936
-2076, 10594, 6830
-1826, 9552, 6196
-1996, 8614, 6690
-1614, 7118, 7226
-1156, 5830, 6602
-496, 4248, 6376
-1302, 2874, 7084
-2028, 1444, 7486
-1476, 322, 6188
-1974, -1190, 4806
-2216, -2642, 4772
-1264, -3800, 2562
-1768, -4226, 2958
82, -4564, 954
524, -5194, 320
992, -6282, -624
1152, -6160, -942
2198, -5854, -2462
3102, -6522, -4754
2210, -6682, -4080
2504, -7180, -5046
3010, -6758, -6514
3190, -6960, -7204
2500, -6586, -5404
2476, -6882, -5614
1674, -6664, -3774
1154, -6426, -2538
734, -6534, -1776
2188, -5210, -1522
2228, -4058, -314
1562, -4272, 578
844, -2236, 1820
-406, -1364, 4916
-406, -814, 6608
668, -274, 5404
-500, 1314, 7728
-470, 3064, 8190
-1886, 3876, 8806
-2994, 5274, 8276
-3680, 5986, 8118
-4112, 7308, 7646
-4508, 7344, 6232
-4678, 8216, 6494
-3510, 10172, 4484
-4248, 9924, 4680
-4584, 10168, 5456
-3892, 9482, 5946
-696, 9426, 3772
*NOTE-2017.03.28@14:28:21 - 1
680, 9530, 3408
-640, 8658, 4666
-1620, 8446, 4870
-1638, 8170, 4086
-1536, 8130, 3436
-2120, 8358, 3498
-2252, 9466, 3910
-1992, 10070, 3518
-2024, 10346, 4304
-1880, 10334, 5088
-1832, 10366, 5672
-1872, 10124, 6180
-1782, 9522, 6484
-1914, 8678, 7156
-918, 7952, 6630
-874, 6474, 6416
-1130, 4828, 6860
-616, 3414, 6282
-908, 1944, 7180
-1156, 758, 6958
-678, -670, 5890
-2656, -1688, 5406
-1638, -3114, 3644
-1912, -4004, 2158
-1148, -5376, 1246
-188, -5634, 380
146, -5982, 202
2170, -6240, -1296
2084, -6358, -1208
2428, -6018, -904
3726, -6424, -3220
4232, -6648, -3530
4610, -6912, -4242
4718, -6378, -5658
4032, -6444, -6002
3196, -6664, -5522
2226, -6230, -5118
1798, -6214, -4224
2256, -6062, -3780
2642, -4458, -3004
1302, -3174, -944
-432, -2320, 2114
-860, -1786, 3616
-452, -586, 4278
-1614, 584, 6650
-4424, 1156, 8512
-4916, 2322, 7736
-4938, 3472, 8124
-4930, 4122, 7524
-4148, 6282, 5536
-5814, 6622, 7394
-6108, 7688, 6034
-5954, 8186, 7038
-4504, 9806, 3060
-4946, 9966, 4278
-4438, 9112, 4064
-4852, 10120, 5954
-1404, 9686, 4124
1756, 9498, 2140
*NOTE-2017.03.28@14:28:24 - 1
-994, 9008, 4114
-1524, 8554, 4572
-1524, 8104, 4352
-1352, 8502, 4034
-2114, 8404, 4172
-1720, 9460, 3858
-1570, 10424, 3632
-1234, 10610, 3974
-1924, 10492, 4986
-1854, 10628, 5582
-1816, 10398, 5662
-2362, 9608, 6828
-1874, 8804, 6972
-1744, 7312, 6974
-870, 6196, 5876
-2378, 4348, 7018
-2186, 3502, 5988
-2446, 1564, 5992
-2350, 270, 6426
-1728, -1062, 5526
-2122, -1712, 5950
-2424, -2728, 5690
-678, -3390, 3632
1050, -4100, 1316
40, -4382, 2036
1214, -5440, -130
1252, -5586, -1106
1848, -5694, -1872
3094, -5820, -3952
3594, -6058, -4714
3852, -6252, -6208
4564, -6268, -7774
4390, -6410, -7710
4234, -6502, -6832
3648, -6134, -6046
2576, -6428, -5268
1576, -5860, -4302
1014, -4898, -3108
834, -3956, -1744
636, -2906, -598
-240, -2116, 1552
102, -796, 2544
-542, 686, 3324
-776, 1758, 3084
-3736, 2710, 7326
-3834, 5354, 7030
-4762, 7668, 7896
-5888, 9126, 8142
-6732, 9154, 8294
-7768, 9162, 8732
-6552, 9364, 6468
-5728, 9006, 5046
-4720, 8866, 3918
-3918, 9264, 3958
-3046, 9320, 3954
-2542, 9434, 3534
-1992, 8644, 3420
*NOTE-2017.03.28@14:28:27 - 1
-1368, 9858, 4022
-1914, 8248, 4952
-2508, 8362, 5348
-1826, 8432, 3890
-2662, 8548, 3912
-2718, 9760, 3894
-2162, 10284, 3370
-2308, 9716, 4416
-2218, 10040, 4910
-2112, 10146, 4824
-2074, 10344, 5410
-2550, 9514, 5922
-2968, 8676, 6444
-3022, 7566, 6808
-2746, 6606, 6546
-1830, 4814, 6004
-3246, 3328, 7578
-2774, 2854, 7582
-2436, 1592, 6784
-2420, 22, 6044
-1192, -1086, 4268
-1090, -2262, 4284
-1338, -2936, 4500
-800, -3890, 2736
356, -4512, 580
1292, -5570, -8
2030, -5534, -426
2136, -6102, -2098
1946, -5982, -3286
2482, -6246, -4332
3024, -5918, -5870
4030, -6224, -6934
4796, -6200, -7798
5276, -5786, -7530
5020, -5564, -6936
4442, -6024, -6056
3622, -5614, -4852
2184, -5786, -4124
1182, -5312, -2636
598, -4320, -1732
592, -3716, -862
306, -3078, 10
-92, -1866, 2876
-130, -454, 2362
174, 1418, 3458
-1722, 3302, 6768
-2906, 4780, 7092
-3994, 6012, 7940
-4836, 7954, 6576
-5248, 10642, 6328
-5618, 12008, 6090
-4928, 11732, 5636
-4820, 13134, 5616
-2978, 12370, 4076
-3344, 12562, 6630
-3244, 11092, 7998
142, 8246, 5688
-368, 8874, 7106
-1774, 8364, 5756
*NOTE-2017.03.28@14:28:30 - 1
-1366, 8382, 3400
-1956, 8312, 2712
-2100, 8900, 1746
-2116, 8706, 1184
-2290, 7834, 1752
-2198, 6694, 2522
-1880, 7108, 2628
-68, 5656, 2658
-14, 5458, 3368
-30, 5456, 3382
-1136, 5910, 4004
-106, 5346, 1870
-528, 6848, 3122
806, 6670, 1972
1478, 8786, 6178
1802, 5752, 4160
-444, 8002, 10906
-16, 3704, 9810
1576, 2276, 4832
-6814, 5794, 4700
5390, 5426, 11956
888, 1724, 6142
532, 2556, 8130
2254, 2690, 7230
1150, 2392, 8222
1914, 1970, 7564
1874, 1536, 7390
3110, 1206, 8660
2750, 1672, 7346
3082, 2260, 6218
3606, 2260, 6320
3746, 1924, 5984
3214, 2050, 6686
3304, 2300, 7332
1584, 1178, 7984
2394, 1278, 7662
2222, 1864, 8494
1618, 1498, 7024
2634, 1028, 7570
1564, 2520, 8286
2436, 1058, 7746
2388, 2542, 7580
2184, 1784, 6858
3648, 872, 7370
2656, 2064, 7302
2028, 2036, 7106
2238, 2348, 7796
2120, 1694, 6670
3112, 3024, 8396
1628, 2236, 7400
2372, 3498, 8698
926, 3454, 9464
1202, 3952, 5098
1802, 3140, 8804
4446, 2998, 6326
586, 1104, 6268
-2990, 1682, 7970
-3458, 230, 7538
-3152, -378, 7008
1172, -404, 7208
3262, 504, 5932
746, 1554, 9760
-2302, 636, 10002
1474, -580, 3940
-8642, -334, 3774
-9060, -124, 3994
-7394, -566, -440
-10220, -1396, 2988
-8696, -804, 128
-7424, -1808, -2312
-8448, -2742, -322
-11868, -1836, 2606
-6130, -910, -544
-7398, 1026, 2456
-7020, 1428, 2498
-6646, 482, 1850
-7234, -242, 4912
-6858, -666, 3074
-7468, -278, -58
-7978, 382, 3094
-8242, 684, 2226
-6646, -44, -386
-7238, -398, 3068
*NOTE-2017.03.28@14:28:34 - 1
-7026, -490, 2340
-6084, -1022, 688
-7032, -918, 3764
-7162, -604, 3108
-6740, -256, 2926
-7336, -562, 3322
-6794, -434, 3494
-6616, -204, 3956
-6478, 80, 3476
-7814, -34, 3948
-7528, 138, 3552
-7014, 168, 3406
-6454, 0, 3650
-7052, 306, 4078
-7160, -178, 3956
-7322, 440, 3526
-8060, -372, 3482
-6828, 266, 2720
-6926, 68, 2604
-6920, -554, 3060
-7466, -954, 2882
-7496, -1708, 3052
-7378, -1036, 3102
-7696, -1090, 2392
-7390, -962, 2874
-8044, -694, 2804
-7604, -690, 2496
-7398, -582, 2760
-7506, -630, 2518
-6898, -532, 2596
-6954, -1012, 2292
-7318, -1028, 2680
-7514, -798, 3182
-7488, -1150, 2448
-7234, -926, 2856
-7518, -878, 2486
-7700, -1042, 2302
-8706, -634, 3620
-7450, -556, 4550
-7290, -882, 2692
-7910, -902, 2846
-7678, -1486, 1166
-7128, -1472, 964
-7298, -1556, 1402
-7790, -1322, 2028
-7750, -1520, 2418
-8374, -1150, 1566
-7632, -1374, 898
-7384, -1648, 1140
-7910, -1280, 2198
-7538, -1358, 2192
-7388, -1252, 1730
-6922, -858, 1568
-8082, -1422, 1420
-7394, -1662, 790
-7896, -1738, 1140
-7734, -1248, 1454
-8634, -472, 2140
-8284, -1396, 1324
-8372, -1448, 726
-7376, -1480, 848
-7988, -1456, 1544
-7424, -1180, 1360
-6610, -1166, 690
-7870, -2040, 1386
-6958, -1670, -482
-8538, -1530, -94
-8924, -1932, -808
-8600, -1348, 48
-7964, -1246, -734
-8182, -1570, -612
-8016, -1572, -324
-8040, -1256, 266
-7840, -1252, 530
-7750, -1112, 982
-7714, -1150, 968
-7896, -1180, 1710
-7720, -1118, 1856
-7460, -998, 1484
-7840, -944, 2532
-7600, -1140, 2070
-6996, -1194, 1362
-7594, -1148, 1456
-8268, -1392, 1328
-8148, -1364, 950
-8034, -1310, 492
-7986, -1312, 652
-8076, -1344, 602
-7764, -1440, 164
-7614, -1520, -142
-7930, -1536, 262
-7686, -1332, -48
-7806, -1474, -94
-8112, -1328, 382
-7802, -1320, 284
-7892, -1456, 522
-7914, -1496, 414
-7986, -1336, 1036
-7452, -1084, 460
-7630, -1350, 858
-8324, -1512, 778
-7732, -1348, 584
-7894, -1180, 1250
-7488, -1182, 892
-7714, -1188, 994
-7810, -1414, 836
-7944, -1218, 1066
-7430, -1104, 1338
-8262, -1066, 1440
-7742, -1502, 1048
-8652, -1636, 814
-7568, -922, 1212
-7314, -1260, 1534
-7888, -1192, 2132
-8404, -1530, 864
-7710, -1460, 684
-6706, -1168, 928
-8070, -1154, 1346
-7866, -1452, 988
-7752, -1268, 984
-7726, -1342, 1228
-7878, -1196, 1368
-7790, -1388, 1024
-7672, -1170, 1206
-7728, -1338, 884
-8030, -1128, 1436
-7854, -1278, 1262
-7648, -1276, 1168
-7784, -1134, 1230
-7692, -1336, 1168
-7662, -1194, 1138
-7480, -758, 1140
-7858, -1288, 1030
-7640, -990, 1514
-8444, -1042, 1942
-7746, -1484, 418
-8358, -1396, 234
-6772, -964, 1276
-7894, -1148, 1176
-8448, -1478, 1726
-7950, -1306, 768
-7624, -1154, 898
-7794, -1210, 1016
-7762, -1202, 878
-8180, -1078, 1090
-7626, -842, 1634
-7834, -1170, 740
-7740, -1202, 1112
-7588, -1160, 1060
-7708, -1242, 1098
-7418, -974, 1744
-8090, -1104, 1716
-8036, -1004, 1610
-7734, -1494, 776
-7410, -1404, 678
-7376, -1308, 562
-7840, -1350, 754
-7780, -1290, 892
-7924, -1260, 884
-7718, -1188, 876
-7934, -1366, 924
-7544, -1148, 804
-7918, -1230, 980
-7892, -1288, 810
-7886, -1188, 1248
-7482, -1120, 1184
-7674, -1274, 920
-7708, -1246, 940
-7708, -1344, 1042
-7656, -1194, 1302
-7720, -1236, 1334
-7474, -1224, 1288
-7754, -1072, 1910
-7562, -1706, 1764
-8164, -1570, 892
-7664, -1198, 900
-7900, -1018, 1884
-7670, -1370, 1230
-7784, -1438, 932
-7916, -1376, 1164
-7356, -1318, 1214
-7476, -1072, 1358
-8002, -1358, 1086
-7752, -1326, 1084
-7708, -1316, 1354
-7852, -1418, 1006
-7752, -1378, 1178
-7802, -1264, 1166
-7906, -1486, 958
-7292, -1774, 612
-7816, -1656, 796
-7882, -1418, 1094
-7274, -1696, 574
-8004, -1384, 1384
-7818, -1278, 1274
-7692, -1348, 1030
-7068, -1466, 546
-7756, -1716, 1450
-7902, -1484, 882
-8022, -1266, 1152
-7596, -1232, 1162
-8086, -1184, 1224
-7790, -1304, 1138
-7934, -1188, 1332
-7660, -1444, 914
-7862, -1228, 1322
-7542, -1168, 856
-7862, -1430, 972
-7916, -1408, 1176
-7632, -1370, 832
-7350, -1344, 846
-7796, -1338, 1194
-8024, -1234, 1306
-7678, -1426, 1020
-7880, -1184, 1298
-7796, -1370, 964
-7808, -1386, 996
-7556, -1096, 1164
-8024, -1364, 1146
-8004, -1276, 1246
-7738, -1284, 986
-7806, -1488, 988
-7590, -990, 1050
-8508, -1244, 1664
-7994, -1294, 1198
-7754, -1342, 1036
-7618, -1276, 964
-7664, -1310, 1140
-7798, -1310, 1064
-6958, -1142, 890
-8654, -1366, 1782
-7896, -1446, 826
-7396, -1058, 1384
-7854, -1444, 1256
-7812, -1404, 1150
-7868, -1374, 984
-7186, -1326, 100
-8010, -1274, 1638
-8030, -1046, 1658
-8796, -1442, 306
-7132, -1628, 218
-7918, -896, 2350
-7580, -1292, 2566
-8774, -1488, 1614
-8292, -1256, 1086
-7802, -1144, 1674
-7180, -904, 1584
-8244, -1852, 560
-7518, -1352, 1270
-7200, -904, 1612
-7806, -1472, 1548
-8000, -702, 812
-7834, -1272, 1260
-6548, -1510, 716
-8300, -1298, 1364
-7766, -1130, 1392
-7586, -1344, 630
-7354, -1408, 1750
-7836, -1310, 1208
-7666, -1464, 1076
-7538, -1088, 1372
-8004, -1238, 1182
-7704, -1348, 824
-7512, -1210, 1120
-8034, -1480, 354
-8086, -1212, 924
-7792, -1574, 684
-7694, -1222, 978
-7924, -1158, 1552
-8344, -1276, 1630
-8078, -1434, 1552
-7118, -430, 1760
-7274, -570, 2616
-8006, -788, 2112
-8158, -1152, 1698
-7572, -1330, 1574
-7672, -1358, 1630
-8004, -1184, 2106
-7312, -1100, 1838
-7430, -1076, 2520
-7426, -1120, 2564
-7200, -1228, 2694
-6902, -876, 2990
-7196, -1144, 3872
-6462, -1106, 2466
-6896, -1294, 2226
-7480, -1322, 1760
-7790, -1172, 940
-8452, -1368, 996
-7782, -1374, 286
-8424, -1150, 996
-8136, -1346, 948
-8610, -1532, -188
-8668, -1594, 56
-9088, -1312, -222
-7422, -1468, -184
-7886, -896, 1354
-7374, -560, 1554
-7730, -658, 2326
-7768, -556, 2288
-7860, -818, 2554
-6940, -978, 2292
-7342, -762, 4606
-6736, -1008, 3492
-6064, -930, 3942
-8708, 1278, 8494
-5416, -650, 5442
-3080, -666, 3928
-2388, -228, 5924
-5450, -648, 7292
-5726, 458, 7388
-4602, 1588, 5280
-4240, 1400, 5366
-5498, 1566, 6576
-4006, 2120, 6420
-2622, 2556, 6136
-1574, 3012, 6612
-3196, 2758, 7156
-1780, 3120, 6802
-2046, 1978, 6570
-2606, 2672, 7226
-2162, 2380, 7142
-1494, 2416, 6346
-1354, 2676, 7512
-2224, 2592, 7790
-2384, 3346, 7872
-2042, 2888, 7526
*NOTE-2017.03.28@14:28:50 - 1
-2440, 3370, 7128
-2942, 3440, 7282
-2444, 3208, 6838
-2866, 3168, 6386
-2674, 3140, 5850
-5264, 2264, 7988
-3718, 3086, 6456
-3622, 2542, 6624
-2322, 1812, 5280
-2938, 902, 6018
-2094, -18, 5756
-2526, -434, 6900
-1422, -392, 7164
1108, -1352, 6166
606, -1504, 6904
-3732, -650, 13966
-160, -650, 9894
-2958, 1514, 6746
1488, 1998, 10126
-1342, 1040, 8280
596, 2122, 7304
-74, 2612, 7664
-198, 1726, 8038
396, 1860, 7896
380, 1788, 7508
-98, 2102, 7886
58, 1628, 7238
462, 2252, 8034
476, 1668, 7710
-592, 942, 8052
240, 986, 7746
122, 1004, 7186
896, 2066, 7696
8, 736, 8044
320, 826, 7968
498, 540, 7724
-534, -294, 8370
306, 316, 7764
-54, -180, 8044
-796, -2196, 7702
254, -1200, 7128
-412, -1992, 7572
-1018, -2126, 8096
414, -2446, 7632
-220, -2138, 8180
-692, -930, 8996
-1038, -984, 8694
-1908, -586, 9296
-2530, 1714, 10640
-3842, 1590, 7638
-1832, 13004, 8836
-2740, 7954, 3972
-414, 5344, 950
-4360, 4546, 6410
-1770, 3640, 3070
-778, 4082, 3788
-1536, 4760, 2718
-1830, 5916, 2422
-3848, 6380, 4004
-3738, 6936, 4558
-2350, 7462, 1990
-2750, 8132, 1662
-3976, 8092, 2734
-4528, 7958, 4434
-1254, 7066, 2184
-1742, 8034, 1916
1178, 6456, 2682
-942, 8092, 3736
1484, 7864, 550
2176, 8000, 152
1380, 7502, 1172
2202, 7036, 372
134, 7120, 2098
96, 9046, 2332
1634, 8210, 298
*NOTE-2017.03.28@14:28:54 - 1
542, 7688, 776
-336, 7754, 736
-442, 7976, 486
-686, 7772, 310
-660, 7888, 1322
-108, 8158, 608
-444, 8194, 910
-626, 8250, 2074
-1510, 7650, 4848
354, 9230, 5986
1302, 11148, 7028
310, 11810, 8024
404, 12890, 7274
132, 13282, 6558
70, 12872, 7052
932, 11864, 5750
-668, 8878, 7180
148, 8106, 5758
758, 5962, 4706
-236, 4170, 5878
470, 2300, 4888
-352, 656, 6298
830, -178, 4500
1014, -1988, 2040
468, -3110, 1576
570, -4506, 1464
1324, -5318, 338
1026, -6090, -824
1040, -6854, -2374
560, -6148, -1980
756, -6670, -2976
1936, -6672, -4246
2658, -6818, -6164
2732, -7316, -7528
3282, -6876, -7716
3448, -6710, -7152
2866, -6518, -5886
2490, -6672, -5208
1582, -6022, -3500
1342, -5624, -2870
978, -4682, -1828
1208, -3054, -1282
92, -2910, 2504
304, -2480, 3250
422, -1846, 4426
304, 286, 4996
-1704, 2412, 7658
-2460, 3048, 7218
-2536, 4844, 7016
-3574, 5514, 8566
-4524, 6926, 8672
-5408, 7994, 8520
-4156, 8600, 6508
-4228, 10010, 5812
-3246, 11382, 4616
-3036, 11868, 4126
-3430, 11408, 6252
-2240, 10520, 6740
-432, 9344, 5136
-400, 8942, 4102
-730, 8542, 4010
-1252, 7750, 4080
-1448, 8176, 3814
*NOTE-2017.03.28@14:28:57 - 1
-1962, 8726, 3174
-2476, 9560, 4382
-1680, 10784, 3298
-1416, 11442, 4458
-862, 11338, 5174
-428, 11954, 6548
-272, 11724, 6808
-404, 11284, 7064
-346, 10396, 7494
-916, 7624, 7172
66, 7004, 5492
-200, 5514, 5730
22, 3952, 5862
-4, 1792, 6180
-92, 566, 5122
-78, -1412, 3490
-454, -2892, 2790
-636, -4238, 2540
530, -4296, 1078
1612, -5066, -1380
1150, -5780, -1904
2122, -6022, -1934
2908, -6136, -3922
3280, -6510, -5438
4376, -7024, -8004
3914, -6612, -7766
3990, -6088, -7214
3822, -6386, -6138
3296, -5654, -4784
2584, -5568, -3862
1636, -4336, -2378
150, -3788, 1702
1688, -3734, 1426
94, -2252, 3784
-984, -2136, 5178
-1832, -1802, 5880
-2618, 346, 6480
-2542, -170, 5580
-3038, 2136, 5990
-2988, 4058, 7404
-3072, 4954, 6050
-4818, 7544, 9060
-5072, 8368, 6806
-4308, 8190, 7090
-4950, 10054, 4102
-5104, 9566, 5796
-4278, 9728, 3774
-3488, 9442, 3194
-3788, 9728, 4306
-2700, 9474, 4118
-2194, 9148, 3746
-1672, 8652, 4810
-850, 7622, 4540
-1354, 8758, 4822
-2362, 8060, 4184
-3334, 8504, 4586
-2682, 10394, 4226
*NOTE-2017.03.28@14:29:00 - 1
-2078, 10910, 4212
-1604, 10884, 4644
-2158, 12564, 6748
-1180, 12362, 6454
-668, 11610, 5824
-1218, 10540, 6902
-532, 9358, 6472
350, 9098, 5984
376, 5974, 6164
922, 4704, 5922
1112, 2878, 5846
60, 1198, 6260
380, -52, 6226
52, -1778, 4918
52, -2188, 4264
1128, -3136, 3630
614, -4342, 1766
1122, -5010, 446
1200, -5216, -438
2172, -5166, -1854
1996, -6238, -2606
2540, -6402, -3986
2958, -6390, -5438
3690, -6382, -7656
3716, -6212, -7848
3722, -6186, -8060
3424, -6172, -6406
3658, -6378, -5478
3206, -6040, -4716
1844, -5264, -576
1674, -5844, -1058
2004, -4748, -540
1538, -3826, 256
-580, -2986, 2552
-1318, -2142, 4564
-6, -1434, 3494
-838, 352, 4604
-1006, 1140, 4654
-2838, 3250, 6888
-3734, 4302, 6700
-3608, 6312, 5864
-4942, 7854, 7954
-5750, 8320, 6446
-5884, 9918, 8782
-2644, 10094, 3058
-3608, 11326, 4304
-4102, 11280, 4480
-4426, 11132, 5842
-2666, 10500, 4864
-1806, 10354, 5580
-1074, 9122, 5650
-238, 8460, 5094
*NOTE-2017.03.28@14:29:03 - 1
-896, 8526, 5604
-1324, 8652, 4644
-2550, 9604, 4564
-2314, 10500, 4064
-1458, 10892, 4348
-1402, 11406, 5038
-1316, 12420, 5404
-1394, 12244, 6274
-1406, 11534, 6436
-1402, 10030, 6164
-1316, 8934, 6480
-1596, 6892, 6626
-782, 5670, 4976
-1982, 3910, 6906
-1460, 2422, 6158
-2192, 1264, 7540
-544, -68, 5502
-154, -998, 4412
452, -2284, 2074
380, -3650, 1866
1382, -4066, 42
1416, -5174, -1582
958, -5924, -2148
1500, -6496, -3298
2366, -6704, -3432
3208, -6626, -4686
4092, -7014, -6236
3478, -6714, -4130
4582, -6784, -4904
4726, -6802, -6582
3542, -6582, -5994
2600, -6288, -4990
2398, -6186, -3908
1608, -5178, -1468
2258, -5772, -2632
1438, -3380, 190
1506, -3174, 310
232, -1408, 3140
24, -222, 4788
82, 1606, 5042
138, 2742, 5064
-2538, 4302, 8330
-4310, 4750, 8826
-4676, 8298, 8326
-3528, 7752, 7354
-5482, 9184, 7708
-5308, 9468, 5716
-4900, 10444, 5886
-4772, 10536, 3884
-4704, 10228, 4522
-4866, 9758, 5338
-3988, 10318, 5402
-1124, 9194, 3404
-606, 8746, 3296
-1654, 8402, 3398
*NOTE-2017.03.28@14:29:06 - 1
-2058, 8182, 3954
-1444, 8050, 4236
-1050, 8662, 3380
-1720, 9002, 3394
-2564, 9746, 3882
-1408, 11306, 3984
-438, 11252, 4168
-612, 11074, 4456
-1046, 10780, 5678
-30, 11220, 5706
-1150, 10660, 7266
-630, 9116, 6716
-236, 8330, 6658
-8, 6708, 6518
-634, 4730, 7076
-412, 2968, 7110
830, 1658, 5650
720, 976, 6430
1060, -332, 5282
1440, -1952, 4330
1584, -3104, 4692
2596, -3802, 2334
1220, -4278, 876
-8, -5300, 458
1170, -5520, -1268
1306, -5872, -3706
1020, -5752, -3132
2944, -6494, -6028
3614, -6852, -7078
4300, -6194, -7344
3322, -6608, -7772
3254, -6164, -6664
3600, -6286, -6714
3320, -5904, -5358
2448, -5962, -3486
1406, -5742, -1678
282, -5742, 464
1724, -4982, -100
2672, -4366, 828
3564, -2376, 1304
1950, -2108, 1754
-726, -1312, 6322
-1314, -528, 5726
-1626, 1346, 3162
-4588, 2632, 8634
-4530, 3270, 5508
-4838, 5796, 6322
-5018, 5980, 6580
-4064, 8408, 4520
-5166, 10216, 5858
-3380, 10566, 4572
-2524, 12142, 3674
-2636, 12708, 4134
-3492, 12438, 6302
-1800, 11484, 5478
986, 11296, 3036
-670, 7346, 3710
-836, 8264, 3492
-2098, 7412, 3980
*NOTE-2017.03.28@14:29:08 - 1
-2368, 7918, 4000
-2124, 8824, 3032
-1958, 9286, 3024
-2318, 9550, 3830
-2292, 10206, 4640
-2140, 10468, 5162
-1900, 11302, 6152
-730, 11124, 5444
-2062, 11492, 6706
-1560, 10086, 6328
-2616, 9390, 7732
-1506, 7852, 5820
-2980, 5518, 6798
-2570, 3986, 5552
-2930, 2426, 6098
-3410, 840, 6590
-2416, 594, 6108
-2904, -958, 5064
-2582, -1660, 4766
-1576, -3166, 3584
-1182, -4146, 2602
-910, -4526, 2132
720, -5096, 106
1244, -5774, -692
2028, -6052, -1808
2754, -5782, -3000
3282, -5746, -4082
4176, -5938, -6142
4142, -6198, -5830
5216, -6272, -8464
4044, -6460, -7000
3392, -6478, -5990
2700, -6644, -5082
2010, -6698, -4332
1282, -5738, -2946
992, -5310, -1762
946, -4444, -1674
-434, -3456, 1008
-160, -2802, 1826
422, -1182, 3270
808, -248, 5034
1762, 1604, 5006
-130, 2270, 6802
-326, 4460, 6788
-2424, 5532, 8674
-1782, 7252, 8006
-2874, 8834, 6696
-5880, 9624, 9138
-2980, 10268, 7004
-3100, 11222, 4644
-3194, 11728, 5058
-3328, 11278, 5272
-4330, 10974, 6376
-2932, 10446, 5422
-1304, 9086, 3486
*NOTE-2017.03.28@14:29:11 - 1
-1676, 8398, 3596
-1494, 7960, 3294
-1774, 7824, 3396
-1892, 8284, 3942
-1474, 8924, 3092
-2290, 8944, 4408
-1718, 10136, 3516
-1530, 11176, 4084
-1932, 10894, 4772
-2228, 11648, 5856
-2298, 11182, 6166
-1960, 10702, 5946
-2564, 9890, 6944
-1086, 9612, 6058
-1144, 6930, 5496
-3050, 5742, 7992
-1192, 4356, 6950
-940, 2294, 6706
-450, 1308, 5518
-1164, -428, 6286
-602, -1628, 4546
-1064, -2790, 4844
-104, -3190, 3498
440, -3764, 1234
344, -4706, 468
1038, -5638, -1442
1854, -6372, -3174
1640, -5894, -3370
1864, -6544, -4728
2766, -6446, -6126
3662, -6502, -6882
4442, -6606, -8170
3664, -6320, -7226
3288, -6332, -6286
2910, -6460, -5800
2082, -6320, -4436
1360, -5662, -3180
1132, -5044, -2028
1014, -4326, -526
1286, -2976, -496
-158, -1658, 3538
326, -1234, 3988
-298, -304, 6190
28, 992, 5176
-2190, 2910, 8892
-2128, 3032, 7152
-2650, 4880, 7634
-3782, 5332, 8998
-4266, 6900, 7030
-5050, 7604, 6028
-5796, 7968, 6428
-4588, 8226, 5712
-3948, 9732, 4674
-2794, 10190, 3546
-3242, 10258, 4134
-3614, 10222, 5118
-2906, 9638, 5434
-268, 9174, 3902
*NOTE-2017.03.28@14:29:14 - 1
28, 8516, 5142
-1688, 7860, 4766
-1864, 8102, 4596
-1758, 8362, 3708
-2306, 8928, 3986
-1638, 10142, 2926
-2236, 10614, 5692
-2454, 10910, 6136
-1778, 11320, 5994
-1672, 11396, 6666
-978, 10356, 6090
-1508, 9878, 7890
-808, 9182, 5824
-2544, 6912, 6528
-1974, 5146, 6808
-1450, 4122, 6708
-764, 2858, 5944
-684, 1018, 5922
-816, -196, 5602
-296, -1810, 4444
-656, -3128, 4338
-824, -4142, 3708
-90, -4112, 1740
458, -4942, 98
474, -5524, -1092
1322, -5968, -2532
2272, -6428, -4076
2116, -6472, -4354
3110, -6964, -5992
3096, -7028, -5948
3508, -6934, -7240
3444, -6766, -6410
3226, -6872, -5648
2558, -6276, -4356
1944, -6974, -3784
766, -5784, -1936
746, -5480, -1334
860, -4424, -484
920, -4302, 1630
546, -2718, 3490
910, -2166, 3338
-1054, -1476, 6530
-412, 172, 7056
1090, 2028, 5826
-772, 2756, 7972
-372, 3330, 7986
-768, 4786, 6774
-3282, 5926, 9272
-1280, 6714, 5554
-3932, 6754, 7474
-3032, 8564, 4528
-4052, 9500, 4590
-4368, 9902, 5850
-3082, 10662, 4106
-2726, 10622, 4794
-1798, 9976, 4684
-916, 9584, 4824
*NOTE-2017.03.28@14:29:17 - 1
-550, 9260, 4996
-494, 8658, 4780
-1308, 8150, 5208
-1002, 8598, 4262
-1848, 8862, 4072
-1552, 10066, 3156
-2398, 10128, 5310
-1568, 10444, 5466
-534, 11830, 6516
-102, 12748, 6464
-508, 11186, 6066
-1436, 9920, 6850
-618, 8886, 6842
-450, 7142, 6044
-418, 5554, 6170
-672, 3628, 6642
-560, 2538, 6158
-898, 928, 6396
-1478, -184, 6562
-380, -1466, 4438
-660, -2398, 4292
-334, -3724, 3354
1170, -4320, 656
456, -5334, 1288
1176, -5570, 452
2088, -6242, -1602
1900, -6344, -2430
1454, -6440, -2976
1214, -6224, -3978
2634, -6822, -6580
2868, -6730, -7208
3574, -7032, -8098
2944, -6538, -7614
2908, -6402, -6598
2540, -6082, -5728
1458, -5710, -4192
1468, -5070, -3254
1050, -3892, -1144
852, -2686, -404
28, -1992, 2120
18, -1198, 3666
-598, 56, 5040
-1032, 1632, 4866
-2898, 2144, 9532
-2716, 3870, 8098
-3400, 5334, 7910
-4606, 6590, 9248
-5834, 7204, 8224
-6234, 9316, 5830
-8772, 7822, 8824
-4652, 8632, 3396
-4336, 9750, 4420
-2302, 9802, 1402
-3734, 10588, 5016
-4312, 9846, 6472
-2378, 9954, 5562
536, 9328, 4568
*NOTE-2017.03.28@14:29:20 - 1
-296, 9402, 5464
-2006, 8546, 5688
-2832, 8850, 5398
-2590, 9762, 4300
-1576, 10810, 3964
-1806, 11040, 5590
-1980, 11778, 5936
-1128, 12454, 5790
-1584, 12140, 5896
-1598, 10028, 6860
-2050, 9038, 6230
-2150, 7324, 6048
-1800, 6154, 5716
-2196, 3970, 6294
-750, 2020, 5616
-1196, 704, 6872
-660, -216, 5896
94, -1706, 3842
-272, -2556, 3284
-110, -3606, 2680
12, -4390, 1932
20, -4722, 1418
1254, -5042, -366
1186, -6422, -2110
1874, -6318, -3032
1864, -6448, -4056
2746, -6116, -5344
3736, -6118, -6604
4494, -6542, -7934
4044, -6494, -7164
3118, -6524, -6396
2480, -6196, -5052
1856, -6012, -4206
1224, -5988, -3350
982, -5346, -2000
362, -4034, 98
66, -3230, 1170
-70, -2110, 2422
762, -1324, 3990
-350, 380, 7046
230, 1052, 6564
-920, 1846, 7068
-1604, 4486, 7940
-3390, 4046, 8510
-3324, 6192, 7796
-3032, 6942, 7730
-1900, 9012, 7266
-2588, 9058, 6502
-1728, 10328, 4988
-1988, 10684, 3702
-3312, 11456, 4880
-3268, 11380, 5834
*NOTE-2017.03.28@14:29:23 - 1
-1654, 10648, 5434
-24, 9200, 4038
-868, 8734, 5014
-1932, 8238, 4666
-2072, 8234, 4406
-1698, 8518, 3662
-2522, 8542, 4020
-2182, 9674, 4716
-1410, 10632, 3936
-2352, 10476, 4448
-2506, 11184, 5120
-2348, 11208, 6306
-2214, 11484, 6848
-1384, 10934, 6544
-768, 9978, 6088
-1028, 7522, 5642
-1242, 6134, 6038
-948, 4352, 5260
-1622, 3624, 6580
-1098, 2162, 6024
2, 508, 5658
-150, -882, 4928
-896, -1684, 6104
-54, -3004, 3688
-16, -4414, 2378
-834, -4670, 1624
-986, -5218, 848
1906, -6412, -2822
1680, -6246, -526
2272, -6072, -636
3994, -6440, -2596
4370, -6408, -3384
5642, -6258, -5992
5596, -6702, -6824
4950, -6396, -5870
4536, -6630, -5904
4002, -6442, -4814
3298, -5964, -4112
2172, -5670, -3138
2054, -4616, -3038
1146, -3668, -1272
316, -2736, -480
-1484, -2006, 3744
-2444, -2696, 6394
698, -628, 4392
910, 742, 4732
-1166, 2860, 6348
-1840, 3356, 5428
-4234, 5730, 7660
-6232, 6864, 9354
-4982, 8020, 6670
-7186, 8302, 8494
-5264, 9856, 5096
-4840, 9726, 4878
-3828, 10678, 3102
-3758, 11314, 3402
-2796, 11142, 4434
*NOTE-2017.03.28@14:29:25 - 1
-1926, 11100, 4422
-2254, 9796, 5496
-620, 7842, 6576
-888, 8600, 3862
-1924, 7550, 3686
-2364, 7676, 3550
-2922, 8508, 4004
-2768, 9080, 4128
-2180, 10578, 3094
-2254, 11058, 3856
-2266, 11490, 4788
-1618, 12048, 4930
-1450, 11972, 5162
-2192, 10830, 5894
-2410, 9800, 6176
-3810, 8334, 8750
-2356, 8046, 7160
-1732, 5518, 6750
-2300, 3818, 7320
-1688, 2716, 6450
-1594, 1268, 6458
-976, 8, 4938
-1620, -1296, 6322
286, -1566, 1886
234, -3358, 1482
822, -3728, -594
1750, -5302, -1704
1672, -5698, -2330
1780, -6390, -3460
1390, -6256, -4304
1544, -6664, -5866
1568, -6976, -6670
2518, -6502, -8314
2578, -6772, -8262
2476, -6376, -7878
2358, -6280, -6390
1774, -5652, -4858
1140, -6078, -3124
1438, -4900, -2564
1572, -4112, -124
2584, -2686, -802
924, -1614, 2764
778, -464, 3836
-354, 392, 6316
46, 1968, 5982
-980, 2708, 7592
-2252, 4464, 8548
-2872, 5000, 7890
-3680, 7712, 8426
-2748, 7836, 6942
-3424, 8376, 7466
-3474, 9706, 9046
756, 11208, 3062
-1684, 11212, 4322
-3132, 10686, 5366
-4124, 10564, 5988
-2202, 10114, 4784
128, 8848, 1770
-1714, 8938, 3632
*NOTE-2017.03.28@14:29:28 - 1
-1300, 8804, 3096
-552, 8730, 3662
-330, 8862, 3892
-888, 8726, 3920
-1108, 8980, 3538
-1140, 10366, 3074
-574, 9978, 3306
-696, 10956, 4442
-112, 11822, 4390
-214, 11232, 5022
-488, 10278, 6500
-514, 9692, 6346
-498, 8852, 6646
-1386, 7132, 7544
-724, 6306, 7180
-550, 4356, 6350
-1944, 3108, 7992
-912, 1248, 8166
474, 1120, 4974
-1282, -646, 6134
-826, -1890, 5412
-996, -2550, 5492
-794, -3690, 4860
44, -4266, 2316
612, -4850, 1938
1090, -5632, 44
1238, -5804, -634
1892, -6448, -2328
1592, -6486, -2862
2066, -6430, -4400
1666, -6768, -5358
2548, -6722, -6594
3534, -7094, -8192
3044, -6914, -6308
2810, -6986, -6482
2242, -6584, -5188
1868, -6270, -3926
1360, -5690, -2660
2044, -4734, -3442
1056, -3606, -1794
142, -2620, 666
194, -1786, 2734
1766, -206, 2814
1048, 804, 5836
-252, 1740, 7672
168, 3752, 5572
-3768, 6228, 10424
-4952, 5936, 9838
-3924, 7388, 6774
-4882, 8180, 10300
-4182, 10098, 10706
-178, 10200, 3450
-3762, 10634, 5014
-4738, 9942, 6074
-4882, 9738, 6560
-3790, 9118, 6194
-1454, 9554, 4092
-680, 9124, 3378
-2212, 8206, 4662
*NOTE-2017.03.28@14:29:31 - 1
-1772, 7960, 3840
-1976, 7566, 3498
-2118, 8136, 2970
-2290, 8440, 3276
-2050, 9494, 2978
-2018, 9626, 3026
-2226, 9724, 3766
-2218, 10134, 4950
-2480, 10326, 6464
-2002, 10832, 5870
-2380, 10474, 6090
-2998, 9862, 7524
-2218, 8718, 7274
-2792, 6690, 7662
-2618, 6414, 6872
-986, 4272, 6110
-988, 2640, 6140
-878, 1396, 6160
-316, -74, 6138
-1056, -1190, 5066
-1620, -2288, 5122
-1248, -3598, 3826
-124, -3746, 2340
886, -4420, 1628
1896, -4514, -154
1652, -5340, -1016
1244, -6248, -2884
2236, -5954, -4400
3150, -6312, -5768
3694, -6448, -6988
4200, -6542, -8422
3846, -6400, -7104
3756, -6630, -6436
2796, -6386, -5094
2174, -5840, -4052
1490, -5368, -1520
1768, -4882, -2010
860, -3848, -372
1480, -2844, 92
1056, -1054, 2352
230, 314, 4764
222, 1554, 4662
-1810, 2986, 6820
-3952, 3108, 8160
-3692, 5850, 7798
-5456, 6918, 10006
-4680, 6898, 7942
-5668, 9012, 8786
-5208, 8560, 7598
-3846, 9858, 4660
-4624, 10004, 5238
-3522, 9830, 3922
-4222, 9708, 5576
-3902, 9498, 5982
-2018, 9058, 4452
*NOTE-2017.03.28@14:29:34 - 1
-582, 9112, 3592
-1028, 8330, 3658
-2322, 7852, 4218
-2258, 7948, 3704
-2150, 7926, 3066
-2688, 8520, 3164
-2530, 9514, 3030
-1684, 9248, 2846
-1862, 9226, 4636
-2124, 9832, 5420
-2242, 10568, 6014
-1804, 11256, 6604
-1842, 10530, 6698
-1694, 9596, 6838
-1554, 8670, 7462
-886, 8294, 7134
-24, 5460, 6010
-744, 4320, 6598
68, 2908, 5964
-438, 2030, 6620
250, 394, 5970
-392, -452, 5738
-148, -1560, 4986
236, -3158, 4392
1250, -3822, 1648
1146, -4554, 114
324, -5296, 798
1682, -5480, -1272
2474, -6088, -2820
1838, -6348, -3346
2064, -6250, -4858
2872, -6676, -6712
3766, -6416, -7182
5002, -6626, -7614
4688, -6070, -6928
4030, -6246, -6138
3402, -6068, -5170
2754, -5922, -4606
2054, -4706, -4374
1620, -4940, -3438
1602, -3038, -1826
1446, -1974, -914
180, 34, 1814
244, 1568, 2904
-1546, 2880, 5128
-2428, 4624, 5250
-6220, 5912, 9450
-5150, 8140, 6428
-6956, 9736, 10288
-7900, 9776, 9812
-6842, 9656, 9262
-6042, 10098, 7828
-2794, 9738, 4560
-3112, 10350, 4912
-3386, 9782, 4888
-2036, 8584, 3322
-958, 9602, 5220
*NOTE-2017.03.28@14:29:37 - 1
-1730, 9320, 6224
-562, 9792, 4718
-744, 8260, 4272
-1626, 8672, 3770
-1774, 8774, 2610
-2262, 8772, 2290
-3064, 7778, 2580
-2214, 8112, 1846
-1846, 6864, 1662
-1654, 6688, 2616
-292, 5484, 2248
-610, 5966, 2772
-432, 5756, 2790
-396, 5458, 1088
-66, 6122, 1968
1108, 6210, 1284
1532, 8742, 6104
1156, 8480, 2152
-710, 4700, 11432
150, 6254, 7598
-762, 2510, 7028
1020, 2286, 7804
240, 1862, 7702
590, 2080, 8274
708, 1450, 7664
706, 1488, 7886
680, 588, 7026
688, 962, 7754
116, 1682, 8288
174, 1700, 8238
1930, 1124, 6936
3160, 1656, 6256
2824, 2454, 5450
-384, 1056, 7520
818, 1448, 8320
1316, 1264, 8666
-166, 818, 8382
906, 770, 7668
1716, 854, 7790
1092, 1520, 7818
652, 1510, 7740
2026, 1798, 7224
2118, 762, 7206
1486, 1406, 7076
1824, 1452, 7080
1918, 1408, 7904
1920, 1700, 7712
1152, -170, 7684
1732, 1010, 8548
2150, 1884, 7904
2016, 1526, 7428
2978, 3740, 9190
692, 1960, 7832
2606, 3192, 7962
302, 1568, 7586
1822, 3534, 11304
2996, 3202, 4678
1348, 2094, 10070
2212, 2386, 9450
-450, 2156, 11882
4474, 302, 5578
4902, 254, 662
-5020, -1506, 552
-8222, -2898, 2100
-8936, -2872, 3162
-8796, -1160, 2466
-5778, -1582, -164
-8646, -452, 3288
-9542, 1042, 3194
-10682, 340, 7848
-6506, 3344, 3732
-1478, 4836, 1202
-5740, 3492, 6680
-5832, 1568, 12186
-2660, -1276, 7454
1728, 3132, 6702
-3738, 28, 7166
-2034, 1222, 7510
-3046, 448, 9392
-3008, -658, 8160

-----------------------------------------------
Date: 28.03.2017 - 14:29:41
End log file
