Terminal log file
Date: 28.03.2017 - 14:42:11
-----------------------------------------------

%~>daq start

 DAQ started.
%~>quit
%~>-2056, 7536, 1646
-2292, 7384, 1474
-2372, 7596, 1642
-3174, 7266, 1644
-4308, 6940, 1510
-4976, 6874, 1504
-5554, 6180, 890
-5630, 6144, -706
-5724, 5794, -998
-5898, 5588, -1332
-5662, 5808, -2214
-5294, 5170, -2102
-4916, 5688, -1680
-4522, 5600, -1966
-4570, 5608, -1752
-4742, 5900, -870
-4658, 6084, -2000
-5208, 6322, -860
-4748, 6326, -1462
-5370, 6668, -536
-5052, 6694, -1052
-5762, 6458, -928
-5844, 6930, -170
-5038, 6408, -622
-5120, 6674, -172
-5072, 6604, -76
-5102, 6276, -576
-5272, 6406, -858
-6166, 5930, -520
-4482, 5968, -832
-4818, 6180, -384
-4602, 6466, 180
-4992, 6578, 374
*NOTE-2017.03.28@14:42:13 - 1
-5262, 6642, 1058
-5318, 6770, 1196
-5314, 6750, 2126
-4706, 7404, 736
-2582, 6990, 948
-2520, 7028, 1328
-1964, 6498, 3006
-1886, 6410, 2846
-1044, 6276, 3148
-1756, 6990, 2952
-1866, 7204, 3440
-2310, 7118, 3412
-2116, 7208, 3390
-1372, 7388, 2488
-1292, 7158, 2452
-1810, 7228, 2660
-1486, 7392, 2172
-1606, 7874, 1958
-1232, 7206, 1446
-1078, 7040, 1486
-2048, 8362, 2492
-2202, 8908, 2408
-2046, 8722, 2090
-1900, 8292, 1724
-2154, 7754, 1728
-1880, 7480, 1766
-1544, 7502, 1634
-1430, 7178, 700
-2746, 7812, 1380
-2296, 7280, 1598
-2648, 7218, 3104
96, 7312, 1804
-356, 8224, 2262
40, 7316, 2218
156, 8232, 1292
1456, 7992, 254
918, 7610, 320
*NOTE-2017.03.28@14:42:15 - 1
1716, 7896, 436
1238, 8106, 1036
1000, 7944, 1270
210, 8220, 2062
1052, 8432, 2054
-740, 8078, 3930
-110, 8814, 4954
170, 9430, 4988
160, 9668, 5968
302, 10060, 6006
-458, 10612, 7046
44, 10898, 6798
146, 10150, 6594
414, 9406, 7102
420, 8542, 7486
994, 6764, 5960
376, 4734, 6256
-542, 3888, 7436
720, 2366, 6038
94, 1204, 6826
456, -224, 6142
764, -1498, 4862
1124, -1988, 4168
1036, -3408, 3322
1136, -4314, 2206
1678, -4904, 918
1292, -5648, 108
1774, -5958, -1852
1134, -6398, -2360
1320, -6632, -3410
1678, -6678, -5796
1318, -7422, -6262
1774, -7242, -7382
1590, -7174, -7006
1042, -6766, -5152
1274, -7186, -4482
892, -6502, -2380
1106, -5830, -292
1248, -6168, 252
1552, -5704, 1436
1088, -4748, 2232
1318, -3994, 3008
1832, -3464, 3634
1756, -2414, 4100
1546, -964, 4510
772, -364, 6120
22, 320, 5738
-2094, 1806, 8456
-1348, 3094, 7882
-1952, 4408, 7452
-2242, 5618, 7910
-2532, 6966, 6932
-3152, 7982, 8276
-2346, 9030, 7584
-1404, 10306, 6156
-1002, 10156, 4838
-1014, 10280, 4606
-1476, 9982, 4712
-2630, 9640, 6322
-1680, 8892, 4882
-890, 8450, 4146
*NOTE-2017.03.28@14:42:18 - 1
-390, 8210, 3712
-1728, 8104, 4166
-2476, 8244, 3968
-2586, 8636, 4368
-2004, 10338, 4284
-2156, 10962, 5766
-1422, 11636, 6292
-792, 12472, 6576
-168, 12064, 5772
138, 11282, 5624
240, 9538, 5498
474, 8062, 5094
-632, 5864, 6394
-426, 4132, 6690
112, 3438, 7326
694, 2214, 6638
634, 948, 6240
296, -414, 5930
1390, -1266, 4432
1616, -2466, 4200
1366, -3974, 3192
1442, -4840, 2298
1084, -5490, 1326
650, -5506, 1504
1360, -6152, 776
2314, -6084, -904
1526, -6836, -2098
1726, -6880, -2936
1266, -6902, -3706
2002, -7080, -5896
2770, -7044, -6962
2502, -7204, -7052
1968, -7130, -6666
1642, -6720, -5622
1536, -6706, -4842
986, -6472, -3106
492, -6050, -902
1270, -5482, -518
1978, -4406, -246
1472, -4244, 2450
1786, -2838, 3168
2862, -1398, 1938
1910, -1004, 4922
1364, 340, 6044
1002, 1898, 4946
460, 4204, 7772
276, 4206, 7466
-698, 6366, 7872
-1598, 7108, 8748
-2750, 7486, 9504
-2698, 9352, 8152
-2040, 9850, 6206
-892, 9954, 5524
-390, 10002, 4462
-416, 10288, 4082
-2320, 9890, 4882
-3652, 9522, 6186
-2762, 9084, 4922
-1090, 8742, 3632
*NOTE-2017.03.28@14:42:20 - 1
-930, 8058, 3808
-1962, 8184, 4336
-2272, 8418, 4316
-1680, 9370, 4048
-1776, 10380, 4996
-1632, 11086, 5932
-1206, 11774, 5306
-840, 11970, 5956
-1666, 11122, 6508
-2440, 10784, 6756
-1482, 9862, 6648
-586, 7888, 7232
656, 7404, 6028
258, 5506, 4728
218, 3654, 5698
858, 1794, 5380
1196, 442, 5154
1084, -968, 4978
860, -2632, 4028
310, -3664, 3788
290, -4380, 3426
1238, -5340, 566
2014, -5392, -372
1454, -5912, -284
1518, -6532, -1988
1436, -6694, -3136
1054, -7350, -3544
1000, -7478, -4296
1434, -7192, -5678
1540, -6870, -6034
2340, -7046, -6886
2080, -7060, -6494
1810, -6890, -5984
1442, -6744, -5050
1080, -6320, -3572
1272, -5972, -1774
1056, -5546, -28
600, -4960, 506
218, -4216, 1774
924, -3490, 3640
1464, -2816, 4874
2300, -1574, 4546
1900, -296, 6054
1276, 824, 6830
634, 2066, 6708
-866, 2360, 8906
-544, 3112, 6832
-1300, 6214, 8938
-714, 5208, 7812
-1250, 7088, 7428
-854, 8874, 5822
-520, 9960, 5894
-346, 10194, 4554
-1092, 10430, 3486
-2612, 10552, 4986
-2590, 10088, 5116
-1924, 10048, 5080
*NOTE-2017.03.28@14:42:23 - 1
-710, 9578, 4332
-530, 8794, 4298
-1286, 8230, 4836
-1834, 7948, 4950
-1252, 8712, 3754
-1974, 8784, 3956
-1600, 9990, 3764
-1230, 10940, 4762
-1158, 10752, 5116
-1094, 11668, 6040
-362, 11680, 5638
-700, 10834, 6924
-60, 10254, 6908
-400, 8774, 7096
-404, 7104, 7204
1066, 5552, 5952
606, 5252, 6560
12, 2808, 6522
1074, 1188, 5686
424, 118, 6976
1366, -1020, 4416
1156, -2054, 3900
1068, -3896, 3014
1144, -4292, 2186
-210, -5210, 1860
690, -5908, -598
958, -5630, -1944
1364, -6114, -2762
474, -6136, -2256
1838, -6358, -5388
2328, -7292, -8414
1876, -6984, -8006
2208, -6724, -7266
2254, -6714, -6200
2270, -6426, -5458
1276, -6344, -3704
1630, -6234, -3176
2006, -4968, -1642
1930, -4658, -260
1480, -3048, 1450
1126, -2558, 3290
2062, -2552, 3214
2622, 294, 4924
3032, 1500, 5542
3394, 2412, 5816
1864, 3620, 7470
1210, 4638, 7092
-2066, 5434, 10078
-498, 7670, 7916
-2062, 8176, 7678
-946, 9128, 6060
-814, 10338, 7556
-204, 10268, 4506
-1466, 10578, 4132
-2206, 10182, 4772
-3234, 10024, 7208
-1690, 9786, 5698
140, 9358, 4336
-46, 8856, 4270
*NOTE-2017.03.28@14:42:26 - 1
-1264, 8572, 4458
-1410, 8438, 4042
-1298, 8568, 3478
-1320, 9352, 3926
-856, 10076, 4494
-578, 10494, 5368
-990, 10730, 6310
-338, 11542, 8242
2194, 12708, 6022
1988, 10880, 5220
868, 9758, 6712
2004, 8354, 6040
2556, 6728, 5968
2542, 4824, 5126
2164, 3914, 6030
2152, 2194, 5234
2210, 730, 3924
1376, -1326, 3770
176, -2622, 3134
-456, -3792, 3476
1534, -4904, 1942
1228, -5774, 682
1716, -6220, -1626
1204, -6344, -2272
1316, -6586, -2602
1412, -6618, -3846
1344, -6938, -4706
1262, -7172, -5882
1636, -7018, -6738
1982, -7120, -7788
1746, -6788, -6474
1984, -6730, -6298
1832, -6616, -4950
1458, -6276, -3574
1064, -5946, -2036
1102, -4870, -606
1288, -3848, 62
1240, -3552, 762
196, -2350, 4096
1228, -1186, 4158
2624, -382, 5622
4264, 1550, 5880
4230, 2680, 6252
2156, 3566, 7416
534, 5446, 6418
-1130, 6644, 7686
-2030, 7530, 8068
-1668, 8958, 7638
422, 9222, 5222
46, 11296, 5582
-54, 11028, 3324
-1428, 11214, 3612
-2192, 11028, 5074
-2130, 10556, 6116
-1458, 10354, 6364
326, 9288, 5046
-178, 8392, 4650
-1370, 8132, 4450
*NOTE-2017.03.28@14:42:29 - 1
-2068, 8628, 3844
-2958, 8858, 4324
-2560, 9956, 4086
-2038, 10478, 5100
-1566, 10470, 5446
-724, 11316, 5524
-70, 11666, 5998
196, 11206, 6620
208, 10260, 6822
-74, 8548, 7424
-504, 7024, 7020
1022, 5342, 4824
106, 4122, 6708
830, 2372, 6818
1936, 994, 7014
2280, 772, 5594
1742, -910, 4142
494, -2612, 3846
490, -4028, 3290
1078, -4944, 1892
1290, -5076, 734
980, -5818, -628
724, -6048, -1320
912, -6188, -2218
1408, -6528, -3616
1478, -6014, -4076
2392, -7234, -6428
2238, -6802, -6550
2250, -6974, -7332
2560, -6936, -7102
2076, -6730, -5920
1712, -6282, -4544
1598, -6580, -4252
554, -5692, -1828
702, -5470, -1098
600, -5200, 606
872, -4000, 1226
842, -2838, 2900
878, -1980, 4794
2536, -386, 4044
3018, 1546, 3688
200, 1166, 4570
-1760, 3304, 7736
-2652, 4204, 7606
-3342, 6672, 8276
-3198, 8194, 8694
-4228, 8106, 9400
-2870, 9454, 7034
-3424, 9812, 8066
-440, 11006, 4884
-1346, 10762, 4638
-1428, 10386, 4952
-1204, 10002, 5014
-1948, 9438, 5344
-1564, 8794, 4290
*NOTE-2017.03.28@14:42:32 - 1
-1136, 8420, 3956
-1610, 8044, 4256
-1698, 8430, 3848
-2144, 8432, 3758
-2218, 9068, 4672
-1842, 10470, 4736
330, 11110, 3746
336, 10944, 4742
-570, 11344, 6458
-22, 11750, 6538
914, 11108, 5690
1806, 9716, 5306
1382, 7834, 6036
872, 6786, 6534
1240, 4942, 5698
950, 4010, 6904
1236, 2912, 7162
2388, 1916, 6048
2114, 782, 6058
1636, -572, 4716
1410, -1838, 3596
826, -3804, 2858
1410, -4220, 1902
1632, -5538, 320
622, -5340, 954
1916, -6068, -1348
1554, -6566, -2270
1568, -6980, -3578
1276, -6580, -4666
1434, -6910, -5712
1730, -7088, -7064
1526, -6676, -8034
1708, -6816, -7604
1636, -6792, -6694
1642, -6488, -5386
1982, -6154, -4858
924, -5790, -2320
1032, -5262, -1158
-718, -4748, 1834
1636, -4238, 908
3634, -2968, 1730
4592, -1664, 2952
4344, -1748, 3586
2246, 14, 4830
-676, 1104, 7258
-1570, 2342, 7506
-1120, 3462, 8584
-1922, 4588, 8704
1084, 6184, 7096
152, 6938, 8394
1870, 8418, 5786
1092, 9808, 5708
616, 10598, 6960
1372, 10866, 3878
-254, 10538, 4578
-466, 10382, 5126
-744, 10286, 6328
20, 9818, 5598
670, 8816, 4526
*NOTE-2017.03.28@14:42:35 - 1
-296, 8574, 4620
-346, 7804, 4072
-884, 8028, 4098
-1780, 8130, 4058
-1114, 9198, 3604
-1228, 9508, 4096
-744, 9832, 4584
-272, 10174, 5188
16, 10540, 5732
548, 10318, 5896
490, 10144, 6950
674, 9246, 6434
582, 7992, 6748
1048, 7124, 6960
1412, 6006, 6384
1094, 3998, 6906
1110, 2714, 7386
1490, 1582, 6742
1232, 446, 7164
1264, -430, 7098
1398, -1238, 5928
1364, -2532, 5202
1656, -3332, 3628
1272, -4214, 2410
806, -4812, 1582
1248, -5236, 222
1472, -6058, -1456
1294, -6362, -2554
1156, -6464, -2942
1692, -6736, -4662
2710, -6664, -6442
1938, -6740, -6660
2298, -7028, -8654
1886, -6824, -6762
2388, -6582, -6408
1854, -6576, -5270
1404, -6776, -4400
496, -6324, -2522
406, -5670, -336
426, -4952, 654
846, -4774, 1858
1532, -3902, 2880
2020, -3858, 4954
3100, -2722, 4940
788, -1402, 5800
-74, -898, 4640
-560, 448, 6020
-926, 1420, 7822
-1682, 1686, 8962
-1282, 4394, 7268
-338, 4734, 6498
-528, 6622, 6724
-286, 7908, 6332
532, 9780, 5154
-1032, 9584, 7248
1328, 11988, 4586
986, 11022, 4294
-844, 10804, 4026
-2488, 10468, 5810
-2144, 9516, 5382
-646, 8980, 4514
*NOTE-2017.03.28@14:42:38 - 1
-708, 8640, 4302
-998, 8430, 4536
-1396, 8324, 4362
-1476, 8514, 4002
-1434, 9080, 4128
-1096, 9844, 4330
-714, 10058, 4734
-598, 11136, 6178
106, 11560, 6244
74, 11834, 6524
188, 11478, 6624
260, 10436, 6308
652, 8580, 5812
534, 6622, 5408
946, 4728, 5580
18, 3290, 6516
468, 2704, 6196
572, 964, 6652
548, -180, 6744
1368, -1364, 5648
1670, -1988, 5122
1748, -2960, 4020
1682, -3726, 2902
1738, -4592, 778
1074, -5268, -218
1172, -5978, -1742
828, -6730, -1178
1172, -6944, -2590
1380, -7148, -3466
1634, -7124, -4504
2108, -6976, -6028
2168, -7194, -6818
1582, -7100, -7312
1408, -6948, -7398
1192, -6928, -6170
1338, -6802, -5304
1202, -6334, -4336
1062, -5944, -3410
856, -5466, -2068
504, -4186, -200
964, -3152, 406
436, -2760, 3300
1588, -1770, 3572
1310, -404, 5032
1452, 832, 5664
-362, 1642, 7524
944, 3544, 7248
892, 4954, 8290
716, 5626, 8020
-818, 6758, 8304
-1380, 8622, 7968
-2000, 9094, 8450
-714, 10304, 7664
572, 10366, 3924
-1368, 10210, 3722
-2830, 9760, 4690
-3324, 9822, 6296
-2488, 9588, 5442
-1188, 9488, 3972
-802, 9014, 3410
-1474, 8108, 3180
*NOTE-2017.03.28@14:42:41 - 1
-2762, 7604, 4318
-2238, 8252, 4132
-1776, 8412, 3590
-2020, 8992, 4378
-1334, 10404, 3762
-726, 10628, 4666
-394, 10178, 4950
-398, 10830, 5622
310, 10702, 5642
596, 9506, 5310
-558, 8636, 6248
-1772, 7776, 7738
-732, 6978, 7312
430, 5302, 6800
-66, 4184, 7722
898, 2988, 6832
870, 1536, 6464
596, 310, 7102
1560, -892, 5476
1046, -1356, 5532
952, -2686, 4618
1080, -3600, 3228
1108, -4268, 1466
970, -5084, 1098
1616, -5744, -360
1720, -6106, -2078
1126, -6608, -2280
1396, -7000, -3670
1646, -6830, -4772
1380, -6946, -5664
1242, -7134, -7002
1648, -6934, -7750
1294, -7038, -6850
1474, -6722, -5740
1390, -6648, -4828
830, -6638, -3878
508, -6192, -2622
676, -5114, -1706
280, -4530, -248
182, -3596, 1954
1826, -2758, 1206
2412, -1732, 3750
2578, 146, 5632
2488, 114, 5800
1030, 1914, 6834
1514, 2830, 7116
252, 3932, 8968
-22, 5714, 7634
-2196, 6442, 10436
-474, 6968, 6646
-2456, 8838, 8064
-1482, 8314, 6742
-570, 10480, 5524
-642, 10060, 5076
-874, 10162, 4882
-1644, 9948, 5246
-2178, 9626, 6102
-1162, 9296, 5004
-960, 8944, 4642
-854, 7884, 4404
-1288, 7926, 4938
*NOTE-2017.03.28@14:42:44 - 1
-1174, 8600, 3934
-2356, 8852, 4596
-1256, 9262, 3512
-1590, 10240, 5460
-528, 10268, 5412
-38, 10676, 5718
-4, 10944, 6008
-516, 10590, 6580
-182, 9694, 6386
-252, 8922, 7674
1096, 7600, 6302
-64, 6554, 7340
828, 4784, 6802
1604, 3374, 6852
1272, 2148, 7316
1408, 990, 6410
1364, -124, 6054
1058, -1638, 4822
942, -2542, 4244
1468, -3310, 2570
1272, -4282, 1938
1518, -5172, 544
2104, -5458, -728
1576, -6198, -2524
1082, -6636, -2550
1164, -6670, -4152
1250, -6706, -4966
1856, -7128, -7122
1580, -7118, -7308
1776, -6682, -7616
1874, -7126, -6682
1616, -6654, -5512
1158, -6822, -4540
658, -6330, -3146
582, -5992, -2276
1046, -5782, -2304
912, -4550, -442
812, -3482, 1176
1362, -2228, 2352
1672, -1774, 4190
1618, -1214, 5726
1916, 878, 5770
2, 1286, 7336
152, 2970, 6296
-1274, 4898, 8334
-2172, 5400, 8810
-1510, 7042, 7602
-2386, 7568, 9198
-714, 9498, 6346
-2246, 9298, 8302
-596, 10268, 4700
-2402, 10520, 4738
-2124, 10052, 4794
-2030, 9900, 4898
-1230, 9762, 5448
1118, 9416, 3828
578, 8106, 4194
-220, 8036, 4608
-650, 8262, 4672
-928, 8354, 4144
*NOTE-2017.03.28@14:42:47 - 1
-1726, 8620, 4166
-938, 9640, 4216
-614, 9974, 3930
-596, 10096, 4730
-504, 10244, 5212
-642, 10268, 6026
-306, 10024, 5898
-302, 9486, 6724
108, 8602, 6926
-742, 7226, 8180
438, 6350, 6712
1948, 5524, 6268
432, 3646, 6984
832, 2308, 7008
1130, 992, 7408
1368, 254, 7260
2016, -796, 5492
1258, -1770, 5262
1600, -2654, 3654
1244, -3876, 2534
758, -4414, 2488
1548, -4924, -374
990, -5926, -714
1188, -5928, -1508
1322, -6468, -3422
950, -6652, -3966
1140, -6812, -5124
2478, -6920, -6718
2712, -6854, -6932
3378, -6832, -6798
3154, -6832, -6024
2820, -6664, -5262
2108, -6616, -4692
1462, -5970, -3638
1102, -6082, -2544
1286, -5552, -2376
690, -4292, 668
1050, -3322, 608
176, -2598, 3316
140, -2000, 4294
1016, -1592, 5098
1404, 614, 6800
2224, 2056, 6310
1572, 2846, 7412
1332, 4822, 7126
-912, 4854, 8732
-2084, 6180, 8104
-3120, 7340, 8670
-2012, 8094, 6738
-1652, 9686, 7034
-468, 10018, 4982
-804, 10700, 4480
-1872, 10884, 5210
-2332, 10156, 5604
-2104, 9814, 5596
-1068, 9084, 4726
-1182, 8950, 4032
-1524, 8494, 4178
-1762, 8042, 3942
*NOTE-2017.03.28@14:42:50 - 1
-1778, 8006, 3684
-1916, 8672, 3600
-1796, 9002, 3594
-1128, 9966, 3322
-932, 10120, 3960
-310, 10094, 4132
-334, 10168, 4920
-248, 10414, 5450
-88, 9920, 6176
494, 9812, 7030
1004, 8528, 5694
-340, 7620, 6426
-1256, 6374, 7434
628, 4544, 7294
1176, 3910, 7088
1446, 2610, 6958
1122, 1168, 7160
1120, 90, 7524
1136, -868, 5856
1292, -1816, 4842
1116, -2748, 3854
1006, -3804, 3240
1152, -4624, 1338
736, -5100, 1432
1104, -5900, -328
964, -6666, -1646
1042, -6534, -2262
1076, -6758, -2682
1230, -6840, -4028
1842, -7434, -5454
2400, -7048, -6456
2948, -6532, -7158
3248, -6958, -7612
2432, -6806, -6086
1712, -6766, -5056
1416, -6556, -3472
1484, -6488, -3156
820, -6386, -1600
610, -5094, -556
842, -4396, -18
884, -3858, 1480
940, -3182, 2830
418, -1954, 5392
1804, -984, 4668
1166, 16, 6418
426, 1570, 6198
-874, 2628, 6670
-608, 4184, 7798
-1390, 4572, 10038
-66, 6676, 5890
-2616, 7908, 10118
-346, 8248, 6494
-2852, 10002, 7732
-1538, 9964, 5106
-1732, 10118, 4132
-2404, 10746, 4866
-2732, 10380, 5302
-2286, 10248, 5534
-790, 9758, 4308
-1128, 8634, 3142
-2120, 6058, 4356
*NOTE-2017.03.28@14:42:53 - 1
-1410, 7946, 3714
-1424, 8080, 3578
-1808, 8790, 3626
-2296, 8840, 3766
-1760, 9878, 3680
-1400, 10318, 4682
-870, 10120, 4714
-704, 11008, 5654
-908, 10760, 6104
-366, 10876, 6300
-330, 9846, 6512
-154, 8756, 6774
-296, 7390, 7336
644, 6540, 6642
452, 4588, 7088
948, 3064, 6874
892, 2304, 6308
912, 456, 7096
1098, -338, 6592
760, -1300, 5438
656, -2596, 3872
278, -3652, 4036
1540, -4144, 1098
864, -4714, 580
1100, -5656, -346
1532, -6128, -2292
1552, -6412, -3052
1118, -6680, -3712
1458, -6892, -4318
2318, -6754, -5940
2092, -6836, -6366
2648, -6966, -7292
2576, -6982, -6370
2478, -6858, -5530
2048, -6766, -4590
1524, -6448, -2862
1200, -5940, -1536
572, -6428, -1024
44, -6242, 500
64, -5540, 302
-48, -4282, 1478
400, -4026, 1896
460, -1840, 3556
-70, -1636, 4518
-6, -204, 4822
-1302, 900, 7236
-868, 2372, 6280
-1732, 4336, 7458
-2340, 5738, 7908
-2462, 7466, 8846
-2508, 8124, 8718
-2372, 8998, 8636
-2558, 9772, 7236
-1534, 10060, 5346
-2374, 10110, 4538
-1708, 10126, 4804
-1612, 9858, 5350
-916, 9662, 5042
-622, 9188, 4528
-866, 8486, 3870
-1010, 8472, 3460
-1168, 8004, 3300
-1406, 7980, 3546
*NOTE-2017.03.28@14:42:56 - 1
-1478, 8110, 3708
-1854, 8214, 3676
-1724, 9328, 4040
-1334, 9860, 3758
-1022, 10054, 4262
-1238, 10300, 4706
-1450, 10148, 5270
-1276, 10142, 5640
-1500, 9898, 6776
-864, 9028, 7140
-1562, 7994, 8470
-28, 7674, 7332
686, 6442, 7122
156, 4594, 6736
-134, 3250, 7164
558, 1788, 7622
1062, 1010, 6348
776, -194, 5764
664, -1684, 4754
626, -2448, 3796
574, -3930, 3088
674, -4688, 1976
1390, -4918, 652
1290, -5898, -806
856, -6286, -1116
2092, -6386, -2456
2124, -6324, -4250
2364, -6988, -4804
3054, -6818, -5166
4280, -6814, -6284
4262, -7016, -7014
3180, -6520, -5812
3274, -6716, -5976
2466, -6692, -4588
1736, -6138, -3710
1628, -5694, -3218
1368, -4856, -1870
568, -4234, 182
170, -4130, 2534
2642, -1942, 1334
2420, -798, 2960
1012, 724, 4888
312, 764, 5970
-214, 3164, 7164
-816, 4008, 9200
-1790, 5846, 8932
-484, 7004, 10414
-1022, 7184, 10472
-754, 8142, 8568
-370, 8492, 7928
0, 9428, 5140
-882, 8870, 4650
-2428, 9310, 4298
-2528, 8740, 4546
-3394, 9078, 6364
-1358, 9296, 5636
124, 9416, 5292
*NOTE-2017.03.28@14:42:59 - 1
390, 9078, 4606
-288, 8276, 4028
-862, 8390, 3440
-1762, 7716, 3420
-1124, 8392, 1918
-1858, 7730, 1958
-868, 7664, 2296
-1560, 6830, 1788
-4316, 7110, 4322
-3054, 6738, 3222
-1764, 5504, 2388
-2440, 5846, 3362
-1390, 5726, 2202
-810, 6146, 2572
-482, 4550, 3212
-354, 5204, 3370
852, 6316, 2966
336, 6320, 3844
10812, 10558, 2880
-4202, 5584, 8150
-3302, 4740, 8556
158, 4638, 8992
374, 4132, 9198
1638, 2438, 4406
-11986, 2952, 14088
10, 4494, 9482
3960, 1466, 9018
862, 1456, 7974
1162, 1378, 6982
1686, 2170, 7186
3546, 1688, 5310
1428, 1876, 8716
2508, 2258, 7186
2510, 2414, 7250
3064, 2312, 5876
3026, 2712, 5838
2860, 2246, 7168
2854, 2484, 8394
2510, 1276, 7486
2914, 1616, 7224
2790, 1956, 6684
3184, 2046, 6558
3030, 2080, 6390
2820, 2358, 7488
2624, 2430, 7530
2460, 2810, 6892
2636, 2506, 7668
2906, 2304, 6916
2790, 2538, 7024
2762, 2582, 6814
2960, 2920, 7070
2520, 2284, 6772
2800, 2346, 6906
2564, 2398, 7452
2656, 2426, 6778
3048, 2716, 7750
2368, 2142, 6918
2446, 2164, 6588
2380, 2306, 7078
1938, 1722, 6768
1922, 1810, 7330
1702, 1626, 8244
1982, 1406, 8138
1996, 984, 7738
1680, 1582, 7688
1788, 2012, 7472
1924, 2270, 6938
1800, 1952, 7650
1776, 1766, 7458
1572, 2096, 8008
2010, 2396, 7544
1944, 2856, 9268
598, 3198, 8742
2628, 2990, 7214
2822, 3998, 4050
1624, 2330, 7098
1496, 2496, 9558
3376, 2524, 6686
-660, 1658, 7398
-2720, 396, 7066
-578, -1946, 5670
-1466, -834, 7828
-982, -2226, 6750
-2120, -22, 8402
-1290, 1878, 9666
*NOTE-2017.03.28@14:43:03 - 1
-2944, 998, 9956
-912, -206, 7606
-1676, 254, 7820
-1990, 614, 7150
-2174, 1382, 7698
-2284, 1186, 8406
-1528, 1186, 7892
-1718, 1404, 8372
-1108, 1588, 7170
-2250, 2936, 7314
-2200, 2754, 6256
-1476, 2654, 6604
-1910, 2016, 7934
-1700, 642, 7966
-2404, 200, 8676
-2544, -72, 9216
-1528, 810, 6708
-3128, 530, 6520
-3032, -34, 6050
-2958, -898, 7414
-3510, -1308, 7712
-2494, -1490, 6130
-3284, -1458, 5826
-2280, 284, 7426
-2216, -640, 7078
-4230, -658, 6306
-5716, 194, 8364
-3270, 172, 5674
-4580, -68, 7086
-4912, -294, 5898
-6188, 312, 7824
-4378, 8, 6590
-4026, 546, 7342
-3996, 426, 7462
-3296, 340, 7428
-2092, 412, 7174
-2714, 38, 8410
-1572, -222, 7926
-994, -360, 8030
-308, -682, 7560
-22, -672, 6844
-82, -676, 7092
-382, -500, 7202
-250, -266, 8270
-98, -288, 8100
172, -38, 8046
308, -144, 7738
164, -334, 7704
22, -70, 8490
80, -42, 7586
-504, -76, 7898
-620, -394, 7574
-944, -602, 7992
-780, -702, 7538
-638, -808, 7654
-652, -602, 7512
-852, -588, 7888
-938, -436, 7928
-880, -418, 7778
-818, -458, 7774
-648, -424, 7804
-598, -420, 7902
-564, -482, 7762
-690, -414, 7808
-906, -364, 7976
-770, -372, 8030
-796, -368, 7786
-710, -528, 7812
-1016, -534, 7984
-978, -670, 7576
-1372, -366, 7668
-772, -68, 7830
-214, -192, 7854
762, -324, 7248
-212, -4, 8134
990, -184, 7152
644, 1476, 9018
462, 826, 8022
-150, 554, 8596
-198, 62, 7934
-426, -490, 7656
-948, -692, 7414
-1262, -574, 7600
-1346, -526, 7620
-1220, -540, 7786
-932, -480, 7690
-1088, -404, 7728
-826, -638, 7660
-1948, -590, 7636
-1320, -346, 7606
-1094, -162, 7668
-700, -102, 7762
-556, 296, 7774
-582, 352, 8098
-818, 474, 8444
-754, 428, 8040
-614, 58, 7806
-810, -160, 7534
-1538, -350, 7630
-1398, -150, 7770
-780, -150, 7736
-962, -62, 7784
-998, -408, 7722
-836, -302, 7574
-1016, -36, 7532
-1094, -192, 7934
-806, -176, 7910
-674, -122, 8166
180, -200, 7398
-1486, 734, 9264
-602, 152, 8080
-658, -566, 7478
-1558, -1014, 7300
-1774, -1016, 7462
-1372, -756, 7474
-772, -488, 7682
-484, -554, 7872
-812, -488, 7690
-1008, -146, 7716
78, 294, 8310
590, 242, 7640
-42, 780, 9036
-560, -126, 7282
-1172, -856, 7520
-2042, -888, 7354
-1752, -892, 7410
-1360, -714, 7536
-1044, -354, 7750
-732, -304, 7870
-738, -296, 8068
-850, -308, 7944
-856, -398, 7776
-864, -296, 7698
-930, -360, 7702
-994, -662, 7366
-1802, -1250, 7548
-1562, -812, 8674
-760, 222, 8088
120, 1342, 8552
1068, 1430, 7966
316, 608, 7600
-354, -210, 6974
-1384, -1250, 7364
-2090, -2260, 7600
-1534, -1108, 7326
-1012, 4, 7748
-518, 606, 8296
-132, 160, 7872
122, -38, 7320
-1492, 48, 8510
-508, -22, 7582
-572, 324, 8122
410, 996, 8196
10, 1170, 8732
-214, 260, 8032
-996, -440, 7586
-958, -734, 7114
-1768, -770, 7370
-1322, -906, 7508
-1334, -906, 7294
-828, -580, 7882
-972, -210, 7612
-248, -628, 7548
-660, -748, 7512
-2196, -464, 7554
-3004, -100, 7646
-3664, 62, 7970
-3118, 20, 7476
-2286, -44, 7854
-2410, -128, 7262
-2930, -10, 7756
-2580, -378, 7494
-2630, -392, 7550
-2796, -686, 7516
-3300, -434, 8182
-2920, -250, 7668
-1448, -562, 7548
-1332, -1538, 7048
-1380, -1556, 7566
-1592, -1142, 8820
-214, -1314, 7088
630, -398, 7292
1852, -698, 7382
-598, -810, 8120
-1418, -1076, 5662
-5514, -368, 7674
-4258, -1124, 7394
-2044, -1106, 6502
-2072, -140, 8040
-1904, -294, 6862
-2380, 392, 7336
-3646, -670, 7242
-4122, -1116, 8014
-2448, -1248, 6924
-3590, -1526, 7362
-3780, -1558, 6574
-3746, -1086, 6340
-3218, -1008, 6008
-3100, -104, 5822
-2094, 1284, 6204
-2398, 2110, 7576
-1076, 2172, 7588
-620, 2722, 7940
108, 2630, 8418
840, 3034, 8524
354, 2902, 7478
844, 3152, 7262
2106, 2458, 6364
734, 2692, 8176
300, 2430, 9018
798, 2708, 8194
1374, 2678, 7506
874, 2626, 7790
716, 2464, 7318
318, 2166, 7806
-114, 1930, 7430
-420, 1780, 7244
-732, 1964, 7382
*NOTE-2017.03.28@14:43:14 - 1
-1758, 1700, 7694
-1970, 2174, 7460
-2100, 2144, 6976
-2138, 2216, 7018
-2442, 2002, 7134
-2018, 1424, 7316
-2868, 854, 7900
-1878, 600, 7954
-1196, 680, 7650
-1016, 470, 6990
-1096, 602, 7386
-1678, 1396, 7480
-1380, 1420, 6278
-3844, 2118, 9010
-2578, 196, 7614
-3028, 1100, 8266
-1516, 44, 7504
-988, 1038, 6776
-1708, 1776, 8228
-2486, 3384, 7988
-2286, -1128, 2952
-2032, 1670, 5646
-7156, 11122, 16760
-3234, 1520, 9926
338, 2362, 7632
-284, 1882, 8154
100, 1700, 7298
172, 1994, 7666
-4, 1944, 7650
-294, 2186, 7832
268, 2034, 7212
80, 1980, 7988
596, 1948, 7746
48, 1906, 7728
134, 1932, 7806
460, 1972, 7574
556, 1946, 7270
212, 1926, 7628
262, 1764, 7468
78, 1238, 7848
268, 1398, 7738
386, 1592, 7944
206, -340, 7560
504, 1234, 8066
392, 1028, 8030
546, -790, 7538
-74, 722, 7860
-200, -626, 7614
-1128, -2268, 8116
-1246, -968, 9722
-112, 692, 8680
-2796, 2324, 6988
-1922, 3978, 3708
1222, 7530, 7864
-1890, 7132, 9058
-150, 5466, 5220
-1622, 4550, 6144
-154, 4356, 6158
-772, 5422, 6918
930, 5822, 3902
280, 6902, 5960
-356, 6520, 4860
872, 6716, 4812
1906, 5990, 2880
2400, 6534, 2588
1060, 6832, 2538
-300, 6940, 3420
128, 7280, 4168
1488, 7496, 2048
1080, 6640, 2132
-110, 6760, 1296
-1194, 7496, 2422
-676, 8116, 1958
-666, 8222, 1746
-448, 8186, 1170
-368, 8182, 734
-564, 8114, 898
-692, 8164, 774
-1078, 8406, 592
-1026, 8918, 590
-1204, 8692, 378
-1438, 8202, 912
-772, 8050, 522
*NOTE-2017.03.28@14:43:18 - 1
-974, 8326, 768
-1558, 8510, 876
-1116, 7426, 986
-598, 7024, 832
-208, 7822, 990
-384, 8004, 2130
-730, 8140, 3836
410, 8216, 5350
436, 9908, 8316
1546, 11552, 8710
1518, 13856, 8134
1456, 14804, 6676
1610, 13828, 5422
1286, 11806, 4916
1292, 10180, 5346
2204, 8776, 4620
1924, 5570, 4958
1736, 5056, 5906
1808, 3314, 6000
1564, 2134, 6106
1806, 870, 4674
2054, -486, 3684
1340, -1682, 2982
1232, -3492, 1748
718, -4110, 230
484, -4990, -1398
796, -6088, -3330
-68, -6622, -3442
1048, -6580, -5224
1128, -7178, -6654
2000, -7720, -7036
2756, -6870, -7698
2248, -6562, -6632
1828, -6988, -5554
1872, -6570, -4234
1430, -6212, -2706
1258, -6484, -2346
1156, -5638, -1106
560, -4376, -106
330, -3978, 1680
986, -4038, 2370
836, -1874, 3318
2122, -872, 4706
3000, 684, 4702
2876, 1962, 5996
2816, 3024, 6428
2896, 4654, 8636
2272, 6786, 8114
1594, 8308, 7362
-774, 8290, 9558
-990, 9186, 7704
830, 9302, 5180
910, 10486, 3640
-764, 10418, 4184
-1148, 10494, 4312
-1564, 10302, 5300
-1216, 10052, 5222
-310, 9424, 4306
-378, 8916, 3900
-1152, 8422, 3988
-1758, 8256, 3934
*NOTE-2017.03.28@14:43:21 - 1
-1482, 8436, 3468
-1614, 8342, 3222
-1920, 8906, 4084
-804, 10504, 3370
-894, 10730, 4366
-772, 10806, 4996
-162, 10956, 5400
728, 11346, 5224
442, 10446, 5608
444, 9794, 6014
462, 8298, 7090
1254, 7446, 6252
2048, 6326, 6910
1632, 4714, 7100
1930, 2966, 7484
2344, 2236, 6734
1982, 1560, 7650
2044, 680, 5234
1266, -2292, 3618
188, -2862, 3854
1102, -4340, 790
628, -5342, 430
1770, -5406, -2156
1480, -6090, -2664
532, -6544, -2382
-136, -7352, -2266
1144, -6800, -4428
1438, -7030, -6422
446, -7608, -8514
-72, -6788, -7228
722, -6952, -6996
1132, -6604, -5584
1810, -6600, -4810
1326, -6492, -4152
608, -6358, -2276
858, -5332, -1510
1538, -4956, -760
1076, -3544, 888
764, -2864, 3136
1464, -1692, 2984
1824, -916, 5406
2670, 440, 4758
1186, 1026, 6402
1114, 3650, 7696
1190, 3352, 9160
402, 4656, 9220
194, 6808, 8658
196, 7670, 8336
492, 7372, 6718
-732, 8458, 8842
1220, 9948, 4480
-882, 10202, 4332
-2384, 9976, 4640
-2000, 10412, 5306
-1790, 10240, 5372
-354, 10146, 4168
520, 9132, 3274
*NOTE-2017.03.28@14:43:24 - 1
126, 8672, 3838
-264, 8280, 4164
-880, 8542, 4236
-1606, 8644, 4400
-1442, 9618, 4348
-664, 10790, 3648
-206, 11050, 4372
-184, 11516, 5414
472, 12130, 5072
836, 12044, 5472
996, 11548, 6156
1480, 10302, 5512
602, 7654, 7024
116, 6632, 6708
706, 5228, 6372
1748, 4538, 5610
1558, 2654, 6398
2144, 1688, 5562
2620, 470, 5526
2722, -896, 3726
1844, -2652, 2578
390, -4056, 1996
40, -5262, 1320
854, -5700, -416
1786, -6832, -1916
668, -6742, -490
1256, -6920, -1696
1818, -6902, -3298
2260, -6790, -4494
3202, -7346, -5902
3508, -6784, -5332
4048, -6510, -6330
3970, -6744, -5760
3542, -6628, -5216
3338, -6456, -5232
2242, -6346, -3936
1074, -6192, -1656
1900, -5776, -2300
1978, -3702, -216
300, -3788, 3020
440, -4194, 3214
-746, -2640, 4344
-1220, -1772, 4320
-386, -284, 3416
-1678, 1164, 5552
-2256, 1628, 6860
-3436, 3168, 7130
-6376, 4748, 8994
-5656, 4640, 8348
-4550, 7646, 5938
-6324, 7288, 8962
-4174, 7994, 6292
-2252, 9140, 4034
-3234, 9778, 4274
-2992, 9948, 4166
-2544, 10346, 4288
-1320, 10394, 4072
-526, 9660, 3956
-720, 9064, 4180
-684, 8496, 3846
-946, 8426, 3804
*NOTE-2017.03.28@14:43:27 - 1
-1476, 7868, 3982
-1536, 8610, 3858
-1640, 8808, 3906
-1138, 9892, 3374
-1512, 10684, 4740
-954, 10926, 4636
52, 11230, 5082
300, 11802, 5578
470, 11370, 5430
538, 10208, 5744
106, 9194, 6504
1488, 7102, 5606
1378, 6308, 5488
166, 4798, 7176
720, 3310, 7194
1658, 1870, 6638
1522, 1136, 6828
2200, 120, 6440
1838, -1218, 4954
1210, -2100, 4624
1614, -3310, 2894
1200, -4124, 1928
1064, -4940, -16
646, -5926, 274
1770, -5804, -1062
1166, -6222, -1948
1330, -6700, -4368
910, -7322, -3540
2972, -6908, -6316
2872, -6784, -6672
2376, -6894, -6470
2530, -7002, -6988
2128, -6906, -5644
2232, -6798, -5196
1254, -6142, -3672
1176, -5180, -3034
290, -4764, -142
-794, -5226, 1272
-514, -3632, 4228
1370, -3852, 4314
2326, -2438, 5854
1288, -1318, 6998
1182, -962, 7364
1184, -58, 7040
554, 874, 7390
814, 2100, 10124
2456, 3258, 7156
3190, 4890, 6870
1472, 4778, 8728
2678, 5962, 5670
-126, 6186, 6438
130, 7878, 6434
-136, 7790, 5042
-94, 9100, 5038
574, 10080, 3012
-314, 10024, 3488
-1284, 10194, 4694
-926, 10004, 5472
-504, 9944, 5836
258, 9102, 5286
116, 8602, 4594
-488, 8408, 4436
*NOTE-2017.03.28@14:43:30 - 1
-728, 8496, 3576
-1246, 8688, 4188
-1062, 9788, 4002
-724, 10234, 4330
-470, 10370, 5194
-268, 10662, 5412
472, 10816, 5440
434, 10386, 5652
284, 9424, 6434
1034, 8240, 6062
1620, 7024, 6034
1514, 6160, 6032
930, 4254, 6790
1544, 3426, 6638
1414, 2012, 7058
1348, 714, 6984
1480, 132, 6376
698, -1442, 6414
540, -2360, 4780
218, -3266, 4172
688, -3950, 2662
906, -5330, 1832
806, -5606, 1268
1650, -5694, -732
1680, -6840, -2100
1184, -6960, -2006
1662, -6770, -3392
2300, -7168, -5334
2278, -6936, -5908
2994, -6622, -7462
2486, -7216, -6630
2738, -6822, -6814
2266, -6470, -5370
1992, -6448, -3990
1232, -6326, -1918
582, -5542, -70
2420, -4758, -700
2622, -5196, -286
850, -3298, 2452
-690, -2086, 3312
1100, -1080, 4352
2156, -420, 5812
1758, 1060, 6516
3904, 2154, 6730
3674, 3050, 7192
3206, 4490, 6026
1414, 6738, 9698
1688, 5164, 7642
2880, 7896, 6404
2374, 7942, 5480
2260, 10082, 5936
2220, 10280, 3396
302, 9970, 3506
-182, 10160, 3738
-482, 10454, 4856
-746, 10674, 5950
-334, 9774, 4964
808, 8794, 3612
424, 8158, 3258
-698, 8122, 4054
-1012, 8014, 4080
*NOTE-2017.03.28@14:43:33 - 1
-746, 8420, 3592
-1432, 8784, 3798
-762, 9826, 3540
-608, 10198, 3990
-224, 10086, 4802
90, 10494, 5676
964, 10716, 5260
628, 10452, 6036
626, 9702, 6394
328, 8812, 6808
-4, 7390, 7420
956, 6842, 6816
1764, 4780, 6744
1092, 3724, 6788
1362, 2388, 6858
1564, 1386, 6304
1238, 154, 6632
1202, -1256, 5438
1292, -2128, 4536
1394, -2982, 4024
1640, -4050, 2166
782, -5140, 1278
974, -5692, 1324
1890, -6038, -1016
1332, -6222, -1314
1844, -6428, -2340
2196, -6854, -4010
2234, -7028, -4724
2400, -6970, -5750
2418, -6916, -6394
2202, -6858, -6978
1848, -6816, -6084
1970, -6692, -5130
1880, -7022, -4864
1172, -6094, -3100
1242, -5996, -2480
340, -4636, 406
640, -4746, 632
1484, -3480, 1156
1660, -1834, 2246
1360, -1178, 5682
1374, -664, 5708
1880, 1870, 4306
1034, 3208, 8498
-70, 3932, 9264
1284, 6056, 7882
-44, 6252, 7732
-668, 6914, 7836
720, 8434, 4980
-30, 9584, 6484
714, 10618, 4710
710, 10736, 4552
-568, 10682, 4336
-1622, 10210, 5052
-2132, 9922, 5360
-702, 9580, 4172
524, 9334, 3118
186, 8692, 3082
-484, 8366, 3518
-758, 8184, 3976
-574, 8582, 3566
*NOTE-2017.03.28@14:43:37 - 1
-962, 8498, 3276
-1504, 8826, 3852
-738, 9884, 3310
-994, 10496, 5640
210, 10848, 4984
528, 11830, 5672
72, 11910, 5842
-218, 10646, 5888
-320, 9812, 6310
182, 8332, 6312
674, 6672, 6632
1430, 5446, 5996
1178, 4062, 5906
1532, 2866, 6070
1266, 1446, 6984
1668, 544, 7346
2202, -88, 6228
1750, -1090, 4468
752, -2532, 4092
1268, -4500, 2014
1200, -4602, 712
1432, -5328, -226
948, -6202, -2122
720, -6836, -1728
1392, -6804, -3654
1100, -6892, -4002
796, -6828, -4556
1720, -7066, -6342
2198, -6824, -7136
2528, -6846, -6820
2764, -6796, -6668
1826, -6548, -5506
1148, -6734, -4446
1060, -6064, -3936
932, -5362, -2772
1154, -4588, -2202
552, -3326, 168
294, -2902, 2482
910, -1730, 3696
2294, -504, 4324
1646, 474, 6010
756, 1912, 6720
-470, 3238, 7798
-90, 4568, 7498
-584, 6150, 9454
-20, 6904, 10270
-164, 8520, 9288
-702, 8554, 7924
-1668, 7932, 8352
334, 9524, 5084
-428, 9456, 4088
-1394, 9620, 4114
-1362, 10016, 4416
-1812, 10336, 5070
-1120, 9438, 4916
1660, 9008, 2256
666, 8736, 3048
-1116, 8686, 4202
-1342, 8260, 4002
*NOTE-2017.03.28@14:43:39 - 1
-1108, 8140, 3656
-1776, 8948, 3668
-1438, 9738, 4080
-1138, 10440, 4496
-302, 10946, 4722
310, 11228, 4912
624, 11494, 5992
896, 11438, 6674
644, 10666, 5798
1324, 9372, 5402
392, 7948, 6326
-144, 7008, 6630
12, 5142, 6476
308, 3354, 5994
790, 1988, 6166
762, 948, 6828
1514, -588, 5426
984, -1668, 5168
1012, -2952, 4092
686, -3964, 3438
1228, -4990, 1112
730, -5316, 442
-22, -5802, 266
2126, -6206, -2470
982, -7278, -1496
1574, -7112, -2054
2282, -6936, -3230
2062, -6800, -4544
2046, -7000, -5848
2174, -6908, -6346
2656, -7316, -6928
2658, -6740, -6282
1714, -6728, -4932
1248, -6616, -4356
1144, -6354, -3822
1296, -5546, -3220
1898, -5114, -2068
1006, -3924, -250
-102, -2734, 1306
-614, -2660, 4234
280, -1424, 5094
1908, 312, 5742
700, 568, 7436
386, 2570, 6286
-652, 3920, 7436
-2242, 4710, 7710
-2844, 6706, 7926
-2484, 6106, 8706
-1978, 8196, 4604
-4394, 9978, 8994
-1554, 10634, 4368
116, 10570, 3338
-1270, 10912, 3994
-2400, 10360, 5518
-2248, 10204, 5218
-534, 9790, 3862
10, 8972, 2782
-1154, 8402, 3286
-1942, 8208, 4056
*NOTE-2017.03.28@14:43:42 - 1
-1676, 7954, 4002
-1628, 8736, 3672
-1950, 8702, 3376
-1550, 9662, 3608
-1450, 10406, 4098
-690, 10998, 4144
-86, 11546, 5672
208, 12266, 5710
-222, 11498, 5986
-130, 10616, 6044
356, 9274, 5896
326, 7180, 5920
534, 6962, 6684
-348, 4994, 6010
48, 3258, 6006
1090, 1768, 5942
1130, 778, 6444
1806, -494, 5278
1644, -1912, 4508
866, -2764, 4046
326, -4094, 3372
978, -5370, 1298
922, -5684, 964
1870, -6158, -1150
1200, -6348, -1312
1770, -6302, -2502
2100, -6692, -3910
2100, -6766, -3684
2726, -6742, -5226
2840, -7046, -6388
2178, -6888, -6464
2236, -6878, -6934
1640, -6840, -5586
1802, -6726, -4706
1334, -6674, -3854
1040, -6002, -3070
1144, -5484, -2502
1198, -4310, -700
588, -3960, 2188
1704, -2220, 2470
3782, -2560, 2728
3740, -1964, 3444
2010, 84, 5484
1282, 2398, 5548
-1274, 2542, 5982
-5706, 4890, 8490
-6622, 4818, 6718
-7448, 6486, 7274
-5298, 6424, 4410
-9502, 7300, 8248
-6788, 7696, 4812
-3558, 8128, 3680
-3482, 9848, 4954
-1886, 9170, 2112
-4382, 9460, 4914
-5338, 8736, 6508
-3242, 9020, 4522
614, 8870, 1478
44, 8552, 2448
*NOTE-2017.03.28@14:43:45 - 1
-1744, 7974, 3632
-1668, 8032, 3984
-1312, 8358, 3804
-864, 8494, 3356
-1750, 8384, 3792
-1674, 9486, 4514
-1172, 9622, 4526
-568, 9814, 4254
-580, 10412, 5360
-704, 10424, 5644
-812, 10164, 6040
-752, 9472, 6238
-1346, 8794, 7000
-1152, 7494, 6940
-1398, 6306, 6880
-362, 4914, 6156
-1548, 3746, 7146
-502, 2374, 6268
-1504, 882, 7450
-1028, -178, 6780
-848, -1302, 6274
-1190, -2246, 5692
-1000, -3364, 4020
-228, -4206, 2526
314, -4614, 1638
1088, -5202, 356
1110, -5912, -282
962, -6352, -1274
1068, -6720, -2578
1832, -7284, -4426
2682, -7398, -4912
2730, -6798, -5468
2886, -7072, -4810
3778, -6528, -5204
3656, -6868, -5282
3080, -6596, -4990
1942, -6448, -3946
1420, -6722, -2944
1364, -6220, -2638
1250, -5462, -1302
846, -4718, 208
590, -4332, 1116
680, -2914, 2424
1116, -2180, 4870
650, -980, 5530
1490, 304, 5322
-980, 1222, 8038
-1210, 2270, 7460
-2302, 3478, 8678
-3278, 4132, 9174
-2108, 5520, 8430
-2276, 6332, 6924
-1656, 7244, 6548
-3508, 7694, 8668
-2752, 9412, 3948
-3672, 9638, 3250
-4772, 9874, 4742
-4852, 9820, 5288
-3972, 9544, 4312
-868, 9558, 2040
794, 9408, 1994
162, 8922, 2616
-1350, 8788, 3782
*NOTE-2017.03.28@14:43:49 - 1
-1956, 8320, 4092
-1718, 7958, 3730
-1576, 8580, 3724
-2004, 8692, 3274
-2114, 9832, 3942
-1382, 10296, 3372
-1126, 10402, 4370
-1500, 10594, 5240
-988, 11274, 5882
-1018, 11188, 6220
-918, 10448, 6050
-854, 8864, 6030
-800, 7570, 6144
-332, 5996, 6130
-686, 5028, 7456
-618, 3912, 6638
6, 2312, 6394
-890, 988, 7350
-446, 76, 7314
-820, -1312, 5474
-1732, -2616, 4614
-714, -3338, 2988
126, -4030, 2630
846, -5052, 726
1080, -5496, -1192
792, -6058, -1804
1054, -6018, -2980
2080, -6642, -4294
2926, -6934, -3940
3656, -7256, -5588
3836, -6960, -5948
3792, -7086, -6292
2938, -6890, -5542
2576, -7094, -5254
1960, -6858, -3718
1562, -6538, -2784
1280, -6370, -2328
840, -5342, -944
720, -4738, -292
144, -4176, 1238
868, -3628, 2322
1006, -1706, 3956
1302, -1242, 5008
1080, -354, 6238
814, 1880, 6088
-978, 1846, 9284
-288, 4146, 7232
-96, 4688, 7484
-200, 5806, 7346
-3008, 7708, 6648
-3932, 7590, 7888
-3044, 9084, 6396
-1220, 10190, 5020
-314, 10592, 3122
-1620, 10980, 4288
-2084, 10622, 5844
-1852, 10342, 5742
-524, 9794, 3958
148, 9362, 2844
*NOTE-2017.03.28@14:43:52 - 1
-492, 8578, 2996
-1478, 8354, 3308
-1852, 8062, 3782
-1510, 8210, 3574
-1782, 8536, 3766
-1570, 9936, 3888
-1416, 10416, 3900
-1178, 10376, 4092
-922, 11144, 5096
-854, 11586, 6134
-74, 11106, 5452
-714, 10356, 6352
-1008, 9340, 6838
-524, 7786, 8180
934, 7446, 5818
1392, 5614, 5716
54, 4408, 6440
708, 2506, 5614
-10, 964, 7708
82, 126, 6410
290, -1514, 4274
1096, -2692, 3286
788, -3998, 3364
480, -4798, 2926
850, -4772, 160
250, -5690, 582
984, -6186, -1396
1766, -6086, -2302
2430, -6424, -3836
2336, -6678, -4858
2508, -6444, -5606
3458, -6760, -7028
3626, -6656, -7344
2662, -6428, -5400
2274, -6768, -4726
1482, -6482, -2996
886, -6048, -2118
1336, -5732, -1564
1024, -4904, -142
1964, -3998, -498
68, -2496, 3406
946, -1788, 3058
-1226, -1330, 6196
-1122, 408, 5974
-3122, 1796, 7160
-2844, 2560, 7054
-4248, 4290, 7732
-4460, 5212, 6738
-4902, 5624, 7706
-4606, 7214, 6266
-4478, 8602, 6182
-4314, 9252, 7058
-1828, 10612, 3522
-2192, 10900, 2844
-3264, 11256, 4174
-3126, 11008, 4826
-1410, 10664, 4398
56, 9588, 3200
-894, 8934, 3518
-496, 8492, 2156
-1024, 8362, 2196
*NOTE-2017.03.28@14:43:55 - 1
-1794, 8166, 2228
-2446, 7928, 2896
-2608, 8318, 3804
-2024, 8396, 3110
-1998, 9964, 3610
-1444, 11252, 3216
-1304, 11368, 3992
-522, 11374, 4322
-142, 11774, 4570
-36, 10978, 4724
152, 9696, 5588
-190, 8992, 7630
2074, 8588, 5944
1328, 6712, 6144
30, 4944, 6858
612, 3958, 6344
936, 2408, 6710
-252, 1266, 8710
1224, 814, 7190
480, -898, 5022
-598, -2018, 5550
-96, -3408, 4098
46, -5004, 1632
-278, -4074, 3222
1494, -4636, -1718
552, -5576, -884
1446, -5992, -2928
2020, -5962, -3468
2810, -6760, -5918
3328, -6172, -6536
4188, -6424, -9502
2174, -6428, -7486
1720, -6346, -6960
1764, -6648, -6216
1042, -5560, -4838
852, -5746, -4010
590, -4024, -1582
1170, -3302, -656
1264, -2070, 1028
1136, -220, 1590
-2068, 324, 5396
-1298, 292, 6186
-3976, 2236, 6356
-6160, 3064, 5860
-8148, 4612, 5502
-9372, 4846, 6374
-8386, 6490, 4946
-9802, 7640, 5442
-7664, 8692, 3700
-7218, 9138, 3486
-6980, 9796, 3746
-5918, 10028, 3846
-3774, 10176, 3114
-1332, 10346, 3266
-964, 10158, 3802
-1452, 9172, 3538
-958, 8756, 3272
-990, 8508, 2282
-818, 8108, 1126
*NOTE-2017.03.28@14:43:57 - 1
-980, 7710, 852
-550, 7818, 22
-54, 7800, -202
94, 7850, 224
-84, 8498, 1702
138, 8070, 2910
104, 9506, 2948
456, 10566, 2816
-420, 11190, 3262
-2056, 11022, 5486
-1432, 11384, 5206
-2112, 11486, 5854
-1596, 11536, 5682
-2466, 10508, 7118
-1770, 10012, 6524
-1514, 8622, 6642
-1544, 7712, 6718
-1090, 4840, 6576
-1320, 3572, 6504
-340, 1492, 5240
-1640, -56, 6636
-934, -1220, 4598
-128, -1712, 3516
-312, -3480, 3350
434, -4202, 2312
1030, -4906, 478
918, -5824, -430
1324, -5876, -1802
1908, -5898, -2304
2504, -5924, -4682
3004, -6410, -6722
2938, -6664, -7118
3862, -6092, -8222
3828, -6148, -6730
3844, -5778, -6442
2778, -5126, -5282
2708, -5308, -4664
2290, -3894, -3100
1602, -2468, -1048
-216, -222, 1940
-498, -974, 3306
-1362, 988, 5114
-2014, 2932, 6778
-2590, 3844, 6040
-3942, 4498, 9590
-2832, 6310, 7966
-4656, 8904, 9690
-4492, 8668, 9506
-4078, 9128, 8480
-2878, 10772, 7430
-806, 10832, 3952
-1890, 10710, 4408
-2114, 9962, 4718
-2176, 9650, 5316
-1166, 9676, 4520
-568, 8886, 3160
-576, 8484, 1960
-990, 8174, 1334
-1636, 8134, 1524
*NOTE-2017.03.28@14:44:00 - 1
-1150, 8046, 1378
-1598, 7890, 2548
-1784, 8388, 3444
-1410, 8316, 3042
-1788, 8662, 3506
-1518, 10278, 3508
-1188, 10830, 3828
-1326, 10482, 4496
-1408, 10846, 4174
-1222, 11274, 6140
-284, 11570, 5204
-722, 10754, 6532
-856, 9760, 6966
470, 9008, 7228
448, 7628, 6542
-370, 6020, 6992
-176, 4508, 6856
-124, 2880, 6880
-54, 552, 6304
352, 386, 5324
1060, -1102, 3940
1012, -3114, 2286
378, -3902, 1360
-284, -4882, 1838
58, -5792, -98
944, -6256, -822
1532, -6318, -1354
1752, -6626, -1794
1190, -6436, -2598
1296, -7202, -4250
1250, -6990, -6426
1660, -6714, -7692
2112, -6604, -7954
3108, -6502, -8484
2418, -6470, -6992
2020, -6396, -5832
2108, -6446, -5200
1718, -6292, -4690
2040, -5048, -4108
2420, -3316, -2704
1550, -2196, -1732
154, -1852, -1748
-2350, -536, 3578
-2566, -248, 4310
-1490, 1724, 5784
-1320, 3224, 5684
-4198, 6488, 6740
-7104, 5852, 9342
-6388, 9198, 4898
-6020, 12142, 4120
-7910, 10470, 4712
-6890, 12014, 4908
-3860, 12634, 3024
-4158, 14180, 6192
-5472, 12410, 9668
-1054, 10850, 7564
-1804, 9788, 8470
-2248, 8358, 5562
-2530, 8190, 3762
*NOTE-2017.03.28@14:44:03 - 1
-2914, 8554, 3238
-2840, 8974, 2054
-2368, 9242, 1558
-2156, 8308, 2020
-1626, 7548, 1706
-1988, 6826, 2940
-1082, 7114, 2700
-1172, 5178, 3038
-1614, 4620, 2844
-1010, 5626, 2116
-112, 7132, 1410
1696, 6534, 948
2018, 7750, 2290
2644, 8468, 4266
2012, 5990, 4038
244, 3296, 5904
-2308, 3820, 8990
-284, 4414, 9884
1884, 4428, 9228
872, 3326, 7362
1542, 2728, 8046
588, 1518, 7390
1404, 1244, 8114
1504, 1264, 7876
1720, 1166, 7300
1864, 1208, 6504
706, 1250, 8928
1608, 1918, 7692
1822, 1190, 8488
2434, 1100, 6948
2354, 1036, 7630
3822, 1476, 6456
3112, 2294, 5784
2788, 2128, 7632
2356, 1358, 8632
2860, 2476, 7876
3362, 2760, 5898
3196, 1494, 7142
3780, 3504, 7106
1928, 3866, 6490
3856, 1346, 7448
3600, 2622, 6686
2994, 3136, 6638
4132, 884, 7512
2586, 2288, 8306
3336, 3176, 6456
2886, 2938, 8190
1270, 1866, 7476
3614, 2474, 6898
2198, 2076, 6126
2728, 2576, 7934
2050, 3126, 7784
3224, 3670, 9858
3186, 3378, 9494
4714, 2254, 9210
3500, -850, 4520
-3710, -1616, 7448
-876, -2890, 430
-3342, -1016, 6476
-1508, -944, 6238
-2122, 946, 7828
-550, 2670, 6200
-836, 2826, 5496
-4616, 6558, 14536
-1708, 4628, 9128
120, 1596, 4514
-4726, -4012, 11786
6, 1904, 3768
-2854, 2054, 10448
-1926, 2022, 7212
-1890, 1414, 7506
-2114, 1494, 7292

-----------------------------------------------
Date: 28.03.2017 - 14:44:07
End log file
