Terminal log file
Date: 28.03.2017 - 15:09:29
-----------------------------------------------

%~>daq start

 DAQ started.
%~>quit
%~>-1034, 7816, 1570
-1150, 7800, 1628
-1122, 7782, 1672
-1160, 7836, 1744
-1066, 7790, 1998
-1778, 7774, 2558
-2188, 8108, 3328
-3758, 7750, 4002
-4206, 7208, 3782
-4090, 6438, 3528
-3810, 5802, 2774
-3510, 5596, 2314
-3308, 5468, 1972
-3252, 5384, 2032
-3552, 5684, 2162
-3814, 5898, 2508
-4032, 6150, 2658
-3698, 6300, 2696
-3888, 6366, 3030
-3944, 6388, 3130
-3830, 6670, 3182
-3374, 6572, 3082
-3288, 6542, 2828
-3524, 6546, 3042
-3210, 6760, 2832
-2954, 6534, 2864
-3096, 6850, 2804
-3756, 6138, 3056
-4082, 6896, 3498
-3856, 6308, 3444
-2920, 6520, 2836
-3572, 6662, 3268
-3582, 5906, 3610
-3074, 5992, 4704
-1436, 6278, 2970
-2316, 6272, 4474
-2494, 6932, 4564
*NOTE-2017.03.28@15:09:30 - 1
-2026, 6780, 3768
-2238, 6994, 4098
-2116, 6956, 3892
-2156, 6926, 3702
-2140, 7180, 3164
-1896, 7154, 2758
-3012, 7326, 2302
-5380, 7714, 3062
-2996, 6760, -226
-4952, 5720, 2758
-3256, 5164, 1526
-4648, 5112, 1844
-6444, 5114, 3176
-5138, 4942, 2856
-4364, 5830, 4140
-3574, 5820, 2288
-3788, 6698, 2020
-3586, 6862, 1902
-3420, 6978, 1432
-2848, 6798, 288
-2940, 7408, 632
-3622, 7962, 840
-3620, 7378, 898
-3050, 8926, 978
-1578, 9532, -488
-900, 8534, -856
-1372, 8172, 74
-1414, 8308, 226
-1252, 8184, -102
-1460, 7952, 324
-1594, 8024, -222
-2024, 8650, 244
-1884, 7306, 1178
-492, 7882, 458
-578, 8428, 270
-1188, 7700, 238
-1008, 7542, 348
-788, 7942, 36
-636, 7466, -160
-568, 7812, -128
-372, 7998, 2
-448, 8138, 316
-506, 8216, 438
-432, 8096, 556
-420, 8162, 556
-508, 8036, 186
*NOTE-2017.03.28@15:09:33 - 1
-710, 7956, 216
-336, 8018, -62
-560, 7992, 50
-580, 8134, 354
-628, 8020, 1288
-1302, 8074, 3054
-1516, 8336, 3598
-984, 8960, 3674
-1278, 9576, 4730
-1644, 9860, 6274
-1394, 10850, 6428
-1092, 11268, 6180
-810, 11166, 6428
-916, 10746, 5982
-468, 9844, 5740
-430, 8234, 6034
-150, 6750, 6104
22, 5172, 6062
270, 3720, 5292
182, 2616, 7168
-534, 1272, 7288
-18, -196, 7180
682, -1104, 5464
1238, -2214, 4524
1154, -3246, 3392
1304, -4382, 2016
902, -5030, 528
766, -5720, 430
482, -6224, -830
754, -6468, -2020
758, -6712, -2390
1136, -7276, -3114
1722, -7114, -4338
2548, -6918, -7214
3060, -6592, -8326
2904, -6468, -7648
2444, -6636, -6084
1634, -6092, -5120
886, -5784, -2878
392, -5482, -382
1044, -5138, 590
1782, -4134, 318
-4, -3228, 2760
-452, -2378, 4704
-218, -1460, 5774
404, -262, 5678
2094, 78, 5758
1572, 1960, 6764
1040, 3240, 8206
2360, 4654, 7312
290, 6102, 8512
-862, 6752, 7262
-1440, 8322, 7838
-720, 8436, 7154
-938, 9622, 5802
-320, 9802, 4396
-204, 10554, 4212
-1134, 10580, 4276
-1866, 10718, 4958
-1636, 10282, 5446
206, 9336, 2928
694, 8520, 2472
-366, 8540, 3214
-486, 8546, 2946
-186, 8318, 3260
-16, 9364, 3318
*NOTE-2017.03.28@15:09:36 - 1
-836, 9448, 3746
-550, 9162, 3640
132, 10570, 3364
68, 11010, 3682
438, 11212, 4996
1420, 11028, 5032
866, 10642, 5912
404, 9976, 6604
540, 9282, 7038
598, 7676, 7058
-988, 6718, 8330
1190, 5156, 7156
1192, 4292, 6450
1582, 2692, 5922
644, 1352, 6356
1560, -88, 5088
1682, -1320, 3716
1262, -3070, 2978
736, -4160, 1058
596, -4846, 900
952, -5404, -112
1484, -5622, -1302
1750, -5878, -2336
1458, -6588, -3194
1670, -6456, -4314
2050, -6464, -5304
1442, -7056, -6952
1526, -6902, -8190
1580, -7054, -7230
1404, -6772, -6102
1092, -6422, -4512
988, -6024, -3570
518, -5238, -814
1180, -5172, -482
802, -4778, 1028
1938, -4442, 1088
884, -1976, 4326
342, -2026, 5404
658, -1998, 5432
598, -1032, 6980
2084, 1688, 7028
1016, 2004, 7122
-26, 3430, 6584
-86, 4496, 7836
-1710, 5750, 6902
-2486, 7180, 6954
-2946, 7494, 8246
-2108, 9434, 5602
-2852, 9076, 7094
-842, 10708, 4852
-598, 10798, 4044
-2196, 10220, 5400
-2282, 9902, 5738
-1214, 9860, 4996
128, 8734, 3354
72, 8302, 3282
-1036, 8152, 3592
*NOTE-2017.03.28@15:09:39 - 1
-998, 7948, 3654
-642, 8500, 3594
-1338, 8942, 3668
-1560, 8916, 3950
-1502, 9902, 4140
-950, 10734, 4856
26, 10456, 5102
222, 10934, 5562
-56, 10598, 6384
422, 9784, 6330
-142, 9126, 6494
-412, 7842, 7138
-288, 6074, 7084
0, 5406, 7308
1220, 3334, 5508
1222, 2598, 6578
310, 1050, 6870
572, 224, 6600
1650, -1102, 4344
1170, -2338, 4080
288, -3244, 3536
214, -4594, 1864
-4, -5478, 1728
852, -6012, 1172
1786, -5884, 270
2540, -6040, -1842
1598, -6006, -2604
1856, -7106, -4208
2836, -7130, -6468
1926, -6504, -6044
1934, -7206, -8626
1522, -7284, -7212
2526, -6704, -7484
1572, -6218, -5710
694, -6708, -4364
1110, -6336, -3626
1322, -4696, -912
1788, -4354, 60
1358, -4570, 1114
1168, -2744, 2708
876, -2048, 4608
776, -1294, 5548
-88, -1058, 7062
440, 1182, 5826
-832, 1476, 7494
-1306, 1648, 8774
-394, 3806, 6208
-3738, 4816, 9878
-1884, 5310, 6066
-3546, 6716, 8208
-2680, 7222, 6186
-2358, 8018, 6382
-1880, 9022, 5252
-1456, 10094, 4420
-1088, 10518, 4618
-1788, 10606, 6228
-1256, 9896, 5872
-434, 9388, 4076
-1104, 8750, 3818
-1306, 8344, 3132
-1506, 8020, 2754
*NOTE-2017.03.28@15:09:42 - 1
-1800, 7882, 3304
-1696, 7980, 3422
-1944, 8532, 3486
-2320, 8852, 4488
-1368, 9842, 3982
-880, 10776, 4894
-666, 10818, 5588
-882, 10708, 6088
-782, 10604, 6490
-432, 10466, 7858
-214, 9428, 6986
-2152, 8888, 8270
-1564, 7670, 7244
-1354, 5316, 6696
130, 4006, 5656
1420, 2264, 4878
-136, 252, 6198
670, -1352, 4718
432, -1664, 4520
294, -3114, 3618
32, -4002, 3210
222, -4950, 2118
1118, -5382, 822
1380, -5690, -492
2444, -5844, -2672
1666, -6198, -2820
1804, -6830, -3116
2376, -7056, -4720
2596, -7122, -5994
2782, -6768, -6958
2662, -7050, -6484
2808, -6836, -5482
2522, -6386, -4676
1546, -5990, -2890
1004, -5714, -1294
1352, -6028, -426
1394, -4760, 422
820, -3750, 1646
-418, -3122, 3336
-244, -2348, 3912
0, -1632, 5808
296, -372, 6404
-192, 900, 5622
-1532, 2852, 8496
-2000, 3156, 7632
-1710, 5340, 6538
-3916, 5798, 9186
-2420, 6664, 6346
-4572, 7638, 7758
-4468, 8094, 7448
-2640, 9762, 6626
-688, 10538, 4398
-762, 10404, 4182
-2186, 9676, 5512
-2354, 9574, 6064
-1538, 8978, 4966
-892, 8680, 4236
-1022, 8060, 4070
-1652, 7818, 4418
*NOTE-2017.03.28@15:09:45 - 1
-1732, 7714, 4272
-1648, 8392, 3636
-2338, 8602, 3798
-2206, 8956, 3946
-2218, 9998, 5200
-1212, 10386, 5094
-1198, 10644, 6450
-1254, 10686, 6590
-988, 10418, 7096
-764, 9812, 7486
-282, 9224, 7520
-130, 7544, 7594
476, 5722, 7022
-276, 5182, 6350
648, 3894, 5986
262, 1750, 6694
128, 1068, 6296
1058, -740, 5074
1438, -2030, 3558
784, -3228, 2456
-452, -4502, 1838
-774, -5084, 1380
452, -5358, -350
1980, -5608, -2394
2114, -6142, -2240
2766, -6188, -4014
3256, -6530, -5760
2980, -7014, -6256
3030, -7096, -8504
2186, -6836, -8642
1778, -7114, -6758
2146, -6108, -6016
1782, -6262, -4862
1012, -5890, -3144
1374, -4632, -2138
1682, -3562, -192
1238, -3026, 1136
-936, -2774, 4362
-378, -1554, 4970
-818, -88, 6058
-990, 1172, 7240
338, 1530, 6952
-54, 3314, 9148
-464, 4476, 7658
-1644, 5948, 8678
-2138, 6230, 6792
-3692, 7852, 8420
-3254, 7840, 7424
-2046, 9934, 5580
-1590, 9790, 5458
-1118, 10716, 4906
-1490, 10662, 5640
-1646, 10456, 6272
-2220, 9806, 6554
-872, 8824, 4100
-750, 8268, 3338
-1122, 7782, 3252
-1676, 7936, 3420
-1642, 7784, 3446
*NOTE-2017.03.28@15:09:48 - 1
-1576, 8240, 3438
-1434, 9476, 3402
-1714, 9008, 4078
-1600, 9000, 4482
-1372, 9972, 5642
-914, 10922, 6222
-700, 11060, 6656
-462, 10520, 7108
-94, 9948, 7580
174, 9008, 6832
84, 7484, 6580
-332, 5294, 7146
54, 4792, 6486
918, 3184, 6336
520, 1534, 6588
520, 290, 6072
884, -702, 5028
422, -2106, 4122
-234, -3190, 3634
-228, -4720, 1516
114, -5056, 1280
908, -5594, 10
2156, -5528, -1150
2594, -5824, -2462
2514, -6696, -3256
2278, -6528, -4760
2406, -6546, -5868
2340, -7090, -6918
2264, -7268, -8006
2076, -7450, -7172
2158, -6886, -6714
1794, -6780, -5262
1264, -6538, -4250
682, -5614, -2124
1348, -4330, -1634
1156, -3506, -628
-262, -3068, 2256
-298, -2484, 3790
910, -1050, 4602
808, -264, 6676
476, 560, 5824
-672, 1764, 8286
-1090, 2340, 8564
-1356, 3606, 7950
-1048, 5898, 6968
-1972, 6400, 9210
-2568, 7326, 8360
-2166, 8608, 6414
-2094, 9532, 6216
-1570, 10612, 5292
-1642, 10534, 4798
-1684, 11068, 5522
-908, 10532, 5568
-820, 9838, 5532
-830, 8872, 4170
-896, 8390, 3406
-1350, 7988, 2558
-1598, 7690, 2638
-1604, 7830, 3114
*NOTE-2017.03.28@15:09:51 - 1
-1258, 8470, 3902
-994, 8268, 3728
-1046, 9638, 4312
-746, 10022, 5112
-844, 10296, 5194
-782, 10800, 5510
-898, 11160, 6884
-424, 11032, 6906
-492, 10192, 6786
-722, 9282, 7542
762, 8004, 5672
-172, 6294, 6670
-1302, 4746, 6728
398, 3800, 6186
258, 2098, 6492
306, 218, 6558
680, -736, 5330
606, -1518, 4636
-28, -3224, 4410
-348, -3710, 3668
-160, -5096, 2036
540, -5470, 1376
1980, -5784, -238
2466, -5960, -1430
2172, -6270, -2138
1684, -6590, -3380
1690, -6556, -5260
1122, -7062, -6754
1890, -7096, -8264
1806, -6854, -7442
2610, -7064, -7570
1756, -6638, -6200
1400, -6648, -5004
928, -5640, -3616
1498, -5174, -1918
1832, -4728, -442
1416, -3958, 420
344, -2838, 1718
-114, -1898, 3754
692, -1262, 5632
1792, -60, 6096
1176, 678, 7484
968, 1290, 6440
-444, 3592, 8440
-446, 4290, 8084
-812, 4844, 7792
-2042, 6950, 7700
-2840, 6684, 8152
-2964, 8850, 7446
-2354, 8574, 7968
144, 10684, 5752
750, 10508, 2730
-3068, 10038, 5220
-4664, 9982, 7602
-3454, 9350, 5320
-706, 9234, 2584
-890, 8442, 3094
-1578, 7808, 3480
-2154, 7704, 3846
-1684, 7858, 3228
-1324, 8374, 3188
*NOTE-2017.03.28@15:09:54 - 1
-1290, 8430, 3556
-1526, 8586, 3754
-1272, 9374, 3906
-1038, 9994, 4212
-1410, 10512, 6040
-1096, 10668, 6076
-978, 11194, 6658
-1018, 10652, 6606
-672, 9846, 6952
-366, 8422, 6706
-638, 6592, 6912
-786, 5268, 7092
-536, 4942, 6594
532, 3146, 6408
406, 1488, 6556
640, 720, 5954
494, -634, 5294
900, -1878, 3578
-494, -3276, 4008
-48, -4260, 1764
562, -4518, 824
974, -5220, 50
2296, -5740, -1542
1918, -6274, -2978
1618, -6468, -3468
1760, -6676, -4294
2820, -7074, -6204
2254, -6870, -6936
2088, -7242, -8078
2084, -7454, -7652
2472, -6688, -6712
1872, -6510, -5526
930, -6212, -3958
246, -6054, -1938
1226, -5386, -1138
2334, -4112, -1174
1522, -3736, -70
-336, -3044, 3638
446, -1980, 3902
-464, -862, 5324
-74, 382, 6036
-638, 1572, 7544
-678, 1584, 7962
-670, 3402, 7234
-2916, 5012, 8440
-4032, 4956, 7688
-4058, 6296, 8836
-2572, 7786, 5132
-3966, 8590, 7854
-2224, 8828, 5334
-1486, 10374, 5154
-898, 10158, 3690
-2362, 11066, 5456
-3184, 9902, 6486
-950, 9792, 4700
264, 8914, 3414
-858, 8184, 3672
-1400, 7820, 3324
-990, 8034, 2848
*NOTE-2017.03.28@15:09:57 - 1
-956, 8136, 3256
-1332, 8446, 3440
-1916, 8532, 4148
-1550, 9342, 4510
-780, 10452, 5054
-400, 10706, 5252
-892, 11034, 6612
-762, 11418, 7140
-530, 10806, 6506
-606, 9748, 6908
-584, 8176, 7396
-420, 6578, 6408
-436, 5178, 6510
222, 4338, 6186
570, 2698, 6028
-18, 1444, 6742
712, -54, 5440
-6, -1174, 5334
-92, -2328, 4784
-278, -3218, 4294
-194, -3604, 2576
102, -4858, 1590
1124, -5588, -52
2344, -5810, -558
2662, -6092, -1918
2054, -6346, -2782
1332, -6594, -3492
2092, -6708, -5332
1876, -6866, -6674
1678, -7090, -8138
1740, -7158, -8360
2026, -6878, -7332
1696, -6364, -5788
1770, -6232, -4930
1590, -6088, -3668
1652, -5186, -2026
2494, -4620, -2548
250, -3322, 1070
46, -2776, 2462
-204, -1954, 3848
480, -1256, 4440
-146, -76, 5760
-924, 404, 7906
-420, 2006, 7156
-1314, 2906, 8248
80, 3638, 5970
-3536, 5302, 8820
-3396, 7038, 7686
-4934, 6790, 7922
-5390, 7908, 7910
-4012, 8238, 6750
-3248, 9486, 5608
-1424, 10106, 4430
-2126, 10178, 5384
-3744, 9490, 6938
-2824, 8900, 5776
-1006, 8744, 3284
-1636, 7902, 3034
-1314, 7746, 2950
-1970, 7784, 3280
-1542, 8110, 3320
*NOTE-2017.03.28@15:10:00 - 1
-1470, 8082, 3202
-1812, 8464, 3574
-1614, 8616, 4138
-1160, 9596, 4146
-778, 10090, 4908
-820, 9970, 5638
-1544, 10344, 6964
-716, 10988, 7044
-1012, 10488, 7444
-892, 9394, 7440
-544, 8356, 7156
-1038, 6472, 6740
-912, 5296, 7182
744, 3090, 6438
482, 2218, 6412
130, 934, 6566
412, -546, 5724
-12, -1206, 5710
-136, -2424, 4172
-846, -3758, 3748
-132, -4528, 1482
152, -5138, 1640
1190, -5622, -82
1806, -5918, -1026
2216, -6624, -3060
1710, -6344, -2948
1850, -6490, -3672
1660, -7080, -5380
2270, -6940, -6836
2868, -7430, -7810
2910, -7206, -7302
2398, -6662, -6106
2020, -6576, -5268
1402, -6226, -4238
850, -4948, -2650
1748, -3576, -2320
1982, -3480, -1380
-1026, -1788, 1628
-1710, -1334, 4626
-770, -740, 4276
-1038, 1458, 7864
-1022, 1730, 6700
-2810, 2000, 6704
-4830, 5254, 6910
-4888, 5556, 7674
-4554, 6488, 7678
-5136, 7996, 9056
-2616, 8114, 6284
-3012, 10522, 6198
-2414, 10702, 5072
-2566, 10660, 4840
-2504, 10768, 5868
-646, 10400, 5244
-306, 10144, 4734
-880, 9024, 4362
-200, 8382, 2896
-824, 8310, 2484
-1886, 7770, 2396
-820, 7822, 1842
*NOTE-2017.03.28@15:10:03 - 1
-556, 7712, 2942
-446, 8742, 4200
-674, 8736, 4118
-670, 9890, 4458
-812, 10556, 4972
-700, 11070, 5316
-1118, 11074, 5544
-644, 11136, 5926
2, 10904, 6206
336, 9916, 6410
-102, 8544, 6526
578, 7070, 6486
1116, 5564, 6072
1040, 5156, 7040
554, 3826, 6392
-558, 2350, 7452
30, 566, 6096
-226, -566, 5952
176, -1352, 4770
300, -2880, 4128
500, -3714, 1920
720, -4788, 128
346, -5510, -106
1380, -5684, -2092
1072, -6186, -1510
1316, -6290, -2184
1408, -6602, -3472
2402, -7118, -6310
1700, -6796, -7374
1258, -7110, -8998
1198, -6978, -7864
1942, -7104, -7756
1496, -6480, -5592
1514, -6530, -5296
688, -5690, -3724
1188, -5400, -2804
1864, -4450, -1378
2004, -3628, -948
-78, -2422, 3600
-84, -2818, 5328
1416, -1696, 4906
2842, 316, 4556
1330, 1022, 7798
1076, 1440, 5792
-554, 3246, 7468
-2428, 3838, 9124
-1796, 5948, 8888
-2342, 7100, 8296
-1076, 7336, 7450
-1950, 8698, 7332
-1796, 9734, 6300
-280, 10718, 4442
-1676, 10574, 5122
-1324, 10330, 5304
-1246, 10172, 6426
-244, 9552, 5120
8, 8816, 3276
-182, 8162, 2316
-1100, 8162, 3368
*NOTE-2017.03.28@15:10:06 - 1
-312, 8278, 2154
-694, 8176, 2966
-458, 8394, 2974
-834, 8340, 3534
-854, 8500, 4100
-708, 9480, 4502
-204, 10414, 5222
240, 10754, 5366
-600, 10830, 6622
-108, 11446, 6462
-62, 11122, 6814
-38, 9826, 6286
-372, 8178, 6686
-1006, 6216, 7266
-374, 5510, 7314
972, 4180, 5418
268, 2514, 7358
540, 1498, 6762
1034, -8, 4774
408, -1326, 4822
268, -2572, 5000
364, -3290, 3916
212, -4298, 1746
856, -4842, -164
1408, -5668, -270
1636, -5592, 174
1994, -6202, -2104
1436, -6194, -2088
1332, -6612, -3780
2406, -6540, -6460
2462, -7016, -7088
2614, -6998, -8106
2510, -7110, -7962
2830, -6670, -7378
2128, -6642, -5908
1270, -5954, -4648
1410, -6060, -4056
1306, -4726, -2240
2092, -3772, -1826
1356, -3316, 946
246, -2390, 2142
-246, -518, 3656
-116, 158, 4830
-312, 978, 5786
-1314, 3018, 7760
-1728, 3768, 8526
-1768, 4656, 7884
-2798, 5916, 10116
-2882, 7360, 7304
-3514, 8174, 9116
-2666, 9064, 5888
-3076, 9526, 7372
-396, 10004, 4254
-956, 10206, 4272
-1704, 10284, 5042
-1922, 9920, 4986
-1438, 9662, 4734
26, 8902, 2934
-602, 8730, 3024
-1528, 8184, 3022
-1864, 8042, 3160
*NOTE-2017.03.28@15:10:09 - 1
-1656, 8018, 3102
-1484, 8114, 3510
-1356, 8574, 3556
-1802, 8508, 4510
-1348, 9632, 3870
-1442, 10676, 4836
-934, 10358, 5088
-544, 10728, 5750
-874, 11372, 7160
-922, 10764, 7438
-864, 10428, 7064
-258, 9214, 7060
340, 7240, 5732
92, 5358, 5964
1080, 4608, 4770
-40, 2362, 6466
112, 1330, 6130
486, -420, 5086
-230, -1380, 5450
-408, -3044, 4506
-78, -4008, 4144
282, -4810, 2734
290, -4946, 2190
824, -5706, 838
822, -5702, 278
1220, -6136, -1094
1576, -6224, -2844
1322, -6512, -3980
2048, -6822, -4332
2292, -6994, -5662
2756, -7354, -7642
1986, -6830, -7110
2664, -6944, -7122
2466, -6666, -6322
1742, -6758, -5254
930, -6218, -4390
870, -5674, -3370
1068, -4864, -2750
480, -3788, -220
-442, -3772, 3460
1870, -2986, 1894
1428, -1950, 4020
564, -882, 6012
862, -390, 6334
226, 1484, 7560
370, 1934, 6976
-2250, 2932, 9380
-1244, 4014, 7902
-1842, 5694, 7610
-2276, 6260, 7942
-1592, 7620, 5690
-2924, 8690, 8450
-528, 9202, 4572
-1724, 10280, 5646
-1088, 10556, 4996
-924, 10550, 5468
-1564, 10308, 5688
-850, 9500, 4412
-812, 8872, 3788
-1092, 8208, 3542
-1508, 8190, 3624
*NOTE-2017.03.28@15:10:12 - 1
-1714, 7788, 3488
-1262, 8346, 3308
-986, 8380, 3288
-1528, 8256, 3828
-1050, 9316, 3654
-800, 10206, 4368
-940, 10030, 5756
-728, 10730, 6266
-742, 11262, 6752
-484, 10946, 6888
-468, 10678, 6984
-468, 9294, 6900
46, 7928, 6554
-118, 5990, 5940
-162, 4862, 6674
740, 3874, 5618
-130, 2106, 7026
598, 686, 5910
240, -794, 6160
760, -1736, 3584
184, -3070, 3084
100, -4018, 1552
156, -4676, 1018
770, -5074, -294
1436, -5868, -2694
1386, -5854, -2414
1600, -6426, -4000
1506, -6924, -5194
1746, -6370, -6590
2002, -7184, -8318
1876, -7240, -8134
2404, -6986, -7424
2002, -6982, -6038
1948, -6458, -5126
1570, -6402, -4244
678, -5540, -2360
1284, -5048, -2738
46, -3906, 184
352, -3480, -202
594, -2668, 1508
1144, -616, 3218
1964, 1404, 4618
2904, 2336, 4594
626, 5100, 6732
-938, 5450, 7566
-3826, 7092, 9764
-2934, 8616, 8950
-3372, 8762, 10206
-2588, 9108, 7278
-2810, 9906, 7162
-1010, 9850, 4398
-772, 10150, 3340
-2762, 10546, 5924
-2616, 10096, 6210
-778, 9604, 4826
426, 9214, 3162
-476, 8496, 2482
-1574, 7850, 2340
-2306, 7896, 2440
*NOTE-2017.03.28@15:10:15 - 1
-1572, 7736, 1732
-1846, 8174, 2554
-1468, 8244, 3708
-1630, 8488, 4092
-1616, 9804, 4686
-1026, 10360, 3760
-1646, 10526, 4628
-1976, 10890, 5480
-1516, 11016, 5632
-690, 10742, 5666
-1000, 10322, 6786
-980, 9056, 6180
-108, 7928, 6676
-1684, 6926, 8148
966, 5982, 5880
-838, 2956, 7074
96, 2166, 6688
-574, 210, 7232
-150, -592, 6530
-220, -1364, 5570
-214, -2438, 3804
-456, -3654, 3680
406, -4074, 2090
538, -4648, 896
124, -5986, -114
530, -6286, -134
1782, -6356, -2824
1592, -6214, -3330
1726, -6866, -4612
1504, -7090, -4122
3458, -6948, -6476
4136, -6572, -7618
4110, -6670, -7806
3536, -6594, -7124
2772, -6584, -6138
1910, -6328, -4546
1744, -5664, -3770
1506, -5154, -1434
916, -5230, 492
808, -5346, 1090
572, -4012, 1386
-1028, -3700, 4168
-484, -3182, 4128
-940, -2296, 5390
-994, -1904, 5970
-394, 598, 4342
-3344, -198, 9966
-1724, 1636, 7626
-1896, 2738, 8254
-912, 3390, 6892
-2258, 5684, 7044
-2650, 6686, 7542
-2234, 7906, 6952
-2218, 9434, 6624
-1650, 9956, 4796
-2762, 10576, 5478
-2496, 10626, 6394
-1748, 9856, 6812
-986, 9702, 5744
-1006, 9118, 6282
20, 8236, 5046
*NOTE-2017.03.28@15:10:18 - 1
-538, 8624, 4960
-458, 8530, 3770
728, 8920, 2904
958, 7974, 1910
1122, 8216, 2350
-234, 8064, 2700
-62, 7422, 84
-3760, 6878, 698
-7374, 6558, 1874
-5828, 5338, 2568
-3660, 6504, 210
-6126, 4250, 5572
-5826, 3326, 2698
-2442, 3394, -1942
-448, 4784, -682
-152, 6658, 5136
1030, 7680, 4482
1834, 8452, 5918
1470, 2696, 662
-950, 1068, 12336
2778, 4402, 6036
872, 7348, 9342
1178, 4818, 6182
2462, 3434, 6336
-708, 5746, 8744
2634, 2022, 6670
1640, 3038, 6948
2370, 3334, 5888
1548, 3510, 7380
728, 3990, 7574
132, 2538, 8608
240, 2354, 7534
674, 1292, 7986
1252, 1656, 7570
806, 1154, 7828
850, 1094, 8344
1318, 1228, 7974
1654, 1274, 7738
1166, 1420, 7406
190, 1144, 8066
968, 1208, 7440
1224, 1656, 7052
568, 1618, 7240
2078, 1828, 7656
-914, 4090, 9842
864, 2738, 5688
-950, 1856, 5616
-956, 3234, 9094
1014, 2916, 7580
-1366, 2200, 6646
-1312, 1130, 7290
-1016, 2350, 8538
-1122, 2362, 7488
-166, 2196, 7508
-182, 1628, 7728
232, 1092, 5734
-666, 2056, 7906
212, 2558, 8064
-274, 1594, 7082
-362, 2210, 7400
-644, 1746, 9432
-1366, 2946, 10184
506, 3808, 10954
-212, -1458, 5730
-7340, -5624, 176
-12722, -2326, 10630
-3700, -4122, 1494
-2676, -920, 6076
-2522, -956, 5366
-1388, 1784, 5514
-3986, 5844, 9332
-806, 5372, 5906
2380, 4286, 4698
1918, 1364, 6616
1090, 736, 7288
-208, 872, 4466
-5546, 1322, 6978
*NOTE-2017.03.28@15:10:22 - 1
-7258, 616, 6606
-6490, 712, 5138
-8456, 1836, 7548
-7716, 1344, 3700
-4646, -986, 3434
-8312, -1506, 3618
-6740, -1660, 2810
-7736, -1916, 4932
-7180, -534, 1742
-8984, -1070, 334
-7932, -556, 218
-7936, -1544, -1934
-7750, -1098, -40
-7536, -1212, -762
-8130, -848, -702
-7214, -846, -576
-7748, -2170, -604
-6130, -3894, -4974
-7912, -1588, -50
-8584, -1306, -1160
-8714, -1130, -860
-7782, -1468, -1660
-8248, -1408, -248
-8202, -1760, -1862
-8462, -1890, -1516
-7620, -1700, -1976
-7970, -1632, -1198
-7488, -1772, -1534
-7400, -1838, -1484
-7806, -1764, -966
-7570, -1888, -1318
-7808, -974, -1890
-8110, -1602, -978
-7494, -2062, -1726
-7576, -1954, -1812
-7560, -2028, -1210
-7624, -1924, -1482
-7714, -1924, -1556
-7942, -2196, -1668
-7702, -2324, -2228
-7460, -2026, -2244
-7366, -2238, -2208
-7636, -2232, -2402
-7706, -2310, -2130
-7626, -2148, -2034
-7330, -2172, -1966
-7700, -2298, -1750
-7474, -2240, -1916
-7264, -2432, -2262
-7686, -2252, -1374
-8098, -2122, -938
-7706, -1996, -414
-7782, -2046, 104
-7846, -2170, 308
-7598, -2110, 970
-5560, -1968, 156
-7812, -2068, 2244
-7490, -1944, 1276
-7828, -1988, 830
-7618, -2276, -56
-6890, -2260, -1404
-7364, -2188, -1736
-7424, -2216, -3960
-8650, -2278, -2548
-8280, -1978, -2276
-7108, -1948, -3382
-7480, -2120, -3154
-8218, -2268, -2652
-9106, -2266, -2020
-11556, -1312, 2148
-8412, -1868, -96
-6358, -766, 2570
-7308, -2618, 4726
-7202, -3018, 5620
-2354, -2582, 4770
-1842, -2970, 6262
-1384, -2882, 6706
-806, -2540, 6916
112, -2342, 7732
-86, -2088, 7482
554, -2222, 7208
-726, -2194, 8294
-702, -2188, 7760
-824, -2264, 7436
-1046, -2268, 7688
-642, -2296, 7212
-766, -2180, 7680
-650, -1944, 7548
-936, -2090, 7136
-2136, -2206, 8828
-1534, -2212, 7970
-718, -1958, 6816
-980, -2404, 6942
-814, -2548, 6866
-1502, -2444, 7620
-1986, -2280, 7866
-1988, -2444, 7650
-1992, -2364, 7336
-1700, -2404, 7444
-1220, -2276, 7260
-954, -2048, 7272
-248, -1860, 7672
322, -1840, 7302
428, -1460, 7624
742, -1484, 7802
972, -1190, 7394
-484, -1456, 8528
-506, -2112, 7612
-1156, -2390, 7092
-1782, -2588, 6842
-1312, -2500, 7152
-1072, -2424, 7386
-846, -2076, 7402
-764, -2082, 7216
-1238, -1938, 7898
-1330, -2032, 7598
-1550, -1764, 7760
-930, -1680, 7478
-754, -1750, 7246
-42, -1898, 6990
-1180, -1560, 7976
-1728, -1602, 8796
-1630, -2040, 7122
-1188, -2324, 6256
-1426, -2914, 5996
-2850, -2692, 7658
-2134, -2682, 7340
-1452, -2070, 7418
-736, -1720, 7514
-224, -1776, 7616
-472, -1722, 7728
-642, -1654, 7838
-558, -1800, 7658
-608, -1710, 7726
-720, -1658, 7898
-680, -1800, 7544
-886, -1882, 7578
-766, -1870, 7448
-732, -1822, 7578
-568, -1688, 7568
-670, -1704, 7624
-600, -1644, 7758
-764, -1608, 7846
-574, -1470, 7652
-362, -1370, 7756
-676, -1312, 7744
-348, -1520, 7620
-1118, -1558, 7174
-888, -1682, 8176
-712, -1342, 7628
-310, -526, 8308
364, -104, 8372
150, -700, 8888
-410, -1516, 8092
-598, -1808, 7348
-626, -2036, 6704
-1084, -2230, 6788
-1274, -2498, 7246
-1006, -2420, 7186
-830, -1948, 7292
-580, -1958, 7646
-1048, -1722, 7868
-674, -1954, 7790
-1272, -2052, 7740
-1162, -1990, 7332
-960, -2020, 7388
-1332, -1972, 7740
-1028, -2086, 7568
-1214, -2026, 7818
-1218, -2028, 7310
-1572, -2064, 7454
-1648, -2046, 7482
-1344, -2144, 7426
-1438, -2064, 7478
-1258, -2050, 7296
-1112, -1974, 8372
-514, -1416, 6826
-1462, -1258, 8158
-1578, -2056, 7850
-1482, -2350, 7312
-1158, -2354, 6532
-1182, -2120, 7316
-1516, -2054, 7880
-1402, -1908, 7640
-1320, -1826, 7378
-1456, -2016, 7494
-1304, -2102, 7364
-1598, -1932, 7600
-1704, -2088, 7398
-1680, -2082, 7364
-1650, -2080, 7198
-1462, -2002, 7402
-972, -1404, 8254
104, -1444, 7568
-1034, -1662, 7724
-1918, -1982, 7438
-1592, -1468, 7634
-792, -1292, 7646
-386, -1070, 7838
-240, -1252, 7876
-496, -1234, 7378
-728, -758, 7888
-1088, -764, 8176
-1070, -826, 8168
-730, -422, 8252
-772, -1024, 7798
-1018, -1634, 7418
-1478, -1822, 7470
-1466, -1824, 7108
-1474, -1812, 7536
-874, -1716, 7428
-730, -1578, 7624
-532, -1474, 7710
-478, -1504, 7578
-528, -1358, 7812
-414, -1526, 7638
-496, -1386, 7876
-614, -1486, 7682
-540, -1416, 7650
-622, -1408, 7590
-548, -1466, 7638
-6, -464, 8666
-208, -856, 8396
-318, -1322, 8296
-486, -1632, 7544
-660, -1856, 7396
-570, -2052, 7170
-528, -1820, 7520
-520, -1330, 7966
138, -1284, 7478
200, -734, 7774
582, -736, 7686
254, -1216, 7352
-464, -1234, 8160
-290, -1256, 7922
218, -1068, 7892
988, -224, 7770
-1184, 30, 9826
250, -1422, 8894
538, -2730, 6598
-1510, -2804, 6984
-568, -1604, 6854
1716, 132, 7724
2376, 116, 6314
1958, 74, 8268
-540, -2274, 8330
-2168, -3206, 6972
-1818, -2844, 6184
-2070, -2764, 5568
-4564, -1900, 8056
-2876, -1682, 5876
-4230, -1004, 7444
-3658, -1568, 6212
-3050, -1346, 7090
-2720, -1332, 6966
-3970, -1824, 6726
-4752, -1576, 6186
-5066, -2028, 5798
-5350, -1886, 5934
-5180, -2134, 4288
-6300, -2142, 4954
-6292, -2018, 4664
-6110, -1840, 4952
-5942, -2010, 4924
-5618, -1978, 4656
-5592, -1954, 4912
-5520, -1956, 5192
-5824, -2164, 5050
-5994, -2558, 5172
-6058, -2760, 5070
-5118, -2106, 5984
-5114, -2706, 4942
-5812, -2532, 4988
-5758, -2118, 6098
-4082, -1680, 5970
-3604, -1238, 6468
-4356, -586, 8246
-4282, -578, 7304
-4946, -992, 6204
-2912, -740, 7092
-4056, -1096, 7234
-3210, -714, 6748
-3258, 670, 5432
-5608, 914, 6794
-4288, 1796, 5588
-5176, 1754, 7118
-4378, 2756, 5524
-4734, 2948, 6764
-3672, 2020, 4696
-3738, 1712, 5914
-4768, 2226, 6784
-3194, 1552, 5108
-4826, 1814, 6644
-5718, 2226, 6364
-5304, 1416, 6118
-5044, 1768, 6060
-3868, 1558, 5570
-4316, 1900, 5810
-4970, 1566, 5976
*NOTE-2017.03.28@15:10:37 - 1
-5322, 1908, 6446
-5636, 1934, 6758
-5944, 2076, 6202
-4760, 2120, 5500
-5856, 2056, 6198
-4884, 2060, 6368
-4208, 2552, 4558
-2716, 2946, 5554
-2382, 1390, 5450
-1746, 1252, 6926
-2028, 682, 7102
-1494, 930, 7206
-624, -182, 6052
-8240, 1242, 16210
990, -2160, 4896
-304, 760, 12660
-3554, 4118, 12046
1520, 4844, 8514
692, 1614, 6726
56, 758, 8992
3374, 182, 7702
1112, 1068, 8024
2844, 1950, 6830
2126, 1958, 5262
1892, 2342, 6650
1596, 1816, 7710
2220, 2476, 7514
1266, 1700, 7284
1960, 2360, 7602
1690, 1326, 7490
1850, 1724, 7848
1060, 1052, 7588
1474, 1472, 8094
1332, 612, 7090
2556, 902, 6726
1222, -162, 8102
2286, 256, 7350
1880, 674, 8300
276, 586, 8222
6, 1314, 8030
220, 2482, 7174
-3252, 2626, 9338
-234, 4856, 3750
-4766, 6090, 8012
-2504, 5220, 6076
-2514, 5144, 4528
-2658, 5306, 4768
-3310, 4774, 5538
-2788, 4660, 4404
-1638, 4458, 1386
-3432, 6002, 5246
-638, 8306, 2174
-1246, 8386, 3604
-1776, 8284, 2930
-1220, 7908, 3728
1574, 8070, 2216
1620, 7230, 1512
1482, 7088, 1344
880, 7766, 1750
1752, 7910, 1270
2448, 8050, 1248
3180, 6858, -50
2158, 6486, 356
50, 8600, 2700
48, 9692, 534
376, 6856, 1400
1036, 7588, 1230
166, 8360, 1198
44, 8290, 1024
88, 8028, 744
-470, 7892, 1238
-646, 7896, 1034
-1570, 7474, 1992
-134, 8084, 510
224, 7858, 362
10, 7996, 944
*NOTE-2017.03.28@15:10:40 - 1
-258, 8276, 1316
-204, 8110, 904
-4, 8088, 836
-354, 8120, 1062
-202, 8124, 1666
-62, 7940, 2752
-688, 7986, 4494
150, 8890, 4920
238, 9428, 5840
466, 9960, 6420
720, 10818, 6302
558, 11160, 6438
536, 10806, 6522
538, 10084, 6306
250, 9000, 6926
306, 7234, 6404
102, 6130, 6480
-524, 5280, 7546
294, 3728, 7136
960, 2834, 7012
656, 1354, 6750
762, 52, 6780
1140, -920, 5538
766, -1748, 4728
868, -2672, 2780
828, -3684, 1472
932, -4450, 42
924, -5210, -1620
702, -5760, -2520
1072, -6056, -4124
918, -6426, -5248
1412, -6630, -6592
2472, -6746, -9192
2132, -7226, -9332
1896, -6448, -8262
1672, -6656, -5874
2016, -6728, -5188
1168, -6480, -3370
652, -6152, -1688
726, -6368, -1184
1216, -5454, -484
1144, -4984, 870
1298, -4174, 1344
1658, -4128, 3380
1500, -2826, 4916
1936, -2896, 4178
2016, -1470, 5824
1454, 62, 7128
500, 616, 7016
872, 2064, 5016
-26, 3886, 7940
204, 4786, 7552
-728, 5302, 8670
-1166, 6816, 8320
-1420, 7592, 9014
-1588, 7722, 7344
-1852, 8840, 7200
-652, 9394, 5046
-610, 9938, 4896
-846, 9726, 4808
-1004, 9266, 4942
-856, 9370, 4620
-574, 8946, 2540
-78, 8550, 1832
-1634, 8232, 2424
-1320, 7962, 2450
*NOTE-2017.03.28@15:10:44 - 1
-1782, 7184, 2106
-952, 8052, 2650
-1238, 8428, 3724
-1274, 6714, 3144
-1236, 9128, 3208
-1528, 9918, 4124
-858, 10378, 4368
-8, 10756, 4556
-216, 11196, 5760
-486, 11620, 6548
98, 10810, 6470
188, 10220, 6510
-768, 8060, 8736
554, 8284, 6558
1236, 6014, 5500
350, 4698, 6122
988, 3470, 6052
642, 1072, 6932
1718, 810, 5992
2724, -190, 4928
972, -1648, 4930
1030, -3112, 2854
264, -3674, 3498
582, -4198, 1158
1846, -4282, -490
270, -5054, -602
-66, -6080, -2986
826, -6426, -5434
760, -6310, -6268
532, -6636, -6896
1048, -6824, -7740
1334, -6664, -8864
1184, -7122, -7840
1060, -6694, -7138
418, -6694, -5632
476, -6374, -4262
482, -5970, -3042
648, -5848, -1608
1026, -5048, -170
1564, -4718, 84
672, -3964, 2264
1072, -3322, 3718
1710, -1422, 3610
1488, -1432, 5516
524, -458, 7370
1364, 1440, 5352
366, 2082, 8056
380, 2778, 8152
-192, 4058, 7684
-1390, 6002, 8362
-1834, 6780, 8062
-2454, 7298, 9222
-2498, 7052, 8282
-2508, 8570, 6230
-2638, 8814, 6322
-1114, 9178, 4070
-2132, 9576, 4380
-2440, 9366, 4274
-1972, 9246, 3980
-604, 9138, 2892
112, 9062, 2088
*NOTE-2017.03.28@15:10:47 - 1
-618, 8524, 2702
-702, 7698, 2432
-688, 8498, 2412
-520, 8256, 1634
-1286, 8270, 3378
-1142, 8688, 3076
-2248, 8676, 3802
-1614, 10038, 3622
-578, 10454, 4038
-174, 10640, 4892
-896, 11622, 6316
-210, 11954, 6830
98, 11544, 6628
-26, 10816, 6888
648, 10772, 6618
-338, 7938, 6624
-1076, 6228, 7120
6, 4670, 6622
1102, 3022, 5860
560, 1064, 6168
1162, 114, 5242
1684, -896, 3414
734, -2650, 3282
1212, -3730, 1456
736, -4612, 1044
786, -5226, -294
936, -5450, -1268
1432, -5874, -3186
1532, -6592, -3544
1756, -6588, -5262
1796, -6744, -6248
2428, -7014, -7852
2362, -7048, -8698
1960, -6904, -7880
2100, -6944, -7092
1278, -6644, -5544
928, -6566, -4878
454, -6102, -3048
1040, -5388, -2316
1886, -4840, -1702
660, -3558, 668
562, -2974, 1814
764, -1594, 4060
426, -1520, 5270
1256, 770, 4090
408, 2206, 7754
206, 1982, 7740
106, 4040, 7810
-970, 4890, 9952
-284, 6706, 7066
-2878, 7352, 10890
-1820, 8356, 5932
-2450, 9034, 6886
-1990, 9054, 4464
-2970, 9866, 5344
-1882, 10892, 4642
-1188, 10490, 4176
-2098, 10086, 5280
-1334, 9466, 4604
570, 8754, 2588
-836, 8664, 2882
*NOTE-2017.03.28@15:10:50 - 1
-1396, 8318, 2814
-1046, 7804, 2170
-948, 8196, 2452
-1344, 8508, 3898
-1356, 8602, 3438
-1680, 9230, 4442
-878, 10000, 4206
-136, 11032, 5268
-318, 11478, 5828
108, 12082, 6392
-162, 12100, 6890
146, 10970, 6566
970, 9526, 5546
374, 8952, 6384
1306, 6564, 5840
678, 4866, 6252
848, 3040, 6412
916, 1858, 5918
642, 472, 6030
286, -806, 5654
434, -1954, 4544
882, -3136, 3478
956, -4064, 2148
768, -4942, 1758
1204, -5200, -138
1478, -5612, -1930
1404, -5864, -2476
1884, -6538, -4138
2100, -6734, -5242
2400, -7176, -5766
2732, -6976, -7380
2308, -6904, -8018
2444, -7064, -7644
2030, -6560, -6382
1234, -6508, -4710
1302, -6738, -4402
862, -5714, -2758
864, -5318, -1152
1296, -4618, -202
1204, -3788, 1756
1812, -3640, 3000
1318, -2578, 4766
1240, -1364, 5260
818, -920, 5766
-260, -402, 7312
-172, 1028, 8520
180, 1630, 7084
-802, 2822, 7766
-658, 3294, 7390
-1698, 5114, 7844
-2784, 6406, 8742
-2480, 7650, 5862
-3552, 7560, 7548
-3176, 9046, 5648
-3414, 9544, 5362
-2846, 9894, 4994
-2676, 9626, 5188
-2550, 9378, 5158
-2122, 9392, 4898
-676, 8892, 3190
-886, 8362, 2698
-1640, 8098, 3326
-1960, 7944, 3512
-1972, 8156, 3760
*NOTE-2017.03.28@15:10:53 - 1
-1340, 8498, 2904
-1718, 8624, 2900
-1742, 8702, 3848
-1298, 9374, 3710
-834, 9868, 4488
-834, 10174, 6166
-1134, 11004, 7094
-568, 11160, 6832
-692, 10358, 6868
-710, 9536, 7250
-80, 7912, 6050
178, 6336, 6198
-1074, 5268, 7166
64, 3200, 6302
310, 1622, 6420
-48, 476, 7012
108, -710, 6572
466, -1596, 5874
394, -2600, 5570
1266, -2790, 4122
1338, -3806, 2862
952, -4670, 1678
1364, -5000, 56
1660, -5430, -2148
1714, -5954, -3090
1648, -6106, -4190
1914, -6474, -5700
2252, -6492, -6924
3030, -7064, -8916
2780, -6652, -8890
3112, -6578, -7584
2958, -6426, -6288
1930, -5776, -4888
1446, -5552, -4396
1318, -5062, -3298
1262, -3620, -98
196, -2568, 2186
154, -2396, 3772
-112, -1800, 4362
-758, -448, 6164
-1926, 784, 8026
-1054, 2130, 6902
-870, 4192, 8272
-1162, 4918, 7602
-1522, 6452, 9384
-1180, 7188, 7992
-1952, 8018, 7188
-2006, 9378, 7356
-2318, 10374, 5060
-2962, 11142, 5294
-2814, 10758, 4760
-2274, 10656, 4876
-1878, 10358, 4460
-1090, 9874, 4026
-440, 8172, 3514
-1438, 8666, 3760
*NOTE-2017.03.28@15:10:56 - 1
-2534, 8084, 4924
-1722, 8272, 4690
-1442, 8608, 4076
-2054, 9066, 4328
-1678, 10448, 3844
-1560, 10670, 4832
-1794, 11006, 5654
-1484, 12006, 5994
-1134, 12200, 6482
-882, 11834, 6654
-466, 11098, 6584
978, 10970, 6072
50, 7946, 6080
-268, 6026, 6596
732, 3530, 6114
1308, 2392, 6678
1556, 872, 6250
928, -264, 5676
-120, -1760, 5040
812, -2532, 2972
850, -3692, 1514
434, -4356, 1978
1178, -5382, -374
1640, -5496, -1536
2018, -5944, -3470
1722, -6102, -3814
2314, -6618, -4340
2678, -7098, -6316
3046, -6578, -7892
3036, -6684, -8844
2904, -6532, -8176
2922, -6346, -7128
2374, -6030, -5676
2112, -5882, -5200
1062, -5530, -3494
1024, -4816, -2588
1068, -3258, -940
408, -2338, 880
144, -1746, 3138
1468, -978, 4194
1182, 412, 5718
-218, 1330, 7812
-76, 1684, 8460
-928, 3532, 8950
-888, 4284, 7540
-1842, 5646, 8510
-2706, 5998, 8990
-682, 8472, 7296
-1562, 8552, 6814
-2284, 10012, 7080
-1034, 10538, 4466
-2926, 10190, 4708
-3502, 10200, 5782
-2320, 9584, 4856
-1360, 9624, 4338
136, 8966, 2466
-528, 8618, 2858
-744, 8274, 3020
-964, 8048, 3138
*NOTE-2017.03.28@15:10:59 - 1
-1234, 7840, 3622
-1134, 8350, 3908
-1548, 8744, 3918
-1270, 9954, 4094
-942, 10738, 5150
-820, 11136, 5728
-1322, 11574, 6204
-686, 12170, 6302
-726, 12234, 7436
182, 11084, 6790
1368, 9880, 6684
484, 7844, 6722
-546, 6346, 6718
410, 4538, 6246
748, 2992, 6276
562, 1518, 6292
1182, -84, 4488
258, -1614, 3746
-362, -2846, 3668
118, -3110, 1596
1212, -4440, -1274
34, -5830, -2534
886, -5752, -2500
2278, -5990, -5598
1564, -6422, -5456
2280, -7292, -7068
1682, -7270, -6914
1918, -6764, -8056
2126, -7028, -6872
2198, -6960, -6298
1006, -6768, -4798
348, -6480, -4226
-134, -6026, -3292
328, -4712, -2182
1014, -3942, -1016
714, -3390, 736
660, -2436, 2884
1180, -2126, 3502
1508, 0, 4492
1770, 660, 7736
2562, 2066, 7304
1638, 4134, 6728
-668, 5386, 9006
-1414, 6164, 8106
-1818, 7344, 8694
-3112, 8208, 7244
-2970, 8938, 7728
-2298, 9090, 6360
-1446, 10462, 5414
-1392, 10618, 3552
-3346, 10130, 5162
-3098, 9682, 5006
-1964, 9432, 4272
-786, 8828, 3666
-610, 8476, 3012
-608, 8696, 2940
-792, 8478, 2852
*NOTE-2017.03.28@15:11:02 - 1
-1884, 8036, 3218
-1694, 8244, 3510
-1660, 8378, 3390
-1818, 8724, 4002
-1550, 9886, 4084
-1994, 10154, 5364
-1842, 10850, 6306
-1832, 11734, 7138
-1406, 11500, 6212
-1170, 11034, 6928
-1030, 9684, 8182
-568, 8606, 6700
240, 6882, 5666
-598, 5028, 6008
-198, 3822, 6874
366, 1988, 6720
-106, 640, 6984
626, -366, 6008
658, -1250, 4464
462, -2388, 3560
836, -3504, 1360
204, -4454, 1156
1378, -5024, -1524
842, -5626, -1910
1784, -5710, -2832
2550, -6378, -4572
2692, -6264, -5334
2458, -6740, -7130
2774, -6636, -9116
2724, -6650, -8026
2780, -6568, -7290
2072, -6578, -6030
1450, -6324, -4934
978, -5950, -3906
376, -5156, -2004
1004, -4794, -1120
982, -4034, -16
-4, -2880, 2950
468, -2158, 3316
1020, -900, 4082
384, 112, 6158
38, 1530, 6588
-230, 2482, 6714
-906, 4540, 8004
-928, 5194, 8696
-1122, 6574, 7792
-2138, 8108, 8800
-2718, 7584, 7650
-1954, 8992, 8170
-1014, 9696, 5094
-1670, 10280, 4478
-2408, 10252, 5344
-2278, 10172, 5112
-2328, 10086, 4758
-1420, 9318, 3320
1012, 8660, 1740
-446, 7866, 2522
*NOTE-2017.03.28@15:11:05 - 1
-1320, 8486, 3050
-1290, 8458, 3510
-1484, 8258, 4412
-1150, 8204, 3978
-1498, 9794, 4446
-1968, 10566, 4872
-1088, 11206, 5228
-64, 12170, 5170
-682, 12882, 6116
-414, 13014, 6672
-14, 11742, 5914
-2190, 9494, 6472
-794, 9022, 5926
962, 6522, 5762
1008, 4850, 5398
1012, 3288, 5784
862, 1796, 5480
206, 100, 6662
-58, -758, 6992
476, -1510, 4388
360, -2852, 2702
1458, -3814, 738
1756, -4514, -58
1964, -5024, -1048
2168, -5240, -2928
1286, -5918, -4148
1544, -6500, -6182
2182, -6836, -7316
2448, -6810, -9724
2196, -6424, -9414
2288, -6048, -8010
2322, -6232, -6414
1982, -6014, -5510
988, -5814, -3132
1602, -4610, -1834
2042, -3750, -274
1670, -1970, 1776
1730, -2024, 2526
-26, -1586, 5598
-682, -96, 6944
654, 1394, 6656
268, 1780, 7812
40, 3990, 7124
-1978, 5508, 7434
-2856, 5724, 9604
-2918, 8030, 8368
-4182, 8288, 9670
-2424, 8314, 6934
-948, 9752, 4180
-2600, 10238, 4352
-3114, 10104, 4946
-2304, 10154, 4810
-2722, 10356, 4786
-746, 9322, 3484
58, 8990, 2708
-936, 9318, 3846
-1822, 8624, 5418
-1464, 8424, 5308
-1728, 8900, 5062
*NOTE-2017.03.28@15:11:07 - 1
-1730, 9680, 4268
-1730, 10966, 4174
-1476, 11498, 4334
-1464, 11568, 5218
-1470, 11852, 5518
-1434, 11554, 7384
-756, 12396, 9112
2020, 10600, 5792
136, 9600, 6732
766, 7138, 5292
734, 5716, 5076
584, 3088, 6008
598, 2058, 5420
790, -16, 4734
82, -1292, 4466
-564, -2708, 3492
-722, -4188, 3818
1190, -3912, 2190
1720, -4290, -82
1578, -5098, -1426
1494, -5274, -3842
930, -6006, -4430
812, -6280, -5152
2288, -6322, -6790
3500, -5858, -9490
2826, -6470, -10010
2078, -6594, -8902
2488, -6138, -7642
2128, -5806, -6344
1874, -5544, -5228
1500, -5198, -4632
1416, -4004, -3192
386, -2582, 516
648, -2338, 1508
1972, -1212, 2036
1578, -238, 4534
702, 1058, 6752
306, 1802, 6260
-740, 4112, 8836
-684, 4534, 7184
-2366, 6152, 9672
-2754, 6558, 8806
-2774, 7972, 9798
-2124, 8232, 7896
-2762, 9104, 7344
-2480, 9160, 6446
-1372, 10206, 4186
-1728, 10388, 4032
-2122, 10058, 4852
-1796, 9624, 4650
-1494, 9168, 4070
-676, 8914, 3224
-218, 9130, 190
-1466, 8180, 2778
-1618, 8118, 3304
-1566, 8064, 3372
-1790, 8522, 3516
*NOTE-2017.03.28@15:11:10 - 1
-2264, 8946, 4696
-1152, 9974, 3560
-782, 10526, 4536
-1152, 10874, 6226
-634, 11692, 5956
-730, 11762, 6470
-800, 11150, 6526
-644, 10494, 6696
-32, 8406, 6860
362, 7172, 6028
-898, 6080, 6376
444, 4238, 6128
918, 2146, 6330
648, 888, 5924
674, -716, 5718
864, -1602, 4642
714, -2946, 3536
818, -3900, 1904
280, -4542, 1378
1152, -4870, -174
2068, -5466, -2048
1688, -5828, -3474
1650, -6194, -4364
2998, -6432, -7196
3410, -6648, -7068
4380, -6128, -8868
3312, -6014, -7892
3164, -6208, -6960
2762, -6398, -6088
2086, -5470, -5220
1340, -5542, -4172
1318, -4228, -2600
762, -3848, -458
382, -2700, 1106
816, -2286, 936
-66, -550, 5024
-174, -82, 5794
-2724, 538, 7592
-3218, 1700, 7110
-3202, 4168, 6532
-3600, 3904, 8254
-3006, 6818, 7914
-3172, 7986, 7444
-2920, 8910, 6778
-4254, 9524, 7936
-4076, 11428, 6830
-2762, 11332, 4318
-1284, 12090, 3736
-3306, 10896, 5842
-2458, 10386, 6180
-526, 8954, 5226
-1120, 8534, 5756
*NOTE-2017.03.28@15:11:13 - 1
-1834, 8128, 5112
-2716, 8384, 4924
-2244, 9698, 4814
-2090, 10710, 4946
-2522, 11210, 5496
-1726, 11770, 5280
-1500, 11758, 5604
-1602, 11630, 6508
-1288, 10736, 6992
-1494, 10096, 8230
-522, 8736, 7038
-138, 6046, 6320
-338, 4966, 7504
734, 3112, 5566
638, 1938, 5168
-168, 132, 5130
-252, -1428, 4528
172, -2432, 3968
1312, -3412, 1482
634, -4522, 1568
1024, -4932, 310
1356, -5252, -880
1898, -5724, -3350
2240, -5972, -3698
2922, -6532, -4530
3956, -6812, -5070
4720, -6730, -6570
5116, -6056, -7832
5236, -5516, -8792
4386, -5854, -7174
3686, -5674, -5874
3100, -5742, -5010
1742, -4986, -3800
1534, -3990, -2680
-36, -2724, 1258
1314, -2590, 118
-380, -1340, 4840
-1038, -2074, 7284
-398, 102, 6098
-622, 1448, 5752
-2696, 3066, 7968
-2482, 3204, 7906
-2176, 5538, 7514
-2162, 6404, 6270
-3638, 7624, 9436
-2916, 8262, 7378
-2788, 9232, 6432
-2018, 10210, 4214
-2966, 11214, 5048
-2578, 10690, 4156
-3086, 10348, 5410
-2540, 10088, 5394
-1056, 9480, 4426
-636, 8814, 4028
-1518, 8118, 4728
*NOTE-2017.03.28@15:11:16 - 1
-2000, 8298, 4902
-1918, 8462, 4396
-2044, 9166, 4748
-1816, 10000, 4988
-2286, 10960, 6356
-1552, 11830, 6406
-894, 12732, 5904
-1094, 12282, 5952
-566, 11500, 6698
-576, 9846, 7032
-186, 9132, 6808
1034, 6420, 5654
994, 5424, 5722
920, 3324, 5358
360, 2102, 5696
30, -34, 4926
14, -1490, 4948
-662, -2922, 4610
258, -3036, 2036
596, -4710, 1844
1356, -4560, -16
1994, -5218, -1258
1700, -5728, -3494
1518, -6162, -4412
2040, -6484, -5936
3860, -6614, -7500
4290, -6816, -9138
3104, -6266, -7716
2578, -6618, -6410
2228, -6266, -5046
1560, -5788, -4350
688, -5726, -2892
490, -4798, -2438
-422, -3376, 386
-924, -3050, 2216
36, -1614, 2528
684, -1208, 4514
1062, 152, 6170
1576, 1786, 6728
742, 3168, 7778
596, 5000, 7746
-1186, 6024, 8728
-2198, 5924, 10592
-926, 8326, 6412
-3558, 7574, 8532
-1098, 8462, 5784
-1202, 10484, 4816
-1888, 10964, 5300
-732, 10420, 3630
-1678, 10618, 4722
-1854, 10222, 5128
-1566, 9074, 4322
-958, 8394, 2970
-1200, 8132, 2564
*NOTE-2017.03.28@15:11:18 - 1
-1484, 7862, 2998
-1948, 7886, 3864
-2164, 8026, 4240
-2526, 8416, 4878
-1446, 9776, 4136
-2434, 10886, 6496
-3448, 11952, 6582
-1368, 13176, 6264
-834, 13306, 6204
-1342, 11854, 6672
-1628, 11242, 6876
-1694, 7432, 6356
-636, 7654, 4670
-1576, 5188, 6048
1330, 4394, 5566
2164, 2748, 5670
1194, 1328, 6030
1156, -350, 5016
-336, -1664, 4324
344, -2550, 4184
1804, -4124, 1854
396, -5090, 1304
260, -5360, -40
882, -5948, -2148
1192, -5928, -3634
1490, -5550, -3542
3548, -5606, -6096
4588, -6904, -7338
5154, -6538, -9228
3732, -5900, -7654
3450, -6188, -6886
3184, -5996, -5968
2508, -5254, -4848
2260, -5032, -4200
1442, -3750, -2926
114, -2622, 594
232, -1848, 1092
412, -320, 2302
654, 1654, 3690
1688, 2562, 5892
80, 3830, 7868
-820, 5430, 8070
-3368, 6068, 10366
-2786, 7284, 9794
-2882, 8686, 8242
-3570, 9478, 9228
-1990, 10040, 6470
-1258, 10660, 5254
-1874, 10556, 4572
-2768, 10486, 5762
-2036, 9446, 4860
-1702, 10060, 4482
466, 9408, 2822
-332, 8876, 2830
-1834, 8098, 3456
*NOTE-2017.03.28@15:11:21 - 1
-1828, 8304, 2798
-1868, 7858, 3580
-1422, 8390, 3258
-2088, 8414, 3818
-1464, 9880, 3668
-1584, 10908, 5652
-874, 11840, 6750
-414, 12560, 5940
252, 13826, 5786
1198, 12916, 5480
1332, 11898, 5116
514, 11458, 5352
754, 9168, 5438
822, 5994, 5788
-268, 4250, 6322
388, 2832, 4746
522, 730, 4828
176, -778, 5786
252, -1920, 4696
170, -2902, 3384
446, -4384, 2590
1504, -4430, 1040
1728, -4612, -1886
1060, -5238, -2322
848, -5970, -4384
708, -6750, -4528
1614, -6258, -6362
2840, -6768, -6664
4042, -6498, -8202
3524, -6734, -7870
3004, -6572, -6668
2732, -6596, -5644
2252, -6306, -4980
1456, -5836, -4012
900, -5166, -2712
744, -5428, 1358
1306, -3942, 778
224, -3604, 952
-960, -1884, 2358
-1806, -1268, 4028
-1536, 138, 4932
-1756, 778, 6970
-448, 2230, 6402
-2150, 3702, 7520
-1762, 6180, 7718
-2532, 6832, 7242
-2996, 9812, 7738
-3188, 10512, 5510
-4354, 11084, 7266
-3558, 11582, 3998
-5304, 11316, 5860
-5768, 10516, 7888
-1770, 10404, 5988
1108, 9880, 4564
202, 7878, 4966
-2988, 8886, 4916
-988, 8320, 2508
*NOTE-2017.03.28@15:11:24 - 1
-758, 8910, 2448
-112, 8808, 2574
-18, 8284, 2446
2588, 7808, -878
-2994, 7064, -132
-7830, 6294, 1522
-7074, 6546, 2876
-3634, 6502, -192
-3642, 4786, 2468
-4266, 4172, 2854
-2278, 4298, 374
-2104, 5578, 844
-966, 6986, 1580
-238, 7748, 1952
7024, 9584, -24090
-4466, 6728, 2900
896, 5422, 5622
-8954, 5758, 9568
-11410, 13146, 30460
1722, 3292, 4860
-814, 4450, 7666
-1900, 3882, 7146
852, 3346, 8390
-1036, 2978, 5482
1974, 1670, 7706
-108, 2534, 7092
3714, 1028, 10426
2350, 1308, 7530
3136, 2358, 7636
1148, 1676, 6706
108, 1352, 8790
1212, 1454, 7546
798, 1168, 8316
364, 1690, 7468
-184, 1696, 7742
1348, 1698, 8050
1354, 874, 7206
72, 1770, 8022
-862, 1646, 8188
218, 1932, 7050
-1038, 1664, 7920
-412, 1496, 8608
-400, 2848, 8442
-1704, 1570, 6518
570, 2616, 8120
-478, 2316, 7880
-628, 1606, 6996
538, 2274, 8706
-820, 1514, 7656
938, 2330, 7764
202, 2614, 7330
52, 2442, 9714
-1184, 1974, 9406
2376, 502, 11312
4168, 480, 5352
-2650, -5852, -1774
-11018, -1502, 8668
-2240, -1976, 5982
-1528, -1636, 5406
-644, 224, 4664
-1936, 1964, 5380
-816, 3554, 4792
-3618, 6384, 7846
-2566, 6126, 6336
-1924, 6834, 10576
-370, 2792, 10648
-978, 1236, 11066
-2288, -724, 7176
-3292, 1056, 8752
-1722, 304, 7730
-2140, 674, 7610
-376, -64, 5806

-----------------------------------------------
Date: 28.03.2017 - 15:11:28
End log file
