Terminal log file
Date: 28.03.2017 - 15:12:21
-----------------------------------------------

%~>daq start

 DAQ started.
%~>quit
%~>-1184, 7666, 2040
-1198, 7684, 2022
-1198, 7668, 1982
-1070, 7620, 2088
-1258, 7766, 2586
-1428, 7656, 3170
-1186, 7540, 3332
-926, 7336, 3452
-1484, 7362, 3888
-1496, 7194, 3884
-1572, 6734, 3594
-2108, 6538, 3524
-2608, 6380, 3802
-2688, 6150, 3556
-3112, 5980, 3650
-3280, 5932, 3836
-3362, 5804, 4002
-3378, 6028, 3962
-2938, 5558, 3354
-3240, 5586, 3038
-3692, 5730, 3380
-3468, 6012, 3182
-3470, 6322, 2714
-3394, 6588, 2560
-3458, 6670, 2686
-3440, 6674, 2626
-3452, 7134, 2898
-4880, 6308, 3304
-5538, 7088, 4200
-3872, 6194, 3378
-3068, 6316, 2768
-3520, 6466, 3600
-2208, 6496, 3378
-3368, 6334, 4622
-3672, 6130, 4318
-3832, 6492, 4468
*NOTE-2017.03.28@15:12:23 - 1
-2940, 6734, 3568
-2726, 6916, 3644
-2796, 6972, 3832
-2624, 7102, 3972
-1916, 7142, 3132
-1954, 7010, 2910
-1638, 7310, 2306
-1470, 7594, 1706
-3324, 7378, 1530
-3394, 6824, 2246
-7392, 4392, 406
-2326, 8182, -3486
-4474, 7134, 2118
-5210, 7648, 1602
-864, 6892, 474
-526, 6518, 1680
-1596, 7514, 2108
-3838, 6974, 3844
-2804, 7030, 4200
-2114, 7250, 3474
-1406, 8480, 2734
446, 8400, 1064
1014, 7642, -4
-854, 8156, 840
-1092, 8004, 932
-1964, 8858, 718
-1402, 8486, 732
-1408, 8520, -224
-1530, 7834, 74
-1806, 8146, -98
-1640, 7706, -38
-1450, 8600, -490
-2254, 8294, 494
-1642, 7474, 530
-1006, 8092, 620
-662, 8168, 518
-1184, 7920, 1022
-1132, 7946, 714
-1082, 7874, 712
-1278, 7648, 660
-1340, 7540, 972
-816, 7924, 572
-852, 8000, 720
*NOTE-2017.03.28@15:12:25 - 1
-920, 7834, 830
-704, 7934, 880
-720, 7956, 836
-824, 8004, 1258
-1332, 7968, 2248
-1664, 8180, 3312
-1108, 7978, 3216
-828, 8604, 4278
-484, 9592, 4232
-32, 9960, 4788
-82, 9988, 6210
-4, 10938, 6066
162, 10770, 5978
314, 10434, 6540
-276, 9756, 6516
-168, 8848, 6462
-812, 7428, 6738
-28, 5814, 6530
-830, 4332, 7322
-438, 3238, 7336
240, 1992, 6398
-2, 600, 6558
170, -602, 6332
-286, -1822, 6178
206, -2470, 6322
1976, -2702, 3128
1102, -4348, 3062
1214, -4712, 1474
1932, -5282, 388
1926, -5556, -178
1986, -6044, -1730
1364, -6228, -2420
894, -6930, -2814
1824, -6806, -5162
2380, -6638, -7560
2586, -6932, -8724
2634, -6456, -8252
2762, -6462, -7780
1782, -6144, -6030
1244, -6306, -4402
864, -6306, -3040
904, -5766, -1962
684, -5366, -254
536, -4548, 1002
840, -4660, 1228
446, -3114, 3142
522, -2394, 4122
508, -1720, 5352
-440, -1118, 5766
-322, 242, 7390
-652, 1584, 9136
-294, 2382, 7508
-188, 3350, 6744
-1660, 4028, 9726
-1048, 5658, 6168
-2910, 6722, 7556
-4138, 7562, 8450
-4274, 7988, 6672
-4320, 7818, 7326
-1474, 9416, 3548
-1554, 9266, 3528
-2204, 9234, 4410
-2648, 9060, 4448
-2590, 9090, 4962
-686, 9056, 2548
486, 8858, 1930
-392, 8304, 3052
-996, 8272, 3722
*NOTE-2017.03.28@15:12:29 - 1
-1142, 8106, 3664
-1138, 8494, 3690
-1810, 8536, 3920
-2172, 9752, 4492
-1060, 10852, 3746
-1624, 10796, 6052
-724, 12066, 6032
454, 11694, 5394
16, 11300, 6124
-66, 10282, 6082
-500, 9156, 5946
-442, 7842, 6828
-224, 6152, 7070
268, 4774, 6148
96, 2934, 6656
646, 1536, 5904
498, 88, 5378
132, -934, 5428
468, -2574, 3172
-602, -3672, 3776
112, -4524, 2564
914, -4852, 1460
1472, -5390, 578
1536, -6134, -898
1092, -6516, -1664
1638, -6782, -2796
1200, -6778, -2618
1844, -6716, -4524
2172, -6962, -7106
1728, -7238, -7158
2028, -7058, -8236
1740, -7018, -6934
2042, -6782, -6560
1672, -6490, -5236
1006, -6600, -3834
1146, -6568, -3420
990, -5524, -1732
1910, -4762, -908
1604, -3708, 474
548, -3904, 3308
454, -3180, 4474
820, -1790, 5376
1090, -1328, 6516
1084, -664, 6544
366, 254, 7762
-276, 1756, 8942
-182, 2314, 8214
-380, 2892, 8694
-1092, 3912, 8110
-1676, 4764, 8100
-2256, 6026, 6030
-3574, 6198, 8824
-2446, 7302, 5228
-3116, 7420, 6508
-2136, 8642, 4968
-2520, 8918, 5080
-2248, 9606, 4792
-1504, 9232, 4760
-1868, 9264, 5276
-1188, 9070, 4830
-88, 9094, 2630
*NOTE-2017.03.28@15:12:32 - 1
-1532, 8438, 3552
-2548, 7536, 4052
-1808, 7732, 3488
-1472, 8094, 2970
-2306, 8668, 4782
-1730, 9898, 4108
-1258, 10120, 5250
-738, 10346, 5004
-758, 10888, 6136
-488, 11012, 6134
-384, 10532, 5846
-130, 9638, 6234
62, 8228, 5710
-408, 6636, 7222
660, 5550, 6552
-328, 4180, 6782
102, 3032, 6658
-140, 1432, 7290
170, 164, 7128
508, -706, 6196
342, -1984, 5484
-228, -2908, 5298
838, -3450, 3372
1210, -4284, 2402
572, -5134, 1490
508, -5874, -190
536, -5990, -918
846, -6352, -2194
1154, -6402, -2622
1780, -6666, -3486
2918, -6994, -5090
3440, -7024, -6034
3636, -6868, -7324
3348, -7036, -7794
2320, -6828, -6690
2274, -6980, -5726
1898, -6556, -4572
1318, -6470, -3108
1504, -5616, -2302
1734, -5310, -876
1398, -4800, 34
-378, -4204, 2292
-272, -3422, 2684
162, -2220, 2992
-680, -2026, 4934
-794, -8, 5424
-2178, 796, 7868
-1944, 1816, 6492
-2658, 3570, 7864
-3564, 4418, 8664
-4392, 4920, 9954
-3958, 6392, 8738
-4264, 6292, 9636
-2520, 7446, 7370
-1922, 7886, 5330
-3150, 7758, 5676
-2210, 8906, 4226
-1860, 9262, 4344
-1790, 9730, 4200
-2418, 9774, 4676
-1258, 8938, 3808
-4, 8758, 2758
-592, 8656, 3406
-222, 8318, 2648
*NOTE-2017.03.28@15:12:35 - 1
-712, 8232, 3372
-648, 7930, 3676
-1054, 8940, 4508
-666, 9572, 3830
-1214, 10250, 4648
-690, 10802, 4496
-160, 10994, 5074
794, 11398, 4840
764, 11122, 5630
300, 10402, 6334
-134, 8794, 6154
1584, 8492, 5692
1088, 7196, 6672
704, 5310, 7084
2126, 4478, 5436
704, 2928, 6712
370, 1008, 6410
538, 20, 6238
226, -822, 5978
872, -2422, 3642
642, -3552, 3814
890, -4610, 1862
178, -4966, 1632
718, -5710, -366
1174, -5916, -1164
1656, -6456, -2418
1772, -6420, -2628
2088, -6942, -3728
2794, -6592, -5318
3028, -7220, -6800
2180, -7152, -7176
2388, -6772, -7464
1768, -7034, -5896
1996, -6868, -4964
1710, -6818, -3784
1920, -6238, -2726
1564, -5504, -1186
1192, -5572, 362
1424, -4762, 654
1440, -3760, 1360
862, -3292, 1926
-918, -2654, 4874
244, -1446, 5142
418, -880, 6226
520, 862, 7028
-540, 1524, 7094
-1678, 2598, 9724
-768, 3188, 9906
-678, 4118, 7644
-1508, 5328, 7986
-1922, 5318, 6980
-3016, 6244, 8514
-1298, 6524, 5780
-2352, 6950, 5482
-2392, 7578, 5910
-1626, 8782, 4254
-1506, 9304, 4096
-2114, 9396, 4404
-2602, 9734, 5094
-2248, 9528, 4638
-1136, 8576, 3098
-578, 8156, 2126
-718, 8158, 2924
*NOTE-2017.03.28@15:12:38 - 1
-1410, 8282, 4022
-1626, 8064, 4266
-1162, 8556, 3512
-1922, 8848, 3816
-1882, 10206, 3982
-1406, 10176, 4254
-782, 10096, 4570
-706, 11116, 5656
-282, 10912, 6050
-832, 9964, 6646
-830, 8960, 6792
-502, 8574, 5882
-152, 7356, 6676
986, 5666, 6408
558, 4060, 6562
584, 2834, 6298
-352, 1478, 7346
336, 338, 6124
32, -804, 6490
490, -1794, 6016
1328, -2846, 4670
1076, -3640, 3866
630, -4354, 2680
394, -4900, 1098
96, -5694, 440
564, -5934, -610
1326, -6158, -3096
1636, -6498, -3642
2290, -6840, -4382
2778, -6242, -5484
3344, -6918, -6650
2844, -7038, -6638
3328, -6660, -7210
2386, -6772, -6232
2038, -6642, -5190
1410, -6406, -4214
980, -6140, -2714
1172, -5184, -1474
2374, -4708, -1884
380, -3636, 2528
524, -3158, 3154
-38, -2870, 3772
-564, -1862, 5280
-1358, -1078, 6878
-1170, -200, 7494
-1070, 872, 8006
-1292, 1658, 8970
-600, 2836, 6842
-1890, 4174, 9790
-1800, 3924, 8602
-2190, 4916, 7882
-2526, 6456, 7070
-3270, 6524, 7968
-3800, 7338, 7856
-2930, 7780, 5510
-3520, 7856, 5354
-3192, 7864, 4900
-4000, 8150, 5042
-3418, 8440, 4324
-1632, 8988, 4230
-794, 8706, 2966
-1074, 8354, 2642
-1118, 8492, 3280
-1244, 8302, 3514
*NOTE-2017.03.28@15:12:41 - 1
-1636, 8348, 4312
-1062, 8522, 3710
-1382, 8198, 4250
-1792, 9504, 4982
-1162, 10534, 4528
-910, 10750, 4890
-886, 11230, 5478
-500, 10880, 5496
-570, 10216, 6076
-416, 9494, 5654
-1094, 7836, 6598
22, 7592, 6472
48, 5978, 7182
458, 4114, 5970
516, 2978, 6308
84, 1640, 7084
-164, 342, 7870
666, -320, 6232
478, -1814, 6012
374, -2688, 4594
468, -3588, 3194
72, -5004, 2254
334, -5058, 1670
1108, -5608, 514
1612, -6056, -734
2172, -6418, -2348
1264, -6618, -2274
1676, -7104, -3722
1220, -7214, -3760
2250, -7370, -4144
3588, -6988, -6634
3478, -7152, -7276
2928, -6970, -7076
2418, -6348, -6214
2020, -6686, -5068
1236, -6440, -2504
896, -5726, -1280
856, -5858, -1070
318, -4940, 1046
1386, -4530, 664
730, -3030, 2732
1412, -2744, 3238
1402, -1470, 4234
596, -332, 5892
-396, 258, 7402
-470, 1520, 7478
-1188, 2768, 9038
-1476, 3562, 8290
-2608, 5114, 8674
-3264, 5548, 7086
-4314, 6556, 8380
-3630, 6588, 6928
-3790, 8016, 5940
-3832, 7858, 5810
-2714, 8656, 4410
-2212, 9670, 4474
-2330, 9668, 5038
-2306, 9268, 5416
-2162, 9220, 4742
-1236, 8538, 3292
-142, 8388, 1882
-1064, 8638, 2528
-1246, 8298, 2536
*NOTE-2017.03.28@15:12:45 - 1
-1262, 8116, 3264
-1102, 8376, 3462
-1484, 8340, 3194
-1892, 9328, 3780
-1548, 9870, 4014
-912, 10550, 5040
-590, 10868, 5018
-1140, 11682, 5662
-1274, 11016, 6040
-1280, 10608, 6074
-698, 9420, 6136
-424, 7118, 6460
408, 6892, 6242
88, 5436, 7036
508, 4446, 6196
268, 2336, 7814
672, 1616, 6378
598, -150, 5850
246, -1286, 5816
1052, -2058, 4622
986, -2888, 4038
1242, -3728, 2228
962, -5008, 1260
984, -5770, 478
1780, -5880, -436
1816, -6244, -2114
1942, -6714, -2996
2204, -6752, -3934
2548, -6992, -4084
2582, -6980, -5394
2628, -7210, -6460
2278, -7094, -6282
2910, -7220, -6380
2576, -7472, -6016
1904, -7178, -4758
1678, -6908, -3996
1100, -5500, -1608
1238, -5618, 604
2736, -4822, -714
1666, -4116, 1786
1124, -4182, 4384
1470, -2874, 4056
1984, -1814, 4906
2084, -548, 5378
3112, 104, 5266
2458, 1900, 6380
974, 3342, 7082
1042, 4214, 6806
-400, 5304, 7704
-714, 6266, 7690
-1164, 6862, 7408
-780, 8258, 7394
-396, 8738, 6512
340, 9014, 3614
-1288, 10466, 4362
-1630, 10532, 3674
-2550, 11844, 5930
-2778, 10518, 5598
-364, 9434, 3890
1146, 8886, 2280
-208, 8638, 3008
*NOTE-2017.03.28@15:12:48 - 1
-1524, 8282, 3260
-1212, 8218, 2450
-1202, 7838, 3024
-1360, 8648, 3426
-1724, 8728, 3898
-1896, 9192, 4610
-826, 10734, 4478
714, 11422, 4146
-16, 11526, 5316
-312, 11436, 6002
88, 10602, 5826
-466, 9878, 6288
-466, 8452, 5932
-354, 7002, 6112
454, 5550, 6322
-506, 4360, 6830
128, 3318, 7608
830, 1848, 6730
690, 390, 6296
632, -550, 5230
356, -2284, 4980
812, -3504, 3864
1458, -4034, 2578
460, -5034, 2362
648, -5558, 1360
1038, -5948, -500
1268, -6436, -1332
1450, -6516, -2696
1456, -6772, -2660
1446, -6852, -3730
1556, -7048, -4178
1952, -7446, -5028
3480, -6834, -8328
2642, -6840, -7932
2376, -6560, -7032
2348, -6484, -5670
2278, -6062, -4688
1624, -5806, -3320
586, -6314, -1184
1294, -5750, -1280
1930, -4768, -316
1400, -3840, 2216
248, -4102, 3530
1268, -2616, 3802
924, -1638, 5682
718, -1484, 6418
134, -672, 6744
-458, 804, 8006
-500, 1210, 8400
-994, 2494, 8158
-1108, 3902, 8374
-2516, 4518, 8982
-3990, 5414, 8916
-3344, 5964, 6544
-3396, 6454, 7796
-4486, 6948, 5966
-3944, 7306, 5772
-2420, 8444, 4894
-1468, 8926, 3542
-2292, 9682, 5226
-3600, 10146, 6674
-2124, 9428, 4776
-24, 8518, 2538
*NOTE-2017.03.28@15:12:51 - 1
-358, 8592, 2390
-1152, 8270, 3338
-1428, 8096, 4124
-1290, 8260, 3848
-1712, 8506, 3902
-1766, 9678, 4248
-1426, 10352, 4924
-730, 10444, 4502
-764, 10884, 5574
-726, 10572, 5430
-564, 10178, 6128
-432, 9702, 6630
-74, 9114, 6452
52, 7504, 6434
510, 6192, 7170
472, 5414, 7088
1236, 4072, 5788
496, 2618, 6810
680, 1496, 6628
1124, -76, 5340
796, -1570, 4800
678, -2654, 4396
954, -3494, 4046
1316, -4552, 2436
454, -4908, 2202
930, -5276, 764
1120, -6614, -1484
328, -6486, -332
2236, -6594, -3154
1862, -6778, -4544
2152, -6752, -4494
2552, -6448, -6214
2870, -7318, -6712
3562, -6772, -7546
3282, -7098, -6260
3060, -6664, -5854
2188, -6710, -4734
1656, -6680, -3666
1382, -6340, -3114
1212, -5398, -2096
798, -5016, -200
778, -4354, 686
378, -3718, 2598
502, -2578, 4670
946, -2046, 5106
70, -1084, 7238
-366, 24, 7466
-1032, 158, 9220
-794, 1070, 8570
-1622, 2406, 8214
-2006, 3308, 9124
-1654, 3564, 6952
-2708, 5048, 9116
-1778, 5974, 5616
-3864, 6050, 8112
-4060, 6556, 4752
-4110, 8378, 5302
-2310, 8168, 3552
-2400, 8788, 3380
-3336, 10080, 4968
-4036, 10642, 6204
-2402, 9496, 4542
-518, 8948, 2440
-358, 8172, 2544
-1484, 8438, 3634
-1376, 8648, 3250
*NOTE-2017.03.28@15:12:54 - 1
-1172, 8354, 3152
-1332, 8684, 3690
-1966, 8532, 4258
-1666, 9236, 4276
-760, 10922, 5166
-596, 10660, 4594
-1102, 11300, 5206
-664, 10948, 6058
170, 10628, 6062
240, 9398, 6098
-548, 8028, 6884
-192, 7612, 6600
-390, 5456, 6846
-916, 4186, 7308
-168, 3092, 7176
482, 1950, 6514
1088, 660, 5950
72, -604, 6202
478, -1916, 5176
284, -2600, 5010
76, -3504, 5466
1762, -3766, 1126
724, -4978, 726
468, -5992, 540
1742, -6342, -1652
1070, -6386, -1332
1410, -6316, -2828
1530, -6782, -3680
2060, -7354, -5300
1444, -6840, -5596
2216, -6856, -7796
2440, -6676, -8624
2182, -6822, -7792
2324, -6434, -7146
1706, -6090, -5468
424, -6128, -2552
1602, -5996, -2536
2112, -5144, -1164
2128, -4450, 34
1726, -3786, 398
780, -3234, 3802
1032, -2730, 4614
1558, -1564, 4950
1020, -436, 6918
612, 372, 7620
-170, 956, 6914
-1274, 2846, 8806
-1838, 2132, 8512
-1448, 4918, 7416
-2142, 4964, 8048
-2470, 6608, 7656
-3668, 6700, 6982
-3052, 7902, 6050
-3018, 7610, 4424
-3130, 9480, 5968
-1262, 10442, 3842
-1452, 10614, 4296
-3480, 10468, 6132
-2158, 9596, 5322
1188, 8668, 2034
-246, 8438, 2810
-1268, 8348, 3648
-976, 8266, 3294
-1062, 8406, 3190
-1246, 8420, 3500
*NOTE-2017.03.28@15:12:57 - 1
-1174, 8738, 3048
-1722, 9190, 4208
-1036, 9900, 3550
-374, 10166, 3882
-380, 10436, 5082
-736, 10772, 6260
84, 11046, 6124
-216, 10452, 6608
552, 9558, 6426
-368, 7566, 6820
186, 6664, 6164
-666, 4390, 6516
84, 3206, 6122
316, 1726, 6346
-276, 516, 6720
-310, -460, 6940
148, -1576, 5652
162, -2458, 4994
634, -3114, 4368
1016, -4244, 2676
912, -5154, 1936
1348, -5580, 484
1692, -5560, -1354
1584, -6402, -1890
1358, -6392, -1910
2198, -6622, -4368
2542, -6532, -4826
2874, -7240, -6352
2976, -7238, -6886
2828, -7022, -7358
2352, -7050, -6692
2192, -6824, -5566
2056, -6516, -4772
1222, -6166, -3122
1220, -5502, -2176
558, -4616, 280
1044, -5316, 1238
1688, -3402, 598
1586, -2126, 2620
694, -1278, 5504
276, -112, 6246
174, 1430, 6794
-550, 2096, 6732
-1962, 2576, 8780
-2092, 3690, 8582
-2664, 5984, 8316
-2802, 5304, 6762
-3400, 7862, 7254
-3700, 8230, 5152
-4500, 8602, 6774
-2538, 9132, 3348
-2584, 10306, 3294
-3294, 10570, 4570
-3088, 10694, 5394
-1802, 10562, 4572
200, 9616, 3184
616, 8776, 2652
-590, 8898, 3212
-1804, 8542, 3914
-1410, 8086, 3718
-1340, 8936, 3696
-1410, 8976, 3166
*NOTE-2017.03.28@15:13:00 - 1
-1750, 9140, 4096
-1186, 10328, 3716
-962, 10676, 4202
-518, 10442, 3970
-840, 11052, 5224
-358, 10644, 5562
-718, 9698, 6470
-766, 9242, 6818
488, 7232, 5774
-256, 6912, 6670
-14, 5448, 7012
46, 4256, 6206
386, 2280, 8772
-4, 2478, 7574
-396, 886, 6410
-738, -442, 5794
422, -1606, 4752
638, -1794, 4776
1788, -3418, 864
428, -4826, 308
250, -5326, 644
1966, -5540, -944
2624, -6074, -2792
2456, -6490, -3176
2524, -6496, -4728
2746, -7040, -5308
3242, -6272, -6466
4268, -6470, -8922
3542, -6510, -7418
3330, -6178, -6436
2632, -6312, -5024
2144, -6224, -4590
1252, -5778, -3022
1106, -5136, -2078
1188, -4568, -830
1014, -3574, 212
-100, -3736, 2708
-58, -2198, 4336
174, -1530, 4318
-916, -616, 5868
-1206, 6, 5506
-2540, 1392, 9292
-1478, 3196, 6940
-3602, 3890, 10646
-608, 5444, 7468
-2266, 6434, 9638
-2414, 6562, 7460
-2718, 7512, 6472
-3382, 8418, 6582
-3054, 8572, 6348
-2178, 9552, 4108
-2646, 10824, 3792
-3588, 9984, 5090
-2434, 9790, 5084
-752, 8988, 3216
238, 8708, 2968
-856, 8710, 3042
298, 8212, 2790
218, 8350, 3060
*NOTE-2017.03.28@15:13:03 - 1
-642, 8470, 3990
-230, 8994, 3350
-1410, 8832, 3528
-1244, 9916, 3618
-1382, 10622, 4158
-1088, 10340, 3962
-938, 10542, 4866
-146, 10900, 4864
-612, 10074, 5854
-616, 9432, 5672
-782, 7988, 6624
-220, 7746, 7346
848, 5562, 6130
-154, 4552, 7374
914, 3264, 5886
-112, 1842, 6770
-258, 576, 6898
-504, -678, 7076
176, -1822, 6074
10, -1948, 5666
482, -2916, 3846
-318, -3916, 3822
736, -4646, 1876
1228, -5296, 624
1742, -5980, -1492
788, -5954, -722
2044, -6170, -2602
2266, -6626, -3696
2564, -6750, -5382
2882, -7010, -7118
3012, -6872, -6948
3186, -6828, -6512
3134, -6920, -5848
2750, -6336, -5650
2156, -6504, -4222
1574, -5508, -2880
1298, -5374, -1032
712, -5142, 1700
1594, -5288, 2246
1694, -4846, 3768
1996, -3584, 2912
-98, -2732, 5490
-454, -2724, 6174
-596, -1462, 5472
-2126, 12, 8158
-1874, 592, 7142
-2224, 224, 7008
-4404, 1612, 8926
-4176, 3228, 7196
-5278, 3674, 7994
-4314, 3962, 5630
-5700, 5088, 5028
-6558, 6046, 6610
-5274, 6662, 3986
-4124, 7748, 3570
-3808, 8926, 3954
-3784, 9718, 4402
-3182, 10506, 4920
-2308, 10534, 4718
-40, 9800, 3226
632, 8896, 2854
-1022, 8442, 3364
-1742, 8236, 3248
-1702, 8100, 3120
-1236, 8440, 3208
*NOTE-2017.03.28@15:13:07 - 1
-1706, 8488, 3572
-1526, 9336, 3524
-1526, 9970, 3952
-1050, 10920, 4220
-508, 10762, 3948
-1198, 10110, 4862
-1052, 10206, 5374
-446, 9586, 5466
-1258, 8518, 6630
-1772, 8024, 6784
-1054, 7422, 6936
-248, 6166, 6962
-1320, 4404, 8704
330, 2946, 6886
196, 1918, 7046
502, 764, 6718
1306, -326, 4796
426, -1462, 5024
-122, -2772, 4710
-118, -3750, 3868
504, -4576, 1892
924, -5618, 1254
1486, -5436, -8
1876, -6210, -1966
1694, -6540, -1948
1804, -6552, -3294
2122, -6724, -4632
2170, -6446, -5616
2024, -7414, -5040
3278, -6962, -6982
3098, -6496, -6588
3268, -6666, -6294
3158, -6480, -5274
2852, -6164, -4224
2586, -6496, -4138
1512, -4818, -1926
1682, -4898, -2174
1520, -3490, -1506
-560, -2210, 2430
128, -1670, 3614
558, 228, 4358
78, 1730, 7758
-114, 2078, 9152
-6, 2796, 8608
-1900, 3326, 9214
-2482, 5340, 8250
-3686, 6256, 7538
-4708, 6634, 7324
-5760, 7732, 9072
-4096, 8132, 5460
-2590, 8728, 3628
-3834, 9638, 5408
-3724, 9668, 5756
-2504, 9930, 5984
-4, 10054, 4286
384, 9134, 3560
-464, 8764, 3304
-534, 8688, 2434
-990, 8312, 3066
-1686, 7914, 3588
-1550, 8214, 3632
*NOTE-2017.03.28@15:13:10 - 1
-1372, 8484, 2854
-1868, 9316, 4008
-1088, 10112, 2834
-1328, 10252, 4718
-1284, 10230, 5028
-1052, 10882, 5446
-1016, 10690, 6026
-1040, 10316, 6122
-880, 9520, 6218
-668, 8646, 6638
-592, 7118, 6786
156, 5620, 6320
-276, 4120, 6472
54, 3286, 6820
64, 1552, 6384
296, 440, 6464
-96, -1082, 6648
436, -1620, 5422
582, -2610, 3646
738, -3752, 4648
784, -4498, 1788
-386, -5470, 1472
44, -6078, 768
886, -5790, -36
2594, -6480, -2540
1980, -6564, -2532
3020, -7922, -5118
3056, -6614, -4094
3630, -6546, -4152
4950, -6564, -6134
4682, -6626, -4968
4876, -6538, -5898
4136, -6554, -4894
3278, -6842, -4422
2448, -6438, -3422
1896, -6566, -2988
1468, -6114, -2118
462, -5974, 146
2578, -5514, -1288
2026, -4274, -1146
-760, -4060, 1478
-1996, -3070, 3820
-1066, -2278, 4414
-1212, -470, 4918
-2028, 414, 5718
-3320, 936, 8130
-3664, 1814, 7698
-4068, 3738, 6522
-6424, 3904, 8196
-5304, 5350, 4548
-7592, 5152, 6566
-6904, 6670, 4688
-7620, 7626, 6094
-6508, 8334, 4806
-5340, 8476, 3416
-5988, 9236, 5792
-3858, 9276, 4130
-144, 10076, 3470
116, 9504, 5236
-362, 9324, 5850
1044, 8006, 4172
30, 7758, 3300
-2428, 8660, 3118
-1450, 7782, 1410
*NOTE-2017.03.28@15:13:13 - 1
-2794, 7082, 1410
-2220, 8034, -184
-4252, 6530, 64
-5464, 6528, 862
-4866, 6554, 1064
-6674, 6854, 3330
-5438, 6418, 4334
-5304, 6336, -514
-3250, 5326, -1480
-452, 6472, -196
1334, 7470, 230
-4060, 9420, 9688
-2212, 7188, 9002
-4382, 7266, 6544
2182, 4082, 6046
-686, 6116, 7152
-1068, 4632, 7378
-1094, 3980, 7306
92, 4182, 7178
-288, 3606, 7540
10, 3140, 7780
112, 3096, 7560
-416, 2448, 7420
1470, 2632, 7696
1204, 2544, 7692
1532, 2416, 8482
1696, 1744, 7046
1572, 1310, 7670
2030, 1076, 7058
2366, 1192, 7872
2478, 1258, 8066
1986, 1370, 7924
1720, 1144, 7158
1046, 1660, 8178
1718, 1494, 8056
1120, 1690, 7574
1778, 2032, 7050
2078, 2448, 8214
1570, 2564, 7434
1304, 2602, 6814
2556, -520, 10384
1182, 1702, 9168
522, 2124, 7342
2130, 3002, 7454
1780, 2526, 7318
1758, 2534, 7608
1758, 1450, 7144
1784, 1828, 7544
1552, 1914, 7504
1472, 1918, 7826
1534, 1548, 7314
1894, 1976, 8830
2024, 2838, 9514
74, 3836, 10076
4528, 184, 9540
3402, -1958, 2638
-10380, -3832, 3384
-9192, -1706, 10588
-974, -2018, 2996
-2480, -1044, 6364
-1952, 1250, 6006
-858, 2250, 4550
-3368, 4240, 6266
-3992, 4366, 6864
-4236, 4368, 8018
-4204, 3142, 8820
-1006, 1598, 6852
-2830, 1318, 8182
-2858, 834, 7444
*NOTE-2017.03.28@15:13:16 - 1
-2414, 1386, 6768
-3602, 1946, 9486
-2786, 1386, 7640
-2558, 1062, 7778
-1938, 1572, 7340
-1894, 1088, 6248
-3108, 1806, 7028
-4892, 1036, 5786
-2102, 422, 4956
-3498, 1856, 4410
-7580, 1608, 6222
-6346, 1600, 4310
-6480, 2062, 3834
-6446, 1882, 2114
-7994, 1368, 1186
-8612, 102, 1672
-8978, -360, 1190
-8578, -1134, 620
-7800, -2038, 32
-8696, -1934, 1848
-7646, -1918, 1014
-4824, -1868, -408
-9082, -2090, 2592
-7514, -3396, 320
-7168, -2450, -492
-8026, -1546, 240
-8400, -1070, -224
-9020, -836, 100
-8486, -480, 992
-6968, -1000, 520
-8300, -1386, 1568
-7768, -1374, 1566
-8262, -968, 2162
-7392, -836, 2300
-7536, -1458, 1886
-6960, -1918, 2084
-6798, -1550, 3420
-6670, -940, 4190
-7148, -652, 3678
-7186, -270, 3664
-6872, -1190, 4676
-6106, -1950, 2822
-7326, -2352, 5268
-6346, -1936, 5530
-4446, -1270, 5374
-2388, -1032, 6328
-1360, -752, 6914
-1240, -750, 7696
-998, -812, 7236
-1802, -790, 7660
-1812, -1052, 7798
-1658, -1004, 7184
-2166, -794, 7242
-3208, -472, 7814
-1838, -830, 7508
-2222, -770, 7974
-1890, -774, 7412
-2462, -620, 7836
-2600, -722, 7810
712, -1620, 4036
-1624, -388, 7778
-2712, -656, 8802
-2368, -848, 7768
-2236, -956, 7236
-1698, -1450, 6268
-2094, -1392, 6850
-2902, -1164, 7578
-2638, -1068, 8078
-1836, -928, 7484
-1270, -1444, 6720
-1740, -1064, 7552
-2164, -966, 7692
-2390, -1044, 7474
-2548, -938, 7366
-2448, -906, 7412
-2392, -554, 7728
-426, 280, 5526
-2310, 670, 7470
-2198, -424, 9108
-1708, -958, 6952
-1684, -1178, 6620
-2280, -1766, 4416
-5366, -1414, 6966
-5532, -1510, 5916
-5644, -1414, 5788
-5554, -1082, 4988
-6174, -880, 5936
-5822, -876, 3524
-7328, -1276, 3908
-7976, -1182, 1644
-8346, -1054, 2568
-7452, -1032, 1980
-7828, -888, 2538
-7536, -968, 2348
-7534, -1066, 3750
-6608, -550, 1950
-8216, -848, 2934
-7446, -1310, 1878
-7844, -954, 2716
-8752, -590, 2984
-6890, -636, 2188
-7712, -1388, 2306
-7174, -1320, 1054
-8048, -1346, 1484
-7622, -1006, 1988
-7866, -564, 2544
-7486, -1278, 1048
-8058, -1298, 1290
-7378, -920, 1200
-7978, -1106, 1296
-7900, -1068, 1448
-7926, -1092, 1844
-7186, -482, 1574
-8668, -512, 2164
-7432, -1558, 1050
-7486, -1058, 1232
-7346, -704, 1590
-8058, -1030, 1744
-7948, -884, 1134
-7832, -950, 1532
-7784, -1040, 1144
-7666, -778, 1180
-8062, -744, 1410
-7854, -1126, 1262
-7748, -1158, 1380
-7206, -820, 1410
-7808, -844, 1692
-7926, -840, 2138
-7250, -484, 2390
-7750, -606, 2352
-7308, -804, 1856
-7562, -930, 1892
-7262, -898, 1562
-8266, -1058, 2216
-7564, -1282, 2140
-8072, -184, 3476
-8168, -894, 2160
-8154, -224, 2296
-6852, -734, 2084
-6490, -1712, 618
-6660, -698, 974
-8092, -972, 1194
-9848, -916, 2822
-7772, -762, 1766
-7156, -660, 2084
-7440, -1008, 1572
-7536, -1418, 1148
-7960, -772, 2096
-7706, -730, 1694
-7684, -452, 2126
-7756, -838, 1460
-7788, -910, 1452
-7186, -1280, 868
-7986, -846, 1892
-7112, -836, 1140
-8054, -910, 1598
-7604, -658, 1500
-7662, -866, 1532
-7734, -888, 1560
-7462, -760, 1002
-7840, -854, 1478
-7704, -1008, 1050
-7334, -616, 1394
-7906, -894, 1370
-7904, -998, 1718
-7016, -482, 2366
-8360, -306, 2620
-7630, -444, 2044
-8070, -1194, 1036
-7512, -1260, 1108
-6936, -710, 1680
-8152, -828, 2098
-8374, -420, 2364
-6650, -472, 2556
-8562, -252, 2118
-7114, -1568, 722
-7800, -514, 2718
-6354, -296, 3762
-7672, -1090, 1090
-8384, -1028, 1634
-6740, -212, 3038
-8448, -680, 2184
-8186, -988, 1558
-7508, -1540, 2606
-7464, -562, 2008
-8030, -1282, 1970
-8108, -1094, 1122
-7532, -534, 2500
-6870, -872, 1308
-7836, -798, 2524
-7678, -1364, 1200
-7604, -1482, 1342
-7600, -750, 1184
-8332, -984, 1928
-8400, -662, 2306
-7236, -530, 1276
-8194, -882, 1534
-7650, -910, 912
-7854, -1062, 1310
-7798, -766, 1310
-7886, -488, 1280
-7840, -726, 1026
-8002, -886, 1126
-7896, -788, 1308
-7860, -796, 1254
-7772, -842, 1280
-7774, -862, 1130
-7782, -744, 1108
-7434, -830, 940
-7886, -930, 892
-7784, -884, 1014
-7598, -890, 962
-8220, -904, 1156
-7614, -894, 918
-8292, -838, 1814
-8066, -836, 966
-7854, -872, 1020
-7876, -1048, 874
-7948, -658, 1102
-8124, -828, 1046
-7446, -674, 618
-8058, -1082, 446
-7624, -974, 686
-7586, -938, 996
-7896, -936, 1134
-7998, -780, 1518
-7860, -928, 1396
-7610, -954, 1312
-7812, -876, 1948
-7528, -936, 1532
-7078, -1002, 2590
-7534, -556, 2110
-8320, -986, 1550
-7732, -1260, 1418
-7868, -814, 2202
-6814, -628, 3902
-7734, -942, 1898
-8360, -938, 2120
-7440, -944, 1362
-7560, -712, 1996
-7026, -1430, 710
-8214, -732, 2526
-7508, -414, 2258
-8046, -1096, 1938
-7968, -772, 1456
-7370, -552, 2466
-7076, -708, 1472
-7976, -1340, 1328
-7050, -1338, 1908
-8466, -1144, 800
-8286, -1298, 1282
-7026, -918, 1484
-7730, -774, 2240
-7452, -1078, 1818
-7324, -930, 2432
-7436, -400, 3382
-7704, -868, 2388
-7860, -534, 3236
-6956, -662, 1770
-7308, -966, 1478
-7916, -1070, 1684
-7652, -1336, 1266
-8262, -1262, 516
-6790, -982, 896
-8054, -612, 908
-8462, -1620, 624
-8480, -948, 648
-7220, -1082, 518
-8724, -1076, 1818
-8716, -982, 1618
-7730, -976, 2378
-6498, -1024, 2354
-7122, -760, 2906
-6456, -626, 3702
-7154, -862, 3384
-7752, -1148, 3192
-7302, -1356, 2720
-7644, -1588, 2850
-6840, -1216, 2724
-7160, -1448, 4098
-6914, -1540, 3462
-6534, -1608, 4128
-6212, -934, 4096
-6016, -858, 4636
-6206, -1334, 5028
-5884, -868, 5784
-4434, -658, 5410
-5078, -1078, 5638
-5094, -1338, 5872
-4624, -1072, 5946
-4750, -1136, 6100
-4328, -998, 6074
-4272, -1018, 6520
-4458, -870, 6830
-3684, -722, 7140
-3858, -1088, 7500
-2892, -1386, 7764
-4078, -2420, 9254
-2218, -2540, 7296
-3548, -2988, 7700
-2182, -3110, 6544
-2796, -2728, 5542
-2214, -1620, 6074
-2344, -510, 4046
-2440, 1720, 4094
-5384, 2992, 6444
-3904, 4010, 6852
-4440, 3704, 6060
-4104, 3308, 8028
-4714, 3148, 7786
-3330, 3130, 5964
-4124, 2628, 6614
-3832, 2534, 6448
-4126, 1922, 6630
-4332, 2436, 7470
-3804, 2580, 7146
-2038, 2194, 6108
-2756, 2400, 6822
-2184, 2396, 6526
-2774, 2480, 7400
-2972, 2674, 6742
-3368, 3194, 7120
*NOTE-2017.03.28@15:13:32 - 1
-4148, 4154, 7766
-3440, 3888, 6470
-4278, 4214, 6624
-4056, 4454, 6546
-3362, 3422, 5820
-3010, 2608, 5602
-2090, 1738, 5462
-2422, 696, 5180
-1932, -890, 5622
-2836, -920, 6364
-7394, -3190, 9884
-2052, -2440, 8246
-560, -2438, 6066
2240, 2498, 7510
952, 3316, 9392
-818, 1074, 8216
228, 1474, 7306
312, 1326, 7880
308, 1396, 7790
-156, 994, 7684
-620, 424, 8588
-1786, -436, 10616
146, 586, 7954
-1162, -708, 7544
296, 224, 8836
116, 428, 8616
-712, 200, 8194
-152, 306, 7254
-242, 212, 8396
-558, 76, 8166
0, 542, 7466
-680, 1258, 7644
-2634, 2622, 9414
-2388, 2064, 8780
-394, 2852, 6344
1206, 3514, 2966
-8746, 9652, 14170
-2448, -330, -682
-2844, 5916, 9838
-1984, 5970, 7140
-1846, 6472, 4102
-3022, 5522, 6504
-2968, 5790, 4868
-1174, 5798, 2322
-1648, 6422, 4110
-670, 7678, 3560
-238, 7954, 3958
-128, 7370, 2488
-650, 8042, 2092
404, 7518, 362
-2652, 8580, 1718
-1630, 7828, 1024
-1214, 7288, 252
-52, 7154, -1062
-930, 8564, 66
-1362, 8396, 900
-326, 7746, 504
56, 7596, 512
-772, 7866, 1250
-940, 8128, 1780
-724, 7740, 1434
-344, 7570, 1190
1000, 7942, 946
1020, 7736, 1246
372, 8256, 1890
660, 8482, 1166
-56, 7842, 1842
-158, 7672, 756
200, 8468, 710
-662, 8334, 1510
-684, 7836, 1340
-252, 7508, 418
-202, 7856, 240
-344, 8056, 262
-424, 8202, 414
-220, 8030, -48
*NOTE-2017.03.28@15:13:36 - 1
-128, 7740, 54
20, 7976, 470
20, 8244, 600
-16, 8150, 1436
-326, 8336, 1832
-294, 8152, 2940
-102, 7952, 3724
-1128, 9074, 5168
-184, 10406, 4600
80, 10636, 6028
400, 10732, 5980
528, 11602, 6078
476, 11936, 6322
238, 10820, 6452
560, 10010, 6556
832, 8548, 6662
784, 7644, 6696
750, 5656, 6276
1214, 4336, 6250
1224, 2646, 6582
1650, 1534, 5742
1356, -704, 5428
964, -1404, 5190
974, -2590, 3800
276, -3748, 3238
1242, -4314, 1398
1344, -4810, -26
1202, -5852, -826
756, -6272, -1894
1240, -6524, -3684
504, -6720, -4102
938, -6922, -4610
1226, -6854, -6684
1180, -7062, -7902
550, -6834, -7950
1190, -6842, -7312
1190, -6434, -5776
1128, -6574, -4136
924, -6200, -3128
906, -5916, -2264
1568, -4990, -92
1946, -5184, 426
1826, -4138, 434
760, -3356, 2520
802, -2994, 4248
1238, -2182, 4602
518, 192, 6846
794, 324, 6514
178, 1230, 7566
-616, 2400, 8408
-584, 3436, 8088
-1286, 4988, 8578
-1536, 5146, 8138
-2424, 6688, 7414
-2358, 8030, 7508
-2476, 8706, 7126
-1330, 9720, 5564
-1222, 10164, 4538
-1590, 10344, 5062
-1844, 10140, 5588
-1174, 9578, 4706
10, 9068, 3036
258, 8844, 2448
-464, 8170, 2478
-652, 8294, 2148
-524, 8238, 1670
*NOTE-2017.03.28@15:13:40 - 1
-1118, 7996, 2134
-320, 8090, 2580
44, 9272, 2538
-396, 9006, 2800
-1038, 9076, 3178
-446, 10804, 3622
-662, 10602, 4980
486, 10752, 4442
524, 11372, 5890
-404, 10610, 6426
-116, 10186, 6788
174, 9306, 7176
94, 8176, 7832
384, 6858, 6932
964, 4798, 5404
78, 3410, 6136
618, 1750, 6496
750, 314, 5936
738, -502, 7544
2230, -1404, 4096
1324, -2366, 3134
798, -3966, 2454
1272, -4524, 1072
1636, -5100, 240
1088, -6140, -444
916, -6382, -1612
1004, -6956, -2088
1168, -6816, -3216
1476, -7082, -4102
1574, -6462, -5524
1224, -7186, -6896
1406, -7176, -7812
1442, -6670, -7760
1658, -6852, -6848
1446, -6304, -5632
1278, -6268, -4932
716, -5890, -2386
1174, -5888, -1122
1230, -5744, -244
1462, -4092, 390
592, -3362, 2774
488, -3774, 3322
476, -1858, 4736
34, -1058, 6200
798, -180, 4082
-872, 1340, 8374
-798, 2162, 8726
-492, 1674, 8846
-688, 4658, 10706
-110, 4874, 5416
-4284, 5930, 10220
-2324, 6396, 6080
-3718, 8250, 9956
-990, 9200, 4502
-1766, 9014, 5178
-2798, 9650, 4654
-2112, 9684, 4592
-2782, 9712, 5372
-2366, 9632, 5254
-602, 9028, 3604
-38, 8160, 2380
-504, 8368, 2164
-700, 8174, 1890
-1732, 7924, 2846
-1356, 7964, 2630
*NOTE-2017.03.28@15:13:43 - 1
-1522, 8078, 3396
-1520, 8412, 3594
-1594, 9506, 4372
-1136, 10310, 3740
-894, 10466, 4826
-762, 10458, 5540
-860, 11208, 6124
-362, 11094, 6478
-658, 10822, 6316
-388, 9538, 6046
-320, 7782, 6428
108, 6622, 6350
474, 4524, 5650
-146, 3532, 6764
602, 2184, 6342
352, 914, 7376
936, 200, 6118
764, -1698, 5760
618, -2192, 5364
622, -3464, 4636
1562, -3666, 2746
1784, -4766, 1966
972, -5346, 1436
1740, -5220, -830
1252, -6386, -1986
1386, -6084, -3194
1734, -6830, -4766
1704, -6754, -5802
2002, -7012, -6512
1682, -7046, -8186
1270, -6858, -7444
934, -6492, -6862
716, -6566, -5620
784, -6374, -4664
660, -5978, -2734
1186, -5330, -1680
1788, -4134, -280
1730, -3554, 1450
2162, -3016, 2574
2134, -1798, 4104
1854, -936, 5290
1196, -382, 5912
112, 1246, 7610
194, 2250, 8268
722, 3266, 6430
-886, 4416, 9144
-1996, 5632, 9054
-2366, 7558, 8612
-2394, 7266, 7128
-2234, 9038, 7592
-2210, 8802, 7382
-1458, 9784, 5278
-1290, 9604, 4928
-1332, 9350, 5290
-1088, 9410, 5204
-560, 9204, 3864
-394, 8816, 1966
-314, 8522, 1640
-1416, 8098, 2346
-1446, 7976, 2270
-1350, 8132, 2034
*NOTE-2017.03.28@15:13:46 - 1
-996, 7954, 2518
-1372, 8222, 4134
-1012, 8926, 3680
-1376, 9300, 3836
-788, 10610, 3512
-796, 10830, 4856
-176, 10860, 4672
-156, 11272, 5460
-238, 11162, 5922
70, 10434, 6638
288, 9316, 6814
444, 8490, 7790
132, 7202, 6308
280, 4904, 6164
-66, 4112, 6416
414, 2404, 6378
1216, 1240, 6386
1802, -76, 5030
812, -1390, 6158
788, -2692, 4952
280, -3262, 5028
786, -4138, 3082
1020, -5210, 818
1142, -5166, 754
2136, -5302, -862
1826, -6350, -2460
1334, -6320, -2592
1322, -6976, -5026
1302, -6398, -4934
2018, -7298, -6050
3148, -6702, -7780
3660, -6140, -7842
3654, -6524, -7914
2522, -6142, -6204
2014, -6406, -5382
1252, -5942, -3412
1308, -5246, -1518
1178, -4778, 132
2148, -3630, -416
2610, -3448, 112
1156, -2252, 3002
1718, -1166, 3706
1328, 2, 4692
192, 684, 7418
378, 1398, 7794
-870, 3174, 8950
-1248, 4546, 8016
-1218, 4702, 8476
-2682, 5786, 8726
-3764, 7018, 9342
-2786, 7948, 6266
-2154, 8982, 7366
-100, 10190, 4078
-1252, 10112, 4108
-2704, 10410, 5234
-3196, 9946, 6432
-1170, 9924, 4470
652, 9572, 2802
-462, 8694, 2894
-880, 8322, 2870
-1314, 8132, 2678
-1638, 8014, 2488
-1610, 8050, 2622
-1682, 8136, 3464
*NOTE-2017.03.28@15:13:49 - 1
-1304, 8370, 3182
-1476, 9154, 3490
-1330, 10380, 3598
-832, 10154, 4282
-370, 10514, 5160
-310, 10986, 5752
60, 10864, 6158
204, 10834, 6726
538, 9920, 6476
906, 8666, 6872
610, 6886, 6944
1598, 5964, 5954
556, 4552, 6330
1360, 3002, 6116
1130, 1408, 7500
1622, 148, 7392
1712, 442, 5730
1222, -1894, 3894
1086, -2576, 2732
1022, -4258, 1408
800, -4756, 178
654, -5712, -126
1130, -6072, -1916
1084, -6556, -2564
1178, -6682, -3084
1722, -6504, -4720
2304, -7278, -6344
2474, -6324, -5988
3788, -6160, -7964
3076, -5988, -7982
2712, -6352, -6360
2492, -6328, -5320
2262, -6102, -4206
1898, -6296, -2730
1738, -6112, -2708
1934, -5564, -900
1330, -4880, 904
480, -5136, 2204
754, -4504, 1774
-204, -3026, 4068
-414, -2382, 4068
-282, -1540, 5014
-1076, -278, 6158
-1894, 980, 7258
-2018, 1484, 5344
-3340, 4026, 7126
-4000, 4318, 8318
-3402, 6698, 6438
-5144, 7900, 7734
-4438, 8996, 6740
-4484, 9632, 7704
-754, 10770, 3482
-162, 11348, 3270
-2922, 10992, 5848
-3568, 9852, 6304
-1892, 9400, 4254
-110, 8596, 1950
-144, 8554, 2382
-2064, 8252, 3522
-1700, 8250, 2808
-1516, 8180, 2578
-992, 8288, 2126
-924, 8468, 2852
*NOTE-2017.03.28@15:13:52 - 1
-912, 8600, 2562
-1244, 8880, 2958
-788, 9826, 3010
-696, 10028, 4064
-718, 9882, 4578
-1004, 10450, 5992
-1014, 10620, 6226
-882, 9856, 6044
-1144, 9544, 6964
-806, 8554, 7084
-1086, 7334, 6966
-530, 5798, 6130
-1224, 4256, 7030
-694, 2620, 6042
-1086, 1108, 7242
-430, -78, 6418
-1350, -1458, 7074
64, -1158, 5700
1322, -2658, 3940
1258, -3344, 2982
1332, -4360, 2314
1696, -5154, -168
880, -5704, 478
1060, -6276, -1060
1804, -6408, -3014
926, -6554, -2884
1280, -6860, -3910
1336, -6560, -5254
1286, -6776, -6868
1082, -7110, -8190
602, -7024, -8136
1114, -6932, -7318
1256, -6686, -6714
1114, -6250, -4812
1190, -6472, -3774
1492, -6574, -2830
1144, -5754, -1432
2078, -5132, -1396
1950, -4516, -248
728, -3178, 1206
926, -2724, 3356
1066, -1362, 4334
1144, -616, 4750
-356, 918, 7116
-110, 2024, 6196
-1552, 3398, 8004
-1776, 4724, 7314
-2956, 5604, 9926
-2426, 6622, 8762
-2580, 7812, 8024
-2388, 8486, 6672
-2708, 8816, 7322
-1564, 9464, 5564
-1714, 9806, 3976
-3162, 9914, 5616
-2734, 9404, 4798
-1318, 9442, 3636
-622, 9310, 3362
-1108, 8560, 3306
-1546, 8050, 3152
-2316, 7806, 3854
-2232, 7892, 2868
-1816, 7906, 2630
*NOTE-2017.03.28@15:13:55 - 1
-1864, 8106, 3436
-1624, 8292, 3188
-1948, 9068, 3300
-1700, 9794, 3572
-1418, 9584, 4290
-1634, 9876, 4768
-1708, 10466, 5958
-1044, 10584, 5948
-1284, 10514, 6532
-978, 9810, 6640
-980, 8902, 6762
-604, 7052, 6894
-450, 6156, 6394
-710, 4452, 6392
-330, 3046, 6960
230, 1570, 6850
326, 608, 6408
176, -976, 6372
-188, -1974, 5088
-600, -2920, 4934
-380, -3676, 3574
4, -4268, 2652
308, -5002, 1514
114, -5704, 1386
1130, -5952, 218
2214, -5936, -1880
2942, -6140, -3228
3710, -6404, -4776
3690, -6734, -5024
4148, -6618, -3518
5608, -6496, -6932
4548, -6658, -5710
4084, -6834, -5656
3200, -6426, -5580
2900, -6308, -4942
1622, -6210, -1714
1192, -5702, -1122
972, -5408, -364
650, -5014, 558
820, -4146, 860
-62, -3574, 3110
-968, -2156, 4614
-762, -1618, 3734
-2676, -648, 5100
-3916, 464, 6690
-4444, 1632, 7486
-3072, 3388, 5370
-3600, 5714, 6534
-4474, 4980, 7678
-4962, 7882, 8910
-5248, 6316, 8322
-5732, 7120, 8898
-4400, 7746, 7044
-1348, 9058, 4394
-1476, 8920, 3280
-3192, 9474, 4964
-2402, 8980, 4358
-2272, 8980, 4662
-2174, 8892, 4172
-668, 8420, 1426
-808, 8306, 2312
-402, 8580, -1434
-944, 8094, 1738
-912, 8262, 1796
*NOTE-2017.03.28@15:13:59 - 1
-1606, 8088, 3362
-1232, 8606, 3892
-846, 8798, 3036
-890, 9580, 3618
-1284, 9980, 3996
-1128, 9922, 4156
-568, 9918, 4200
-1244, 10150, 5548
-1178, 10890, 6334
-1152, 10226, 7048
-1120, 9880, 7204
-864, 8654, 7538
-764, 7036, 6640
-194, 5794, 5934
-490, 4534, 5936
-882, 2620, 6352
-218, 1174, 6426
-126, -194, 6086
176, -1398, 5068
-164, -3048, 4434
480, -3324, 3270
-350, -4320, 4464
1670, -4866, 878
1224, -5290, 130
804, -5874, -822
498, -6198, -1114
926, -6596, -2144
1802, -6806, -3688
1388, -6632, -4024
1952, -6446, -5238
2106, -6648, -6730
2712, -6474, -8044
3194, -6530, -8882
2290, -6168, -6730
2176, -6314, -5578
2106, -6110, -4836
1802, -5704, -3518
1554, -5078, -2906
892, -4286, -1330
778, -3626, -862
-72, -1714, 1096
-780, -1260, 3856
-520, -1034, 5294
-208, 112, 6500
-1150, 1266, 8726
-2280, 2340, 8748
-2614, 3868, 8458
-4356, 4042, 9826
-4250, 4684, 9868
-3584, 5462, 9064
-3328, 6364, 7724
-3944, 6758, 8974
-2906, 7938, 5960
-3112, 8210, 6306
-1926, 8476, 2634
-3722, 9476, 5294
-4698, 8970, 5500
-4084, 8412, 4480
-2232, 8584, 2566
-660, 8836, 1976
-872, 8312, 1948
-2306, 7760, 3008
-2702, 7962, 3066
-2112, 7750, 2706
-1844, 7974, 2986
*NOTE-2017.03.28@15:14:02 - 1
-1770, 8174, 3664
-1550, 8618, 3422
-1378, 9752, 3308
-2852, 9180, 3710
-4172, 9612, 5504
-3024, 10252, 5850
-2646, 10676, 6736
-2204, 10766, 6130
-1922, 10286, 6608
-2266, 9446, 6860
-1982, 7682, 6540
-1090, 6742, 6232
-1430, 4570, 7324
-1306, 3522, 6740
-896, 1484, 6860
-474, 502, 6600
-4, -642, 7842
-254, -1130, 5006
-774, -2730, 4806
384, -3538, 3730
1884, -3896, 2032
2478, -4676, 64
1370, -5306, -854
648, -5858, -730
1060, -6516, -2916
1698, -6624, -3916
1202, -6902, -4300
2190, -6764, -6100
3642, -6492, -6690
4378, -6400, -6748
4446, -6238, -6480
3688, -6118, -5120
3000, -5942, -4918
1920, -5918, -3806
738, -5566, -2164
512, -5474, -1768
970, -4494, -994
1158, -2792, 184
-574, -2698, 4754
468, -1324, 4426
-180, 778, 5562
-952, 1388, 7238
-1082, 2412, 6862
-2304, 3432, 8196
-1736, 5512, 7424
-3592, 5790, 8822
-2122, 6910, 8210
-3046, 7992, 8604
-3778, 7840, 6836
-4324, 8398, 8768
-1898, 9020, 4614
-2096, 9000, 4214
-3098, 8826, 4684
-2782, 8758, 4490
-2130, 9026, 4228
-1268, 9200, 3216
-792, 8726, 2448
-1164, 8430, 2632
-926, 8282, 2324
-1428, 8238, 2420
-938, 7918, 1860
*NOTE-2017.03.28@15:14:05 - 1
-1034, 8394, 2028
-582, 8084, 2074
-966, 8062, 2884
-1422, 8382, 3296
-1292, 9704, 3966
-378, 10390, 3800
-796, 10178, 5290
-1514, 10622, 5912
-1032, 11192, 5808
-1024, 10816, 5834
-1426, 10078, 6888
-992, 8996, 6274
-1292, 7070, 6796
-428, 6052, 6544
-1026, 4270, 9526
1048, 4182, 6562
30, 2516, 7128
-210, 1156, 6848
498, -502, 6040
490, -1448, 5634
1350, -2390, 3404
272, -3654, 3700
682, -4440, 2230
468, -5348, 1066
94, -5878, 750
910, -5706, -1396
1218, -6156, -2358
1320, -6316, -3884
1884, -6606, -4738
3084, -6564, -5820
3720, -6362, -6662
4174, -6246, -7432
3778, -6456, -6822
3586, -6648, -6258
2772, -6462, -4354
2524, -6794, -4886
1700, -6356, -3450
1268, -6472, -2562
742, -5320, -1162
780, -4308, -662
156, -4072, 1200
598, -2650, 1194
-742, -1198, 2628
-2084, -766, 5830
-2050, 22, 4816
-4032, 1406, 6384
-6448, 2364, 7896
-3084, 4276, 4956
-5160, 6294, 5030
-6356, 7028, 5916
-6954, 8552, 4534
-7550, 9446, 5752
-6748, 9740, 5948
-3982, 10082, 3662
-4182, 10302, 4194
-3844, 10026, 4852
-4222, 9748, 5438
-2882, 9562, 4532
-1942, 8938, 3600
-1450, 7892, 1688
-1816, 7908, 2130
-2424, 7832, 1522
-2716, 7756, 2120
-2098, 7994, 2190
-2516, 8120, 3720
-2440, 8664, 3644
*NOTE-2017.03.28@15:14:08 - 1
-1004, 9082, 2602
-194, 9730, 2248
-752, 8686, 2926
-2354, 8922, 4360
-2192, 9344, 4324
-5846, 9254, 6808
-3912, 9564, 5068
-5524, 8726, 5272
-6614, 7580, 5464
-6868, 5982, 4870
-6902, 4746, 5298
-6984, 4192, 4514
-5866, 2032, 4790
-6956, 1710, 5572
-4256, 534, 3986
-3820, -1098, 4448
-2718, -1958, 3262
-2352, -3238, 3842
-1966, -3720, 3490
-790, -4804, 2384
418, -5034, 992
428, -5596, 1170
1572, -6168, -788
1516, -6300, -1152
2802, -6880, -2374
2576, -6728, -2174
3866, -6934, -4046
4102, -6850, -4796
4378, -6974, -3858
4448, -6404, -5696
4098, -6712, -4714
3770, -6874, -4352
3082, -6562, -3662
2474, -6414, -3172
1654, -6134, -1096
1816, -5340, -1396
1022, -5194, 540
550, -4004, 1974
-108, -2996, 2864
278, -2462, 2042
-1578, -1648, 5272
-3356, -996, 6252
-2778, 32, 4068
-4224, 1864, 6406
-6086, 1898, 8486
-4784, 3186, 6346
-5756, 4800, 6210
-7148, 5672, 6778
-8050, 6620, 6994
-7408, 6350, 6890
-6972, 6440, 7058
-3802, 8376, 3858
-3596, 9074, 4106
-2362, 9074, 2826
-2822, 9426, 3958
-2266, 9496, 3264
-1166, 8838, 2162
-810, 8722, 1992
-438, 8514, 2350
-928, 8512, 2692
-914, 8144, 2152
*NOTE-2017.03.28@15:14:11 - 1
-1186, 8028, 1924
-1478, 8020, 2208
-2246, 7952, 3780
-1674, 8760, 3234
-1434, 9184, 2572
-1578, 9902, 3090
-2276, 10468, 4128
-2356, 10156, 4218
-1816, 10502, 4412
-2744, 10594, 5648
-2808, 10000, 5300
-3596, 9244, 6140
-4170, 8010, 6586
-3838, 7056, 6606
-3914, 4928, 6350
-4124, 3628, 6768
-4386, 2604, 6616
-4542, 1524, 7148
-3342, -322, 6120
-2688, -1012, 5592
-2318, -1566, 4518
-1458, -2550, 3992
-900, -3398, 3312
218, -4212, 1932
378, -5302, 1366
818, -5874, 612
1366, -6282, -800
1406, -6510, -1054
2386, -7056, -2154
2158, -6736, -1816
3188, -6700, -3274
3468, -6526, -4012
4280, -6686, -5604
4390, -6038, -6090
4436, -6594, -5220
4612, -6776, -5544
3518, -6188, -4144
2800, -6366, -3706
2678, -6390, -2618
3260, -5760, -2778
2856, -4036, -1770
1110, -3844, 276
-72, -2880, 2522
-790, -2184, 4420
-854, -1124, 3054
-2434, 260, 5412
-4248, -112, 7382
-4202, 1412, 4898
-6128, 1990, 8260
-5468, 3762, 6380
-6012, 4312, 6894
-6398, 4806, 7210
-6774, 6460, 6080
-7014, 6452, 6606
-5878, 7166, 5292
-5442, 8610, 5144
-4094, 8674, 2354
-4874, 9102, 2728
-5854, 8330, 4340
-5662, 8110, 4882
-2534, 8614, 1836
-158, 8914, 1036
-1302, 8266, 1936
-2180, 8576, 2634
-1804, 8420, 2190
*NOTE-2017.03.28@15:14:15 - 1
-1468, 8016, 1672
-2014, 7990, 2052
-2268, 8142, 3016
-2054, 8402, 3242
-1140, 8938, 3120
-1568, 9376, 2634
-3738, 9982, 4190
-2726, 9912, 3694
-2758, 10138, 4476
-2892, 10378, 5322
-2730, 10090, 5582
-3846, 9150, 5880
-4172, 8852, 6290
-4244, 7476, 6098
-3840, 6328, 6720
-3576, 4870, 6108
-3858, 3150, 6076
-3180, 1290, 6010
-3258, 176, 5632
-2818, -434, 5248
-2292, -1946, 4980
-2018, -2928, 4366
-1426, -3856, 3258
-1024, -4050, 3264
-352, -4978, 2726
608, -5284, 1846
1292, -5854, 774
2226, -5948, -646
2418, -6074, -1312
3566, -6626, -2920
3186, -6466, -2144
4190, -6734, -4102
4252, -6634, -4484
4834, -6758, -5980
4126, -6674, -4898
3584, -6818, -4512
3112, -6560, -4270
2418, -6720, -3216
1810, -6118, -2142
1550, -5986, -790
1068, -5970, 986
1308, -4116, 1648
1014, -4190, 1858
-210, -2798, 2510
-612, -2020, 4002
-1232, -1012, 3560
-1616, 246, 3844
-2060, 1770, 3926
-4456, 2756, 8522
-4720, 4980, 6346
-7882, 5768, 9070
-7482, 5522, 8650
-7798, 7840, 6874
-7116, 6628, 5944
-6778, 8110, 6866
-5092, 8298, 3226
-4610, 9260, 4302
-4970, 9460, 5432
-3066, 9008, 4374
-2538, 9376, 3526
614, 8908, 754
268, 8694, 1098
-1400, 8580, 2382
-1712, 8186, 2342
*NOTE-2017.03.28@15:14:18 - 1
-1792, 7962, 2750
-1478, 8032, 3004
-1112, 8328, 3348
-1320, 8540, 3368
-1920, 9848, 3764
-1980, 10450, 3754
-1462, 10334, 4024
-1316, 10416, 4904
-1348, 11008, 5704
-2392, 11576, 7862
-1346, 11228, 7174
-1218, 10550, 6292
-942, 8768, 5868
-58, 7214, 4996
-1062, 5532, 5392
-622, 4626, 5134
-320, 2646, 4510
-1908, 526, 5296
-2614, -810, 5808
-1546, -2398, 5816
-1496, -3374, 4682
-532, -3732, 3300
-692, -4126, 3038
-182, -5128, 574
-462, -5662, 734
750, -6354, -1638
428, -6274, -124
1800, -6648, -3884
3234, -6940, -3690
1174, -6746, -3888
2386, -6448, -17602
2036, -7120, -6206
1958, -6964, -5904
2704, -6344, -7200
2980, -6192, -7482
2630, -6052, -5638
2084, -5810, -5798
2256, -5922, -4724
1952, -4964, -3938
1396, -4580, -2124
1646, -3988, -1178
940, -3004, -486
1168, -2718, 2954
646, -1980, 3872
-136, -566, 4970
-1032, 244, 5022
-984, 842, 7092
-2054, 2382, 8964
-1916, 3034, 9802
-2482, 4178, 9776
-2434, 4952, 9236
-3178, 6014, 10216
-2960, 6152, 10012
-1978, 8012, 8818
-1432, 8052, 6864
-2014, 7468, 6736
-2164, 7898, 5556
-2186, 8970, 4716
-1696, 8546, 4852
-578, 8768, 3380
-1526, 8506, 2594
-1534, 8318, 2292
-906, 7990, 1572
-1008, 8296, 1600
-1038, 8182, 1446
-562, 8188, 1298
-712, 8036, 2004
-312, 8336, 2186
*NOTE-2017.03.28@15:14:21 - 1
-314, 8674, 2792
-1130, 9274, 3304
538, 10334, 2816
618, 10386, 3322
752, 10254, 3582
-280, 10330, 5586
608, 10332, 5438
-480, 10488, 5528
-192, 9640, 6032
-1644, 9024, 8116
-1014, 7292, 6828
-572, 6192, 7590
-984, 5040, 7456
-716, 3866, 6586
544, 2074, 5748
-806, 654, 6930
-1310, -1252, 8396
2760, -1662, 5196
692, -2588, 4438
-208, -3828, 4356
-346, -5142, 2524
-160, -4682, 1698
380, -5214, 1470
1234, -6042, -244
1340, -5992, -1064
1292, -6894, -2384
1220, -6696, -2722
950, -6894, -4270
1828, -7068, -5288
2676, -6856, -6732
3090, -6746, -7580
2894, -6932, -7070
3182, -6778, -6968
3208, -6528, -5402
2746, -6684, -5470
2258, -6232, -4290
1408, -6096, -3416
1126, -4944, -2504
1180, -3990, -996
794, -2684, 42
104, -1502, 2082
-166, -1198, 3096
-1104, 346, 5678
-1672, 1596, 5952
-1884, 2334, 6324
-3960, 4402, 11420
-3926, 5380, 8740
-3770, 6726, 7790
-5290, 6852, 9444
-3562, 7914, 7784
-3344, 8366, 6066
-3366, 10112, 5500
-3498, 9382, 4792
-4672, 10066, 6156
-3186, 9908, 5610
-1282, 10130, 4604
700, 9682, 4064
-530, 9064, 4576
-1682, 8274, 4672
-2050, 8256, 4024
-1764, 8330, 3248
*NOTE-2017.03.28@15:14:24 - 1
-1640, 8598, 2386
-1028, 8148, 1684
-1472, 8218, 1228
-2718, 7264, -156
-3788, 6460, -4
-5136, 6472, 1128
-4294, 5740, 696
-5280, 5940, 868
-5574, 4736, 3582
-5434, 4610, 3290
-6516, 5246, 162
-836, 4570, -2000
210, 6388, 3108
-1048, 6402, 4594
140, 6528, 3866
-3326, 11820, 9020
-4204, 4570, 8718
2148, 5320, 9004
2100, 4510, 6930
1546, 3960, 7804
442, 3670, 8868
818, 2864, 9086
936, 2410, 9104
2092, 1600, 7876
1664, 1718, 7192
2290, 1704, 6552
2292, 1696, 6804
2434, 950, 6816
2840, 1846, 7962
4646, 1518, 4870
3974, 1448, 6088
4374, 2138, 6896
4544, 1338, 7250
3932, 940, 6336
5118, 4072, 9234
3406, 858, 6204
4032, 1898, 6526
4216, 1854, 8582
3776, 1950, 5180
4092, 2198, 6254
3074, 2014, 7498
5334, 2732, 5278
4050, 3646, 7286
1928, 1576, 5606
1118, 2564, 5340
1844, 2150, 8922
3418, 3828, 6680
1972, 2564, 10406
-216, 142, 6066
2046, 2570, 8252
-774, 1926, 8580
544, 1146, 9422
1012, -16, 9010
2712, 506, 5274
-4374, -2718, 5946
-3668, -3170, 3160
-6676, -1202, 8014
-4334, 598, 5688
-4732, 8, 7776
-3898, 2650, 7390
-2694, 1564, 7112
-2666, 1504, 7008
-3350, 1696, 6918
-2796, 1294, 5514
-4282, 2458, 7414
-3756, 2266, 6048
-4108, 3218, 5702
-4662, 2648, 7522
-4066, 2496, 6206
-4800, 2168, 6964

-----------------------------------------------
Date: 28.03.2017 - 15:14:28
End log file
