Terminal log file
Date: 28.03.2017 - 15:24:52
-----------------------------------------------

%~>daq start

 DAQ started.
%~>quit
%~>-1740, 7642, 2452
-2090, 8056, 2800
-2844, 7856, 2912
-3484, 7438, 3360
-3736, 6564, 2982
-4070, 6268, 3448
-3662, 5980, 2552
-3542, 5484, 2156
-3702, 5514, 2264
-3868, 5542, 2000
-4276, 6018, 2384
-3952, 6308, 1712
-3876, 6320, 2016
-3526, 6402, 1060
-4218, 6416, 2174
-3794, 6252, 1770
-3812, 6252, 2094
-4572, 6452, 2278
-4584, 6478, 2042
-4174, 6622, 1918
-3398, 7248, 2256
-4908, 7132, 2560
-5374, 6934, 2224
-4306, 7010, 3374
-3122, 6956, 1590
-3384, 7108, 2658
-4160, 6328, 3782
-3282, 6252, 3596
-3202, 6250, 3830
-2858, 6896, 3942
-2718, 6722, 3892
-3138, 6978, 3770
*NOTE-2017.03.28@15:24:53 - 1
-2502, 6598, 3524
-2736, 6758, 3430
-2276, 6740, 3434
-1964, 6678, 2624
-2436, 6692, 2640
-2742, 7168, 2262
-3102, 7300, 2196
-2672, 7216, 1836
-2300, 7092, 1818
-2170, 7266, 2018
-3490, 7142, 1954
-4846, 7308, 1556
-5740, 7100, 436
-5380, 6758, 2090
-4314, 5972, 1444
-4352, 5868, 2108
-4352, 6178, 3876
-3610, 6412, 692
-4362, 6222, 24
-4932, 6582, -396
-3590, 5954, -94
-3604, 6418, -1104
-4058, 6842, -660
-5294, 6652, -642
-4180, 6376, -934
-4068, 7298, -1224
-7342, 6298, -1076
-5328, 5754, -2630
-6246, 5712, -538
-7210, 6356, -232
-4206, 6548, -1444
-4890, 6150, -48
-5376, 6016, 1076
-5710, 5498, 1546
-3502, 6000, 360
-1580, 4296, -988
-2742, 7054, -1120
-8098, 8620, 6598
-2636, 6452, -1750
-5360, 7562, 1250
-4434, 7998, 2110
-2052, 7190, -218
-2072, 7732, 1080
-1662, 7434, 566
-560, 7446, 1074
-1396, 7654, 1360
-946, 7516, 1226
-476, 7680, 672
-828, 8104, 1356
104, 8024, 636
136, 8142, 784
354, 8084, 634
*NOTE-2017.03.28@15:24:56 - 1
36, 8636, 766
174, 7870, -76
-416, 8024, 570
2, 8042, 1354
872, 8578, 2270
964, 8606, 2746
-678, 8586, 3758
-830, 8742, 4556
2, 9244, 4166
90, 9440, 4524
-8, 9566, 5328
402, 10046, 5314
22, 9804, 5782
-116, 9306, 6950
-126, 8290, 6258
788, 7754, 5354
-762, 6766, 7664
-946, 5692, 7314
-912, 4528, 7930
48, 3432, 6712
60, 2546, 7636
68, 1166, 7548
370, 190, 7108
1082, -530, 5870
826, -1516, 5220
550, -3048, 4116
988, -3566, 2516
632, -4686, 1512
1238, -5284, 126
1134, -6042, -58
1550, -6334, -1330
918, -6590, -1424
1690, -6784, -3058
1764, -7128, -4286
1492, -6666, -5290
1484, -7336, -7316
1026, -7294, -7870
1572, -7024, -7022
1328, -6980, -5378
608, -6396, -4160
348, -6314, -3244
282, -5572, -1236
332, -5098, 1328
1670, -4678, 1248
1790, -4068, 2496
864, -3274, 4650
1200, -3186, 4790
1074, -2026, 5336
828, -678, 7226
868, 750, 8030
588, 1086, 6886
6, 2516, 7010
-914, 2910, 8178
-1350, 4676, 6878
-2804, 6652, 8154
-3424, 6478, 7838
-2200, 8692, 5898
-3710, 7364, 6706
-2632, 9310, 5838
-2232, 9278, 4814
-1408, 9524, 4156
-1968, 10226, 5466
-1194, 9962, 5192
702, 9180, 4296
756, 8708, 4186
-100, 8266, 4568
-960, 8318, 5602
-1108, 8742, 4274
-1202, 8922, 4332
-928, 10114, 4248
*NOTE-2017.03.28@15:25:00 - 1
-1018, 10924, 5064
134, 11118, 4446
214, 10916, 5020
412, 10810, 5284
84, 9830, 6464
-1012, 7996, 6760
-434, 7814, 6784
-1066, 6344, 7612
626, 4982, 6230
-554, 3310, 6576
-88, 2338, 6778
-66, 950, 6648
-474, -86, 6782
116, -1182, 5852
788, -2108, 5558
842, -3392, 4336
1278, -4116, 3540
1038, -4730, 2580
1176, -4974, 1560
854, -5660, 622
1434, -6022, -1252
1812, -6314, -2208
1748, -6324, -2230
2590, -6840, -3864
3234, -6800, -4670
3018, -6550, -5302
3978, -6832, -7118
4008, -6582, -6568
3678, -6616, -6160
2824, -6338, -4426
2286, -6144, -2878
2610, -6664, -2572
878, -6026, -24
336, -5630, 994
458, -5050, 1016
52, -4130, 2518
658, -3812, 2486
-642, -2854, 3968
-506, -1808, 3584
-1710, -580, 5618
-1926, -110, 7082
-1762, 1294, 7376
-1586, 3118, 7702
-1374, 3906, 6216
-3514, 5048, 9434
-3454, 6098, 6850
-4352, 7244, 7002
-3894, 8706, 5892
-2782, 9108, 4710
-3274, 9494, 4722
-3082, 9742, 4564
-2834, 10478, 4618
-3164, 10430, 5594
-2088, 9808, 5418
-136, 8878, 3102
1252, 8714, 2452
-540, 8558, 3910
*NOTE-2017.03.28@15:25:02 - 1
-1292, 8298, 3974
-1156, 8452, 3602
-900, 8572, 3264
-1452, 8920, 3402
-1636, 10144, 3738
-1438, 10348, 4386
-1008, 10744, 5292
-338, 11294, 5028
-556, 10920, 5134
-1122, 9900, 5936
-1370, 7306, 6422
-1074, 6768, 6656
-1002, 5564, 7220
278, 4332, 7304
4, 4300, 7090
-466, 3640, 8840
1268, 2092, 6944
1008, 1058, 6508
918, -146, 5790
1818, -1464, 4056
386, -2764, 4488
936, -3706, 2340
632, -4340, 1250
464, -5490, 280
1076, -6052, -518
1892, -6230, -1562
1994, -6130, -1818
2460, -7184, -3624
2208, -7336, -4722
1560, -6966, -5450
1504, -7358, -6398
1570, -7312, -7056
1798, -7310, -5930
1818, -6672, -5248
1392, -6350, -4052
858, -6252, -2304
930, -5852, 672
1370, -5258, 1258
1812, -4526, 1460
1184, -3930, 3576
1336, -2922, 2614
78, -1528, 4690
58, -1146, 2794
-1992, 984, 6572
-1864, 1486, 6822
-2852, 2810, 8870
-3042, 3866, 8708
-3006, 5160, 8550
-3518, 6370, 8118
-4230, 6892, 7858
-4126, 7674, 7534
-3300, 7884, 6286
-2826, 8534, 5126
-2720, 8962, 4978
-2344, 9480, 5034
-1914, 10138, 5272
-1550, 9842, 4008
292, 9128, 1922
180, 8780, 2508
-284, 8592, 2504
-110, 8570, 2054
*NOTE-2017.03.28@15:25:06 - 1
-458, 8354, 2730
-504, 8006, 3002
-822, 8372, 3622
-380, 8718, 3130
-1182, 9850, 4232
-148, 11270, 3378
-20, 10788, 4484
700, 11756, 5058
1122, 12010, 5182
1262, 11284, 5804
320, 9716, 6850
1282, 8584, 5104
644, 8404, 6608
272, 6856, 6704
430, 5652, 6070
740, 3824, 6370
916, 2156, 6572
816, 954, 5842
1296, -360, 5406
1644, -1860, 4466
1014, -3288, 3376
-154, -3914, 2876
428, -4738, 1908
370, -5224, 280
660, -5608, -420
1912, -6650, -2058
2004, -6788, -2854
1652, -6926, -3304
3352, -6314, -5926
2436, -6966, -5700
2398, -6908, -6198
2568, -6952, -6006
2430, -7060, -5366
2136, -6840, -4732
1586, -6196, -3358
2104, -6204, -2488
2132, -5226, -264
1592, -3714, -760
590, -3894, 666
-560, -2398, 1812
-1674, -714, 3870
-204, 246, 2388
-1154, 2778, 4100
-3484, 3302, 8354
-4148, 4680, 9366
-4420, 6890, 10100
-2982, 6652, 10066
-3108, 7444, 9694
-2716, 7996, 10822
-854, 8298, 6132
-1426, 8658, 6494
-988, 8914, 5306
-788, 9068, 4528
-1862, 9484, 4848
-1692, 9598, 3686
-1810, 9532, 3474
598, 9018, 1762
628, 8398, 2042
140, 8624, 1694
56, 8466, 1734
172, 8376, 1186
*NOTE-2017.03.28@15:25:09 - 1
-544, 7982, 2064
-576, 8152, 3386
306, 8958, 3002
-680, 9606, 4052
-284, 10878, 3984
108, 11546, 4614
1084, 12016, 4498
884, 11984, 5252
-50, 11330, 6014
268, 10320, 5894
-416, 10024, 6848
-256, 7436, 6390
-302, 7804, 6400
-62, 4716, 6148
128, 2272, 5436
1012, 1920, 6642
674, -12, 6372
1228, -832, 5268
1258, -2180, 4790
1022, -2944, 3852
166, -4282, 4532
224, -4812, 3116
1840, -4852, 1444
2192, -5588, 64
1772, -5818, 132
2322, -6684, -2006
1072, -6696, -1440
1194, -6946, -3068
1004, -6340, -4902
1432, -7440, -6482
1372, -7308, -7614
1442, -7228, -6462
2216, -6692, -6808
1718, -6694, -5278
1660, -6428, -4440
1362, -6120, -2098
1398, -5784, -1656
1230, -4704, -610
1202, -3870, 782
606, -3394, 3094
1524, -2178, 3444
2026, -604, 4762
2072, 98, 6130
1502, 590, 8124
2482, 2048, 7084
888, 3360, 9008
1374, 3602, 8630
512, 5200, 7490
-558, 4874, 8142
-882, 6754, 6670
-2122, 6838, 7584
-810, 8296, 4194
-1936, 8966, 5444
-1642, 10084, 4620
-902, 10574, 4718
-790, 10028, 4636
-1264, 9876, 5168
-1544, 9988, 4932
-1786, 9172, 3804
-1266, 8580, 2730
-458, 7980, 1666
*NOTE-2017.03.28@15:25:12 - 1
-1244, 7976, 2444
-1996, 8038, 3498
-1502, 8332, 3374
-1232, 8754, 2614
-2352, 9200, 4254
-1552, 10496, 3660
-576, 10786, 4580
-966, 11396, 5766
-334, 11700, 5574
-352, 11278, 6138
-1464, 9390, 7436
338, 9646, 5402
-632, 8232, 6978
-1232, 8418, 7176
-906, 5736, 6990
124, 4008, 6932
850, 2462, 5726
6, 450, 6106
410, -254, 5790
1152, -1780, 4336
392, -2800, 4574
884, -4038, 3042
1052, -4430, 1334
264, -5190, 1670
584, -5588, -22
1462, -5868, -1872
1262, -6608, -1936
1782, -6606, -3240
1626, -7028, -4000
2352, -7348, -5512
1952, -7266, -6246
1972, -6882, -7276
1660, -6974, -6554
1716, -7088, -6232
1602, -6846, -4822
1616, -6558, -3730
1586, -5768, -2102
1924, -5820, -1226
1742, -5172, -156
1356, -4192, 868
368, -3046, 3744
778, -2908, 3578
2, -1680, 5842
486, -854, 6984
268, 102, 7172
-80, 1210, 7678
-352, 2378, 8300
-1328, 2952, 10454
528, 4094, 5862
-1686, 5374, 8190
-1774, 5686, 7620
-2644, 7020, 6800
-3390, 6946, 6984
-3516, 7732, 6746
-3246, 7720, 6546
-1704, 8326, 4704
-1666, 8576, 4748
-986, 9006, 4000
-1316, 9416, 4060
-2214, 9232, 4446
-1408, 9186, 3766
-454, 8416, 2236
-326, 7720, 2202
-692, 8124, 2916
-454, 8076, 3254
-1226, 8322, 4128
*NOTE-2017.03.28@15:25:15 - 1
-824, 8786, 3356
-1324, 9490, 4532
-832, 10026, 4348
-118, 10736, 4752
248, 11030, 4738
12, 11150, 5734
406, 10586, 5504
342, 9860, 5824
-258, 9210, 5934
156, 6964, 6914
-1286, 7090, 7372
-192, 5016, 7316
148, 3692, 7320
494, 2460, 6856
128, 1212, 7114
16, 78, 7108
1140, -650, 6162
1334, -1740, 4778
642, -3028, 4468
662, -3940, 1892
-176, -5376, 1980
340, -5736, 1056
956, -6398, 352
1262, -6246, -742
1808, -6624, -2232
1836, -6880, -3330
1784, -7326, -4582
2176, -7192, -5344
2842, -7012, -6312
3678, -7342, -6404
3368, -6842, -5716
2774, -6590, -4912
2504, -6496, -3976
1600, -5846, -2252
1492, -5550, -1776
490, -4894, 474
-122, -4070, 2648
754, -3528, 1902
130, -2830, 3254
-604, -2390, 5810
-982, -1708, 6872
-1070, -378, 6396
-1660, 446, 7566
-2580, 1372, 8420
-1608, 2928, 7556
-3170, 3404, 8776
-3372, 4002, 9004
-3318, 5544, 7546
-4946, 5398, 8312
-3740, 6352, 6398
-3634, 6472, 6410
-2120, 8418, 5454
-1014, 8170, 3924
-1698, 8866, 4492
-1796, 9880, 4752
-2050, 9412, 5050
-1460, 9162, 4696
-22, 8814, 3190
164, 8586, 2738
-286, 8098, 2990
-186, 8168, 2718
-392, 8130, 2854
-592, 8262, 3244
*NOTE-2017.03.28@15:25:18 - 1
-652, 8298, 3818
-1684, 8892, 5232
-490, 9714, 4096
-270, 10548, 5088
-292, 10290, 5234
-236, 10448, 5630
-402, 10362, 6206
-1200, 9612, 6856
-242, 10602, 6344
-600, 7572, 6656
-2260, 5650, 8010
-600, 4714, 7016
-914, 3206, 7214
-428, 2754, 7786
-4, 1434, 7434
70, 610, 5994
282, -738, 6134
1174, -1724, 4314
446, -3246, 4434
786, -3566, 2426
274, -4978, 1226
-16, -5938, 1514
1046, -5932, -466
1910, -5404, -318
2714, -6704, -2288
2922, -6564, -4036
2672, -6928, -5004
2926, -6562, -6322
2902, -6574, -7252
3258, -6848, -7240
3268, -6716, -5830
2748, -6366, -4530
2820, -6266, -4146
1254, -5676, -1082
2218, -5530, -1726
1970, -4636, -480
1918, -4042, 470
926, -2376, 2514
180, -1846, 3756
-282, -838, 5550
-184, -540, 6482
-628, 938, 7154
-1924, 2510, 9496
-830, 2922, 7320
-2176, 3976, 10096
-1536, 4442, 8086
-1846, 5826, 7440
-3054, 5666, 8028
-2646, 7246, 5946
-3018, 7724, 6138
-1556, 9026, 5942
-1108, 8444, 3906
-2336, 9262, 5546
-2354, 9374, 5310
-1582, 9782, 4496
-404, 9192, 2980
512, 8832, 1962
-286, 8626, 2580
-384, 8416, 2392
-300, 8396, 1996
-472, 8226, 2304
*NOTE-2017.03.28@15:25:21 - 1
-630, 8114, 2832
-696, 8330, 3608
-752, 8608, 3206
-1504, 8696, 4066
-910, 9956, 4262
-550, 10524, 5648
-70, 10882, 5606
-640, 11688, 7260
-290, 11192, 6332
-452, 10616, 6806
-340, 10860, 7102
464, 8026, 6228
232, 7660, 6490
-358, 6314, 6548
150, 3970, 6360
778, 1986, 5688
-714, 718, 6830
600, -618, 5260
760, -2242, 4292
124, -3230, 4082
904, -4266, 2184
-508, -5380, 3556
628, -5292, 1098
1816, -5602, -716
1578, -6242, -1186
1962, -6718, -730
1810, -6510, -736
2186, -6656, -2082
2708, -7030, -3854
3210, -7604, -5950
2770, -7338, -5002
2852, -7316, -6068
2410, -7280, -5524
1898, -6554, -4552
1686, -6916, -4202
1056, -6660, -2750
1912, -5978, -2596
1686, -4728, -1720
338, -4266, -422
-848, -3464, 1806
-550, -2280, 2578
-486, -488, 4610
-106, -426, 5438
-1196, 988, 8630
-1236, 2544, 7090
-1554, 2078, 9092
-1656, 3878, 9464
-2592, 4136, 9794
-2936, 5770, 8282
-3692, 5722, 7476
-4072, 6080, 6588
-4162, 6412, 6294
-2696, 7640, 4900
-2108, 8812, 3730
-2940, 9284, 4596
-2752, 10184, 5190
-1968, 10274, 5310
-430, 9782, 4466
326, 9358, 4318
860, 8512, 2722
24, 8282, 2886
-98, 8204, 2788
-554, 8070, 2506
-436, 8140, 2480
*NOTE-2017.03.28@15:25:24 - 1
-502, 8358, 3458
-624, 9080, 3062
-526, 9002, 3754
-394, 9510, 3952
-250, 10052, 4848
72, 10004, 5580
-238, 10090, 6068
234, 10216, 6014
-168, 9736, 6926
76, 9100, 6262
-314, 7896, 7286
-532, 6390, 7618
920, 5338, 6732
-108, 3504, 7094
-424, 2602, 7702
-616, 1492, 7084
-1030, 282, 7284
288, -786, 6228
174, -1720, 5806
660, -2280, 3436
170, -3904, 2600
-8, -4846, 1704
116, -5446, 692
1128, -5794, -478
1622, -5874, -1232
1798, -6172, -2094
2194, -6384, -3166
1216, -6386, -4050
2976, -7050, -6484
2304, -7224, -7462
3110, -7476, -8262
2022, -6978, -6580
1790, -7088, -6222
1534, -6746, -5076
682, -7098, -3400
268, -6162, -22
1948, -5312, -2154
1520, -5440, -1138
218, -4380, 1118
602, -4094, 1052
430, -2000, 3956
726, -2062, 5892
820, -456, 6212
226, -212, 6800
-700, 392, 7832
-2314, 1666, 10272
-272, 3766, 7748
-1278, 3534, 9014
-1806, 4096, 8444
-3300, 5200, 7628
-3808, 6090, 6954
-4178, 6280, 6606
-4386, 7084, 6914
-2512, 7510, 4198
-2478, 8210, 4280
-2544, 9008, 3726
-3190, 9768, 5258
-3502, 10350, 6344
-1512, 9474, 4504
446, 9312, 2994
-98, 8392, 3224
-516, 7792, 2920
-756, 7908, 2702
*NOTE-2017.03.28@15:25:27 - 1
-840, 8116, 2880
-836, 8146, 3714
-830, 8200, 3642
-1350, 8596, 4700
-426, 9848, 3610
-532, 9882, 4292
-658, 9572, 5132
210, 9894, 4832
-92, 9640, 5560
-928, 9506, 6730
-376, 9544, 6284
-942, 8332, 7920
-466, 7838, 7566
-828, 6890, 8378
-1234, 5376, 8550
62, 4400, 7822
522, 3086, 7556
400, 1728, 6778
454, 226, 6066
898, -646, 5302
1000, -2022, 3682
-34, -2676, 4220
1318, -3542, 1130
90, -5362, 1594
148, -5942, 2264
1754, -5750, -498
2340, -5988, -3402
1130, -6644, -3244
936, -6830, -3468
1752, -6612, -4554
2806, -6922, -5408
4552, -7218, -6166
4540, -6992, -6154
3908, -6786, -5578
3508, -6774, -5890
2288, -6702, -4460
3180, -6738, -5682
112, -5784, -16
1160, -5208, -276
780, -4414, 1224
672, -4624, 1568
626, -3644, 2774
-652, -3024, 5018
-42, -2652, 3594
-812, -1118, 5068
-1550, -76, 6522
-2126, 1110, 7324
-2090, 2006, 7346
-2436, 4186, 7422
-3314, 4772, 9036
-2726, 6160, 7682
-3372, 6834, 8328
-2516, 7766, 5564
-4524, 8918, 8646
-2816, 8544, 6866
418, 9302, 2950
-1956, 9668, 5136
-1852, 9766, 5240
-1542, 9484, 5146
-452, 8938, 3502
-884, 8916, 2894
-368, 8614, 2936
-748, 8268, 3338
-1074, 8176, 3018
*NOTE-2017.03.28@15:25:31 - 1
-388, 8102, 2264
-802, 8252, 3084
-74, 7918, 3346
-100, 8890, 3138
-658, 9290, 3858
-286, 9580, 3620
-246, 9800, 4272
28, 9482, 4910
-202, 10166, 6194
242, 9934, 5438
-64, 9328, 5904
498, 9110, 5258
-6, 7968, 6254
-212, 6356, 7106
-582, 6046, 7616
-44, 4792, 8276
312, 3604, 7518
854, 2764, 7310
10, 1384, 6990
-262, 294, 6966
240, -1046, 6138
32, -1966, 6114
566, -2804, 4504
-54, -2984, 4256
324, -4328, 3132
1134, -4930, 1152
1464, -5332, 816
2254, -5698, -510
2216, -6260, -1992
2420, -6718, -3012
2242, -6696, -3598
2562, -6842, -4812
2624, -6806, -6372
3120, -6868, -6792
3216, -6906, -6978
3066, -6976, -7168
2156, -6666, -5744
1858, -6786, -4834
1666, -6328, -4130
1282, -6210, -2932
1878, -5684, -2748
1530, -4182, -858
1282, -4086, -810
74, -3014, 2988
-248, -2128, 5248
1018, -1238, 3972
604, 400, 6076
-154, 766, 7220
-966, 1640, 8404
-1702, 2684, 8750
-1402, 3712, 9292
-1306, 5146, 6996
-2942, 5520, 8996
-2280, 6700, 6330
-4128, 7186, 9154
-2940, 7624, 6220
-3084, 8578, 6118
-2756, 9388, 5460
-1374, 9506, 3646
-998, 9710, 4694
-960, 9872, 5000
-982, 9144, 4776
160, 8808, 3538
56, 8710, 3060
-490, 8210, 3474
*NOTE-2017.03.28@15:25:34 - 1
-652, 8224, 3980
-620, 8330, 4198
-578, 8584, 3822
-1126, 8780, 4220
-740, 9972, 4226
-722, 9990, 4714
198, 9968, 4536
-12, 9886, 5550
30, 9900, 5436
134, 9534, 6284
-106, 8788, 6160
-164, 8144, 6330
-686, 6534, 6784
786, 5882, 6854
-716, 5036, 8252
662, 3538, 7474
166, 2580, 8216
738, 1400, 7278
156, 380, 6804
-2, -524, 7302
982, -1702, 4730
440, -2490, 4446
870, -3184, 2414
-68, -4706, 2048
-494, -5606, 2176
638, -6236, 10
940, -6222, -706
1958, -6586, -2544
1232, -6964, -2216
1318, -6594, -3244
2200, -6864, -4318
3028, -7332, -5498
3828, -6862, -6586
4100, -6876, -7286
3500, -6742, -5936
3402, -6424, -5474
3106, -6678, -4676
2252, -6300, -3418
1568, -5918, -2862
214, -4418, -1396
586, -4542, -602
-584, -4200, 2520
-382, -3524, 4200
714, -1798, 4092
232, -1398, 6050
-270, -880, 6778
-1476, 422, 10014
684, 1380, 6754
102, 3048, 6842
-1126, 3972, 8524
-1930, 4140, 8726
-1984, 6290, 7890
-2858, 6616, 8700
-2368, 7386, 6570
-5032, 7370, 8924
-3030, 7864, 5842
-2428, 8240, 4316
-2246, 9032, 4844
-1100, 9546, 4040
-1562, 9534, 5046
-1204, 9476, 4756
-330, 9280, 3128
-4, 8632, 2396
*NOTE-2017.03.28@15:25:37 - 1
-616, 8452, 3046
-886, 8180, 3126
-1474, 7918, 3668
-1650, 7988, 4336
-1622, 7900, 4194
-2044, 8738, 4880
-1292, 10090, 4018
-560, 10914, 4864
-1018, 10604, 5020
-1378, 10486, 6030
-908, 10178, 6200
-1460, 8514, 8312
-14, 9048, 5810
-644, 7966, 6738
-1570, 5928, 7592
-406, 5224, 7380
-566, 3642, 6620
-1324, 2668, 7928
-966, 1976, 8340
400, 528, 6154
-354, -490, 6086
348, -1352, 5198
-148, -2798, 4382
500, -3958, 2688
24, -4746, 1818
294, -5384, 1428
1104, -6336, 116
1408, -6418, -520
1744, -6438, -1128
1850, -6394, -2162
1250, -6604, -2452
1536, -7002, -3514
2470, -6948, -6288
3714, -7254, -8446
3260, -6994, -7286
3396, -6700, -6638
2670, -6932, -5502
2100, -6606, -3472
2064, -6578, -2370
1056, -6788, -672
684, -6848, -86
1092, -6004, -720
1042, -5262, -98
830, -4504, 844
-20, -4540, 3276
290, -2800, 3778
498, -1980, 4048
-572, -1696, 6698
-102, -682, 7146
-298, 844, 10054
788, 814, 5734
-2040, 3486, 7962
-3004, 3786, 7422
-3706, 4924, 6442
-4588, 6210, 7376
-3738, 5752, 5454
-3720, 7500, 6932
-4884, 7276, 5824
-3824, 8810, 5606
-1870, 9072, 4506
-428, 10056, 3382
-1332, 10316, 5222
-1156, 9708, 5802
-308, 9310, 4546
150, 8526, 2664
-378, 8460, 2418
-666, 8372, 2210
-896, 8392, 2566
*NOTE-2017.03.28@15:25:40 - 1
-650, 7856, 3002
-282, 8334, 3406
-64, 8552, 2936
-1152, 8086, 3566
-818, 9034, 3888
-388, 10124, 3432
6, 9892, 4122
76, 9414, 4772
-72, 9424, 5304
-406, 9164, 5492
-202, 9598, 6266
2, 8710, 6248
-284, 7720, 7480
138, 6798, 6998
-190, 6088, 7276
-408, 4408, 7530
-286, 3346, 7106
-514, 2628, 8172
-210, 876, 7298
-188, 88, 7560
504, -502, 7138
1210, -1570, 5662
1110, -2722, 5302
1582, -3158, 4394
1586, -3892, 3102
1348, -4464, 2038
1224, -5248, 700
638, -5546, 192
1028, -6100, -1130
1214, -6188, -2068
2144, -6446, -4172
1792, -6296, -4752
2556, -6308, -6830
3028, -6480, -8878
2196, -6734, -8546
2578, -6668, -8166
2414, -6612, -6868
1468, -6250, -5070
780, -6270, -3414
930, -5624, -2876
1236, -4778, -1680
1056, -4418, -344
782, -3264, 1680
1712, -3270, 3382
2316, -1770, 4272
1472, -1376, 5662
1172, -700, 5466
-88, 1002, 8818
1476, 1578, 7036
646, 2948, 7268
-396, 3652, 9602
-812, 5400, 10310
-130, 5072, 9450
-778, 6936, 8124
-1610, 6662, 7826
-1832, 7528, 6870
-1094, 8440, 6126
-840, 8642, 5146
-810, 8962, 5402
-968, 9270, 6444
-432, 9474, 6640
182, 9188, 5832
-6, 8502, 5068
-208, 8276, 4592
-178, 8252, 3756
-180, 8278, 3768
*NOTE-2017.03.28@15:25:44 - 1
-574, 9036, 3518
1494, 8832, 1974
1868, 7412, 510
594, 7876, 1174
-2184, 6752, 680
-4312, 6688, 2362
-3574, 5460, 1556
-3096, 5904, 740
-2950, 3792, 1574
-5304, 4166, 4218
-4418, 5952, 2730
-1682, 6744, 266
-208, 6780, 2236
1498, 10734, 28
-1176, 9214, 5496
944, 9642, 9198
1342, 2566, 2406
-2214, 6496, 9122
2358, 3458, 5898
-336, 3280, 8736
1188, 2686, 6296
188, 2736, 7656
4, 2498, 7922
582, 2492, 7372
120, 1740, 7962
648, 1602, 8302
408, 1536, 8144
778, 1618, 7874
1234, 1616, 7108
692, 1760, 7978
868, 1814, 7080
1076, 1054, 6838
1244, 1258, 8174
1856, 1016, 7628
1564, 940, 8230
2064, 1280, 6628
2498, 910, 7232
2638, 1338, 7542
1998, 1398, 7368
1246, 1158, 7238
2400, 1758, 7652
2028, 1176, 8404
1866, 1680, 8556
1850, 1976, 8478
2434, 1842, 7480
1800, 1890, 7468
1834, 2394, 6690
2122, 2762, 7770
2502, 2810, 8118
3000, 3632, 7522
1254, 3072, 6836
2302, 2422, 7270
1716, 3226, 7658
2664, 3176, 4978
1306, 2834, 6912
1034, 3692, 7600
1974, 2706, 7270
1064, 2330, 8052
1612, 3768, 10290
1490, 1872, 6278
1042, 2520, 8826
2908, 3448, 9518
4728, 2052, 7110
4204, -290, 454
-2514, -1886, 3452
-9448, -4088, 9122
-4402, -1432, 5186
-5226, -674, 5238
-6354, -434, 6550
-6484, 794, 5642
-4686, 2170, 6486
-4230, 2582, 7220
-4408, 1676, 7798
-2434, 1298, 6036
-2708, 1474, 6914
-2846, 1816, 6036
-2570, 4962, 9390
-4876, 2028, 7068
-3590, 1036, 8838
-3840, 112, 8496
-1048, 388, 7002
622, 1480, 6742
*NOTE-2017.03.28@15:25:48 - 1
954, 894, 4708
-1910, 1962, 5368
-4612, 1678, 6514
-6890, 1894, 12924
-2696, 1446, 6270
-5228, 1774, 7120
-6724, 2490, 7404
-6138, 3010, 5894
-7402, 2728, 4474
-7604, 1738, 3832
-7066, 288, 3794
-7752, 384, 4490
-5704, -378, 3128
-5754, -430, 3644
-7286, -528, 3784
-6654, -1136, 3142
-5628, -1096, 1998
-6662, -1480, 1726
-7724, -1566, 1128
-8472, -1960, 748
-10042, -452, 2946
-8950, -864, 852
-7632, -1436, -898
-8156, -1776, 972
-7406, -1676, 168
-8888, -1222, 664
-8208, -670, -256
-7992, -654, -260
-8012, -1112, -144
-8054, -1228, 668
-7416, -944, 128
-8384, -358, 2814
-7320, -1142, 456
-8374, -1112, 1606
-8148, -1474, 1270
-7948, -1086, 1472
-7182, -892, 1748
-7534, -460, 2920
-7564, -290, 3386
-7686, -768, 3620
-7356, -978, 4216
-6684, -1054, 3134
-6894, -1542, 4446
-5774, -2018, 5070
-5570, -1382, 4876
-5496, -1562, 5466
-5092, -1402, 6634
-3580, -1028, 6962
-904, -772, 6096
-186, -414, 6994
-582, -470, 8068
-1652, -158, 8394
-3296, -986, 10382
-2014, -676, 7238
-2604, -756, 8434
-526, -1292, 6218
-1174, -2042, 7122
1504, -1376, 7298
-502, -1932, 5576
2186, -3142, 4592
914, -3392, 6938
518, -1982, 7822
684, -2190, 7316
302, -1712, 8042
334, -1512, 8732
386, -1112, 8976
868, -1480, 7846
600, -1916, 7874
-1318, -1234, 6994
130, -2332, 6782
152, -1910, 6644
522, -1702, 7574
-274, -1126, 8012
-536, -1084, 8234
-278, -1132, 7540
-228, -958, 8190
-392, -820, 8074
-288, -740, 8062
-624, -822, 7884
-1320, -1104, 7908
-1720, -1444, 7752
-1492, -1370, 7086
-290, -658, 7672
1258, 108, 8258
3652, 72, 5194
862, -268, 8032
-1478, 244, 10320
0, -814, 7738
298, -1074, 7098
-554, -1342, 6944
-1570, -1122, 7816
-1478, -1438, 7706
-1956, -1372, 7972
-1368, -1418, 7532
-776, -1100, 7746
-770, -1214, 7724
-986, -1220, 7822
-1320, -1206, 7726
-1208, -1180, 7792
-736, -1142, 7650
-780, -1312, 7644
-1264, -1122, 7524
-1414, -1386, 7570
-2310, -2892, 6656
-1362, -2000, 8710
8, 1402, 7424
3406, 2026, 7998
1662, 92, 8214
-824, -2894, 7858
-3332, -3908, 6518
-2530, -2876, 6922
558, 1338, 6996
2774, 1732, 8496
1832, 136, 8324
120, -1254, 8048
-926, -2014, 7490
-1058, -2144, 7446
-598, -1630, 7504
158, -1094, 7400
160, -842, 7824
-84, -1250, 8046
570, -1532, 7148
84, -782, 8172
-412, -1112, 8534
-94, -1050, 7642
98, -1088, 7602
124, -1054, 7176
-54, -694, 7994
488, -874, 8514
752, -1010, 8298
-64, -1378, 7958
-552, -1350, 7506
-964, -1548, 7004
-456, -1592, 7682
-234, -1566, 7560
-344, -1326, 7826
-302, -1170, 7788
-420, -1368, 7886
-164, -1282, 7912
40, -1172, 7868
-76, -1208, 7590
-504, -1146, 7854
-1098, -1158, 7306
-164, -914, 5554
-656, -1022, 7868
-4094, -1618, 8324
-5838, -1770, 4006
-9662, -1140, 5378
-7182, -1346, 4294
-7522, -746, 5502
-6144, -412, 4052
-6676, -896, 4236
-6624, -962, 4232
-5788, -942, 3474
-6078, -916, 3152
-7686, -354, 3844
-10094, 490, 5830
-8900, 126, 4290
-5866, -636, 3668
-6150, -1256, 5204
-5180, -1842, 5276
-3388, -2184, 5186
-2468, -2050, 5496
-2446, -1676, 6842
-2206, -1238, 7998
-1262, -1398, 7210
-1924, -1414, 7952
-2206, -2044, 7686
-1648, -2736, 7438
-1838, -1370, 7012
898, 232, 7660
2190, 626, 7742
716, 222, 7112
-676, -134, 9622
-688, -1450, 7478
-2232, -2446, 6996
-2354, -2870, 6078
-2584, -2636, 6348
-2076, -2074, 5726
-3600, -1488, 5370
-6050, -1018, 6758
-6604, -1200, 5190
-7282, -1100, 4620
-7730, -822, 5152
-7206, -972, 3560
-7292, -1228, 3752
-6880, -1022, 3568
-6508, -1088, 3898
-6562, -1182, 3794
-6466, -1440, 3914
-6958, -1150, 4194
-6488, -1442, 4018
-6720, -1306, 4166
-6448, -1502, 3740
-6586, -1372, 4340
-6404, -1492, 4236
-6382, -1314, 3998
-7030, -1466, 3800
-6606, -1788, 4052
-7226, -1372, 5456
-6090, -1886, 4018
-6428, -1866, 4688
-5650, -1140, 6144
-5234, -1032, 9290
-5428, -418, 8314
-4856, -1248, 8038
-2444, -1894, 6448
-964, -2150, 5046
-2652, -2172, 5804
-3344, -1734, 5832
-3524, -244, 5166
-2704, 1374, 5954
-3302, 2194, 7176
-2442, 3028, 7048
-2052, 3188, 7098
-1478, 3012, 6742
-1644, 3510, 7148
-2002, 3376, 8060
-512, 2996, 6594
-1886, 3374, 7696
-1218, 2324, 6790
-1228, 3356, 7280
-500, 3108, 6750
-400, 2748, 6864
292, 2994, 6980
608, 2696, 7714
-446, 2958, 7364
-184, 3142, 6920
4, 3102, 7274
38, 3058, 7594
-88, 2974, 8456
532, 3042, 7062
1028, 3174, 7758
1538, 2838, 7164
*NOTE-2017.03.28@15:26:00 - 1
2700, 3122, 6784
3732, 3266, 5724
4054, 3510, 5940
3972, 3402, 6242
3948, 3278, 6080
4090, 3194, 5580
3532, 3080, 6350
3916, 3638, 7222
2998, 4270, 7310
2238, 2254, 6214
592, 2380, 7334
48, 1288, 6816
-1284, 1838, 8044
634, 1010, 7448
-754, 1652, 9596
1410, 130, 5240
-3232, 2204, 16448
-2402, -4188, 9756
208, 126, 8658
1748, 2786, 8214
3388, -1122, 7768
1542, 1148, 9296
1682, 608, 7586
2298, 518, 7796
2150, 1728, 7628
1338, 1182, 7484
1834, 1414, 7502
1804, 910, 8082
1586, 730, 7688
1478, 538, 7602
1156, 414, 8094
826, 1128, 7460
888, -34, 7522
1022, -14, 7700
146, -10, 7440
934, -4, 8786
408, -894, 8142
452, -856, 7606
776, -1058, 7536
770, -988, 8244
326, 22, 7828
-888, 380, 8660
-1524, 1684, 7480
-3714, 3934, 8434
3668, 6814, 2996
-654, 7028, 5630
1298, 5636, 5762
638, 4070, 5132
1314, 4534, 4030
1134, 4828, -1740
-4364, 8508, 1440
-6114, 7536, 3706
-3814, 8246, 2682
-3768, 7812, 2478
-2944, 7914, 3258
-760, 7646, -1420
-1660, 8602, 948
-1564, 8398, 1362
-2332, 7960, 4786
-490, 6514, 3390
756, 7082, 2530
2522, 6902, 948
1918, 7134, 1320
1244, 7552, 1486
2628, 7746, 470
2434, 7428, -732
1398, 7194, 326
820, 7464, 540
546, 7306, 1096
530, 8318, 1598
840, 7782, 2086
538, 8168, 1396
1230, 8030, 684
640, 8758, 738
500, 8866, 262
560, 7590, -328
352, 8262, 88
*NOTE-2017.03.28@15:26:03 - 1
88, 8462, 484
330, 8110, 300
510, 7854, 348
256, 8074, 514
320, 8034, 358
646, 7942, 310
444, 8230, 1468
1280, 8422, 3022
596, 7946, 6100
1978, 9950, 7082
1138, 11138, 8650
888, 12732, 7874
808, 13730, 7256
916, 13082, 6354
710, 11876, 6406
542, 10464, 5620
782, 7172, 5558
-858, 5544, 7224
320, 4134, 6120
452, 2512, 5406
-80, 426, 5088
306, -498, 5096
784, -1662, 4502
954, -2936, 3970
962, -3728, 3204
1072, -4578, 1736
724, -5094, 900
894, -5838, -862
854, -5606, -1414
1520, -6224, -3460
1914, -6494, -4720
1652, -6880, -6350
1306, -6856, -7594
1042, -6932, -8916
952, -6690, -8506
1286, -6464, -7558
722, -6094, -5174
370, -6058, -3598
810, -4922, -3120
690, -5082, -2198
408, -3614, 412
1654, -2828, 860
2658, -2046, 2726
2200, -1228, 5342
2050, -522, 4020
16, 1638, 8074
1108, 2068, 8664
572, 3258, 9500
132, 4996, 8226
-1464, 5316, 9060
-302, 5862, 8192
-2530, 6668, 9062
-2180, 6912, 7098
-2008, 7634, 9012
-574, 8280, 5822
-1178, 8932, 6206
-500, 8908, 4972
-2074, 10184, 5464
-1556, 9488, 5224
206, 9506, 3534
774, 8408, 2950
972, 7972, 2270
558, 8182, 1730
380, 8066, 1408
368, 8136, 1550
*NOTE-2017.03.28@15:26:07 - 1
712, 8138, 1410
594, 8094, 3128
490, 8632, 3878
150, 9326, 4890
1078, 10280, 4686
260, 10938, 5708
804, 11518, 4936
1046, 11420, 5078
1066, 10876, 5302
740, 9978, 6180
1376, 8712, 6000
880, 7874, 6482
36, 5848, 7722
1348, 5198, 6536
1716, 3278, 6578
1752, 3222, 6966
1244, 1070, 6172
406, 482, 7010
1760, -1054, 4858
1166, -2324, 4020
750, -3454, 3160
-102, -4198, 1996
252, -5132, 880
490, -6294, -142
1174, -5896, -474
1722, -6076, -42
974, -5952, -1452
2874, -7040, -6480
3226, -6648, -8958
3044, -6412, -9696
3092, -6196, -8478
3060, -6052, -7478
2866, -5834, -5904
2358, -5492, -4394
1530, -5068, -1996
1464, -4534, -1178
610, -3948, 1118
304, -3506, 2170
1028, -2210, 2710
396, -1836, 5924
618, -1736, 6346
596, 180, 6984
220, 1938, 8244
-932, 1638, 9884
-604, 2396, 7328
-1868, 4124, 8684
-1624, 3942, 7910
-2406, 5376, 7042
-3628, 5790, 7994
-2048, 7214, 6494
-3044, 7638, 6404
-2010, 9302, 5692
-1550, 9702, 4096
-2552, 10298, 5834
-1876, 10248, 6192
-1106, 9940, 4978
-20, 9120, 3310
170, 8534, 2570
-358, 8366, 2920
-1148, 8170, 3188
-1036, 7888, 3094
*NOTE-2017.03.28@15:26:10 - 1
-792, 8176, 2826
-536, 8542, 3180
-132, 8618, 2888
-1134, 8864, 3826
-724, 9724, 3980
-588, 10534, 4686
90, 10322, 4680
190, 10238, 5642
436, 11026, 6318
220, 10380, 6600
798, 8996, 7796
1344, 7946, 6866
1138, 7652, 7174
1596, 5080, 6116
616, 5096, 6688
1620, 3522, 6554
782, 2190, 6648
378, 434, 6794
690, -680, 6402
1398, -1738, 4266
1072, -2590, 2854
-468, -4450, 2650
-124, -4910, 1920
18, -5538, 192
1108, -5834, -1222
1978, -5730, -2670
2316, -6334, -3426
2152, -6594, -4486
2200, -6706, -5974
2010, -7028, -8630
776, -6748, -7766
1310, -6798, -7230
1858, -6332, -6320
2090, -6568, -5532
1158, -5760, -3238
1098, -5966, -1890
212, -5472, -882
1986, -4130, -934
2308, -3268, 256
1768, -2444, 3222
1738, -2036, 4208
2324, -1352, 4396
1994, 570, 7832
2526, 1536, 7934
2712, 2644, 7676
718, 3504, 9806
110, 3308, 8998
-1324, 4846, 8518
-1902, 5316, 7298
-2830, 6390, 8590
-2132, 7266, 6622
-2006, 8380, 6562
-1208, 9580, 5998
-270, 9982, 5412
-100, 9874, 5620
-368, 9328, 6000
-176, 9356, 5494
-298, 9224, 3718
316, 8104, 2020
-816, 8196, 2866
-576, 7842, 2822
-708, 7950, 3406
*NOTE-2017.03.28@15:26:13 - 1
-394, 8140, 3688
46, 8188, 4252
-152, 8802, 4142
1046, 9754, 2938
-566, 9916, 4310
-162, 10004, 4806
-6, 10266, 5414
554, 10258, 6222
1002, 10058, 6548
188, 10030, 8318
976, 8876, 7860
1398, 7622, 6896
-646, 6778, 8696
696, 4720, 6894
1100, 3172, 6272
546, 1406, 7570
520, 740, 6980
870, -250, 5994
1300, -1048, 5392
1730, -1984, 4548
1394, -3580, 2972
806, -4630, 2424
-228, -5360, 3128
1120, -5452, 934
1978, -5094, -234
2334, -5552, -1478
2384, -6176, -3822
890, -6724, -4032
1010, -6926, -6298
544, -6800, -7482
420, -7242, -8464
926, -7124, -8162
486, -6810, -6742
650, -6532, -5562
250, -6334, -4632
578, -6026, -4034
438, -5002, -1980
844, -4700, -664
1672, -4240, 400
1612, -2920, 2860
2236, -1882, 3764
1244, -1490, 6174
1678, 232, 5202
-110, 1360, 8720
-8, 890, 7900
-370, 3220, 7886
-1714, 3932, 9774
-1238, 4954, 7294
-2072, 6026, 9262
-1684, 6224, 6690
-2924, 7576, 7928
-2412, 8738, 5988
-2030, 9674, 5412
-1580, 9932, 5346
-1618, 10374, 5990
-1110, 10038, 5916
-744, 9688, 4848
-742, 9092, 3812
44, 8582, 3026
-736, 8188, 3188
-1084, 8014, 2472
-1116, 7694, 2062
-1068, 7716, 2934
*NOTE-2017.03.28@15:26:16 - 1
-894, 8034, 4226
-928, 8702, 4148
-872, 9738, 4756
-746, 10372, 5034
-986, 10922, 6088
-242, 11536, 5762
-26, 11564, 6270
-88, 11010, 6754
18, 9910, 6814
242, 8938, 7220
528, 7586, 6584
928, 5674, 6230
898, 4946, 5800
684, 3250, 6770
352, 1768, 7294
794, 396, 6394
1228, -500, 5342
754, -1828, 4662
826, -3078, 2680
-902, -4086, 2754
-564, -4888, 1430
578, -5336, 162
1310, -5610, -318
1908, -6124, -1794
1892, -6544, -3186
1098, -6676, -3748
2042, -5928, -6064
2678, -6994, -7856
2926, -7058, -8138
2772, -6702, -7742
2752, -6582, -6802
1798, -6142, -4762
1320, -5864, -4086
1100, -6254, -2378
138, -5946, 84
502, -5486, -606
820, -4352, 636
-44, -4142, 2544
-510, -3014, 4024
326, -2542, 5112
1176, -616, 6298
688, -230, 7116
1596, 2062, 5544
-134, 1622, 8554
292, 4030, 6724
-2690, 5274, 8978
-3628, 4728, 9834
-2626, 7028, 6292
-5216, 7142, 7758
-3626, 7848, 5714
-3492, 8344, 6120
-2708, 9332, 4708
-2752, 10076, 5664
-1714, 9920, 5146
-1654, 10134, 5120
-836, 9244, 4348
-38, 8642, 3554
-28, 8416, 2942
-586, 8238, 2828
*NOTE-2017.03.28@15:26:19 - 1
-1196, 8000, 3172
-1004, 7886, 3146
-1020, 8402, 3602
-1286, 8626, 3274
-1712, 8988, 3866
-1166, 9526, 4160
-1660, 9674, 5520
-1216, 10484, 5860
-1454, 10632, 6536
-1502, 10730, 7080
-1040, 10448, 6654
-890, 9014, 6630
-1100, 8484, 7516
-1490, 6996, 7810
-442, 5362, 7402
104, 3864, 6656
878, 2732, 6332
358, 1220, 6464
364, 148, 6652
1126, -904, 4748
-94, -2278, 4968
-228, -3528, 3248
-664, -4586, 2666
26, -4774, 1224
934, -5570, 334
1872, -5806, -1702
2074, -6934, -2536
1592, -7242, -3488
1644, -6788, -4872
1438, -7038, -5896
1080, -6954, -7654
1586, -7196, -7882
1338, -6440, -5438
2086, -7002, -5994
1434, -6562, -4368
1062, -6772, -3872
606, -5184, -3340
582, -4282, -2754
1264, -3350, -1112
920, -1750, 2372
1844, -1628, 3970
2834, -716, 4286
1920, 942, 6824
490, 1548, 9256
464, 2542, 7694
-1280, 3728, 9804
-808, 4556, 10020
-1556, 4850, 9752
-948, 6184, 8862
-2444, 6624, 8264
-1700, 7498, 6926
-962, 8616, 5168
-2036, 8750, 5062
-2264, 9220, 5098
-1718, 9548, 5694
-1104, 9712, 6134
-390, 9552, 4518
656, 8830, 3450
1000, 8744, 2188
-44, 8606, 2922
-608, 8290, 2878
-482, 8174, 2698
-258, 8006, 3096
*NOTE-2017.03.28@15:26:22 - 1
-484, 8044, 3960
14, 8304, 3516
-568, 9082, 4138
-754, 9626, 4052
-530, 9912, 4570
22, 10098, 4862
488, 10316, 5542
890, 10886, 6556
1788, 10844, 6322
1436, 9536, 6422
2636, 8798, 5566
546, 7668, 8738
1502, 8200, 6792
442, 5724, 7264
1660, 4350, 6144
1508, 2398, 6014
924, 1106, 5824
1090, -512, 5450
454, -1972, 5294
72, -2730, 4592
-526, -3958, 3500
-18, -4572, 1328
-182, -5456, 1284
938, -5916, -66
1424, -6610, -780
1428, -6462, -1586
1544, -6760, -2432
1268, -6642, -2698
1924, -7034, -4494
2664, -7078, -6252
2694, -6942, -6144
2450, -7188, -5970
3074, -7070, -6432
2384, -6910, -5680
1240, -6536, -4508
434, -6478, -2746
948, -5918, -2156
1134, -5562, -642
1642, -4864, 88
1946, -4272, 730
-282, -2634, 3158
-1230, -2156, 4704
-924, -610, 3536
-1834, 1016, 5576
-3448, 1546, 6084
-4658, 2780, 6272
-4774, 5008, 6166
-6610, 4990, 9376
-5230, 6454, 6714
-6498, 7298, 8156
-5148, 7484, 6536
-5764, 8750, 6478
-5938, 8454, 7066
-4022, 8924, 4572
-2616, 9488, 5434
-1410, 9558, 5080
-1570, 9662, 5158
-126, 8700, 3160
-470, 8454, 3188
-40, 8158, 1274
-646, 8362, 1706
-654, 8216, 2258
-272, 7638, 2390
*NOTE-2017.03.28@15:26:25 - 1
-786, 7966, 3334
-580, 8180, 3536
-864, 8226, 3506
-1580, 9038, 3918
-788, 9994, 3502
-1044, 10318, 4412
-514, 9852, 4628
-612, 10218, 6010
-242, 10614, 6406
-152, 10692, 6540
214, 9964, 6704
682, 8884, 7416
1060, 7406, 7056
842, 6646, 7226
242, 5274, 7334
394, 3652, 6832
-530, 2300, 8276
1186, 1270, 5556
146, -134, 6000
818, -1704, 4116
312, -2704, 3498
-952, -4054, 3496
36, -4528, 1136
-322, -5288, 1074
-96, -5402, 308
1458, -5290, -1230
2436, -5896, -3058
1704, -5806, -2812
2306, -5728, -4998
2514, -7154, -8660
3190, -6712, -8230
3232, -6568, -8452
2684, -6734, -6556
2928, -6192, -6434
2586, -6526, -5146
1992, -5932, -4008
1462, -5844, -3306
494, -4596, -976
26, -4648, 804
1356, -3516, 106
1142, -2224, 1522
-558, -1818, 4884
-250, -1584, 5358
252, 434, 6292
-1476, 1906, 9292
-2234, 1196, 8218
-3226, 2332, 9556
-2126, 3490, 8588
-2942, 4192, 8204
-3410, 4628, 9646
-2104, 6152, 5478
-4080, 6908, 7760
-3592, 6754, 5400
-3788, 7968, 7488
-1688, 8808, 4206
-2412, 9184, 5860
-1380, 9406, 5318
-1262, 9442, 5586
-300, 8978, 4070
-526, 8920, 3238
-98, 8292, 2590
-380, 8090, 2392
-630, 8188, 2828
-430, 8230, 2202
-400, 8084, 2978
-332, 7828, 3234
-210, 8298, 2968
-464, 8600, 3576
*NOTE-2017.03.28@15:26:29 - 1
-752, 9520, 3888
-928, 9852, 4328
-630, 9840, 5302
-324, 10046, 5920
-246, 10676, 6306
-604, 10344, 7166
-58, 9966, 6822
-686, 9434, 7696
376, 7756, 6554
-1140, 7082, 7908
-268, 5042, 6896
500, 3490, 6554
142, 1822, 7122
422, 696, 7074
978, -508, 5730
562, -1764, 5080
202, -2522, 4534
-38, -3730, 3980
-142, -4516, 3000
522, -4712, 2234
1244, -5298, 1050
1152, -5598, 912
2204, -5700, -1586
2432, -6466, -3186
1982, -6422, -3664
2070, -6742, -5426
2732, -6538, -7022
3018, -6716, -7380
3930, -6554, -8732
3056, -6278, -7064
2680, -6474, -6216
2524, -6100, -5180
1794, -5722, -3978
1382, -5130, -2504
1770, -4710, -2650
260, -3000, 1402
-752, -2510, 3870
694, -1716, 3402
890, -936, 5290
248, 478, 7688
40, 1206, 7670
-1034, 2276, 6540
-3126, 3268, 8058
-3466, 3360, 8232
-3908, 5180, 9288
-3472, 6780, 8542
-3188, 6620, 7526
-4260, 7644, 9198
-1866, 8292, 5964
-700, 9036, 4910
-1716, 9410, 5700
-990, 9570, 5062
-1426, 9532, 5686
-1566, 9010, 5252
-620, 8948, 3770
-832, 8450, 2772
-616, 8154, 2004
-800, 7896, 2102
-1532, 7782, 2758
*NOTE-2017.03.28@15:26:31 - 1
-1402, 7798, 2976
-1368, 7840, 3730
-1468, 7738, 3688
-2254, 8180, 4654
-1890, 9200, 4294
-1338, 10006, 4668
-490, 9760, 5134
-720, 10020, 6548
-606, 10788, 6294
-508, 10792, 6920
-22, 10476, 6966
186, 9450, 7360
644, 7928, 6440
-1118, 7342, 8110
-350, 5678, 7428
456, 3540, 6692
472, 2800, 7066
932, 1682, 6712
932, -50, 5606
122, -1020, 5766
276, -1946, 3520
142, -3384, 1676
-440, -4532, 1446
230, -5018, 1926
1482, -5954, -24
2598, -5948, -1748
1514, -6766, -2412
1584, -6188, -2872
2458, -7230, -4462
2794, -7192, -5298
3252, -7084, -7198
2916, -6606, -7028
3052, -6634, -7506
2682, -6610, -5674
3110, -6170, -5318
2086, -6128, -4068
1210, -5698, -2434
1154, -4964, -1564
1212, -4390, -846
446, -3646, 1142
46, -2754, 2678
-26, -1860, 3508
-756, -1538, 6144
-356, -572, 6336
-816, 1980, 5552
-5070, 1314, 10636
-3258, 3516, 6840
-4118, 4044, 9040
-3380, 4888, 7448
-4518, 7050, 9054
-3996, 7098, 6768
-4988, 7506, 7930
-3558, 8976, 6022
-2340, 9200, 4252
-2562, 9602, 4526
-2390, 9684, 5140
-1736, 9186, 5176
-1112, 9246, 4970
-1046, 8708, 4320
-1366, 8332, 3298
-282, 8314, 1184
*NOTE-2017.03.28@15:26:35 - 1
-212, 8174, 996
-566, 8058, 1226
-960, 7862, 2342
-1110, 7940, 3070
-1538, 7888, 3510
-1644, 7846, 3656
-2108, 8384, 3896
-1812, 9558, 4266
-1736, 10100, 4090
-1126, 9756, 3894
-1552, 10210, 5656
-1380, 11152, 6032
-1040, 10778, 5804
-894, 9968, 6992
-608, 8770, 6690
-168, 8456, 6816
-1352, 7024, 8272
-144, 5504, 7094
480, 3358, 7884
910, 2816, 7094
-368, 1542, 7026
240, 398, 5558
1496, -1050, 4484
1460, -2278, 3932
1354, -3646, 2882
690, -4644, 1478
322, -5036, 850
912, -5430, 196
2110, -5854, -2374
954, -5918, -2532
1924, -7170, -5316
2050, -7658, -5676
3376, -7292, -7484
3294, -6702, -7564
2590, -6550, -5782
2676, -6660, -5042
2220, -6172, -3612
1556, -5380, -1796
1336, -5622, -1030
1476, -4426, 446
686, -3042, 1042
284, -1830, 1914
-680, -524, 5418
-434, -490, 5178
242, 902, 6158
-1008, 3800, 7438
-2822, 4048, 8944
-3700, 5552, 8178
-5130, 6634, 9338
-4612, 7608, 8590
-1928, 8770, 8114
192, 8762, 3396
-3420, 10312, 8034
-3002, 9856, 7548
280, 10598, 3540
554, 10082, 2828
-1766, 9612, 4962
-958, 8896, 3310
-900, 8798, 2892
-1052, 8566, 1522
-718, 8586, 2484
-544, 8594, 1678
-1372, 7602, 2624
-1286, 7666, 2130
*NOTE-2017.03.28@15:26:38 - 1
-1682, 7814, 2692
-1898, 7870, 3654
-1704, 8184, 3986
-1386, 9126, 2752
-2012, 9888, 3746
-2246, 10704, 4690
-2156, 10760, 6660
-344, 12202, 5400
-720, 12446, 6630
-548, 11196, 6552
-116, 10322, 6680
168, 9126, 6556
-1308, 6972, 8226
-500, 6038, 7280
504, 4132, 5930
260, 3056, 6370
160, 1592, 6328
-202, -194, 5688
-574, -1720, 6238
462, -2478, 4024
-230, -3586, 2930
-138, -4410, 1518
1156, -5464, -968
430, -5612, -4
1942, -6166, -1828
2286, -6282, -2226
2848, -6468, -3652
3170, -6320, -4032
3230, -6940, -4558
3544, -7088, -6380
3202, -7160, -6708
3062, -6924, -6248
2692, -6782, -5054
2110, -6576, -4190
1240, -6280, -3168
1132, -6028, -1750
626, -5510, -792
550, -4388, 160
156, -3500, 1720
748, -2764, 2322
872, -1562, 3072
-452, -798, 5788
-746, 88, 6344
-838, 1684, 6410
-1192, 3578, 7574
-2124, 4480, 8448
-1816, 5274, 8878
-2560, 6428, 9150
-2406, 7226, 8130
-3118, 7692, 9238
-1838, 9088, 7090
-1364, 9534, 5352
-2124, 9992, 4704
-2198, 10044, 4766
-2034, 9842, 4750
-1612, 9922, 4668
-608, 9400, 3854
-462, 8820, 3304
70, 8582, 1828
-1018, 8238, 3012
-1032, 7738, 2382
*NOTE-2017.03.28@15:26:41 - 1
-712, 7918, 2450
-470, 7988, 2624
416, 7524, 2800
210, 8192, 3362
-1144, 8964, 3798
-2240, 9044, 2764
-3304, 10074, 4794
-2658, 10722, 4676
-4152, 10204, 6888
-3802, 10894, 6484
-2426, 10324, 6110
-764, 9352, 5858
-1958, 8512, 7550
2558, 7064, 3580
-3570, 6248, 8588
-1808, 4710, 6480
-4176, 3376, 6748
-4066, 1996, 5516
-4428, 600, 5096
-3232, -1148, 3866
-4284, -2062, 4494
-2694, -3514, 2984
-3702, -4172, 4214
-2186, -4546, 2590
-704, -5068, 2232
-340, -5248, 1344
998, -5476, -24
1862, -5840, -1620
1664, -5736, -1478
2882, -6374, -1688
3046, -5826, -3436
4254, -6630, -5660
4526, -6428, -6572
4770, -6536, -7530
4506, -6530, -7120
3764, -6300, -6126
3168, -6494, -4960
2584, -5990, -4252
1580, -5848, -2184
1394, -5328, -1340
894, -5368, 588
1012, -4886, 320
226, -3934, 1846
-282, -2178, 3304
-302, -1832, 4646
-518, -792, 5374
-1564, 760, 6760
-2736, 1028, 7998
-2604, 3470, 6856
-4226, 3428, 8852
-3994, 4980, 6806
-5878, 6224, 7814
-5428, 7370, 4454
-7928, 7652, 7292
-6386, 8684, 5186
-5766, 8460, 5588
-5306, 8966, 3806
-5168, 8808, 4970
-2834, 8748, 3800
-1180, 9148, 3138
-42, 9498, 2828
-482, 8992, 2086
-728, 8510, 2252
*NOTE-2017.03.28@15:26:44 - 1
-1138, 8302, 2174
-1218, 8064, 2490
-1780, 8024, 3346
-1898, 8268, 3822
-1086, 8340, 2692
-2140, 8412, 3564
-1800, 9762, 3752
-1770, 10134, 4370
-1528, 9988, 4898
-1006, 9924, 4790
-2006, 10812, 6380
-1506, 10982, 6950
-1260, 10264, 6780
-1324, 9660, 7292
-694, 8458, 6958
-372, 7128, 6312
-838, 6198, 5906
-440, 4406, 6388
-220, 2526, 5920
-850, 776, 5850
-744, -722, 5456
-900, -2030, 4470
-726, -2934, 4154
318, -3838, 2124
446, -4704, 782
362, -5364, 510
912, -5860, -590
896, -6910, -1448
1308, -6830, -2070
1616, -6934, -3172
2364, -7308, -3542
2886, -6880, -4974
3498, -7340, -6084
3060, -6934, -5930
3374, -6992, -6346
2638, -6592, -5062
2816, -6604, -4632
2482, -6414, -3454
2120, -5964, -2754
2304, -5572, -2842
852, -4340, 42
-116, -4352, 846
-734, -3264, 2932
-396, -2356, 4208
-818, -2230, 6174
-816, -1138, 6346
-1500, 418, 7332
-2530, 860, 7296
-3006, 2440, 7416
-3462, 3310, 7986
-3158, 3676, 7886
-4340, 5048, 8130
-4426, 5858, 8444
-4562, 6602, 6246
-5866, 7544, 7734
-4250, 7156, 4752
-4474, 7822, 5520
-3270, 8636, 3982
-2930, 9038, 3872
-3424, 9316, 5096
-3060, 9004, 5182
-336, 9076, 2776
642, 8606, 1522
*NOTE-2017.03.28@15:26:47 - 1
-480, 8144, 1762
-1942, 8310, 3168
-2050, 8160, 3354
-1544, 8314, 3186
-1072, 8362, 3064
-1666, 8694, 3542
-1666, 9538, 3694
-1314, 10250, 4070
-938, 9728, 4116
-1458, 9882, 4966
-1018, 10348, 5014
-788, 10480, 5828
-1136, 10020, 6372
-530, 9246, 6136
-568, 8310, 6708
124, 7364, 6312
-916, 6442, 7066
-1206, 4630, 7850
-482, 3320, 6894
-354, 2172, 7152
-522, 1702, 7244
-774, 456, 6840
1022, -798, 4560
-1218, -1928, 5038
296, -3568, 2056
-644, -4268, 2416
-42, -5188, 734
188, -5570, -144
750, -6156, -1692
566, -6108, -1734
2496, -6742, -4384
1542, -7854, -4102
3068, -6478, -4620
2354, -6204, -6264
2412, -6804, -6854
2742, -6632, -7080
2578, -6112, -7434
2528, -6316, -6972
2224, -6182, -6242
2188, -6054, -5168
1818, -5704, -4716
1100, -5102, -2602
404, -4520, -1676
1460, -3762, -2136
734, -2412, 982
860, -1574, 2892
1056, -926, 3888
1618, 450, 5246
1082, 994, 9094
1444, 2850, 11436
-1094, 3308, 10188
-134, 4764, 9338
-1216, 5132, 9584
-292, 6166, 7606
-2130, 6594, 9294
-1676, 6602, 9340
-1520, 7258, 7472
-2590, 7560, 7310
-2140, 8012, 5930
-1762, 6802, 4134
-2034, 7870, 4532
-2400, 8386, 4892
-1940, 8450, 4642
-1338, 8652, 3566
*NOTE-2017.03.28@15:26:50 - 1
-736, 8688, 3554
-458, 8434, 3808
-1018, 8288, 4070
-634, 8108, 3306
-686, 7780, 2044
-1162, 7610, 1212
-2826, 7326, 378
-4700, 6662, 972
-5822, 5576, 634
-7010, 4492, -348
-6370, 6156, 1454
-8992, 6520, 4108
-7760, 6026, -724
-3484, 6132, -3302
-1294, 5796, -1852
2064, 6044, 2264
3754, 6716, 1602
-102, 5180, 8554
-2338, 4372, 9726
1016, 2600, 7444
688, 4988, 7490
570, 2618, 7760
240, 2674, 8290
0, 2250, 8018
152, 1910, 7910
242, 1702, 8196
-52, 1506, 8500
582, 1538, 7780
-150, 956, 8048
344, 1030, 7050
1602, 1702, 6332
732, 1296, 6808
278, 538, 7728
1730, -280, 8880
2064, 1022, 7926
1796, 460, 8504
1030, 336, 6598
-36, -160, 8498
1088, 616, 8772
1374, 824, 8262
792, 266, 7058
992, 1074, 7260
960, 536, 7452
2118, 1068, 7432
1860, 1122, 7432
960, 924, 7816
754, 724, 7826
1340, 1092, 7340
1544, 1668, 8108
1274, 842, 8306
1336, 1276, 6726
956, 1808, 7724
1588, 2034, 7676
1500, 2296, 7370
1380, 2618, 7874
1334, 2320, 7472
2630, 2792, 7014
1542, 2646, 7554
1404, 2890, 7166
1784, 2482, 6100
968, 2660, 7938
368, 836, 5772
-1394, 1790, 7698
-1802, 738, 6826
-1496, 1470, 6752
-3086, 1482, 8544
-2990, 560, 7092
-3776, 1538, 7170
-3956, 1780, 6526
-6202, 3680, 8974
-1068, 2012, 6272
-2264, 1664, 7732
-2612, 1312, 7038
-3188, 1022, 7404
-3436, 1084, 7376
-3340, 1220, 7302
-3050, 1320, 7212
-2826, 1188, 7220
-2694, 1248, 7246

-----------------------------------------------
Date: 28.03.2017 - 15:26:54
End log file
