Terminal log file
Date: 28.03.2017 - 15:29:27
-----------------------------------------------

%~>daq start

 DAQ started.
%~>quit
%~>-1302, 7596, 1998
-1356, 7578, 2084
-1516, 7638, 2438
-1358, 7734, 2862
-1720, 7858, 2976
-1894, 7722, 2956
-1780, 7592, 2908
-2098, 7442, 2878
-2332, 7180, 2850
-2480, 7020, 2962
-2554, 6674, 2840
-2656, 6696, 3080
-2530, 6622, 2722
-2448, 6760, 3350
-2142, 6452, 3194
-2502, 6564, 3320
-2634, 6422, 3528
-2008, 6716, 3474
-1784, 6676, 3132
-1418, 6738, 3244
-1172, 6382, 3512
-1160, 6878, 4084
-1392, 7048, 4434
-1164, 7072, 4056
-510, 7436, 3606
-810, 7212, 3720
-90, 7088, 3958
-94, 7072, 4050
252, 6798, 4268
124, 7332, 5228
156, 6604, 4682
196, 6794, 4748
764, 7062, 5028
174, 7024, 4644
-174, 7322, 4478
94, 7428, 3174
-634, 7390, 4316
-458, 7350, 2994
-52, 7038, 2858
-984, 7166, 4068
-1016, 7300, 3732
-1322, 7002, 4904
*NOTE-2017.03.28@15:29:29 - 1
-964, 7124, 3660
-1084, 7042, 3362
-2008, 7296, 3288
-768, 7094, 2436
-1120, 7436, 1436
-2716, 7474, 426
-4664, 7444, 2120
-3756, 6768, 1224
-4580, 6420, 1152
-2958, 5906, 1402
-4524, 6668, 1738
-4462, 6688, 1482
-4018, 6806, 1472
-3920, 7336, 526
-3480, 6590, -488
-3972, 6974, 108
-3958, 6428, -42
-4686, 6712, 388
-4740, 7852, 958
-5088, 8156, 1478
-4112, 7300, 1360
-3284, 7298, 1146
-3288, 7490, 1680
-2676, 7788, 1486
-800, 7768, -902
-736, 7746, -494
-1452, 8330, 268
-1986, 8130, 1518
-1694, 7826, 2234
-468, 8286, 2104
222, 8484, 722
530, 7936, 488
268, 8122, 542
226, 7818, 240
-60, 7800, 830
106, 7910, 1032
222, 7964, 1042
-232, 8300, 1256
96, 8010, 1088
-80, 8104, 1122
-150, 8014, 830
*NOTE-2017.03.28@15:29:31 - 1
-194, 8014, 702
-78, 7940, 392
-232, 7906, 628
-282, 8026, 812
-174, 8004, 1194
-290, 8182, 2212
-1430, 8256, 3940
-1604, 8346, 5638
-158, 9242, 5218
-876, 10154, 7424
-330, 11512, 7416
82, 11550, 6940
-206, 11616, 6742
56, 10644, 6682
-96, 9728, 6950
-152, 8236, 6858
-352, 6938, 7038
-106, 5932, 6960
714, 4064, 6062
120, 2342, 5930
-200, 898, 6780
978, -540, 5090
1038, -1394, 4244
1010, -2742, 3318
932, -3568, 1542
192, -4786, 1452
1436, -5328, -1364
1098, -6170, -2188
878, -6160, -3010
1040, -6226, -4192
1632, -6714, -5768
2464, -6664, -7566
3460, -6764, -9660
1724, -6480, -8742
1484, -6560, -6672
1366, -6432, -5080
1506, -6076, -3924
334, -5398, -960
1126, -5234, -1322
1424, -4300, -382
-74, -3590, 2902
-386, -2872, 4594
364, -2346, 4420
582, -1084, 6828
216, -774, 8136
978, 728, 6912
-184, 1024, 8186
-790, 2568, 7998
-1224, 3034, 8380
-2378, 4084, 8104
-2818, 5172, 8058
-3412, 5712, 8098
-3872, 6976, 7266
-3438, 6934, 7862
-1440, 8820, 4724
-1884, 9932, 5054
-1474, 9788, 4150
-2020, 10020, 5198
-1758, 9764, 4846
-962, 9112, 3168
88, 8938, 2250
-356, 8594, 2258
-1204, 8386, 2786
-634, 8088, 1736
-582, 8136, 1904
-320, 8092, 2230
*NOTE-2017.03.28@15:29:35 - 1
-606, 8448, 3326
-1066, 8570, 3296
-1236, 9268, 3976
-814, 10758, 3400
-568, 10838, 4298
-498, 11208, 4714
18, 11176, 4832
194, 11196, 6176
-136, 10582, 6742
1012, 9410, 6134
-88, 8580, 7610
-1130, 6878, 8096
-682, 5416, 7618
-462, 4728, 7048
494, 3078, 6336
-302, 906, 6198
430, 46, 6088
1510, -1358, 4810
1466, -2624, 3458
1672, -3546, 2100
1328, -4938, 1264
-136, -5592, 1718
-234, -6062, 934
1190, -6218, -810
1252, -6628, -2860
750, -6724, -3258
1182, -7002, -4732
1930, -6942, -6128
3050, -7008, -7834
2966, -6678, -8676
2436, -6496, -6988
2590, -6736, -5932
1866, -6310, -4286
1570, -5528, -2340
728, -5574, -830
1204, -5244, -706
1220, -4006, -24
606, -3168, 2480
278, -2180, 3704
484, -1164, 5624
1230, -902, 4196
572, 1190, 6098
-1162, 2310, 9214
-1044, 2380, 8910
254, 5618, 5536
-1574, 6598, 9376
-476, 6758, 7506
-1590, 8826, 7480
-1578, 8678, 7312
-842, 9718, 6280
1138, 10278, 4772
932, 10344, 3596
-1026, 10262, 4960
-1402, 9944, 6096
-770, 9590, 5314
1018, 9126, 2562
438, 8706, 1946
-750, 8038, 1312
*NOTE-2017.03.28@15:29:38 - 1
-1432, 8208, 1588
-1160, 8202, 1556
-926, 7970, 2726
-482, 8312, 3334
-592, 8486, 3410
-1358, 9112, 3448
-1162, 9930, 3730
-942, 9924, 3538
-724, 9938, 4208
-442, 10142, 5064
-120, 10878, 6338
1228, 10318, 5622
404, 10164, 7164
1364, 9046, 7184
1228, 8314, 7030
1558, 7056, 6082
786, 5510, 6990
1012, 3662, 6362
1826, 3120, 5788
1128, 1610, 6474
1010, 384, 5952
1740, -768, 5158
2092, -1930, 3206
1720, -3100, 2204
1852, -3886, 288
1186, -5098, 226
268, -5848, 272
870, -6614, -1198
1016, -6576, -2394
1202, -6644, -3582
2218, -6566, -5062
2714, -6548, -6154
2904, -7134, -7426
2530, -6726, -7416
2564, -6794, -6660
2908, -6584, -6016
2494, -6210, -5204
1698, -5944, -3712
982, -5082, -1730
960, -4700, -234
2504, -3204, -1760
-240, -814, 270
-2094, 750, 3348
-4052, 746, 5156
-4952, 2044, 5532
-5230, 3856, 4558
-5998, 4822, 5736
-5232, 5208, 5060
-6136, 7582, 5490
-7602, 6970, 7886
-4572, 9310, 4664
-5340, 10812, 8132
-3798, 11458, 5594
568, 9518, 2822
966, 8818, 1436
-618, 10810, 4334
-1724, 10442, 4806
-962, 9092, 3806
-18, 9070, 1872
-980, 8526, 2554
-900, 8328, 1630
-992, 8068, 850
-1710, 7786, 1100
-1948, 8320, 2546
*NOTE-2017.03.28@15:29:41 - 1
-1486, 8100, 3374
-918, 9340, 2490
-1370, 9120, 3416
-636, 9796, 3624
-326, 10584, 4398
936, 11102, 3978
-1696, 12588, 7478
482, 12434, 4908
-256, 11396, 6046
-2268, 11250, 7988
-1216, 9970, 6592
576, 7852, 5288
-554, 6464, 6382
-778, 5448, 6522
1626, 3306, 3858
348, 1344, 5494
-260, -90, 5512
306, -1610, 4366
532, -2442, 3572
748, -3488, 2354
648, -4180, 862
588, -4662, -236
1006, -5796, -1236
2090, -6344, -3350
1290, -7012, -3344
2902, -7332, -6044
2694, -7214, -6326
1980, -7282, -6630
2486, -6780, -7378
2478, -6884, -6714
2528, -6650, -5668
1804, -6332, -3678
1776, -6144, -2758
1468, -5104, -1036
1784, -5244, -248
676, -3954, 1402
-1246, -3472, 4756
-960, -2226, 5136
788, -1252, 4214
890, 232, 6000
-190, 1374, 8034
460, 2150, 6862
-402, 4428, 8114
-1072, 5046, 8480
-380, 6236, 7424
-904, 7644, 8750
-1986, 8738, 8152
-2850, 9834, 8970
-332, 8780, 4796
-1980, 9934, 6584
-1334, 11204, 4206
-2148, 8636, 3812
-3858, 9354, 5810
-4052, 9196, 5758
-512, 8360, 2660
-308, 8552, 2138
-610, 7994, 1314
*NOTE-2017.03.28@15:29:44 - 1
-938, 7976, 1562
-1376, 8036, 2012
-1450, 8076, 2808
-1078, 8526, 3276
-550, 8626, 2834
-1198, 8822, 4332
-856, 10262, 4104
-776, 10450, 5090
-744, 10694, 5242
-504, 11546, 6064
-392, 11448, 6640
-392, 10712, 6062
-668, 9926, 6378
-782, 8196, 6450
-408, 8162, 6168
-200, 6470, 5784
1648, 4550, 5900
6, 3266, 7440
784, 1596, 5796
1408, 406, 5170
1006, -1148, 4942
1170, -2100, 3500
1202, -3574, 2660
348, -4888, 2106
50, -5206, 2598
462, -4918, 784
-398, -5982, 78
274, -6696, -2214
-400, -6868, -2952
1214, -7404, -5822
1394, -6966, -6406
1922, -7348, -8018
2048, -7790, -7322
2286, -7344, -6688
1752, -6876, -5784
1164, -6784, -4484
1062, -6302, -3806
596, -5950, -2466
628, -5754, -968
430, -4748, 1200
-158, -3690, 2978
792, -3272, 2962
1192, -860, 4432
1270, 312, 4572
864, 1000, 5702
734, 2728, 7674
826, 4068, 7874
518, 4402, 8370
172, 6426, 7474
-362, 6092, 8410
-348, 7610, 6408
-2340, 7910, 6856
-2618, 8530, 6698
-528, 10122, 3768
-1358, 10710, 3696
-1768, 10838, 4074
-2208, 10810, 5266
-1956, 10544, 5522
-1028, 9698, 4514
-372, 9072, 2774
-1370, 8170, 2986
-1626, 7652, 2422
-1556, 7618, 2050
*NOTE-2017.03.28@15:29:47 - 1
-1680, 7892, 2262
-1588, 7940, 2900
-1614, 8396, 2564
-466, 9908, 2486
-1150, 8710, 2788
-2204, 9078, 4682
-1790, 10018, 4846
-814, 10858, 4456
-1076, 11048, 5720
-1132, 10700, 6382
-1008, 10340, 6336
-796, 9264, 6410
-264, 8224, 5672
-2002, 6576, 7138
-674, 5522, 6648
-1088, 3816, 7202
-210, 2976, 6766
-8, 1644, 6458
296, 208, 6542
740, -998, 5472
434, -1846, 5044
310, -2730, 3986
394, -3914, 2928
-180, -4742, 2590
318, -5364, 1766
754, -5542, -56
1574, -6202, -1274
1186, -6880, -1724
1126, -6216, -3014
836, -7476, -3616
2408, -7430, -6272
2316, -7550, -6582
3660, -7688, -7062
4206, -7138, -6992
2946, -6696, -5176
2264, -6984, -4412
1694, -6164, -2910
1348, -5720, -1704
1654, -5152, -776
890, -3966, -594
-1178, -3526, 2918
-538, -2378, 2810
-966, -978, 4554
-1216, 726, 5462
-2226, 1292, 6554
-2084, 2958, 6766
-3812, 3844, 10280
-3358, 4850, 7600
-3194, 6440, 7726
-5036, 7368, 10968
-2702, 8834, 5024
-4414, 8770, 7794
-2564, 10480, 5420
-1736, 10330, 4122
-2774, 10126, 5636
-2732, 9628, 6302
-1120, 9330, 5510
676, 9122, 3316
-144, 8404, 2232
-1324, 8154, 2532
-1972, 8052, 2744
*NOTE-2017.03.28@15:29:50 - 1
-1330, 7786, 1504
-1422, 7946, 1562
-942, 7870, 1722
-866, 8228, 3210
-990, 8126, 3096
-1560, 8838, 4540
-858, 9696, 3568
-422, 9818, 3588
-520, 9984, 5072
-634, 10542, 5970
-110, 10782, 6014
444, 10950, 5802
-696, 10058, 7594
892, 9572, 5784
-398, 7650, 6986
386, 7074, 6470
-892, 5096, 7016
-62, 3370, 6274
-12, 2210, 6600
-188, 630, 6462
528, -196, 4832
530, -1762, 3582
-126, -2876, 3276
20, -4012, 1718
456, -4792, 646
1116, -5636, -1710
1186, -6404, -1380
1838, -6962, -2544
2366, -6004, -4084
1262, -7254, -3718
1782, -7134, -5510
2206, -7272, -6582
2588, -7058, -6474
2950, -7188, -6146
2968, -6922, -5840
2284, -7178, -4764
1216, -6680, -2910
940, -6558, -2020
1270, -6544, -988
1230, -5154, -188
1384, -4524, -532
-856, -3954, 2542
-100, -2994, 1568
220, -1812, 3580
-536, -654, 7370
78, 190, 7376
154, 1632, 7438
-542, 2176, 9760
-492, 3496, 8112
-1242, 4404, 8212
-1622, 5360, 8920
-1556, 6312, 6550
-2886, 7168, 7578
-2574, 7952, 5672
-3266, 8828, 6886
-2440, 8552, 5028
-2436, 9430, 4614
-2406, 10216, 5024
-1900, 9820, 5102
-1748, 9626, 4338
-1142, 8762, 3736
-430, 8692, 2058
-762, 8308, 2038
-1622, 8070, 2352
-2122, 8006, 3136
-1776, 8082, 3060
*NOTE-2017.03.28@15:29:53 - 1
-1424, 8552, 3390
-1376, 8274, 2970
-2208, 8882, 3822
-1226, 9878, 3102
-1468, 9926, 4036
-2018, 9694, 5140
-2068, 10936, 6090
-1902, 11236, 6188
-2166, 10406, 6454
-2026, 9500, 6500
-874, 10390, 7394
-888, 6964, 6862
-560, 5648, 6388
-2138, 4156, 7556
-1186, 2942, 6438
-1232, 1700, 6464
-1154, 290, 6486
-184, -1444, 6548
662, -1590, 5644
622, -2194, 4066
472, -3496, 2422
1152, -4786, -314
468, -5496, 1622
622, -5124, 80
1930, -6254, -2114
1792, -6574, -2544
3054, -6582, -3710
3400, -6936, -4258
3980, -6912, -6676
4024, -7110, -7212
2734, -7118, -5344
2810, -7080, -5558
2414, -7224, -4490
1458, -6686, -2268
978, -6520, -1718
1476, -5754, -2976
780, -5064, -700
804, -3942, -298
462, -2662, 2332
1046, -2138, 3042
-138, -1152, 3870
-688, 896, 3796
-1624, 2470, 5910
-3244, 3294, 8664
-3572, 4706, 9346
-3356, 7280, 8594
-3420, 6062, 9712
-3178, 8020, 7736
-3870, 7734, 8440
-2522, 8264, 5152
-3488, 9004, 6326
-2128, 9386, 4588
-1184, 9466, 3196
-2162, 10496, 3088
-2070, 9764, 4798
-926, 9444, 3412
-608, 8988, 2182
-654, 8418, 2190
-640, 8524, 2090
-1160, 8202, 2244
-1588, 8012, 2740
*NOTE-2017.03.28@15:29:56 - 1
-1708, 8140, 3654
-1242, 8350, 3162
-2098, 8466, 3834
-1748, 9474, 3722
-890, 10232, 3204
-1476, 9978, 4456
-1740, 10770, 5542
-1530, 10926, 5410
-1184, 11170, 5540
-1636, 10652, 6162
-1200, 9722, 6260
-770, 10448, 7118
-914, 7090, 6322
50, 5824, 5918
-1560, 4556, 6846
-538, 2936, 6844
-290, 1330, 5978
-950, -498, 6126
-422, -1830, 5324
-884, -2946, 4858
-1434, -3172, 5032
912, -4506, 2012
1764, -5230, 974
1262, -5252, 58
1586, -6114, -1166
1866, -6020, -2682
1962, -6224, -3254
1788, -6084, -4842
2180, -6464, -5656
2914, -6424, -7810
3608, -6584, -8200
3218, -6422, -6952
2508, -6608, -5316
2386, -6436, -4766
1992, -5856, -4174
406, -5880, -1352
1598, -5664, -2538
1332, -4508, -382
2016, -4300, 106
2026, -2086, 1788
2092, -1742, 2856
1000, -276, 5512
792, 1068, 5366
-118, 2396, 6410
-1254, 4166, 8280
-1734, 5420, 8520
-2442, 6670, 10234
-2158, 7278, 8588
-5440, 7266, 11206
-3836, 7720, 8510
-2510, 7826, 7124
-2746, 8624, 5856
-2416, 8072, 5100
-2020, 9052, 3984
-2124, 8768, 4130
-2756, 9026, 4644
-2374, 8876, 3860
-1258, 8668, 2350
-1162, 8572, 1904
-1396, 8162, 2208
-2020, 7964, 2890
*NOTE-2017.03.28@15:29:59 - 1
-1866, 8014, 2902
-1602, 8162, 2630
-1672, 8124, 3326
-2156, 8408, 3814
-1720, 9796, 4276
-1004, 10208, 3750
-1410, 9950, 4446
-1562, 10302, 5510
-1018, 11038, 6112
-412, 10896, 6608
-774, 10080, 7194
-802, 9276, 6554
-634, 8820, 6776
-752, 6708, 6874
408, 5258, 5770
-942, 4418, 7098
118, 2248, 5852
-294, 994, 6620
-818, -974, 8468
580, 344, 6824
1626, -1746, 3940
82, -2742, 3842
390, -4122, 2316
348, -4468, 1078
866, -5260, -354
1388, -6042, -1472
1312, -6648, -3464
1006, -6420, -2896
2842, -6164, -5444
2000, -6942, -5506
2732, -6834, -7366
3196, -6528, -6808
3864, -6800, -6058
3838, -6584, -5784
3390, -6280, -4790
2892, -6224, -4252
2332, -6424, -3260
1490, -5256, -1192
2012, -4564, -2034
694, -3346, -460
-394, -2412, 2012
-608, -1770, 3996
-962, -1238, 5768
-540, 508, 5200
-2080, 1506, 8298
-3100, 2086, 11048
-1866, 3388, 7680
-2282, 4552, 8928
-3214, 4080, 9648
-1778, 5966, 6916
-2770, 6756, 6522
-3150, 7136, 6410
-3038, 8180, 6256
-2662, 9088, 5528
-2668, 10154, 4662
-2896, 9792, 4522
-3164, 9410, 4816
-2592, 9284, 4274
-1730, 9128, 3358
-1040, 8504, 2194
-956, 8510, 2488
-762, 8444, 2014
-1210, 8392, 1904
*NOTE-2017.03.28@15:30:02 - 1
-1342, 8138, 2054
-1410, 7934, 2696
-1450, 8258, 4142
-1084, 8310, 2504
-1858, 9618, 4986
-1254, 10554, 3392
-1318, 10678, 4314
-1186, 11590, 5220
-334, 11826, 5616
-94, 12142, 5292
-160, 11200, 6086
-586, 10018, 6624
-192, 9688, 6310
-706, 7006, 6472
170, 5398, 5562
-1658, 4328, 7818
370, 2626, 5950
-922, 790, 6740
-430, -438, 5980
-430, -1330, 6298
-616, -2084, 6030
134, -2746, 4296
348, -3956, 2778
-184, -4844, 1630
-326, -5634, 266
374, -6164, 46
1288, -6232, -494
2400, -6724, -1756
2512, -6954, -3166
2520, -7548, -4608
2258, -7224, -4680
3134, -7042, -5794
3134, -7200, -6368
3424, -6900, -6402
3154, -6952, -5566
3066, -6654, -4722
3024, -6430, -4630
2122, -5730, -3670
1710, -5434, -3386
424, -4220, -444
970, -3870, 214
1290, -2270, 2014
550, -1806, 4140
142, -766, 4438
-540, 500, 5302
-1548, 608, 9288
-644, 2592, 7820
-878, 4640, 7654
-3380, 5188, 10954
-3032, 5400, 7512
-4844, 6610, 8896
-4972, 6664, 7560
-5542, 6888, 7574
-3834, 8000, 6066
-2736, 8202, 4200
-3032, 8924, 4112
-2906, 9352, 3784
-3210, 9314, 4656
-2524, 9178, 4202
-1186, 9452, 2864
-928, 9086, 2136
-1002, 8388, 2220
-462, 8306, 1788
-1012, 8330, 1732
-1842, 7924, 2054
-1782, 8068, 2316
*NOTE-2017.03.28@15:30:06 - 1
-1484, 8274, 2470
-1250, 8518, 3344
-930, 8762, 2802
-1506, 9176, 3362
-1324, 10092, 3362
-778, 10048, 3718
-1152, 9906, 4286
-1224, 10370, 5154
-1536, 10360, 5958
-1166, 9764, 6098
-1380, 9348, 6648
-1568, 7178, 6910
-920, 7066, 6608
-1626, 5816, 7026
-1754, 3952, 7454
-1112, 3240, 6906
-504, 1768, 6530
-1060, 954, 7166
-216, -182, 6306
-320, -1432, 5652
828, -2662, 3144
360, -3448, 2820
488, -3876, 1766
1032, -4722, 284
1312, -5750, -904
1796, -6132, -1358
2376, -6416, -2560
2590, -6282, -3872
2124, -6984, -4534
3168, -7088, -6992
3610, -7174, -7282
3782, -6952, -6042
3876, -6724, -6066
3006, -6932, -4856
2544, -6834, -3966
2536, -6292, -3460
1446, -5830, -1906
1292, -5632, -1842
712, -4118, -284
-1314, -3722, 5146
2522, -4138, 1886
1140, -3698, 4070
-1328, -2822, 6276
-1324, -1448, 5526
-2062, 90, 5856
-2802, 1232, 7288
-2360, 1988, 5588
-4034, 2750, 8484
-3380, 4940, 7614
-4264, 5914, 7476
-5128, 5586, 8184
-5446, 7994, 8050
-4668, 7036, 6432
-4720, 8122, 6794
-3846, 8190, 4748
-3254, 8678, 4102
-2860, 9026, 3622
-2876, 9070, 3756
-2410, 9018, 3588
-1716, 8956, 2922
-1370, 8520, 2628
-1014, 8366, 2098
-1612, 8064, 2302
*NOTE-2017.03.28@15:30:09 - 1
-1822, 8086, 2564
-1526, 8206, 2102
-1568, 8324, 2948
-1184, 8548, 3534
-1450, 8612, 3812
-1644, 9670, 4004
-1024, 10442, 3112
-1600, 10132, 4290
-1562, 10038, 4534
-1400, 10548, 5224
-1000, 9924, 5042
-1710, 9652, 6258
-852, 8324, 5654
-2324, 7378, 7310
-622, 6882, 5654
-1818, 6050, 7650
-814, 3978, 7204
-472, 3618, 8160
-68, 2464, 7516
-500, 1078, 7184
-308, -298, 6448
358, -1620, 5024
1040, -2390, 3916
-762, -2822, 3894
-574, -3888, 2994
-354, -4524, 2266
814, -5030, 1012
1468, -5578, -36
1270, -6300, -1996
1372, -6680, -2978
1882, -7142, -4210
3122, -6908, -5286
4114, -6852, -6426
4266, -7010, -6664
4140, -6908, -6198
3428, -6810, -5460
2950, -6634, -4498
2728, -6538, -3794
2074, -5808, -2306
2100, -5352, -2218
788, -4520, 894
1686, -3824, 106
-274, -2894, 3068
-132, -2170, 2736
-1454, -614, 5290
-2154, -714, 7952
694, 1694, 4032
-1668, 3264, 8788
-2044, 3212, 8220
-1950, 5254, 6228
-5540, 5474, 8558
-4942, 6196, 7196
-6240, 7464, 8726
-4560, 7642, 5530
-5368, 8214, 6728
-3474, 8796, 4770
-2534, 9290, 3268
-3758, 9148, 4296
-3610, 9026, 3862
-3312, 9394, 3868
-1870, 9218, 2448
-1718, 8520, 2008
-2146, 8166, 2098
-2334, 8208, 2160
-2434, 7936, 2270
-2234, 7926, 2278
*NOTE-2017.03.28@15:30:12 - 1
-1994, 8084, 2456
-1734, 8320, 2948
-1424, 8406, 2502
-2158, 8772, 3294
-1738, 9942, 3414
-1788, 10268, 4114
-2434, 10198, 5010
-2190, 10980, 5586
-2308, 10992, 5978
-2548, 9958, 6072
-2476, 9132, 5884
-2454, 9048, 6872
-2486, 6458, 6558
-1598, 5588, 6440
-2306, 4148, 7094
-1020, 3064, 5926
-1518, 1816, 6074
-2114, 592, 7132
-812, -766, 6034
-762, -2288, 5024
-1104, -3064, 4796
-278, -3872, 3806
-182, -4100, 2614
1188, -5320, 1200
1188, -5656, 444
1226, -5842, -228
1774, -6418, -2266
1682, -6678, -2198
2996, -6756, -4154
2652, -6934, -4226
2976, -6904, -4872
3464, -6676, -5798
4136, -6862, -6632
3764, -6584, -5904
3074, -6766, -5984
2466, -6692, -4960
2106, -6546, -3906
1882, -6072, -3032
1764, -5556, -2494
1498, -4554, -920
1142, -3946, -388
94, -2498, 1762
-1486, -1652, 5040
-420, -1040, 3304
-2084, -198, 6616
-3528, 842, 8640
-3662, 1414, 8340
-3236, 3646, 6250
-4010, 4802, 7316
-4824, 4900, 7846
-5630, 5954, 8286
-5354, 7238, 7196
-5016, 7158, 7542
-3762, 8644, 5648
-3560, 9148, 4486
-3242, 9308, 3310
-4882, 9548, 4590
-5028, 8978, 4874
-2602, 8928, 3146
-332, 8682, 1244
-1004, 8654, 2162
-1548, 8258, 2090
-1980, 8528, 2690
-1508, 7836, 1848
-1600, 8050, 2726
*NOTE-2017.03.28@15:30:15 - 1
-2048, 8078, 3446
-1614, 8398, 3542
-1270, 8274, 3738
-574, 9294, 1454
-4416, 9620, 4076
-4186, 9860, 4124
-2630, 10400, 3602
-3036, 10182, 4988
-3252, 9584, 5340
-3606, 9024, 7750
-3208, 9022, 6346
-3926, 7812, 6702
-3832, 6558, 6724
-2992, 4792, 6954
-2916, 3658, 7188
-1742, 2736, 6216
-1586, 1480, 6372
-1902, -28, 6772
-2078, -1058, 6300
-1716, -2172, 5728
-620, -2890, 4042
-594, -3924, 3524
304, -4168, 1388
356, -5070, 536
732, -5380, -214
1386, -5830, -1240
2286, -6254, -3144
2432, -6298, -4108
2676, -7360, -5214
4120, -6700, -7634
4550, -6988, -6412
5044, -6862, -6718
3906, -6468, -5568
3126, -6622, -4736
2424, -6384, -3670
1844, -6076, -2668
1320, -5978, -1234
1328, -4986, -570
1654, -4476, -412
384, -3632, 822
-782, -2328, 3718
-254, -1734, 3630
-312, 546, 5184
-764, 1318, 6578
-1104, 2784, 7030
-1870, 4600, 7318
-4396, 5570, 8624
-4144, 6342, 7452
-6222, 5972, 10026
-4694, 7778, 9010
-3464, 8216, 7080
-3188, 9188, 4606
-3336, 9256, 4298
-3336, 10138, 4760
-3254, 9878, 4662
-2792, 10076, 4276
-1354, 9822, 2750
-684, 9850, 3504
-582, 9072, 3410
-1092, 8394, 3204
-1492, 8358, 3092
*NOTE-2017.03.28@15:30:18 - 1
-1242, 7948, 2112
-908, 8088, 1950
-416, 7526, 1098
-810, 8144, 954
-2116, 7452, 518
-3404, 6278, -354
-5256, 5682, -424
-6098, 6490, -830
-5636, 6386, 870
-7712, 8600, 4110
-5816, 7120, 80
-5710, 5092, -540
-3092, 4954, -504
214, 5630, 1874
-22610, 17996, 32767
5516, 4964, 804
-364, 2638, 4322
-2974, 1850, 6312
964, 3250, 8142
362, 3396, 8252
1070, 2118, 8940
1924, 2344, 7196
5130, 3582, 5896
3100, 1590, 8340
2876, 2978, 7660
-5776, -1136, 8604
1224, -1478, 9342
3880, 1984, 4846
3032, 1410, 6570
3028, 30, 7832
3094, 1688, 7724
2202, 1056, 7292
1294, 878, 7656
2216, 798, 7634
2454, 572, 8014
2576, 476, 8144
2148, 436, 8088
1808, 672, 7360
1566, 1010, 6238
4058, 300, 7976
3288, 1374, 7840
1876, 1864, 7572
2076, 858, 6518
2326, 1510, 8064
3366, 2594, 7696
1594, 2824, 7678
1736, 1658, 7404
3502, 1688, 8022
2078, 1344, 8204
2720, 3282, 7958
2808, 2630, 6504
2520, 2008, 8776
2682, 2842, 9074
3506, 1988, 5410
1600, 1438, 6896
2006, 1818, 6684
1582, 1738, 7968
-714, 128, 5588
-2470, 1656, 5500
-5140, 1720, 7074
-1640, 404, 6832
-3192, 2, 13282
-2224, -3982, 7188
-7496, -3850, 10194
-2138, -1252, 3780
-1196, -312, 3904
-6644, 3362, 7726
-4410, 3256, 5288
-4160, 3890, 4364
-1992, 3650, 5808
-1732, 3234, 5364
-2902, 1848, 5184
774, 1618, 6810
-1800, 3116, 9378
-2220, 2552, 8666
-1284, 2034, 6472
-932, 1738, 6790
-326, 1724, 6014
-1348, 1814, 6488
*NOTE-2017.03.28@15:30:22 - 1
-2552, 2332, 7188
-2818, 2260, 6446
-3058, 2744, 4506
-4920, 750, 6330
-2832, 3972, 6430
-4566, 2530, 6304
-3646, 1952, 3862
-9116, 2714, 7542
-3334, 2576, 2978
-5098, 1708, 3894
-7452, 900, 4826
-6396, 964, 3518
-7216, 270, 2874
-7348, 106, 2368
-6988, -414, 2534
-7932, -1218, 2872
-8544, -864, 1170
-7668, -38, 2528
-7590, -1690, -812
-9222, -2114, 1354
-7090, -2118, 6
-7756, -1172, 88
-7692, -1104, 594
-8256, -1216, 1316
-7752, -2016, 1346
-8246, -1818, 1980
-7912, -1508, 2206
-8840, -948, 2462
-6588, -898, 2036
-7572, -1186, 3314
-6948, -1314, 3518
-6498, -1496, 2826
-7226, -1292, 3140
-7440, -1112, 3238
-7206, -1254, 2808
-7304, -1416, 2708
-7302, -1258, 3124
-7274, -1044, 3424
-7004, -1408, 2942
-7246, -1166, 3290
-7816, -1064, 3260
-7116, -1484, 2830
-7164, -1386, 3064
-7156, -1696, 2282
-7486, -1538, 2574
-7518, -1492, 2352
-7560, -1598, 2282
-7290, -1408, 2446
-7426, -1576, 2592
-7478, -1478, 2592
-7298, -1566, 2310
-7072, -1560, 2148
-7072, -1796, 2058
-7660, -1642, 3146
-7362, -1362, 3194
-6974, -1506, 2834
-7034, -1462, 3150
-6894, -1556, 2944
-7062, -1604, 3074
-7180, -1582, 3466
-7096, -1470, 3320
-6974, -1724, 3222
-6618, -1672, 2240
-7188, -1236, 3948
-7124, -1350, 3706
-6744, -1596, 3452
-7152, -1650, 3556
-6818, -1626, 3438
-6756, -1644, 3152
-6934, -1690, 3144
-7094, -1630, 3124
-7264, -1600, 3094
-7208, -1636, 2960
-7546, -1620, 2886
-7298, -1566, 2850
-7652, -1624, 2828
-7134, -1720, 2170
-7486, -1580, 2172
-7396, -1532, 2518
-7202, -1782, 2592
-8188, -1688, 2108
-7228, -1566, 1976
-7922, -1730, 2022
-7144, -1668, 1370
-7724, -1670, 1364
-7570, -1708, 1234
-7528, -1550, 1494
-7630, -1272, 1634
-7932, -1608, 1422
-8018, -1318, 1856
-7550, -1508, 914
-8206, -1692, 1312
-8084, -1882, 1242
-7542, -1828, 176
-7916, -1706, 1000
-8122, -1434, 582
-7232, -1604, 620
-7680, -1480, 704
-7442, -1540, 568
-7164, -1084, 602
-7876, -1420, 1004
-8248, -1400, 858
-8248, -1718, 688
-8014, -1594, 574
-7510, -1710, 686
-7640, -1574, 868
-7792, -1536, 1016
-7640, -1712, 808
-7960, -1584, 882
-7698, -1840, 150
-8054, -1598, 990
-7332, -1698, 836
-7862, -1290, 1980
-8264, -1200, 1904
-8100, -1714, 432
-8156, -1702, -102
-7952, -1688, 656
-7656, -1314, 826
-7782, -1500, 748
-7796, -1670, 792
-7694, -1414, 574
-7652, -1752, 544
-7954, -1640, 694
-7128, -1980, 668
-8634, -1828, 760
-7830, -1888, 604
-8004, -1516, 1036
-7904, -1602, 984
-7708, -1674, 1312
-7500, -1458, 1104
-7688, -1418, 1448
-7464, -1450, 1394
-7480, -1560, 898
-7602, -1210, 1128
-7482, -662, 1646
-8020, -1030, 1906
-8612, -1524, 1706
-7636, -1750, 556
-7654, -1694, 758
-7622, -1498, 880
-8340, -944, 1874
-7692, -1242, 902
-7942, -1388, 732
-7504, -1414, 446
-8046, -1380, 998
-7698, -1116, 1064
-7678, -1336, 980
-7780, -1330, 1148
-7914, -1292, 1172
-7976, -1382, 1672
-7898, -1252, 1356
-7452, -1300, 1298
-7736, -1354, 1346
-7974, -1240, 1844
-7684, -1830, 1002
-8080, -1308, 2430
-7918, -178, 4020
-8438, -746, 1836
-7084, -1258, 428
-7842, -1592, 474
-7438, -1798, -52
-8380, -1464, 314
-8066, -1408, 178
-8082, -1444, 532
-7590, -1588, 684
-7844, -1426, 372
-8358, -1566, 806
-7980, -1552, 562
-7720, -1282, 1912
-8686, -1128, 3288
-6602, -1246, 1400
-6842, -1770, 2658
-7198, -1368, 3668
-5930, -1598, 3580
-6856, -1670, 3924
-6380, -1716, 3566
-5964, -1784, 3936
-6210, -1870, 3806
-6612, -1808, 3530
-6872, -1960, 3484
-7180, -1704, 3594
-7034, -1354, 2978
-7278, -1596, 3356
-6992, -1650, 2196
-7714, -1718, 3016
-7378, -1466, 2772
-7342, -1406, 2328
-7296, -1312, 2674
-7008, -1262, 2400
-7938, -1180, 2878
-7606, -1398, 2148
-7146, -2022, 2564
-7368, -1254, 2366
-7822, -1158, 2082
-7504, -1480, 1548
-7524, -1740, 1768
-7750, -616, 1760
-8144, -468, 2970
-7612, -1012, 2372
-7078, -1240, 1840
-8568, -1710, 1716
-7522, -2392, 612
-7504, -1852, 1240
-7616, -1330, 1634
-7614, -1054, 2118
-7240, -1070, 2444
-7470, -1182, 2512
-7424, -1562, 2026
-7632, -1408, 1964
-7618, -1316, 2148
-7688, -1070, 2196
-7814, -1254, 2238
-7876, -1306, 2314
-7496, -1388, 2042
-7480, -1296, 1804
-7398, -1164, 2094
-7484, -984, 1918
-8188, -1270, 2574
-7434, -1612, 2040
-7108, -1298, 3088
-6058, -1326, 3848
-6598, -1300, 3768
-6518, -1566, 3274
-6690, -1230, 3566
-7356, -1460, 4140
-6966, -1356, 4338
-6618, -1308, 3916
-6750, -976, 3576
-6662, -354, 4452
-5980, -42, 3642
-6744, -1292, 5678
-5894, -1544, 5264
-3366, -1678, 5724
-3940, -1300, 6062
-4454, -720, 6230
-4782, -80, 5954
-4356, 62, 5010
-4034, 1494, 5644
-2718, 1810, 5788
-5014, 1944, 7832
-3874, 2350, 6306
-3526, 2740, 7296
-3988, 3152, 6760
-3466, 2312, 5856
-3382, 2732, 6830
-2782, 3678, 5814
-3096, 3010, 6952
-3574, 3334, 6878
-3364, 2726, 6180
-5742, 2472, 8672
-3524, 3214, 7886
-2328, 2514, 6628
-2030, 2904, 6578
-2320, 2778, 6886
-2084, 2862, 6470
-2048, 2658, 7154
-2282, 2832, 7404
-2274, 2520, 7342
-2566, 3262, 7274
-2310, 3616, 6792
*NOTE-2017.03.28@15:30:35 - 1
-2872, 3662, 7004
-3242, 3638, 7046
-3592, 3720, 6920
-3422, 3956, 6652
-2758, 3422, 5562
-2718, 2778, 6540
-1078, 332, 5680
-718, 20, 6580
10, -112, 6796
-22, -250, 7416
-724, -362, 7914
-3882, 2830, 12156
-294, 348, 8856
1288, -812, 7068
230, 2038, 7816
-1394, 1452, 9234
392, 1900, 7736
1588, 1456, 6390
3272, 1558, 9334
2284, 1080, 7684
1418, 1516, 7846
1532, 1366, 6722
1900, 1944, 7390
1236, 1454, 6966
2048, 1336, 7288
1332, 1570, 8510
1762, 1424, 7790
1408, 1538, 7740
1056, 1446, 7938
1610, 964, 6900
2754, 1286, 6736
1568, 1564, 7500
1294, 426, 7156
1734, 1108, 7616
1804, 1228, 7462
1326, 268, 7828
1356, -266, 7836
1452, 30, 7790
1626, -528, 8058
850, -456, 8922
684, 326, 8782
2398, 1092, 9806
326, 1468, 10156
1038, 3558, 9952
3094, 5132, 5256
2914, 6256, 910
596, 6034, -2716
-4470, 5416, 8108
-1122, 5362, 4596
-1772, 4590, 4476
-432, 4430, 3640
472, 4954, 3384
986, 5514, 1194
-1088, 6982, 3946
-570, 7006, 3528
712, 7538, 2604
742, 8176, 2594
-2138, 8214, 3174
-2658, 8092, 3582
-1118, 8320, 1860
-680, 8076, 852
-1274, 8660, 1150
-1010, 8054, 366
-1304, 7802, 720
-16, 7602, -934
-1282, 8696, 1076
-646, 7832, 490
-590, 7652, 1520
-410, 7534, 962
-954, 8346, 1088
-1442, 8190, 1294
-780, 8076, 974
-282, 7918, 646
-750, 7966, 1302
-772, 7866, 972
-612, 7848, 1168
-722, 7872, 1664
-310, 7950, 1078
-688, 8092, 1440
-312, 8136, 1270
-14, 8182, 1088
*NOTE-2017.03.28@15:30:39 - 1
18, 8140, 1254
70, 8282, 1472
1112, 7674, 708
966, 7678, 1438
1152, 7492, 3024
-778, 8584, 4560
-572, 8826, 5936
-1086, 10136, 6124
-514, 9410, 6854
-164, 10966, 6886
-362, 11090, 6768
-1042, 11236, 7232
-1298, 10318, 6908
-2156, 9674, 7328
-2126, 7984, 7128
-2260, 6054, 6824
-2184, 4674, 6198
-1554, 2710, 5884
-1688, 1542, 5964
-1274, 220, 5604
-1442, -1042, 5148
-970, -2216, 3716
-860, -3120, 3226
-538, -4020, 1956
206, -4940, 1080
908, -5688, -594
1272, -6064, -1630
1646, -6350, -2290
3172, -6742, -4202
3034, -6880, -3740
3456, -6914, -5092
3290, -6904, -5660
3592, -7056, -6984
3026, -6696, -6244
2746, -6502, -5500
2090, -6602, -4464
1270, -5982, -3622
1284, -5390, -3138
796, -3692, -1330
714, -2484, -68
-58, -1912, 3254
132, -1090, 5372
120, 68, 7308
-752, 1040, 8364
-738, 1554, 8364
-1526, 2704, 8608
-2146, 3728, 8238
-3378, 3912, 9524
-3122, 4412, 7866
-4176, 5486, 8470
-3710, 6388, 5592
-5156, 7238, 7656
-4104, 6962, 6534
-2746, 8726, 5010
-2200, 8938, 3700
-2684, 9104, 4176
-3776, 9422, 5490
-3052, 8996, 5340
-1476, 8588, 4124
-278, 8436, 2834
-1014, 8680, 2314
-972, 8066, 2044
-1054, 8020, 1670
*NOTE-2017.03.28@15:30:43 - 1
-882, 8180, 1160
-1366, 7788, 2362
-1196, 8264, 3446
-1510, 8850, 3294
-1494, 9068, 4238
-594, 10300, 3638
-574, 10442, 4948
-670, 10730, 5922
-632, 11968, 6676
-116, 11844, 6100
-488, 11124, 6680
-314, 9864, 6850
18, 8656, 6548
-292, 6302, 6448
-876, 5280, 6456
-446, 3624, 6370
-44, 1926, 6078
-598, 892, 6242
140, -602, 5136
58, -2298, 4736
406, -2816, 4028
1076, -3896, 1864
948, -4354, 1152
1006, -5742, 342
656, -5858, -420
1406, -6674, -2200
1558, -6770, -2798
1890, -7128, -3272
1994, -6684, -4412
3096, -6668, -6670
3602, -7132, -7622
3128, -6450, -7196
2890, -6530, -6406
2540, -6510, -5628
2640, -6448, -4728
2006, -5710, -2500
1574, -5836, -1422
1230, -4410, 534
832, -4624, 1018
470, -3268, 1376
1974, -2898, 1642
-844, -594, 5922
-184, -148, 6234
-416, 284, 5346
-2790, 2846, 8248
-2140, 2290, 8510
-2374, 3502, 7764
-3006, 5704, 8214
-4214, 5068, 8152
-3656, 7874, 5560
-4654, 7832, 6126
-3326, 9412, 5634
-2676, 9252, 4696
-2442, 10152, 3978
-3456, 10138, 5506
-3988, 9772, 5886
-2146, 9864, 4226
564, 9442, 2216
506, 8518, 2156
-938, 8498, 2778
-1628, 8232, 2424
-1564, 8032, 2008
-1426, 7910, 1842
*NOTE-2017.03.28@15:30:46 - 1
-1742, 7986, 2732
-1662, 8318, 3590
-972, 9128, 2570
-910, 9330, 3264
-1124, 9906, 3212
-1280, 10482, 3974
-1432, 10118, 5218
-1704, 10626, 6132
-1248, 10846, 6062
-1274, 10612, 6896
-1254, 9668, 7350
-848, 10084, 7024
-1124, 7768, 6832
-836, 6056, 7128
308, 4834, 5626
530, 2780, 5342
-42, 1010, 5766
-362, -94, 5732
-202, -1450, 5334
532, -2690, 4250
510, -3306, 4626
1166, -4024, 2616
290, -4792, 1674
614, -5758, -112
676, -5974, -814
1482, -6226, -2118
2006, -6790, -3714
2172, -7092, -3798
2838, -7532, -4992
2930, -7186, -5658
2994, -7058, -6510
2472, -6982, -5608
2334, -6828, -4990
1888, -6956, -4152
1276, -6528, -3002
1208, -6308, -2096
716, -4962, 2
1682, -5234, -766
1614, -4064, 1254
1298, -2170, 3162
948, -1812, 3146
406, -528, 4400
-1304, 982, 7038
-1584, 1110, 7430
-2320, 3506, 8610
-2230, 4454, 7786
-4660, 5298, 9224
-4242, 6564, 6626
-5380, 6506, 7846
-4384, 8176, 6456
-5170, 8052, 8094
-2850, 9618, 4786
-3254, 9314, 4696
-4064, 9536, 5692
-3142, 9018, 5102
-1824, 9130, 4376
-334, 8718, 2854
-420, 8200, 2688
-402, 8408, 2288
-756, 8566, 1832
-234, 8172, 956
*NOTE-2017.03.28@15:30:49 - 1
-368, 8004, 760
-674, 8098, 1170
-676, 7880, 1280
-1218, 7844, 1670
-1122, 8022, 1844
-1138, 8024, 3240
-1084, 8420, 3276
-1638, 9678, 4166
-1534, 11356, 4404
-252, 11558, 4128
-1322, 11552, 6224
-458, 11722, 5536
-42, 11124, 5930
-634, 10200, 6358
70, 9426, 6034
708, 7826, 5518
-146, 5750, 6758
66, 4750, 6814
354, 3764, 7254
848, 1844, 6676
536, 406, 6372
398, -710, 5944
256, -1756, 4992
-422, -2646, 5058
482, -3270, 3022
492, -4438, 1652
408, -5218, 940
1012, -5444, -884
1558, -5792, -2224
810, -6320, -2360
1668, -6726, -4302
1744, -6820, -3966
2986, -7180, -6820
3264, -6992, -7498
3036, -6688, -6328
3300, -6666, -6256
2838, -6664, -5048
2178, -6514, -4010
2028, -6732, -3146
1030, -5554, -1170
1506, -5660, -1638
1230, -4224, 1154
978, -2748, 2476
1316, -2432, 3162
1036, -1720, 4168
-294, -342, 6728
-566, 38, 6264
-862, 2724, 3904
-4356, 3204, 9522
-2900, 4060, 9086
-3174, 5460, 9254
-3630, 5642, 8478
-4180, 6470, 10520
-2940, 7754, 6786
-4006, 7682, 7986
-2480, 8100, 6138
-2372, 9242, 5100
-2902, 8836, 4916
-2884, 9184, 5330
-2170, 8368, 4564
-150, 8640, 3262
1704, 8596, 1442
-110, 8662, 2706
-760, 8692, 2994
-406, 8230, 1794
-758, 8038, 1610
*NOTE-2017.03.28@15:30:52 - 1
-1198, 7814, 1928
-1320, 7944, 2376
-1262, 7942, 3494
-658, 8556, 2994
-1226, 9170, 3524
-1382, 9650, 4454
-846, 9770, 4606
18, 10460, 5000
-324, 10186, 6500
-296, 10360, 6414
-376, 9962, 6520
-484, 9500, 7324
192, 8052, 7288
-720, 6998, 8066
-128, 5700, 7740
-104, 4092, 6796
352, 2786, 6392
150, 1326, 6742
-294, 302, 7340
-422, -442, 5384
-612, -1830, 5314
878, -2638, 3434
1104, -3444, 2706
1548, -4146, 1144
1174, -5396, 750
1690, -6090, -1380
1230, -6268, -2212
1066, -6638, -3702
822, -6960, -4028
1486, -7336, -4932
1876, -7018, -5506
2380, -7246, -6856
2322, -7210, -6244
2364, -7032, -5998
1808, -6628, -4800
1576, -6862, -4190
1858, -5848, -3620
1664, -5238, -1554
846, -5114, -512
456, -3752, 374
-570, -2838, 3258
724, -2348, 1760
-1990, -2048, 7238
-1154, 134, 5744
-1634, 564, 5778
-3060, 1410, 8020
-3420, 2560, 9650
-3706, 4558, 8466
-4206, 5078, 7506
-5568, 5800, 7934
-6848, 6670, 7896
-6346, 6940, 6716
-5368, 7016, 8170
-2370, 7554, 2832
-4922, 8474, 5028
-4670, 8164, 5150
-4564, 9248, 5250
-2238, 8954, 2536
206, 9310, 1460
494, 8612, 1862
264, 8536, 2928
-1084, 8488, 2026
-1974, 8404, 2206
*NOTE-2017.03.28@15:30:55 - 1
-108, 7828, 102
-98, 7948, 1032
-1408, 8036, 2396
-1606, 8218, 3810
-1542, 8370, 3168
-1504, 9056, 3590
694, 9906, 1722
-688, 8974, 2382
-3606, 9176, 5774
-3356, 10164, 5824
-2716, 10080, 6036
-3014, 10914, 6440
-2562, 9810, 6532
-2654, 9116, 7396
-1842, 8188, 7440
-832, 6138, 6104
-1096, 5166, 6484
-368, 3998, 6592
912, 2074, 6490
112, 1274, 7694
1248, 314, 5572
1112, -1030, 4532
168, -2508, 4080
-312, -3088, 4488
974, -4774, 1496
494, -5154, 900
1226, -6308, -530
694, -6008, -690
1474, -6756, -2822
1416, -6828, -2874
1584, -6826, -3302
1882, -7264, -4658
2214, -6850, -6036
1996, -7288, -6554
2176, -6816, -6614
1994, -6872, -5956
1542, -6702, -5032
818, -6712, -3640
830, -5906, -2840
1704, -5646, -2410
2430, -4826, -1682
2862, -3748, -1716
1374, -1906, 2710
1054, -2260, 3242
-626, -796, 4550
-1858, -376, 8308
-696, 502, 8814
-10, 1750, 6036
-620, 3462, 6520
-2000, 3632, 8848
-1200, 4830, 8202
-3080, 7132, 8316
-4276, 6750, 8970
-3678, 7342, 7684
-3466, 7984, 8060
-1022, 8952, 4232
-1858, 9564, 4266
-2972, 9360, 4788
-2928, 9396, 5810
-2738, 9288, 5724
292, 9412, 2454
1228, 8962, 1140
-626, 8624, 1986
-860, 8034, 1624
-1446, 7994, 1724
-1356, 7960, 1572
*NOTE-2017.03.28@15:30:59 - 1
-1274, 7752, 1430
-1436, 7790, 2224
-1346, 8116, 3122
-1188, 8576, 3172
-1268, 9120, 4178
-746, 10332, 3766
-238, 10030, 4272
-870, 10710, 6032
-176, 11428, 6390
148, 11150, 6616
-216, 10862, 7366
136, 9756, 7158
-48, 7550, 6958
634, 6846, 6056
72, 5456, 6970
302, 4636, 6868
988, 2842, 6882
1172, 1422, 6686
1144, 162, 5680
642, -838, 5456
1324, -2040, 3984
1450, -2904, 1966
728, -4320, 828
828, -5008, -574
1122, -5696, -2036
1148, -6266, -2554
1480, -6630, -3546
1688, -6792, -4034
2520, -7034, -5558
2040, -7064, -6096
2284, -7204, -7578
1250, -6950, -7552
1120, -6744, -6774
1436, -6772, -6184
1494, -6456, -5326
1216, -5980, -4284
586, -4828, -2736
906, -4526, -1534
540, -3634, 778
1324, -2948, 208
854, -1524, 2900
1082, -1226, 5062
-1502, 398, 8874
-1878, 354, 8076
-2928, 1980, 8688
-3140, 2698, 9662
-1360, 3718, 8032
-1112, 5998, 6918
-2964, 5746, 8722
-1734, 7846, 6830
-2666, 7666, 6568
-2880, 9268, 6358
-3376, 9176, 5310
-3074, 9260, 4648
-2344, 10096, 4828
-2482, 9856, 5322
-90, 9762, 2846
160, 9476, 3032
-606, 8922, 3440
-582, 8522, 2886
-850, 8198, 2128
-776, 8090, 1516
-910, 7988, 1006
*NOTE-2017.03.28@15:31:02 - 1
-1260, 7866, 1758
-1128, 7918, 2430
-1356, 8274, 3374
-1154, 8870, 3372
-626, 10096, 3194
-996, 9956, 4454
-538, 9838, 4696
-198, 10612, 5676
308, 11040, 5394
568, 10658, 5998
726, 10152, 7020
1220, 8714, 6114
-258, 7734, 8170
350, 6512, 6206
-1438, 5234, 7824
22, 3914, 7004
46, 2610, 6896
206, 682, 7340
376, 102, 6502
622, -1034, 5230
196, -2200, 4892
748, -2702, 3384
810, -3810, 1720
1248, -4386, -140
916, -5202, -664
1252, -5908, -2652
1144, -6542, -4108
1130, -6494, -4834
2264, -6450, -6328
2158, -6458, -6972
3366, -6982, -8238
3064, -6734, -7874
2338, -6700, -6572
2246, -6698, -6062
1658, -6744, -4678
1364, -5924, -3092
1444, -6148, -1800
1176, -6626, -732
714, -4660, 194
1688, -4166, -468
608, -3152, 2052
88, -2178, 4686
528, -2598, 5528
1938, -150, 6108
1594, 398, 6270
438, 1032, 7826
596, 2474, 6736
-906, 3700, 7120
-2372, 3744, 6786
-3324, 6200, 9020
-3252, 6506, 8544
-4252, 7032, 6940
-5146, 7456, 9314
-2324, 8186, 4740
-2534, 8482, 4970
-3158, 8950, 5066
-2596, 9262, 4884
-2200, 9238, 4934
-1186, 9408, 4186
-390, 8942, 3328
250, 8614, 2686
-1230, 8684, 3442
-1424, 8160, 2924
-1516, 7964, 2314
-1602, 7862, 2254
-1582, 7814, 3078
*NOTE-2017.03.28@15:31:05 - 1
-1398, 8008, 3312
-1418, 8560, 4026
-484, 9486, 2824
-1756, 9958, 5004
-1398, 9808, 5156
-1504, 10132, 6718
-874, 10828, 6026
-826, 11016, 6866
-458, 10186, 6834
-210, 8696, 9058
142, 7906, 6598
820, 6444, 7390
2, 4950, 6974
548, 3382, 7736
964, 2258, 5642
-358, 716, 6216
128, -546, 6468
464, -1704, 6336
768, -2362, 4868
714, -3434, 3692
1002, -4118, 2200
1060, -4350, 1318
1374, -5170, -128
954, -5402, -1344
1534, -6340, -3624
1318, -6830, -3220
1588, -6900, -3868
2566, -6738, -5538
2868, -7344, -6162
2224, -7236, -6342
2346, -6892, -6440
2092, -6874, -5840
2186, -6746, -4938
1952, -6260, -4470
1388, -6154, -3638
1252, -5796, -2644
1828, -4984, -2028
760, -4052, 78
654, -2874, 2528
662, -1790, 2870
-1240, -1492, 6234
-1186, -904, 5866
-1942, -62, 8534
-1852, 1532, 7044
-2272, 2246, 8286
-3272, 3448, 9100
-2796, 4394, 7280
-4572, 5320, 9672
-3942, 6478, 7094
-4890, 6664, 8614
-4398, 7332, 7102
-4108, 7712, 7430
-3772, 8272, 5438
-3436, 8324, 5104
-3452, 9018, 5122
-2478, 8584, 4792
-1492, 8860, 3954
-782, 8824, 2684
-536, 8446, 2098
-870, 8490, 2244
-1326, 8362, 2458
-1102, 8178, 1746
-1042, 8054, 1920
*NOTE-2017.03.28@15:31:08 - 1
-1024, 7986, 2278
-1274, 8232, 3212
-752, 8648, 3276
-822, 8886, 2860
-1408, 9482, 3728
-1640, 10070, 4418
-496, 9984, 3852
-1398, 10244, 5796
-654, 10576, 6384
-462, 10592, 6468
-458, 9770, 6808
-20, 8068, 5922
392, 7810, 6390
566, 6080, 6860
580, 4882, 6930
986, 3548, 6922
924, 2080, 7340
834, 1286, 7678
838, -168, 6310
-82, -1478, 6170
1012, -1936, 4166
690, -2952, 2644
228, -4104, 968
-2, -5142, 410
864, -5966, -208
1496, -6146, -1042
988, -6398, -1664
-38, -7278, -2848
602, -6974, -4500
1718, -6786, -6236
1416, -7028, -6966
1092, -7306, -6818
1556, -7144, -6574
1394, -7178, -5778
738, -7108, -4518
636, -6320, -4262
390, -6148, -3066
744, -5242, -2118
1288, -4726, -1026
1634, -2956, 190
2316, -2242, 2054
2128, -1638, 3926
2084, -652, 4984
1348, 1250, 7344
812, 1846, 8258
-118, 3716, 7898
-546, 4368, 9892
-762, 4356, 10230
-314, 5570, 8264
-2982, 6588, 9696
-2616, 6276, 7014
-4086, 6610, 8610
-2352, 7626, 6090
-3792, 7332, 5738
-3630, 7690, 4848
-2456, 8882, 4460
-2314, 8770, 4844
-2592, 8892, 5456
-1500, 8856, 4642
330, 8472, 2446
-102, 8644, 2752
-338, 8106, 2408
-1258, 7918, 2896
-1200, 7912, 2800
-1118, 7956, 2786
-1178, 8118, 3510
*NOTE-2017.03.28@15:31:11 - 1
-1368, 8318, 3312
-1856, 8884, 4360
-1314, 9752, 3588
-1120, 9646, 4258
-558, 9364, 4770
-1264, 9592, 6578
-734, 10108, 5866
-846, 9778, 6462
-360, 9316, 6890
28, 8734, 8900
-628, 7658, 7226
-338, 5934, 7210
-900, 4984, 7738
216, 3284, 6854
-280, 1954, 7196
-302, 944, 6732
-130, -366, 6122
-348, -1612, 6134
-168, -2288, 4596
-108, -3468, 4040
738, -4064, 2282
946, -4638, 720
914, -5708, 32
1254, -5788, -1494
1264, -6308, -2550
1628, -6522, -3332
2428, -7002, -4642
2498, -6996, -5360
3066, -6804, -7212
2544, -7090, -6346
3022, -7036, -5852
2900, -6524, -5758
2306, -6350, -4588
1670, -5706, -3202
1036, -5808, -1028
1112, -4398, 450
926, -4192, 762
-132, -3264, 2812
-678, -2460, 4152
-1370, -1560, 6444
-496, -426, 4280
-3236, 976, 6546
-3308, 3076, 5076
-4870, 3818, 7632
-4930, 4566, 7184
-5194, 6008, 7790
-5900, 6916, 7652
-5954, 7844, 7402
-6930, 7848, 8652
-4484, 8894, 5560
-4978, 8722, 5910
-4580, 8096, 4884
-3488, 8404, 4602
-1636, 9228, 4002
-712, 8484, 2870
-1438, 8406, 2822
-932, 8614, 2624
-598, 8304, 1904
-674, 8062, 1678
*NOTE-2017.03.28@15:31:14 - 1
-602, 8022, 1242
-652, 8036, 1770
-542, 7838, 2804
-808, 8376, 3658
-644, 8492, 3240
-1886, 8888, 4050
-1408, 9806, 3662
-1332, 10536, 4800
138, 10352, 3774
186, 10574, 4962
-204, 10492, 5422
-14, 9948, 5458
-394, 9156, 6216
372, 7888, 6942
652, 7036, 7132
1462, 6522, 6454
1356, 4988, 7252
2500, 3740, 6108
1512, 2602, 6938
1266, 854, 7794
1044, 1000, 7326
366, -860, 5860
620, -1664, 4796
502, -3170, 4476
676, -3964, 2972
394, -5014, 1526
1136, -5440, 8
958, -6340, -538
1520, -6604, -1996
1786, -6642, -2876
1540, -5890, -4004
2336, -6702, -5862
2820, -6858, -5978
3518, -6992, -6870
3436, -6584, -5348
3216, -6496, -4442
3156, -6576, -4864
1146, -6360, -2354
1544, -5768, -1956
1052, -4564, 56
1184, -3978, -156
1518, -2862, 86
1322, -1426, 3288
232, -390, 2778
-2058, 100, 6292
-3236, 718, 8446
-3010, 1984, 8918
-2256, 3218, 7724
-2718, 4426, 9492
-2192, 5002, 8474
-3518, 7008, 8466
-4606, 7036, 8380
-5342, 7866, 8462
-2962, 8382, 5680
-3134, 9144, 4812
-3590, 8542, 5664
-2774, 9218, 5442
-1988, 9250, 4176
268, 8898, 2734
360, 9258, 2362
724, 10070, 3116
-1452, 8512, 3120
-1022, 8486, 2278
*NOTE-2017.03.28@15:31:18 - 1
-1156, 8086, 1848
-1658, 8068, 2832
-1732, 8306, 3342
-1532, 8420, 3386
-1970, 8964, 3592
-930, 10244, 2510
-2162, 10034, 3962
-1910, 10076, 4898
-1696, 10298, 5840
-768, 11416, 5666
-1234, 10726, 6760
-570, 9750, 6426
-1604, 7802, 6982
-468, 7450, 7598
708, 6770, 7998
272, 4642, 6192
-602, 2892, 7326
976, 1992, 5936
534, 440, 7188
1204, -372, 5552
1054, -1538, 4988
482, -2568, 4850
822, -3464, 1292
-564, -5110, 500
-542, -5598, 524
984, -5832, -1466
1214, -6156, -2394
1330, -6696, -3292
822, -7068, -3944
1288, -7156, -5138
1676, -7094, -6132
2146, -7034, -7160
2044, -7236, -6822
1984, -6738, -6408
1680, -6868, -5446
1340, -7120, -3658
1766, -6592, -2656
1460, -5670, -1886
944, -5536, 322
3022, -4236, -2332
666, -3908, 188
-1462, -1822, 3062
-1656, -1504, 2248
-3938, -894, 3672
-6160, -470, 4378
-5916, 1210, 3630
-8270, 2920, 4462
-6650, 2978, 4420
-8210, 4300, 5880
-7620, 4834, 7012
-6862, 5486, 6308
-6630, 7176, 6722
-4668, 7130, 4646
-5284, 8356, 7650
-1326, 8986, 3294
-602, 9286, 3234
-1944, 9410, 4540
-2908, 9452, 5700
-508, 9092, 3010
-292, 9042, 3142
16, 8010, 2220
*NOTE-2017.03.28@15:31:21 - 1
1168, 8350, 1486
342, 8344, 1188
232, 8284, 1462
-154, 8318, 2690
270, 8426, 2082
138, 8614, 2520
1800, 8554, 2280
1056, 9016, 3078
1572, 9838, 3102
1562, 9882, 3698
1008, 10244, 4638
1318, 11054, 4886
388, 10688, 5576
1118, 10240, 6016
1148, 9712, 6214
792, 8882, 6752
332, 7346, 6898
60, 6544, 7330
150, 5558, 6488
1062, 4340, 6740
922, 2740, 6748
970, 1170, 6358
228, -390, 6800
614, -1452, 4852
488, -2218, 4600
958, -3414, 3180
14, -4552, 3066
572, -4862, 842
122, -5504, 574
130, -6000, -180
1230, -6356, -2100
1322, -6058, -2826
1620, -6842, -4038
2062, -6944, -5764
2590, -6988, -6206
2812, -6952, -7014
3050, -6868, -7620
2554, -6738, -6810
2214, -6638, -5744
1720, -6546, -4720
1108, -6176, -3342
1046, -6018, -2498
1348, -5160, -1840
1294, -4960, -744
506, -3742, 1440
702, -3030, 3066
562, -2010, 4778
1028, -1214, 5432
694, -656, 7634
770, 600, 6838
-200, 2068, 8118
-446, 2594, 8332
-846, 3592, 9486
-1300, 4422, 8334
-2226, 4940, 8820
-1684, 5600, 6756
-2872, 6620, 7412
-2462, 7738, 6726
-2130, 8392, 6554
-1564, 9072, 4964
-1800, 9296, 4760
-1664, 9138, 5012
-1480, 9614, 5432
-388, 9506, 4412
218, 8924, 3240
788, 8570, 2430
*NOTE-2017.03.28@15:31:24 - 1
-72, 8388, 2902
-238, 8396, 2402
-494, 8062, 2460
-688, 7586, 2188
-420, 7632, 2958
-604, 8464, 3426
-280, 8540, 2610
-1188, 9322, 3812
-686, 9500, 4260
-360, 10204, 4756
346, 10734, 4664
-136, 10602, 6102
-172, 10128, 5770
-70, 9496, 6034
-662, 9290, 7342
402, 8054, 6404
-260, 6648, 6760
-262, 5490, 8022
874, 4412, 6936
1068, 3202, 6796
512, 1670, 6706
198, 238, 6468
228, -980, 5584
390, -2394, 4698
-174, -3080, 5284
216, -4116, 4178
1268, -4106, 1746
332, -5072, 1462
482, -5748, 578
1110, -6008, -960
1018, -6472, -1582
366, -6838, -2178
488, -6836, -3206
792, -7062, -4252
2162, -7280, -5786
2244, -6896, -6306
2278, -7072, -6444
2960, -7550, -7626
1842, -6684, -5476
1816, -6838, -5224
1482, -6262, -4236
642, -6116, -2494
1280, -5406, -2402
1074, -3964, -1382
-86, -3530, 636
-1036, -2772, 3390
-746, -2354, 4834
-304, -1572, 6130
-54, -488, 7436
340, 966, 6502
-898, 1666, 8096
-1198, 3498, 7956
-1548, 3784, 8820
-1750, 4754, 7926
-2006, 6374, 7464
-2532, 6740, 8294
-2194, 7866, 6312
-2410, 8582, 5310
-2254, 9892, 6018
-954, 10608, 4308
-1184, 10958, 5340
-852, 10324, 5430
-512, 9804, 4478
316, 9004, 3628
730, 8452, 3418
*NOTE-2017.03.28@15:31:27 - 1
182, 8058, 3632
532, 7998, 2844
-370, 8382, 1612
-2850, 7924, 1628
-4222, 7578, 1418
-4460, 7386, 42
-5552, 6344, 288
-6364, 7140, 1526
-5592, 6500, 3350
-5242, 5744, 1928
-4376, 5924, 544
-1024, 6296, -166
-178, 7182, 86
-1194, 6414, 3040
530, 6220, 2206
566, 6544, 3928
-2478, 9626, 7762
-3008, 9744, 9908
4312, 5016, 5748
294, 4260, 7938
1268, 5078, 8990
950, 3712, 7582
790, 3180, 8172
1644, 2612, 7452
930, 1686, 8222
2064, 1928, 6902
1928, 1782, 7332
2774, 1402, 6088
2056, 1186, 7118
3032, 1888, 7930
2370, 1384, 7580
2038, 1454, 7098
2834, 788, 8154
3110, 2442, 7284
1768, 1178, 7348
2826, 1880, 7592
2808, 2196, 7380
2438, 2144, 7308
2900, 2514, 6892
2992, 2184, 7266
2394, 2160, 7042
3250, 2330, 7078
3308, 2604, 6922
2772, 2232, 7386
2822, 1936, 6814
2734, 2424, 7422
2912, 1820, 7232
2526, 1740, 7496
2646, 1674, 8050
2644, 1738, 7284
2420, 1840, 7552
2312, 2242, 7120
1558, 2510, 7514
1904, 1970, 7222
2162, 1540, 6812
2814, 2588, 7994
2286, 1876, 8000
1250, 2114, 6734
1394, 2096, 7280
1760, 1434, 7484
2292, 2274, 7734
630, 1148, 7148
2788, 2006, 8546
720, 796, 9662
1132, 2970, 11952
-1974, 242, 10626
2672, 32, 6254
2238, -530, 5626
-1290, 1044, 4852
312, -1230, 2988
-4262, 1050, 8122
-352, 120, 4984
-856, 1926, 6756
-1268, -1572, 4848
-2940, 2224, 12542
-250, 2020, 8058
-848, 1976, 9476
-2386, 1174, 8856
-2424, 724, 7452
-2202, 748, 7100
-2302, 870, 7370
-2396, 960, 7622
-2198, 1082, 7556
-2346, 1208, 7504
-2192, 1096, 7332
-2622, 934, 7820
-2130, 1126, 7210

-----------------------------------------------
Date: 28.03.2017 - 15:31:31
End log file
