Terminal log file
Date: 24.03.2017 - 11:10:13
-----------------------------------------------

%~>daq start

 DAQ started.
%~>quit
%~>-832, 7928, 872
-778, 7980, 898
-754, 7976, 768
-786, 7966, 758
-790, 7930, 936
-840, 7960, 966
-840, 7854, 1174
-612, 7622, 136
-1652, 8050, 1032
-3762, 8372, 1606
-4300, 7590, 1618
-3730, 6944, 1148
-4366, 6790, 950
-4334, 6306, 14
-3904, 6520, -12
-3222, 6592, -62
-3796, 6400, -100
-5534, 6302, -664
-4068, 6606, -1448
-4662, 7432, -148
-4568, 6720, -1208
-2982, 6922, -318
-4776, 7386, 306
-4106, 7154, 554
-3288, 7398, 134
-3476, 7060, 202
-3658, 7270, 874
-4302, 7566, 2232
-4372, 7306, 1748
-5322, 7184, 3500
-2398, 6600, 1436
-2408, 6472, 2540
-2776, 6982, 2940
-2582, 6528, 3892
-1624, 6642, 3660
*NOTE-2017.03.24@11:10:15 - 1
-1742, 6616, 3888
-1936, 6318, 4026
-2026, 7700, 4388
-1968, 7432, 3406
-2028, 7264, 3772
-2308, 7380, 2958
-2194, 7164, 1782
-2082, 7254, 2330
-2014, 7314, 2042
-1970, 7148, 2260
-2024, 7542, 2376
-2104, 7918, 2682
-1706, 7600, 2930
1430, 8206, 80
116, 7106, -812
-2906, 7944, 604
-3284, 8518, 1850
-5182, 8298, 6222
-2444, 7240, 2218
-2170, 7646, 960
-2812, 8526, 1384
-2152, 6940, 634
-522, 7462, 1534
-1048, 7986, 1172
-2164, 7118, 2554
-1714, 7264, 2408
-3228, 7232, 990
-3038, 7926, 2576
-4558, 8244, 1612
-3458, 8070, 3688
-2924, 7298, 2728
-2282, 6280, 2508
-1718, 6742, 2628
-1440, 6852, 2024
-1400, 7292, -862
-2172, 7042, 816
-2146, 7122, -42
-3940, 9392, 1760
-3142, 9300, -260
-2822, 8178, 376
*NOTE-2017.03.24@11:10:17 - 1
-970, 8034, -280
-218, 8642, 778
314, 7988, 74
2, 7846, -460
-710, 7918, -388
-808, 7946, -224
-398, 7832, -170
-532, 7702, -104
-436, 7872, 260
-122, 7802, 284
-140, 8284, 992
-542, 7910, 2104
-510, 8554, 2826
-888, 8970, 4924
260, 9634, 4574
-892, 9854, 6054
-1448, 9954, 5700
-2426, 10574, 6198
-3132, 10944, 6792
-2868, 10904, 6492
-2608, 10028, 6912
-2314, 8768, 6534
-2018, 7906, 6198
-1678, 6264, 6460
-1188, 4424, 5856
-1290, 3048, 6190
-616, 2076, 5764
-294, 764, 5706
-146, -924, 5358
-192, -2184, 4864
-458, -3126, 4590
-472, -3742, 3678
-296, -4198, 2978
-192, -5208, 1908
420, -5606, 264
1480, -6220, -2622
-1210, -6970, -2878
-30, -7798, -3734
1310, -7876, -4978
2454, -7864, -6244
1266, -7878, -5572
1642, -7416, -5876
980, -7034, -4352
514, -7154, -2804
768, -6336, -1824
768, -5568, -434
174, -3966, -44
-952, -3720, 2752
-1710, -2332, 2892
-1972, -1198, 2990
-3612, -434, 4974
-4102, 1174, 5402
-4174, 2434, 5394
-4142, 4264, 5238
-4440, 6260, 5418
-5418, 7352, 5108
-5302, 9450, 6760
-5742, 10316, 5006
-6102, 11470, 6332
-2838, 11390, 1744
-5094, 12568, 4006
-6678, 12370, 5640
-5604, 9918, 6516
-2040, 9110, 4960
2304, 8398, 2994
962, 8598, 3754
-994, 9212, 4394
-1108, 10186, 4514
-1186, 11150, 4396
-1584, 11202, 4164
*NOTE-2017.03.24@11:10:20 - 1
-232, 11250, 4406
-482, 12262, 5134
-900, 12186, 5726
174, 11686, 5400
-494, 10400, 6298
-278, 8960, 5958
-518, 7922, 6312
-790, 6036, 6078
-318, 4824, 5532
-920, 2676, 6046
-722, 1714, 5734
-278, -308, 3584
-1026, -1618, 3446
-662, -3336, 3080
-56, -4260, 1680
-488, -5124, 416
-570, -6246, -860
180, -6428, -2730
-222, -6604, -1942
1552, -6786, -4294
1960, -7510, -5502
2788, -7186, -6568
2442, -7238, -6446
2424, -7388, -6404
1732, -7104, -4840
636, -6786, -2618
1972, -6946, -2222
1022, -6462, -336
566, -4194, 376
-210, -3764, 72
-1116, -3680, 1748
-994, -2580, 1928
-2496, -866, 3378
-3914, 804, 5028
-3794, 1172, 3698
-3812, 3350, 2980
-5882, 4454, 6286
-6166, 6938, 4062
-6818, 8300, 3098
-8012, 9226, 6170
-5372, 9968, 2780
-5892, 11358, 5282
-3138, 11516, 2190
-3466, 13146, 3826
-5210, 11804, 6146
-4366, 10312, 6810
532, 9336, 4448
1644, 8472, 5080
-118, 8488, 5582
-972, 9560, 4096
*NOTE-2017.03.24@11:10:23 - 1
-868, 9474, 3228
-1718, 10514, 4172
-1242, 11676, 4936
-1228, 12266, 5652
-1516, 12456, 5904
-1074, 12776, 5146
-1372, 11780, 5800
-726, 10596, 5976
-1562, 8720, 7740
-960, 7622, 5430
-1298, 6154, 5756
-690, 4638, 5050
-812, 2544, 4636
-476, 864, 4016
-128, -816, 3770
-730, -2084, 2802
-112, -3586, 1862
296, -4860, 568
544, -5810, 208
982, -6848, -1830
-256, -7102, -2496
34, -7606, -2934
684, -7372, -4010
1266, -7764, -4856
968, -7692, -4086
1134, -7762, -4212
1070, -7218, -3664
664, -6776, -3192
-6, -6794, -798
1100, -6440, -2064
-306, -5634, 1286
696, -4340, -306
-1218, -3822, 2610
-1694, -2750, 4202
-1390, -1750, 3910
-2036, -346, 4556
-2596, 1240, 4698
-2906, 4082, 5332
-4512, 4088, 6292
-4222, 6086, 6498
-5648, 7930, 7898
-4858, 8710, 5916
-5434, 9534, 6162
-4168, 10842, 2764
-5468, 11582, 3336
-5686, 11782, 4128
-4818, 11616, 2960
-4386, 10146, 3952
-2230, 8954, 3602
-816, 9392, 3508
230, 9042, 3508
-1122, 9254, 4382
*NOTE-2017.03.24@11:10:25 - 1
-1090, 9020, 3392
-1724, 9186, 3886
-2558, 10286, 3404
-2170, 11044, 4726
-836, 11906, 4244
-1194, 12662, 5258
-826, 11970, 4824
-840, 11434, 5430
-1606, 9954, 7190
-888, 8584, 5702
-1568, 7512, 5822
-1272, 6028, 5760
-518, 4736, 5822
-612, 2660, 5364
-854, 1632, 5524
-976, 348, 5430
50, -1132, 3560
172, -2706, 2890
374, -3800, 1966
-670, -5010, 1836
-440, -5976, 1082
-388, -6614, 56
664, -7004, -1394
866, -7544, -2114
566, -7052, -2064
1776, -7548, -4006
1938, -7876, -5194
1302, -7682, -5652
1792, -7990, -5524
1468, -7416, -4390
1340, -6922, -4214
636, -7020, -3230
290, -6046, -1066
1742, -4602, -2060
-776, -4088, 694
-1178, -3234, 2076
-1040, -2028, 2324
-1832, -688, 4700
-1604, 416, 3618
-3620, 1538, 7224
-3064, 2178, 6182
-2498, 5490, 5892
-5058, 5714, 8220
-3510, 7438, 4956
-5162, 8642, 7018
-4794, 10292, 6094
-4722, 9832, 5058
-2496, 11430, 3402
-3080, 12370, 4264
-3694, 11882, 5122
-3876, 10842, 5918
-1442, 9344, 4754
1274, 9074, 3088
692, 8564, 3180
-1146, 8338, 4108
-840, 8482, 3792
-1086, 8820, 3074
*NOTE-2017.03.24@11:10:28 - 1
-1400, 9738, 2764
-1876, 9600, 3876
-1274, 10736, 4498
-404, 11212, 5178
-982, 11956, 6162
-1192, 11828, 6350
-548, 11404, 5778
-1450, 9962, 7174
-1036, 8858, 6246
-1242, 7986, 7004
-294, 6306, 5884
-2240, 4808, 6650
-626, 2698, 5668
-760, 1070, 5222
-1026, -350, 4736
-656, -1768, 3660
-1332, -3192, 3136
-624, -4174, 1756
-854, -4932, 1132
-644, -5706, 242
632, -6308, -1586
484, -6758, -1960
-210, -7098, -1232
1198, -7082, -2904
1802, -7504, -4560
2120, -7608, -5546
1798, -7472, -5400
1866, -7534, -5396
1738, -7260, -5236
1204, -7138, -4158
22, -7144, -2346
552, -6280, -2052
1414, -5608, -1152
546, -4480, 118
-548, -3592, 1554
-1010, -2516, 2552
-1582, -1282, 3756
-1304, -98, 3404
-2350, 1192, 5388
-3350, 2702, 6938
-2422, 4218, 4738
-4200, 6136, 6958
-4220, 7378, 6882
-4936, 9324, 8510
-3162, 9912, 5980
-4330, 11220, 7118
-3244, 11976, 5342
-3312, 11816, 4542
-4180, 11028, 5300
-4358, 9872, 5724
-1240, 9020, 3716
1066, 8966, 2794
266, 8268, 3766
-856, 8430, 4414
-1122, 8582, 4176
-578, 9372, 3292
-1786, 9556, 3656
*NOTE-2017.03.24@11:10:31 - 1
-2072, 11196, 4690
-1198, 11226, 4320
-246, 11178, 5468
-1044, 12060, 5972
-726, 12198, 5858
-810, 11396, 6436
-1808, 9594, 6888
-1450, 9194, 6566
-366, 7648, 6744
-1424, 6026, 7024
-494, 4654, 5428
-290, 2824, 5184
-224, 1476, 5234
538, -94, 3840
206, -2216, 3494
676, -3664, 1364
-200, -4628, 2174
128, -5474, 700
-70, -6104, 422
318, -6722, -1774
-814, -6430, -1412
-636, -7492, -3136
388, -7802, -3490
1144, -7638, -4928
408, -7742, -5904
452, -8078, -5908
412, -7052, -4014
850, -7260, -4252
656, -7146, -3016
98, -5834, 372
1000, -5120, -114
622, -4920, 904
-1374, -3438, 2780
-1010, -2998, 2578
-1602, -2524, 3962
-1652, -1598, 4148
-2904, 940, 5428
-4118, 476, 6810
-2562, 2354, 5132
-4654, 4914, 7672
-3300, 4716, 5710
-4150, 7530, 6306
-4214, 8058, 5760
-4888, 10094, 6666
-5218, 10204, 5612
-4660, 11296, 5916
-3050, 11060, 4122
-3572, 10642, 4622
-3458, 10324, 5830
-2498, 9094, 5922
606, 8794, 4084
768, 8428, 3610
-682, 7958, 3788
-712, 8884, 3698
*NOTE-2017.03.24@11:10:34 - 1
-1384, 9110, 3922
-1722, 10340, 5558
-608, 11512, 6018
112, 11518, 6180
-448, 12510, 6248
-834, 11914, 5972
-610, 11540, 4982
-1258, 10052, 5268
-2196, 8522, 6518
-870, 6676, 6180
-1716, 5664, 6990
-242, 3960, 4192
188, 2820, 4478
-368, 1250, 4540
-246, -428, 4600
46, -2116, 3554
-1254, -3406, 3616
-712, -4460, 2594
-532, -5524, 1402
-800, -6334, 204
-82, -6272, -536
-968, -6950, -1522
-130, -7092, -3346
136, -7206, -4198
236, -7858, -5034
-240, -7636, -5008
-62, -7580, -5010
940, -7532, -4976
694, -7414, -3032
656, -7716, -3344
-546, -6772, -2612
1082, -6304, -1670
1812, -4714, -1138
1668, -4402, 62
114, -2154, 2484
202, -2110, 3334
-246, -1534, 4516
-918, 278, 3644
-2716, 2196, 6054
-3460, 3490, 6398
-3492, 4542, 6404
-2676, 6372, 4462
-4328, 9068, 7354
-3952, 10396, 6364
-4356, 12488, 7568
-2938, 13426, 5442
-2966, 12776, 4708
-4214, 12236, 6468
-3014, 10294, 6446
346, 9432, 4544
2524, 9180, 2924
376, 8752, 4378
-1176, 8698, 4856
-742, 9160, 3116
-994, 9448, 2430
*NOTE-2017.03.24@11:10:36 - 1
-1482, 9450, 2514
-1792, 9796, 4346
-1586, 11002, 4672
-686, 11844, 4106
-724, 11962, 5368
-1036, 11782, 5626
-274, 11204, 5370
-394, 9980, 5972
-1144, 8864, 6984
572, 7006, 5028
-1206, 5426, 7128
-458, 3936, 6396
-762, 2982, 6674
-146, 1650, 5410
-1406, -30, 5706
-1582, -1560, 4052
-2324, -3124, 3932
-1826, -4322, 2596
-1364, -4860, 1810
-1114, -5524, 834
-1064, -6384, -30
610, -6858, -1856
688, -7152, -1894
1068, -7016, -2420
1574, -7292, -4192
1512, -7550, -5130
1728, -7754, -5968
1688, -7494, -5436
1542, -7474, -5324
440, -6534, -3310
1264, -6682, -2096
1614, -5184, -1820
1472, -4946, -1048
-354, -3056, -756
-2000, -3258, 2550
-456, -1014, 208
-3902, 606, 2898
-5578, 1090, 5378
-4274, 2662, 3754
-6070, 4424, 6374
-6668, 5996, 5624
-6406, 8220, 5260
-6856, 8902, 5758
-6166, 10836, 4986
-5156, 11652, 5328
-3008, 12412, 4046
-2578, 12594, 3238
-4424, 11894, 5694
-3556, 10814, 5536
90, 9444, 3028
130, 8810, 3372
-464, 8348, 3282
-1280, 8192, 3430
-1728, 8378, 3292
-2114, 8976, 3068
*NOTE-2017.03.24@11:10:39 - 1
-2264, 9038, 3610
-2204, 10008, 3632
-1254, 10878, 3502
-522, 12190, 4956
-730, 12388, 5526
-1116, 12556, 5752
-1732, 11710, 6396
-1884, 10790, 6710
-1376, 9390, 5998
-1300, 7524, 6198
-1078, 6296, 7112
-166, 5042, 4970
-1010, 2878, 6154
292, 1398, 4510
-930, 112, 5960
314, -1408, 3766
-572, -2468, 3648
54, -3734, 1702
-34, -4932, 1142
364, -5584, 360
758, -6550, -1668
268, -7408, -3588
-948, -7290, -1450
442, -7282, -3128
796, -8020, -3650
902, -7874, -3818
1546, -7952, -5330
1776, -7836, -4140
2070, -7656, -4238
1218, -7198, -3278
1116, -6524, -2968
616, -5796, -1438
422, -5236, -774
502, -4348, -868
-2078, -3164, 3190
-1578, -2716, 3826
-1240, -1478, 3792
-2162, 154, 7052
-3688, 10, 8698
-190, 2494, 3924
-1860, 4414, 8582
-754, 5404, 6608
-2476, 6958, 7958
-2096, 7794, 5920
-2682, 9940, 7076
-1100, 10786, 4202
-1390, 11346, 4410
-1410, 11196, 3606
-2538, 12070, 5020
-3190, 11494, 5590
-2046, 10576, 4696
-916, 10130, 4276
-766, 9190, 4100
-1398, 8232, 4142
-2360, 8062, 4044
-2692, 8868, 3656
*NOTE-2017.03.24@11:10:42 - 1
-1918, 9392, 1780
-2410, 10208, 2910
-2486, 9732, 3642
-1814, 10972, 4608
-1268, 11870, 4960
-2114, 11708, 5900
-2050, 11810, 5868
-1594, 11270, 6288
-1548, 10024, 6250
-1206, 8316, 5532
-2262, 5584, 7198
-2122, 4516, 6442
-1294, 3144, 6406
-1338, 2254, 6204
-504, 760, 5420
-802, -716, 5158
354, -2426, 3974
588, -2924, 2884
782, -3680, 1806
-84, -4744, 2036
-326, -5646, 1200
-190, -6226, 184
78, -6822, -1194
-556, -7156, -888
1162, -7534, -3448
596, -7676, -3858
918, -7908, -5330
470, -7882, -5406
322, -8048, -4962
648, -7118, -4228
44, -6824, -2984
-20, -6480, -3110
414, -5096, -1326
-186, -4526, 1460
526, -3844, 1114
-466, -2484, 2800
-896, -2054, 3962
-1240, -454, 5110
-1344, 616, 5734
-2620, 1858, 5610
-3776, 3988, 8462
-2918, 5204, 4792
-5066, 7026, 7856
-3844, 8156, 6060
-3634, 9782, 5460
-3920, 10400, 6518
-1594, 12124, 4138
-1868, 12668, 3832
-3790, 12328, 5750
-3770, 11458, 5990
-2334, 9908, 5622
-464, 9238, 4678
-356, 8532, 4410
-1792, 8226, 4186
-2624, 8484, 3840
*NOTE-2017.03.24@11:10:45 - 1
-2718, 8410, 3480
-1504, 10072, 2524
-1564, 10636, 3690
-1612, 10482, 4716
-1436, 11086, 5304
-1508, 11216, 5004
-1510, 11124, 5598
-1478, 10408, 5986
-2080, 9266, 6328
-2488, 8694, 7350
-1856, 7254, 7448
-638, 5670, 6450
-658, 4248, 6406
454, 3042, 6090
1394, 1858, 4864
616, 222, 4294
-60, -1218, 4598
384, -2514, 3738
-978, -3836, 2882
-1042, -4872, 1862
-368, -5450, 162
-874, -6300, -66
1178, -7086, -3294
242, -7640, -1790
-338, -7004, -1848
732, -7798, -4428
1290, -7884, -5150
466, -7582, -4806
1364, -7352, -5242
1296, -7298, -5298
1028, -7068, -3668
826, -6476, -2480
1068, -5868, -1970
1052, -4484, -1400
638, -4570, -1048
-984, -1444, 2620
-998, -994, 4224
-684, -112, 3284
-2406, 1134, 5204
-3864, 2380, 4956
-3876, 4332, 4298
-5904, 5962, 8190
-3744, 8014, 4076
-5402, 9384, 6590
-5078, 11558, 7236
-3984, 13318, 3980
-5488, 14078, 4672
-7096, 13556, 7256
-7072, 11428, 7080
-3242, 10280, 5818
1630, 9126, 3352
116, 8740, 4416
-1790, 8000, 4502
-2120, 8086, 3930
-1892, 8980, 3044
-1904, 8764, 2656
-1704, 9582, 2950
*NOTE-2017.03.24@11:10:47 - 1
-2064, 10856, 4506
-1142, 11314, 5090
-326, 11568, 4794
-874, 11312, 5508
-972, 10928, 5568
-482, 10264, 5078
-1756, 8322, 6850
-704, 7546, 6536
-1962, 5974, 7744
-1320, 4290, 6594
-2786, 3458, 8564
-72, 2452, 5154
-114, 988, 6132
468, -558, 4176
-228, -1584, 4500
-738, -3042, 3992
-48, -4264, 1776
420, -4920, 1026
-574, -6302, 868
-456, -6534, 552
510, -7056, -538
836, -6734, -884
616, -7454, -2366
244, -7518, -2806
856, -7664, -4726
372, -7260, -5410
44, -7454, -5528
1194, -7660, -6546
72, -7438, -5214
-122, -7048, -4122
62, -6582, -2284
-488, -5856, -1304
-132, -5162, -742
-2, -4346, 1162
-592, -3834, 3662
796, -3220, 2280
190, -1260, 4724
-652, -752, 5130
-1176, 564, 5010
-2594, 2444, 7512
-2670, 2432, 6898
-2650, 4650, 7904
-2602, 5692, 7966
-56, 6774, 5600
-1240, 8350, 7748
248, 9492, 6010
120, 11354, 6188
1088, 11630, 4744
-1026, 11962, 5398
-694, 10806, 5338
-398, 10418, 6158
704, 10004, 5946
1898, 9090, 5040
1438, 8436, 4694
*NOTE-2017.03.24@11:10:50 - 1
574, 7514, 4022
-602, 8112, 4176
-1190, 8712, 3462
-1766, 9976, 4162
-1068, 10308, 4586
-808, 10042, 4566
-1324, 10276, 5650
-2234, 10452, 6356
-2336, 10560, 6538
-2400, 10060, 6486
-2712, 9082, 6344
-2634, 8344, 6802
-1220, 6098, 6416
-680, 3510, 6550
-1926, 3070, 7460
-2154, 1930, 7306
-784, 908, 5656
-950, -676, 5220
-578, -1960, 4704
-296, -2840, 3884
102, -3914, 1950
-260, -4852, 1716
74, -5732, -136
60, -6252, -666
-288, -7126, -600
726, -6896, -1730
218, -7028, -1686
1414, -7414, -4920
1208, -7918, -4668
1826, -7426, -5134
2282, -7836, -5408
1590, -7364, -4684
1180, -7436, -3850
676, -6860, -2178
156, -6422, -812
906, -5528, -1738
454, -4488, -576
-1072, -3704, 2740
-2114, -3068, 5366
82, -2834, 3002
-874, -1602, 5960
44, -848, 4658
-616, 1554, 6202
-1494, 1478, 7494
-1282, 4180, 6836
-2562, 5552, 8212
-2058, 6204, 7118
-2186, 7884, 7318
-2012, 8826, 6308
-2606, 9680, 6552
-2252, 10456, 5148
-2080, 10290, 3090
-3848, 11570, 3342
-4212, 10746, 4606
-3468, 10034, 4428
-1848, 9692, 4086
-980, 9030, 3732
-942, 8236, 4336
-1414, 7894, 4526
*NOTE-2017.03.24@11:10:53 - 1
-2034, 8196, 4456
-2018, 8424, 4072
-760, 9680, 3012
-1138, 10404, 3608
-3024, 10528, 5874
-2706, 11552, 5396
-2346, 12706, 5700
-1904, 12282, 5850
-2320, 11176, 6352
-2722, 9748, 6386
-1162, 8302, 5228
-972, 6448, 5602
-1062, 4874, 5898
-1530, 2982, 7052
-634, 1938, 5986
-128, 440, 5814
-628, -886, 4952
-1286, -1878, 5112
-1136, -2656, 3604
-1054, -3524, 3482
-352, -5230, 2364
-158, -5314, 2314
278, -5832, 956
214, -6534, -286
-162, -7104, -1734
-128, -6800, -2472
-368, -7466, -2626
444, -7624, -4158
174, -7666, -5480
146, -7642, -5708
1128, -7582, -5222
738, -7452, -4348
486, -6990, -3948
-188, -6842, -2350
710, -6104, -2518
324, -5208, -844
386, -4472, -198
790, -3802, 1332
-634, -2212, 3862
-1596, -1566, 5524
-1708, -12, 5544
-1630, 644, 5698
-3170, 1524, 7486
-2488, 2876, 6428
-3716, 5090, 7454
-3504, 5606, 6846
-3934, 7776, 6836
-3784, 8340, 6658
-3856, 10138, 6612
-2928, 10610, 6124
-2264, 11294, 4374
-2914, 10684, 4262
-3264, 10412, 5040
-3054, 9852, 5250
-1760, 9456, 5312
-614, 8742, 4928
-532, 8034, 4740
*NOTE-2017.03.24@11:10:56 - 1
-1566, 7782, 4630
-1714, 8776, 3960
-2142, 8900, 4162
-1224, 9584, 3488
-870, 10454, 3954
-1890, 10426, 5346
-1458, 10906, 5636
-2016, 11004, 6014
-1596, 10770, 6234
-978, 9984, 6284
-764, 8664, 5836
106, 7478, 5596
542, 5988, 5852
-244, 5170, 7170
-142, 3412, 7070
-304, 2258, 7562
-396, 998, 6206
-380, 12, 5118
180, -1344, 4794
354, -2322, 3806
-264, -3750, 3142
-418, -4622, 2690
-176, -5296, 1616
-258, -6504, 736
-674, -6416, 116
-518, -6866, -850
-280, -7004, -1524
-990, -7306, -1504
120, -7790, -3724
-18, -7622, -4162
-92, -7730, -5376
150, -8096, -7230
-340, -8234, -5720
1080, -7472, -5156
926, -7332, -4488
128, -7162, -3578
-792, -6914, -2472
-792, -6168, -1770
568, -5728, -1934
834, -4564, -518
556, -3712, 734
-598, -2394, 3138
-1016, -2028, 4716
-194, -834, 4176
-1618, 646, 6298
-2648, 1300, 8908
-244, 1944, 5862
-1560, 4250, 7688
-2018, 4830, 8438
-1604, 6300, 8150
-1688, 7244, 7434
-2054, 8186, 6992
-2344, 8750, 6254
-2616, 9824, 6664
-2406, 10058, 3650
-3670, 9744, 3874
-4108, 9646, 4252
-4176, 8752, 4166
-3764, 9082, 4784
-2498, 8594, 4318
-1410, 8426, 3840
*NOTE-2017.03.24@11:10:59 - 1
-788, 8314, 3174
-1380, 8228, 3256
-1270, 7754, 3388
-1078, 7910, 3434
-1206, 8782, 2316
-1634, 9608, 1742
-1902, 8784, 1538
-2436, 8442, 1018
-2658, 7410, 1856
-1806, 7426, 1564
-358, 6104, 1410
248, 5840, 2918
732, 5568, 2558
1342, 5544, 2976
816, 5304, 2744
180, 6936, 3770
-740, 6460, 4392
-2252, 9020, 8704
-3370, 5274, 788
2950, 9668, 10004
-1922, 4624, 7150
-2860, 3088, 7466
-2616, 2370, 7692
-2798, 2224, 7756
-2604, 1188, 7070
-4210, 322, 7588
510, 848, 7322
-1836, -80, 7482
-372, -202, 7674
-1760, -544, 9118
-20, -166, 8106
-1846, -736, 7984
-1366, 682, 8272
-1544, -94, 7334
-212, -170, 9232
-136, 182, 7946
202, 1686, 7262
-300, 390, 5928
906, 940, 9082
-18, 1526, 9750
1876, 458, 7642
2258, -800, 6752
1264, 986, 9304
676, 680, 9720
1906, 78, 6854
776, 70, 8204
1378, 752, 7380
1522, -206, 7674
2504, 432, 7324
1670, 84, 8320
2376, 176, 7580
2294, 588, 7974
2220, 306, 7132
1610, 456, 8582
2152, -208, 7584
3374, 122, 6936
2158, -414, 7806
2622, -596, 7534
2386, -460, 7838
2128, -1380, 6874
2874, -456, 8478
2728, -782, 7076
2506, -350, 9146
2692, 336, 7266
2204, 110, 7990
3074, 994, 7860
2568, 614, 7070
2352, 1682, 6786
1538, 1596, 7102
2496, 2680, 6398
1806, 2422, 7550
2276, 2278, 7636
2090, 2860, 7000
1254, 3256, 7378
1250, 2672, 7284
1408, 2910, 7030
1502, 3260, 7184
1174, 2778, 6310
1576, 2604, 7204
1018, 2514, 7170
836, 2094, 8306
432, 1624, 7444
1264, 1734, 7574
668, 1176, 8678
942, 148, 8172
1014, 506, 8582
780, -544, 9036
1490, 296, 8302
1820, -3326, 7586
1238, -2734, 6684
-3188, -2734, 7692
-2778, -1796, 9576
-762, -1464, 7062
-1614, -468, 7240
*NOTE-2017.03.24@11:11:04 - 1
-700, -174, 5716
-3334, 2124, 9052
-2182, 1544, 8190
-1190, 334, 7294
-2996, 290, 8472
-1486, 434, 7096
-2830, 1232, 8062
3524, -1216, 4708
1080, -344, 7436
-2094, -764, 7512
-3728, -124, 7152
-5624, 96, 7136
-10460, 1048, 14882
-3094, -116, 7596
-2406, -1012, 5504
-4900, -262, 5090
-7458, -944, 6252
-8316, -1622, 2256
-8142, -1172, 4428
-7206, -790, 1300
-7014, -1064, 1492
-8552, -1698, 1500
-8196, -1600, 504
-7248, -2260, 1152
-7118, -2010, -1312
-8004, -1852, -40
-7828, -1872, -1932
-9174, -1662, 364
-6964, -1770, -836
-7012, -2110, -1062
-8950, -1784, -796
-9444, -1232, -358
-7312, -1744, -2064
-8458, -2034, -930
-7450, -1912, -2186
-8710, -1772, -1236
-9056, -1488, -92
-7648, -1420, -348
-6908, -2010, -276
-6890, -1944, -192
-7962, -1116, 1270
-7878, -1952, -150
-8338, -1702, 598
-8968, -1274, 2648
-6904, -638, 2032
-7654, -1176, 1910
-7542, -1204, 3412
-6950, -1724, 1656
-7216, -1520, 2702
-6634, -1704, 3136
-6490, -1422, 3460
-7492, -1372, 4020
-6382, -1426, 3440
-6848, -1232, 4050
-6606, -1310, 3774
-7090, -1418, 4596
-7060, -1504, 5114
-5056, -1184, 3750
-5256, -1084, 5462
-5304, -1166, 5628
-5426, -1254, 5366
-5578, -1194, 5660
-5416, -1156, 5564
-5242, -1012, 5376
-5166, -1036, 5600
-6102, -1388, 5120
-6286, -1234, 5074
-6676, -1720, 4786
-6490, -1420, 4594
-6766, -1558, 4960
-5114, -1676, 4014
-6006, -1770, 5024
-5812, -1340, 4938
-5906, -1426, 5200
-5850, -1484, 5110
-5796, -1460, 5018
-5826, -1540, 4906
-5844, -1440, 5258
-5674, -1470, 5194
-5792, -1332, 5264
-5610, -1330, 5118
-5660, -1310, 5208
-5716, -1376, 5224
-5754, -1254, 4974
-5618, -1370, 5462
-5812, -1306, 5158
-5722, -1232, 5360
-5870, -1436, 5166
-5882, -1520, 4738
-5734, -1830, 4490
-6140, -1838, 4352
-6084, -1706, 4664
-6176, -1634, 4830
-5966, -1602, 4844
-5972, -1638, 4896
-5896, -1618, 4754
-5998, -1678, 4842
-5826, -1618, 4830
-6092, -1650, 4866
-5972, -1642, 5018
-5962, -1666, 4842
-6050, -1584, 4896
-5850, -1678, 5140
-5844, -1712, 4960
-5762, -1682, 5248
-5764, -1490, 5330
-5340, -1586, 5522
-4894, -1480, 5450
-5192, -1458, 5966
-5342, -1214, 5706
-5548, -1318, 5798
-6358, -1600, 6220
-4362, -1438, 6364
-3444, -2052, 6218
-3414, -1878, 5998
-3846, -2064, 6506
-4094, -2170, 6276
-4564, -2006, 5934
-4736, -2600, 6666
-4012, -2476, 6082
-3442, -2250, 6870
-2516, -1952, 7394
-1902, -1542, 7274
-1624, -1628, 7330
-2144, -1910, 7372
-2506, -2158, 6746
-2810, -2318, 6350
-3882, -2182, 7060
-3502, -2248, 6192
-3970, -2080, 6906
-3736, -1860, 7026
-3340, -2004, 6766
-3462, -1892, 7018
-3482, -1980, 6816
-3530, -2014, 6672
-3448, -2192, 6650
-3386, -2228, 6504
-3632, -2132, 6770
-3340, -2148, 6630
-3594, -2108, 6952
-3564, -2274, 6466
-3832, -2310, 6830
-3558, -2450, 6006
-3632, -2562, 6248
-3844, -2538, 6242
-4002, -2498, 6282
-3946, -2540, 6372
-3466, -2326, 6612
-3366, -2204, 6854
-3066, -2018, 7026
-2922, -1974, 7190
-2534, -1994, 6894
-2680, -2220, 6932
-2834, -2086, 6768
-2988, -2134, 7102
-2888, -1836, 7188
-780, -2030, 6150
-2194, -1624, 7252
-3126, -1420, 7958
-2988, -2230, 6868
-2716, -2244, 6574
-3164, -2380, 6076
-3824, -2184, 7048
-4098, -2250, 7062
-3440, -2400, 6428
-3412, -2368, 6322
-3466, -2290, 6794
-3206, -2326, 6766
-3020, -2284, 6938
-2830, -2306, 6886
-2846, -2186, 6956
-2840, -2250, 6902
-2926, -2372, 6962
-2960, -2454, 6896
-2666, -2380, 6750
-2198, -2264, 6462
-2546, -2082, 7176
-4186, -1544, 8800
-2588, -2632, 6280
-3326, -2432, 6098
-2808, -2620, 4696
-4088, -2606, 3874
-6752, -2408, 6442
-7146, -2134, 5270
-5972, -2180, 4410
-6294, -2082, 5172
-6252, -1906, 4446
-6138, -1866, 4692
-5870, -1784, 5022
-6056, -1712, 4968
-5932, -1754, 4752
-5954, -1776, 4712
-6124, -1830, 4624
-5936, -1718, 4798
-5966, -1928, 4622
-6064, -1922, 4544
-6152, -1888, 4448
-6122, -1914, 4296
-5920, -1860, 4496
-6092, -2064, 4044
-6408, -2206, 4076
-6120, -2184, 3494
-7056, -2326, 2620
-8324, -2150, 3130
-7610, -1942, 1968
-7476, -2308, 1504
-7430, -2076, 1762
-7454, -1786, 2088
-7460, -2082, 2176
-7788, -2414, 1934
-7340, -2494, 1540
-7356, -2638, 1554
-7384, -2564, 1604
-7350, -2618, 1666
-7472, -2398, 1802
-7332, -2278, 1784
-7200, -2530, 1770
-7192, -2552, 1726
-7178, -2424, 1770
-7252, -2312, 2000
-7372, -2542, 1838
-7324, -2460, 1782
-7198, -2470, 1966
-7368, -2470, 1910
-7516, -2456, 1442
-7484, -2300, 2358
-7240, -2348, 1938
-7256, -2330, 2462
-7300, -2494, 1898
-7340, -2576, 1922
-7092, -2512, 1620
-7376, -2506, 2024
-7416, -2402, 1972
-7572, -2224, 2150
-7486, -2394, 2128
-7366, -2350, 2752
-6816, -2196, 2730
-6556, -2132, 2604
-7166, -2286, 3404
-6700, -2298, 3624
-6616, -2178, 3656
-6514, -2134, 4060
-6422, -2156, 4098
-6042, -2858, 3066
-7002, -3728, 3376
-6994, -2490, 5618
-6064, -406, 6858
-3796, -1118, 5680
-2826, -1370, 4790
-2988, -484, 6584
-3118, -100, 6976
-2328, -1534, 6090
-4508, -1776, 7902
-3218, -1426, 7086
-3150, -2026, 6926
-2464, -2200, 6818
-3240, -2378, 7374
-2936, -2322, 6798
-2662, -2466, 7236
-1984, -2378, 6912
-1372, -2378, 6882
-1146, -2284, 6950
-1810, -2242, 7310
-1784, -2454, 7490
-1056, -2594, 6764
-168, -2840, 5336
-3024, -2408, 7058
-4520, -2912, 7322
-4242, -2392, 6518
-4130, -1712, 7168
-3236, -1338, 7134
-2492, -1012, 7346
-2758, -684, 8224
-1556, -220, 7782
-1004, 194, 6868
-1214, 222, 7404
-1724, 320, 8268
156, -120, 8602
-1994, -248, 8182
-2040, 130, 7280
-1564, 780, 10558
-354, -92, 7866
-1758, 88, 8360
-1070, 776, 7908
-1458, 1610, 8666
-1836, 1512, 7824
-1210, -12, 7358
230, -1344, 5788
*NOTE-2017.03.24@11:11:18 - 1
-1104, -2618, 8088
1798, -1390, 4418
-724, -2674, 8412
-3278, 262, 9194
-1506, -796, 8208
-956, -480, 7264
-1226, -662, 7414
-338, -638, 8152
-974, -116, 7726
-1258, -62, 7966
-1758, 136, 8302
-912, -280, 7802
-680, 342, 7674
300, 844, 6608
-3314, 3912, 9132
-2158, 4184, 6154
-860, 2462, 7156
-972, 508, 6858
-1078, -1492, 6166
-2772, -2714, 5962
-1982, -4706, 4578
-1882, -3854, 4840
-9856, -492, 18710
1378, -858, 9622
-1088, -346, 6482
-610, 74, 9010
-1348, -1254, 7224
-634, -944, 8346
-1500, -1262, 7556
-858, -1404, 8016
-1458, -1840, 7484
-258, -1914, 7006
-736, -2256, 7970
-1676, -1750, 8102
-1016, -1340, 8422
-2068, -1044, 8974
-2438, -390, 8414
-3054, 1114, 7808
-4828, 2328, 8848
-2282, 4214, 6858
-3158, 8772, 11944
-3058, 2224, 4730
-4856, 7814, 3762
-2800, 4824, 5414
-632, 3492, 1940
-3600, 2984, 2670
-1996, 2788, 1146
-3420, 5196, 3856
-2536, 4334, 3884
-830, 4858, 1608
-2668, 7416, 3136
-3620, 7482, 1606
-4242, 8278, 454
-4548, 8438, 1090
-3890, 8480, 758
-2906, 8724, 268
-2304, 8752, -320
-2284, 8662, -312
-2288, 7390, 574
-2154, 7320, 2162
-958, 7990, 1508
-136, 8710, 780
-238, 8144, 1776
292, 7420, 1904
916, 7234, 1624
560, 7542, 1634
30, 7822, 2016
612, 7450, 1548
692, 7620, 980
12, 7886, 1194
452, 7512, 86
362, 7556, -178
-26, 8000, 112
*NOTE-2017.03.24@11:11:22 - 1
-428, 8336, 1082
604, 8130, 70
894, 8122, 338
4, 8160, 1260
-458, 8320, 1754
-812, 8446, 2516
-512, 8670, 2518
-252, 8518, 2394
-962, 8478, 3828
-1500, 9050, 5204
-416, 9650, 4898
-634, 10630, 6472
-862, 11064, 7102
-270, 11166, 6918
-1568, 11016, 7938
-4392, 10118, 7158
-2858, 9170, 6496
-2684, 7654, 6432
-2204, 6100, 5884
-1968, 4238, 6396
-2380, 3000, 7108
-1484, 1520, 6474
624, 974, 2312
306, -1232, 3026
1028, -2102, 2038
-118, -5428, 2374
-986, -5270, 2990
364, -5082, -48
-356, -7350, 20
70, -5236, -2306
772, -7160, -4752
-1074, -8398, -3390
-204, -7174, -5352
1404, -7708, -7062
518, -8138, -4974
880, -7384, -4008
564, -6794, -3452
-84, -6952, -1950
-310, -5286, -1186
470, -5422, -386
56, -3822, 1380
-258, -3458, 1956
-74, -2136, 3256
104, -110, 3676
530, 1844, 3912
-1352, 2520, 7120
-1414, 4122, 7978
328, 6470, 5516
-828, 8124, 8086
622, 8844, 5384
222, 12574, 7810
724, 11044, 5722
-368, 12600, 3840
-1632, 10298, 2700
-334, 14144, 1680
-1110, 12862, 2670
-1308, 12988, 3334
-5046, 9242, 5936
-3992, 8010, 2724
-4456, 8598, 1566
-2846, 7818, -930
-1052, 7226, -1462
-174, 8396, 324
*NOTE-2017.03.24@11:11:25 - 1
-3552, 9334, 4482
-1564, 9268, 4766
-144, 10824, 4542
968, 11958, 5108
572, 12438, 5796
-48, 12496, 5956
476, 12324, 5120
422, 10636, 5206
226, 9738, 5440
-612, 7840, 5824
-212, 6492, 5138
-474, 4348, 5486
-46, 3182, 5516
278, 1816, 5156
340, 406, 5204
88, -1044, 4562
250, -2338, 4012
350, -3332, 3396
-520, -4290, 3170
-470, -5288, 1248
-240, -6132, 266
320, -6744, -1172
232, -7158, -2626
92, -7558, -2574
258, -7518, -4614
614, -7960, -5976
54, -7472, -4738
498, -7534, -4526
422, -7296, -3380
-240, -6560, -1602
322, -5760, -2366
-954, -4928, 128
-826, -4216, 1608
234, -2384, 3030
126, -1656, 4354
-24, -1196, 4748
-1422, -266, 5800
-1612, 1652, 6594
-2026, 3040, 7056
-2148, 4676, 8082
-1982, 5530, 8008
-1968, 6302, 6854
-2932, 8310, 6932
-1498, 9214, 5400
-2092, 10218, 5064
-2866, 10942, 4650
-2742, 11264, 3728
-3556, 11666, 4762
-4028, 10990, 6084
-1972, 9888, 5982
1092, 9508, 4538
1288, 9100, 4522
*NOTE-2017.03.24@11:11:28 - 1
-550, 9060, 4066
-1702, 9030, 4140
-1630, 9148, 4030
-988, 10176, 3450
-666, 10538, 4146
-1298, 10878, 4752
-1334, 11496, 5384
-980, 11462, 5960
-1172, 10900, 6266
366, 10620, 5610
-4, 8792, 6396
160, 7300, 6170
322, 5428, 6202
-470, 4450, 6896
520, 3164, 6634
1400, 1612, 4960
176, 164, 5614
944, -1440, 3920
-524, -2894, 4272
-390, -4290, 3832
390, -4970, 1988
-436, -5650, 1320
-880, -6188, 16
-600, -6508, -714
134, -6686, -1946
1112, -7290, -3424
1890, -7436, -4504
1460, -7390, -4394
2096, -7532, -6358
1532, -7416, -5034
1130, -7356, -4830
664, -7124, -3184
146, -6848, -2618
-6, -6724, -1546
-20, -5804, -946
-328, -4812, -170
-854, -4648, 2366
-370, -3794, 3496
204, -3420, 3028
432, -1610, 4628
-506, -1190, 5148
-1308, -826, 5804
-2212, 1426, 8102
-1658, 3934, 7154
-3300, 3834, 7984
-3698, 5128, 6574
-5178, 6398, 7860
-4078, 7366, 5706
-4068, 8444, 5360
-3986, 9718, 4576
-3762, 10556, 3682
-4050, 10686, 3978
-5090, 10800, 5324
-5888, 10114, 7056
-3342, 9074, 4540
1140, 8984, 3086
462, 8384, 4586
*NOTE-2017.03.24@11:11:30 - 1
-1782, 8180, 4744
-1960, 8750, 4046
-1720, 9138, 4138
-1050, 10366, 3678
-1160, 10764, 4600
-1192, 11064, 5294
-1874, 11764, 6642
-686, 11432, 6004
-1362, 10162, 6832
-1488, 10682, 7806
-3678, 9902, 7388
-1432, 7952, 5896
-1616, 5980, 6752
-1728, 3934, 6628
36, 2842, 5392
-56, 1218, 5096
-1120, 108, 5302
88, -1954, 2584
-678, -3064, 3334
-290, -4052, 2718
-54, -4884, 1450
-184, -6040, 800
-610, -6228, 954
-54, -7000, -2248
170, -7500, -2766
1532, -7118, -3792
2502, -7358, -5186
1570, -7548, -4934
1248, -7468, -4116
1002, -7636, -3534
300, -6946, -1750
890, -7098, -1970
-490, -6528, -220
-678, -6432, 762
422, -5360, 54
-430, -4142, 1994
-196, -3072, 2534
-564, -2514, 4330
-750, -1350, 5014
-1270, -600, 4810
-1954, 1446, 5784
-2456, 2288, 5996
-1530, 5148, 6192
-3320, 5390, 6356
-4256, 7752, 7754
-4102, 8070, 6948
-3768, 9736, 6546
-3442, 11228, 5480
-2702, 11380, 3866
-3536, 11586, 5074
-3516, 11022, 5220
-2548, 10550, 5154
242, 8618, 1912
1218, 9600, 3368
-1670, 8650, 4902
*NOTE-2017.03.24@11:11:33 - 1
-3602, 7484, 5788
-336, 8006, 3140
-40, 8846, 2466
-2040, 9654, 4252
-2128, 10464, 4546
-482, 12050, 4320
-522, 12236, 5762
-856, 12758, 6448
-956, 12184, 6682
-1522, 11980, 8220
-2324, 10120, 7426
-730, 8316, 6228
-458, 7098, 6284
-752, 5802, 5396
-1198, 3806, 6156
-44, 1908, 4918
200, 216, 4664
712, -1802, 3272
-8, -2722, 3834
226, -3784, 2898
-424, -4556, 2026
-912, -5186, 868
-520, -6112, 492
174, -6812, -436
316, -6108, -622
526, -7064, -2310
1332, -7632, -3952
1016, -7844, -4856
1088, -7702, -5884
1058, -7678, -6494
400, -7948, -5880
926, -7766, -5658
-104, -7474, -4188
-4, -6942, -3090
90, -7116, -2048
-214, -6414, -794
756, -5786, -1136
1110, -5896, -1502
-184, -4296, 648
266, -3650, 896
-598, -2636, 3480
-866, -800, 4880
-1298, -272, 5080
-2156, 652, 5796
-2504, 1666, 7500
-2360, 3092, 7060
-2842, 4822, 7394
-3034, 5588, 7982
-3010, 7276, 6826
-3406, 8234, 6786
-3142, 9882, 6530
-2042, 10972, 4956
-2420, 11388, 4496
-3050, 11584, 5162
-2906, 11464, 5566
-1772, 10864, 5024
50, 9670, 4062
272, 8794, 4672
112, 8494, 4374
-972, 8304, 4316
-970, 8682, 3782
*NOTE-2017.03.24@11:11:36 - 1
-1178, 8582, 3002
-1526, 8952, 3258
-1492, 9546, 2922
-674, 10772, 3530
-264, 11452, 5354
240, 11336, 4974
16, 11990, 6208
1254, 11238, 5308
430, 10416, 5490
224, 9340, 5878
578, 7642, 6026
148, 6440, 6182
-80, 5182, 6506
674, 4116, 5960
-380, 2148, 6948
874, 842, 5682
618, -638, 5450
266, -1854, 5220
584, -2924, 3674
856, -4136, 3314
300, -4790, 2680
-480, -5110, 2326
-616, -6050, 1206
-726, -6098, 812
64, -6798, -926
-562, -6896, -962
-194, -7604, -2196
-878, -7792, -2776
-894, -8052, -5006
-1490, -7428, -5750
-804, -7714, -5356
-250, -7830, -5140
-600, -7640, -3170
-130, -7180, -2562
276, -6478, -1200
246, -5874, -418
1228, -5280, 1216
1984, -4480, 2180
1696, -4200, 1644
1336, -2638, 4326
660, -1808, 4640
860, -242, 4262
-368, 1242, 6458
-934, 1710, 5572
-436, 3872, 6902
-1546, 3990, 7564
-232, 6118, 7106
-2910, 7228, 8812
-222, 7948, 5890
-2476, 9352, 8612
-906, 9930, 5848
-1612, 10970, 6122
-742, 10690, 3922
-1254, 10926, 4650
-1290, 10802, 4616
-1006, 9862, 4852
-482, 9122, 3770
702, 8490, 2740
1132, 8326, 2424
272, 8420, 2514
1148, 8078, 1946
*NOTE-2017.03.24@11:11:39 - 1
120, 8496, 3120
408, 8368, 2806
-294, 9326, 3242
4, 9768, 3366
-460, 10206, 4366
472, 11190, 4784
948, 11534, 5380
532, 11622, 6260
942, 11300, 5666
278, 10536, 6528
516, 9524, 5950
-460, 8370, 7088
-62, 6756, 6828
-50, 5168, 5986
-8, 3930, 6238
618, 1886, 5888
498, 802, 6616
206, -112, 6488
712, -1304, 5484
904, -2064, 3918
724, -3464, 1922
414, -4730, 1542
434, -5394, 204
-622, -6122, 38
-728, -6824, -794
-442, -7324, -904
112, -7466, -918
1038, -7454, -2760
1132, -7648, -4716
868, -7870, -4874
1096, -7716, -4576
2058, -7528, -4636
2062, -7750, -5092
680, -7290, -3650
628, -7020, -3328
420, -6912, -2348
286, -6818, -1894
68, -5560, -856
-92, -4264, -652
-618, -3790, 2288
-488, -3348, 3212
-268, -1756, 4132
-1238, -938, 5798
-2018, -262, 5968
-1896, 2254, 6560
-3102, 1930, 5850
-3808, 4024, 6730
-3768, 5814, 7602
-3322, 6518, 5712
-3616, 8482, 6894
-3796, 8970, 5862
-2842, 10694, 5898
-3114, 11424, 4198
-4576, 11228, 4598
-4374, 10310, 4656
-3158, 10074, 4158
-1358, 9522, 4254
522, 8722, 3214
-438, 8478, 4414
-840, 8282, 4610
-1238, 8578, 4604
*NOTE-2017.03.24@11:11:42 - 1
-1034, 8976, 3412
-1542, 9406, 3352
-1550, 9804, 3346
-1198, 9968, 3270
-1290, 10092, 4054
-2230, 10366, 5010
-3408, 10464, 6010
-3298, 10176, 5914
-3354, 9594, 6490
-3974, 8018, 6446
-3326, 7690, 7086
-1920, 6102, 6248
-1602, 4448, 7142
-1520, 3602, 7006
-706, 2482, 6770
100, 1404, 5620
418, -138, 5856
698, -1594, 5362
1400, -2414, 4576
1822, -3274, 2816
794, -4560, 2366
284, -5696, 1088
28, -6062, 312
146, -6166, -260
378, -6958, -2450
-474, -7982, -2554
962, -7336, -3258
1074, -7748, -4858
1172, -7446, -5356
510, -7936, -5410
-300, -7202, -4820
-138, -7628, -3970
284, -7164, -3666
26, -6858, -1404
28, -6428, -786
-208, -5690, 206
-706, -5054, 1710
-172, -4234, 1490
-212, -2798, 2626
-1054, -2232, 5320
432, -1082, 3480
-1056, 808, 6216
-1430, 2048, 6206
-1308, 3678, 5844
-2922, 4810, 8524
-1660, 5858, 6214
-3238, 8140, 8392
-2068, 9190, 5616
-2560, 10512, 6746
-1800, 12074, 5050
-2468, 11890, 4720
-3240, 11978, 5038
-3444, 10966, 4616
-1882, 10182, 4584
-352, 9752, 3944
-16, 8792, 3830
-804, 8082, 4382
-1504, 7840, 4462
-1900, 8502, 4044
*NOTE-2017.03.24@11:11:45 - 1
-2060, 8954, 3890
-1298, 10440, 3314
-852, 10684, 3222
-1360, 9792, 4244
-1822, 10430, 5012
-2418, 11184, 6018
-2038, 11338, 6216
-2096, 10502, 6712
-2898, 8810, 7412
-1938, 9442, 7274
-984, 8016, 7706
-416, 6218, 7142
238, 4606, 6118
734, 2982, 5406
1416, 1324, 4326
944, -454, 3876
88, -2172, 4022
28, -3040, 4170
808, -4290, 2978
884, -5108, 1438
538, -5938, 440
164, -6562, 126
572, -6902, -658
212, -6636, 122
-138, -7662, -2128
-596, -7912, -1788
494, -7556, -3540
334, -7750, -5248
-378, -7736, -5144
-42, -7470, -4662
812, -7734, -4512
102, -7376, -2750
56, -6926, -1722
-498, -6694, 432
1192, -5770, -1602
74, -5152, 1210
656, -4374, 1442
570, -3842, 2264
858, -1992, 3104
1022, -120, 4210
-54, -226, 5842
308, 2188, 6840
438, 3254, 8716
1580, 3914, 5774
-176, 7054, 7552
-38, 7398, 7930
-442, 8188, 7636
184, 10308, 6040
-1672, 9756, 7326
-1910, 11638, 5566
-922, 10942, 3854
-1682, 11006, 4330
-1914, 10594, 4528
-1510, 9796, 3828
-1488, 8908, 3742
-1336, 9466, 2980
-498, 8372, 2876
-1464, 7878, 3434
-2116, 7846, 3646
-1878, 8272, 3816
-1408, 9194, 2748
*NOTE-2017.03.24@11:11:48 - 1
-2222, 9332, 3034
-1912, 9684, 3108
-1408, 10526, 3358
-1284, 10426, 4066
-2168, 10916, 5160
-2764, 11244, 6294
-1446, 10858, 5316
-892, 10034, 6168
-1864, 9130, 5344
-1106, 7910, 5860
-890, 6402, 6312
-544, 4968, 6978
890, 4592, 5888
730, 3030, 7228
2122, 692, 5258
266, -170, 6446
1394, -1518, 5080
624, -2262, 4818
1036, -3096, 3420
1102, -4562, 2138
716, -5482, 1168
170, -5872, 1274
652, -6340, -326
-438, -6754, -466
-328, -6898, -1168
520, -7578, -3670
1070, -7840, -3452
1632, -7538, -4358
1448, -7766, -4680
1138, -7978, -4558
828, -7502, -3972
366, -7192, -3072
160, -7046, -2470
164, -6496, -1512
-1220, -6046, 972
-150, -5130, 386
-96, -4506, 1298
-484, -3866, 3352
-394, -2640, 3870
-488, -1008, 4292
-926, -262, 5812
-764, 1542, 5712
-2336, 2906, 7974
-1398, 3936, 7314
-2112, 5134, 7902
-1848, 7310, 6498
-2818, 7872, 5128
-2650, 9644, 4214
-2866, 10996, 1836
-5302, 13058, 5666
-4946, 13084, 5474
-5330, 12276, 6516
-2944, 10194, 4288
934, 11310, 3906
-1550, 8948, 4268
-2392, 8144, 5158
-1788, 7990, 2956
-1924, 7742, 3016
-1996, 8578, 2416
*NOTE-2017.03.24@11:11:51 - 1
-2618, 8736, 2198
-2994, 9316, 3162
-1922, 10048, 2936
-1262, 9820, 4226
-2036, 10492, 5234
-2008, 11330, 5586
-2660, 11406, 6606
-2372, 10724, 5964
-3024, 9252, 6690
-1914, 9176, 5666
-1018, 6358, 6308
-236, 5590, 6930
-988, 3562, 6016
-1252, 3664, 6952
348, 2252, 5852
540, 500, 5514
342, -990, 5688
1332, -1980, 3876
728, -3148, 3164
-560, -4232, 2860
-568, -5360, 1910
-1334, -6168, 990
-1394, -6676, 390
-1256, -6880, 310
-350, -6968, -238
214, -7178, -1162
236, -7070, -2480
334, -7292, -3790
956, -8286, -6194
1082, -7568, -5876
1380, -7254, -5626
1564, -7456, -4950
1088, -7140, -3634
874, -7544, -3364
820, -6468, -1210
1096, -5946, -874
1070, -5300, 2
498, -4678, 1616
690, -3668, 2726
200, -2690, 4968
744, -1652, 4410
964, -276, 5418
-130, 464, 6252
-686, 1678, 6740
-1582, 2450, 6454
-982, 5022, 5748
-1988, 6586, 8310
-1016, 7264, 7202
-1510, 8432, 7438
-1038, 9552, 7912
-114, 10988, 6030
-564, 10832, 3796
-2244, 10508, 4490
-2726, 10936, 5404
-1890, 10502, 5224
1388, 9392, 2110
2, 9504, 4338
-3008, 8578, 5882
-2080, 7702, 4318
-846, 8558, 2630
-1824, 8568, 2812
*NOTE-2017.03.24@11:11:54 - 1
-2614, 8676, 2784
-1874, 9098, 2776
-1778, 10178, 4276
-1052, 9998, 4056
-2012, 10290, 5468
-2144, 10896, 5994
-1616, 10814, 5570
-1718, 10200, 5812
-2540, 8636, 5536
-1646, 7888, 6388
-390, 6600, 6448
-156, 5074, 6684
148, 4120, 6096
122, 2668, 6932
828, 1104, 5978
-264, -144, 7172
200, -1362, 6152
930, -2356, 5294
466, -2724, 4656
916, -4130, 3132
58, -4760, 3152
774, -5688, 904
-70, -6034, 1284
-170, -6550, 656
396, -6898, 142
778, -7028, -684
188, -7312, -1306
206, -7578, -3132
882, -7870, -2694
1744, -7628, -3384
1576, -8120, -4360
1326, -7840, -3722
1352, -7714, -4614
470, -7820, -3614
72, -7146, -2246
654, -6922, -2720
46, -6098, -1096
-666, -5518, -498
674, -4330, -404
44, -2914, 2646
312, -2426, 3680
132, -1288, 4768
310, -1046, 5826
-478, 936, 7296
-928, 1938, 7260
-1714, 2048, 8244
-850, 4080, 6634
-2878, 5466, 8806
-1510, 6436, 6162
-3440, 7854, 7620
-2930, 8456, 5802
-3226, 9918, 6878
-1324, 10558, 4556
-1342, 11112, 3576
-3246, 11606, 5310
-3300, 10390, 5720
-1146, 9682, 4322
6, 9252, 3664
-404, 8546, 3506
-742, 8290, 3582
-1562, 8488, 4476
-1442, 8952, 3772
-1382, 8836, 2930
-1656, 9396, 3354
*NOTE-2017.03.24@11:11:57 - 1
-1246, 9714, 3398
-1314, 10402, 3962
-1076, 10596, 4670
-1252, 10520, 4700
-3196, 10386, 6016
-2342, 9924, 5214
-1646, 9120, 5040
-2482, 8150, 6292
-1528, 6984, 6220
-1244, 5664, 6574
-1042, 4500, 7630
-442, 3104, 6378
-410, 2386, 6964
244, 1210, 6538
-266, 48, 6800
298, -1242, 6016
300, -1530, 5006
1386, -3170, 2970
918, -3894, 3174
18, -4418, 2708
102, -5868, 760
-936, -6566, 1336
-214, -7078, 1018
1422, -6940, -806
-130, -7392, -1572
-354, -7204, -3040
110, -7452, -4210
-188, -7888, -4832
714, -8120, -6198
44, -7470, -4984
172, -7538, -4772
-194, -7542, -3132
278, -7150, -3320
50, -6852, -1692
18, -6416, 486
712, -6516, 766
758, -5700, 786
-82, -4664, 2782
702, -5272, 2890
1588, -3248, 3426
1276, -2530, 4734
828, -1954, 5520
-378, -856, 4316
-20, 1574, 4654
-1140, 2456, 5946
-1538, 3506, 5796
-2488, 5146, 7722
-1778, 6700, 7040
-1650, 8182, 7402
-1544, 9550, 7084
-1138, 10452, 6890
-1244, 11482, 6868
-1158, 11486, 5124
-2862, 10876, 5416
-3804, 10268, 6412
-2610, 9334, 4988
-1076, 8980, 3338
-564, 8154, 3012
-1262, 7742, 3578
*NOTE-2017.03.24@11:12:00 - 1
-1494, 8018, 3996
-1204, 8530, 3430
-1666, 8590, 3712
-1294, 8938, 3394
-2166, 10046, 5230
-1008, 10214, 4736
-1200, 10738, 5460
-1812, 10716, 5688
-1950, 10506, 5696
-2200, 10196, 5786
-2700, 9188, 6334
-2382, 8122, 6212
-1152, 6804, 5522
-1026, 5228, 6410
-526, 4050, 6340
-184, 2798, 6988
-6, 1272, 6842
-338, 992, 8076
2038, -600, 4802
1610, -1286, 5136
2532, -2718, 3498
1966, -3644, 3130
1300, -4538, 2390
-166, -5490, 2232
724, -6344, 1040
782, -5998, 286
442, -6666, -790
-522, -6964, -1558
-520, -7514, -2794
892, -7688, -5214
498, -7606, -5750
20, -7336, -5766
744, -7878, -5502
970, -7768, -5010
-296, -7362, -3400
62, -6780, -3308
-296, -6614, -2086
20, -6204, -1308
502, -5138, -970
-278, -4686, 1994
614, -3616, 1598
-42, -2070, 4398
-290, -1998, 5364
-496, -1054, 4832
-1906, 408, 7142
-242, 2040, 5614
-1908, 3158, 7536
-1134, 3898, 5644
-2684, 5446, 7638
-2712, 8102, 5620
-3792, 8630, 6140
-4790, 10204, 7756
-3434, 10386, 6202
-2386, 11198, 5198
-2888, 10998, 4752
-2856, 10396, 4662
-2240, 10050, 4462
-890, 9258, 3852
-136, 9116, 3680
148, 8708, 3610
-638, 8708, 3980
-1140, 8442, 4016
-926, 8380, 3626
*NOTE-2017.03.24@11:12:04 - 1
-1212, 8688, 3290
-1456, 8370, 2826
-1728, 9360, 3170
-1680, 9734, 3720
-1124, 10122, 3964
-1766, 9976, 4860
-2176, 9808, 5036
-2124, 9578, 5352
-2620, 8560, 5180
-1820, 8262, 6216
-1062, 6946, 6274
-1024, 6478, 7268
-622, 5496, 7630
-980, 3058, 6922
-180, 2924, 7208
290, 1502, 6684
-142, 354, 6530
-468, -1058, 6866
-50, -1712, 5868
-134, -2530, 5216
300, -3284, 4636
208, -3988, 3228
-56, -5046, 2046
-1026, -5628, 1624
-782, -6412, 1110
-456, -6834, -134
-258, -7074, -382
-540, -6934, -1018
-962, -6876, -2046
-228, -7134, -4248
462, -7756, -4930
1718, -7640, -5944
1804, -7522, -5824
1944, -7040, -5128
2132, -7196, -5302
1208, -6952, -4536
316, -6828, -3664
-148, -6306, -2368
460, -5588, -1922
352, -5356, -742
96, -4472, -538
-786, -2824, 1328
-2026, -2028, 4482
44, -976, 3720
-1224, 222, 7186
-344, 1602, 6058
-954, 2844, 7764
-700, 4856, 4208
-3926, 6500, 7800
-3286, 7282, 6602
-3806, 10226, 6680
-2832, 10884, 6482
-314, 12742, 3380
-1448, 13656, 4218
-3412, 13538, 6300
-4590, 12116, 8794
-662, 12374, 8270
-2552, 9690, 9272
-2396, 7544, 6796
-1598, 8764, 3154
-2180, 8424, 2212
*NOTE-2017.03.24@11:12:07 - 1
-2408, 8300, 1454
-2020, 8074, 1250
-2108, 8216, 1028
-2430, 7490, 2182
-1054, 7226, 2652
200, 6072, 2226
1036, 6418, 3214
1558, 6214, 3254
974, 5860, 3952
884, 5752, 3270
1548, 5830, 2928
598, 6294, 4394
-148, 5014, 4792
-768, 6280, 7504
-1902, 4440, 5788
-664, 5766, 8822
-1106, 3642, 7332
-1830, 2520, 8132
-1310, 1300, 7128
-1616, 932, 8170
-1326, 802, 7826
-1406, 582, 9032
-364, 248, 7868
-2322, -4, 8400
-1558, 1246, 7588
-1712, 700, 6648
-864, 12, 7844
-678, -70, 8974
-414, 1120, 7394
-976, 1500, 6662
-1296, 294, 6862
-470, 1314, 7462
-1474, 1734, 8980
-844, 994, 7656
-1914, 150, 7552
-32, 576, 7936
-516, 974, 8984
706, -1320, 6192
-478, -348, 7848
-690, 470, 8154
-744, 50, 8400
-944, -12, 8402
-648, 584, 7846
-1504, 412, 7718
-1406, 280, 7824
-1054, 876, 7388
-790, 138, 8210
-356, -1304, 8420
-364, -64, 8194
-524, 482, 7744
628, -104, 6072
-112, 836, 6026
-166, -1198, 5994
-430, -1704, 7720
-4, -1042, 8024
516, -1090, 8222
762, -1364, 8688
142, -1692, 7820
-206, -2190, 9098
-266, -2850, 9470
252, -3984, 10176
3708, -3928, 7818
3586, -2692, 6748
6150, -1604, 1166
-4916, 358, 8352
-5836, 4982, 12998
-66, -200, -366
-1042, 3604, 2042
6446, -2096, -2648
-3540, 896, 8272
-3102, 1746, 7134
-2324, 1892, 6916
-2924, 2308, 6622
-1860, 1120, 6656
-3268, 2494, 7116
-3570, 2346, 7524
-2656, 2250, 6794
-2938, 2158, 7578
-3662, 1178, 8148
-4330, 1010, 6922
-4290, 458, 7072
-3198, 700, 5878
-3474, 800, 6588
-4182, 1366, 7036
-2696, 1938, 5478
-2524, 1934, 5952
-3124, 2764, 6950
-576, 3038, 5058
1628, 5080, 5776
502, 588, 7310
-856, 338, 9068
-2228, -326, 7986

-----------------------------------------------
Date: 24.03.2017 - 11:12:11
End log file
