Terminal log file
Date: 28.03.2017 - 15:41:20
-----------------------------------------------

%~>daq start

 DAQ started.
%~>quit
%~>-948, 7848, 2238
-1084, 7542, 1800
-1948, 7534, 2240
-2516, 7740, 2960
-2722, 7434, 3010
-2096, 7004, 3120
-2706, 6752, 3994
-3548, 6650, 4002
-3314, 6482, 3502
-2890, 6476, 3072
-2434, 6440, 3440
-2522, 6390, 3126
-1442, 6212, 2520
-2376, 6548, 3056
-1560, 6622, 2666
-1344, 6610, 2130
-1566, 6898, 3138
-1422, 7066, 3802
-1016, 7076, 3572
-970, 6928, 3836
-906, 7378, 4074
-602, 7408, 4672
396, 7580, 4436
498, 7610, 3980
360, 7202, 3648
170, 7104, 3994
1208, 7074, 4378
606, 7064, 4892
1388, 7046, 3616
-866, 7552, 4738
-392, 7560, 3448
-148, 7000, 2440
-468, 6762, 1024
-1966, 7210, 4070
-2298, 6930, 2762
-1216, 7216, 2914
-1466, 7420, 4120
*NOTE-2017.03.28@15:41:22 - 1
-1372, 7438, 4498
-74, 7400, 4338
-1436, 7486, 3120
-1558, 7982, 2136
-2370, 7920, 2234
-3172, 7514, 2046
-4204, 7302, 2208
-3050, 6660, 810
-4046, 6188, 926
-4346, 5946, 654
-5376, 6708, 3062
-2528, 6348, 2040
-2440, 6834, 3448
-2314, 7016, 2310
-2300, 6778, 954
-2658, 6956, 640
-3720, 7524, 612
-3846, 7194, 1014
-3926, 8172, 1380
-3404, 8432, 1000
-3002, 7992, 1456
-2808, 7784, 1646
-2092, 8378, 1322
-1128, 7596, 1580
-998, 7560, 1802
-1254, 7814, 1790
506, 7864, -204
-918, 8776, 1122
-978, 7292, 1216
-1324, 8234, 2426
-98, 8118, 1280
-474, 8224, 974
-594, 7856, 836
-906, 7926, 1552
-168, 7794, 1036
-510, 8210, 1342
-120, 7994, 856
-436, 7902, 1166
-234, 7884, 878
*NOTE-2017.03.28@15:41:24 - 1
-414, 7780, 946
-466, 7848, 814
-678, 7912, 988
-472, 7894, 930
-304, 7798, 1098
-208, 7850, 2132
-284, 8254, 3082
-1324, 7874, 4790
-438, 8932, 5430
356, 9808, 5786
510, 10510, 7170
460, 11822, 7732
512, 12478, 7572
-346, 12032, 6778
-560, 11410, 7210
-644, 9234, 6038
-1282, 6928, 6302
-522, 5246, 6168
546, 4216, 5184
200, 2400, 5428
-4, 988, 4996
306, -310, 4992
98, -1350, 4906
802, -2680, 3606
836, -3746, 2874
638, -4906, 2544
982, -5304, 2154
1874, -5570, 460
1202, -6528, 456
1274, -6754, -850
1444, -6934, -2598
588, -7052, -2592
392, -7218, -3852
1460, -7128, -5822
1636, -7138, -6518
2432, -7026, -7416
2472, -7268, -7670
1426, -6672, -5622
1284, -6464, -4234
998, -6094, -2922
940, -5532, -1220
900, -4752, 298
580, -4614, 1946
818, -3944, 2612
710, -3556, 4590
338, -2206, 5616
1054, -806, 6100
868, -458, 8328
2010, 100, 6252
2308, 2432, 5126
-2232, 3636, 8870
-3752, 4340, 8634
-3946, 5742, 8092
-3878, 5858, 7724
-3578, 6822, 6404
-4964, 7284, 7176
-3000, 7888, 5976
-1452, 9420, 3470
-1952, 10204, 4638
-2286, 10434, 5382
-2036, 10512, 5648
-806, 9740, 3914
-218, 8944, 2624
-396, 8786, 1738
-1432, 8292, 2314
-1274, 8074, 1808
*NOTE-2017.03.28@15:41:27 - 1
-1440, 7896, 1918
-1068, 7718, 2734
-560, 8398, 2670
-678, 8438, 3406
-538, 9102, 2740
-1024, 9500, 3906
-568, 10704, 3664
126, 11176, 4098
436, 10940, 4542
-686, 10926, 6174
358, 10642, 5528
-338, 9818, 7034
-578, 8964, 7564
-334, 7842, 7166
-20, 6894, 6714
-20, 5088, 5844
-290, 3386, 5968
-244, 1704, 6326
-134, -114, 5236
-406, -1490, 5442
-14, -2510, 4326
-196, -3526, 3762
426, -4494, 2434
372, -5122, 1518
616, -5454, 762
990, -6020, -332
1228, -6030, -888
1858, -6806, -2448
1322, -6900, -2694
2060, -7470, -3918
2450, -7332, -5768
2592, -7184, -6196
3226, -7230, -6914
2986, -6822, -6392
2036, -6658, -4926
1804, -6886, -4408
988, -6108, -3056
1058, -5864, -1672
574, -5114, 144
372, -4734, 1030
562, -3842, 2468
754, -2798, 3648
154, -2262, 4964
-56, -1370, 5614
-284, 410, 6500
-630, -8, 7014
-1908, 1876, 7414
-2420, 2776, 7412
-4802, 3734, 9570
-3742, 4062, 7314
-4942, 5772, 8396
-5308, 6290, 6904
-4610, 6682, 6154
-4330, 7590, 6640
-2346, 8068, 5108
-1308, 9536, 4160
-2394, 9630, 4600
-2536, 9662, 4426
-2444, 9434, 4598
-1570, 9336, 3742
-1054, 8882, 2926
-198, 8208, 1984
-570, 8036, 1766
*NOTE-2017.03.28@15:41:30 - 1
-322, 8180, 1738
-88, 8164, 1528
-74, 8280, 2054
48, 8308, 3016
-372, 8902, 3462
-1276, 8928, 4038
-742, 10160, 3502
-1122, 10678, 4820
-948, 10244, 4346
-1042, 10900, 5466
-622, 10782, 5928
-432, 10340, 5964
-330, 10100, 6698
156, 8424, 6574
-326, 7036, 7448
548, 5844, 6430
282, 3860, 6470
322, 2842, 6342
-134, 1262, 6680
34, 168, 5810
-114, -804, 5598
290, -2042, 5746
844, -3186, 4268
964, -3964, 3534
1156, -4570, 1932
1094, -5336, 880
1268, -6370, 206
1292, -6280, 120
1964, -6778, -1960
1070, -6724, -1708
1898, -7236, -3326
1094, -6936, -3392
1440, -7108, -5096
1650, -7504, -5426
2288, -7232, -6778
1706, -7210, -6450
1346, -6970, -5894
1214, -6806, -4928
566, -6816, -3500
142, -6374, -1490
490, -6260, -326
1022, -5918, 242
1574, -5236, 230
544, -4962, 2034
-126, -3332, 3208
-506, -3182, 3844
-632, -2410, 4246
2, -1240, 5482
570, 314, 8038
754, 856, 9302
524, 2132, 7164
-1702, 2798, 9948
-1670, 2946, 8590
-1906, 4286, 7958
-2448, 4416, 7732
-3300, 5856, 7090
-3274, 5982, 6508
-2878, 7312, 5936
-2312, 7924, 5244
-1782, 8552, 4822
-1802, 9990, 4756
-2160, 9930, 5248
-2548, 9648, 5162
-2416, 8956, 4920
-1152, 8790, 3506
-716, 8338, 2380
-1206, 7706, 2144
-1662, 7724, 2022
*NOTE-2017.03.28@15:41:34 - 1
-1296, 7914, 1994
-2014, 8090, 3806
-1604, 8318, 3542
-1274, 8752, 2642
-2102, 9020, 3674
-1432, 9690, 3902
-1214, 9756, 4898
-1688, 10350, 5722
-1232, 10326, 6006
-1266, 10856, 6732
-900, 10154, 6884
-836, 8892, 6728
-264, 7978, 6762
-1016, 6972, 6876
-1392, 5406, 7308
-258, 4030, 6432
-448, 2254, 6912
-110, 654, 6830
130, -378, 6014
438, -1198, 5376
890, -2684, 4038
362, -3416, 3700
816, -4380, 2310
476, -5184, 796
182, -6048, 814
456, -6536, -516
1138, -7250, -1736
916, -6682, -1230
1942, -7150, -2700
1988, -7150, -2718
2912, -7008, -3550
2936, -7290, -5508
1846, -7124, -5410
2432, -7484, -6940
1684, -7104, -6182
902, -6978, -4720
734, -7012, -3682
672, -6872, -1936
1142, -6856, -954
1174, -5942, 88
1184, -5782, 830
226, -5016, 3318
1318, -4506, 3156
1620, -4674, 3948
1528, -3298, 4430
232, -2624, 6160
228, -1794, 6334
156, -1024, 7050
710, -534, 6678
136, 1188, 7916
-1724, 1042, 8524
-202, 2774, 5350
-3370, 3702, 7986
-2140, 4784, 5706
-4448, 5142, 7912
-2540, 7024, 4650
-4098, 7854, 7938
-1828, 8872, 4960
-512, 10078, 4060
-976, 10248, 4346
-1630, 10462, 5030
-1912, 10034, 5586
-1624, 9718, 4736
-848, 8774, 3284
-620, 8466, 2960
-1034, 7940, 2468
-1104, 7866, 2438
-1456, 8030, 2304
-1560, 8288, 2914
-1168, 8210, 3710
*NOTE-2017.03.28@15:41:37 - 1
-1516, 8524, 3808
-1334, 9938, 4524
-696, 10252, 4092
-698, 10462, 4696
-594, 11086, 5180
-898, 10860, 6680
296, 10940, 5558
-460, 9564, 5274
312, 9726, 6330
-460, 7252, 6712
142, 6430, 6064
-120, 5372, 6026
-54, 3414, 6592
-52, 1984, 7264
560, 482, 5970
-834, -880, 7344
28, -872, 5968
486, -2298, 4974
8, -3260, 4572
316, -4026, 4232
530, -4744, 2868
374, -5188, 1608
38, -6102, 234
220, -6372, -552
1482, -6782, -2502
1550, -6926, -2890
1764, -7164, -3276
2426, -7078, -4546
2638, -7082, -5344
2934, -7272, -6466
2716, -7162, -5588
2628, -6806, -5660
2098, -6780, -4982
1626, -6452, -4250
1464, -5910, -1964
1560, -5682, -1006
732, -5230, 392
-404, -4828, 2194
-14, -4780, 3982
518, -4106, 5646
458, -3504, 5784
-276, -2902, 7006
-784, -2746, 6702
-1004, -972, 7334
-1238, -1602, 7008
-1254, -620, 7094
-1952, 382, 8512
-1362, 886, 6790
-2622, 2602, 7008
-3940, 2936, 7848
-3080, 4086, 6312
-4328, 4798, 6076
-4506, 5626, 7072
-3518, 6556, 4314
-4554, 6946, 6532
-2612, 8886, 5090
-2032, 9210, 5000
-2868, 9492, 6504
-2100, 9562, 4994
-1318, 9184, 3782
-766, 8466, 3130
-800, 8134, 2398
-1138, 7780, 2400
-1712, 8026, 2658
-1940, 8074, 3312
*NOTE-2017.03.28@15:41:40 - 1
-1012, 8316, 3338
-1590, 7666, 3518
-2174, 8268, 4652
-1120, 9718, 3952
-532, 10612, 3890
-1002, 10362, 4384
-938, 10648, 5610
-674, 10072, 5816
-742, 9370, 6098
-946, 9240, 5936
-1254, 6732, 6434
-1886, 6626, 7982
-1036, 6000, 6864
-1526, 4614, 7146
-1438, 3186, 7730
-754, 1920, 7104
-864, 976, 7166
-102, -486, 6326
200, -1190, 6418
282, -2504, 5914
372, -3028, 4682
-478, -3864, 4370
-378, -4630, 2400
-324, -5134, 2298
1300, -5442, 140
1130, -6380, 82
1622, -6468, -1100
1882, -6980, -1764
1472, -7302, -2528
2090, -7040, -3220
2710, -6892, -4630
2688, -7192, -6362
2594, -7256, -7016
2348, -7020, -6128
3456, -6976, -6856
2520, -6564, -5450
1690, -6648, -4394
944, -6414, -2144
750, -6294, 264
1666, -5666, -566
114, -4880, 2766
554, -4644, 2818
920, -4212, 2478
368, -3196, 4636
124, -2888, 5746
-308, -2092, 6026
-1126, -796, 7058
-972, -624, 7560
-476, 994, 7406
-2372, 738, 8824
-886, 2638, 5750
-3918, 3206, 9832
-2256, 4848, 5124
-4592, 5768, 7294
-4300, 6038, 6034
-3836, 7612, 5440
-4212, 7806, 6534
-2116, 9104, 4232
-1828, 9904, 4658
-2274, 10212, 5364
-2152, 9928, 5556
-1192, 9924, 4412
-624, 8926, 3308
-334, 8282, 2398
-1764, 8290, 3338
-304, 7946, 1144
-1366, 8008, 2312
-1080, 8100, 2688
*NOTE-2017.03.28@15:41:44 - 1
-1220, 8106, 3746
-756, 8664, 3858
-872, 9120, 3524
-740, 9452, 3720
-1276, 10040, 4314
-488, 10198, 4366
-182, 10358, 5262
-546, 10588, 6302
-302, 10478, 6194
-688, 10012, 6776
-770, 8920, 7428
-918, 7814, 7286
-762, 6884, 6702
-878, 5474, 6670
-836, 3958, 6524
-626, 1948, 6572
-506, 710, 5646
-572, -556, 5722
78, -1682, 4896
686, -2990, 3156
452, -3736, 3430
140, -5274, 3654
1272, -5310, 834
998, -5570, -136
20, -6136, -600
1318, -6492, -2046
1034, -6872, -2634
1580, -7184, -3650
1748, -7180, -3738
2726, -7088, -5140
3230, -7250, -5542
3588, -6748, -6132
3698, -6850, -5794
3608, -6746, -5276
2932, -6768, -4506
1898, -6430, -3148
1298, -6268, -2604
732, -5812, -1082
480, -5218, -378
922, -4476, -516
388, -3014, 1494
26, -2396, 3410
-126, -2198, 4676
-588, -418, 5726
-1148, 836, 7158
-2248, 1652, 8902
-2362, 1006, 10636
-96, 4052, 6780
-2964, 3164, 10010
-1790, 4570, 7374
-3576, 5534, 7288
-3966, 5646, 6332
-4536, 6304, 6330
-4810, 7484, 7584
-614, 9066, 3290
-754, 9368, 2090
-4626, 9658, 6270
-4722, 8992, 6864
-2198, 9370, 4480
420, 9000, 2614
-60, 8546, 2442
-1192, 8160, 2696
-672, 8170, 1688
-776, 7966, 1298
-1728, 7922, 2238
*NOTE-2017.03.28@15:41:47 - 1
-1494, 7626, 2246
-1964, 7926, 3426
-1160, 8934, 3672
-102, 8634, 2258
-1796, 9142, 4256
-2080, 10112, 4576
-1110, 10090, 4152
-958, 9926, 5272
-1484, 9920, 6256
-612, 9224, 4370
-2788, 8188, 7558
-3484, 8750, 6914
-3332, 6726, 7140
-4044, 5818, 8162
-3442, 4926, 8984
-1784, 3830, 6438
-1914, 2760, 7512
-812, 1474, 6848
300, 424, 5316
416, -878, 5054
-336, -2850, 5910
126, -3258, 4396
622, -4126, 3186
838, -4824, 1872
810, -5232, 1410
1022, -5806, 634
1574, -6658, -776
1156, -6614, -570
1778, -6674, -1372
2256, -6742, -3102
2182, -6440, -3490
2374, -7156, -5100
2556, -7172, -6668
2186, -7080, -7086
3128, -7160, -7158
2506, -6762, -5918
2034, -6952, -4476
1622, -6510, -3408
1658, -6818, -2826
1634, -5744, -1240
1738, -4870, 560
372, -4882, 1210
-334, -4392, 2254
-580, -3722, 3186
-1072, -3662, 4048
-1966, -2122, 5150
-906, -124, 2340
-3702, -260, 7020
-3478, 1708, 5556
-5094, 1980, 7026
-4916, 3954, 6932
-5154, 4374, 7472
-6296, 5618, 7748
-6100, 6270, 7266
-4808, 6780, 6616
-4484, 6918, 4974
-5320, 7528, 6918
-3976, 8256, 4830
-2754, 8806, 4672
-3462, 8868, 5510
-2904, 8794, 5182
-1180, 9002, 2894
-650, 8564, 2022
-1022, 8352, 2304
-982, 8414, 1634
-1388, 8428, 1794
-1062, 8134, 1806
*NOTE-2017.03.28@15:41:50 - 1
-774, 8062, 1912
-1252, 7922, 2414
-1580, 7858, 3376
-1268, 8768, 3116
-1272, 8946, 2622
-1232, 8904, 2498
-2552, 8588, 4894
-1280, 10054, 3802
-1200, 10444, 4710
-1778, 9850, 5770
-1730, 9304, 6246
-1002, 9288, 5294
-982, 8988, 6298
-1426, 7060, 7516
-1640, 6362, 7944
-650, 4888, 7210
-1648, 4294, 7056
-1336, 2820, 7314
-1026, 1508, 7202
-1044, 270, 6530
-898, -354, 5920
-446, -2000, 5950
66, -2602, 4910
414, -3642, 4020
-148, -4240, 3964
182, -4964, 2502
724, -5324, 1512
960, -5908, 392
1170, -6170, -576
1284, -6600, -1188
1810, -6662, -2566
1878, -6930, -3810
1500, -7166, -4162
2078, -7178, -5596
2542, -6894, -7074
2918, -7488, -7426
2822, -7184, -6584
2338, -6678, -5808
1370, -6848, -4444
1130, -6666, -3170
928, -5990, -2184
1416, -5778, -970
1772, -4904, -410
964, -4278, 1446
662, -3974, 3034
128, -3064, 5046
256, -2760, 4834
-528, -1816, 6302
-1414, -900, 6714
-1546, 622, 7052
-1716, 658, 8262
-1140, 2592, 6884
-3008, 2134, 8606
-3456, 4044, 8002
-4572, 4162, 8462
-3796, 5110, 6930
-4434, 6060, 5586
-4856, 6184, 6494
-3428, 7696, 4408
-3330, 8438, 4212
-3446, 9356, 4806
-3008, 9818, 5522
-2536, 9958, 6132
-842, 9496, 3822
378, 9194, 3070
386, 9020, 1964
-270, 8286, 1414
-758, 8282, 1126
-1750, 8050, 2052
*NOTE-2017.03.28@15:41:54 - 1
-1796, 8044, 2792
-1880, 7808, 3144
-1928, 8134, 3862
-1684, 8870, 3846
-1018, 9612, 2732
-1972, 10326, 4170
-1154, 11078, 4296
-378, 11108, 4628
-162, 10958, 4748
-278, 10698, 5488
-712, 9800, 5962
-1588, 8272, 6392
-894, 7590, 6896
-1352, 6228, 6922
-574, 5256, 6954
-522, 3778, 6616
-974, 2708, 7798
194, 1538, 6644
-380, 424, 6986
514, -598, 5616
464, -1828, 5978
376, -2780, 5054
856, -3370, 3872
352, -4186, 3024
2, -4778, 1900
1258, -5442, -506
306, -6302, 656
1948, -6022, -1608
2588, -6266, -3600
2002, -6804, -4354
1866, -6966, -5068
2920, -7068, -7102
3368, -7208, -7032
3668, -6976, -6928
3054, -6882, -5530
2238, -7112, -4260
1860, -6534, -3766
1400, -6512, -2214
1348, -5996, -1534
1190, -5678, -62
744, -4486, 670
268, -3838, 2046
-56, -3056, 3728
-636, -2266, 4662
-622, -1642, 5386
-1324, 26, 7516
-1488, 276, 7004
-1746, 1452, 6842
-3120, 2894, 10320
-452, 3480, 6732
-2066, 4936, 8220
-2972, 4672, 8140
-3190, 6082, 6702
-4368, 6818, 6838
-3782, 7338, 6206
-3432, 8034, 5424
-3082, 8878, 4528
-3058, 8994, 4622
-3182, 9252, 5324
-2774, 9534, 5430
-800, 9262, 3788
-244, 8682, 2852
-630, 8572, 2790
-1052, 8422, 2708
-410, 8084, 1192
-1166, 7788, 1828
-1596, 7654, 2286
-1210, 7600, 2330
-1684, 8016, 3304
-1774, 8514, 4056
*NOTE-2017.03.28@15:41:57 - 1
-1006, 8972, 3184
-762, 10258, 3444
-1428, 10490, 4726
-814, 10364, 4106
-720, 10354, 5290
-496, 10632, 5730
-436, 9490, 5412
-562, 8768, 6526
-432, 7926, 6566
-1510, 6804, 7728
-182, 6256, 6858
-1822, 4532, 7848
-1196, 3384, 7326
-1010, 1928, 7546
-124, 760, 6750
-688, -50, 6688
-584, -1440, 6540
-322, -2446, 5348
-160, -3156, 3918
-532, -4040, 3060
-476, -4730, 1568
24, -5674, 766
1108, -5790, -466
1424, -6276, -526
1416, -6340, -1600
1684, -6656, -3130
1464, -6982, -4464
2964, -7074, -6484
3590, -7210, -6956
3296, -7224, -6066
3164, -6702, -5468
3088, -6860, -5090
2312, -6866, -4186
1468, -6630, -2960
654, -5950, -1926
1534, -5830, -2296
1112, -5090, -700
324, -4326, 164
-1218, -3430, 2680
-1388, -2916, 4460
-692, -2310, 3952
-1590, -546, 5620
-2064, 236, 6296
-2520, 672, 7386
-3180, 1898, 9362
-2040, 3742, 7420
-3398, 4734, 9368
-3100, 6094, 7182
-4590, 6522, 7242
-5286, 6844, 7916
-4968, 7820, 5926
-4518, 7936, 5394
-3762, 8800, 4538
-2924, 9170, 4460
-2860, 9242, 5162
-2760, 9100, 5680
-1426, 9366, 3894
-564, 8344, 2280
-1444, 8404, 3048
-1516, 8450, 2290
-1122, 7942, 1082
*NOTE-2017.03.28@15:42:00 - 1
-1498, 8016, 2012
-1910, 7736, 2948
-2168, 7876, 3848
-2064, 8426, 4060
-1146, 8614, 3132
-1204, 9700, 3564
-1862, 10144, 3982
-2332, 10134, 5274
-1824, 10648, 5512
-1980, 10450, 5638
-2416, 10016, 6260
-3248, 8268, 7038
-2650, 7306, 6010
-2864, 6658, 7132
-1962, 5948, 6180
-3714, 4602, 7530
-2622, 3544, 6736
-2426, 2008, 8038
-1344, 1280, 6730
-1286, -28, 6436
-1408, -1342, 6118
-1364, -2082, 5650
-820, -2686, 4062
-458, -3494, 3004
8, -4260, 1436
718, -5266, 128
818, -5848, -538
1516, -6114, -1626
1238, -6284, -1834
1786, -7076, -3380
2348, -7052, -3796
2886, -6972, -5328
3766, -6958, -6538
3472, -6936, -5938
4050, -7280, -6274
3668, -6962, -5548
2462, -6710, -4338
1344, -6524, -2874
1114, -5704, -1986
1530, -5416, -1322
784, -4626, 270
54, -4000, 2164
-564, -4070, 3624
-300, -2822, 4106
-434, -1588, 4934
-884, -718, 6016
-1510, 336, 6068
-2416, 1724, 8344
-1794, 2354, 7820
-1638, 4036, 8444
-3156, 4286, 8248
-2862, 5406, 6904
-3432, 5358, 6728
-3382, 7224, 5288
-4256, 7248, 6710
-2406, 9084, 4164
-3400, 9060, 5130
-3316, 9522, 5690
-1198, 10074, 4234
-1696, 10118, 5042
-1762, 9640, 4646
-716, 8934, 2954
112, 8364, 2178
-304, 8396, 2278
-796, 8350, 2096
*NOTE-2017.03.28@15:42:04 - 1
-658, 8182, 2178
-672, 7980, 2492
-920, 8020, 3058
-1372, 8190, 3512
-892, 8534, 2970
-1152, 9366, 4088
-876, 10104, 2216
-2334, 10422, 4652
-1508, 10310, 4886
-1638, 10616, 5476
-1668, 10532, 5758
-1530, 9058, 5262
-4130, 7976, 8020
-2878, 7714, 7224
-3224, 6308, 7254
-2600, 4648, 6880
-2614, 3724, 6502
-2638, 2394, 6182
-2694, 1216, 6558
-2242, 286, 6232
-1766, -852, 6542
-984, -1844, 5542
-848, -2812, 5488
18, -3494, 3978
168, -4048, 2340
-334, -4606, 2552
742, -5282, 996
1050, -5930, 4
958, -6422, -980
1648, -6760, -2030
1990, -6754, -3168
2120, -7050, -4790
2234, -7068, -6228
2654, -7014, -6870
3148, -7078, -7582
3226, -7076, -6882
2722, -6416, -5278
2360, -6714, -4564
1682, -6412, -3132
1220, -5820, -1760
1098, -5738, -630
920, -5410, 962
1430, -5160, 1394
1282, -4682, 2592
1260, -3808, 3448
712, -3178, 4726
-240, -1976, 6212
-384, -154, 5548
-2436, -232, 7700
-3042, 328, 8580
-2068, 1980, 7242
-2392, 2918, 8064
-1636, 3532, 7208
-2216, 4826, 7932
-2532, 5258, 8534
-3472, 5590, 8232
-4184, 5880, 8002
-3904, 6812, 4880
-5686, 6610, 7500
-3600, 7288, 5136
-2718, 7784, 3810
-3430, 7784, 4548
-3920, 8008, 5068
-3734, 8518, 4186
-3104, 8620, 3284
-2150, 8492, 2230
-1978, 7958, 1892
-1722, 7894, 2162
*NOTE-2017.03.28@15:42:07 - 1
-1570, 7592, 1970
-1612, 8174, 2600
-1528, 8224, 3412
-1342, 8446, 4434
-1348, 8622, 4536
-1414, 9196, 5268
-1226, 10438, 5342
-1178, 11160, 5502
-1610, 11546, 5298
-1246, 11450, 5288
-1532, 10544, 5666
-848, 9600, 5536
-620, 8798, 5768
-448, 6698, 6160
224, 5620, 6374
-1274, 5028, 7548
-494, 3252, 6294
-1754, 2166, 7270
-912, 700, 5966
-1230, -342, 5656
-870, -982, 5550
-980, -2794, 6248
-378, -3398, 4764
-84, -3926, 3450
-348, -5270, 2020
522, -5638, 694
212, -6202, 614
856, -6470, -1032
1898, -6452, -2046
2770, -6552, -2704
3640, -6674, -4826
3298, -6762, -4242
3802, -7318, -6316
3448, -6998, -5860
3404, -7086, -6116
2838, -7062, -4914
2288, -6914, -4320
1940, -6854, -3606
1550, -6244, -2692
1066, -5482, -1234
742, -4920, -158
558, -4366, 998
692, -3374, 1518
-386, -2860, 4474
-1072, -2286, 6116
-350, -1352, 5274
-1388, -46, 7188
-990, 500, 7526
-1484, 2394, 7340
-1634, 3728, 7084
-1870, 4292, 8068
-1952, 5878, 7122
-4200, 6538, 8862
-3372, 7368, 5884
-5094, 7612, 7452
-4238, 8044, 6368
-2802, 9026, 4388
-3506, 9432, 5604
-3452, 9380, 6564
-2576, 9348, 6168
-508, 8610, 3198
-1282, 8358, 2334
-2490, 8004, 2346
-2732, 8006, 1972
-2236, 7978, 1224
-1830, 7878, 1510
*NOTE-2017.03.28@15:42:10 - 1
-2116, 7914, 2816
-2300, 8144, 3596
-2120, 8110, 3812
-1648, 8538, 2824
-2610, 9792, 4088
-2800, 10340, 4066
-2230, 10280, 3908
-1918, 10436, 4384
-1776, 10134, 5122
-1702, 9744, 5754
-2090, 7938, 5954
-1160, 8154, 6308
-1296, 7112, 7114
-1800, 5996, 8488
-644, 5184, 7286
-908, 3674, 6996
-1930, 2820, 9096
-296, 2322, 7144
-850, 272, 5584
-1168, -828, 6300
-472, -1766, 4842
-1136, -2682, 4110
-718, -3700, 3114
-326, -4816, 1316
-154, -5652, 500
288, -5738, 8
1336, -6236, -1948
1832, -6758, -2800
2012, -6682, -2488
3154, -6750, -4338
4238, -7040, -5928
3854, -6938, -6494
3328, -6802, -5200
3664, -7094, -5856
2894, -6964, -4524
2224, -6692, -3774
1714, -6854, -3248
1352, -6468, -2912
1310, -5606, -1882
288, -4286, 226
-436, -3940, 1524
-106, -3124, 1962
138, -1804, 3686
-446, -732, 5926
-64, 458, 5684
-1724, 1306, 8174
-2380, 1860, 7928
-4856, 2978, 9662
-4400, 3686, 8152
-5244, 3756, 9282
-4248, 5378, 7422
-3832, 5938, 4466
-5468, 7380, 3648
-6126, 7076, 4078
-6434, 8606, 5420
-6078, 9194, 6826
-3180, 10422, 4020
-5002, 10430, 7312
-4506, 9324, 5410
-4484, 8546, 4882
-3170, 8284, 3464
-1428, 7148, 2300
-578, 7644, 1914
*NOTE-2017.03.28@15:42:14 - 1
-236, 7986, 1950
-1042, 8566, 1792
-908, 8934, 2390
-2268, 7366, 692
-3636, 7504, -356
-6292, 6874, 998
-4788, 6610, -40
-3738, 6542, 38
-5318, 5198, 3066
-6140, 5076, 1126
-4334, 5574, -1888
932, 6176, -3842
-312, 7620, 2612
-1856, 5066, 460
-2672, 9746, 6458
1274, 9410, 7798
-22, 4570, 7608
-532, 3914, 6688
-518, 4436, 7474
-1066, 3444, 8074
596, 3044, 7284
-666, 3000, 7856
-418, 2808, 7534
-678, 2506, 7952
-260, 1882, 7824
-972, 1748, 8224
-446, 1200, 8164
1146, 680, 7528
1014, 202, 6368
898, 340, 8758
756, 582, 7958
310, 666, 8040
156, 1392, 7250
362, -834, 8712
1374, 644, 8416
288, 1070, 7850
540, 498, 7520
786, 2050, 7776
1084, 1266, 6270
1200, -682, 4598
1822, 2358, 8966
550, 2560, 7880
1014, 1772, 6818
966, 2776, 7304
774, 2608, 7492
1110, 2442, 8012
1960, 3476, 9104
242, 2250, 7958
1268, 2332, 7558
1220, 2198, 8208
2182, 3326, 7166
2060, 2488, 5776
1740, 2570, 7780
1726, 2312, 6880
1792, 2598, 7722
2236, 2556, 7362
1696, 2408, 7236
1784, 1858, 7332
1232, 1674, 7376
1326, 1742, 7972
1946, 1716, 7780
480, 1384, 8712
1298, 1350, 9672
3224, 1202, 7714
3782, 946, 5670
572, -806, 4888
-4916, -2144, 7328
-5088, -926, 6666
-5310, -2868, 5568
-6640, -1116, 7898
-4284, -2062, 5352
-4764, -1750, 4712
-5812, -150, 4960
-5250, -60, 5548
-6224, 34, 7682
-3626, -532, 6580
*NOTE-2017.03.28@15:42:17 - 1
-3848, 354, 7016
-2698, 174, 6520
-2506, 1656, 5938
-2632, 3594, 6660
-1828, 4798, 6076
2860, 734, 262
2692, 3104, 6358
1372, 1608, 7368
314, 2812, 7282
-298, 2384, 5930
-4948, 2766, 8376
-1950, 1700, 6328
-3294, 2870, 6896
-5718, 2728, 7502
-4162, 2432, 5170
-5630, 2372, 5062
-6142, 520, 5316
-5580, 248, 4720
-5718, -432, 5088
-6218, 214, 4694
-6422, 426, 6118
-8386, -826, 1946
-8492, -1590, 2728
-7952, -1768, 3194
-8358, -1608, 4896
-6064, -1094, 2884
-7188, -186, 4124
-6786, -1136, 3208
-7242, -1668, 3340
-7030, -1738, 4122
-6102, -880, 3906
-6076, -740, 4450
-4416, -1020, 3024
-7054, -884, 4582
-6276, -1158, 3580
-8212, -698, 4228
-7558, -1052, 3452
-6762, -538, 3146
-7514, -818, 4026
-7278, -1090, 3140
-7816, -1310, 2628
-7292, -1182, 2752
-7122, -1328, 2776
-6920, -1436, 2648
-7082, -1424, 2766
-7318, -1446, 3054
-7616, -1456, 3802
-8270, -1236, 4962
-9874, -1328, 7780
-6340, -430, 5430
918, -1748, 1972
-1792, -2366, 8864
226, -2308, 4794
634, -2798, 7468
2648, -3038, 6714
-880, -1456, 6844
-2562, -1074, 9238
-1620, -2178, 7498
-72, -2180, 5762
442, -3296, 5464
212, -1898, 7252
-1034, -1152, 8394
708, -1404, 8026
522, -736, 8420
1008, -1330, 8114
238, -1220, 7994
982, -1332, 7754
346, -1252, 8132
172, -1456, 7340
446, -1316, 7688
-200, -1294, 7624
350, -1322, 7550
54, -1196, 8216
702, -1632, 6986
-60, -1616, 7726
1708, -852, 6948
2590, -1776, 6610
370, -658, 8974
-504, -1066, 8510
-1688, -1924, 7696
-1486, -1904, 7182
-54, -1674, 6986
454, -1550, 7420
-516, -1042, 8266
-1266, -1016, 7706
-584, -1338, 6952
-2342, -1310, 7084
-3234, -1420, 7450
-5204, -428, 8404
-4508, -1644, 8844
388, -1894, 4784
106, -1526, 6494
898, -2292, 6402
676, -1886, 7976
494, -1584, 7660
112, -1364, 7892
-332, -1546, 7526
-594, -1422, 8054
-266, -1730, 7660
-690, -1388, 8020
166, -1326, 7858
366, -1320, 7718
374, -1422, 7558
150, -1486, 7430
-224, -1388, 7388
-540, -1608, 7480
-752, -1530, 8320
-294, -1464, 8102
142, -1298, 7666
-224, -1524, 7650
-368, -1352, 7630
-564, -1326, 7848
-340, -1282, 7846
-396, -1224, 8034
-166, -1346, 7846
-288, -1512, 7934
-720, -1634, 7344
-1148, -1812, 7744
-1396, -1518, 7582
-850, -1100, 8018
-680, -1142, 7932
-594, -1078, 8102
-250, -1102, 7850
-524, -1170, 7922
-448, -1344, 7448
-1394, -1486, 8172
-1566, -1782, 7472
-944, -1212, 8238
-296, -1468, 7956
-382, -1776, 7266
-1208, -1936, 7722
-488, -818, 7922
966, -326, 7478
1110, -632, 7846
818, -1420, 7390
-474, -1666, 8132
-836, -1524, 7928
-132, -1160, 7878
430, -634, 7532
906, -1046, 7388
1008, -1152, 7920
-624, -492, 8132
-1108, -734, 8862
252, -1338, 7334
1248, -1238, 5694
-3872, -1274, -494
-14590, -2248, 11228
-9650, -1510, 7024
-5688, -1330, 1742
-5978, -2056, 3150
-7622, -1534, 5246
-5926, -1530, 3950
-6182, -1430, 5474
-7240, -1070, 7636
-5502, -1436, 6852
-1786, -1688, 5270
1204, -1760, 4394
-200, -1480, 7744
142, -1570, 7356
-68, -1440, 7538
78, -1630, 7654
324, -1594, 7364
-96, -1508, 7986
-6, -1520, 7848
314, -1608, 7928
372, -1582, 7652
-360, -1240, 7634
-462, -1032, 7954
-352, -1348, 7562
-380, -1164, 8282
-32, -1242, 7724
-264, -1356, 7644
-618, -1310, 7782
-492, -1288, 7898
-282, -1356, 7736
-224, -1204, 7620
-624, -1204, 7898
-890, -1288, 7814
-916, -1320, 7782
-1072, -1210, 7808
-932, -1250, 7794
-798, -1238, 7632
-982, -1354, 7948
-924, -1276, 7534
-1124, -1336, 7782
-1006, -1370, 7472
-1014, -1210, 7754
-832, -1124, 7980
-798, -1198, 7784
-910, -1290, 7726
-832, -1348, 7608
-930, -1400, 7556
-974, -1428, 7584
-998, -1458, 7408
-1060, -1516, 7550
-734, -1430, 7540
-1300, -874, 7614
-1208, -714, 7758
-770, -1030, 8012
-1006, -1050, 7814
-854, -1382, 7586
-534, -1260, 7402
-790, -694, 7706
-492, -750, 8164
-560, -932, 8388
-252, -520, 8296
208, -562, 7730
-420, -958, 7498
-1412, -1212, 8204
-1402, -1352, 7578
-846, -1016, 7538
-258, -1140, 7314
-124, -1440, 8046
-352, -1764, 8080
-184, -1470, 7784
400, -494, 7496
1556, 486, 7376
3184, 1702, 7272
1060, 32, 9426
282, -1580, 7300
-1636, -2438, 7266
-1648, -2388, 6142
-2378, -1914, 7608
-2152, -1128, 8112
346, -900, 7584
478, -1042, 7524
-872, -430, 8380
-1510, -1372, 7796
-1712, -1340, 7934
-1674, -1202, 7810
-1450, -1204, 7290
-1708, -1116, 7472
-1990, -1142, 7808
-1410, -984, 7616
-1258, -1200, 7882
-1096, -1110, 7784
-518, -932, 7152
-1862, -896, 8128
-1638, -950, 7552
-2450, -1284, 7446
-1522, -1098, 7310
-1620, -1190, 6924
-2728, -1434, 7318
-2854, -1008, 6994
-3468, -1464, 7358
-3826, -1434, 7124
-4480, -2178, 7310
-3592, -1670, 6858
-4044, -736, 7772
-3492, 42, 8736
-2570, -932, 8040
-2036, -1778, 6290
-1064, -2138, 5852
-1898, -1510, 5006
-3754, 70, 4568
-4650, 584, 6158
-2890, 1648, 6218
-3780, 2380, 7062
-1182, 2504, 5738
-2082, 3386, 6954
-1636, 3072, 7520
-2580, 3414, 8516
-1546, 3250, 7530
-2170, 2294, 7360
-2896, 2480, 7858
-3402, 2834, 8174
-3072, 2470, 7640
-2122, 2528, 7072
-1858, 2604, 6980
-1374, 2796, 7318
-1786, 2998, 7470
-1306, 2886, 7424
-668, 2466, 7352
-674, 2414, 7356
26, 2648, 6966
710, 2864, 6928
950, 4302, 7626
1574, 4278, 7372
*NOTE-2017.03.28@15:42:31 - 1
2098, 4200, 6464
2616, 3490, 6588
3008, 3092, 6242
2332, 2922, 6814
1278, 1418, 7192
970, 1676, 6538
202, 1390, 6564
-670, 814, 7658
-146, 504, 8462
20, 690, 7514
-50, 370, 7168
376, 182, 6872
-266, 566, 8564
-2226, 930, 8254
-540, 730, 7876
-1350, 1552, 10918
1846, -368, 4680
508, 1376, 8568
1936, 3136, 7624
2132, 2156, 6860
3230, 3606, 8216
2284, 1174, 8008
1778, 1938, 7240
2114, 1928, 6564
2656, 2320, 7022
2794, 1950, 6890
2624, 2002, 7204
2436, 2376, 7096
3032, 2628, 6626
2362, 1208, 7550
3234, 1688, 7232
3632, 2170, 7118
2286, 2232, 7098
1642, 2082, 7322
2004, 2570, 6570
2454, 970, 7626
2318, 850, 8228
1826, 704, 7968
3612, 290, 7166
1378, 1616, 7870
1828, -256, 7326
802, -670, 7242
770, -498, 8686
1122, -676, 8432
596, -980, 7958
-56, -778, 7988
1086, 108, 8480
442, 1078, 8450
1996, 2814, 6684
-762, 4416, 9484
382, 4820, 6068
4520, 7934, 4716
-2842, 11442, 11408
-372, 6190, 1968
-122, 6346, 4670
316, 6964, 3862
1158, 7476, 634
-3498, 8902, 2562
-5994, 7324, 1924
-7464, 6668, 1952
-6202, 5510, 1780
-6450, 6078, 4092
-4536, 5122, 3588
-4210, 6338, 3872
-1766, 5888, 698
-3034, 7878, 1492
-3266, 8134, 112
-3982, 7452, 2740
-2266, 9346, 182
-386, 7692, -826
-1318, 7134, 536
-976, 7260, 820
-754, 8030, 192
-890, 8826, -252
-1124, 8684, -1300
-2916, 8336, 3380
-902, 7614, 1548
880, 7532, 714
-90, 7406, 1064
-496, 7370, 2078
82, 8062, 122
-150, 8026, 1064
-248, 7908, 1182
26, 7840, 1356
-300, 8282, 1440
-184, 8112, 1266
-354, 8394, 1322
*NOTE-2017.03.28@15:42:36 - 1
-260, 8172, 1494
-248, 7876, 1510
72, 7924, 1928
366, 7876, 2660
-568, 7966, 4358
-30, 9176, 4794
-362, 9640, 6106
892, 9802, 5668
414, 10494, 7282
700, 10762, 6652
374, 10830, 6906
720, 10070, 6754
376, 9054, 7190
-78, 7730, 6702
-1112, 6448, 6710
-1580, 5174, 6918
-1724, 4074, 6630
-1458, 2326, 6184
-1726, -60, 5786
-438, -690, 5442
-302, -1938, 4460
-864, -3188, 4750
-298, -4142, 3658
-12, -4880, 2286
100, -5386, 1828
1254, -6246, -348
1358, -6294, -848
1390, -6424, -1716
1702, -6398, -2766
1388, -7014, -3572
2262, -7142, -5450
2718, -6754, -6226
2952, -6860, -7446
2290, -6944, -6820
1982, -6812, -5562
2188, -6448, -5174
1286, -6312, -2938
638, -6330, -660
1498, -6462, -1106
344, -5396, 2152
1096, -5230, 2078
1074, -4662, 2932
1386, -3724, 2374
268, -2654, 3980
-838, -1872, 5468
-1790, -1092, 6478
-1568, 446, 6752
-1606, 266, 7404
-2468, 1340, 8732
-1614, 4040, 6394
-2656, 3942, 7414
-3126, 5480, 6748
-4278, 6390, 7366
-3844, 7226, 5440
-4410, 8348, 6722
-3432, 9818, 5394
-2452, 9520, 4566
-3208, 9834, 5402
-3910, 9948, 6318
-1878, 9750, 4374
-532, 9084, 2766
-814, 8738, 2382
-504, 8470, 2222
-2012, 7810, 2872
-1296, 7652, 1978
-1034, 8326, 1964
*NOTE-2017.03.28@15:42:39 - 1
-982, 8462, 3206
-990, 8894, 3522
-626, 8832, 3304
-644, 10114, 3908
-900, 11388, 4738
94, 11230, 3850
-114, 11400, 5246
-152, 11248, 5330
544, 10282, 4776
-24, 9480, 5676
-734, 7642, 6724
-474, 7506, 7076
-712, 6420, 7116
-246, 4420, 6496
-532, 3048, 7260
-290, 1734, 6910
-864, 200, 7624
264, 48, 5618
1152, -1074, 4896
910, -2804, 3910
276, -3836, 3332
180, -4842, 1964
-688, -5378, 2058
400, -5748, 240
720, -6106, -678
1036, -6252, -1336
1764, -6874, -2790
2026, -6108, -3498
2070, -7370, -5350
2510, -7004, -6426
2570, -7192, -7544
2582, -6868, -7156
2418, -6714, -5850
1994, -6822, -5118
1492, -6738, -3414
1006, -6278, -2160
1480, -6304, -2458
1178, -5498, -960
1224, -5026, -530
282, -4238, 1364
154, -2964, 3254
-214, -2890, 4482
442, -1724, 5052
238, -674, 5496
-1012, 56, 7246
-1506, 856, 7790
-2260, 2284, 8582
-2048, 3308, 8188
-3036, 4846, 7560
-4314, 4744, 7984
-3488, 5892, 6782
-4890, 7254, 7006
-4106, 7528, 5446
-3668, 9020, 5252
-2654, 9332, 4078
-3846, 10026, 5310
-4080, 9674, 6044
-3262, 9570, 5266
-396, 8914, 2462
776, 9134, 2060
-210, 8328, 1984
-998, 8098, 2212
-1218, 8250, 1892
*NOTE-2017.03.28@15:42:42 - 1
-1106, 7808, 2134
-1532, 8018, 3822
-1346, 8634, 3532
-1412, 8672, 3868
-948, 9984, 4126
-1286, 10544, 5138
-720, 10808, 4930
-668, 11694, 5792
-740, 12274, 6204
-986, 11232, 6608
-274, 9750, 5652
-768, 8526, 6490
-428, 5972, 6134
-1226, 4930, 6268
-1290, 3416, 6706
-696, 2024, 6814
-1074, 1286, 6116
-860, -188, 5690
-556, -1374, 5580
116, -2730, 3336
-1296, -4462, 5148
162, -4938, 1998
-26, -5188, 1694
828, -5414, 204
1310, -6746, -978
440, -6796, -988
1946, -6522, -3524
1876, -6606, -4256
2094, -7198, -4818
2726, -7302, -5822
3046, -7128, -6684
2236, -7038, -5120
2962, -6888, -5962
2666, -6932, -4586
2624, -6670, -4200
184, -6098, -810
768, -6144, -1474
1774, -4602, -702
1330, -4362, 1954
2392, -3906, -58
1230, -1152, 2382
-262, -578, 5888
254, 240, 4612
126, 2170, 5612
-1096, 2878, 10424
326, 4600, 8390
-260, 6584, 8884
-1196, 6500, 8304
-1078, 7694, 7754
-2452, 7884, 5302
-3896, 9778, 6116
-3440, 9230, 7438
-1296, 10570, 3700
-2438, 10350, 4670
-3666, 10184, 6110
-2394, 9776, 4674
-328, 9490, 2666
208, 8814, 1622
-1780, 8090, 3292
-1322, 8268, 3408
-388, 8220, 2486
*NOTE-2017.03.28@15:42:45 - 1
-278, 8366, 2004
-1420, 8572, 3260
-1192, 8876, 2814
-1400, 9392, 3116
-1112, 8876, 3618
-1236, 9534, 5482
-152, 11448, 4188
-728, 11456, 5986
-1006, 11362, 6436
-360, 10926, 6308
-900, 10138, 7060
-568, 8760, 6882
-200, 7378, 6008
-1010, 5458, 6602
-1464, 4200, 6790
-672, 2732, 6550
-276, 1296, 6008
-596, 136, 6040
64, -1274, 5002
-138, -2688, 4774
870, -3904, 2120
802, -4554, 586
582, -5898, 704
440, -5668, 664
890, -5996, -632
2082, -6216, -3600
820, -6706, -2886
2518, -5782, -4314
2692, -7398, -5818
2596, -6618, -5016
3614, -7242, -6694
3070, -7096, -6016
3130, -7048, -5416
2606, -6658, -4884
1840, -6940, -3428
1802, -5728, -3144
1820, -5866, -2150
1136, -4658, -114
998, -4524, 650
-230, -3762, 3402
502, -2610, 3044
816, -1782, 3834
1250, -514, 5102
-82, 2120, 6654
560, 2744, 6234
-784, 4832, 7776
-1610, 5064, 7660
-1700, 6778, 7926
-2646, 6988, 7046
-4108, 8182, 7088
-3130, 8688, 7318
-1894, 9836, 4508
-2830, 10080, 4952
-2526, 10666, 4500
-2008, 10730, 4266
-1578, 10310, 4436
-676, 9640, 3570
-68, 10170, 3486
-450, 9272, 3404
-1182, 8636, 2966
-1182, 7948, 2096
-1012, 7540, 1694
-1506, 8092, 2594
*NOTE-2017.03.28@15:42:48 - 1
-1958, 8588, 4020
-1304, 9488, 3526
-780, 9490, 2802
-1220, 10284, 4068
-12, 10520, 4232
170, 10732, 4684
120, 10500, 5624
302, 10616, 5904
160, 10010, 6502
-662, 8696, 6410
-1340, 7718, 7584
-724, 6442, 6176
-1142, 5170, 6404
-1116, 4024, 5834
-608, 2476, 5892
-828, 896, 6510
-1020, -136, 6434
-800, -1146, 5996
-390, -2644, 5164
378, -3480, 3070
-336, -4576, 3028
360, -5048, 1722
858, -5726, 222
808, -6082, -306
1152, -6338, -1262
1282, -6646, -2388
732, -6580, -2970
1250, -6838, -3726
2226, -7232, -5696
2468, -7192, -6094
2554, -6798, -6454
2444, -7176, -6324
2418, -6932, -6272
1506, -6658, -4832
1274, -6774, -4340
1088, -6554, -2926
1638, -5288, -2800
1868, -4698, -1696
840, -3512, -660
-864, -2824, 3052
-304, -2050, 3296
1066, -258, 3260
-854, 1596, 6292
-3188, 1596, 7784
-2752, 3068, 6358
-4548, 4454, 8876
-3632, 6598, 5862
-4814, 8184, 7272
-5006, 8750, 5846
-6616, 10068, 8510
-4190, 9848, 4866
-4242, 11320, 5272
-4136, 10712, 5382
-2908, 10740, 5454
-964, 10332, 4734
248, 9296, 3312
-224, 8920, 3420
-1314, 8578, 3420
-2100, 7872, 2912
-2004, 7884, 2446
*NOTE-2017.03.28@15:42:51 - 1
-1834, 7942, 2108
-1680, 8236, 2250
-2232, 8318, 3150
-1948, 9520, 3960
-1206, 10268, 4256
-1816, 10164, 4966
-2360, 10456, 6274
-1556, 11026, 5716
-1776, 10582, 6648
-1564, 9504, 6304
-2346, 8578, 7094
-1690, 7474, 6734
-1898, 5716, 8424
-1924, 5072, 7450
-1944, 3234, 6906
-2540, 2294, 6468
-1020, 262, 5266
-444, -956, 4848
148, -2506, 3312
560, -3432, 1796
150, -4652, 1304
-120, -5778, 1152
374, -6278, 86
710, -6588, -1108
318, -6740, -1348
936, -7290, -2414
1368, -7326, -3020
2148, -6602, -3168
2458, -7004, -4622
3364, -7044, -5840
3128, -7166, -5808
2990, -6544, -5724
2286, -6848, -4688
2078, -6566, -3994
2226, -5708, -3860
2354, -4788, -2654
306, -3418, 294
-662, -3076, 2032
-840, -1402, 2366
-2600, -880, 5010
-3656, -226, 6310
-3870, 1546, 7894
-4518, 2452, 8242
-3148, 3888, 6710
-3716, 5080, 7442
-4178, 6072, 7858
-4636, 7120, 7752
-3880, 7410, 5666
-4182, 9352, 6308
-3420, 9774, 4568
-3582, 10088, 4582
-3250, 10098, 4420
-2944, 10814, 4464
-1598, 9830, 4538
4748, 10158, 624
1872, 15882, 6240
-328, 8526, 3880
-1580, 7154, 2436
*NOTE-2017.03.28@15:42:54 - 1
-1712, 7798, 1826
-2174, 8010, 2530
-2108, 8248, 3312
-1656, 8656, 3002
-1646, 9638, 3550
-2310, 11558, 5576
-754, 10876, 4360
56, 11750, 4586
6, 11598, 5468
490, 10444, 5342
-792, 9302, 6598
-40, 8202, 6192
-1044, 6944, 7146
50, 5440, 6468
-250, 4186, 7168
346, 3172, 6184
-10, 1626, 6218
-164, 340, 5840
-178, -1126, 5318
-806, -2344, 5830
632, -3636, 3668
-106, -4050, 3764
374, -4736, 2080
794, -5354, 466
804, -6106, 312
1336, -6334, -726
1786, -6762, -1348
2302, -6630, -2238
2292, -6388, -3380
2562, -6864, -4680
3124, -6906, -6334
3162, -6822, -7268
3260, -7200, -6716
2810, -6426, -5482
2536, -6574, -4584
1386, -6254, -2112
1048, -6046, -1720
1316, -5942, -1034
354, -4480, 1210
922, -4948, 34
-612, -3322, 2316
-196, -2924, 4028
204, -1620, 4798
-114, -482, 5752
-1566, 446, 7202
-1924, 2154, 7994
-2234, 2734, 9038
-1804, 4814, 6916
-2592, 5494, 8124
-2532, 6742, 6872
-4612, 6638, 9076
-2952, 8322, 6004
-3128, 9592, 5004
-3344, 9730, 5330
-2300, 10258, 4874
-2424, 10682, 5220
-2262, 10204, 6152
-702, 9506, 4536
306, 8782, 3120
158, 8550, 2638
-1152, 8314, 2526
-1182, 8052, 1924
*NOTE-2017.03.28@15:42:57 - 1
-1176, 8012, 1844
-1684, 8152, 3074
-1280, 8316, 3256
-1688, 8950, 3554
-1174, 9876, 3528
-1232, 10068, 4154
-592, 9986, 4136
-758, 10728, 5688
-26, 11030, 5838
-60, 10838, 6734
218, 10316, 6870
96, 9134, 7392
546, 8636, 6774
24, 7756, 6620
-260, 5142, 7766
840, 3456, 6284
122, 2314, 6628
726, 574, 5892
206, -600, 4986
180, -2296, 4494
414, -2626, 3670
982, -3988, 1704
300, -4846, 1336
410, -5560, 436
514, -6238, 34
1020, -6644, -1556
1160, -6772, -1990
1664, -6428, -2738
1948, -7140, -3904
2828, -6762, -4976
3878, -6812, -6516
4590, -6572, -7858
3740, -6352, -6928
3312, -6478, -5208
3166, -6748, -4916
1828, -5810, -2542
1658, -6130, -1256
1454, -4820, -62
1500, -4074, 140
424, -3240, 1634
312, -1712, 1818
-1158, -226, 4608
-2822, -206, 7314
-1444, 1684, 3954
-4456, 3362, 8050
-5184, 2500, 8394
-4418, 6468, 7276
-4950, 6722, 5924
-6372, 7256, 7346
-6072, 8810, 6346
-5056, 8624, 5876
-2494, 10450, 5260
-1490, 11506, 4466
-2980, 10942, 4942
-3138, 10400, 6010
-400, 9430, 3660
432, 9266, 3524
-522, 8810, 3186
-974, 8330, 2822
-1292, 8356, 2790
-804, 8552, 1812
*NOTE-2017.03.28@15:43:00 - 1
-908, 8072, 2112
-1040, 8406, 2720
-846, 8558, 3196
-1246, 9384, 4600
-804, 10650, 4562
-752, 10862, 5056
-828, 11330, 5738
-126, 11638, 5326
-452, 11058, 5880
-312, 9662, 6004
-760, 8818, 6808
-82, 7010, 6816
142, 6442, 7210
-12, 5238, 7598
438, 3632, 6498
632, 2004, 6384
372, 466, 5536
20, -920, 5214
-852, -2278, 5604
-166, -3286, 4092
-110, -3968, 3646
434, -4868, 1296
926, -5386, 980
1178, -5904, 158
1688, -6404, -722
2356, -6712, -2942
1590, -6352, -2228
2172, -7332, -3510
1958, -6746, -4816
2492, -7038, -6246
2536, -6818, -7006
2696, -6834, -7622
2446, -6664, -7010
2152, -6456, -5560
2040, -6700, -4882
1502, -5896, -3538
1670, -5634, -2828
1984, -4774, -1736
1136, -3622, 382
782, -2880, 802
-84, -648, 3178
318, -288, 4952
1174, 680, 4914
200, 2052, 8724
-14, 4404, 7610
-2676, 5236, 10056
-2444, 6254, 9924
-3550, 6458, 8388
-4704, 7752, 10042
-3384, 6822, 6134
-3774, 8552, 9112
-1866, 8868, 4892
-2588, 9364, 4436
-3204, 9868, 4658
-2796, 8756, 4342
-1568, 9466, 3850
-670, 9190, 3598
-464, 9052, 3056
-728, 8596, 2678
-1388, 8268, 2802
-1644, 8046, 2484
*NOTE-2017.03.28@15:43:03 - 1
-1710, 7996, 2510
-1682, 8196, 3350
-1822, 8398, 3620
-2074, 8982, 4348
-1092, 10130, 3246
-954, 10080, 4350
-1902, 10814, 6602
-1244, 11486, 6394
-1064, 11514, 6150
-1762, 10378, 7394
-1388, 9522, 6844
-2176, 8158, 7026
-650, 7304, 6468
-1676, 5644, 7300
-580, 3718, 5688
-1532, 1862, 6896
-600, 602, 5384
-560, -850, 5456
-876, -2158, 5080
-352, -3044, 4142
164, -4018, 2686
-224, -5154, 2946
664, -5432, 722
1162, -5992, -262
574, -6236, -420
1298, -6594, -1186
1298, -6512, -1330
1880, -7274, -4378
1414, -7230, -4644
2222, -7390, -5412
3018, -7364, -6936
2484, -7052, -6994
1946, -7108, -5886
2242, -6866, -5424
1490, -6728, -4104
1150, -6016, -3244
1792, -5224, -3428
1192, -4378, 108
1316, -3652, 140
688, -1982, 2568
-1648, -926, 5256
-922, -278, 4726
-1402, 962, 5874
-1976, 2162, 8372
-844, 2526, 4450
-2354, 5640, 8110
-5396, 4718, 8678
-5142, 6706, 6144
-7654, 7618, 6600
-6186, 7024, 5364
-5930, 8636, 4948
-4370, 9506, 3800
-3880, 9482, 3136
-3802, 9354, 3982
-3982, 9462, 4790
-3354, 9368, 4740
-772, 9150, 3164
78, 8750, 2388
-364, 8814, 2480
-740, 8516, 2470
-1084, 8390, 1846
*NOTE-2017.03.28@15:43:06 - 1
-906, 7874, 1304
-1518, 7994, 2112
-1720, 8430, 3246
-1280, 8528, 3204
-1856, 9624, 4450
-830, 10530, 4024
-38, 10920, 4568
-50, 11058, 5360
-570, 11616, 6038
-422, 11368, 5756
-790, 10290, 6228
-1560, 9452, 6958
-666, 6932, 5942
-634, 6784, 6526
-1000, 5052, 6682
-226, 3538, 6008
-276, 1732, 6674
-738, 450, 7228
-124, -588, 5990
-48, -1302, 5166
-242, -3056, 4696
-236, -3702, 2774
-460, -4710, 2078
452, -4928, 1182
904, -5978, -376
484, -6224, -210
1272, -6682, -1572
2020, -6486, -3186
2014, -6968, -3758
1860, -7196, -4474
2494, -7044, -5582
3638, -7218, -7616
2374, -7048, -5416
3590, -6924, -6536
2220, -6794, -4616
1602, -6238, -4204
1344, -6482, -3212
818, -5380, -1544
672, -4146, -74
1398, -3782, 130
-1366, -2772, 4442
-350, -2224, 2878
-1376, -1326, 5192
-974, -50, 5970
-1104, 1710, 4938
-3660, 2588, 7986
-3146, 3618, 5872
-4252, 5852, 7840
-5004, 4940, 7902
-4272, 8162, 6546
-5870, 8494, 6612
-4276, 9240, 4632
-5052, 9994, 4764
-4982, 9868, 5050
-3662, 10136, 4456
-3260, 10224, 4962
-1880, 9982, 4614
-332, 9354, 3496
-390, 9218, 3734
-236, 8724, 2868
-1076, 7692, 2218
-1122, 7822, 1512
-238, 8148, 888
*NOTE-2017.03.28@15:43:09 - 1
122, 7738, 2116
142, 8014, 3616
374, 8860, 3582
-396, 9346, 4150
-450, 9956, 4336
-770, 9908, 5666
50, 10276, 5006
6, 10406, 5772
118, 10664, 5854
114, 10060, 6796
124, 8914, 7428
642, 7500, 7272
612, 7010, 7752
640, 5746, 6788
534, 4266, 7318
1778, 2864, 6346
556, 1362, 6784
1192, 230, 6162
702, -1352, 5692
160, -2250, 5370
844, -3146, 3630
-224, -4788, 3112
-346, -5218, 3106
1216, -5534, -14
1216, -5910, -470
860, -5712, -782
1824, -6368, -2572
1680, -6326, -3990
2532, -6718, -5444
2774, -6914, -6662
3310, -6630, -7338
2778, -6938, -8088
2084, -6590, -6418
2110, -6406, -5544
1920, -6862, -4936
686, -6112, -2896
914, -5574, -2060
1054, -4650, -598
1158, -3918, -420
752, -2978, 1796
434, -1628, 4100
460, -1004, 4934
662, -390, 5852
-256, 710, 6624
-1564, 976, 8950
-932, 2094, 9170
-1634, 4156, 7852
-2446, 4530, 7940
-3564, 5382, 8774
-3492, 7030, 6492
-4406, 7102, 6666
-4702, 8308, 7002
-3250, 8912, 4888
-3566, 10098, 5266
-3730, 9664, 6030
-2858, 9214, 5206
-2354, 9452, 5300
-1104, 9048, 3764
-636, 8360, 2712
-780, 8190, 1824
-1052, 8018, 2050
-900, 8118, 1350
-1102, 7966, 1376
-1088, 8088, 1694
*NOTE-2017.03.28@15:43:13 - 1
-1032, 7884, 2512
-1134, 8408, 3556
-1532, 8892, 3138
-1800, 9838, 4286
-1424, 10490, 4870
-1040, 10648, 4976
-832, 11174, 5782
-390, 11626, 6072
-668, 11002, 5878
-1284, 9766, 7132
-908, 8514, 7484
-662, 7276, 6536
400, 5768, 6776
552, 4618, 6378
386, 3182, 6894
610, 2194, 6134
1056, 680, 6236
452, -916, 6782
764, -1514, 5208
718, -2906, 4630
968, -3312, 2462
586, -4408, 2172
1244, -5552, -1102
-220, -5920, -64
436, -6526, -1758
712, -6328, -2548
1230, -6278, -3084
1922, -6750, -5456
2348, -6764, -5968
3208, -7086, -6658
3480, -6688, -7246
3446, -6776, -6726
2736, -6496, -5852
2114, -6804, -4878
1404, -6362, -3702
1276, -6180, -3230
1354, -5318, -1996
1458, -4718, -708
974, -3998, 1148
844, -2966, 2120
460, -2558, 2784
-1350, -2022, 6808
-984, -1324, 5666
-2038, -88, 7444
-2198, 604, 8198
-1496, 1992, 6942
-3676, 2082, 9946
-3014, 4026, 8384
-3012, 4880, 6788
-4144, 6026, 8582
-4130, 6996, 6004
-5112, 6690, 7128
-4432, 8444, 4978
-4740, 8496, 4884
-4590, 8572, 4458
-4558, 9240, 4646
-3146, 9256, 4366
-1936, 9322, 4374
-790, 8794, 3708
-704, 8394, 2924
-892, 8286, 2608
-750, 8016, 1618
-1416, 7952, 1932
*NOTE-2017.03.28@15:43:16 - 1
-1390, 7748, 2088
-1656, 8054, 3408
-1366, 8396, 3108
-2286, 8806, 4034
-1296, 10410, 3854
-1054, 9490, 3654
-2194, 10192, 6054
-1384, 11176, 5746
-606, 11320, 5926
-440, 10874, 6150
-156, 9720, 6390
-2534, 7226, 7794
-332, 7508, 6030
-354, 5842, 7106
-30, 4996, 6722
76, 3070, 6778
-306, 1320, 9138
1282, 1000, 6188
494, -520, 6360
1044, -1502, 4720
896, -2328, 3514
1110, -3412, 1426
-734, -4744, 1902
112, -5486, 206
286, -6260, -512
346, -6422, -528
2156, -6478, -3078
1726, -6326, -1590
2300, -6654, -3780
2874, -6654, -4686
3936, -6868, -6854
3658, -6564, -7932
3262, -6624, -7176
2844, -6464, -5948
2988, -6626, -5616
2082, -6500, -4192
1388, -6352, -3000
1280, -5610, -1630
624, -6334, 456
1416, -5404, -474
226, -3970, 1428
-200, -3812, 2578
546, -1854, 2460
-96, -50, 5208
-1654, -406, 7020
-1694, 958, 6624
-1196, 3816, 6896
-1620, 4498, 8426
-2362, 4434, 8380
-2358, 6648, 7286
-3248, 6908, 7244
-4200, 7498, 7264
-3200, 9294, 5188
-3706, 9684, 5996
-2066, 10458, 3662
-1628, 10268, 3144
-3478, 10530, 5350
-2604, 10036, 5176
-522, 9654, 3448
-172, 9230, 2752
-660, 8612, 2354
-1470, 8238, 2414
-1204, 8002, 1758
*NOTE-2017.03.28@15:43:19 - 1
-1598, 7972, 1628
-1620, 7796, 2160
-1274, 7774, 2546
-1730, 8826, 3636
-1350, 8514, 2882
-1518, 9830, 3526
-2052, 10204, 4474
-1472, 10672, 4928
-906, 10848, 5568
-824, 11230, 6114
-746, 11296, 7110
-892, 11230, 6900
-674, 9600, 7130
-646, 7366, 7372
416, 6636, 5786
-908, 4904, 7810
614, 3638, 5966
344, 1776, 5526
138, -84, 5612
600, -1008, 5132
588, -2234, 4338
98, -3044, 4266
328, -4040, 2550
-206, -4654, 2394
784, -5320, 430
830, -5900, -316
504, -6300, -820
1384, -6510, -1740
2458, -6616, -2990
2218, -6684, -3550
2512, -6776, -5114
2636, -6786, -6568
2628, -6954, -7540
2408, -6724, -7326
2400, -6948, -5876
2510, -6650, -6132
1468, -6656, -4580
276, -6112, -2614
44, -5954, -1914
392, -5326, -1068
878, -4424, -618
610, -3420, 712
-224, -2458, 3394
142, -3256, 3068
-314, -1810, 4804
138, 106, 4740
-2166, 1706, 8514
-2866, 2266, 7158
-3254, 4854, 6082
-6816, 5298, 11046
-5032, 4574, 7550
-6278, 7468, 7998
-5190, 6680, 4934
-5090, 8244, 7516
-4870, 9690, 3562
-5530, 9714, 5156
-5998, 9984, 6410
-4376, 9738, 5484
-3464, 9796, 5020
-2156, 8704, 4390
-1338, 8036, 4026
-726, 7704, 2824
250, 8042, 2108
-1096, 8724, 2098
-1280, 8968, 1000
-924, 7632, 2452
*NOTE-2017.03.28@15:43:22 - 1
-1368, 8484, 2878
-1432, 8184, 1652
66, 8238, 96
-2130, 7358, -1048
-5500, 5810, -74
-7006, 6430, 108
-4698, 5094, -3230
-6646, 6854, -340
-4090, 3500, -132
-4906, 5944, 1032
-4582, 3372, -690
-7204, 4226, 118
-6090, 5170, -1272
-3364, 6962, 2580
-7538, 9050, 7870
-6058, 10572, 12034
3808, 1402, 5476
-476, 2370, 6882
734, 5832, 7688
-1092, 2936, 7580
-298, 2530, 7930
34, 2028, 8394
50, 1656, 8372
-176, 1438, 8208
494, 1448, 7694
828, 826, 7322
2512, 646, 6752
1202, 1278, 7184
3238, 928, 5472
736, 194, 8006
2162, 938, 8250
1492, 482, 8636
2012, 1330, 8764
1294, 1086, 7664
1496, 1550, 7692
1776, 1226, 7830
1724, 1278, 7620
2606, 1798, 7304
1344, 2260, 6340
2500, 3046, 7930
3078, 2570, 8574
2156, 2052, 6648
1932, 2996, 7692
1546, 2936, 7412
2450, 2564, 6960
2952, 2982, 6312
612, 3302, 7296
2146, 3538, 7924
592, 3268, 8536
-1092, 3700, 7088
3162, 1124, 9186
1500, 3098, 7732
1948, 2900, 7624
770, 1278, 5872
1918, 2552, 7886
1340, 1884, 9042
448, 2258, 9458
2352, 1336, 6522
2142, 1824, 9192
3598, 2124, 7454
1952, 1626, 5898
6254, -3656, -4066
-6616, -108, 6182
-7866, 282, 11140
-2508, -736, 7292
-3150, 654, 8228
-4924, 1276, 9862
-2280, 1964, 5380
-1638, 1604, 5628
-2082, 1286, 5658
-4846, 2314, 6760
-5734, 2756, 7312
-2946, 798, 5936
-3836, 618, 7434
-3204, 726, 7504
-2760, 1122, 7240
-2074, 1266, 7156
-2408, 972, 8538
-2212, 706, 7706
-2326, 1036, 7450
-2060, 1046, 7492

-----------------------------------------------
Date: 28.03.2017 - 15:43:26
End log file
