Terminal log file
Date: 24.03.2017 - 11:25:51
-----------------------------------------------

%~>daq start

 DAQ started.
%~>quit
%~>-1122, 8122, 1336
-798, 7612, 500
-264, 7840, 624
-2796, 8108, 2574
-2564, 7638, 2382
-2894, 7880, 2916
-3490, 7560, 2418
-3276, 7130, 2230
-3500, 6860, 1928
-4290, 6826, 2360
-4256, 6444, 1234
-4214, 6406, 1208
-3600, 5846, 652
-3662, 6054, -280
-3898, 6082, -184
-3814, 6162, 516
-3776, 6466, 536
-3094, 6638, 818
-4060, 6860, 796
-3858, 7636, 938
-4104, 7368, 1242
-3430, 8382, 2870
-5320, 7768, 2718
-5124, 5570, 4308
498, 6136, -3042
-5088, 6330, 5838
-2202, 7814, 2680
-2036, 6290, 4836
-2590, 6020, 3422
-3068, 6714, 4752
-1384, 6304, 2904
-1870, 7586, 4090
*NOTE-2017.03.24@11:25:52 - 1
-2060, 7552, 3620
-2498, 7240, 4144
-2510, 7014, 3802
-1932, 6810, 2586
-2148, 6846, 2098
-2588, 6730, 1846
-2570, 6764, 1502
-2550, 6754, 558
-3052, 6420, 196
-4060, 6464, 746
-4622, 6856, 1178
-4530, 7094, 854
-4884, 7876, 964
-4494, 8174, 1120
-3598, 7882, 694
-3456, 8410, 1020
-2926, 8420, 542
-2308, 8582, -2
-2096, 8316, -680
-2618, 8418, -50
-3082, 6978, 1042
-2498, 7018, 1452
-2218, 7560, 792
-1476, 7538, 0
-1646, 7386, 670
-1034, 7166, -1072
-1810, 10386, 5034
3480, 7478, 3678
422, 6758, 1962
-2966, 8076, 2802
-2524, 7846, 1158
-646, 8150, -566
-436, 7286, 418
-326, 6798, -206
-880, 7956, 434
-1268, 7834, 770
-1156, 7954, 762
-940, 8262, 842
-632, 8248, 428
-860, 8232, 798
*NOTE-2017.03.24@11:25:54 - 1
-856, 7960, 708
-904, 8050, 800
-1160, 8022, 1464
-1652, 7766, 2400
-1586, 8292, 3128
-928, 9010, 3532
-1532, 9110, 5058
-1106, 9086, 4788
-1584, 10018, 6192
-1346, 10558, 6852
-82, 10694, 6116
-216, 10328, 6318
-360, 9446, 6296
-460, 7722, 5892
-2582, 6838, 7630
-1476, 5608, 6142
-1748, 4058, 5420
-1416, 2742, 5734
-1540, 1448, 6274
-1516, 526, 6120
-992, -1050, 4794
-1344, -2078, 5252
-1252, -3096, 4608
-1300, -3880, 4272
-1532, -4902, 3218
-1874, -5410, 2374
-1350, -5932, 848
-1368, -6270, 902
144, -6696, -1380
520, -6678, -1708
764, -6936, -3022
1546, -7402, -4676
1506, -7216, -5314
1318, -7548, -5804
1192, -7454, -5692
1450, -7372, -4716
1304, -7332, -3212
1072, -7392, -2672
530, -6898, -1808
222, -6642, -314
1736, -6094, -778
860, -5726, 1282
1482, -5524, 6
-714, -3850, 3344
164, -3412, 3974
230, -2472, 3968
48, -1030, 5770
-108, -178, 6434
-432, -62, 6032
-612, 2574, 4850
-2112, 3940, 8016
-1290, 4284, 7994
-1482, 6032, 6264
-2324, 8272, 8710
-1510, 8278, 6678
-1474, 9966, 5704
-1354, 11220, 4332
-2934, 10958, 1542
-3524, 11442, 4856
-4304, 10656, 6592
-3500, 9932, 6716
0, 9542, 4332
1252, 9046, 4038
-88, 8092, 4618
-1218, 7780, 4456
*NOTE-2017.03.24@11:25:57 - 1
-1266, 8622, 3110
-1368, 9482, 2108
-2174, 9400, 2828
-1304, 9026, 3290
-1558, 10234, 4804
-1254, 10200, 4862
-1474, 9976, 6018
-1488, 10292, 6120
-1214, 9492, 6156
-1598, 8772, 6208
-1250, 7422, 6156
-1800, 5878, 7428
-1822, 4696, 6832
-2612, 3148, 6906
-2490, 2784, 7314
-2016, 1140, 6544
-1830, 48, 6248
-1176, -1298, 5560
-440, -2184, 4706
-1124, -3004, 5270
-1268, -3958, 4558
-308, -4578, 3222
-150, -5206, 2376
-262, -5732, 1590
56, -6226, 466
1220, -6716, -926
1004, -6882, -1080
1594, -7128, -3596
2046, -7540, -4188
1644, -7526, -3508
1792, -7608, -4540
2176, -7780, -5492
1466, -7750, -4566
578, -7636, -3688
472, -7140, -2240
634, -6716, -1676
894, -6852, -1204
-290, -6384, 1340
1716, -6226, -14
1420, -5140, 810
-254, -4514, 2912
-534, -3816, 3592
-902, -2504, 3720
-820, -1884, 4618
-892, -722, 4272
-2312, 656, 4594
-3324, 1958, 5164
-4258, 2762, 6592
-3138, 5562, 3972
-4462, 7632, 8116
-3318, 8668, 4888
-5456, 10298, 7168
-4962, 11204, 7030
-3592, 11646, 5546
-3302, 11608, 4744
-4254, 10942, 6206
-3326, 9880, 6666
-812, 9268, 4624
1616, 8618, 3148
186, 8208, 3706
-1494, 7980, 4222
*NOTE-2017.03.24@11:26:01 - 1
-1194, 8382, 3422
-1238, 8888, 2510
-2216, 8806, 3602
-1524, 9856, 3528
-1300, 10012, 4404
-818, 10054, 4492
-1110, 10300, 5498
-1034, 10104, 6168
-674, 9916, 5940
-818, 9044, 7586
-1176, 8306, 6868
-1184, 6940, 6588
-2458, 6044, 9120
-1322, 5182, 7138
-1984, 3824, 6798
-776, 2372, 5684
-442, 674, 5510
-408, -768, 5514
-474, -2262, 4396
-884, -3280, 4236
-636, -4348, 3274
-438, -4806, 3234
-380, -5970, 1402
-1056, -6310, 1490
-278, -6714, 410
752, -6474, -154
744, -6480, -962
592, -7422, -2494
692, -7862, -3204
1676, -7128, -3178
1018, -8118, -3688
696, -7550, -3678
2682, -7392, -6178
1936, -7236, -4692
2406, -7222, -3428
2364, -7348, -2740
1280, -7682, -2452
-68, -7044, -314
170, -7062, 288
518, -6020, 206
1278, -5762, -1092
-886, -4776, 1852
-950, -4548, 2390
-428, -3874, 2872
-252, -2150, 4010
-580, -1334, 4528
-732, 88, 5394
-1288, 538, 6680
-1416, 2904, 5052
-3030, 5186, 7450
-2836, 5954, 8138
-2978, 6292, 8364
-2958, 7494, 6926
-3240, 8272, 6464
-4682, 9024, 7982
-2152, 10066, 4856
-1848, 10122, 3740
-2448, 9970, 3876
-2654, 9948, 4560
-2800, 9806, 4662
-1406, 9706, 4140
90, 9146, 3004
-102, 8190, 2852
498, 8346, 1690
*NOTE-2017.03.24@11:26:04 - 1
-422, 8288, 2496
-246, 7992, 2058
-744, 7978, 3222
-772, 8384, 3244
-1308, 9108, 3174
-1588, 10146, 3930
-866, 10908, 3896
-872, 10788, 4654
-282, 11574, 4556
-54, 11538, 5052
1178, 10672, 4248
-1490, 9518, 6418
-3196, 8542, 6836
-3032, 7702, 6428
-3310, 6314, 6090
-2688, 5226, 5260
-1546, 4456, 5034
-2038, 1790, 6290
-1238, 208, 5692
-1462, -512, 6610
-768, -1198, 4752
-628, -2390, 4654
-66, -3656, 3950
-170, -4648, 3726
226, -5262, 2774
140, -5944, 2128
624, -6420, 942
70, -6654, 1178
452, -6914, -304
20, -7064, -624
98, -7374, -1682
146, -7434, -3186
176, -7678, -4016
1232, -7754, -5824
1456, -7646, -5444
1798, -7566, -4084
2046, -7492, -3820
1608, -7402, -2422
690, -7148, -1616
764, -6906, -1532
326, -6572, -488
1194, -6108, -1388
-274, -4520, -140
-1458, -4640, 2536
232, -3234, 2184
-190, -1786, 4406
-436, -1052, 5154
-1014, 258, 5710
-1686, 972, 6698
-1246, 2460, 6764
-1942, 4210, 8170
-1424, 5356, 7760
-2264, 6502, 9356
-1158, 7506, 6704
-3076, 8790, 7534
-3040, 8922, 6564
-2896, 9380, 5958
-2240, 10382, 5086
-1766, 10526, 3726
-2670, 10290, 3782
-3802, 9346, 4472
-1812, 9372, 3120
70, 9062, 2470
*NOTE-2017.03.24@11:26:07 - 1
732, 8780, 2602
-704, 8216, 3524
-668, 8238, 3286
-558, 8102, 2954
-1102, 8510, 2992
-958, 8934, 2276
-2212, 9270, 3168
-1986, 10284, 3940
-934, 10738, 4308
-302, 10458, 4770
-616, 10640, 5072
-2100, 10744, 5890
-2430, 10160, 5864
-1500, 8892, 5392
-3560, 7728, 6180
-2994, 6552, 5006
-2754, 5184, 5924
-3504, 3626, 6528
-3000, 2352, 7112
-1606, 1106, 6250
-1976, -188, 6564
-1380, -1370, 5720
-204, -1934, 4628
-636, -2852, 4208
-1450, -4126, 5048
1110, -4660, 2278
-98, -5336, 3228
-216, -5852, 2072
308, -6144, 750
-388, -6728, 1098
700, -6732, -728
1176, -7316, -1766
1422, -7298, -3038
990, -7534, -4532
1354, -7536, -5688
1454, -7504, -6054
1840, -7366, -5610
1824, -7414, -4690
1268, -7722, -3658
586, -7262, -2190
1096, -7426, -2782
386, -7132, -1768
924, -6026, -1672
254, -4494, -200
1038, -5000, -222
-58, -3696, 1728
-288, -2360, 3752
550, -1912, 5146
1102, -140, 5540
366, 528, 5842
-68, 1650, 6532
-1088, 3224, 7204
-38, 3742, 6206
-4406, 6290, 5508
-6758, 7624, 8094
-5620, 8938, 7842
-4652, 10338, 6952
-4118, 10474, 7512
-3026, 10578, 5566
-2946, 10338, 5234
-2914, 9900, 4500
-2428, 9800, 4212
-1696, 9396, 3610
-1218, 8684, 2996
-1400, 8412, 3066
-1232, 8198, 2372
*NOTE-2017.03.24@11:26:10 - 1
-1378, 8170, 2636
-1004, 7978, 2002
-1034, 7884, 2558
-1580, 7762, 2956
-2476, 8640, 3136
-1702, 9750, 1442
-2420, 9278, 2912
-2062, 9456, 2478
-1938, 9652, 3074
-2070, 9698, 4138
-2452, 9632, 5054
-2838, 9594, 5414
-2708, 9300, 6200
-3116, 8564, 6846
-2206, 7820, 6320
-1520, 7334, 6498
-2202, 5644, 6572
-1814, 4440, 6564
-1334, 2930, 6158
-1628, 2074, 7492
-258, 958, 6328
52, -340, 6622
-576, -1060, 7066
66, -1432, 6114
244, -2358, 4608
-270, -3798, 3578
26, -4714, 1670
-848, -6104, 1456
-1256, -6480, 1116
-852, -6500, 158
-226, -6848, -914
468, -7092, -1902
776, -7218, -2200
1566, -7776, -3502
1774, -7462, -4464
1880, -7980, -5674
1438, -7528, -4462
1616, -7518, -3738
914, -7296, -3054
1164, -7020, -2438
220, -6514, 60
1294, -6886, -1308
-682, -5768, 1472
-86, -5206, 92
-1048, -4566, 1534
-2246, -3490, 4402
-394, -2744, 4262
638, -1696, 4798
584, -708, 5664
-42, 1018, 6372
-658, 1872, 6354
-548, 3574, 6634
-1560, 4710, 7594
-1362, 6806, 6238
-2720, 7794, 7700
-2154, 8510, 6022
-3192, 9582, 7346
-1720, 10432, 5420
-1608, 11306, 4556
-2348, 10526, 3834
-3066, 10682, 5266
-3200, 10250, 5558
-1138, 9794, 3984
74, 8942, 2954
-288, 8362, 3102
*NOTE-2017.03.24@11:26:13 - 1
-366, 7858, 2588
-558, 7614, 3564
-634, 8294, 3704
-950, 8322, 3688
-1754, 9216, 4542
-842, 9854, 4218
-890, 10358, 4650
-1220, 10760, 4874
-1012, 11280, 5536
-1214, 11232, 5888
-398, 10592, 5612
-574, 9482, 5802
-768, 8332, 5868
-602, 7182, 6404
-116, 5384, 6234
-202, 4418, 7402
1218, 3370, 5426
504, 2260, 6822
1658, 756, 6172
604, -238, 6818
960, -1936, 5848
760, -2062, 4986
464, -3362, 4574
328, -4202, 3924
642, -4834, 1928
-334, -5708, 2046
162, -6240, 210
-1280, -6690, 1370
-568, -6992, -652
-498, -7318, -1420
-526, -7422, -2204
-738, -7868, -3090
-634, -7736, -3904
-352, -7966, -4368
-184, -7802, -3830
116, -7646, -3524
-630, -7604, -1694
216, -7192, -1812
-86, -6952, -998
-338, -6328, -504
-806, -5756, 792
-404, -4842, 1458
74, -4042, 2262
1012, -3552, 2780
950, -2022, 4158
-558, -1450, 6230
-604, -546, 7050
-184, 590, 5270
-1634, 1794, 6510
-1944, 3292, 5720
-2462, 4326, 6694
-3208, 5944, 5914
-3696, 7548, 6172
-4596, 8694, 5744
-5652, 10246, 7556
-3104, 10898, 4158
-3404, 10894, 4252
-4178, 10654, 5454
-3676, 10128, 5180
-2158, 9786, 4172
-890, 9476, 3726
104, 8796, 2794
-208, 8056, 2474
*NOTE-2017.03.24@11:26:16 - 1
-636, 8038, 2610
-1496, 7844, 3764
-1366, 8282, 3218
-2080, 8576, 3318
-1850, 8908, 3332
-1958, 9808, 3828
-2020, 9652, 4328
-1716, 9844, 4252
-2018, 9876, 4456
-3026, 9906, 5762
-3484, 9558, 5852
-3146, 8892, 5604
-3610, 7802, 6444
-2330, 7598, 6664
-1838, 6358, 6870
-1448, 5294, 7296
-1184, 3264, 6868
-1242, 2750, 8104
-12, 1248, 6944
-438, 154, 6928
-432, -852, 6022
-728, -1680, 5532
-746, -2652, 5306
-368, -3790, 3648
-654, -4530, 3492
-4, -5268, 1844
-718, -5896, 2048
-176, -6536, 508
-576, -6768, 326
142, -7398, -2280
-450, -7132, -1818
-482, -7096, -2334
132, -7760, -4002
1130, -7916, -5228
1304, -7548, -6042
1162, -7334, -5412
1298, -7338, -5766
1054, -7310, -4364
588, -7008, -2686
718, -6792, -1954
-66, -5856, -790
946, -5638, 200
272, -3606, -152
-672, -3024, 2986
-882, -2616, 1964
-678, -868, 3030
-1002, 526, 5652
-1104, 2370, 5790
-1706, 3898, 7006
-2022, 4418, 9064
-1470, 6122, 6372
-2218, 7818, 8150
-1632, 8630, 6352
-1846, 10734, 6780
-2006, 10798, 4936
-2472, 11294, 5214
-2792, 11786, 4830
-3234, 11214, 5442
-2666, 10468, 5468
-898, 10008, 4402
284, 8946, 3734
-760, 8590, 4142
*NOTE-2017.03.24@11:26:20 - 1
-1550, 8148, 4322
-1568, 8354, 3898
-1592, 8776, 3302
-2116, 9308, 3638
-1860, 9800, 4022
-1622, 10556, 4198
-1606, 10792, 4990
-1410, 11148, 5520
-1176, 11126, 4910
-1788, 10318, 5474
-2016, 9706, 5812
-1704, 7708, 5490
-948, 6632, 5302
-1598, 5522, 6972
-2118, 3916, 6262
-1278, 2900, 6350
-570, 1500, 6456
-874, 614, 7610
690, -500, 6292
-124, -1322, 6682
506, -2330, 4910
482, -3122, 4164
-312, -4014, 4372
438, -4866, 2264
-1040, -5430, 2952
-812, -5926, 1412
-1076, -6814, 460
-498, -7330, -576
140, -7194, -730
478, -7330, -2286
-86, -7340, -2472
434, -7544, -4134
384, -7818, -5314
-280, -7454, -5386
250, -7454, -6324
696, -7688, -5798
-24, -7122, -3890
728, -7324, -3896
-340, -6306, -1298
180, -5704, -1670
-240, -5228, 684
-450, -4518, 3240
694, -4224, 2138
2, -3454, 4076
-254, -1964, 5112
-852, -1154, 4738
-1012, 444, 4478
-2274, 546, 5528
-2308, 2212, 3628
-6728, 4286, 8168
-4974, 4994, 7476
-4334, 6954, 7588
-3964, 7850, 6074
-4642, 8502, 7280
-3270, 9778, 4140
-3528, 10210, 3934
-3064, 11036, 3830
-2694, 12026, 4914
-2184, 10972, 4494
-1382, 10290, 4524
-814, 9458, 4354
-100, 8840, 3870
-38, 8400, 3558
*NOTE-2017.03.24@11:26:23 - 1
-868, 8230, 3822
-460, 8470, 3322
-532, 8802, 2974
-1424, 9556, 3840
-1368, 10308, 3884
-1336, 10918, 4280
-520, 10904, 3704
-1670, 10602, 4730
-1560, 10488, 5088
-1362, 9754, 5316
-1478, 8762, 5942
-1104, 7786, 6094
-774, 6392, 6448
-736, 5026, 6252
-892, 4410, 6972
-274, 3272, 6382
-314, 2336, 6950
-340, 1178, 7496
-870, -22, 7926
128, -894, 6114
-374, -1510, 6424
420, -2588, 4926
-124, -3372, 4626
-46, -4232, 3510
306, -4766, 1758
-344, -5706, 1050
12, -6378, 62
322, -6856, -720
198, -7000, -908
440, -7244, -2530
86, -7336, -3508
850, -7412, -4314
938, -7818, -6358
76, -7518, -6812
-94, -7330, -6218
-142, -7566, -6066
-88, -7488, -4784
-20, -6876, -3806
-186, -6552, -2340
584, -5828, -1422
368, -5108, 244
1616, -4642, -860
972, -3660, 1780
686, -2664, 3978
564, -2020, 4534
524, -152, 3754
-1842, 606, 7664
-830, 2196, 5878
-1744, 3602, 8352
-1354, 4128, 7388
-1984, 5332, 8504
-1872, 6650, 7160
-2394, 7546, 7056
-2710, 8612, 6490
-3318, 9502, 6158
-2344, 10526, 4746
-2064, 10484, 3730
-2852, 10920, 4212
-2938, 10338, 4784
-2298, 10248, 4772
-1110, 8916, 3816
-594, 8406, 3930
-370, 7988, 3322
-1706, 8386, 3308
-1278, 7962, 3538
*NOTE-2017.03.24@11:26:26 - 1
-902, 8432, 3114
-1790, 8542, 3668
-2036, 9884, 4232
-882, 10752, 3404
-926, 10156, 4160
-1874, 10142, 5332
-1358, 10942, 5350
-1924, 10758, 6342
-1780, 9586, 5610
-1636, 8702, 5754
-1300, 7214, 5644
-1934, 6246, 6392
-1764, 4682, 6244
-1914, 3040, 5518
-2210, 2446, 6094
-1466, 870, 7146
-456, 796, 7802
1198, -488, 6208
1102, -1268, 5786
1260, -2862, 4330
578, -3290, 4798
-296, -4266, 3718
-490, -5224, 1456
-1058, -6020, 1048
-46, -6600, -474
186, -7054, -634
-256, -6986, -1476
-610, -7020, -2196
-234, -7522, -4194
-340, -7834, -4068
1226, -7724, -6400
1858, -7196, -5740
1790, -7498, -4488
1176, -7536, -4090
846, -7134, -3480
652, -6908, -3432
-232, -6880, -2196
-414, -6616, -1452
-906, -6204, 410
-1068, -5322, 1062
-1282, -4790, 2394
-600, -4612, 3446
680, -3644, 4944
2192, -2348, 5300
1718, -804, 6810
2184, -798, 3250
1000, 1508, 5280
240, 2512, 7040
862, 3964, 3982
-2300, 7022, 9268
-1648, 6306, 6816
-2860, 8836, 8540
-3138, 8560, 6258
-3336, 10080, 6742
-1654, 10996, 3552
-3196, 10934, 4048
-2856, 11012, 4634
-3122, 10754, 5582
-1758, 10172, 5164
246, 9196, 4082
664, 8234, 3322
*NOTE-2017.03.24@11:26:29 - 1
-246, 8248, 3402
-1188, 8070, 3382
-880, 8238, 3054
-976, 8714, 2654
-1578, 9328, 3646
-772, 9470, 2992
-1338, 10488, 4546
-372, 10312, 3984
-1656, 10254, 5556
-1682, 10020, 4864
-2452, 9778, 5756
-2466, 8926, 5886
-1772, 8484, 5892
-2198, 6966, 6058
-1124, 6128, 6486
-1460, 4884, 7442
-782, 3568, 7168
-1224, 2548, 7540
-54, 1214, 6898
230, -268, 6694
328, -1088, 6266
190, -2260, 5716
-668, -2942, 5688
-6, -3518, 3948
-312, -4442, 3394
-312, -5564, 2184
-450, -5840, 2288
-266, -5906, 908
124, -6642, -36
772, -6720, -1326
852, -7280, -2328
846, -7552, -3616
1438, -7722, -4848
382, -7446, -4624
818, -7704, -5350
1798, -7774, -5664
1566, -7452, -4560
586, -7786, -3716
108, -7262, -2488
420, -7120, -2522
314, -6924, -1800
42, -6012, -354
174, -5484, 548
-90, -4678, 2448
204, -3576, 2480
-642, -2900, 4034
-36, -2338, 4230
-644, -1082, 4826
-646, 374, 4002
-3074, 1694, 6194
-3954, 3300, 7462
-3944, 4404, 7860
-3448, 5748, 7322
-3806, 7014, 6436
-5108, 8238, 6984
-4782, 8872, 6048
-4210, 9158, 6924
-2022, 10140, 3706
-2584, 10232, 3352
-3736, 10450, 3782
-4040, 10374, 3670
-2998, 9512, 3102
-1148, 9420, 1868
-440, 8984, 2056
-952, 8572, 3016
-924, 8340, 3854
*NOTE-2017.03.24@11:26:32 - 1
-944, 8108, 3902
-1002, 9008, 2972
-1508, 9008, 3088
-910, 9654, 2674
-1134, 9678, 3430
-902, 10186, 2876
-906, 10286, 3556
-960, 9770, 3738
-1976, 9264, 4500
-2342, 9304, 5078
-2490, 8490, 5700
-2350, 7930, 7022
-2598, 6788, 6412
-3626, 6354, 6226
-3298, 5620, 6778
-3060, 4594, 7558
-2206, 3810, 7834
-250, 2784, 6876
-994, 1366, 9584
1288, 812, 6404
1118, -110, 6192
1008, -1356, 4438
546, -2572, 3966
516, -3924, 3162
-110, -5026, 2596
-330, -5574, 1884
-928, -6130, 2072
-328, -6842, 554
-510, -6930, -750
-384, -6976, -1844
64, -7218, -2518
572, -7234, -3706
1058, -7424, -5280
1300, -7584, -5862
1388, -7386, -5754
1836, -7624, -5938
572, -7222, -4370
-72, -7382, -3990
-166, -6902, -3328
-682, -6690, -1814
-1520, -6320, 474
-540, -6036, -38
92, -4784, 1322
1686, -3326, 1126
1980, -1910, 2492
1966, -1264, 3116
-442, -292, 5692
850, 1562, 5900
2674, 2394, 6404
2158, 4994, 7396
374, 5626, 8700
530, 6604, 7196
-1686, 8652, 8972
-1310, 8282, 5680
-3246, 10404, 7150
-2988, 10594, 5946
-2734, 11020, 5270
-2188, 11298, 4560
-2218, 10542, 4600
-2316, 10150, 5064
-1644, 9342, 4510
-988, 8726, 3866
-748, 8304, 3532
*NOTE-2017.03.24@11:26:36 - 1
-1472, 7922, 4016
-1670, 8182, 3942
-1838, 8400, 3336
-1946, 8620, 3262
-1740, 9416, 3408
-1566, 9838, 4028
-1598, 9784, 4540
-2358, 9820, 5950
-2390, 10148, 5392
-3052, 10120, 6736
-2476, 9646, 6846
-1968, 8630, 6544
-1604, 7070, 6086
-1270, 5918, 7488
-568, 4924, 7246
-118, 3694, 7016
-352, 2524, 7130
46, 1354, 6874
134, 262, 6948
-726, -932, 5622
-748, -1868, 4742
468, -2924, 3164
800, -3914, 3044
1938, -4748, 2148
1302, -5750, 2064
1060, -5994, 190
-394, -6554, -240
-180, -6890, -948
-466, -7184, -934
70, -7440, -2796
-246, -7410, -3476
264, -7662, -4746
902, -7468, -6006
960, -7558, -5834
1366, -7656, -5352
938, -7366, -4160
728, -7294, -4068
-448, -6998, -1764
-330, -6662, -1480
-108, -6010, -1390
-256, -4862, 288
-132, -4168, 1230
-390, -3252, 2538
-396, -2124, 3302
-752, -862, 5330
-552, 352, 5314
-714, 1510, 7030
-224, 1678, 6508
-974, 4300, 8260
-1604, 5356, 7560
-1456, 7348, 6760
-3470, 8070, 9160
-3000, 8566, 6468
-2914, 9664, 6212
-2464, 10158, 5736
-1690, 11250, 4544
-1688, 11028, 3520
-3440, 10616, 5112
-3278, 9590, 4982
-1286, 9202, 3684
50, 8946, 3134
*NOTE-2017.03.24@11:26:39 - 1
-260, 8236, 3394
-1170, 8384, 4030
-1142, 8372, 4052
-734, 8568, 3838
-1162, 8846, 3988
-1562, 9678, 3742
-2362, 10492, 4244
-1820, 10314, 3792
-2354, 10310, 4540
-2562, 10372, 5068
-2162, 10158, 4434
-2072, 9470, 4970
-1932, 8030, 5756
-1418, 7454, 6364
-1420, 6192, 6464
-744, 5418, 6800
-712, 4136, 7532
-872, 2934, 7130
-416, 1968, 7286
788, 1106, 6394
-216, -320, 7122
72, -1074, 6536
178, -1802, 5610
-128, -2928, 5230
-226, -3452, 4980
302, -4200, 2966
188, -4894, 2000
-20, -5282, 1274
8, -6310, -138
-692, -6662, -508
-360, -6920, -1210
56, -7112, -1814
812, -7290, -3860
2346, -7698, -6066
1724, -7294, -5684
2848, -7218, -7034
2486, -6928, -5682
1874, -7022, -4838
1080, -7388, -4308
770, -7166, -4060
128, -6780, -3006
156, -6734, -2692
-430, -6576, -568
-84, -5708, 160
1024, -5024, 270
1100, -4298, 888
-306, -3992, 4270
536, -2918, 3708
266, -1982, 5702
858, -1050, 5712
-24, 136, 5478
-1500, 1274, 6852
-2536, 1954, 8632
-3302, 2154, 7112
-4042, 4444, 7068
-4524, 4904, 7448
-4742, 5644, 8750
-3082, 7108, 5350
-4844, 7918, 7248
-1974, 8548, 4014
-2782, 9676, 4326
-3478, 10194, 4324
-3516, 9936, 4002
-3510, 9906, 4566
-3270, 9412, 5184
-2408, 9520, 5290
-922, 8586, 4752
574, 7850, 3458
*NOTE-2017.03.24@11:26:42 - 1
1050, 7770, 1932
346, 8486, 1504
34, 8210, 1220
-862, 8284, 2504
-850, 8946, 2378
-1496, 8242, 2526
-1612, 8242, 2712
-1704, 8628, 1904
-2458, 9206, 1696
-3604, 8890, 2230
-2612, 7822, 2002
-1264, 6042, 1548
-1234, 4724, 2482
-556, 4254, 2484
372, 4452, 3128
2322, 4840, 1616
-4, 6274, 4778
150, 6234, 4096
-874, 7336, 5606
-180, 4652, 2864
-928, 5200, 7858
-1984, 3244, 4600
-11004, 7532, 20562
-1636, 4318, 8470
-1648, 2592, 7920
-2248, 1054, 8054
-2124, 1138, 7964
-2452, 1078, 9440
-1542, 286, 6042
-1156, -1944, 10764
-2120, -294, 7772
250, -188, 8772
-1606, -1040, 8394
1474, 492, 7922
-370, -656, 9240
2704, -784, 7500
3012, 36, 7302
3504, 892, 5272
2906, 922, 6750
2976, 248, 6236
2600, 966, 8396
3192, 402, 7224
2738, 282, 8006
3014, -430, 6762
2914, -172, 7580
2960, -40, 8048
3080, 646, 7750
2940, 936, 7436
3596, 1298, 6540
3076, 1196, 7896
3556, 1768, 6006
3914, 2540, 6208
3924, 1636, 5490
3948, 1426, 6602
4576, 2176, 7968
4398, 1104, 7590
4092, 1044, 6242
4240, 1210, 6392
3514, 1236, 6912
3942, 1288, 5692
2508, 908, 7464
2420, 932, 7838
3558, 440, 8090
2258, 88, 7268
2846, 298, 8060
2228, 402, 7034
3350, 30, 7650
2458, -4, 7462
2012, 622, 8224
2676, 1072, 6362
1824, 1482, 8220
1638, 1682, 5836
624, 1140, 9364
2026, 2334, 8560
66, 1288, 9432
3380, 1544, 9248
3636, 2330, 10314
1106, -114, 4960
-3594, -2960, 9550
-2786, -2234, 4514
-1376, -2366, 4000
-1710, 1418, 9464
-2946, 2172, 8452
-3222, 2852, 7640
-2464, 3456, 7556
-4562, 4082, 9878
-1152, 640, 7506
-1604, -270, 8390
-364, -810, 6794
-56, -1742, 5354
-1478, 478, 7138
-2928, 730, 8108
-1822, 118, 7360
-2722, -580, 6802
-2920, -752, 6600
-5456, -1174, 7294
-3476, 758, 7670
-4014, -1096, 5906
-4480, -426, 7316
*NOTE-2017.03.24@11:26:47 - 1
-1820, 240, 7512
-2692, -22, 7462
-3964, 742, 7704
-2804, -640, 6764
-3512, 158, 7520
-4354, -158, 7028
-3156, -726, 6710
-4060, -148, 7064
-4082, 294, 6804
-6540, -802, 4868
-7458, -1872, 4482
-7982, -1310, 4014
-7102, -866, 2804
-8018, 904, 4964
-8230, -144, 2582
-8534, -1324, 1198
-8238, -1738, -34
-8054, -1458, 1246
-7914, -840, 2006
-6522, -1926, 980
-7086, -1112, 504
-7214, -2262, -1542
-7520, -1906, 280
-7618, -1846, -168
-7492, -1666, 590
-8132, -1958, 144
-7650, -2224, -412
-7574, -2074, 226
-7772, -1898, 408
-8000, -1768, 194
-7020, -1976, 508
-8446, -1648, 1156
-7876, -1456, 888
-7572, -1976, -52
-7916, -1646, -82
-7922, -1610, 528
-7716, -1422, 434
-7770, -1584, 88
-7780, -1610, 54
-7876, -2102, -782
-8206, -1056, -374
-7986, -1578, -620
-7466, -1766, -572
-8070, -1148, 840
-7968, -1526, 872
-7918, -1434, 162
-8228, -1382, 490
-7692, -1464, -70
-7402, -1426, -458
-7986, -1498, 222
-8046, -1618, 254
-8204, -1462, 210
-7914, -1302, 524
-8022, -1438, 212
-8038, -1304, 450
-7918, -1738, -154
-7782, -1480, -52
-7908, -1510, 182
-7912, -1468, -48
-7968, -1502, -38
-7772, -1576, -218
-7836, -1548, -306
-7780, -1540, -184
-7732, -1390, -56
-7904, -1616, -600
-7940, -1648, -174
-7812, -1460, -270
-7546, -1948, -422
-8288, -1616, -202
-7912, -1502, 112
-8176, -1580, 490
-8196, -1448, 536
-8006, -1494, 878
-7452, -1528, 704
-7752, -1482, 1274
-7510, -1506, 1150
-8022, -1460, 1760
-7444, -1552, 1304
-7316, -1560, 1412
-7424, -1470, 1850
-7472, -1502, 1662
-7914, -1510, 1442
-8076, -1698, 1126
-7680, -1784, 912
-7612, -1856, 138
-7464, -1872, -4
-7766, -1854, 182
-7824, -1768, 122
-7782, -1806, 190
-8044, -1614, 412
-7874, -1674, 248
-7704, -1742, 240
-7820, -1606, 236
-7982, -1230, 1640
-7940, -1710, 582
-7950, -1734, 228
-7684, -1760, 328
-7854, -1792, 630
-7696, -1866, 408
-7772, -1764, 382
-7858, -1860, 222
-7728, -1916, 214
-7882, -1906, 336
-7674, -2018, 208
-7506, -1992, 198
-8062, -1906, 534
-7620, -1868, 398
-8100, -1656, 1332
-7544, -1798, 320
-7806, -1876, 1026
-8000, -1840, 334
-7714, -1918, 378
-7740, -1804, 820
-8022, -1840, 686
-7628, -1896, 596
-7742, -1736, 684
-7914, -1814, 632
-7644, -1438, 1044
-7772, -2284, -48
-7914, -1766, 1376
-7576, -1774, 1040
-8174, -2018, 966
-7808, -2096, 52
-7570, -1666, 796
-7854, -1948, 678
-7490, -1412, 1530
-7810, -1666, 1556
-8348, -1818, 572
-7820, -1848, 684
-6972, -2076, 1088
-7666, -1548, 842
-8076, -1786, 654
-7738, -2006, 1670
-8136, -2106, 596
-7942, -1840, 770
-7168, -2240, 628
-8222, -1666, 1342
-7878, -1670, 894
-8096, -1968, 1552
-7790, -1700, 858
-6974, -2170, 424
-7794, -1452, 758
-7808, -1920, 924
-8154, -1736, 1352
-7440, -1864, 392
-7818, -1660, 1216
-7452, -1742, 1126
-7666, -1808, 1350
-7734, -1690, 1370
-7566, -1530, 1660
-7788, -1784, 2764
-7434, -1634, 2422
-7596, -1384, 2536
-8094, -1612, 2162
-7066, -1944, 918
-7582, -1690, 1570
-7128, -1478, 1322
-7980, -1618, 2088
-7758, -1472, 1322
-7536, -1522, 1130
-7980, -1278, 1826
-7432, -1268, 1666
-7410, -1468, 882
-7684, -1684, 1086
-7598, -1866, 718
-7768, -1346, 1530
-8106, -1812, 1402
-7748, -1738, 932
-7724, -1760, 786
-7896, -1674, 1374
-7086, -1352, 1030
-7386, -1750, 1718
-7174, -1864, 824
-7606, -1980, 828
-7782, -2280, 572
-7918, -2248, 1302
-8284, -1890, 2174
-6584, -2108, 1788
-6738, -2310, 2816
-6618, -1910, 3704
-6652, -2116, 3716
-6498, -2040, 3528
-7058, -1906, 3670
-6864, -1900, 3978
-6404, -2110, 3474
-6960, -1918, 4328
-6324, -2268, 3286
-6448, -2016, 4126
-6376, -1984, 4098
-6282, -2048, 4210
-6372, -2032, 4462
-6088, -2026, 4374
-6254, -1966, 4428
-5956, -2004, 4574
-5722, -2046, 4958
-5798, -2118, 5072
-5676, -2044, 5094
-5542, -2060, 5452
-5180, -2020, 5386
-5240, -2078, 5142
-5594, -2044, 5406
-5124, -2052, 5618
-5226, -2108, 5616
-5602, -2098, 5838
-4742, -1974, 5358
-5580, -2164, 6310
-4738, -1940, 5962
-4528, -2104, 6044
-4774, -1892, 7260
-3974, -1880, 7004
-2834, -1970, 6760
-2676, -1834, 6894
-2304, -2174, 7606
-2362, -2418, 7558
-1820, -3278, 7524
-1724, -3782, 5480
-1778, -3316, 6144
-862, -3204, 5176
-4284, -870, 8802
-1576, -900, 7598
-3026, 566, 8250
-3354, 1500, 7988
-3646, 1546, 8328
-1846, 1510, 7302
-3102, 1888, 7774
-2662, 1812, 7890
-1374, 500, 5380
-1530, 578, 6346
-2654, 430, 7944
-1576, 544, 8032
-1814, 528, 8042
-2124, 630, 7754
-2078, 346, 7410
*NOTE-2017.03.24@11:26:59 - 1
-2378, 552, 7448
-1880, 382, 7286
-2274, 872, 7600
-2676, 510, 7758
-2396, 286, 6954
-2444, 212, 7616
-1842, 406, 7516
-1512, 528, 7686
-1704, 460, 7758
-1734, 832, 7400
-2130, 480, 7198
-2424, 1084, 7212
-2456, 1640, 8148
-2362, 2784, 8180
-3754, 2934, 6062
-4694, 1958, 6508
-4240, 1902, 6792
-3596, -150, 6594
-3402, 106, 6868
-3158, -524, 6432
-3160, -130, 6238
-4710, -2056, 5180
-212, -1178, 5014
-2522, 178, 10338
-4954, -244, 11648
-2280, -1092, 8516
-1238, -1392, 7682
-1352, -18, 7944
-956, -1252, 7144
-2498, -826, 8718
-662, -344, 7202
-1286, -1312, 8166
-1160, -2034, 7610
-952, -1996, 8166
-1344, -2258, 8180
-1300, -2388, 8276
-640, -3044, 7926
-1210, -2162, 8378
-1450, -1856, 8720
-1712, -1378, 8106
-1124, 1928, 8462
46, 4416, 7430
-1184, 6088, 6638
-1728, 6064, 5240
-1970, 5858, 5612
-2020, 4440, 4150
-410, 4604, 3496
-1918, 5806, 1750
-6824, 7904, 2412
-8936, 7520, 5968
-4712, 6498, 3044
-5920, 5148, 1560
-4506, 6824, 1172
-9908, 3666, 4766
-3480, 4658, 50
-2534, 5090, -72
-6110, 6124, -2820
-7346, 5544, -4960
-7054, 5958, -982
-3456, 4616, -470
-3990, 5634, -406
-3050, 7876, -2374
-4768, 7178, -372
-4346, 6594, -980
-9302, 5422, 13624
280, 6250, -2456
1000, 6710, -2416
-2304, 8236, 1262
-3900, 9638, 1668
-2844, 8394, 2054
*NOTE-2017.03.24@11:27:02 - 1
468, 7690, 1292
1020, 7990, 1658
1316, 7950, 1488
1712, 8296, 1092
1558, 8146, 1026
1218, 7998, 756
964, 8140, 466
470, 8102, 1402
-438, 8052, 3050
-756, 8918, 4152
-1542, 9436, 4602
-3062, 9408, 5438
-3678, 9354, 5768
-3940, 9402, 5534
-3492, 10244, 5474
-3176, 9788, 5414
-3192, 9744, 5688
-3220, 8830, 6872
-2530, 7744, 6206
-1210, 6368, 6274
-2336, 4836, 7276
-1534, 3346, 6632
-1380, 2436, 6040
-1720, 1106, 6596
-1066, -148, 5916
-1036, -934, 5638
-1368, -1956, 5408
-1300, -2878, 4552
-1030, -3630, 3426
-802, -4456, 2346
-1022, -5540, 1546
-886, -5844, -104
-688, -6736, -1454
-938, -6976, -1808
52, -7164, -3030
1234, -7604, -4682
1400, -7790, -4964
1302, -7622, -5474
1142, -7758, -5262
1066, -7324, -4274
566, -7866, -3258
-164, -7060, -2778
-166, -6870, -1962
-768, -6594, 6
-128, -6660, -478
-540, -5684, 410
-202, -4824, 562
-690, -3870, 2446
-544, -2742, 3056
158, -1518, 3050
-624, -306, 4776
-1080, 1164, 5378
-1970, 2698, 6834
-2324, 3494, 6826
-1944, 5906, 6504
-3572, 7742, 8578
-3850, 7766, 7712
-3562, 9024, 6838
-3936, 9624, 7234
-3350, 10290, 5396
-3080, 10296, 5022
-2256, 10282, 3804
-2848, 10536, 4558
-2666, 10320, 4674
-1340, 9514, 4026
514, 8704, 2350
596, 8722, 2392
-498, 8412, 3138
*NOTE-2017.03.24@11:27:06 - 1
-678, 8234, 3070
-416, 8330, 2432
-280, 8022, 2464
-1050, 8338, 2696
-1522, 8888, 3152
-1378, 9468, 3716
-1950, 10084, 4254
-488, 9812, 3374
-628, 9442, 4460
-1110, 9332, 5006
-1188, 8850, 5220
-978, 8318, 5192
-1830, 7974, 6410
-462, 5960, 5998
-1442, 5800, 7780
-1834, 5282, 7420
-1902, 4808, 7822
-1292, 3758, 7992
-574, 2604, 6562
-1200, 1514, 7606
-792, 334, 6570
-878, -534, 5910
-440, -1830, 4670
-424, -3072, 4860
-1120, -3970, 4838
-2054, -4416, 5440
-2210, -5092, 4172
-2478, -5800, 3696
-1748, -6008, 2692
-1506, -6380, 2102
-1638, -6660, 2096
-756, -7138, 1234
-1182, -6870, 1350
-1426, -6946, 1000
-592, -7346, -1378
-1432, -7248, -2004
-746, -7584, -4070
90, -7070, -5434
282, -7216, -5554
978, -6658, -5978
482, -6714, -4692
1288, -6296, -4392
1848, -4596, -3272
-422, -3120, 80
-1460, -1722, 2440
-1960, -1644, 3522
-2264, 350, 3462
-3796, 1342, 6250
-4230, 2098, 7168
-3638, 4118, 6354
-4820, 5242, 8404
-3776, 6150, 6928
-3744, 7544, 7098
-3758, 9178, 8332
-2980, 8566, 5432
-3240, 11054, 6420
-2664, 10208, 4530
-2464, 10572, 4558
-2482, 10244, 4466
-2026, 9898, 4250
-986, 9298, 3056
232, 9048, 2344
-332, 8686, 3092
-1112, 8434, 3770
-390, 8380, 3194
-752, 8310, 3060
90, 8138, 3156
-884, 8578, 3082
*NOTE-2017.03.24@11:27:09 - 1
-1586, 9652, 4222
-56, 9370, 3084
-46, 10476, 4250
-460, 12040, 5182
60, 11652, 5114
1176, 11626, 4954
-1620, 10292, 5946
-2182, 8954, 7952
-1656, 7572, 6972
-710, 6894, 5298
-1106, 5490, 7362
230, 3808, 6520
796, 3144, 5382
66, 1812, 7334
2180, 136, 5252
1604, -1108, 6044
2500, -2138, 4410
1854, -3300, 4770
1132, -3590, 4780
1308, -4088, 4230
1910, -5628, 2004
362, -5894, 1610
106, -6234, 870
-508, -6824, 132
-1222, -6894, -488
-1310, -7136, -872
-534, -7734, -2664
-870, -7644, -3112
-1084, -7812, -4626
-966, -7770, -6290
-1100, -8024, -6202
-688, -7842, -5412
-786, -7592, -4220
-1320, -7618, -3160
-1130, -6836, -2506
-842, -6890, -658
-274, -6226, -766
1220, -5904, -230
270, -4260, 1824
112, -4496, 2870
1234, -3388, 2218
372, -2214, 4696
810, -1492, 4532
584, 122, 4640
-3712, 1416, 9950
-908, 2002, 4960
-1422, 3320, 7190
-504, 4094, 6702
-60, 5322, 6792
-1338, 6654, 6636
-1594, 8292, 6542
-2226, 9246, 6312
-1920, 10124, 4556
-2060, 10892, 4530
-1730, 11650, 4066
-1608, 11804, 4188
-1392, 11370, 4538
-768, 10268, 4532
206, 9274, 4040
1112, 8816, 3692
1304, 8994, 3112
700, 8756, 2546
392, 8438, 1670
-364, 8366, 2146
1258, 8334, 1586
*NOTE-2017.03.24@11:27:12 - 1
-10, 8998, 1972
-852, 9116, 3486
-642, 9822, 3590
-950, 10878, 4672
-70, 10628, 5038
-438, 10596, 4812
-784, 10614, 5290
-1460, 9714, 5910
-444, 8910, 5502
-1054, 7558, 5612
-1000, 6370, 6362
-850, 5600, 7126
-498, 4126, 7404
-914, 3386, 8302
-352, 2540, 6762
-608, 1152, 6830
390, 20, 6358
1292, -1078, 5376
684, -2208, 5252
772, -2894, 3738
-494, -3900, 3276
-728, -5288, 1964
-506, -5650, 1454
-988, -6144, 1126
-1048, -6974, -240
-894, -7396, -944
-976, -7552, -1474
-574, -7400, -2568
-368, -7648, -3134
198, -7564, -4462
634, -7472, -5692
386, -7820, -5428
542, -7352, -4288
516, -7494, -3888
-606, -7326, -2428
-360, -7316, -2606
-404, -6600, -1504
-1102, -6280, -490
-316, -5708, -592
-800, -4396, 2684
530, -4612, 1966
380, -4198, 2984
-206, -2686, 6036
122, -2090, 4330
-116, -394, 4626
226, 710, 4952
-842, 2266, 4998
-2316, 3924, 6660
-3488, 5994, 7238
-5664, 6666, 8570
-4510, 7876, 5752
-6400, 8866, 8830
-3780, 9570, 5710
-3760, 10154, 5450
-3366, 10302, 4648
-3530, 10396, 5014
-3386, 10728, 4950
-1286, 9940, 4160
426, 9304, 3638
320, 8672, 3610
-188, 8660, 3604
-642, 8500, 3440
-678, 8208, 2854
-268, 8414, 2892
-466, 8844, 2876
-1466, 9010, 3610
*NOTE-2017.03.24@11:27:15 - 1
-1116, 10006, 3470
-698, 10928, 4250
32, 10838, 4066
-996, 10274, 5014
-868, 9940, 4744
-1236, 9374, 5770
-356, 8340, 4440
-3870, 7268, 7736
-5028, 7508, 7858
-2452, 6210, 6268
-2442, 5030, 6748
-1214, 4010, 5832
-1822, 2564, 6706
-794, 1060, 5346
-1982, 260, 6718
-720, -1044, 5104
-1118, -2210, 5190
-970, -3466, 4030
362, -4264, 2150
274, -5140, 2118
20, -5816, 942
-1706, -6240, 422
-652, -6882, -1372
-164, -7080, -1024
-66, -7242, -1522
-486, -7464, -2124
-1030, -7614, -2392
956, -8006, -4754
1026, -7606, -4698
1056, -7804, -5372
830, -7784, -5404
24, -7474, -5034
-122, -7368, -4024
-134, -7016, -3580
-734, -6520, -1354
-932, -6376, 250
276, -6000, -608
476, -5272, 1164
1674, -4304, 1242
1944, -3758, 2566
986, -2208, 5174
1736, -2574, 4874
1278, -1580, 5698
408, 386, 4630
-906, 1938, 6340
-948, 2768, 6520
-1798, 4218, 7450
-1608, 5754, 7362
-2522, 6902, 7730
-2632, 8184, 8658
-1814, 8438, 5964
-2218, 10376, 6552
-1176, 10776, 4894
-2454, 11128, 5952
-2822, 10772, 5252
-2996, 10278, 5462
-1902, 9712, 4786
-276, 9040, 3242
84, 8324, 2678
396, 8130, 2036
-184, 8326, 2330
366, 8202, 1808
112, 8106, 1888
*NOTE-2017.03.24@11:27:19 - 1
-176, 8312, 1906
-28, 8044, 1470
-414, 8560, 1884
6, 8488, 2184
-550, 9502, 3080
-528, 9916, 3612
-86, 10708, 4682
-510, 11642, 6166
-1542, 12398, 6800
-1748, 13096, 6706
-2846, 12156, 6134
-2082, 10886, 5684
-1094, 9326, 5776
-1086, 7648, 5446
-284, 5620, 4920
-2112, 3304, 6590
-1316, 1960, 5952
-860, 1140, 5424
384, -1174, 2862
-480, -1668, 3944
-374, -2962, 3246
-254, -4566, 2492
-394, -5212, 2332
-142, -5492, 1174
-942, -6504, 424
-102, -7058, -1752
-324, -7408, -2300
498, -7348, -2668
-174, -7610, -1688
940, -7858, -3350
1480, -7924, -5300
954, -7882, -4598
1646, -7774, -4864
970, -7728, -4194
578, -7504, -4458
328, -7070, -3378
324, -6972, -3052
-212, -6122, -1490
482, -5510, -1644
-140, -4510, 550
-242, -3798, 1774
-712, -3202, 3050
-1634, -2116, 4542
-2080, -1400, 5204
-2074, -178, 5586
-2700, 878, 7306
-1198, 2110, 6320
-2638, 3784, 8176
-1040, 5058, 5764
-2974, 6346, 8404
-1448, 7250, 6594
-2998, 8228, 7328
-2152, 9400, 6290
-2544, 10152, 6906
-1568, 10782, 4648
-2168, 10352, 3970
-3710, 10236, 5352
-3620, 9780, 5074
-1426, 9770, 3648
446, 8972, 2578
-350, 8318, 3038
-658, 8224, 2882
-284, 8360, 3074
*NOTE-2017.03.24@11:27:22 - 1
-262, 8446, 2788
-430, 7940, 3124
-656, 8704, 3402
-1448, 8932, 2812
-2342, 8998, 3072
-1782, 9332, 2670
-910, 9278, 3326
-878, 9782, 3924
-1356, 9818, 4966
-1912, 9760, 5914
-1892, 9598, 5910
-1706, 9014, 6246
-2458, 7690, 6652
-1930, 7028, 6716
-1860, 5570, 6732
-1556, 4354, 6416
-2386, 2800, 6812
-1130, 2008, 6278
-1008, 1046, 6694
-942, -20, 7076
-1196, -662, 6850
-872, -2136, 5908
-1196, -2914, 5720
-1170, -3732, 4722
-262, -4224, 3736
-242, -4618, 3216
296, -5332, 1766
36, -6062, 938
-510, -6404, 402
-766, -6304, 230
362, -6882, -2390
938, -7396, -3484
762, -7182, -4004
-92, -7378, -5190
1130, -7258, -6464
1526, -7594, -7678
1604, -7558, -6292
1234, -7154, -4102
1688, -7318, -5332
230, -7460, -2592
-50, -6360, -1866
-1200, -7162, -508
1292, -6682, -1062
-78, -6750, 1224
1432, -5744, -1122
388, -4274, 1898
694, -3982, 2416
622, -2966, 2958
60, -1936, 4710
-208, -854, 5606
-42, 18, 4748
-942, 1482, 6670
-1496, 2522, 7208
-1450, 4480, 7584
-2160, 5274, 8862
-2914, 5816, 7632
-3392, 7136, 9140
-2776, 7200, 6578
-2674, 8492, 6274
-2430, 9478, 4792
-2458, 9662, 3870
-3258, 9940, 4108
-4112, 9792, 5532
-3684, 9658, 5136
-1544, 9546, 2884
-24, 9110, 2090
88, 8658, 3204
-398, 8336, 3496
-82, 8582, 3406
-180, 8450, 2996
*NOTE-2017.03.24@11:27:25 - 1
-76, 8354, 3282
-888, 8770, 3084
-2168, 9330, 4206
-1044, 10770, 3630
-468, 11164, 3526
-1576, 10826, 4472
-1474, 10784, 4816
-1174, 10700, 4632
-1190, 9806, 4880
-1928, 8482, 6004
-2232, 7858, 6392
-2386, 7056, 6122
-1532, 5690, 6124
-382, 4402, 6058
-312, 3222, 7410
-626, 1508, 7192
-1060, 1274, 6496
-86, 458, 7040
-146, -496, 6374
144, -1686, 5400
-164, -2856, 3940
-204, -4230, 3304
-1020, -4818, 3390
-378, -5658, 2380
272, -5946, 836
-488, -6198, 796
326, -6902, -362
998, -6898, -1372
968, -7168, -1820
1158, -7056, -3364
1608, -7160, -5092
1430, -7336, -5386
1624, -7368, -7564
1400, -7366, -6794
758, -7236, -5702
1166, -7138, -4958
502, -7106, -3764
600, -6672, -3616
-364, -6630, -1244
514, -5778, -1800
338, -5920, 134
-1136, -4700, 2854
-168, -4318, 3508
1186, -4108, 3630
1198, -3102, 3796
-128, -1734, 5160
-662, -2042, 4560
-608, 180, 4514
-2882, 1374, 6756
-2368, 2284, 5514
-3346, 4092, 6088
-3910, 4940, 7528
-3862, 6518, 6132
-5024, 8012, 7512
-3336, 9104, 4456
-6088, 10364, 6642
-4474, 10642, 4246
-4710, 10650, 3494
-5226, 10186, 4040
-6222, 10290, 5346
-3596, 9158, 3212
1194, 9070, 1244
1128, 8570, 2362
-1334, 8340, 4182
-758, 8108, 3714
180, 8624, 2886
-174, 8802, 2862
-1110, 8986, 3382
*NOTE-2017.03.24@11:27:29 - 1
-1014, 9548, 3134
-1008, 9956, 3734
-1494, 10672, 4916
-1476, 11180, 4514
-1576, 10288, 4142
-2142, 10148, 5092
-2406, 9508, 5378
-2052, 8200, 5146
-2792, 6990, 5504
-2400, 6628, 6496
-1478, 5264, 6414
-2074, 4380, 7112
-2016, 3140, 7040
-716, 1854, 6880
-456, 1212, 7822
1082, -2, 6838
1312, -1060, 6356
1648, -1918, 5042
706, -2918, 5084
-456, -4164, 4884
-810, -4298, 4340
-462, -5176, 1878
-788, -5686, 1476
106, -6404, 766
1170, -6418, -340
904, -7286, -900
-144, -7310, -946
738, -7402, -3320
182, -7490, -3946
698, -7406, -4696
1352, -7342, -6242
1016, -7604, -6440
1176, -7370, -5992
1034, -7528, -4876
918, -7074, -4316
438, -6992, -3926
-204, -6712, -1930
-546, -6730, -812
520, -5994, -1072
438, -5020, 1368
1472, -4476, 1722
1360, -3668, 3604
1884, -3164, 2740
632, -1628, 5468
628, -1002, 6074
734, -120, 4704
-932, 1546, 7080
-1020, 1482, 6140
-1300, 4610, 6746
-3304, 4830, 8370
-1400, 6738, 7164
-3830, 8398, 9026
-2808, 8184, 6254
-3196, 9428, 6430
-2448, 9804, 5218
-2504, 10950, 3976
-2676, 10626, 3972
-3098, 10370, 4646
-2596, 9848, 4376
-1140, 9586, 3870
-220, 9214, 3616
-200, 8582, 3496
-1048, 8518, 4014
*NOTE-2017.03.24@11:27:32 - 1
-1180, 8302, 3898
-1092, 8742, 3468
-1452, 8994, 3326
-978, 9824, 2142
-2306, 10274, 3360
-2234, 9750, 3792
-2230, 9576, 4040
-2326, 9948, 4632
-2632, 9652, 5106
-3300, 9654, 5748
-3340, 8932, 6478
-2666, 8144, 6878
-2272, 7202, 6690
-1332, 6378, 7228
-98, 4622, 7232
-26, 3306, 6656
68, 1942, 7454
1062, 998, 5754
906, -346, 6126
120, -1214, 6072
420, -2378, 4682
-532, -3066, 5164
370, -3992, 3118
248, -4688, 2840
148, -5750, 1406
-224, -6338, 20
-896, -6394, 298
188, -6798, -1384
-362, -7530, -1864
290, -7592, -3230
98, -7392, -3722
612, -7520, -5418
552, -7414, -5634
946, -7388, -7000
818, -7304, -6032
1488, -7028, -5624
1144, -7232, -4742
334, -6720, -3734
-2, -6956, -3098
-700, -6314, -648
834, -6266, -2086
-84, -5462, 952
-24, -4710, 2066
242, -4344, 2664
574, -3418, 2930
28, -2996, 2912
-912, -1904, 5388
-780, -496, 5234
-1476, 776, 4534
-2770, 2200, 7154
-3006, 3164, 7182
-2936, 4996, 6832
-3988, 6438, 8488
-3352, 6764, 7108
-4094, 8356, 8412
-3080, 9516, 6118
-2898, 10286, 5444
-2374, 10788, 3890
-3024, 10908, 4210
-3536, 10596, 4972
-2390, 10118, 4690
-748, 9550, 3884
-62, 8796, 3840
-458, 8344, 3642
-862, 8412, 3420
-692, 8274, 3090
-634, 8056, 3366
-1028, 8326, 3046
*NOTE-2017.03.24@11:27:35 - 1
-1236, 9072, 3072
-1708, 9704, 3150
-2148, 10298, 3826
-1788, 9658, 3652
-2966, 9726, 4604
-2370, 9760, 3746
-3144, 9412, 5220
-3214, 9064, 5312
-2882, 8350, 6036
-2236, 7492, 6290
-2046, 6606, 6692
-1776, 5422, 7732
-378, 4030, 7912
-686, 3170, 8100
114, 2234, 6600
-116, 290, 6432
500, -328, 7458
1106, -1174, 5964
760, -2086, 5194
-114, -2938, 4842
-214, -4046, 3414
-1170, -4882, 3440
-456, -5372, 1720
-644, -5952, 1850
220, -6502, -450
-72, -6916, -746
398, -6840, -2216
360, -7092, -2950
620, -7076, -3950
1196, -7120, -4986
1690, -7178, -6930
1510, -7134, -7182
1652, -6886, -7180
1504, -7346, -6132
1450, -7066, -5966
366, -6662, -4020
480, -6838, -3834
484, -6416, -2712
-1366, -6178, 816
10, -6078, -722
468, -5134, -112
-316, -4134, 2920
596, -3780, 2774
278, -2452, 3958
122, -1416, 5876
340, -204, 4276
-1724, 478, 6192
-2016, 528, 6596
-1524, 3150, 5986
-2308, 4698, 6992
-2846, 5212, 7952
-3134, 7684, 7988
-4330, 9180, 7944
-3926, 10070, 8420
-2778, 10886, 5772
-3424, 10640, 5138
-3480, 10538, 5112
-2980, 10036, 4598
-1410, 9886, 3318
-424, 9694, 2732
-412, 9010, 2930
*NOTE-2017.03.24@11:27:38 - 1
-522, 8646, 3528
-902, 8644, 3952
-1056, 8164, 4116
-412, 8430, 3050
-1852, 8514, 3690
-1312, 9290, 2910
-960, 10118, 2810
-1532, 10602, 3312
-1254, 9904, 3452
-2404, 9804, 3982
-4184, 9772, 5672
-3744, 10364, 5522
-3362, 9852, 6350
-3030, 9596, 6848
-2392, 7924, 6348
-1762, 6272, 6426
-1298, 5042, 6224
-1284, 2768, 6666
-1274, 2310, 7494
-8, 1188, 6554
-174, 72, 6860
238, -696, 5856
438, -1610, 5264
0, -2594, 4796
66, -3912, 3694
-244, -4602, 2404
-516, -5624, 1482
-1306, -5952, 984
-806, -6804, 150
294, -7110, -986
620, -6468, -1372
728, -7048, -3724
412, -7102, -4212
1708, -7378, -6200
2600, -7544, -6516
1680, -7568, -5254
1440, -7544, -5212
206, -7600, -3460
238, -7406, -3634
584, -7416, -3694
-356, -6714, -1670
66, -6114, -252
-234, -5272, 1436
1174, -5440, 998
1368, -4020, 1958
206, -2922, 4636
296, -2202, 4024
-1026, -802, 5504
-2070, -266, 7226
-268, 496, 3216
-2790, 2488, 6846
-3550, 2026, 7410
-2806, 4084, 6562
-4012, 6708, 8236
-3876, 7150, 7102
-4178, 8070, 8384
-2176, 8782, 4558
-4318, 9978, 7712
-2164, 10426, 4168
-2548, 10282, 3460
-3496, 10088, 4358
-3430, 9750, 4568
-2022, 9318, 3614
-560, 9378, 2796
-318, 8466, 3208
-714, 8332, 3590
366, 8496, 2684
-518, 8270, 3434
*NOTE-2017.03.24@11:27:42 - 1
1020, 8686, 2194
-628, 8926, 4038
-1512, 8456, 3216
-2074, 8962, 4380
-1680, 9952, 3658
-560, 10658, 2660
910, 10946, 2658
-946, 10452, 4838
-572, 10438, 6020
-2276, 10592, 6710
-2814, 9580, 6282
-900, 8366, 5712
-1538, 7554, 6330
-592, 6110, 5626
-190, 4176, 6070
1032, 2736, 6476
838, 1606, 6902
1282, 638, 6248
854, -500, 6592
1830, -1898, 4352
1008, -2846, 3334
-394, -4270, 2978
-862, -5374, 2970
-838, -5776, 2764
-840, -6466, 2330
-296, -6370, 1190
-114, -6732, 766
664, -7094, -1214
-616, -7178, -1100
-1124, -7184, -2020
-884, -7294, -4714
-1022, -7534, -6042
-1072, -7448, -6606
-410, -7736, -6456
554, -7274, -5254
328, -7392, -4804
-426, -7012, -3240
-338, -6982, -2154
302, -6758, -1560
874, -6506, -1300
-238, -5758, 1420
822, -5160, 682
694, -4536, 824
1428, -3362, 1370
-6, -1376, 4708
-768, -830, 4840
-1084, 262, 5622
-2070, 1476, 7108
-1988, 2480, 5902
-3010, 5050, 6218
-3304, 5632, 7450
-3524, 7580, 8390
-1398, 9532, 6560
-2924, 10152, 8336
-1570, 11128, 5212
-2334, 11202, 5600
-802, 11162, 2840
-1972, 11328, 4238
-2210, 10760, 4754
-1184, 10234, 4818
298, 9344, 3170
310, 8950, 4452
880, 8294, 3390
-248, 8510, 3986
114, 9024, 3048
*NOTE-2017.03.24@11:27:45 - 1
-1670, 9320, 3280
-880, 9666, 2578
1020, 9420, 2966
1216, 10458, 4262
1738, 10476, 4198
-1188, 10642, 6504
-52, 10324, 5150
-392, 9982, 5550
-1056, 9120, 6696
-892, 8002, 6578
-686, 6702, 6776
-790, 4628, 6240
-1298, 4000, 6840
-20, 2434, 5786
-602, 1070, 7044
-232, 172, 6094
-36, -1134, 5666
-918, -1898, 6068
-276, -2932, 4902
-742, -3856, 4664
-1146, -4732, 3862
-988, -5412, 3272
-1388, -5686, 3142
-1002, -6262, 2466
-16, -6596, 476
-786, -6742, 1530
616, -6802, -384
1200, -6924, -2008
398, -7054, -2590
-168, -7596, -3796
-104, -7572, -4874
-134, -7662, -5972
-178, -7954, -6806
850, -7226, -6294
736, -7600, -5148
224, -7300, -4546
-146, -7062, -3692
-274, -6752, -2816
62, -6234, -1660
-148, -5516, -206
-494, -5370, 778
-776, -4134, 2678
202, -3718, 2730
-274, -3376, 5008
376, -3082, 5014
220, -1236, 4432
-1132, 638, 7256
-850, 1120, 6404
-1438, 1684, 8092
-918, 4582, 6158
-2388, 5304, 9588
-2518, 6006, 8784
-1334, 7324, 7172
-3124, 7496, 9254
-1594, 9338, 5698
-1470, 9316, 6190
-1200, 10240, 4176
-2180, 10458, 4178
-2522, 10438, 5122
-3012, 10156, 6026
-900, 9132, 4046
*NOTE-2017.03.24@11:27:48 - 1
1414, 9102, 2846
1414, 8530, 3374
550, 8752, 4028
298, 8806, 4460
446, 8750, 3470
-974, 8902, 3922
-862, 10256, 4080
-748, 10764, 4228
52, 11088, 3860
248, 10956, 4600
-82, 10934, 5208
-530, 10538, 5804
-382, 9488, 5538
-292, 8404, 5784
-978, 7312, 6734
-530, 5446, 6964
134, 5056, 6496
-660, 3872, 7880
278, 2544, 6470
98, 972, 6684
172, -174, 6034
606, -1520, 4608
-338, -2668, 4488
-900, -3630, 4640
-646, -4530, 3808
-750, -5470, 2930
-948, -5714, 2994
-1024, -6150, 2584
-858, -6474, 1662
-542, -6572, 638
-978, -6980, -88
-844, -7206, -354
296, -7142, -2136
700, -7474, -3100
-82, -7650, -3312
162, -6934, -3770
-378, -7274, -4754
1700, -7462, -6736
1610, -7556, -5182
1618, -7386, -5094
498, -7418, -4728
-680, -7478, -2854
-864, -7062, -1806
-236, -7378, -2420
-1096, -6718, -908
-356, -6420, -2622
-814, -5640, -814
-588, -4576, 298
-328, -4010, 1454
-164, -2704, 2834
-330, -2026, 4812
-194, -724, 4630
-1382, 510, 5154
-2168, 2244, 6582
-2720, 3662, 6602
-3678, 5554, 7352
-3930, 6802, 7760
-4076, 8464, 7660
-4146, 9480, 6896
-2912, 11494, 5832
-2450, 12800, 3704
-4298, 13232, 5002
-4870, 12220, 6386
-2090, 12926, 6942
-934, 9628, 6714
200, 8766, 7016
*NOTE-2017.03.24@11:27:51 - 1
1608, 8442, 5138
-246, 8598, 4554
-476, 8934, 2342
-824, 9386, 1494
-266, 8186, 1116
-142, 7498, 1580
-340, 7714, 1538
-694, 7272, 2318
-1206, 7066, 3168
-712, 7162, 3600
-248, 6854, 3432
436, 6092, 3318
3100, 5246, 696
1248, 6614, 2354
1116, 6264, 4372
1292, 6396, 2894
1960, 5666, 5554
846, 5614, 4422
746, 5708, 7218
-56, 2496, 6156
-1848, 2292, 7020
-1688, 2844, 12420
-274, 1636, 7774
-1102, 1376, 8508
-1246, 370, 8546
116, -26, 7150
188, 260, 6364
-1114, 100, 9184
874, 216, 7020
-768, -424, 6876
2780, 1444, 9184
7250, 602, 6146
3550, -648, 5926
2996, 78, 9412
3074, 536, 7640
2354, 114, 7232
2406, 500, 7682
1954, 476, 9292
2602, 754, 8454
2020, 1174, 7894
3226, 1390, 6188
3562, 1700, 6536
3164, 1822, 6556
3194, 2096, 7210
3232, 1912, 6976
3540, 1682, 7046
3290, 1732, 6644
3254, 1688, 7114
3434, 1870, 6760
3252, 1918, 7498
3180, 1744, 7062
3332, 1770, 7234
3172, 1710, 7332
3820, 1544, 6118
2680, 1138, 8304
3176, 790, 6734
3020, 1076, 8352
3284, 412, 7070
3188, 866, 7144
3116, 932, 7790
3166, 846, 7116
4182, 1282, 7388
3568, 1368, 7068
3616, 1520, 7400
-2952, -868, 12294
3700, 2284, 7904
5888, 2470, 7098
842, 802, 10136
9570, -640, 3536
252, 474, 6498
2274, -210, 3690
-1834, 2580, 8326
910, 3132, 6434
542, 3932, 6798
692, 4382, 8814
1566, 3200, 7522
-894, 2736, 8728
-312, 1268, 6260
-2338, 910, 8222
3114, 5958, 6004
458, 1618, 7094
-2058, 3196, 8232
-2790, 278, 9088
-1886, 486, 9538
108, 176, 7744
-776, 112, 7500
-1406, 544, 8644
-1202, 876, 7074
-626, -382, 7534
-3150, 784, 8430
-1774, 674, 7492
-2920, 458, 8010
-2462, 462, 8034
-1814, 94, 7690
-1594, 288, 7794
-1610, 580, 7542
-1974, 550, 8192
-1422, 602, 7588
-1770, 182, 8470
-728, 150, 7868
-308, 256, 7986
616, 530, 7916
888, 462, 7300
932, 398, 7660
1322, 650, 6892
1772, 498, 7276
534, 120, 8486
978, -122, 7688
1284, 188, 7486
1922, 520, 7452
1476, 406, 7502

-----------------------------------------------
Date: 24.03.2017 - 11:27:57
End log file
