Terminal log file
Date: 24.03.2017 - 11:32:03
-----------------------------------------------

%~>daq start

 DAQ started.
%~>quit
%~>-958, 7946, 754
-1100, 7930, 826
-1084, 7882, 848
-1266, 7924, 1012
-1316, 7958, 1196
-1766, 7978, 2170
-2600, 7752, 2642
-1626, 7744, 2562
-2470, 7476, 3180
-1632, 7288, 3012
-3234, 6826, 2940
-2838, 6298, 3044
-3126, 6738, 4304
-3040, 6128, 3318
-2822, 6092, 2260
-3474, 6308, 2426
-4494, 5236, 1658
-830, 5974, 1472
-2034, 6824, 2702
-610, 7070, 3296
-1300, 7366, 3320
-202, 7276, 3492
-136, 7866, 3198
1158, 7746, 3350
120, 7450, 4070
312, 7236, 3830
1342, 7522, 3574
326, 6890, 4942
600, 6680, 4428
774, 6570, 5258
286, 6856, 5632
434, 7052, 4710
-166, 7304, 4684
*NOTE-2017.03.24@11:32:05 - 1
-246, 7042, 3628
46, 7126, 1650
-884, 6952, 2522
-1570, 7144, 3202
-1858, 6764, 3682
-1612, 6514, 1938
-3432, 7184, 3364
-2464, 7428, 3332
-1864, 8122, 2084
-1542, 9676, 306
-2376, 8712, 1420
-2612, 8450, -34
-3642, 8390, 1050
-3306, 7988, 1450
332, 6520, -1076
1040, 6936, -482
478, 7286, -586
-2664, 7824, 1298
-3174, 7428, 2434
-1524, 7308, 1774
-1502, 8000, 3316
-178, 7802, 2310
2858, 8624, -1832
1816, 8478, -640
-598, 7686, 442
-1694, 7812, 910
-738, 7782, -612
-672, 7778, -602
-1662, 8242, 126
-1966, 8556, -84
-1520, 8036, -522
-1728, 7968, -184
-1530, 8248, 38
-910, 8834, -172
-712, 8720, -356
-1784, 7206, 374
*NOTE-2017.03.24@11:32:07 - 1
-2952, 7644, 1838
-2544, 8330, 2004
-1276, 8124, 764
-1302, 7748, 958
-1852, 7772, 1934
-1750, 7658, 2224
-1928, 7900, 3190
-1500, 8692, 3522
-1010, 9282, 4780
264, 9724, 4288
-622, 10092, 6310
-628, 11128, 6302
-272, 11268, 6270
-336, 10922, 5794
-524, 9712, 5720
-620, 8426, 6164
-1122, 7194, 5384
-1264, 6414, 6760
-270, 4578, 6866
-370, 3410, 6538
734, 2276, 6194
1100, 1158, 5888
1488, -292, 4972
652, -1570, 4378
256, -2698, 4142
238, -3418, 4148
966, -4676, 2584
554, -5504, 2558
276, -5926, 1624
456, -6648, 638
232, -7330, -1310
-496, -6922, -688
258, -7220, -2536
818, -7534, -3770
856, -7686, -4324
782, -7676, -5002
874, -7712, -5022
340, -7606, -4334
-218, -7478, -3010
192, -7414, -3640
-556, -7118, -1674
-66, -6764, -1006
278, -6746, 266
1168, -6148, -116
12, -5588, 1626
-482, -4724, 2696
198, -4068, 2808
-112, -2666, 4376
-334, -1934, 5194
-644, -678, 5358
-982, 364, 5168
-2174, 1468, 5452
-4168, 3708, 8510
-3796, 3768, 6356
-3962, 6204, 6126
-4988, 7228, 8258
-3854, 7894, 5586
-3930, 9344, 5872
-3684, 9576, 5448
-3148, 9966, 3920
-3304, 10490, 3596
-4484, 10558, 4352
-4528, 10060, 4940
-3424, 9964, 4708
968, 9120, 1568
1454, 8602, 2370
-716, 8088, 3772
-650, 8854, 3318
-306, 8914, 2536
*NOTE-2017.03.24@11:32:10 - 1
-976, 8984, 2274
-1176, 9176, 2652
-840, 9360, 2646
-1010, 9802, 3464
-534, 9778, 4218
398, 10302, 4896
-464, 9934, 5734
-918, 10080, 5698
-1452, 9244, 6010
-1596, 9686, 6410
-1344, 7020, 6542
-1226, 6028, 6830
-1482, 5026, 7266
-1354, 3176, 7166
-504, 2052, 5898
-436, 1864, 7164
942, 224, 5924
974, -698, 5842
1088, -2144, 5154
598, -2908, 4952
378, -3854, 4074
870, -4938, 2764
182, -5476, 2944
800, -5946, 2086
1186, -6318, 568
686, -6672, -316
-102, -6980, -240
520, -7282, -1590
120, -7176, -1296
502, -7306, -2588
572, -7556, -3546
818, -7646, -4992
1128, -7552, -5116
1588, -7598, -5430
1410, -7594, -5584
808, -7404, -4464
1156, -7282, -4622
788, -7456, -3724
446, -6698, -2798
250, -6348, -1526
1248, -5436, -1140
1232, -4634, -616
-686, -3782, 1924
-880, -3480, 3736
-850, -2450, 4874
282, -1718, 4318
-1130, -78, 6720
-2658, 194, 7154
-2352, 1278, 6592
-3454, 3016, 7414
-3890, 3378, 7528
-3424, 5948, 7326
-3982, 6346, 6752
-4318, 7008, 7534
-3566, 8518, 6464
-3204, 8632, 5510
-2574, 9634, 4210
-2672, 10018, 3792
-2896, 10128, 3908
-4028, 10386, 5428
-3786, 9964, 5768
-598, 9282, 2854
1018, 8512, 2398
342, 7996, 3234
-900, 7898, 3840
*NOTE-2017.03.24@11:32:14 - 1
-686, 8608, 3300
-520, 8816, 2218
-1534, 9038, 2314
-1756, 9724, 2952
-1366, 9312, 3954
-1012, 9510, 4272
-1704, 10122, 5430
-2282, 10206, 5868
-1856, 10246, 6130
-440, 9176, 5614
-1450, 9032, 5502
-1002, 7538, 6058
-1046, 6204, 6536
-1884, 5448, 7520
-898, 3114, 6434
-944, 2582, 6306
42, 1244, 6110
-224, 64, 6472
152, -920, 5990
702, -1986, 4818
364, -3290, 4542
528, -4052, 3804
-178, -4896, 3132
-686, -5664, 2144
-184, -6174, 1404
-604, -6356, 1180
-352, -6614, 580
814, -6950, -1228
-274, -7068, -1180
-38, -7288, -1900
316, -7210, -2968
558, -7544, -3796
318, -7484, -4842
1206, -7606, -6552
558, -7584, -6272
878, -7558, -5608
808, -7430, -4958
214, -7396, -4068
-492, -7104, -3164
-1504, -6896, -920
708, -6188, -1242
1408, -6014, -1492
-1182, -5298, 2070
438, -5388, -716
-774, -3492, 2978
-1112, -3942, 4072
-216, -2576, 3162
-1074, -1426, 4942
-1574, -692, 6908
-1454, 276, 7164
-1128, 1022, 6010
-2284, 3492, 7184
-3560, 4256, 9758
-1886, 5910, 6032
-3372, 7224, 7722
-3560, 7902, 7264
-3270, 8178, 6650
-2616, 9630, 5782
-2706, 9862, 4322
-2910, 10270, 4396
-2980, 9944, 4052
-3182, 9888, 4352
-3094, 9928, 4188
-1698, 9066, 3422
90, 8350, 2410
8, 8608, 2524
*NOTE-2017.03.24@11:32:17 - 1
-150, 8384, 3078
122, 8194, 2592
-266, 8566, 3206
-580, 9022, 3336
-944, 9710, 3522
-428, 9922, 3312
-982, 11122, 4182
-868, 10390, 4438
-708, 10810, 4752
-480, 10616, 5170
-258, 9872, 5670
-126, 8598, 5456
-982, 7570, 6008
-1346, 6488, 7152
-726, 5678, 6712
-1552, 4550, 7632
-256, 3208, 6842
-674, 2466, 7506
-294, 1430, 7074
-454, -8, 6386
-1426, -672, 7160
316, -1498, 4610
276, -3048, 3572
446, -4050, 2856
96, -5082, 1854
42, -5832, 1508
650, -6374, 396
524, -6882, 448
658, -7150, -646
264, -7320, -1434
60, -7198, -1952
430, -7826, -3160
524, -7870, -4216
330, -7950, -4802
354, -7500, -5294
856, -7932, -5614
370, -7330, -3720
752, -7526, -4612
206, -7022, -2456
-8, -6486, -954
180, -6748, -894
1230, -6450, -790
160, -5808, 2594
1440, -5334, 860
1200, -3790, 2822
1124, -2514, 5500
1494, -2750, 4886
1624, -988, 4832
1366, 152, 6024
1304, 704, 3660
-416, 3264, 6986
762, 4326, 7994
1648, 5514, 5678
-398, 7332, 9958
946, 8326, 6674
-626, 9014, 8140
298, 9232, 5808
-212, 10376, 5140
-114, 10370, 3058
-1476, 10568, 3566
-2782, 11030, 4666
-2154, 10238, 3954
-1004, 9822, 3520
-380, 9302, 3164
56, 8374, 3006
*NOTE-2017.03.24@11:32:20 - 1
-74, 8326, 3328
-380, 8522, 3048
-266, 8516, 2912
-692, 8614, 3166
-1120, 9622, 2866
-2056, 9458, 3930
-568, 10224, 3014
32, 10532, 3510
-406, 10488, 4710
-386, 10412, 4696
-444, 9634, 5384
-226, 8934, 5554
-572, 8700, 6554
-276, 7352, 5950
-806, 6486, 5976
-1434, 5566, 7350
22, 4970, 6946
-424, 3418, 7818
658, 2004, 6532
-234, 924, 7002
-142, -34, 6486
-260, -1018, 6208
-454, -1942, 5764
-496, -2844, 5128
-308, -3426, 3696
-314, -4412, 3518
392, -5150, 2092
-136, -5878, 1900
38, -6160, 218
712, -6914, -1312
752, -7124, -2794
174, -7232, -2196
418, -7288, -2530
1228, -7500, -4352
1384, -7554, -5272
1672, -7460, -5966
1826, -7522, -5640
2006, -7286, -5274
1338, -7518, -3970
832, -7156, -3632
498, -6930, -3344
796, -6426, -1656
928, -5988, -1044
-618, -5432, 614
-836, -5114, 676
-2320, -4142, 2388
-1788, -3748, 3364
-360, -2974, 3546
-1516, -1726, 5014
-884, -4, 4510
-2374, 616, 5844
-2914, 2304, 6218
-4398, 4474, 6916
-4416, 5550, 7590
-4704, 5694, 7344
-4408, 7386, 6800
-4786, 8692, 6162
-4766, 8944, 5352
-4122, 9696, 4572
-3888, 10216, 3792
-4510, 9864, 3642
-4320, 9528, 3980
-3994, 9632, 4478
-2226, 8946, 3426
10, 8932, 2154
-386, 9026, 3126
-592, 8786, 3566
466, 8596, 2570
*NOTE-2017.03.24@11:32:23 - 1
566, 8612, 2268
174, 8150, 3168
-856, 9538, 2910
-2044, 9712, 4004
-608, 10314, 2910
-448, 10550, 4044
-182, 10878, 4288
-498, 10546, 4722
-324, 10190, 5114
-616, 9326, 6374
-416, 8576, 6176
-624, 7352, 6116
-1372, 6230, 6474
-1114, 5202, 6778
-1426, 4602, 7752
-184, 2874, 7118
-350, 1806, 6886
-222, 498, 6224
-406, -506, 5422
-1136, -1740, 5634
-32, -2162, 5560
862, -3632, 4394
328, -4120, 4038
390, -4828, 2598
-562, -5330, 2374
-142, -5980, 1104
176, -6474, 88
-252, -6952, -182
-82, -7146, -1320
-162, -7040, -2350
314, -7482, -2998
464, -7536, -3650
848, -7656, -5300
484, -7754, -6114
-22, -7642, -4804
746, -7540, -5194
-46, -7558, -3674
-502, -7346, -3462
-720, -6938, -2474
-628, -7162, -2026
238, -6390, -2178
240, -6074, -392
-720, -5592, 1828
488, -5768, 394
-432, -4504, 3168
268, -2892, 4394
1406, -2502, 4146
1876, -1018, 4678
210, -82, 7024
534, 1054, 5694
-584, 2706, 7628
-1356, 3598, 7948
-672, 4634, 7712
-1134, 6072, 8284
-916, 6776, 7544
-862, 7958, 7470
-1920, 8828, 7278
-612, 9428, 5428
-768, 9642, 3826
-2390, 10164, 3232
-3938, 10428, 4690
-3176, 9896, 4488
-2102, 9950, 4610
330, 9072, 3804
1504, 8584, 3324
1046, 8776, 3684
396, 8832, 3774
506, 8662, 3110
*NOTE-2017.03.24@11:32:27 - 1
-92, 8726, 2828
-764, 8882, 3528
-914, 10128, 4072
-878, 10532, 4292
-314, 10780, 4220
-380, 10938, 4946
-442, 10512, 5216
-390, 10108, 5516
318, 9758, 5916
1056, 8624, 4900
20, 6732, 6928
266, 5848, 6354
-334, 5266, 7926
1200, 3492, 6560
124, 2532, 7230
454, 1076, 6094
390, 222, 5730
738, -734, 5444
800, -2346, 4924
916, -3488, 4318
1110, -4008, 3202
732, -4824, 2606
120, -5676, 2446
-118, -5716, 1284
-368, -6966, -374
-604, -7168, -996
-146, -7270, -1194
-216, -7508, -1858
-438, -7558, -2890
-958, -7590, -3514
-488, -7692, -5196
-166, -7512, -5648
26, -7528, -6328
168, -7582, -5768
12, -7364, -5458
-460, -7004, -4180
-260, -6788, -3094
-1834, -6636, 608
-56, -6516, 96
1152, -5866, 348
1642, -5324, 1172
960, -5252, 2736
1236, -4322, 2422
946, -2970, 3844
860, -2666, 5570
908, -1572, 5186
218, -742, 6908
-652, 308, 7376
244, 2202, 4222
-724, 3736, 6188
-1308, 5506, 8014
-1462, 6078, 6986
-1688, 7764, 8094
-1622, 8316, 6288
-2590, 9426, 8436
-130, 9470, 4114
-1312, 10596, 7156
-2154, 10422, 4588
-2426, 10688, 4784
-3048, 10440, 5724
-1554, 9590, 4788
930, 9078, 3170
1254, 8774, 2826
*NOTE-2017.03.24@11:32:30 - 1
444, 8328, 3260
706, 8604, 2502
212, 8304, 2766
132, 8596, 3246
-584, 9336, 3128
-2022, 9520, 4176
-804, 9890, 3590
-434, 10664, 3990
-588, 10440, 4542
-1182, 10514, 5256
-900, 10062, 5094
-748, 9480, 5766
-322, 8174, 5324
-1282, 7912, 6554
-398, 6966, 5972
-926, 5992, 6958
-362, 3902, 6438
-752, 3810, 6906
828, 2396, 6636
104, 1326, 6672
504, -70, 5772
280, -1738, 5440
942, -2522, 4394
668, -3464, 3726
564, -4520, 3268
370, -5230, 1796
-262, -6186, 1256
-458, -6386, 968
20, -6736, -82
-642, -7276, -866
-506, -7766, -1362
-962, -7618, -1250
-890, -7740, -1916
-942, -7664, -2590
-616, -7924, -3664
-644, -7802, -4888
-1472, -7644, -5120
-690, -7362, -5366
-664, -7656, -4678
-1220, -7402, -4026
-844, -7168, -3072
-894, -7196, -1570
-812, -6762, -562
-90, -6236, -702
650, -5702, 962
1294, -5512, 990
1402, -4316, 2898
748, -3800, 4514
1100, -3812, 3614
-74, -1942, 5002
-258, -1634, 4366
-1158, -806, 5804
-466, 1046, 5528
-1680, 1800, 7580
-1070, 3610, 5834
-1450, 5556, 7872
-1450, 7092, 7418
-2796, 8010, 9036
-3064, 8354, 8462
-2722, 9278, 6690
-3076, 9626, 5728
-2716, 9656, 4632
-2560, 9430, 3746
-4240, 10384, 4208
-4092, 9460, 4960
-2038, 8810, 3462
-156, 8806, 2466
-820, 8734, 3834
*NOTE-2017.03.24@11:32:33 - 1
-1626, 8674, 4186
416, 8932, 2470
-378, 8154, 3438
838, 9226, 2950
-524, 9272, 3404
-828, 9678, 4140
-806, 10478, 3762
-256, 10364, 3972
-28, 10636, 4888
-362, 10260, 5096
-202, 9184, 5466
-1694, 8778, 6732
-2218, 8776, 7238
-1488, 7478, 5928
-1280, 6074, 5980
-1796, 5324, 6760
-452, 3794, 6288
-564, 3086, 6152
-416, 1280, 6446
722, -96, 5452
1302, -1350, 5002
666, -2278, 5486
1714, -3266, 3518
550, -4472, 2938
224, -4868, 2592
234, -5886, 1800
-780, -6454, 1174
-1356, -7018, 438
-796, -7278, -150
-218, -7494, -1416
-686, -7542, -1548
-796, -7674, -2226
-364, -7664, -3298
-652, -7902, -3642
-704, -7784, -4588
-574, -7836, -5522
-526, -7720, -5578
14, -7594, -5286
-730, -7542, -3266
-302, -7326, -2590
-412, -7128, -1660
-592, -6588, -152
76, -6644, -828
198, -5898, 262
156, -5434, 1780
530, -4822, 2460
326, -4616, 3372
768, -3210, 4416
72, -3328, 5046
26, -1834, 4378
-1184, -40, 5678
-1564, 1052, 6302
-2040, 2228, 6500
-2354, 3670, 7836
-2294, 5110, 7878
-2902, 5860, 8352
-2882, 6610, 8174
-3402, 7138, 9272
-1906, 7998, 6650
-3108, 9094, 8190
-1244, 9002, 4920
-1538, 9112, 4230
-3050, 8280, 4432
-2708, 8978, 3678
-3740, 10098, 3974
-3488, 8730, 4218
-1536, 9130, 3080
-760, 8056, 3338
-2224, 8910, 2672
-1414, 8516, 3384
*NOTE-2017.03.24@11:32:37 - 1
-878, 8162, 2782
-460, 7280, 3304
504, 8256, 3644
286, 9490, 3960
-1866, 10030, 6764
-1032, 11316, 5762
374, 10992, 4922
-788, 10168, 5662
-40, 9778, 4976
-586, 8656, 6140
-30, 7766, 5632
168, 6502, 5784
-1250, 5604, 7368
-164, 4332, 5996
-482, 3022, 6606
-602, 2052, 6626
-364, 470, 6282
158, -708, 5914
-272, -1586, 6180
-62, -2688, 5298
-856, -3716, 5622
-994, -4252, 4378
-1236, -5202, 4396
-254, -5756, 2948
-718, -6070, 2618
-566, -6296, 1978
-492, -6486, 1442
-606, -6568, 886
-790, -7308, 84
-798, -7092, -72
-212, -7346, -1686
-504, -7694, -2550
-392, -7666, -3064
0, -7540, -4096
12, -7688, -5738
-332, -7658, -5018
470, -7556, -5012
-58, -7378, -3948
-110, -7212, -3270
-588, -6732, -1876
-168, -6220, -1920
154, -5970, 32
1096, -5134, 1550
1052, -4852, 3190
328, -4206, 4572
34, -3422, 5520
316, -2418, 5212
-388, -1558, 4608
-1450, -1246, 5432
-1438, 684, 5662
-1646, 1398, 6632
-356, 2748, 6296
-688, 5144, 9000
-1790, 5636, 8878
-2874, 6476, 9726
-1954, 7342, 8010
-2638, 8310, 6994
-2324, 8656, 6244
-2162, 9148, 4834
-1232, 9648, 5764
-1904, 9456, 5014
-2012, 9878, 5880
-1110, 8840, 5212
838, 9004, 4132
1348, 8568, 3192
416, 8772, 3404
510, 8370, 2984
*NOTE-2017.03.24@11:32:40 - 1
586, 8496, 2374
-76, 7886, 3798
-274, 9734, 4146
-1152, 9478, 5412
-88, 10488, 4298
-582, 10612, 5260
-1046, 10226, 5166
-1662, 9910, 4990
-2080, 9446, 5978
-3072, 8582, 6724
-2078, 7574, 6270
-2094, 6142, 7104
-2096, 5810, 7238
-1506, 4322, 7130
-710, 3296, 7112
-398, 2092, 6912
62, 1058, 6544
-86, -516, 6732
388, -1236, 5842
1562, -2384, 4182
322, -3094, 4830
-174, -4098, 2632
-700, -5880, 1982
-1484, -5944, 2190
198, -6260, -314
-370, -6714, -736
-464, -7020, -1092
170, -7300, -1752
-442, -7336, -1326
-276, -7392, -2830
-74, -7766, -4116
-210, -7738, -4818
-710, -7450, -5172
-696, -7560, -4212
400, -7696, -5208
-648, -7458, -3914
-180, -7526, -2990
-524, -6876, -2246
-514, -6924, -1588
-694, -6238, -474
-788, -6336, 570
-458, -5764, 1744
218, -5216, 3000
490, -4366, 3834
358, -4302, 6168
1468, -3666, 4978
1168, -1928, 3852
-226, -704, 5810
86, -290, 5194
-518, 2218, 5084
-1570, 3436, 7478
258, 5576, 4776
-2810, 7660, 7826
-4170, 8022, 9920
-3218, 9186, 7568
-3704, 9230, 8358
-2298, 9318, 5304
-2380, 8942, 6232
-2154, 9906, 3872
-2798, 10100, 4994
-3390, 10138, 5830
-1064, 9608, 4446
2108, 8954, 2682
1100, 8138, 3512
1330, 9146, 2698
1124, 8566, 1766
878, 8170, 1382
470, 8252, 2560
*NOTE-2017.03.24@11:32:44 - 1
-524, 8768, 2798
-526, 9088, 2314
-908, 9498, 2962
-318, 9786, 2940
-582, 10536, 3892
10, 10062, 4540
258, 10230, 5046
76, 10176, 6122
-348, 8340, 4858
-488, 8884, 6270
108, 7506, 6016
-162, 7002, 6770
-442, 5498, 7530
-516, 4040, 6758
48, 3000, 6846
-356, 1928, 7292
-838, 1100, 7090
-92, -212, 6718
278, -1340, 5472
188, -2496, 5230
126, -3502, 4566
-22, -4288, 3496
-550, -4966, 3352
-862, -5484, 2330
-412, -6510, 1120
-36, -6544, 1162
874, -6940, -838
-206, -7110, -896
-774, -7446, -814
360, -7510, -2504
196, -7808, -4308
-756, -7556, -4450
-132, -7548, -5836
294, -7830, -5290
-370, -7644, -4610
-156, -7496, -4100
42, -7282, -2458
-722, -6832, -294
8, -6230, -972
-72, -6376, 834
-168, -5682, 1056
310, -4654, 1324
234, -3874, 2426
306, -2356, 3272
-318, -1162, 5840
68, -1328, 5368
620, 1346, 5052
-1068, 2460, 7588
-1582, 2854, 5318
-3080, 4874, 8378
-3280, 6302, 7130
-3718, 6840, 9310
-3020, 8316, 6446
-3864, 8852, 8520
-1976, 9066, 4628
-3150, 9404, 5650
-3806, 9496, 2746
-2930, 10136, 4490
-2892, 9720, 4072
-2562, 9842, 5022
-710, 8968, 3870
1354, 9168, 2986
1068, 8562, 2642
*NOTE-2017.03.24@11:32:47 - 1
1800, 8610, 1052
622, 8332, 1470
192, 8142, 1202
64, 8034, 1440
-106, 8120, 3034
-122, 9318, 2630
-930, 9398, 3008
506, 9922, 2736
216, 10732, 3884
1390, 10596, 3698
1118, 10122, 4490
2084, 10042, 4020
1094, 9270, 5212
1758, 8986, 5234
1124, 6968, 5952
806, 6312, 6100
26, 5522, 6924
-118, 3964, 6592
-1086, 3968, 8324
304, 2674, 8328
1000, 2330, 8042
766, 1236, 7440
202, -36, 7210
626, -1380, 6108
920, -2046, 5890
10, -2966, 5772
182, -3410, 3802
-744, -4250, 4134
-130, -4698, 2770
8, -5694, 1838
-206, -6272, 790
562, -6562, -852
248, -6758, -1166
-254, -6880, -1260
-74, -7306, -3688
-158, -7390, -5046
-118, -7730, -6602
-846, -7428, -6516
-426, -7672, -6394
-12, -7670, -5326
-516, -7764, -4024
-526, -7234, -3272
-1306, -7690, -1900
-302, -7198, -2090
-384, -6874, -1016
-262, -6846, -446
-138, -5648, 242
-248, -5462, -100
342, -4844, 1352
962, -4026, 2864
2014, -3080, 3702
3316, -2502, 2758
1206, 512, 4866
-2832, 82, 8482
-976, 832, 5312
-1682, 2908, 7860
-872, 4698, 8910
188, 5218, 6508
-828, 6946, 7296
-1310, 7986, 8438
-826, 9212, 7578
-644, 8732, 7326
-326, 9386, 6016
-232, 9754, 5266
614, 9378, 3688
478, 9842, 4244
-210, 9758, 4586
790, 9404, 3804
1758, 8890, 2526
2682, 8748, 2682
1966, 8572, 3184
802, 8786, 3524
*NOTE-2017.03.24@11:32:50 - 1
908, 8500, 3180
714, 8642, 2760
-224, 8780, 2748
2, 8990, 2896
490, 9708, 2836
-124, 9812, 3840
-26, 9426, 3972
-398, 9796, 5558
-528, 9748, 5316
-882, 9140, 5344
-430, 10560, 6158
-2698, 8036, 6828
-2264, 7052, 6242
-1894, 6408, 6710
-2852, 4040, 6592
-2674, 4342, 7402
-1080, 2896, 6248
-960, 1572, 6332
-1060, 286, 6672
-514, -782, 6752
162, -1752, 6054
436, -2196, 5702
350, -3284, 4524
-388, -3848, 4764
-152, -4744, 3504
-164, -4986, 2076
-588, -5952, 1094
-770, -6384, 674
400, -6796, -562
470, -7138, -1142
134, -7312, -2056
266, -7376, -3488
-154, -7694, -4158
-526, -7566, -4030
-188, -7832, -5466
-76, -7926, -4864
-196, -7724, -4304
128, -7510, -4012
-178, -7634, -3418
-302, -7366, -2760
-326, -7490, -2218
-820, -7376, -1686
-358, -6496, -894
662, -5870, 270
1636, -5662, 784
1904, -5400, 1092
688, -4270, 3444
906, -3714, 4258
890, -2750, 4348
756, -2234, 4950
-116, -1660, 7956
1334, 550, 6058
656, 1320, 7072
842, 2314, 6032
466, 3862, 7796
-214, 4320, 6952
-268, 6586, 7398
16, 6710, 7872
1436, 7836, 6222
1060, 9432, 7182
1608, 9148, 5656
154, 9060, 5112
474, 8952, 3796
718, 9522, 3532
268, 9648, 4558
840, 10008, 4886
2086, 9542, 4246
2424, 8830, 3580
2112, 8432, 3230
1398, 8444, 3828
*NOTE-2017.03.24@11:32:54 - 1
1628, 8754, 3026
400, 9096, 2780
-772, 8940, 3222
54, 8964, 3558
294, 9556, 3826
-30, 9764, 4998
602, 9534, 4612
572, 9798, 5602
382, 9564, 5812
138, 8960, 6090
242, 8292, 6130
376, 7312, 6230
440, 6328, 6728
476, 5042, 6932
426, 3984, 7218
952, 3086, 7428
1426, 1814, 6538
560, 686, 7440
604, -190, 7180
1022, -1428, 5792
1100, -2228, 5438
914, -2930, 4844
702, -3818, 3824
206, -4600, 3002
-506, -5482, 2484
-472, -5860, 1122
-550, -6324, 486
-968, -6378, 216
-418, -6844, -1410
-740, -6870, -1768
-1512, -7078, -1906
-814, -7296, -3550
-1018, -7288, -4020
-110, -7636, -5724
-174, -7276, -6464
-370, -7490, -7018
-366, -6910, -5266
-208, -7904, -5560
-1218, -7156, -3990
-656, -7334, -3844
-1494, -6830, -1988
-688, -6840, -1916
18, -6588, -628
1018, -6010, -192
1880, -5534, 320
1746, -4660, 2092
1984, -4738, 1540
1490, -3640, 3438
1450, -2470, 4508
1278, -1636, 4784
726, 114, 5412
716, 2196, 5798
-62, 2858, 7080
162, 4380, 7978
-50, 5488, 6298
-1140, 7084, 8424
-1590, 8072, 8958
-762, 8320, 6842
-1956, 9792, 7720
-392, 9498, 5942
-1808, 9670, 5634
-1088, 9548, 5634
-2544, 9682, 6618
-1534, 9592, 6380
660, 9642, 5014
2126, 8696, 3952
1276, 8576, 4218
138, 8936, 4334
-402, 8886, 3494
-210, 8826, 2482
*NOTE-2017.03.24@11:32:57 - 1
-902, 8508, 1996
-888, 8082, 1296
-952, 7642, 1604
-1324, 7820, 2184
-1948, 7042, 3416
-870, 6712, 2494
-896, 5424, 3134
312, 4902, 3646
934, 4996, 2676
752, 5760, 3922
-246, 4626, -258
174, 5604, 820
-1680, 6696, 6030
-458, 5908, 3690
-6306, 10638, 13686
-2520, 6050, 6856
-1850, 3512, 6350
-536, 2490, 6408
-2940, 3212, 7802
-480, 2270, 7262
-2368, 866, 7140
-2562, 1084, 7392
-2804, 1344, 7742
-3010, 872, 7564
-2700, 660, 7306
-2074, 1358, 7330
-2500, 1664, 7598
-1358, 1488, 6752
-3302, 748, 6998
-3940, 152, 7202
-2886, 266, 7374
-2920, 110, 7276
-3444, -88, 7764
-2984, -22, 6832
-3360, -796, 7958
-3260, -12, 7398
-3074, 422, 7000
-2870, 628, 7688
-2762, 1046, 7818
-2946, 2150, 6710
-2928, 2300, 6112
-1720, 2060, 6148
-2014, 2450, 6902
-2298, 2604, 7108
-1668, 2322, 6306
-3072, 2436, 7734
-2136, 1688, 6736
-2870, 2696, 7710
-3402, 2700, 7288
-2704, 2720, 6862
-2524, 1100, 6028
-2960, 1472, 7338
-3508, 1414, 6812
-3714, 520, 7236
-2718, 1078, 6416
-4006, 1248, 6822
-3950, 1496, 6584
-3986, 1600, 6718
-3754, 1428, 7036
-3120, 1588, 6720
-3026, 1522, 6424
-2892, 2806, 6652
-3212, 2992, 6376
-2642, 3028, 5904
-894, 2050, 5338
-3560, 5918, 9370
-3574, 4426, 6260
-3734, 3600, 6096
-4034, 3508, 6320
-3340, 3826, 5850
-3620, 4240, 6090
-3600, 4298, 6268
-3306, 4010, 5370
-3118, 4452, 5904
-3394, 3544, 5066
-3494, 4164, 6066
-3952, 3514, 5732
-3864, 3572, 6322
-4676, 2616, 7254
-4758, 2738, 7810
-4790, 2694, 8344
-4704, -612, 4280
-5530, -1018, 5302
-4164, -1844, 5154
-2808, -1850, 5116
-4080, -28, 6744
-3224, 548, 5950
-4272, 1672, 8356
-6570, 1892, 7430
-1924, 824, 4052
-3268, 1250, 6498
-2834, 2928, 8432
-808, 770, 4986
-1092, 3218, 13190
34, 422, 7538
-3534, 948, 8256
-6556, 1106, 8560
-3726, 712, 7652
-330, 504, 6920
-1630, 472, 7204
-2530, 422, 8556
-2452, 492, 7372
-3658, 260, 7560
*NOTE-2017.03.24@11:33:03 - 1
-3048, -138, 7584
-3314, -38, 7174
-722, 1536, 7484
-992, -662, 7238
-1628, -842, 5896
-3180, -486, 6472
-2932, -372, 7526
-2696, -668, 7716
-2862, -582, 7096
-3040, -494, 7092
-2972, -518, 6924
-3304, -400, 7346
-2796, -582, 7360
-2660, -608, 7472
-2754, -808, 7402
-2890, -786, 7266
-2794, -612, 7210
-3112, -420, 7416
-2454, -268, 7036
-2346, -624, 7152
-2360, -458, 7898
-2280, -640, 7422
-2478, -778, 7814
-1858, -1070, 6950
-2028, -640, 6576
-2606, -452, 6722
-2930, -312, 7296
-2502, -476, 7716
-3098, -234, 6718
-5386, -328, 6266
-6006, -652, 5086
-6390, -862, 4132
-7120, -468, 4524
-6260, -822, 5320
-5634, 14, 4482
-5966, -494, 5034
-5770, -246, 4888
-5822, -354, 5044
-5684, -288, 3916
-6770, -166, 3270
-8164, -288, 3570
-7852, -540, 2828
-7962, -244, 3398
-6946, -350, 2378
-7088, -298, 2288
-7066, -404, 2380
-7668, -304, 2382
-7828, -500, 2376
-7564, -618, 1590
-7826, -788, 1680
-8030, -632, 1764
-7868, -578, 2116
-7412, -356, 1668
-7956, -510, 2808
-7530, -536, 2828
-6622, -302, 4050
-6420, -418, 4690
-6230, -582, 4476
-6820, -394, 4960
-6702, -572, 4526
-7026, -944, 4820
-7518, -984, 5864
-6638, -980, 5728
-3938, -1288, 4892
-3540, -1426, 6192
-2378, -1620, 5792
-1876, -1344, 6642
-938, -1190, 7400
466, -752, 6688
-1062, -174, 8156
-2426, -542, 9162
-2196, -1074, 7860
-1800, -1238, 7044
-1624, -1392, 6644
-2088, -1262, 6672
-2558, -940, 8100
-2446, -1012, 7628
-2248, -670, 7922
-1752, -734, 7464
-1752, -646, 7308
-1908, -640, 7514
-2342, -844, 7644
-2088, -522, 7850
-1622, -570, 6876
-1984, -430, 7948
-2312, -328, 7732
-2330, -466, 7358
-2380, -584, 7106
-2256, -908, 7008
-2626, -940, 7488
-2656, -954, 7616
-2602, -822, 7598
-2352, -838, 7400
-2152, -854, 7384
-1992, -920, 7214
-1830, -846, 7412
-1832, -804, 7610
-1674, -758, 7490
-2060, -788, 7910
-1520, -786, 7554
-1506, -656, 7854
-1368, -838, 7944
-592, -670, 6930
-1968, -522, 8482
-518, -1104, 8440
-456, -660, 7988
-40, -1100, 7610
360, -1434, 7258
-170, -1356, 7720
-332, -1400, 8646
1098, -1902, 6764
794, -1700, 7434
870, -1904, 7104
1126, -2290, 7276
924, -2212, 7664
572, -2012, 7586
454, -1940, 7914
752, -1798, 7342
482, -1456, 8032
270, -1274, 7714
272, -1154, 8282
106, -1330, 7934
90, -1258, 7884
86, -1156, 7708
226, -1164, 7616
98, -1118, 7726
108, -1054, 7682
-154, -966, 8006
-106, -840, 7644
-198, -856, 7958
-658, -1070, 8208
-934, -1224, 7462
-1598, -1078, 7652
-2032, -1218, 7500
-2108, -1134, 7280
-2182, -1140, 7452
-1936, -1094, 7368
-1824, -1006, 7562
-1824, -936, 7580
-2006, -840, 7628
-1838, -932, 7646
-1962, -920, 7486
-2036, -868, 7508
-2040, -864, 7456
-2070, -764, 7518
-1770, -864, 7542
-1952, -890, 7368
-2036, -920, 7636
-2086, -920, 7484
-2370, -836, 7518
-2410, -860, 7474
-2550, -824, 7626
-2468, -758, 7354
-2424, -744, 7430
-2272, -728, 7420
-2478, -716, 7454
-2554, -754, 7182
-2794, -756, 7200
-2976, -840, 7152
-2856, -930, 7012
-3192, -730, 7458
-2730, -842, 7198
-3000, -920, 7108
-2958, -588, 7308
-3052, -406, 7576
-3146, -296, 7778
-3182, -408, 7206
-2870, -426, 7208
-2854, -446, 7088
-2986, -498, 7324
-2946, -510, 7242
-2858, -512, 7238
-2980, -500, 7308
-2662, -538, 7236
-2756, -432, 7168
-2846, -668, 7210
-2800, -556, 7302
-2696, -470, 7512
-2760, -476, 7226
-2882, -500, 7582
-2736, -684, 7106
-2994, -538, 7404
-2758, -568, 7180
-2800, -518, 7454
-2652, -342, 7226
-2766, -414, 7308
-2624, -348, 7376
-2350, -648, 7324
-2458, -544, 7520
-2412, -640, 7286
-2566, -620, 7190
-2596, -512, 7412
-2328, -438, 7368
-2450, -458, 7638
-2404, -458, 7524
-2550, -516, 7460
-2568, -516, 7270
-2556, -640, 7356
-2520, -532, 7364
-2576, -496, 7432
-2428, -546, 7470
-2572, -496, 7394
-2654, -522, 7392
-2358, -594, 7332
-2498, -462, 7610
-2902, -612, 7600
-3110, -716, 7124
-3270, -808, 6606
-3506, -756, 6844
-3236, -806, 6968
-3218, -612, 7196
-2964, -462, 7246
-2892, -496, 7336
-2970, -490, 7186
-2946, -458, 7182
-3056, -462, 7280
-2970, -476, 7166
-2890, -392, 7160
-3052, -366, 7240
-3012, -468, 7350
-2992, -504, 7270
-2956, -542, 7088
-2876, -522, 7120
-2840, -512, 7228
-2918, -390, 7370
-2810, -362, 7348
-2874, -454, 7380
-2708, -658, 7238
-2942, -790, 7204
-2940, -874, 6926
-2884, -774, 7152
-2884, -672, 7318
-2722, -600, 7322
-2650, -578, 7308
-2894, -484, 7362
-2596, -600, 7362
-2852, -630, 7308
-2670, -640, 7114
-3042, -668, 7204
-2988, -582, 7128
-2736, -580, 7152
-2822, -342, 7412
-2446, -476, 7314
-2996, -330, 7474
-2726, -792, 7154
-3384, -560, 7134
-2786, -670, 7330
-2782, -686, 7206
-2718, -620, 7278
-2892, -690, 7138
-2920, -690, 7202
-2726, -656, 7178
-2512, -490, 7718
-2102, 316, 7988
-2682, -180, 7810
-2940, -92, 8036
-2596, -586, 7680
-3436, -1188, 7418
-3534, -1230, 5882
-3448, -156, 6774
-2872, -298, 6922
-2710, 178, 7494
-2342, 44, 7682
-2418, 234, 7696
-2244, 252, 7094
-2612, 132, 6982
-3064, -80, 7104
-2742, 10, 7274
-2862, -260, 7610
-2476, 90, 6746
-2784, -244, 6906
-3002, -22, 7880
-2182, 214, 6566
-4588, -418, 7542
-4650, -424, 7292
-4166, -790, 6778
-3918, -734, 6740
-3040, -554, 6614
-3426, -162, 6414
-2858, -274, 6162
-3288, -82, 5640
-5156, -50, 6712
-5796, -718, 6302
-5472, -802, 5798
-4846, -838, 5888
-4202, -326, 6600
-5012, -422, 5892
-4870, 124, 6348
-5848, -798, 4496
-7134, -1164, 4202
-6950, -1234, 4120
-5532, -1182, 3454
-6266, -1060, 5010
-5774, -682, 5400
-5530, -878, 5266
-5770, -850, 5270
-5852, -870, 4994
-5852, -926, 5094
-6120, -1002, 4860
-6038, -994, 4906
-5950, -840, 4978
-6138, -814, 4904
-6256, -822, 5092
-6066, -762, 4672
-6190, -756, 4686
-6142, -916, 4690
-6418, -932, 4694
-6646, -842, 4862
-5860, -1356, 4612
-5596, -1508, 5360
-5134, -878, 6378
-4836, -130, 7322
-3356, 1124, 7210
-5220, 1124, 8302
-4538, 226, 6702
-2792, -420, 6240
-1868, -186, 5966
-3300, 294, 6180
-3750, 1056, 6810
-3912, 1680, 6836
-3324, 2214, 6832
-3778, 2956, 8770
-1422, 2034, 6728
-1628, 2318, 7426
-716, 2732, 7638
-400, 2202, 7578
-722, 2048, 8354
-724, 2498, 8114
-702, 3442, 8668
-1738, 2076, 9392
-550, 1882, 7204
-96, 2592, 6490
-428, 4508, 8034
-570, 4250, 6960
128, 3490, 6254
760, 2454, 7240
*NOTE-2017.03.24@11:33:19 - 1
32, 1728, 7432
-504, 1932, 7914
-926, 794, 6698
-1782, 454, 7218
-3578, 276, 11014
436, -120, 6182
-2794, 540, 7126
-3234, 324, 6936
-2084, 1098, 6846
-4828, 4192, 11648
-2216, 2550, 7812
526, 1344, 5346
240, 1126, 5484
-1568, 1736, 8088
2, 1182, 7252
730, 514, 6874
-78, 676, 7816
98, 1304, 8470
230, 686, 6916
-1504, 282, 7172
-398, 2500, 7956
-576, 2026, 9156
-1132, 2066, 7870
-1444, 2050, 8326
-1730, 1608, 8536
-1412, 2568, 7398
-1586, 2262, 7570
-1612, 1656, 7318
-1518, 1496, 7694
-1832, 1422, 7656
-1486, 1520, 7112
-2344, 1534, 7614
-1564, 886, 7662
-1534, 932, 7556
-1654, 96, 8402
-1272, 448, 6828
-1808, 426, 7726
-1658, 56, 7060
-1844, -20, 7542
-1730, -244, 7324
-1672, -870, 6972
-1762, -996, 7518
-2174, -1566, 7776
-690, -2654, 6448
-1692, -2768, 7486
-1504, -3410, 7772
-1764, -3032, 7836
-1242, -3132, 6888
-1496, -2886, 7408
-2004, -2540, 7298
-1834, -2474, 7522
-2046, -1732, 7234
-2036, -1104, 7436
-2592, -770, 8598
-2190, 214, 7612
-2524, 2134, 8472
-3450, 1902, 8196
-4108, 5814, 5906
-536, 8178, 3004
-1416, 8344, 3220
-756, 6326, 824
-858, 5768, -1884
-7092, 5148, 1166
-7586, 6324, 5558
-3584, 4390, -1708
-5952, 3664, 960
-8220, 4984, 3890
-6082, 4224, 996
-4704, 6344, -586
-4016, 7428, -1062
-5132, 8472, -852
-5766, 8808, 406
-3672, 7998, -50
-2090, 8176, 1360
-1862, 7614, 2046
-1202, 6814, 2052
-66, 7324, 1604
466, 8454, 1012
300, 8334, 1564
1316, 7788, 1172
1176, 8274, 1282
868, 7622, 1466
676, 7542, 1414
*NOTE-2017.03.24@11:33:23 - 1
394, 7528, 1596
-96, 7422, 2314
176, 7606, 1922
158, 7968, 1714
340, 7534, 976
188, 7318, 950
70, 7808, 1590
-188, 8466, 2630
780, 8428, 3408
1088, 9034, 4370
1432, 9808, 4668
-48, 10454, 7024
1896, 10500, 5180
366, 10998, 7164
-330, 10892, 7376
-546, 10356, 6956
-1496, 9952, 8334
-1120, 8672, 7248
-572, 6792, 7058
-22, 4918, 6638
330, 3214, 5968
822, 1772, 5058
620, 130, 4672
-84, -1034, 3566
-546, -2684, 4142
376, -3684, 2538
-338, -580, 3200
1498, -4730, 2174
796, -6582, 762
-226, -6778, 214
-956, -6506, 270
1442, -6942, -2330
-1004, -7540, -3170
-1974, -7540, -2874
-430, -7534, -4656
-66, -7604, -5032
-14, -7920, -4512
-500, -7294, -3652
-142, -7528, -3346
-304, -7372, -2586
-184, -7752, -2388
-496, -6814, -1166
-344, -6372, -1182
-778, -5696, 898
34, -4516, 956
-760, -4118, 2708
-828, -3174, 2914
116, -2530, 3424
-918, -470, 4730
-1830, -802, 5978
-2104, 706, 6126
-2842, 2172, 8210
-2088, 3402, 6534
-3614, 5146, 9992
-2300, 5596, 6804
-4036, 7040, 9260
-3646, 7484, 7992
-3106, 8190, 6204
-2772, 9016, 5280
-2676, 8964, 3920
-3076, 9298, 4052
-3222, 9496, 4302
-3236, 9754, 5144
-2830, 9468, 5150
112, 8960, 3708
1108, 8790, 3076
572, 8646, 3536
-54, 8450, 3352
402, 8618, 2198
128, 7948, 2554
*NOTE-2017.03.24@11:33:27 - 1
188, 8734, 2688
-148, 9142, 3118
-316, 9714, 4052
304, 9738, 3602
488, 10470, 4332
-874, 10316, 6460
-400, 9672, 6376
-1452, 10822, 6560
-1288, 9488, 6414
-230, 8106, 6794
-1074, 7236, 7494
302, 5784, 7182
700, 4436, 5946
1120, 2672, 5888
462, 1222, 6328
268, -272, 6214
482, -1358, 4950
572, -2506, 4352
268, -3456, 3800
-328, -4058, 3676
204, -5094, 2108
-96, -5712, 1804
140, -6354, 1210
-658, -6238, 1414
130, -6990, -1224
134, -7354, -1388
-492, -7580, -1852
-834, -7276, -2574
-770, -7812, -3824
-522, -7628, -4420
-904, -7698, -3976
-586, -7424, -4206
-668, -7296, -2670
-814, -7584, -3034
-434, -7060, -1402
-430, -6740, -452
154, -6762, -1788
-182, -6110, 170
-434, -5278, 1638
482, -4992, 1036
86, -4280, 3072
12, -3722, 3984
404, -2214, 3708
-706, -884, 6654
-982, -696, 7490
-268, 166, 6738
-1042, 1622, 7584
-1456, 3214, 8340
-894, 4068, 8020
-1568, 5058, 8304
-1582, 6480, 6752
-2680, 7024, 7712
-2024, 8030, 6350
-2188, 8490, 6694
-1468, 9402, 4864
-2042, 9054, 4346
-2250, 9722, 4308
-2292, 9652, 4638
-1630, 9678, 5466
-98, 9188, 4762
2072, 8756, 2878
*NOTE-2017.03.24@11:33:30 - 1
1348, 8574, 3462
1202, 8648, 3440
1118, 8392, 3074
422, 8856, 3016
-642, 8952, 3276
-538, 9430, 3946
-202, 10328, 3430
494, 10308, 3734
318, 10478, 5516
118, 10720, 5936
188, 10430, 6386
184, 9480, 6674
410, 9016, 6770
362, 7596, 6532
252, 6298, 6550
-572, 4734, 6642
176, 3984, 6522
688, 1956, 5846
182, 814, 6816
964, -418, 5498
812, -1260, 5994
1204, -3010, 4112
-268, -3562, 5326
690, -4354, 3046
474, -5088, 2076
-440, -5808, 1644
-1076, -6710, 2226
-44, -6500, -390
-522, -6582, -698
-140, -6784, -2204
26, -7744, -3180
272, -7504, -4486
790, -6400, -6988
-558, -7790, -5970
1684, -7464, -6434
670, -6866, -2768
894, -7386, -2896
-28, -7388, -2940
-820, -6526, -682
-20, -5662, -1476
22, -5298, -1188
-826, -4200, 1614
-346, -4626, 1536
-78, -3114, 2750
-1002, -644, 5256
-594, 118, 4914
-1140, 708, 6858
-1134, 2726, 6128
-2128, 4834, 9004
-1464, 5292, 7074
-2622, 6696, 8760
-2332, 7112, 8148
-2162, 7850, 7744
-3150, 8714, 8036
-2154, 8672, 6094
-1496, 9134, 4816
-1210, 9246, 4002
-1822, 9924, 4242
-2224, 9956, 4884
-1800, 11112, 6518
794, 9124, 3364
1106, 8874, 3440
-1490, 9110, 4972
-2040, 8202, 3800
710, 8464, 1848
-192, 8536, 2512
*NOTE-2017.03.24@11:33:33 - 1
-190, 8472, 2756
-1122, 8926, 4614
-186, 10126, 4022
58, 10612, 5092
594, 10682, 4952
438, 10098, 4838
26, 9692, 5704
914, 8984, 5458
330, 7806, 5862
28, 7094, 6548
-282, 6246, 7158
98, 4744, 6534
-284, 4128, 8720
872, 3214, 6782
-300, 1910, 7046
344, 226, 5814
1384, -672, 5522
346, -1868, 5384
-408, -2546, 5484
-730, -3644, 4468
-490, -4298, 3660
26, -5126, 2196
-224, -6090, 1690
286, -6404, 562
866, -6420, -1326
-230, -6760, -1906
-448, -7220, -2798
-696, -7574, -3236
-66, -7482, -4412
-374, -7660, -4148
-324, -8980, -10232
-1836, -7360, -4400
250, -7482, -5472
-722, -7478, -3512
-752, -7938, -4358
-1192, -7110, -2400
-528, -7360, -2570
-244, -7068, -1984
146, -6852, -798
628, -6960, -706
512, -5722, -500
-802, -4844, 2650
312, -5622, 1438
624, -3122, 3114
404, -2754, 5448
1016, -3158, 4036
-186, -1026, 6680
202, -448, 6986
730, 1180, 5694
-1242, 3220, 7466
-1836, 3934, 8118
-2398, 4794, 8196
-3090, 5534, 10016
-2384, 7134, 6470
-3348, 7564, 9158
-2188, 7856, 6382
-2394, 8396, 6364
-1576, 8770, 4638
-2976, 8868, 5768
-2744, 9132, 5400
-2794, 9208, 5556
-1518, 8582, 4250
-198, 8292, 3956
-1148, 7982, 4106
-84, 9384, 3492
-168, 8646, 3058
-372, 8944, 2832
-156, 8748, 2648
-668, 8956, 2906
-98, 8878, 3142
*NOTE-2017.03.24@11:33:37 - 1
-920, 9506, 3830
-710, 10074, 4308
298, 10348, 4976
-136, 10604, 5482
-154, 10304, 6096
-568, 9398, 6948
-1296, 8324, 6700
-698, 7854, 5748
18, 6064, 6098
390, 4990, 6760
550, 3732, 6494
486, 3030, 6644
436, 1276, 6336
380, 434, 6722
330, -890, 6354
538, -1618, 5966
74, -2448, 5478
380, -3788, 3618
-464, -4336, 4316
76, -5148, 2490
-564, -6076, 1948
-696, -6546, 1176
-732, -6712, 758
-378, -6882, -478
242, -7274, -1452
-218, -7372, -1634
-336, -7452, -2300
-376, -7042, -3616
-742, -8078, -4886
-1476, -7736, -3166
-18, -7544, -5038
1112, -7470, -5210
608, -7400, -4714
646, -7200, -4256
-574, -6558, -2464
-838, -7336, -1826
-536, -7094, -1514
108, -6280, -514
1378, -5202, -1104
1222, -4812, 2092
982, -5132, 2688
2374, -3378, 2860
2628, -2238, 5708
3530, -3282, 3076
3594, -460, 5792
4060, 154, 6858
3414, 454, 5036
1714, 2532, 7322
1724, 3344, 8134
2648, 5100, 7286
1678, 6604, 9424
2058, 5628, 5824
690, 7518, 8302
584, 7128, 5920
-508, 8440, 5826
-310, 8818, 5496
468, 9980, 5040
720, 10098, 4270
12, 10028, 4806
-572, 9432, 5856
1300, 8868, 4994
1764, 8554, 3404
578, 8430, 3914
-60, 7920, 4542
292, 8636, 3966
-352, 8994, 3326
-134, 9096, 3420
*NOTE-2017.03.24@11:33:40 - 1
516, 8942, 3018
-90, 9736, 4402
1042, 9402, 4270
-24, 9452, 5400
486, 9342, 5418
284, 8952, 6294
712, 8526, 6290
1260, 8298, 6018
-490, 6606, 6706
-82, 5912, 6376
558, 4790, 6626
18, 3354, 7194
236, 2512, 7388
556, 1102, 7280
356, 948, 8262
1752, -206, 5540
1338, -820, 5822
1054, -2844, 5602
1952, -3650, 3834
1282, -4088, 3080
684, -5294, 2000
-660, -6144, 2492
152, -6276, 1558
-220, -6372, 1402
-686, -7208, 370
-594, -7188, 152
-354, -7486, 118
-658, -7666, -948
-1354, -7658, -1272
-1716, -7724, -2970
-1966, -7388, -3302
-892, -7430, -4660
-720, -7288, -5290
-98, -7542, -5672
-164, -7410, -4678
-356, -7680, -4086
-392, -7448, -4052
-240, -6890, -1822
942, -6194, -2470
-400, -5454, 1438
826, -5434, 650
928, -4676, 1834
300, -3572, 3632
794, -2548, 2800
-488, -1910, 4178
-1242, -454, 6350
-1262, 182, 6294
-1070, 1972, 6598
-2094, 2550, 9314
-456, 3450, 7274
-1696, 5210, 8290
-1296, 6654, 7372
-2166, 7014, 7682
-2740, 8088, 7732
-1864, 8836, 6756
-1832, 9066, 6220
-1170, 9624, 4516
-1280, 9632, 4032
-2546, 9870, 5438
-1974, 9544, 5054
-402, 9182, 3954
1084, 8898, 2972
880, 8820, 3126
-42, 8804, 3674
156, 8506, 3128
-266, 8222, 3076
208, 8454, 2732
-766, 9252, 2608
*NOTE-2017.03.24@11:33:44 - 1
-1182, 9022, 3526
-1110, 9760, 4178
-146, 10702, 4236
-660, 10128, 4860
-1034, 9950, 4932
-1170, 9180, 5760
-780, 8948, 5826
-2500, 7708, 7076
-3002, 7222, 7668
-2448, 6420, 7072
-2236, 4954, 6750
-2168, 3728, 6220
-1342, 2648, 5992
-1034, 1462, 6340
-976, -284, 6218
-408, -1160, 5690
-106, -1900, 5052
-340, -3012, 5078
-338, -3994, 4056
-512, -4778, 3242
-806, -5526, 2894
-904, -6090, 2692
-954, -6674, 1752
-456, -6740, 384
-548, -7114, 362
-1034, -7042, -352
-982, -7148, -984
-370, -7450, -1986
534, -7538, -3614
-370, -7700, -3780
362, -7920, -5766
-528, -7452, -5246
96, -7512, -4460
492, -7470, -5012
-208, -7646, -3710
-196, -7344, -2852
-218, -7068, -2496
-878, -6766, -606
-98, -6434, -884
-640, -6166, 970
414, -5700, -500
-1038, -4872, 2458
-814, -4940, 3180
220, -3484, 2196
-1252, -2292, 5152
-1192, -1742, 5170
-1166, -702, 5812
-1418, 852, 6438
-2454, 1396, 8816
-1560, 2720, 6978
-2140, 4186, 7570
-2660, 5172, 8534
-2752, 5692, 7672
-2930, 6824, 7200
-3126, 7538, 8132
-1422, 8156, 5724
-2030, 8934, 5966
-1628, 9056, 4674
-1274, 9696, 4624
-1950, 9602, 5420
-2078, 9622, 5968
-970, 8958, 4938
672, 8648, 3754
630, 8326, 3448
-114, 8290, 3692
-104, 8302, 3434
518, 8436, 2836
-28, 8624, 2874
-1016, 8860, 3138
-578, 8998, 3490
*NOTE-2017.03.24@11:33:47 - 1
-216, 9710, 4192
-874, 9784, 5108
114, 10006, 4826
-42, 10072, 5768
204, 9372, 5774
8, 8500, 5830
-620, 7648, 6176
20, 6644, 5988
-446, 5776, 6722
-734, 4794, 6696
-806, 3844, 6612
-606, 2650, 6928
-480, 1400, 6698
-320, 604, 6660
-538, -534, 6644
-410, -1460, 6536
-158, -2678, 5984
-12, -3294, 5516
174, -3920, 4942
-100, -4624, 4160
-454, -5082, 3790
-604, -5512, 3740
-938, -5656, 2634
-1510, -6256, 2450
-1084, -6330, 916
-680, -6858, -212
-250, -7244, -1008
-700, -7338, -1042
-196, -7522, -2880
-714, -7590, -3604
-750, -7812, -4274
-664, -7708, -4998
-560, -7730, -5326
322, -7538, -6020
-312, -7600, -4512
-328, -7538, -4260
-636, -7276, -2880
-464, -6754, -2028
-578, -6772, -768
1220, -6226, -1716
1218, -5474, -738
334, -4504, 1372
402, -5032, 1354
544, -3058, 1992
-686, -1494, 4844
-524, -950, 4238
-1346, 554, 5910
-1858, 1574, 6968
-1600, 2770, 5864
-2358, 4276, 6558
-2358, 6270, 8058
-2664, 6714, 8128
-3332, 8560, 8280
-3328, 8912, 8902
-1994, 9226, 6630
-2318, 9116, 7376
-1394, 9358, 5178
-1806, 9344, 4458
-2978, 9510, 5354
-2204, 8972, 5164
-688, 8940, 3680
256, 8642, 2518
652, 8496, 2428
-72, 8604, 3046
-182, 8326, 2998
*NOTE-2017.03.24@11:33:50 - 1
384, 8336, 2306
528, 8326, 3086
354, 8460, 2944
-896, 9338, 3514
-770, 9674, 4172
-164, 10460, 3848
704, 10250, 4092
-314, 9938, 4908
-978, 10020, 5452
-1394, 9464, 6052
-1220, 8616, 5936
-1762, 7422, 6878
-1854, 6948, 7244
-1646, 5924, 6966
-1648, 4938, 6642
-1672, 3700, 6928
-626, 2736, 6566
-90, 1242, 6580
320, 202, 6018
360, -966, 5706
704, -2028, 5550
256, -2788, 4638
-66, -4102, 4200
-522, -4708, 3600
-244, -5726, 2508
148, -5812, 2154
-266, -6484, 2252
38, -6804, 898
56, -6960, -530
-1252, -7372, 308
-888, -7344, -246
-592, -7562, -1974
-962, -7376, -2928
-228, -7698, -4314
-1012, -7612, -5226
-1528, -7206, -5812
-610, -7146, -6054
-466, -7324, -4840
-204, -7308, -4532
-676, -6876, -2536
-156, -6824, -2776
44, -6606, -1300
300, -5972, -678
918, -5018, -994
282, -3758, 1988
322, -3186, 3396
1002, -2822, 3418
-120, -1322, 6158
-18, -416, 5976
-230, 576, 6132
-806, 1556, 6572
-1862, 3100, 9896
-1002, 3804, 6258
-3070, 5586, 9682
-1182, 6150, 7528
-1776, 7046, 7138
-2052, 8704, 7286
-1708, 8864, 6564
-2032, 10018, 5920
-1702, 9980, 4046
-2190, 9968, 4640
-2798, 9964, 5408
-2294, 9450, 5328
188, 9072, 3372
1160, 8774, 2832
164, 8378, 3490
-214, 8414, 3212
-72, 8220, 2612
-216, 8342, 3170
-40, 8292, 2996
*NOTE-2017.03.24@11:33:54 - 1
-1280, 9206, 3704
-1262, 9774, 4164
-824, 11082, 4170
-642, 10502, 4564
-808, 10526, 5042
-696, 10480, 5018
-1664, 9664, 6178
-1584, 9012, 6146
-1554, 8080, 6674
-1838, 7234, 7186
-1450, 6400, 7186
-1248, 4802, 6624
226, 4286, 6800
622, 2572, 6932
-266, 1100, 6974
748, 52, 5230
746, -1352, 5868
1064, -2248, 4742
1590, -2960, 2720
838, -4384, 2966
816, -4856, 2922
1616, -5460, 744
1168, -6800, 126
-926, -6056, 1962
-456, -7302, -160
-1608, -7246, 506
-678, -7608, -1292
-424, -7650, -1588
-528, -7602, -1670
-284, -7486, -3294
-378, -7712, -4280
-942, -7588, -5158
-792, -7654, -5284
-242, -7442, -5522
-730, -7514, -4682
-900, -7310, -3662
-256, -6522, -2994
-1146, -6680, -908
282, -5904, -1810
444, -5612, 538
1210, -4738, -1068
778, -3122, 1180
152, -2302, 4458
678, -1512, 4556
170, -88, 5540
274, 1202, 5876
-1166, 1700, 7448
-762, 3496, 7188
-1262, 4648, 7794
-898, 6236, 6986
-2514, 7836, 8732
-1162, 8082, 6344
-2856, 9088, 8404
-780, 9348, 5852
-1512, 10386, 5090
-2394, 10342, 4182
-4186, 10844, 5522
-2986, 9984, 4848
-1444, 9678, 3670
100, 9372, 2474
154, 8754, 1680
-1252, 8816, 2496
-948, 7942, 2050
-1446, 8170, 2716
*NOTE-2017.03.24@11:33:57 - 1
-1442, 8192, 2968
-2228, 8222, 3368
-2300, 8896, 3282
-928, 10192, 1670
-1204, 10420, 2684
-1572, 9684, 4248
-1934, 10210, 4606
-1654, 10458, 4584
-1576, 10050, 4836
-1982, 9830, 5930
-2162, 8416, 5976
-1068, 7750, 6608
-446, 7568, 6670
-412, 6046, 7238
-14, 4408, 7314
-162, 3246, 8648
724, 2458, 7422
56, 1396, 6738
130, 718, 6802
1028, -384, 5372
1044, -1508, 4558
462, -2496, 3476
-1042, -3912, 3788
-664, -5370, 1810
410, -5692, 478
622, -5904, -504
156, -6642, -2098
-964, -7002, -2222
-766, -7164, -3524
-352, -7596, -4630
-442, -7694, -5938
-326, -7688, -6448
-92, -7700, -5558
-40, -7672, -4216
-152, -7476, -3696
-684, -6952, -2290
-806, -6694, -368
290, -6316, -1170
-558, -5852, 800
4, -5908, 888
200, -4208, 960
254, -3294, 1990
36, -2484, 3170
624, -2176, 4022
210, -140, 5068
-1876, 866, 7862
-1494, 1274, 6970
-1512, 3610, 7830
-860, 3922, 7534
-1480, 5796, 8584
-3246, 6216, 9414
-2046, 6972, 6758
-3238, 8002, 8642
-2030, 8420, 7202
-732, 9036, 5654
-568, 8978, 3574
-1760, 9048, 3362
-2526, 9384, 4078
-3098, 9156, 4646
-2072, 9300, 4884
-618, 9130, 3678
1000, 8830, 2908
860, 8666, 3316
910, 8406, 3084
200, 8190, 3828
*NOTE-2017.03.24@11:34:00 - 1
506, 8624, 3528
-240, 9144, 4054
-782, 9092, 4496
-224, 10212, 3972
-606, 10602, 5310
-512, 10548, 4730
-586, 10170, 4678
-1636, 10106, 6148
-1244, 9724, 5368
-1814, 8770, 6378
-1794, 7786, 6382
-1214, 7120, 6474
-386, 6108, 6386
-112, 4650, 6648
672, 3210, 6544
546, 1970, 6816
602, 718, 6044
1930, -714, 4850
526, -1716, 5674
180, -2926, 5092
456, -3854, 4112
162, -4380, 3346
-40, -5446, 2606
-112, -6060, 1496
-266, -6392, 1690
238, -6276, 522
-404, -7238, 34
-152, -7418, -906
96, -7228, -1714
-34, -7316, -2816
-42, -7446, -3990
-48, -7740, -4898
-442, -7664, -6476
442, -7542, -6510
456, -7288, -5800
-16, -7190, -4590
-560, -7406, -3510
-528, -6920, -3008
-818, -6358, -1216
78, -6478, -472
202, -5446, 866
306, -4776, 1346
242, -4562, 2632
720, -3220, 4102
1744, -1998, 3518
468, -1106, 5314
220, -226, 4954
-964, 1420, 6860
-310, 2992, 6172
-2004, 4006, 8114
-1770, 5778, 8168
-2374, 6564, 8536
-3146, 8572, 9208
-1710, 8646, 6098
-2696, 9670, 8350
-1078, 9998, 5730
-1470, 9900, 4554
-2748, 9662, 4890
-2830, 9238, 5084
-2376, 8890, 4782
-1280, 8926, 4336
-1274, 8302, 5186
358, 8342, 2594
-440, 8418, 3692
-576, 8394, 4026
-544, 8672, 3608
*NOTE-2017.03.24@11:34:04 - 1
-1224, 8838, 3682
-650, 9696, 3566
-436, 10026, 3746
-528, 9976, 4448
-1142, 10082, 5532
-1308, 9814, 5482
-1166, 9914, 6140
-1514, 9232, 6624
-1454, 9112, 7102
-2110, 7804, 7100
-1364, 6314, 6830
-1368, 4850, 6796
-976, 3758, 6780
-800, 2228, 7772
-394, 2336, 6534
746, 766, 5490
624, -816, 5436
936, -2524, 5246
1754, -2902, 3452
1762, -4046, 2506
768, -4566, 2500
300, -5690, 1856
-230, -6746, 1550
-160, -6714, 792
-684, -6782, 872
-460, -7532, -364
-638, -7326, -242
-22, -7280, -1696
-708, -7306, -1736
-40, -7558, -3992
538, -7592, -6038
-288, -7914, -5520
378, -7774, -5614
238, -7512, -4818
-328, -7088, -3302
334, -6972, -2972
422, -6538, -1424
602, -6702, -1640
-14, -5528, -90
176, -4784, 738
358, -4186, 1000
-602, -3322, 4712
722, -3314, 3214
506, -1550, 3560
-1882, 594, 7014
-1312, 732, 4784
-1800, 2546, 6364
-2704, 4786, 9196
-2078, 5232, 7988
-2422, 6916, 7954
-3398, 7886, 8278
-3540, 7914, 7818
-3714, 8884, 8534
-1824, 8446, 6238
-1822, 9662, 4598
-2250, 9344, 4364
-2788, 9350, 4154
-2476, 9160, 4406
-1076, 8750, 4002
-376, 9002, 3654
658, 8834, 2750
*NOTE-2017.03.24@11:34:07 - 1
-96, 8024, 3766
-1154, 8048, 4580
-748, 8332, 3828
-764, 8278, 4110
-1318, 9890, 4892
-1150, 11068, 5848
-264, 10974, 5182
-1272, 10952, 6634
-654, 10792, 5318
-1036, 10478, 6512
-930, 9328, 7192
-1404, 7668, 6072
322, 6720, 4906
-1458, 5700, 7240
-614, 4232, 6640
56, 2824, 6078
-196, 1420, 6750
640, 568, 6238
1168, -598, 5042
358, -1810, 5362
748, -3448, 4308
800, -3940, 3476
962, -4724, 2910
956, -5116, 2226
44, -6086, 2222
-588, -6728, 1688
-538, -6858, 1074
-192, -7132, -138
-422, -7212, -590
-114, -7446, -1250
-176, -7568, -1584
-702, -7704, -2390
-740, -7804, -2810
-1128, -7700, -3464
-898, -7586, -5234
-488, -7466, -5182
310, -7588, -5018
-44, -7120, -4616
70, -6918, -3602
648, -7146, -3118
-432, -6976, -1420
534, -6042, -1656
408, -5068, 274
32, -4868, 2086
176, -4494, 2102
30, -2952, 3208
-108, -2744, 4852
1112, -1016, 3476
-870, -58, 6402
-36, 1888, 4970
-2044, 3072, 8242
-1890, 4828, 7550
-2464, 6120, 8360
-3076, 7508, 8486
-3556, 7682, 8542
-3388, 9014, 7944
-2514, 9308, 6412
-2712, 9800, 5812
-2956, 9944, 4502
-2834, 9542, 4366
-2702, 9520, 4984
-896, 8932, 3778
-578, 9096, 4134
*NOTE-2017.03.24@11:34:10 - 1
322, 8540, 3844
-378, 8524, 4898
-684, 8062, 4630
-952, 8162, 4316
-1098, 8362, 4180
-734, 9586, 3346
-1702, 9804, 4342
-2498, 9930, 5942
-1884, 10890, 5454
-1662, 11468, 5576
-1552, 10940, 5874
-1562, 9998, 5800
-1708, 8762, 6104
-824, 8042, 5850
-962, 6334, 7244
-456, 5354, 6688
-514, 3672, 6642
-190, 2672, 6574
316, 1134, 6946
678, 38, 5970
960, -1260, 4668
970, -2748, 3562
-262, -3806, 4326
264, -4640, 2826
280, -4844, 2826
1018, -5704, 1154
-76, -6630, 1412
-184, -6888, 482
-50, -6848, 60
-370, -7024, -250
-104, -7050, -1758
162, -7828, -3006
-566, -7488, -2992
-814, -7588, -4472
-1438, -7580, -4288
60, -7474, -6652
58, -7318, -5662
532, -7546, -5558
560, -7070, -5424
626, -7146, -4984
64, -6354, -2412
120, -6152, -2518
6, -6154, -1162
-266, -4802, 734
8, -4596, 1700
568, -3578, 2910
1236, -1844, 4042
82, -2158, 5604
-552, -446, 5288
-2394, 814, 8476
-1684, 474, 6768
-1988, 2716, 7106
-2802, 3818, 8572
-2424, 4256, 7530
-3880, 5496, 9428
-2206, 6290, 6416
-3048, 8426, 6684
-2680, 9602, 5688
-2540, 10164, 4388
-2586, 10530, 3926
-3368, 10426, 4650
-3838, 10182, 6592
-1974, 9864, 7168
-1118, 9714, 8056
82, 8042, 5916
-702, 8572, 4836
-994, 8534, 2988
74, 8606, 894
*NOTE-2017.03.24@11:34:13 - 1
358, 7664, 2
-500, 7614, 1798
-1236, 8100, 2402
-264, 7878, 1860
-986, 7862, 3138
566, 6538, 2344
-1010, 6518, 5288
1470, 4926, 1970
-862, 5464, 6236
464, 4838, 3604
502, 4918, 2766
-352, 4878, 1748
-1194, 5682, 4848
-956, 6036, 3782
-646, 2940, 3034
-4584, 4358, 9524
-4944, 5940, 6802
-3256, 4662, 2946
-58, 6858, 8610
-5512, 3660, 6410
-3212, 1082, 6458
-3222, 1058, 7058
-3802, 862, 7298
-3360, 590, 6982
-3516, 836, 7512
-2914, -16, 6904
-3122, 398, 7172
-2912, 314, 6502
-3828, 880, 7112
-2844, -290, 7414
-2680, 180, 6922
-2772, 690, 7478
-2350, 136, 8210
-2674, 1290, 7220
-2172, 1918, 6058
-2506, 1062, 7146
-1714, 1400, 7002
-3108, 1430, 8142
-2548, 1604, 6930
-3220, 1512, 6922
-2186, 1516, 7182
-4046, 1106, 7852
-3314, 650, 7264
-3806, 1480, 7394
-2702, 1880, 5600
-2448, 1710, 6796
-2060, 1244, 6374
-2796, 2104, 6816
-3318, 2112, 6634
-2278, 1720, 6686
-3598, 1496, 7062
-3856, 1150, 7786
-3864, 1232, 7224
-3974, 918, 7058
-2676, 378, 6756
-4358, 1182, 7492
-3736, 1196, 6648
-4448, 1592, 6926
-2706, 894, 6160
-3910, 1664, 6800
-3050, 1478, 6416
-3796, 1472, 6624
-4254, 1438, 6950
-3360, 1412, 6666
-3704, 2040, 6186
-4382, 2160, 6030
-4476, 976, 7756
-4532, 1540, 6752
-4110, 1740, 7232
-3958, 2392, 5750
-3496, 3128, 5726
-4072, 2862, 5978
-4628, 3414, 6012
-3588, 3430, 6172
-3526, 2976, 6856
-3318, 2984, 6180
-2772, 3298, 6890
-3150, 3070, 6324
-2698, 3146, 5994
-1992, 2504, 6984
-3338, 2286, 7068
-2256, 1318, 7662
-2546, 910, 6708
-3208, 78, 7126
-3770, 700, 6462
-2262, -344, 4436
-2292, 2858, 8538
-1436, 3606, 9828
-3268, 228, 5826
-4526, -662, 6596
-2148, 266, 8548
-3500, 1266, 7710
-2388, 1050, 6830
-2344, 1228, 7184
-3684, 1546, 8388
-2712, 1020, 6842
-2818, 1198, 8080
-2662, 1060, 6810

-----------------------------------------------
Date: 24.03.2017 - 11:34:18
End log file
