Terminal log file
Date: 24.03.2017 - 13:10:34
-----------------------------------------------

%~>daq start

 DAQ started.
%~>quit
%~>-1314, 7850, 1882
-1306, 7918, 1974
-1372, 7738, 2102
-462, 7690, 1840
-1516, 7104, 2156
-6076, 7470, 3726
-7406, 6478, 4192
-5366, 5796, 3138
-4842, 4824, 1842
-4244, 5628, 1332
-3948, 5400, 604
-4060, 5722, 1104
-4630, 6002, 522
-3982, 6012, 474
-3300, 6218, 734
-3880, 6334, 872
-4568, 6786, 1900
-4750, 7174, 2234
-4520, 6856, 2198
-4384, 6700, 2166
-4242, 6570, 1746
-4136, 6522, 1378
-4642, 6640, 2122
-5244, 5952, 2848
-5822, 6564, 3072
-4092, 5718, 3244
-3912, 5948, 2690
-2902, 5832, 3170
-2950, 6678, 2818
-2942, 7102, 5096
-3392, 6604, 5512
-2224, 6786, 4972
-2238, 6586, 4586
*NOTE-2017.03.24@13:10:35 - 1
-2052, 5976, 4296
-2104, 5750, 4410
-3046, 5876, 4494
-3196, 5960, 3470
-3400, 6594, 2346
-3038, 6252, 1910
-3260, 6090, 1988
-3206, 5768, 1566
-1682, 6294, -1292
-7078, 7282, 2494
-8360, 5748, -496
-7868, 5136, -86
-6160, 5328, 66
-4684, 6244, -382
-4148, 8254, -1094
-7326, 7614, 1668
-5924, 5834, -1468
-5570, 6646, -712
-4328, 6716, -1028
-3668, 6544, -160
-2654, 7352, 2738
-2854, 7976, -502
-1270, 7880, -1542
-3494, 7202, 240
-4508, 8280, 998
-2212, 7230, 1962
-1358, 6842, 3188
-2102, 8140, 4020
-1174, 6858, 1388
-358, 7514, 232
684, 8124, 272
-334, 7774, 1052
-1698, 8776, 1910
290, 7206, -302
-1248, 7824, 1482
-1268, 7966, 648
-1306, 7788, 724
-670, 7994, 888
-300, 8352, 842
-130, 8054, 292
384, 8216, 52
-24, 8028, 168
-286, 8100, 542
-522, 8316, 420
*NOTE-2017.03.24@13:10:37 - 1
-236, 8140, 882
-568, 8000, 946
-200, 8076, 664
-532, 8076, 632
-320, 8042, 900
-924, 7930, 1850
-1708, 8132, 2778
-1316, 8624, 3350
-410, 8790, 3442
-1516, 8386, 3534
-1332, 8430, 3838
-1596, 8926, 3592
-2152, 8290, 5496
-1224, 8956, 6276
-2666, 9514, 7840
-3492, 9924, 8914
-2718, 9530, 8184
-2648, 8364, 7524
-3336, 7732, 8024
-1390, 6238, 5430
-1822, 5216, 7506
-624, 3058, 5274
-970, 1548, 5918
-92, 710, 4832
-282, -166, 4824
632, -2008, 3758
-598, -3538, 3246
-498, -4666, 3174
-268, -5294, 1808
424, -6090, 632
-168, -7008, 360
82, -6950, -1164
-488, -7112, -774
-980, -7514, -1214
-414, -7952, -3110
-846, -8102, -3322
-148, -7564, -3848
368, -7796, -3272
-178, -7222, -2602
1146, -7066, -2162
672, -6414, 336
1328, -6268, -776
-298, -5272, 1402
-456, -4962, 2134
280, -3858, 2262
-1816, -2822, 4040
-1650, -2224, 4106
-2002, -348, 4202
-3188, 780, 5362
-3392, 1854, 6792
-3836, 4014, 5094
-6362, 5840, 7446
-4752, 5678, 5268
-6766, 8646, 7294
-5276, 8236, 4456
-7212, 9138, 5716
-6086, 8970, 3436
-5900, 10752, 4362
-6860, 11576, 6338
-7988, 9590, 6564
-2870, 7860, 3730
-2570, 8706, 3822
-2898, 7784, 3366
-1456, 8336, 2134
-346, 8230, 1568
-1216, 8048, 2832
-646, 8414, 2746
*NOTE-2017.03.24@13:10:41 - 1
-2050, 8818, 3412
-2314, 9882, 4096
-738, 10070, 4044
-2218, 9866, 6540
-1800, 10468, 6230
-1944, 10300, 6724
-2582, 9652, 6716
-4092, 7760, 7196
-3766, 7474, 7530
-3198, 6178, 7000
-3392, 4606, 7146
-1134, 3618, 4442
-1584, 1978, 5848
-790, 982, 5314
-382, -864, 4924
-320, -1470, 4682
-30, -2980, 3304
-364, -4254, 2520
-166, -5254, 988
-590, -5780, 1330
480, -6648, -76
272, -6514, -248
362, -7174, -1994
470, -7294, -2268
-242, -7766, -2470
218, -7678, -3386
336, -7746, -4606
-558, -7494, -4854
512, -7762, -5088
518, -7656, -3672
-64, -7480, -3092
608, -7178, -3076
-516, -6636, -648
230, -6584, -934
-228, -5198, 120
-1928, -4898, 2392
-344, -4652, 1640
-360, -3580, 3418
-996, -3250, 4472
-798, -1470, 4064
-2266, -1222, 7000
-1768, -316, 6458
-1668, 1036, 5508
-3460, 2350, 6202
-3544, 3528, 6106
-4730, 4626, 5804
-6246, 5704, 8016
-4516, 6892, 5032
-5922, 8588, 7340
-4858, 8414, 5000
-5624, 10816, 5874
-6584, 11466, 6522
-7266, 9880, 5440
-4762, 7818, 4902
-1994, 8558, 2556
-2492, 7854, 1676
-2860, 7852, 2284
-1752, 8252, 1704
-1806, 7960, 2240
*NOTE-2017.03.24@13:10:44 - 1
-1406, 8324, 2074
-1358, 8192, 1688
-1860, 7974, 3150
-3374, 7964, 3748
-5262, 9586, 6604
-5534, 9930, 7434
-5618, 11130, 7444
-5960, 12032, 6612
-6050, 12656, 5950
-3886, 10792, 4574
-3848, 9152, 5476
-3910, 7378, 5942
-1960, 6166, 5020
-1168, 4658, 5280
-740, 2476, 5384
-342, 586, 4632
-164, -768, 3938
-560, -2304, 3292
-306, -3110, 3260
-74, -4774, 2048
-968, -5574, 3308
-186, -6140, 1834
-570, -6730, 1906
-642, -6808, 812
-716, -7128, -358
-496, -7360, -1084
-634, -7534, -766
206, -7322, -1470
604, -7528, -2680
1022, -7702, -4728
1116, -7068, -4578
2284, -7626, -5478
1632, -7206, -5024
886, -7086, -3806
340, -6800, -2582
768, -6328, -2268
-224, -5338, 754
1066, -5578, 460
580, -4754, 2836
884, -3994, 4018
1534, -2638, 2818
-292, -2258, 6782
842, -760, 3634
-1780, -10, 7092
-1786, 928, 6430
-2052, 1940, 7180
-2892, 2698, 8048
-2928, 4732, 7372
-6120, 4322, 9246
-4548, 5428, 7020
-5506, 6408, 9614
-4322, 6798, 6768
-3006, 8012, 5562
-2546, 8314, 3922
-3170, 8996, 3756
-4722, 9372, 5420
-5844, 9254, 6050
-4828, 8788, 5072
-2590, 7922, 3418
-2546, 8020, 4462
-2296, 7760, 4242
*NOTE-2017.03.24@13:10:47 - 1
-2284, 7782, 3932
-3764, 8472, 5456
-5582, 9744, 7002
-5960, 10212, 7804
-6014, 11192, 6966
-6016, 11132, 6576
-4690, 10740, 5080
-3374, 9258, 4820
-3238, 7672, 5848
-2246, 6132, 6296
-2030, 4662, 6160
-1202, 2662, 6102
-1084, 1936, 6146
-458, 124, 5028
-196, -950, 5194
652, -2616, 3252
-504, -3524, 4078
-348, -4450, 2858
-172, -5414, 2410
-118, -6130, 2204
194, -6214, 816
642, -6486, 34
854, -7014, -748
404, -7874, -1296
214, -7300, -1140
96, -7138, -2620
-320, -7462, -3370
732, -7496, -5600
298, -7300, -5188
1038, -7834, -5968
642, -7272, -5154
218, -7168, -4970
-106, -6866, -4056
-230, -6356, -2412
812, -5994, -1824
1404, -5224, -900
564, -4566, 842
1006, -5604, 1090
244, -3198, 2970
-336, -3030, 4106
-1264, -2488, 5780
-372, -1394, 5374
-1638, 398, 6912
-1654, 1400, 7458
-1202, 3598, 6760
-2908, 3808, 9588
-2172, 5524, 6482
-3350, 6418, 10314
-2470, 7048, 7466
-2830, 8648, 8204
-2592, 8336, 6518
-2992, 8770, 6698
-3112, 8590, 5300
-3490, 9164, 5196
-4610, 8822, 6052
-4636, 8466, 6226
-3366, 8002, 5186
-1466, 7874, 4112
-1062, 7966, 3564
*NOTE-2017.03.24@13:10:50 - 1
-1154, 8000, 3516
-1574, 8392, 4246
-1958, 8402, 4246
-1892, 9216, 6082
-426, 9242, 5092
-1806, 9924, 7004
-1632, 10510, 6734
-1088, 10060, 6398
-1458, 9048, 6298
-1654, 7918, 6606
-1594, 6458, 6942
-1316, 5608, 6768
-922, 4372, 7196
-480, 3032, 6198
-376, 1394, 6968
-136, 44, 5936
-306, -1134, 5282
-384, -1774, 5294
434, -3162, 4862
758, -4240, 4380
960, -4820, 3244
282, -5606, 3324
868, -5954, 1954
442, -6112, 1516
-868, -6764, 2344
544, -7040, -274
366, -7212, -372
726, -7334, -904
774, -7460, -1474
-174, -7580, -1376
70, -7744, -3346
436, -7598, -5092
486, -7656, -4910
682, -7566, -5074
592, -7458, -4010
590, -7440, -4400
464, -7178, -3238
-656, -6662, -1114
1158, -6596, -2758
136, -5434, 1552
1038, -5662, 758
1090, -4822, 1068
298, -3728, 4318
352, -2642, 4352
194, -1790, 3308
-742, -84, 3806
-1970, 530, 6006
-2846, 1970, 5770
-3382, 2718, 8130
-2772, 4280, 7466
-3820, 6316, 7292
-5470, 7178, 8082
-6074, 7936, 9364
-4358, 7864, 5690
-5240, 8766, 6688
-4164, 8294, 4432
-4546, 7554, 3734
-5418, 8266, 4700
-6730, 8066, 5680
-5654, 8240, 4200
-4130, 8164, 3314
-2026, 7452, 2972
-1486, 7626, 2598
-1588, 7992, 3198
*NOTE-2017.03.24@13:10:53 - 1
-1294, 8404, 2654
-1620, 8450, 3482
-2454, 8332, 5004
-3288, 10040, 6434
-2342, 10212, 6176
-2586, 10766, 6834
-2248, 10706, 6600
-1920, 9908, 6200
-1860, 8734, 6138
-1908, 7248, 5944
-2570, 6422, 6812
-1526, 4942, 6498
-868, 3860, 6946
-146, 2338, 7120
690, 950, 6398
416, -304, 5240
484, -1508, 4736
-180, -2694, 5096
532, -3926, 4078
570, -4760, 3730
452, -5022, 3556
272, -5280, 3384
396, -6274, 1524
236, -6428, 676
828, -6822, -630
328, -7236, -706
108, -6962, -1154
100, -7472, -2258
268, -7204, -3420
1306, -7218, -5896
1428, -7220, -7148
1630, -7072, -7102
2446, -6910, -7318
1422, -6914, -5646
1276, -6718, -5042
158, -6134, -2328
1278, -5714, -1760
1612, -4606, -320
740, -4222, 600
-108, -2992, 2252
-942, -2314, 4482
-634, -1440, 3808
-748, 1180, 3314
-2280, 2226, 7336
-1922, 2640, 6272
-3536, 5364, 8228
-3694, 6498, 9890
-1528, 8030, 5116
-5112, 9062, 11730
-2930, 9132, 6320
-4154, 9520, 9816
-1588, 9480, 5152
-3154, 9448, 5508
-3720, 9204, 5448
-3488, 9714, 5226
-3498, 8352, 5410
-2394, 7988, 4568
-1648, 7760, 4006
-2318, 7716, 4806
-2248, 8210, 4428
-1678, 8930, 4492
*NOTE-2017.03.24@13:10:56 - 1
-2170, 9502, 5198
-2194, 9460, 6594
-2030, 10246, 7076
-2072, 10636, 6834
-2290, 10862, 6796
-1630, 9960, 6570
-1236, 8920, 7026
-450, 7546, 6930
-196, 6450, 7148
-188, 4558, 5860
222, 3326, 5806
38, 1702, 6086
284, 52, 6014
994, -1150, 5190
1066, -2344, 4550
776, -3288, 4510
1316, -4576, 3144
1338, -5142, 2234
334, -5816, 2088
286, -6406, 824
334, -6568, 160
648, -6740, -580
1444, -7388, -2508
144, -7302, -754
850, -7724, -2418
280, -8050, -3504
-234, -7798, -4568
-574, -7582, -4832
-90, -7576, -4872
1260, -7258, -4078
1428, -7030, -3672
854, -6584, -2540
566, -6438, -898
1360, -5956, 94
1432, -5596, 482
-56, -4770, 3174
28, -4418, 2750
-110, -3536, 4544
-52, -2454, 4888
-512, -1350, 6262
-1088, -1078, 6166
-1538, 412, 6736
-2580, 598, 7052
-2606, 3232, 5972
-4696, 3420, 9052
-3008, 5238, 4516
-5720, 6200, 9120
-3514, 6806, 4408
-5388, 8578, 7696
-3884, 8750, 5036
-4322, 9124, 5256
-4244, 10122, 4668
-6032, 11254, 7246
-5170, 9592, 6968
-2592, 7642, 6648
-1122, 8216, 5372
-1888, 7630, 4614
-1850, 8318, 3526
-1626, 8556, 3996
*NOTE-2017.03.24@13:10:59 - 1
-2504, 8602, 5078
-2992, 9728, 6070
-2222, 9902, 6278
-2646, 10310, 6644
-2578, 9750, 6750
-3380, 9998, 7272
-2070, 9060, 6694
-1358, 7812, 6810
-812, 6636, 7652
812, 5602, 6248
1474, 4008, 5244
728, 1820, 5330
192, 344, 5486
-348, -718, 6066
720, -1486, 4676
806, -3234, 4720
564, -4066, 3540
-124, -4916, 4114
1088, -5376, 2108
1620, -5900, 2044
1308, -6550, 754
-218, -6890, 1266
-492, -7148, 892
-626, -7276, 656
-248, -7838, -1758
-148, -7954, -3062
104, -7872, -2360
666, -7564, -4176
192, -7770, -4292
716, -7394, -4050
1230, -7488, -4418
1226, -7320, -2996
944, -7312, -1590
724, -7120, -582
248, -6496, 952
690, -6188, 1100
514, -6118, 1922
-410, -5474, 2998
352, -4646, 2354
-480, -3378, 4248
368, -3382, 3582
-854, -2164, 5442
-1138, -1116, 5764
-1220, 60, 6472
-1642, 1474, 6426
-2122, 3386, 7392
-2732, 4176, 7194
-3564, 5114, 7644
-3906, 6704, 7590
-5234, 6618, 6904
-5404, 7864, 8222
-4848, 7930, 4838
-5862, 8412, 6292
-4526, 8242, 4760
-3650, 9340, 5234
-4214, 9310, 5672
-6162, 8804, 6932
-2430, 7360, 5410
-1470, 7190, 5220
-1920, 7698, 4918
-1666, 8690, 5230
*NOTE-2017.03.24@13:11:02 - 1
-2162, 9240, 6116
-2496, 9738, 6656
-2454, 9688, 6992
-2086, 9866, 6474
-1252, 9308, 5796
-1884, 8232, 6900
-1856, 7708, 6778
-1008, 6366, 7228
-770, 5020, 6980
-640, 3696, 7022
48, 2470, 6618
26, 1264, 6404
-574, -124, 6446
20, -1160, 5950
-12, -2474, 5432
-370, -3158, 5442
92, -3970, 4356
202, -4504, 3588
546, -5230, 2472
504, -5674, 2234
280, -6378, 928
650, -6702, -514
1142, -6900, -1488
516, -7278, -1322
392, -7532, -1240
-38, -7440, -1698
-190, -7880, -3564
-356, -8042, -4234
-166, -7824, -4908
142, -7462, -4926
1286, -7168, -4466
892, -7162, -4034
1788, -6824, -3868
578, -6602, -1682
2024, -6316, -2742
958, -4938, 280
138, -4994, 728
-252, -3528, 2014
-244, -2492, 2718
-1044, -1790, 3926
-1296, -582, 4596
-2126, 616, 6408
-2468, 1858, 6274
-2676, 3754, 6870
-4562, 4414, 9572
-3752, 6156, 6256
-5506, 7302, 9880
-4262, 8056, 6652
-3974, 8724, 6924
-4084, 9338, 6304
-3376, 9612, 5442
-3678, 8846, 4986
-4112, 9696, 5218
-3626, 9440, 4668
-3444, 8402, 4028
-2526, 7686, 3748
-1872, 8034, 3468
-1358, 8106, 3172
-480, 8396, 3068
*NOTE-2017.03.24@13:11:05 - 1
-1554, 8240, 3724
-1556, 8214, 3812
-3350, 9480, 5556
-1898, 10556, 4584
-2658, 11434, 7304
-2320, 11804, 7378
-1824, 11668, 6284
-2104, 10658, 6114
-1888, 9122, 5646
-3360, 7388, 7266
-2824, 6522, 6820
-1530, 5240, 5930
-1016, 3228, 5396
-838, 1682, 5886
-798, 566, 6548
-96, -982, 4800
-414, -1808, 4946
-402, -2972, 4182
-368, -4160, 3472
568, -4524, 2436
356, -5662, 1870
-258, -6322, 2364
-250, -6350, 1050
-44, -6616, 276
-376, -6848, -1086
278, -7234, -2816
860, -7224, -3582
1192, -7212, -4784
920, -7288, -5660
770, -7356, -6128
2166, -7430, -6790
862, -7288, -5216
1144, -7058, -4872
252, -6610, -2996
406, -5912, -1880
-26, -5404, 262
676, -4956, 272
1368, -3702, 1488
2318, -2680, 1778
2210, -1596, 3786
1044, -564, 5290
1060, 820, 5126
-684, 2364, 6902
-1104, 4090, 7852
-2040, 4918, 9170
-2326, 6392, 8590
-2744, 7246, 8338
-2684, 8092, 6696
-4730, 9508, 8564
-3960, 9580, 5818
-4118, 9952, 5506
-3550, 9914, 5748
-3170, 9544, 4924
-2940, 9418, 6112
-2112, 8458, 5044
-1084, 8254, 5400
-1634, 8244, 5162
-1848, 8734, 4338
-2180, 8436, 4122
-2406, 8482, 5636
-1692, 10584, 4994
*NOTE-2017.03.24@13:11:08 - 1
-1170, 10544, 5064
-1812, 10214, 5968
-2220, 10612, 6616
-1122, 10662, 6354
-1142, 9650, 6546
-1062, 8636, 6724
-662, 7280, 6834
132, 5600, 5672
-870, 4298, 7084
-908, 3070, 6840
342, 1278, 5628
-418, 6, 5666
-308, -1378, 4856
126, -2556, 4936
708, -3800, 4008
558, -4536, 3314
742, -5168, 1814
-240, -5860, 2270
-62, -6224, 792
-644, -6630, 770
752, -6694, -984
500, -6970, -1564
12, -7332, -2394
164, -7318, -3584
-248, -7912, -4958
188, -7676, -5898
-60, -7284, -5922
852, -7168, -5514
842, -7286, -4598
944, -7024, -4046
-230, -6750, -2066
1016, -5840, -2962
-40, -4920, -152
504, -4636, -818
388, -2850, 2364
1926, -2280, 2820
1876, -1252, 3536
924, 1502, 2308
-258, 2796, 4204
-1822, 5066, 8438
-834, 6188, 7914
-918, 8106, 10002
-748, 9670, 8240
-3500, 10070, 10410
-2770, 10384, 6266
-4610, 10494, 6516
-4194, 9958, 5508
-3728, 9980, 4786
-4726, 9852, 6148
-4322, 9546, 6214
-2950, 8206, 5436
-1808, 8152, 5036
-2300, 8252, 5398
-2028, 8396, 4178
-2350, 8672, 3836
*NOTE-2017.03.24@13:11:11 - 1
-2064, 9222, 3980
-1886, 9770, 4610
-1236, 9678, 5176
-1700, 10006, 6782
-3084, 10368, 7546
-2276, 9856, 6674
-1824, 8832, 6766
-2366, 7432, 7182
-1552, 6364, 7436
-692, 5532, 7180
148, 3998, 6442
-576, 2390, 7038
48, 1420, 6502
986, 88, 4684
-322, -1274, 4734
-346, -2328, 4814
734, -3426, 3240
862, -4416, 2536
612, -5238, 1846
258, -6286, 1166
-544, -6040, 1710
232, -6432, -622
978, -7186, -2280
-522, -7206, -1700
-478, -7146, -3244
-610, -7394, -4488
-374, -7386, -5214
1380, -7522, -7418
1598, -7490, -5916
1540, -7176, -5120
1628, -7004, -5052
946, -6708, -3484
1482, -6270, -2426
1250, -6206, -874
266, -5384, 1448
198, -5322, 620
-728, -4184, 1746
-1240, -3220, 3002
-970, -2640, 2944
-1470, -1376, 3378
-3150, -1020, 6530
-2122, 170, 4468
-4082, 2502, 7484
-4368, 2832, 8040
-4558, 4500, 7540
-4556, 6002, 7296
-4892, 7464, 6674
-4532, 8026, 6856
-5256, 8842, 6326
-5834, 9138, 5990
-5164, 8998, 3798
-4662, 9456, 4882
-3466, 9144, 4728
-3302, 8946, 5546
-2994, 8746, 6076
-1972, 8664, 5180
-1008, 7766, 4198
-1900, 8428, 4492
-2346, 8314, 4444
*NOTE-2017.03.24@13:11:14 - 1
-2324, 8736, 4584
-2690, 9254, 5348
-2016, 9430, 5126
-2538, 9784, 6018
-2844, 9810, 6206
-3152, 9298, 6762
-2554, 8846, 6680
-1936, 7824, 6882
-1718, 6214, 7206
-1842, 5638, 7566
-1862, 3798, 7510
-1390, 2688, 7080
-836, 1032, 6130
-948, 402, 6524
-478, -926, 5492
-626, -1910, 5164
-90, -2984, 3834
-642, -4074, 4246
98, -4672, 2882
240, -5044, 2224
278, -5732, 1418
-348, -5930, 1180
-152, -6540, 406
706, -6928, -1638
626, -7110, -1934
888, -7348, -2568
812, -7426, -3276
1222, -7694, -5064
854, -7578, -4896
720, -7678, -5360
826, -7636, -4818
1004, -7380, -4400
1142, -7046, -3532
1074, -6768, -2034
1798, -6126, -2802
292, -5254, 8
-176, -4924, 1064
190, -3922, 2042
118, -3496, 3232
-254, -3008, 4490
-834, -1418, 3968
-2862, -1202, 6800
-3364, -498, 6910
-3162, 1094, 7312
-2760, 2256, 7450
-2672, 3442, 7430
-3372, 4210, 8466
-3772, 5694, 7084
-5006, 6368, 8014
-3958, 7142, 5504
-4876, 7602, 7648
-2962, 8102, 3902
-2718, 9666, 3728
-3952, 9184, 4188
-4606, 9516, 4334
-3812, 9150, 3884
-3816, 9448, 4148
-1708, 8820, 2830
-1124, 8394, 3876
*NOTE-2017.03.24@13:11:17 - 1
-2128, 8046, 3522
-2764, 8536, 2904
-2918, 8172, 1908
-3594, 7522, 2506
-3886, 7986, 2430
-4052, 8140, 2316
-4040, 8630, 2008
-5778, 9566, 3368
-6644, 9338, 3972
-7508, 9702, 4766
-7270, 10190, 5848
-6034, 10186, 6284
-4904, 9488, 6782
-2430, 8308, 5492
-1160, 6510, 5798
-1242, 4892, 6444
-370, 3262, 5908
274, 1908, 6010
-506, 344, 6292
-1010, -376, 6026
-404, -1630, 5498
752, -2896, 4472
720, -3954, 4364
1184, -4512, 2944
1334, -5404, 1460
106, -6176, 1704
-108, -7348, 1784
714, -6374, 12
504, -6994, -948
730, -7388, -1612
482, -6952, -1492
548, -7578, -3004
-244, -7532, -4476
860, -7558, -6482
1508, -7428, -6146
1760, -7134, -5944
1058, -7098, -4688
844, -7084, -3418
536, -6664, -1984
422, -6158, -750
1122, -5622, 454
1268, -4710, 596
964, -3948, 2462
1632, -3804, 3162
1084, -2562, 5454
1046, -1474, 4528
-790, -558, 7178
-404, 1108, 6158
-1326, 784, 8368
-30, 2628, 7490
-2348, 2748, 10242
60, 5148, 5748
-3140, 5146, 8686
-1848, 6048, 6518
-3192, 6960, 6794
-2130, 8210, 5108
-3466, 8316, 4950
-5514, 9444, 4052
-6812, 9562, 5818
-5614, 9364, 4518
-4164, 8904, 4922
-2464, 8920, 4928
-2352, 8546, 6760
-1052, 8208, 4736
-586, 7674, 3944
*NOTE-2017.03.24@13:11:20 - 1
-1196, 8178, 3264
-1718, 8100, 3390
-1662, 8184, 2944
-2862, 8396, 4208
-2720, 9172, 4758
-2896, 9454, 5154
-3372, 9662, 5996
-3100, 10222, 6636
-2148, 10224, 6176
-2202, 9780, 6548
-1776, 8590, 6802
-1032, 7568, 6392
-724, 5898, 6522
-130, 4486, 6992
620, 3760, 6220
488, 2114, 6246
-122, 688, 7076
846, -926, 5920
10, -1756, 5816
486, -2384, 5442
1164, -3156, 3988
480, -4280, 4268
902, -4654, 3456
1088, -5656, 2436
788, -5982, 1670
466, -6242, 1946
1128, -6718, 180
1286, -6514, -640
690, -7076, -554
1096, -7372, -1758
838, -7458, -1852
558, -7398, -3326
250, -7396, -4266
744, -7670, -6640
996, -7660, -6024
1964, -7058, -6250
1484, -7184, -4996
1374, -6832, -4076
1692, -6994, -3110
928, -6706, -676
646, -6016, 1088
1554, -5740, 1726
1858, -5218, 2626
1978, -4756, 3908
1866, -4438, 4858
2122, -4146, 4952
1768, -3692, 5586
1130, -2918, 5094
142, -2756, 6392
-124, -2202, 6280
-828, -1510, 7638
-498, -362, 6170
-2364, 1014, 7952
-2224, 740, 7068
-2698, 2978, 6462
-4524, 3126, 6436
-5362, 5140, 7614
-4760, 5034, 4780
-7458, 6096, 7566
-4788, 7138, 3978
-5316, 7742, 5338
-4536, 8018, 4154
-4680, 8406, 4168
-5110, 8642, 5256
-4166, 9002, 5234
-912, 9878, 5500
-2450, 8864, 5466
-2358, 7920, 4216
-1970, 7778, 2900
-1270, 7692, 1476
*NOTE-2017.03.24@13:11:23 - 1
-1794, 7678, 2228
-2458, 7444, 2236
-2962, 7374, 3218
-2860, 8042, 2782
-3762, 8870, 2858
-4240, 7946, 3480
-3532, 7488, 3026
-3792, 7034, 2984
-994, 5928, 2754
-910, 4476, 2886
-1086, 3462, 2776
-40, 3474, 2424
-572, 3516, 1486
-2442, 5138, 5264
-1744, 5720, 3250
-3012, 6898, 4954
-1866, 6362, 4162
-4784, 4702, 4924
-4154, 6280, 10646
-580, 4510, 6380
-2662, 5472, 11712
-858, 3898, 7538
-2852, 1380, 7964
-2914, 1210, 8340
-2300, 802, 8552
-2396, 574, 7848
-1774, 652, 7566
-2722, 364, 8372
-2280, 446, 7698
-3366, -1494, 8726
-4770, 1692, 7638
260, -28, 5274
2560, 5476, 8272
6518, 2308, 6826
3808, 896, 6570
3126, 2150, 6284
2882, 1610, 6714
2766, 1522, 8316
3288, 584, 7220
2392, 1486, 8030
2408, 1352, 7260
2246, 726, 6914
2634, 518, 6656
3272, 30, 8254
2322, 1456, 7312
3046, 1076, 7200
2042, 816, 8076
2516, 1698, 7920
2322, 824, 8178
2640, 2068, 8730
2604, 1892, 7290
4852, 128, 9346
5364, 998, 7258
-1800, 1296, 9218
-6564, -2238, 8442
-1714, -3074, 7164
-1210, -1824, 5994
-1340, -1444, 6002
-1520, -324, 4358
-1524, -1176, 4042
-2540, -1832, 3762
-5326, -2756, 5806
-5678, -2816, 5196
-7104, -2118, 5768
-7064, 188, 8752
-2556, 2620, 7364
-2468, 4740, 9368
890, 3072, 7898
3544, 2380, 8160
-1072, -274, 5250
-4062, 1190, 8260
-640, 534, 2568
-12594, 4012, 20520
-3528, 2114, 2754
-8806, 2536, 8176
-6830, 1010, 8888
-2570, -1574, 4364
-3600, -424, 6948
-6730, -770, 7986
-3866, -1686, 5982
-2148, -2438, 3758
-3752, -3090, 5736
-6368, -6226, 6098
-5086, -3420, 1776
-7462, -3532, 1392
-6308, -3274, 2124
*NOTE-2017.03.24@13:11:28 - 1
-7670, -3418, 850
-8306, -3492, 2066
-8060, -3120, -168
-7438, -2590, 824
-6472, -2440, 696
-7416, -2734, -752
-8254, -2668, -1002
-8378, -2186, -620
-7594, -2448, -796
-7988, -2296, -596
-7102, -2394, -1038
-7100, -2304, -1528
-7250, -2206, -1428
-9256, -2336, -1044
-9152, -2410, -688
-8034, -2114, -1618
-7928, -2168, -1398
-7128, -2318, -1142
-8016, -2282, -94
-7780, -2298, -610
-7190, -2176, -756
-8338, -1932, 798
-8336, -1938, 1682
-8396, -1100, 2038
-8402, -1718, 3020
-7406, -1870, 1820
-7024, -2094, 2736
-6950, -2478, 3618
-6608, -2478, 4100
-5870, -2564, 4308
-4396, -2370, 4872
-3614, -2818, 6262
-3120, -2918, 6138
-2464, -2138, 6390
-2770, -2230, 7320
-1552, -2272, 6704
-1838, -2360, 7234
-1210, -2334, 7212
-1652, -2476, 7234
-1576, -2326, 7718
-1126, -2268, 7310
-374, -2332, 7004
-1220, -2158, 7594
496, -2626, 6834
-250, -1534, 8722
-858, -1818, 9298
-846, -2008, 8078
-1252, -2156, 7546
-230, -2966, 6334
-878, -2996, 6702
-500, -3102, 7148
734, -2956, 7292
2496, -2574, 6752
3162, -2390, 6578
2872, -2336, 6864
2224, -2464, 6972
1312, -2454, 7466
948, -2540, 7700
888, -2552, 7288
882, -2454, 7666
1028, -2190, 7762
1792, -2240, 7682
1180, -1666, 8676
1102, -2086, 6650
400, -2514, 6228
-1248, -1586, 5428
-3754, -3698, 5070
-5926, -3210, 1782
-9216, -2810, 3484
-10154, -2086, 3578
-7750, -1342, 3746
-7974, -1316, 1932
-7352, -1340, -128
-8380, -2044, 112
-7688, -2094, -916
-7708, -2216, -838
-7532, -2138, -1516
-7804, -1944, -2124
-7696, -2186, -2320
-7358, -2056, -2586
-7360, -2020, -2400
-7684, -2054, -2568
-7854, -2020, -2572
-7684, -1956, -2714
-8030, -1940, -2254
-7758, -2018, -2490
-7662, -2108, -2160
-7426, -2132, -2266
-6686, -2234, -2706
-7008, -2338, -2568
-7294, -2418, -2718
-7424, -2352, -2770
-7572, -2362, -2586
-7448, -2300, -2510
-7490, -2366, -2326
-7334, -2226, -2146
-7554, -2222, -1984
-7410, -2224, -2088
-7598, -2340, -1944
-7728, -2182, -1800
-7722, -2238, -1778
-7754, -2250, -1272
-7734, -2248, -1406
-8048, -2206, -736
-7930, -2138, -484
-7358, -2058, -630
-7754, -2266, -60
-7116, -1800, -742
-7998, -2138, 322
-8026, -2232, 190
-7962, -2104, 396
-7528, -2102, 480
-7740, -1850, 742
-7186, -2018, 828
-7932, -2038, 968
-7570, -2172, 944
-7688, -2222, 996
-7386, -2188, 650
-7554, -2240, 860
-7458, -2264, 746
-7694, -2176, 708
-7630, -2116, 382
-7908, -2160, 266
-7810, -2170, -66
-7842, -2192, -134
-7852, -2058, -202
-7998, -2162, -110
-7844, -2064, -84
-7778, -2180, -368
-7780, -2162, -208
-7652, -2146, -426
-7690, -2106, -568
-7764, -1934, -306
-7744, -2070, -564
-7786, -2126, -290
-7748, -2156, -220
-7588, -2136, -182
-7770, -2064, 12
-7770, -1830, 540
-7970, -2022, 180
-7946, -1954, 102
-7816, -2042, 148
-7720, -2068, -156
-7720, -2092, -256
-7714, -2122, -118
-7724, -2094, 60
-7656, -2030, 96
-7832, -2080, 230
-7808, -2168, 150
-7544, -2170, 202
-7704, -2152, 200
-7734, -2028, 94
-7844, -2160, 252
-7728, -2094, 512
-7198, -2054, 440
-7738, -2226, 924
-7664, -2256, 380
-7846, -2128, 470
-7908, -1852, 1122
-7738, -2006, 590
-7602, -2190, 512
-7628, -2192, 298
-8076, -2058, 848
-7414, -2114, 432
-7908, -2262, 726
-7352, -2126, 402
-8034, -1986, 2020
-7266, -1868, 1132
-7872, -2162, 772
-7648, -2318, 622
-7400, -1918, 1514
-7960, -1906, 1658
-8260, -1808, 1740
-7678, -1864, 1138
-7548, -2062, 944
-7432, -2288, 250
-7488, -2220, 342
-7168, -1850, 1664
-8040, -1992, 1738
-8036, -2192, 1548
-7064, -2166, 704
-7628, -2052, 1450
-7532, -2136, 1042
-7596, -2050, 1188
-7356, -1952, 1232
-7708, -2096, 1338
-7698, -2188, 946
-7844, -2100, 956
-7254, -2168, 492
-7692, -2132, 1326
-7314, -2150, 1068
-7010, -2172, 454
-7712, -1884, 1914
-8088, -1968, 1634
-8406, -1916, 1358
-7548, -1944, 994
-7590, -2126, 1056
-7518, -2236, 710
-7488, -2226, 690
-7696, -2208, 1008
-7554, -2250, 482
-7676, -2166, 816
-7042, -2006, 718
-8070, -2204, 1014
-7842, -2118, 500
-7664, -2030, 420
-7670, -2198, 380
-7778, -2142, 454
-7610, -2294, 330
-7696, -2142, 444
-7704, -2154, 506
-7790, -2096, 584
-7420, -1960, 480
-7894, -2204, 674
-7542, -2136, 454
-7450, -2298, 232
-7814, -2182, 586
-7640, -2128, 414
-7970, -2062, 584
-7978, -2048, 570
-7902, -2002, 556
-7836, -2266, 496
-7488, -2082, 392
-7808, -2042, 400
-7782, -2094, 294
-7766, -2124, 468
-7632, -2082, 466
-7738, -2094, 624
-8102, -2216, 912
-7788, -2006, 866
-7646, -2010, 500
-7766, -1932, 860
-7904, -2188, 402
-8082, -2312, 486
-7416, -2168, 660
-7504, -2226, 648
-7870, -2116, 540
-7260, -2150, 656
-7860, -2088, 1574
-7720, -1260, 2272
-7806, -1960, 1248
-7794, -2308, 636
-7136, -1918, 616
-7258, -1998, 1052
-7484, -1996, 788
-8064, -2140, 914
-7530, -2144, 578
-8134, -1990, 1300
-7592, -1866, 628
-7774, -2258, 604
-7858, -2130, 672
-7528, -1738, 470
-7846, -2158, 672
-7412, -2078, 236
-7906, -2188, 448
-7544, -2038, 56
-8226, -2078, 488
-7684, -2064, 90
-7612, -2210, 180
-7736, -2130, 464
-7878, -2188, 262
-7144, -2080, 112
-7264, -1720, 280
-7670, -1986, 204
-8604, -1852, -154
-8036, -1840, -56
-8638, -2018, -186
-8716, -1882, 86
-8174, -1806, 112
-7332, -1770, 990
-7410, -1892, 1852
-7236, -1844, 1932
-6518, -2438, 2510
-8314, -2348, 2672
-7040, -2148, 2226
-6950, -2056, 2028
-7928, -2058, 3492
-7510, -2228, 2816
-5354, -2024, 3920
-4782, -2076, 4420
-5636, -2266, 4622
-5098, -2310, 4670
-5726, -2202, 4948
-5288, -2168, 5234
-7050, -2700, 10252
-5188, -1824, 5282
-4752, -1642, 5692
-4444, -2232, 7350
-3134, -2356, 5438
-3056, -2502, 6626
-3054, -2542, 6704
-2454, -2526, 6462
-2278, -2834, 6042
-3268, -3462, 6336
-1456, -3444, 6512
-2876, -1824, 7264
-2008, -390, 7014
-1658, 1648, 7892
-1946, 2206, 7966
-1486, 2354, 8150
-476, 2010, 7046
-1930, 1562, 8904
-590, 1888, 7300
-2156, 2020, 9438
-1154, 1210, 8254
-890, 386, 7444
676, 1110, 6988
642, 950, 6828
138, 1286, 7808
130, 1730, 7486
844, 1950, 7830
-2, 1926, 7774
-396, 1466, 7546
-152, 530, 7056
*NOTE-2017.03.24@13:11:43 - 1
212, 858, 7556
-184, 888, 7780
-808, 816, 8550
-1454, 850, 9170
-74, 1490, 8394
-664, 2248, 7758
-1572, 2260, 7738
-2488, 3126, 7944
-2676, 2960, 7938
-1830, 1506, 7092
-2156, 1358, 7146
-2238, 986, 6456
-1956, 272, 6528
-580, -478, 5958
808, -1142, 5626
2310, -2294, 6370
2214, -3310, 7042
1032, -4944, 7124
1314, -5122, 7022
-3720, -1980, 9218
-2316, -1594, 9728
-706, -1972, 7736
-310, 172, 8376
1306, -392, 6620
1110, -314, 8260
916, 654, 8266
1702, -1258, 6926
340, -1504, 8274
1008, -1774, 7542
2162, -1692, 7218
964, -2402, 6928
-130, -1660, 8704
28, -2042, 7782
346, -2370, 7602
86, -2800, 7562
278, -3166, 7428
270, -2920, 8000
-170, -3544, 7190
-22, -3446, 8442
-512, -3962, 7552
282, -4184, 6738
1268, -4010, 6842
1624, -4168, 5988
1168, -3842, 7412
1256, -3330, 6732
2490, -3752, 7834
1086, -2856, 7182
3460, -2026, 6744
1956, -1066, 8836
732, 1192, 9626
-40, 2598, 10148
-822, 4340, 6914
994, 6302, 4018
1394, 7236, 4946
-668, 6968, 2656
404, 7450, 264
-350, 6786, 4052
-848, 7174, 3260
-1260, 6628, 3882
-1342, 5736, 3852
-26, 4998, 2968
138, 6292, 2412
-272, 6928, 1802
-1582, 7310, 3558
-1402, 7530, 2604
-1354, 8184, 3668
-762, 8342, 2218
-1094, 9128, 1180
-1778, 8144, 1278
-1452, 7448, 518
-1642, 8238, -392
-2904, 7836, -92
-2316, 7440, 36
-668, 7930, -1426
-1702, 7918, -1002
-3288, 8402, 1374
-1788, 8932, 182
-678, 8316, 234
-592, 7812, 1022
-82, 7678, 572
-236, 8342, 906
-2036, 7706, 2542
240, 7626, 118
932, 8420, -44
34, 8050, 796
*NOTE-2017.03.24@13:11:48 - 1
0, 7750, 1288
-156, 7978, 1802
-32, 8118, 1854
-372, 8296, 2050
-262, 8080, 2794
-980, 7564, 4894
320, 8796, 4092
-1080, 9606, 5784
-1312, 9480, 6052
-1982, 10230, 7132
-1822, 10678, 7332
-1286, 10342, 6572
-1914, 9196, 7178
-1964, 7900, 6660
-1966, 6936, 6828
-1948, 5096, 8500
-594, 3452, 6866
358, 3886, 5926
276, 1744, 6458
116, 1332, 6248
992, -278, 4882
1632, -1794, 3466
774, -3258, 3690
664, -4314, 2020
-296, -5176, 2334
-168, -6132, 2104
366, -6220, 1782
700, -6444, 770
946, -6944, -224
62, -7036, -284
842, -6782, -2538
42, -7518, -4072
688, -7988, -4966
-792, -7792, -6146
-896, -7360, -5382
452, -7406, -5682
78, -6842, -5230
180, -6752, -3680
394, -6858, -1716
1164, -6044, -734
1986, -5442, -260
1478, -4228, 1432
1236, -4292, 2634
1290, -3544, 3186
400, -1722, 5090
108, -1784, 5878
1100, 862, 3864
242, 1844, 6376
-894, 2218, 6634
-2310, 5298, 7306
-3808, 5902, 9022
-4836, 6992, 7868
-6706, 8832, 9190
-5356, 8636, 6756
-4914, 9080, 5738
-4364, 9516, 5318
-4032, 9010, 4732
-4878, 10102, 6328
-5116, 9150, 6806
-3050, 8548, 5760
328, 8084, 3052
-238, 7744, 2564
-1080, 7756, 3222
-730, 8474, 2602
-994, 7986, 2794
*NOTE-2017.03.24@13:11:51 - 1
-1948, 8096, 3760
-2770, 9124, 4996
-1500, 10234, 5262
-92, 9980, 6412
-772, 11218, 7462
-986, 11218, 6698
-670, 10882, 6642
-934, 9308, 6020
-782, 8056, 5802
-752, 6168, 6786
-134, 5120, 5664
-128, 3626, 6274
372, 2188, 6032
790, 702, 5712
1418, -666, 5312
1152, -1304, 5358
2002, -2560, 3984
1972, -3490, 4078
1054, -4624, 4672
1184, -4840, 3974
750, -5348, 3032
754, -5880, 1716
864, -5804, 1050
714, -6348, -1126
614, -6672, -1620
1474, -7306, -3818
1408, -7180, -4480
1704, -7054, -6810
1424, -6996, -7122
1336, -6742, -5356
2460, -6964, -5508
1374, -6772, -3200
1486, -6804, -3128
468, -6158, -388
1266, -5890, -56
1250, -5302, 92
-234, -5492, 2944
2696, -4074, 798
2094, -2606, 4614
2750, -2028, 5306
2946, -2262, 5464
2686, -342, 6936
-46, -1302, 8432
1700, 370, 4874
-878, 2082, 9912
1412, 1380, 7450
-452, 4200, 8030
-2110, 3896, 8146
-1896, 5922, 8640
-3018, 6236, 7398
-3306, 7414, 10230
-1772, 7436, 6048
-3488, 7940, 6112
-3850, 7928, 5798
-2790, 8190, 5016
-2198, 8346, 4940
-2520, 8578, 5630
-1198, 8790, 3586
-1492, 8316, 3350
-320, 7816, 3288
-208, 8230, 3558
484, 7976, 2574
-52, 7870, 3744
-202, 8408, 3232
*NOTE-2017.03.24@13:11:54 - 1
-1516, 8824, 4268
-674, 8516, 4644
-1128, 9500, 4956
-216, 9230, 5180
-616, 10422, 6244
-560, 9564, 6104
300, 9502, 6216
-510, 8470, 6884
-576, 7616, 6342
-230, 6138, 6134
-712, 4882, 7220
78, 4032, 7022
538, 2786, 6756
592, 1638, 6564
306, 382, 6740
732, -862, 5846
678, -2038, 5256
986, -3124, 4806
1558, -4040, 4400
1352, -4826, 3894
952, -5488, 3678
212, -5698, 3200
618, -6048, 2016
324, -6492, 1940
96, -6848, 1970
1440, -6690, -116
468, -7110, 442
496, -6668, -1396
1094, -7056, -3912
2196, -6726, -6300
2862, -7144, -7188
3088, -6702, -7222
2776, -6766, -6332
1994, -6318, -4148
2138, -5986, -3962
1144, -5874, -1216
1520, -5180, -126
532, -4320, 1674
70, -3456, 2270
-542, -3960, 4758
962, -2738, 4742
1438, -938, 4608
-972, -788, 7912
-12, 730, 6248
-956, 2250, 7820
-1746, 3094, 8956
-904, 3868, 6450
-3052, 5750, 8832
-3872, 6096, 9378
-3616, 6536, 6952
-6214, 7956, 8410
-5612, 7426, 4844
-6248, 7830, 4136
-5722, 7512, 3228
-5728, 8034, 3034
-6714, 8240, 3462
-6090, 8052, 4086
-4658, 8108, 3490
-2022, 8344, 1840
-1920, 8004, 2448
-1856, 7774, 2402
*NOTE-2017.03.24@13:11:57 - 1
-1786, 8086, 2786
-1724, 8054, 3584
-2362, 8392, 3554
-5320, 9084, 5388
-2836, 9830, 4418
-1904, 9880, 4512
-2956, 10324, 5804
-3272, 10602, 6322
-2040, 10176, 5482
-2136, 9472, 6304
-1424, 7818, 6184
-1326, 7062, 6980
-426, 5900, 6398
-1064, 3916, 7038
-482, 2800, 6606
-402, 1450, 6360
406, 274, 5720
1662, -1060, 4978
2330, -2682, 4114
520, -3336, 5778
1264, -3930, 3866
1096, -4894, 3572
818, -5580, 3434
1346, -5488, 2334
1266, -6118, 1734
1764, -6514, 652
1724, -6934, -628
462, -6994, -1294
324, -7512, -1466
448, -7190, -1468
742, -7182, -3000
494, -7600, -5378
134, -7678, -6100
546, -7162, -6928
902, -7258, -6624
754, -6938, -5518
462, -7056, -4096
296, -7118, -3972
-514, -6374, -1050
1330, -5628, -954
872, -5408, 980
1472, -4910, 396
314, -3648, 3316
742, -4062, 4410
1578, -2896, 3196
814, -1296, 4290
-1014, -462, 6626
-708, 74, 5320
-1876, 2074, 6702
-1890, 3082, 7100
-2400, 4438, 7584
-2574, 6208, 8396
-3174, 6916, 8762
-4292, 7684, 9346
-3356, 7746, 7488
-3022, 8752, 7010
-2254, 9014, 5488
-2442, 8198, 5078
-2770, 8786, 5356
-4240, 9492, 4814
-3986, 8488, 4798
-2392, 8430, 3376
-1764, 7988, 2144
-2220, 7782, 3160
-1744, 7978, 2844
*NOTE-2017.03.24@13:12:00 - 1
-1586, 8032, 3092
-1164, 8130, 3392
-1638, 9072, 3548
-2582, 9078, 4890
-2132, 9678, 5454
-2718, 10264, 6640
-1390, 10688, 5558
-1016, 10678, 5920
-1034, 10148, 5998
-1240, 8708, 6488
-1342, 7096, 6396
-1694, 5960, 6558
-1260, 4234, 6582
-958, 3226, 6822
-912, 2026, 7232
-824, 808, 7252
-160, -214, 6062
154, -1228, 5672
-546, -2178, 6254
-198, -2914, 5184
378, -3292, 5390
946, -4552, 4210
628, -5144, 3260
480, -5544, 2574
80, -5676, 1304
-232, -6426, 584
1538, -6132, -324
1330, -6458, -964
34, -7050, -1782
358, -7444, -3580
266, -7126, -4698
386, -7112, -5908
1316, -7004, -7228
998, -6642, -8292
1626, -7084, -6558
2012, -7096, -6278
872, -7170, -4362
778, -6760, -2422
370, -6834, -896
1182, -7178, -2678
-884, -6674, 406
1972, -5696, -1476
1396, -5176, 116
-436, -4700, 2048
408, -3740, 2170
382, -3708, 4484
872, -2488, 5536
1304, -1066, 5418
1392, -320, 6208
518, 1082, 7786
-1622, 1190, 9694
238, 3036, 8156
-918, 4138, 8130
-3216, 4220, 8894
-1798, 5812, 8410
-2058, 6024, 6874
-3286, 6884, 8426
-1926, 7402, 5178
-3826, 7970, 6132
-3224, 8260, 4042
-3264, 8600, 4350
-3808, 8220, 4728
-3722, 8572, 4348
-3078, 8998, 4030
-2152, 8224, 3730
-850, 8330, 3184
-860, 8116, 2674
-356, 8238, 2488
*NOTE-2017.03.24@13:12:04 - 1
-1108, 8202, 3182
-90, 8636, 3178
-1912, 8798, 4338
-2298, 9448, 5220
-978, 10364, 4950
-180, 10506, 5350
-376, 10766, 6108
-1454, 10772, 7084
-1312, 10820, 6602
-778, 9426, 6126
-964, 8078, 6270
136, 6854, 5576
166, 5238, 6286
1050, 3944, 5798
860, 2454, 6320
740, 906, 6712
1066, -8, 6128
970, -1138, 5442
766, -2228, 4492
1366, -3080, 3924
1020, -4154, 3678
670, -5054, 3476
622, -5590, 2234
-396, -6124, 3924
870, -6540, 948
-472, -7184, 1052
974, -7236, -306
510, -6878, -158
734, -7272, -1626
-410, -7840, -1602
-894, -7152, -2382
-10, -7638, -5182
-440, -7122, -5252
1320, -6646, -7068
1272, -7206, -6584
1806, -7018, -5284
1548, -7032, -5160
1600, -7088, -3906
848, -7058, -1566
1156, -6788, -1580
1020, -6334, -326
1246, -6356, 790
1274, -5532, 2422
1446, -5056, 3048
1630, -4526, 2696
520, -4034, 5310
1424, -3582, 4254
604, -2278, 5152
-370, -2128, 5970
-1060, -918, 5622
-3500, -714, 6804
-3096, 1038, 6536
-3548, 2504, 7742
-3826, 3284, 7308
-3906, 4476, 7100
-4290, 5520, 8374
-3942, 6502, 6490
-4540, 7364, 7426
-2716, 8280, 6374
-3860, 8386, 4912
-4394, 8484, 5022
-4204, 8466, 3812
-5118, 8470, 4932
-3532, 8570, 3898
-2338, 8532, 2966
-2434, 8332, 3640
-2512, 7964, 3912
-1686, 8312, 3576
*NOTE-2017.03.24@13:12:07 - 1
-1924, 8484, 4092
-1440, 8362, 2828
-2656, 9006, 4560
-3140, 9310, 5136
-3838, 9764, 5684
-3334, 10408, 5560
-2508, 10662, 5742
-3118, 10320, 6654
-2108, 9630, 6170
-1962, 8590, 6636
-1112, 7090, 6708
-304, 5696, 6592
378, 4286, 6270
674, 2822, 6822
1140, 1730, 5814
1084, 14, 5826
1330, -988, 4930
1476, -2232, 4610
1336, -3048, 4384
988, -4596, 4820
1258, -4822, 3578
512, -5584, 3068
1012, -6066, 760
-212, -6310, 3124
1762, -6620, -592
350, -7104, -120
-80, -7448, -634
470, -7106, -1290
598, -7138, -2574
-288, -7534, -2724
508, -7348, -4702
350, -7090, -6102
782, -7154, -7154
1422, -7284, -7240
1296, -6684, -6400
1050, -6878, -5594
808, -7020, -4676
1644, -5848, -3770
1806, -5042, -2150
1764, -4400, 1084
2660, -4450, 1306
2272, -4220, 3574
2640, -3356, 3398
1704, -2664, 5954
1834, -2406, 3882
540, -1152, 6000
-386, -324, 6476
-842, 734, 5160
-1164, 1838, 7518
-866, 2888, 8246
-1116, 5312, 8966
-2220, 5728, 8384
-3642, 7014, 9776
-3336, 7560, 7758
-3692, 8174, 7770
-3166, 8278, 5764
-3468, 8244, 5528
-3544, 8272, 5392
-3662, 8188, 4732
-3548, 8590, 5292
-2382, 8340, 4174
-1644, 9164, 3274
-930, 7860, 3246
-732, 8022, 4114
-810, 8226, 4236
-780, 8550, 3246
*NOTE-2017.03.24@13:12:10 - 1
-1028, 8364, 3900
-1892, 8650, 4698
-1974, 9298, 5694
-1644, 10138, 5412
-1622, 10220, 6296
-1750, 10874, 5976
-2146, 10212, 6368
-990, 9614, 6414
-1248, 8892, 7084
-1002, 7684, 6718
-612, 6232, 6824
354, 4622, 5524
132, 2620, 6026
638, 1704, 7038
1550, -20, 6176
1134, -878, 5640
1438, -2012, 4316
442, -2630, 4848
1292, -4286, 3722
1306, -4880, 3420
970, -5214, 3378
890, -5792, 2486
124, -6496, 2846
654, -6626, 1274
974, -6988, -84
-118, -7260, 482
590, -6730, -750
-76, -7282, -1822
-346, -7196, -2696
-1026, -7670, -3318
-694, -7386, -5538
-236, -7218, -7852
162, -7640, -7022
760, -7348, -7170
970, -6968, -5518
942, -6538, -4010
904, -6674, -3100
566, -5836, -942
1094, -5892, 110
1444, -5132, 862
892, -4698, 3236
1996, -4230, 3122
2082, -3448, 4066
2262, -2886, 4276
2464, -1526, 4312
902, -78, 3764
-450, -1366, 5614
-708, 3518, 6924
-2384, 3014, 7676
-4462, 4408, 9212
-3556, 5044, 7936
-4924, 6538, 7002
-6224, 6456, 8788
-3972, 6238, 5472
-5762, 7286, 7068
-4626, 8182, 5172
-4594, 9004, 4418
-4468, 8618, 4600
-4442, 8448, 5054
-4190, 8640, 5720
-1796, 7984, 3678
-2056, 8394, 3852
-1646, 7834, 3112
-2834, 7952, 4058
-2024, 7886, 2704
*NOTE-2017.03.24@13:12:14 - 1
-1364, 8418, 2006
-2584, 8626, 3530
-1910, 8860, 3506
-2532, 9782, 5028
-3350, 9380, 5604
-3610, 9682, 6266
-3624, 9342, 6620
-2956, 8886, 6542
-2980, 8090, 6916
-2554, 7312, 6580
-2686, 6058, 6950
-1474, 5310, 6680
-804, 3750, 7018
156, 2556, 6952
906, 1376, 5766
658, 236, 5554
522, -1434, 5150
258, -2210, 5392
1694, -3420, 4462
1832, -3908, 3784
1924, -4626, 3348
1236, -5428, 2672
452, -6130, 3056
-64, -6360, 1860
704, -6506, 536
666, -6604, 736
1026, -6760, -436
76, -7336, -760
-424, -7114, -2712
-1134, -7924, -3322
44, -7664, -4492
-692, -7930, -4922
-1108, -7676, -5198
-14, -7544, -5800
606, -7214, -5408
1066, -7174, -5212
114, -7156, -3756
396, -6886, -3680
276, -6386, -1580
948, -5812, -890
770, -5320, 526
346, -4938, 2472
1312, -3938, 2196
1112, -3450, 3960
1662, -2674, 4904
904, -880, 4790
-1656, 272, 7250
-1430, 10, 7628
-1544, 1440, 8694
-1836, 2918, 7530
-3614, 3112, 9638
-2838, 4894, 8018
-3348, 5670, 7014
-4238, 5876, 8174
-4230, 6442, 7554
-4528, 6804, 6942
-4348, 7570, 5412
-4094, 8064, 4856
-4384, 8008, 3534
-5774, 7688, 4398
-5564, 7952, 4790
-4954, 7994, 5134
-3566, 7954, 4118
-2924, 8126, 4096
-2606, 7654, 4228
-1652, 8462, 3112
-1494, 8334, 2940
-1960, 8070, 3748
*NOTE-2017.03.24@13:12:17 - 1
-2618, 9056, 5234
-1812, 9012, 4614
-1766, 9996, 6220
-1754, 9504, 6364
-2588, 9812, 7502
-3016, 9286, 7250
-3002, 8758, 7162
-1924, 7752, 6708
-1566, 6204, 7330
-906, 5086, 6228
-162, 3542, 6300
344, 2144, 6174
-276, 616, 6560
68, -294, 5762
670, -1570, 4894
1442, -2930, 3976
1518, -3646, 3566
1878, -4128, 3020
770, -5304, 3074
58, -6104, 2764
352, -6410, 2072
564, -6336, 1450
412, -6976, -42
-202, -7190, 812
656, -7550, -150
768, -7202, -1736
-66, -7536, -2196
176, -7784, -3064
634, -7390, -4312
894, -7430, -7048
42, -7488, -5004
1930, -7222, -6888
1040, -7186, -6106
904, -7116, -4626
480, -7344, -2036
1352, -6790, -1636
1308, -6450, -524
1046, -6156, 1024
1430, -5310, 1654
1806, -4902, 2516
2206, -4424, 2490
1698, -3628, 4438
1684, -3120, 5144
2674, -1804, 4388
1380, -1602, 4760
194, 942, 4412
-1740, 1590, 5722
-3456, 2890, 7778
-2602, 4540, 8356
-2604, 4798, 7924
-2552, 6682, 8294
-4116, 8372, 5000
-6500, 7558, 10742
-3358, 8594, 4856
-3048, 9216, 6200
-3838, 8780, 5176
-4554, 8382, 4892
-5950, 8256, 6562
-5180, 7852, 5638
-2100, 8172, 3392
-1364, 8170, 3168
-1170, 7888, 3440
-1904, 7758, 3906
*NOTE-2017.03.24@13:12:20 - 1
-2226, 7872, 3772
-2246, 8376, 4398
-2190, 9378, 5904
-2686, 9952, 6880
-2490, 9790, 6530
-3212, 10426, 7060
-2428, 9978, 7112
-1562, 10006, 6900
-1380, 8792, 7228
-1082, 7512, 7236
-454, 6268, 6744
482, 4644, 6170
1106, 3320, 6128
894, 1670, 5964
946, 264, 5386
1856, -1198, 4130
892, -2076, 4720
1806, -2812, 4402
1760, -4074, 3502
1114, -4784, 3228
770, -5464, 3310
1356, -5744, 2042
1018, -6526, 1800
682, -6822, 1752
854, -6672, 1418
1138, -6888, -576
572, -6468, 106
1060, -7578, -1670
2, -7540, -3058
328, -7580, -4608
652, -7244, -5740
264, -7406, -6506
1292, -7458, -7214
1638, -7280, -6894
1006, -6840, -5488
618, -6810, -4804
538, -6472, -3292
1044, -5922, -1794
1130, -5342, -152
1228, -5268, -606
-54, -4240, 2360
44, -3656, 4782
1458, -2794, 3908
1120, -2368, 4984
676, -686, 5352
104, 1082, 6008
-1816, 1804, 7184
-2416, 1914, 7550
-2680, 4104, 7826
-3622, 5864, 8344
-3288, 6444, 6474
-5700, 7566, 8326
-6086, 8298, 6704
-6402, 8658, 5538
-7220, 8886, 5362
-6914, 8084, 4532
-7146, 7474, 5624
-5616, 7056, 3938
-3402, 8224, 4520
-1330, 8140, 3906
188, 7460, 1926
-720, 8162, 4066
-1872, 8202, 4228
*NOTE-2017.03.24@13:12:23 - 1
-1338, 8354, 3314
-2022, 8380, 4400
-2170, 9054, 4626
-2402, 9502, 5742
-2320, 9612, 5790
-2350, 10030, 6058
-2526, 9852, 6676
-2482, 10034, 7328
-2170, 9734, 7354
-1286, 8256, 7652
-378, 7058, 6770
-266, 5348, 6542
876, 3908, 5614
538, 2408, 6204
672, 1204, 6330
1198, -84, 5604
1418, -1394, 4510
1014, -2378, 4484
598, -3202, 3604
46, -5128, 3506
-1560, -6332, 5480
-442, -5676, 1804
-690, -6524, 462
0, -6252, 866
1318, -6732, 268
894, -6874, 870
1118, -6122, -700
630, -7052, -3518
-548, -7490, -3870
-64, -7276, -6840
-376, -6508, -7262
1850, -7102, -7860
2124, -6558, -5942
1488, -6852, -4144
1214, -6718, -2668
680, -6720, -1214
784, -6410, -796
550, -5942, 588
1456, -5512, 436
1422, -4046, 2356
1948, -3780, 3168
2400, -2150, 4188
2496, -1790, 6012
2386, -360, 6378
2620, 408, 6226
844, 452, 8772
1866, 1030, 7990
366, 2832, 9514
-810, 2582, 8154
-926, 4290, 8702
-1818, 4142, 7352
-1654, 5550, 8204
-2044, 6642, 6572
-2414, 7568, 7072
-2350, 7824, 6316
-2140, 9038, 6632
-1092, 8878, 3984
-2980, 8618, 4658
-3618, 8436, 5936
-3270, 10200, 6694
418, 8630, 2192
-40, 8250, 3652
-2210, 7638, 5186
-1676, 7952, 3866
-1486, 8274, 3592
-1422, 8212, 3016
-3600, 8114, 5544
-3274, 8784, 4396
*NOTE-2017.03.24@13:12:27 - 1
-3526, 9582, 6148
-3920, 9254, 5628
-3594, 9196, 6292
-3540, 8520, 5772
-1980, 7528, 5766
-1856, 6838, 5788
-2118, 5770, 6212
-1858, 4726, 5764
-2186, 3146, 6558
-1864, 2164, 7422
-1014, 1730, 7670
36, 396, 6772
208, 152, 7362
808, -1094, 6968
502, -1694, 6826
210, -2820, 6544
282, -3758, 6014
44, -4280, 5326
828, -4608, 4280
1194, -4876, 2620
798, -5688, 2040
1032, -6222, 1664
1036, -6768, 1398
940, -6716, 440
1088, -7254, -1142
800, -7030, -1408
620, -7498, -1870
132, -7554, -1996
-198, -7648, -4540
-902, -7756, -4444
-302, -7406, -6640
-6, -7464, -6046
454, -6926, -6080
458, -6784, -4396
224, -6418, -2808
1822, -5494, -2800
2088, -4196, -1320
1516, -3368, -1712
-1566, -2754, 2820
-1406, -2252, 3474
-1936, -1540, 4744
-3028, -326, 7358
-2244, 532, 6988
-3630, 794, 8330
-3384, 2302, 7982
-4764, 3392, 8486
-4930, 4952, 6186
-6226, 5140, 5888
-7210, 5822, 7492
-6388, 6228, 5876
-5340, 7180, 4744
-6808, 8154, 5926
-5952, 8288, 4298
-5508, 8908, 4196
-5494, 8634, 4256
-5200, 8146, 4996
-3496, 8198, 4018
-2960, 8236, 4268
-1972, 7848, 3288
*NOTE-2017.03.24@13:12:30 - 1
-1786, 8160, 3120
-1604, 7880, 2898
-1374, 8622, 2900
-2062, 7738, 3804
-2800, 9054, 5000
-2454, 10072, 5464
-2202, 10062, 5668
-2118, 10638, 6322
-2166, 10446, 6186
-2316, 10382, 6646
-2546, 9276, 6430
-2638, 8208, 7462
-2894, 6502, 6654
-1376, 6004, 5048
-1100, 3918, 5496
-1658, 2416, 7050
-1748, 1812, 6824
344, 54, 4660
-528, -1328, 6138
976, -1972, 4318
960, -3404, 4426
1806, -4496, 3664
2862, -4882, 918
1178, -5678, 1768
678, -6280, 1088
-10, -6666, 1226
-106, -7202, 88
412, -7292, -1720
-496, -6988, 30
-124, -7362, -1204
-826, -7482, -2092
-1718, -7644, -3438
-1908, -7742, -4040
-856, -7416, -6054
-764, -7418, -6298
700, -7254, -7148
392, -7138, -5524
312, -6914, -4438
192, -6362, -3624
646, -5640, -2322
1484, -4824, -848
1794, -4124, 604
782, -3488, 3256
-122, -3474, 4050
114, -1392, 4262
-1414, -1498, 6918
-868, 36, 4834
-2272, 2034, 7182
-2926, 2020, 9420
-1782, 4116, 5788
-4354, 5462, 9424
-4232, 5842, 7340
-4962, 7262, 7360
-5542, 7330, 7862
-5354, 7534, 7780
-3290, 8220, 5510
-3416, 9046, 4860
-3596, 8626, 4570
-3712, 8564, 4176
-3644, 8596, 4110
-3442, 8728, 4512
-1956, 8436, 3636
-2366, 8440, 3818
*NOTE-2017.03.24@13:12:33 - 1
-3102, 7940, 3622
-2970, 7918, 2832
-3196, 7692, 3288
-2338, 7396, 2232
-2672, 8042, 4108
-2238, 9288, 3412
-1698, 10138, 4560
-876, 9930, 5288
-1716, 10254, 6144
-2390, 10562, 7084
-638, 10202, 5844
-1264, 9276, 6496
-986, 8244, 6836
-156, 6846, 6400
44, 5382, 6338
-540, 3648, 8316
358, 3394, 7608
1148, 2144, 6526
560, 734, 5758
792, -904, 5126
1556, -1892, 4382
1044, -3280, 5060
1362, -3986, 4348
1212, -4594, 4226
1274, -5186, 3234
1166, -5762, 2536
1274, -6038, 938
552, -6324, 1920
562, -6770, 506
538, -6680, 328
1110, -6968, -1120
550, -7370, -2598
-876, -7298, -3222
-1232, -7428, -4310
-1150, -7284, -6022
-1036, -7232, -7054
-770, -7484, -7312
-80, -7372, -6574
-156, -7220, -6090
-448, -7292, -4676
-6, -6688, -3456
-84, -6852, -1016
32, -6242, -898
1738, -5760, -920
1806, -4900, 1366
2788, -4226, 196
2698, -3010, 522
-364, -2622, 5044
598, -2054, 4734
2592, -58, 4622
1738, 1746, 7172
1170, 2306, 5516
-1354, 4272, 8232
-1918, 4780, 7692
-4262, 6690, 10914
-3244, 6146, 10622
-818, 7744, 6986
-1170, 7900, 6794
-1592, 9020, 5700
-2194, 9176, 4430
-3408, 9298, 5062
-4798, 9806, 6454
-5180, 9374, 6918
-3110, 8744, 4472
-1668, 7322, 5446
-1472, 8020, 5558
*NOTE-2017.03.24@13:12:36 - 1
-2688, 9264, 6130
-968, 9320, 2642
-1240, 8792, 2704
-2390, 8744, 3102
-2052, 8194, 3052
-6348, 9692, 6022
-4610, 10156, 4672
-1194, 8458, 3386
-1074, 5100, 3740
6944, 1686, -722
2118, 774, -1942
-1174, 1628, -1468
-7660, 4756, 6544
-9276, 6154, 870
-10324, 7420, 1948
-7620, 7800, 6500
-13016, 8758, 11626
-2334, 2870, 6340
-2612, 2248, 9638
-3202, 4130, 11434
-3292, 3612, 6830
-1608, 2470, 4926
-170, 3852, 8152
-1190, 3250, 6272
-282, 2766, 8428
112, 1406, 6000
2156, 1600, 6100
-2614, -914, 7106
8980, 314, 5260
3570, -1018, 7616
3050, -1378, 7164
3292, -466, 7182
2048, -1524, 10004
2334, 1454, 8324
4602, 1634, 6190
6572, 1490, 8806
3460, -942, 6296
4250, 978, 6792
3344, 2860, 6808
3342, 1822, 5486
4196, 712, 5684
4774, 2656, 7052
4256, 1474, 5830
5856, 1178, 6968
3304, 532, 8636
3554, 958, 7944
4098, 394, 5750
3562, -498, 7412
3318, 512, 8094
3912, -572, 7644
3914, -390, 8992
3934, -686, 8622
4438, -878, 9786
4896, -2178, 10500
7362, -4352, 1884
-7480, -1198, 10270
548, -3078, 4142
-356, -2974, 4912
-1416, -1594, 3770
-4332, -1008, 3650
-5400, 1206, 2094
-10062, 2426, 4738
-7586, 1736, 2230
-7348, 1576, 6620
-5894, 584, 6170
-4950, -134, 4134
-4544, -616, 12632
1530, -228, 5004
-2070, -96, 7568
-3180, -74, 6808
-188, -274, 7558
-2324, -944, 8272
-2546, -1048, 6394
-3322, -194, 7526

-----------------------------------------------
Date: 24.03.2017 - 13:12:40
End log file
