Terminal log file
Date: 24.03.2017 - 13:13:26
-----------------------------------------------

%~>daq start

 DAQ started.
%~>quit
%~>-1232, 7690, 1572
-1310, 7744, 1760
-1408, 7504, 1936
-1664, 7396, 2488
-1746, 7320, 3022
-2064, 7492, 3254
-3354, 7860, 3894
-3594, 7640, 3698
-3150, 7342, 3020
-3500, 7020, 3180
-3552, 6848, 2886
-4056, 6502, 3088
-3952, 5966, 2364
-3840, 5810, 2732
-3874, 5520, 2322
-3302, 5458, 2002
-3232, 5372, 2382
-2650, 5698, 2126
-2304, 6422, 2298
-2858, 5972, 3128
-2726, 6746, 3196
-3244, 6804, 3634
-3826, 6584, 4188
-4432, 6500, 4286
-4424, 7302, 4764
-6714, 7258, 4870
-1556, 5920, 2672
-2704, 6166, 3206
-2298, 6042, 4474
-1946, 7214, 5348
-2956, 5722, 5512
-2954, 6132, 5246
*NOTE-2017.03.24@13:13:28 - 1
-2438, 6568, 4128
-2726, 6236, 5274
-2002, 6034, 4310
-1156, 5400, 2612
-2410, 5968, 4884
-3218, 6246, 3312
-3298, 6426, 4954
-2734, 6866, 2672
-2014, 6576, 2358
-2312, 6806, 3178
-2046, 6934, 2414
-1970, 7224, 2022
-1988, 7148, 2286
-2428, 7442, 2660
-2204, 7876, 2186
-2442, 8254, 2204
-2696, 7522, 1378
-2386, 8224, 1678
-2010, 7530, 1468
-2344, 7514, 1988
-2460, 7270, 2862
-1838, 7440, 2992
-748, 7896, 4210
46, 6676, 3254
-696, 7658, 2144
-958, 9054, 1166
-802, 7170, -874
-218, 7514, -664
-328, 8290, -1294
-2486, 7696, -1396
-4134, 8016, 528
-4434, 8320, 1540
-4414, 7054, 1064
-2658, 7584, 178
-580, 7558, -1982
834, 8182, 82
-2068, 7518, -360
-4660, 7280, 2504
-5268, 7808, 5238
-2302, 8448, 1730
264, 7982, -1316
-244, 7760, 20
-1412, 7698, 746
-1186, 7638, 548
-1150, 7826, 672
-832, 7914, 558
-218, 7940, 708
430, 8180, 762
*NOTE-2017.03.24@13:13:30 - 1
-1050, 8370, 2256
-634, 7988, 936
646, 8144, 102
82, 7992, 916
-400, 7822, 940
54, 7684, 1408
-344, 7910, 2792
-642, 8158, 2878
-590, 8562, 4204
-100, 8852, 4568
-1322, 8910, 5780
-744, 9692, 6634
-2002, 10902, 8112
-3042, 10578, 7490
-4378, 10392, 8208
-2750, 10834, 7356
-182, 8396, 4968
-1150, 7814, 7790
-2590, 5590, 4824
132, 5296, 7892
-1690, 3520, 5800
1154, 1554, 6010
2728, -68, 4282
2214, -1238, 3830
-634, -2674, 3514
994, -2884, 5022
2628, -4076, 2878
1838, -5514, 1254
-500, -5646, 1392
1016, -6424, 910
-488, -6236, 1620
-520, -7304, -1912
-218, -7194, -2598
-1248, -6264, -3396
-676, -8466, -7394
204, -7662, -7182
-490, -7780, -5862
-154, -7120, -3802
-486, -6878, -2420
182, -6528, -1294
1084, -6272, 86
272, -5994, 3326
-704, -5744, 3542
928, -5594, 2098
-1968, -3764, 5766
250, -3558, 1154
-984, -484, 4064
1012, -1040, 3722
-524, 1836, 8270
176, 2506, 5664
-656, 4306, 8232
158, 6382, 7576
-2270, 7962, 9706
-1396, 8370, 8508
-1924, 10104, 5264
-4688, 9886, 9802
-1444, 10374, 3962
-3580, 10642, 5544
-4052, 9976, 5724
-4784, 9434, 6410
-3536, 8704, 5368
-1278, 8810, 3854
-212, 8138, 2484
-776, 7678, 2602
-1568, 8092, 3402
-1622, 8368, 3044
*NOTE-2017.03.24@13:13:33 - 1
-2244, 8644, 3412
-1676, 8888, 3896
-1418, 9990, 4496
284, 10182, 4458
728, 10520, 5464
306, 10702, 6166
758, 10232, 5886
242, 9416, 6118
874, 8154, 6062
300, 7318, 6392
-486, 6116, 7504
574, 4638, 6886
832, 3444, 6882
696, 2204, 6796
98, 462, 6350
-202, -848, 6860
1386, -992, 5422
2344, -2030, 3960
1550, -3310, 3236
390, -4554, 2992
140, -5144, 2784
874, -5984, 992
656, -6018, -782
106, -6600, -462
916, -6758, -2470
1340, -7466, -2524
2112, -7412, -5054
1854, -8076, -4240
3940, -7032, -5884
2118, -7382, -3842
1476, -7400, -3820
1098, -6714, -3078
442, -7230, -2530
-370, -6526, 24
410, -6200, -130
-20, -5522, 752
-1184, -5042, 2364
-950, -4870, 2654
-1084, -3910, 4950
418, -3192, 4208
130, -1772, 3692
-1152, -430, 5128
-2238, 1022, 7624
-2326, 742, 7368
-2120, 3200, 6918
-3498, 3568, 7836
-3696, 4804, 6640
-4976, 5712, 8700
-4142, 6396, 6150
-5030, 7070, 8354
-3422, 7994, 4758
-4356, 8288, 5156
-4470, 8408, 4650
-3742, 8924, 4282
-3990, 8852, 5162
-2912, 8660, 4716
-1926, 8460, 3914
-836, 8466, 2640
-200, 8166, 1904
-684, 7968, 2254
-828, 8184, 1388
*NOTE-2017.03.24@13:13:36 - 1
-256, 8040, 1410
-964, 8306, 1878
-1070, 8102, 3136
-1384, 8958, 3404
-1780, 9066, 4146
-182, 10530, 3774
-184, 10722, 4752
274, 11016, 5088
18, 11586, 5996
-236, 10700, 5788
-228, 9936, 6226
-394, 8632, 5890
-820, 6908, 6372
-488, 6206, 6566
32, 5284, 7216
-352, 4068, 7658
714, 2288, 5884
486, 680, 6618
1318, -374, 5646
1300, -1204, 6140
1966, -1722, 4402
2264, -2762, 2668
-166, -4650, 2572
-732, -5620, 2406
-146, -5652, 1334
362, -5986, -174
-80, -6538, -962
-322, -6948, -2746
-232, -7068, -3762
1566, -6622, -5878
1440, -7188, -5562
2706, -7154, -7088
1934, -7400, -5512
2824, -7278, -6564
980, -7352, -4276
896, -7140, -4664
168, -7436, -2976
60, -6458, -1990
1512, -6258, -2728
964, -5512, -126
1056, -4700, -850
88, -3888, 1538
-378, -2776, 2874
-1198, -2730, 4302
-1998, -2118, 4210
-4278, -1932, 7160
-3960, -1164, 7046
-3980, 64, 6994
-4110, 1904, 6586
-5144, 2240, 7160
-4884, 2450, 6760
-5774, 5106, 6442
-5734, 5010, 5744
-6694, 5728, 5838
-6670, 6558, 5770
-5732, 7190, 5114
-5084, 7894, 3568
-4844, 8334, 3732
-5928, 8048, 2990
-6246, 7566, 3580
-6570, 7342, 3962
-5758, 7886, 3410
-3970, 8046, 2174
-2350, 8238, 1726
92, 7476, 962
*NOTE-2017.03.24@13:13:40 - 1
-776, 7596, 2928
-1260, 8342, 3330
-1356, 8734, 2988
-1814, 8912, 3148
-2388, 8776, 4330
-1550, 9382, 3884
-1338, 10158, 4996
-1116, 10628, 5802
-966, 10550, 6144
-164, 10474, 5352
-178, 9498, 6040
-86, 8260, 6004
106, 7068, 6594
-280, 5714, 6678
-726, 4666, 6854
-580, 3016, 6902
-866, 1878, 7194
-608, 922, 7248
148, -180, 6478
1098, -1244, 5368
852, -2370, 5024
1336, -2936, 3990
604, -4220, 3422
758, -4988, 2034
38, -6818, 1532
-378, -6218, 2578
388, -5850, 876
1542, -6504, -358
1796, -6760, -804
2050, -7160, -1820
1616, -7222, -2876
1774, -7982, -5134
1328, -7624, -4984
1850, -7418, -5514
762, -8018, -5250
634, -7456, -4592
858, -7368, -3720
570, -7384, -2050
472, -6682, -500
1836, -6148, -1032
-420, -5836, 2336
638, -6236, 1354
-252, -4892, 3930
1334, -5074, 3670
792, -3220, 4978
1272, -3026, 4822
776, -2186, 5344
426, -368, 5552
-846, 814, 5852
-1936, 976, 5630
-3716, 2662, 7476
-5412, 3142, 8896
-3826, 4558, 5520
-6386, 5388, 9596
-4362, 5316, 5602
-5578, 6192, 6504
-5670, 6740, 6038
-4534, 7312, 5366
-4022, 8024, 3856
-4318, 8232, 4006
-3680, 8612, 4032
-3962, 9220, 5112
-3662, 9158, 5100
-2860, 8780, 4644
-2396, 8374, 3780
-1436, 7826, 2606
-1798, 7438, 2684
-1792, 7682, 2678
*NOTE-2017.03.24@13:13:43 - 1
-1666, 8416, 2464
-2392, 8672, 4062
-2320, 9278, 6112
-1734, 9694, 6510
-1756, 10222, 6564
-1748, 10606, 6528
-1328, 10192, 5964
-814, 9154, 5948
-602, 8002, 6374
-756, 6842, 6540
-984, 5276, 6864
-32, 4366, 6144
132, 2536, 6158
252, 1610, 6318
-322, 86, 6702
52, -746, 6494
424, -2454, 5754
54, -3048, 5272
-1766, -4042, 8176
1134, -3656, 3146
2214, -4444, 1378
898, -5486, 1348
1468, -5138, 352
2008, -5420, 1298
1892, -6118, -1664
1872, -7456, -3322
2210, -6966, -3586
3132, -6804, -4800
2836, -7168, -5996
3222, -7012, -6948
1838, -7390, -5534
1812, -7226, -5298
294, -7216, -2914
300, -7052, -1712
928, -6446, -1616
914, -6204, -446
-202, -5522, 630
-572, -5040, 1136
-1088, -4590, 3474
410, -3928, 2836
-62, -2644, 4174
-308, -1894, 4856
-1086, -1134, 5868
-1558, -416, 6576
-1926, 788, 7172
-3200, 1750, 7790
-3910, 3274, 7590
-4268, 3418, 8390
-3536, 4882, 5458
-6086, 5846, 9064
-5028, 5334, 5646
-5852, 6816, 7274
-4628, 6962, 4712
-4740, 7942, 3246
-5406, 8122, 3964
-4914, 8444, 3590
-4836, 8266, 3876
-4794, 7862, 4502
-4344, 8260, 4722
-2312, 8366, 2826
-1352, 8162, 2284
*NOTE-2017.03.24@13:13:46 - 1
-1156, 7834, 1844
-1430, 8048, 2496
-1414, 8158, 2910
-1066, 8368, 3862
-64, 9796, 4028
14, 10574, 5462
-788, 10340, 6224
-1364, 10800, 6312
-1282, 10836, 5978
-1306, 10302, 5938
-970, 9682, 6106
-934, 8362, 6050
-1282, 6824, 6548
-872, 5756, 7134
-178, 4838, 6158
162, 2840, 6598
-914, 1576, 7130
-402, 250, 5568
-538, -728, 5642
-44, -2026, 5570
-534, -2986, 4990
-754, -3710, 5590
-112, -4196, 4354
-306, -4878, 4072
82, -5012, 2346
-602, -5544, 1532
766, -6064, 902
848, -6390, 238
1304, -6636, -694
1104, -6724, -1042
1918, -6992, -3848
1660, -7106, -5440
1652, -7312, -4720
3420, -7140, -7652
2632, -7004, -6966
2758, -7162, -6782
2348, -7184, -5542
1274, -7190, -4262
770, -6836, -3710
494, -7186, -2974
-374, -6348, -1182
472, -6038, -1538
-10, -5874, -364
-1088, -4938, 1536
-1152, -5556, 2030
-1040, -3740, 3260
-2156, -3056, 4062
-2578, -3100, 4374
-2690, -2320, 5224
-3448, -1534, 6484
-2420, -298, 5284
-4014, 818, 8572
-3482, 1600, 7096
-4140, 2524, 7412
-4612, 3792, 7524
-4998, 4586, 7066
-5104, 5028, 6842
-4842, 6472, 5264
-6126, 6770, 6628
-4780, 7376, 4286
-4936, 8192, 4224
-5258, 8216, 4068
-5410, 8372, 4842
-6048, 8222, 5678
-5372, 7638, 6100
-3940, 7248, 5482
-4420, 7652, 5762
-4868, 7504, 6178
*NOTE-2017.03.24@13:13:49 - 1
-5358, 8190, 6244
-4928, 8658, 5606
-4674, 9150, 5710
-4070, 9540, 5590
-3542, 9598, 5534
-3422, 8836, 5980
-3602, 7758, 6916
-2332, 6882, 6688
-1224, 6140, 6716
-642, 4700, 5832
-194, 3310, 6958
-1134, 1956, 7492
-1034, 1096, 6030
-1400, -326, 6180
-750, -1018, 5396
500, -2106, 4182
-604, -3568, 5098
-1086, -4326, 4014
-1100, -4804, 3242
-1012, -5220, 2894
-774, -5500, 1990
-346, -6326, 878
-322, -6696, 192
814, -6960, -26
1788, -6774, -980
2348, -6806, -2448
2552, -7282, -2964
3122, -7012, -3180
6050, -7264, -6766
4394, -8032, -5240
3962, -7190, -4264
3026, -7362, -4792
2616, -7160, -4112
1128, -6992, -2038
1064, -6832, -1742
360, -6498, -188
222, -6410, -242
152, -6146, 936
-1332, -5312, 3026
336, -4864, 2046
-524, -4572, 4220
404, -3090, 3782
-470, -2348, 4992
-1808, -1508, 5584
-2062, 114, 5562
-4064, 186, 6980
-4152, 1432, 6652
-5276, 2266, 8022
-4526, 3716, 6706
-5780, 3272, 8192
-4914, 5182, 6368
-5712, 5552, 5814
-6672, 6292, 6730
-6198, 6512, 5748
-5436, 7288, 5852
-4182, 7804, 2690
-5406, 7922, 3898
-5084, 7684, 4108
-4626, 8194, 4292
-3054, 8570, 3480
-2112, 8610, 3992
-1846, 8228, 3970
-1546, 7992, 4416
-244, 8558, 3528
-1258, 8676, 4158
*NOTE-2017.03.24@13:13:53 - 1
-1602, 8610, 4122
-1148, 9360, 3930
-1104, 9274, 5518
-1040, 10136, 5732
-1452, 10672, 6694
-1844, 10884, 6954
-1678, 10048, 5638
-4018, 9244, 6802
-2716, 7662, 6196
-1474, 5964, 5384
-2776, 5058, 7030
-1698, 3782, 5592
-1536, 2530, 6666
-800, 1182, 6712
44, 58, 4964
936, -1640, 4228
448, -2486, 4344
428, -4024, 3420
384, -4520, 3098
162, -5304, 3346
1114, -5576, 1932
474, -6578, 1086
-986, -6918, 1740
176, -6844, 958
550, -7226, 272
636, -7384, -934
1600, -7364, -1906
642, -7570, -1294
514, -8248, -2844
-592, -8134, -4264
1222, -7316, -6596
456, -7930, -4810
1666, -7988, -4852
600, -7784, -2582
1212, -7602, -2868
312, -7342, -970
108, -6956, -998
670, -5968, -1902
-186, -5720, -1348
-1996, -3506, 996
-2082, -3816, 3312
-834, -1656, 2986
-1740, -1004, 5646
-1322, -148, 3652
-2298, 1124, 6858
-2582, 2246, 7512
-2716, 3926, 7134
-4602, 4960, 10092
-4152, 5828, 6492
-5062, 7038, 8676
-6038, 7348, 7618
-5748, 6964, 6988
-4910, 8560, 4848
-4760, 8108, 4666
-4360, 8126, 4484
-3994, 8406, 4440
-4974, 8356, 5942
-3654, 8854, 5626
-2050, 8164, 4544
-40, 8132, 2756
-1290, 7778, 3636
-958, 7942, 2378
-1112, 7726, 1810
-1236, 8000, 1914
*NOTE-2017.03.24@13:13:56 - 1
-1370, 7756, 2664
-2286, 8532, 4638
-1358, 8664, 4738
-756, 9104, 4654
-702, 9372, 5906
-1126, 9788, 6636
-708, 10298, 6714
-598, 10124, 6092
-1178, 9042, 7220
-846, 7834, 6188
-2086, 7054, 8600
-552, 5988, 6674
-930, 4426, 6982
-412, 4050, 6342
134, 1970, 6302
28, 954, 5956
480, -592, 5530
-330, -1758, 5086
-1678, -3002, 6186
-132, -4144, 4136
648, -4398, 3514
718, -5294, 2476
1672, -5586, 542
-178, -6536, 1222
-204, -7124, 872
236, -7196, 504
946, -7150, 570
1302, -7584, -1656
-820, -7154, 398
1372, -7386, -3790
270, -7746, -3398
576, -8090, -4428
142, -7622, -4488
280, -7894, -4716
488, -7918, -4842
-96, -7578, -4202
-146, -7792, -3916
908, -7132, -3304
-764, -7146, -336
1340, -7254, -2614
1066, -6384, -1196
-510, -5024, 956
-802, -5306, 2624
-70, -4196, 3206
1458, -4068, 3918
2212, -3404, 4056
-286, -2304, 5598
-984, -1530, 6162
-1816, -1044, 8208
-592, 84, 6286
-2000, 1772, 7652
-1932, 2186, 6856
-2750, 3898, 8458
-2262, 4638, 5528
-4134, 5574, 8368
-3176, 6248, 6778
-4582, 6966, 7592
-4482, 8086, 5576
-5104, 7818, 5284
-4584, 8624, 4616
-4440, 8732, 4024
-4788, 8454, 4474
-4480, 8542, 4430
-3916, 8356, 4304
-1944, 8170, 3160
-764, 8256, 2828
-682, 8218, 2968
-1142, 7890, 3546
*NOTE-2017.03.24@13:13:59 - 1
-1486, 8216, 3644
-1450, 8674, 3298
-2206, 8894, 4642
-1590, 9346, 4144
-1434, 10078, 4936
-756, 9978, 4734
-964, 10110, 5678
-434, 9882, 5842
-472, 9470, 6586
-1176, 8680, 6906
-1400, 7608, 6468
-1564, 6440, 7408
-1602, 4986, 7364
-1174, 4068, 7158
-1332, 3056, 7690
-322, 1510, 6272
-406, 122, 6614
-204, -562, 6060
1350, -1876, 3874
-1720, -2692, 6500
-780, -3198, 3366
-1154, -4560, 2360
-876, -5366, 1612
-156, -5852, 878
-42, -6240, 806
22, -6718, -312
906, -7102, -1098
1362, -7294, -1808
1154, -7520, -2406
1258, -7812, -4108
2516, -7506, -6206
1656, -7732, -5738
2052, -7880, -5514
1366, -7564, -4510
750, -7690, -2972
400, -7230, -2904
548, -6892, -1888
1750, -6574, -1884
-116, -5404, -386
-1220, -5300, 2544
-432, -4732, 3056
850, -3382, 3690
1638, -2868, 3586
962, -1998, 4174
-2752, -1180, 4174
-5970, -190, 8436
-4798, -754, 7772
-2656, 1094, 5818
-3812, 2314, 6988
-3738, 3670, 5828
-5598, 4602, 5626
-6478, 5464, 5466
-6450, 6000, 5308
-6572, 7054, 5552
-5298, 8566, 3250
-6074, 9512, 4850
-5042, 9272, 3926
-4984, 9408, 4612
-4934, 8420, 5484
-3438, 8762, 4784
-1610, 7742, 2582
172, 8218, 2510
-792, 8120, 3166
-1510, 7898, 3826
-1598, 8030, 3270
*NOTE-2017.03.24@13:14:03 - 1
-2222, 8360, 3006
-2716, 8344, 4348
-2174, 9486, 4022
-1574, 10004, 4872
-1138, 10064, 4952
-2044, 10274, 6310
-964, 10232, 5838
-1400, 10028, 6834
-1478, 9352, 7496
-978, 7888, 7452
-846, 7096, 7280
-992, 5508, 7692
-1434, 4270, 7176
-354, 3106, 6262
-472, 1256, 5962
-12, 30, 5068
12, -1274, 4488
628, -2170, 2872
106, -3606, 2894
184, -5022, 3610
120, -5334, 1386
-1182, -6486, 1270
-1212, -6528, 980
-542, -6728, 18
330, -6876, -334
78, -6830, 34
2356, -7096, -2956
2054, -7500, -3734
1606, -7548, -5264
1038, -7792, -5040
2008, -7396, -6640
1060, -7298, -5712
914, -7484, -4978
-16, -7298, -2416
878, -6770, -1762
1670, -6530, -1488
334, -5968, 746
1600, -5456, 182
412, -4694, 2866
960, -4520, 3562
1112, -3022, 3508
64, -2574, 5672
50, -1798, 4984
-708, -362, 4976
-2320, -202, 5994
-2930, 1256, 6998
-3628, 2916, 7286
-3626, 3024, 7188
-3914, 5110, 7356
-4824, 5568, 7532
-4748, 7014, 5954
-6032, 7470, 7580
-5248, 8558, 6518
-3866, 8782, 4874
-3326, 9382, 4126
-4468, 9182, 4508
-4288, 8688, 4746
-3258, 8896, 4704
-1494, 8788, 3618
-250, 8544, 2842
-420, 8026, 2750
-1408, 8294, 3298
*NOTE-2017.03.24@13:14:06 - 1
-794, 7986, 2490
-1088, 8368, 2742
-884, 8058, 2790
-1850, 8220, 3354
-1986, 9502, 4004
-1286, 9736, 4060
-788, 9286, 4342
-928, 9724, 5590
-840, 9982, 6214
-586, 9766, 5796
-660, 8956, 6442
-1100, 8314, 7228
-516, 7806, 7518
-592, 6178, 7090
-218, 5390, 7286
-654, 3706, 7028
-982, 2788, 7076
-890, 1738, 6886
120, 218, 5470
-872, -1294, 5740
-418, -2194, 5332
-1002, -3122, 6066
-810, -3942, 4018
-834, -4700, 3452
-1290, -5366, 2930
-992, -5804, 2702
70, -6100, 1496
48, -6226, 1200
580, -6532, 330
778, -6852, -520
718, -7150, -1708
476, -7262, -2484
1928, -7278, -4802
1674, -7722, -5692
1228, -7550, -6034
1280, -7464, -6374
990, -7588, -6068
966, -7312, -4898
572, -7074, -4174
518, -6884, -2866
1932, -5858, -2598
656, -5076, 18
324, -5304, 900
68, -4000, 2528
96, -3786, 3686
686, -3432, 5054
480, -2272, 4594
-2138, -2442, 7924
-212, -1132, 5158
-2018, 686, 7570
-1344, 578, 5646
-2432, 2340, 7840
-2946, 2930, 6496
-4674, 4286, 8090
-3776, 4648, 6014
-4442, 6262, 6470
-5582, 7600, 6208
-5932, 7390, 6564
-4404, 9044, 5280
-3156, 8722, 2528
-4716, 9616, 4496
-6146, 9164, 6446
-5008, 8726, 6220
-846, 8862, 3554
1000, 8734, 3426
-134, 8042, 4172
-1340, 7938, 4614
*NOTE-2017.03.24@13:14:09 - 1
-1196, 8358, 3458
-2436, 8420, 4196
-2344, 8918, 4504
-2002, 9632, 4630
-1536, 9550, 5442
-786, 10278, 5464
-1448, 10086, 6658
-1296, 10018, 7180
-1038, 9062, 6896
-1276, 8304, 6992
-696, 7230, 7128
-916, 5820, 7094
-1150, 3702, 6806
-94, 2138, 6822
806, 2008, 6448
172, -20, 6382
462, -986, 4230
-724, -2136, 4826
-1222, -3166, 4306
-774, -3776, 3302
-862, -4760, 3550
-222, -5114, 2096
98, -5632, 1534
252, -5794, 1244
1310, -6422, -4
1450, -6580, -1026
1582, -6730, -2664
912, -7122, -2730
1838, -7290, -4608
1364, -7508, -5216
1572, -7132, -6132
2366, -7180, -7692
1792, -7444, -7012
1092, -7216, -6196
554, -7254, -5474
298, -7568, -3678
960, -7026, -2574
190, -6488, -620
1832, -6176, -1498
358, -5526, 1564
1710, -5238, 674
1390, -4586, 2644
2102, -4512, 3406
1512, -3564, 5732
2694, -3240, 3326
564, -1806, 5176
-1168, -1098, 6384
-930, -202, 5652
-2688, 1548, 7344
-2532, 2248, 7664
-3060, 3276, 6540
-4096, 4820, 6970
-5144, 5806, 7578
-5340, 5978, 6802
-6116, 7452, 8328
-4760, 8012, 5908
-3580, 8612, 4896
-3074, 9192, 4058
-4184, 9176, 5026
-4604, 8796, 5948
-3706, 8692, 5522
-1664, 8522, 3714
-304, 8312, 2954
-986, 8086, 3692
-1472, 7810, 3986
-1522, 8046, 3596
-2098, 8086, 3490
-2422, 8056, 3744
-1892, 9036, 3988
-1728, 9172, 4246
*NOTE-2017.03.24@13:14:12 - 1
-1768, 8850, 4748
-1780, 8918, 5100
-1626, 9054, 5748
-1970, 8852, 6730
-1886, 8566, 6976
-1904, 8036, 7440
-1410, 7418, 7998
-906, 6692, 8156
-518, 5504, 7786
-1048, 4306, 8232
-256, 2872, 6522
-42, 1622, 6762
-356, 586, 6308
-222, -830, 6014
-532, -2326, 5290
260, -2892, 4252
-300, -4536, 2606
-1362, -4666, 3036
-98, -5326, 1412
-44, -5478, 612
-222, -6600, 402
658, -6760, -370
2022, -6732, -1186
1890, -7142, -1758
2600, -6956, -4152
2004, -7504, -4512
2758, -7482, -6370
2406, -6830, -6398
1678, -7586, -6160
1192, -7380, -5470
456, -7792, -3934
508, -7204, -3322
578, -6952, -1994
472, -6540, -538
2562, -5856, -890
1614, -5424, -122
-692, -5230, 3788
200, -4960, 3602
900, -3126, 3986
386, -3438, 4096
-594, -1770, 5460
-1590, -1820, 5258
-3024, -764, 6898
-3434, 710, 7082
-3658, 802, 5980
-4222, 2898, 7930
-4508, 3310, 6592
-4574, 4154, 6228
-5318, 5652, 8262
-4888, 6750, 5076
-5686, 8416, 6272
-4672, 7950, 6822
-2214, 9394, 3546
-3764, 9140, 4124
-4666, 8928, 5158
-3824, 8796, 4960
-2646, 8910, 4888
-1138, 8798, 4070
-754, 8378, 3402
-1096, 7976, 3952
-1456, 8012, 3884
*NOTE-2017.03.24@13:14:15 - 1
-1536, 8106, 3468
-2116, 7912, 3696
-2230, 8486, 4598
-1464, 9222, 4230
-1248, 9480, 4974
-1632, 9278, 5548
-1598, 9744, 5712
-1862, 9346, 6242
-1864, 9294, 7020
-1236, 8980, 7642
-662, 8728, 9334
-556, 6878, 7652
-802, 5890, 7390
-976, 3930, 8042
-230, 2802, 6252
-232, 1354, 6852
-666, 180, 5922
-594, -1146, 4480
-1412, -2338, 5452
-430, -3360, 3876
280, -4194, 3166
276, -4940, 2538
-306, -5372, 2390
104, -5940, 1646
52, -6668, 1032
478, -5958, 180
1140, -6388, -1912
1180, -6790, -2172
1636, -7076, -1728
2142, -7070, -3408
1630, -7330, -4010
2098, -7140, -5390
1436, -7082, -5940
2392, -6932, -8160
1448, -7316, -7434
556, -7644, -6664
688, -7022, -5106
470, -7204, -3944
1508, -7108, -3976
-98, -6880, -1448
792, -6782, -1408
86, -6806, -766
1964, -5836, -1578
1192, -5542, 1144
1652, -4872, 1290
2680, -3546, 208
120, -2862, 3406
-1084, -2050, 4126
-584, -1106, 3928
-3790, 924, 7146
-4412, -178, 8966
-1934, 3654, 5836
-6812, 3888, 9302
-4026, 4860, 5198
-6954, 5646, 6408
-6432, 6838, 5068
-7078, 7616, 6186
-6948, 8694, 5606
-5500, 9528, 5580
-2976, 9368, 4096
-3382, 9780, 4702
-3392, 9084, 5106
-2628, 8836, 4406
-1390, 8600, 3234
-1122, 8360, 2402
-1408, 8268, 2382
-1186, 8248, 1446
-1468, 8118, 1924
-1110, 8042, 2068
-268, 8110, 1110
*NOTE-2017.03.24@13:14:19 - 1
-482, 8272, 1098
-60, 8168, 740
-370, 7944, 1370
-948, 8026, 3308
-1558, 8662, 2702
-1212, 8278, 2034
-1928, 8426, 2358
-1748, 8200, 1918
-1904, 7572, 1784
-2650, 7248, 2128
-2546, 6638, 2146
-1950, 5766, 2360
-1192, 5376, 2972
-236, 4844, 1676
-1426, 5420, 2972
-2864, 6024, 4728
-1926, 6350, 4012
-3166, 6584, 5574
-1684, 8380, 8290
-3718, 4312, 9834
-3552, 2086, 8752
-940, -300, 5478
-2462, -886, 6990
-2998, 152, 8316
-1996, -598, 8534
-2346, -1150, 8326
-2024, -1584, 7680
-2462, -424, 7402
-2448, -456, 7746
-728, -1164, 7818
326, -1154, 7788
-1446, -10, 7254
-148, 562, 4896
632, -506, 8818
136, 686, 7898
4436, -612, 9306
1432, -1352, 6102
1982, -508, 9642
1708, -594, 8272
1560, -624, 7210
2266, -774, 7086
2454, -26, 7714
2030, 38, 7756
1902, 346, 7614
1822, 312, 7892
2182, 216, 7124
2172, 444, 7082
1096, -402, 8008
1630, 338, 9004
2208, -510, 8866
1608, -1276, 10098
4058, -206, 7772
6868, 1208, 4222
2508, -4846, 10780
3092, -1494, 2792
3600, 1030, 8134
-590, -1338, 11088
1096, -2516, 5094
-298, -3686, 1878
-3632, -2784, 3380
-6538, -872, 3466
-5226, 208, 2994
-7522, 2428, 7430
-4054, 1806, 7642
-4914, 3562, 8444
-3482, 544, 10794
-840, 1104, 6398
-3108, -466, 10500
-3472, -436, 7204
-788, -1438, 9388
-3216, 756, 7580
-690, 100, 6870
-2456, 154, 7190
-2554, -516, 7598
-2396, -164, 7842
-1982, -316, 7308
-2322, 408, 7558
-1660, -610, 7892
-2596, -180, 9520
-2446, -194, 7556
-1180, 1064, 7876
-1860, 356, 7502
-1784, 196, 6926
-910, 54, 6802
-516, 862, 6056
-3840, 596, 10550
-2856, 82, 7986
*NOTE-2017.03.24@13:14:23 - 1
-2948, -16, 6742
-3204, 156, 8454
-2086, -588, 6468
-2656, -760, 8584
-2034, -196, 7130
-2794, 272, 7416
-2594, 270, 7432
-2652, 176, 7462
-2528, 180, 7212
-2656, 142, 7342
-2592, 264, 7326
-2580, 62, 7422
-2504, -20, 7338
-2620, 162, 7288
-2610, 66, 7388
-2666, 88, 7354
-2608, 160, 7282
-2666, 176, 7296
-2650, 172, 7398
-2668, 158, 7478
-2672, 158, 7366
-2684, -16, 7422
-2578, 140, 7388
-2672, 124, 7358
-2508, 44, 7426
-3740, 44, 8676
-3530, 794, 8492
-1268, 926, 7298
-1302, -418, 3606
-5782, -308, 10628
-2702, -860, 5550
-3346, -1084, 5716
-3400, -1516, 5732
-6140, -1170, 7520
-4352, 442, 7026
-3440, -726, 4708
-5336, -568, 6854
-4762, -722, 4636
-6684, -370, 6754
-5848, 304, 5318
-5576, -250, 5128
-7942, -986, 4014
-9134, -570, 3276
-7052, -758, 2936
-5668, -208, 3664
-5706, -442, 3642
-7008, -1060, 3740
-6706, -980, 1742
-8074, -1894, 106
-8362, -2132, -462
-7220, -1798, -656
-7206, -1660, -1418
-7948, -2228, -1426
-8644, -1200, -1338
-7544, -1474, -2036
-7454, -1804, -2238
-8394, -1326, -1898
-8648, -1484, -1714
-8014, -1572, -2190
-7834, -1504, -1620
-7480, -1582, -1948
-7908, -1706, -1812
-7572, -1666, -1516
-7576, -1620, -1646
-7744, -1696, -1474
-7886, -1680, -1494
-7812, -1610, -1536
-7846, -1698, -1560
-7700, -1654, -1530
-7704, -1664, -1580
-7704, -1766, -1552
-7604, -1718, -1526
-7846, -1668, -1306
-7802, -1824, -1554
-7606, -1702, -1294
-7616, -1752, -1410
-7868, -1772, -1610
-8074, -1702, -1694
-7992, -1654, -1358
-7656, -1666, -1684
-7562, -1638, -1808
-7654, -1726, -1694
-7772, -1626, -1602
-7844, -1674, -1562
-7754, -1622, -1596
-7852, -1624, -1582
-7804, -1592, -1596
-7858, -1594, -1628
-7862, -1624, -1478
-7750, -1642, -1530
-7776, -1574, -1528
-7826, -1614, -1492
-7800, -1626, -1560
-7766, -1602, -1462
-7828, -1632, -1470
-7816, -1576, -1448
-7844, -1644, -1358
-7944, -1610, -1258
-7916, -1624, -1168
-7788, -1654, -1064
-7826, -1640, -934
-7868, -1656, -868
-7882, -1694, -792
-7744, -1672, -738
-7772, -1650, -650
-7732, -1702, -626
-7802, -1732, -508
-7882, -1716, -518
-7916, -1682, -474
-7888, -1638, -342
-7706, -1720, -396
-7714, -1698, -350
-8050, -1672, -374
-7798, -1744, -436
-7824, -1604, -414
-7956, -1692, -544
-8006, -1774, -534
-7948, -1598, -408
-7648, -1680, -516
-7910, -1682, -568
-7880, -1758, -468
-7790, -1582, -530
-7678, -1622, -402
-7644, -1720, -466
-7712, -1716, -826
-7824, -1798, -882
-7730, -1696, -1202
-8058, -1730, -1200
-7752, -1726, -1434
-7888, -1774, -1718
-7774, -1890, -1900
-7624, -1802, -2004
-7954, -1306, -708
-7692, -2012, -2230
-7890, -1840, -1704
-7456, -1894, -2032
-7808, -1894, -1948
-7538, -1858, -2082
-7652, -1952, -2002
-7512, -1930, -2316
-7450, -1792, -2520
-7604, -1964, -2620
-7804, -1850, -1912
-7924, -1986, -2142
-7234, -1986, -2690
-7398, -1906, -2250
-7564, -1988, -2478
-7636, -1808, -1974
-7526, -2032, -2732
-7660, -1780, -2272
-7698, -1940, -2520
-7490, -1896, -2456
-7494, -1964, -2358
-7518, -1942, -2446
-7494, -1890, -2206
-8234, -1782, -1174
-7050, -2036, -1636
-8526, -2064, -876
-7954, -1830, -1122
-7382, -1954, -1722
-8028, -2284, -1472
-7788, -2126, -1608
-8032, -1988, -2282
-7462, -1934, -1470
-8006, -1992, -1140
-7880, -2048, -1578
-8362, -1700, -912
-7852, -1976, -1642
-7290, -1610, -1552
-7506, -1986, -1270
-7838, -2028, -1256
-8162, -1790, -1570
-7678, -1824, -1060
-7410, -1620, -942
-7912, -1754, -1398
-7828, -1964, -1814
-7538, -1662, -1344
-7460, -1780, -2128
-7588, -1906, -2070
-7538, -2154, -2058
-7540, -2146, -2340
-8054, -1776, -2492
-7572, -2004, -1846
-7708, -1844, -1558
-7562, -2010, -2106
-7774, -2024, -2096
-7586, -1910, -1880
-7692, -1924, -1680
-7710, -1922, -1664
-7622, -1788, -2022
-7948, -1974, -1508
-7544, -1968, -1640
-7746, -1812, -1502
-7676, -2030, -1818
-7552, -1910, -1814
-7200, -2170, -2136
-8010, -2028, -1666
-7590, -1930, -1842
-7586, -2138, -1866
-7736, -2152, -1854
-7342, -1924, -1748
-7754, -2024, -1370
-7374, -1972, -1480
-8464, -1988, -1320
-7798, -1890, -1502
-7694, -1858, -1440
-7582, -1776, -1472
-7858, -1860, -1228
-7592, -1808, -1516
-7694, -1884, -1290
-7830, -1908, -1242
-7808, -1872, -1338
-7890, -1870, -1216
-7742, -1896, -1298
-7620, -1910, -1276
-7676, -1842, -1254
-7776, -1864, -1090
-7796, -1798, -1162
-7732, -1934, -1228
-7878, -1822, -1068
-7616, -1840, -1262
-8060, -1732, -590
-7514, -1948, -1018
-8030, -1768, -972
-7798, -1850, -1030
-7468, -1838, -1052
-7578, -1978, -962
-7866, -2046, -1160
-7828, -1990, -1068
-7666, -1980, -1116
-7742, -1986, -1136
-7806, -1930, -1042
-7864, -1928, -972
-7828, -1930, -1002
-7854, -1952, -1008
-7678, -1912, -1170
-7726, -1846, -1062
-7844, -1860, -1168
-7716, -1876, -1222
-7758, -1898, -1106
-7862, -1834, -562
-7992, -1800, -962
-8056, -1914, -1090
-7816, -1922, -1092
-7878, -1812, -1074
-7742, -1928, -1116
-7778, -1834, -1158
-7840, -1888, -1054
-7680, -1924, -1310
-8106, -1848, -984
-7772, -1968, -1178
-7784, -1924, -1192
-7848, -1886, -1306
-8176, -1722, -702
-7926, -2046, -722
-7814, -1856, -1312
-7966, -1778, -880
-7452, -1908, -1154
-7956, -2036, -918
-7798, -1880, -1178
-7844, -1884, -1028
-7778, -1852, -1056
-7500, -1906, -1110
-7962, -1924, -1010
-7656, -2018, -1192
-7864, -1984, -1044
-7780, -1934, -1204
-7534, -1836, -1188
-7750, -1942, -1074
-7860, -1848, -1178
-7934, -1610, -716
-7922, -1796, -692
-7894, -1964, -1182
-7584, -1776, -860
-7580, -2066, -1206
-7354, -1848, -716
-7792, -1850, -1024
-7840, -1936, -1120
-7402, -1846, -486
-7704, -1938, -1232
-7540, -1754, -882
-7560, -1946, -1026
-7480, -1550, -736
-7934, -1932, -902
-7372, -1724, -860
-7940, -2044, -1210
-7806, -1946, -1124
-7470, -1870, -1160
-8190, -1892, -1022
-7740, -2024, -858
-7820, -1986, -1210
-7736, -1824, -772
-7808, -1850, -786
-7836, -1926, -1186
-7410, -1916, -1078
-7918, -2100, -970
-7526, -1932, -1298
-8100, -1844, -632
-7972, -2030, -924
-7714, -1978, -1152
-7930, -1948, -676
-7838, -1890, -1060
-7766, -2024, -1080
-7732, -1976, -1004
-7814, -1996, -1152
-7756, -1994, -1044
-7616, -1936, -1060
-7770, -1964, -888
-7518, -2042, -1068
-8244, -2028, -844
-7722, -1926, -1030
-7676, -1946, -866
-7846, -1846, -856
-8182, -2306, -370
-7988, -2048, -994
-8016, -2116, -1098
-7806, -1926, -614
-7492, -1830, -318
-8028, -1982, -722
-8230, -1926, -1044
-7596, -2074, -842
-7610, -1956, -738
-7960, -1856, -626
-8198, -1856, -432
-7760, -1918, -574
-7960, -1894, -224
-7774, -1974, -102
-7690, -1928, -72
-7994, -1764, 622
-7906, -1758, 120
-7794, -1894, -88
-7706, -1914, -194
-7796, -1860, -380
-7712, -2078, -366
-6602, -2248, -1142
-9072, -1524, -344
-7404, -1960, -1272
-7952, -1738, -312
-7708, -1916, -226
-7734, -2092, -422
-7812, -2180, -142
-7668, -1938, -470
-7904, -2086, 262
-7810, -2202, 446
-7674, -1998, 838
-8076, -2000, 1202
-7746, -2104, 1096
-8054, -2292, 2352
-6486, -2202, 1802
-7076, -2564, 2588
-6368, -2362, 3276
-7092, -3034, 4626
-6480, -3626, 4330
-4872, -3158, 4152
-5130, -2528, 4452
-5056, -982, 4974
-5484, -314, 5708
-4318, 922, 5680
-3646, 1604, 5224
-4956, 1408, 6830
-2912, 1582, 6446
-3504, 1926, 7482
-4862, 2356, 8576
-3950, 792, 7016
-4468, 1378, 9258
-2402, 790, 6522
-3620, 764, 7974
-3236, 1042, 7192
-3428, 84, 7528
-2274, 350, 6724
-3268, -14, 7786
-2478, 114, 7116
*NOTE-2017.03.24@13:14:42 - 1
-3296, -138, 7422
-4122, 372, 8072
-4446, 368, 7750
-3704, 1504, 7082
-5458, 2470, 7130
-5192, 3014, 5732
-4732, 2134, 6592
-4362, 578, 6136
-2994, 86, 6290
-3350, -538, 6328
-2476, -1578, 5242
-2940, -1204, 6686
-1990, -2972, 5058
-2048, -4984, 5218
-1422, -4794, 5608
-1184, -3928, 7522
818, -2592, 7708
-564, -1190, 9614
1164, 882, 9338
-48, -68, 8742
332, -52, 7548
2502, 140, 6968
2450, -1108, 7412
1822, -1312, 9110
2650, 1332, 9470
3260, 230, 8526
2478, -510, 5668
2584, -1194, 6140
1380, -908, 6822
4086, -980, 5838
1850, -1096, 7230
1812, -824, 9046
2686, -2622, 6376
1322, -2412, 9382
2448, -2234, 7560
1908, -1476, 8458
1350, -838, 9488
2012, -200, 9372
2200, -556, 7988
-288, 1868, 8888
420, 4484, 6252
-326, 5178, 4280
238, 5812, 4700
-626, 5400, 5376
-1428, 4912, 4648
-3670, 5618, 4788
-4390, 5384, 4654
-4542, 5240, 3600
-5580, 5768, 3038
-5902, 6382, 4100
-4826, 5780, 2528
-4222, 5824, 1506
-3942, 6040, 1362
-4768, 6284, 1956
-4206, 7526, 1866
-3528, 8186, 1548
-1946, 8474, 208
-1676, 8292, 582
-1496, 7936, 844
-916, 7756, 686
-724, 7914, 942
-744, 8496, 858
-470, 7464, 1400
-150, 7076, 1736
26, 7814, 1860
474, 7288, 1942
368, 6888, 2476
-50, 8174, 2744
12, 8730, 1842
892, 7738, 982
524, 7760, 1154
574, 7946, 696
36, 7384, 1024
978, 7680, 400
*NOTE-2017.03.24@13:14:46 - 1
480, 8024, 1140
668, 7914, 1218
900, 8018, 992
776, 8128, 878
638, 7906, 1146
-76, 7660, 2814
58, 8262, 3608
92, 8192, 4484
-1170, 9080, 7588
-866, 10460, 8520
20, 11384, 8934
1560, 11442, 7386
824, 11802, 8626
1052, 11564, 7938
1030, 9656, 6458
430, 7772, 6910
2742, 6276, 5802
3054, 4140, 4702
4106, 2592, 4250
3748, 1140, 4898
3844, 712, 4808
3930, -1256, 3430
3226, -2682, 1414
1864, -3738, 1680
1172, -4420, 1272
872, -5528, 1382
632, -5826, 688
482, -6630, -390
612, -7136, -1642
384, -7516, -1198
-64, -6870, -2190
-1456, -7808, -4238
-3078, -8096, -5916
-2890, -7868, -7076
-1892, -7692, -5948
-1636, -7714, -4146
-534, -7014, -2850
90, -6778, -1474
706, -6480, 312
1994, -5732, 254
1500, -5696, 1644
1552, -4648, 824
-54, -4284, 2112
838, -4114, 3262
694, -3444, 5088
2050, -2122, 3830
60, 214, 5442
916, 676, 8510
2562, 2604, 4076
312, 4108, 9392
1024, 4468, 6900
-564, 6632, 8188
-896, 7166, 8836
-2932, 6818, 8572
-2154, 8662, 8654
-2374, 7410, 6582
-2608, 9450, 6856
-1990, 8720, 4508
-2760, 9130, 5070
-2062, 8954, 4748
-1654, 8888, 4484
-636, 9114, 3658
1152, 8506, 2660
552, 8116, 2486
186, 8292, 3228
-392, 8342, 3416
*NOTE-2017.03.24@13:14:49 - 1
-226, 8072, 3230
-702, 8508, 3480
-478, 8960, 3540
-416, 9636, 4234
-330, 9498, 5442
996, 10914, 5348
1040, 11140, 5986
2208, 10574, 4912
1352, 10328, 6464
2550, 9390, 6236
1772, 8034, 8766
2110, 7042, 6702
1012, 5600, 8186
1890, 4416, 6056
1246, 2692, 6682
1020, 1154, 6256
1420, -256, 4554
254, -1272, 5508
570, -2660, 4474
954, -3354, 3198
750, -4194, 3356
808, -4746, 2500
644, -5704, 2214
1444, -6002, -180
728, -6028, -1098
-314, -6540, -998
388, -6818, -3376
-336, -6878, -4186
-592, -7520, -5538
-352, -7172, -6690
-298, -7124, -8372
-118, -7314, -7366
-552, -6892, -5670
-236, -7248, -5464
-356, -6588, -3132
4, -6500, -3994
404, -5318, -1792
1830, -5710, -1994
1276, -4202, 476
768, -4218, 2240
1366, -2512, 4450
820, -3960, 5650
-18, -2828, 7722
160, -1962, 6260
320, -752, 5560
-734, 166, 7428
-1042, 1328, 4554
-1826, 3306, 5172
-3582, 3486, 8246
-2828, 5320, 5540
-6062, 6748, 9284
-5166, 7056, 7500
-4864, 7820, 6360
-4668, 7800, 5002
-5208, 8934, 6742
-4280, 9206, 6694
-3546, 10016, 7580
-1740, 9640, 6498
-944, 8986, 6626
-590, 8234, 5500
-798, 8400, 5382
-692, 8598, 5436
362, 9702, 4688
-684, 9792, 5718
1028, 9390, 4764
*NOTE-2017.03.24@13:14:52 - 1
276, 9984, 5768
1728, 9780, 5352
1546, 9718, 6590
1062, 8694, 6884
1748, 7582, 6728
1544, 6668, 6938
1602, 5246, 7056
1364, 4294, 5994
1290, 2914, 6422
682, 1408, 7124
1232, 496, 6214
1146, -1234, 5524
340, -2524, 6352
850, -3224, 5326
1670, -3170, 4020
1922, -4564, 2900
1600, -5314, 1884
1880, -5190, 1070
1054, -5748, 274
1866, -6338, -1628
500, -6618, -550
574, -6838, -1660
68, -7730, -2740
726, -7324, -4392
194, -7586, -5826
342, -7654, -6490
-474, -7304, -8064
132, -6952, -7038
-350, -7430, -4720
-506, -7270, -4354
658, -7554, -3438
-588, -6936, -1402
-318, -6960, -730
-368, -5946, 1782
1934, -7408, 0
2686, -5560, -258
448, -5276, 2928
894, -5074, 2972
1616, -2744, 2938
822, -3916, 3074
1806, -2822, 3574
-488, -416, 5932
-910, -712, 6008
-1834, 926, 7346
-1014, 2002, 7170
-1528, 3592, 8110
-1960, 3898, 8500
-1354, 6046, 6922
-3338, 7176, 8998
-3412, 7198, 6616
-2296, 8600, 6710
-1588, 8990, 3894
-2072, 9720, 5188
-1870, 9888, 4096
-2472, 10950, 5722
-2200, 10344, 6718
-1078, 9714, 6092
-334, 8418, 4878
-244, 7912, 4412
-966, 8072, 3892
-772, 8548, 3076
*NOTE-2017.03.24@13:14:55 - 1
-1306, 8586, 3678
-954, 8928, 4214
-1158, 10002, 5680
418, 10624, 5750
978, 10750, 5886
750, 10852, 6608
1270, 10234, 6146
1316, 9398, 6184
1204, 8176, 6682
884, 6852, 6778
812, 5290, 6948
536, 3996, 6626
772, 2592, 6714
1286, 2200, 6392
1984, 352, 4762
1358, -1128, 4778
412, -2798, 5220
978, -3448, 3744
990, -4290, 3560
1094, -5060, 2240
344, -5716, 1924
394, -6438, 522
-110, -6848, 10
310, -7098, -1242
150, -7078, -1048
-200, -6992, -1416
-92, -7476, -2798
456, -7514, -3864
476, -7468, -5188
-292, -7492, -6892
104, -7590, -6538
630, -7442, -6298
306, -7254, -5542
328, -7302, -4520
-744, -6698, -2928
-640, -6788, -1542
682, -5904, -1258
1996, -5056, -490
2478, -4334, 2226
1758, -4674, 3858
1994, -4108, 3336
1430, -3162, 5536
1430, -2596, 6098
958, -1294, 5248
712, -712, 5734
-662, -194, 8538
504, 972, 6166
-130, 2966, 6872
-1246, 3274, 8746
-94, 4628, 5488
-2250, 6016, 10104
-930, 6490, 6040
-3498, 7416, 8852
-1794, 7886, 5150
-2642, 8352, 7534
-1612, 9156, 5288
-1828, 9656, 5284
-2218, 9620, 5406
-1540, 9322, 5362
18, 9294, 4368
262, 8602, 3812
-320, 8050, 4036
-1214, 8192, 4446
-1028, 8106, 3694
-1098, 8166, 4166
*NOTE-2017.03.24@13:14:59 - 1
-1496, 8856, 4980
-300, 9828, 4938
448, 10268, 5632
-148, 10560, 6800
-176, 11014, 6198
802, 9792, 5592
-1470, 9128, 7484
-1986, 8022, 7802
-1692, 6968, 7568
-1672, 5682, 7058
-1208, 4072, 6074
-2028, 2694, 6692
-1388, 1130, 6350
-1426, 254, 6502
504, -740, 4256
-44, -2278, 5420
552, -2974, 4238
1328, -4282, 3286
810, -5018, 2982
816, -5604, 1838
1034, -6030, 586
634, -6350, 834
956, -7546, -884
594, -6812, -534
726, -7414, -2304
54, -7728, -2616
884, -7844, -3972
786, -7438, -5272
-88, -7964, -7030
372, -7398, -6900
332, -7190, -5282
88, -7446, -4890
184, -6928, -3764
474, -6402, -3000
688, -6342, -2412
1276, -5158, -836
574, -4536, 232
-270, -3514, 1910
-1180, -3298, 4400
-1232, -2752, 5324
380, -724, 3684
-1130, 244, 7312
-1084, 440, 6976
-1778, 1856, 8142
-1686, 2896, 8494
-344, 4902, 5306
-2982, 6662, 7596
-4942, 7342, 7576
-4128, 8382, 7238
-5532, 8278, 8358
-3836, 8810, 6914
-1960, 9462, 4362
-2936, 9836, 5172
-3432, 9562, 5696
-2926, 9232, 5292
-846, 8466, 3570
32, 8400, 2650
60, 8192, 2556
-274, 8180, 2438
-588, 8238, 2242
-504, 7876, 2612
-66, 8138, 3018
-566, 8180, 4232
-840, 8814, 3488
*NOTE-2017.03.24@13:15:02 - 1
-2202, 9086, 5198
-1074, 10228, 4926
570, 11144, 4488
-94, 11098, 5564
-364, 10698, 6716
350, 10286, 6254
-86, 9120, 7602
-662, 8332, 8520
-454, 8130, 8420
-584, 6286, 7110
-604, 4778, 6056
-676, 3058, 7168
552, 1912, 4940
1140, 90, 5338
2106, -1196, 3810
2220, -2318, 3294
1336, -3474, 3256
18, -4588, 3768
936, -5082, 1062
1264, -5894, -138
1958, -6836, -730
2136, -6276, -152
1580, -6244, -728
-766, -7388, -2184
-1348, -7884, -3072
-658, -7718, -4928
-356, -7568, -6780
-566, -7704, -7988
-196, -7820, -5878
880, -7020, -6424
556, -7148, -5050
320, -6626, -4228
-804, -6384, -2478
192, -5832, -2672
236, -5004, 22
-280, -4016, 152
-596, -3444, 3136
492, -1552, 4342
890, -1014, 4506
-990, 18, 7246
-1672, 282, 9186
-258, 1882, 6548
-1688, 2700, 9784
148, 4338, 5164
-2160, 5078, 9270
-1028, 6408, 6564
-1522, 7626, 7660
-2510, 8490, 6990
-2810, 8396, 7574
-1802, 9692, 6096
-1246, 9738, 5072
-1102, 9954, 4928
-1538, 9638, 4916
-1844, 9558, 4868
-910, 9178, 3836
-836, 8640, 3550
38, 8114, 2638
-174, 8442, 2980
164, 8406, 2608
*NOTE-2017.03.24@13:15:05 - 1
-150, 8034, 2810
-180, 8202, 3328
-476, 8392, 3956
492, 9312, 3368
-46, 10228, 5462
274, 10720, 6368
648, 11750, 6068
1008, 11830, 5434
426, 10812, 5752
-234, 10436, 6374
1378, 8868, 5876
-786, 7914, 7730
-176, 6200, 6968
-960, 5238, 7286
-492, 3106, 6088
-588, 1880, 5702
772, -276, 4118
-122, -1168, 3692
562, -2940, 2746
-170, -4024, 3760
-762, -4132, 4374
952, -5148, 1558
1222, -5934, 464
868, -6058, 698
758, -6444, 178
932, -7058, -784
-540, -7080, -322
-782, -7764, -2012
208, -7594, -3206
-1146, -7666, -3140
-526, -7840, -5418
-990, -7600, -5228
322, -8098, -5956
-484, -7520, -4038
566, -7840, -4550
120, -7148, -3930
176, -6402, -2628
54, -5806, -972
480, -4982, 1104
828, -4326, 1148
-136, -3928, 3346
426, -2828, 3990
-102, -1392, 3696
-1728, -1596, 7584
-564, -170, 5258
-2498, 244, 9228
-948, 1632, 7318
-1376, 3210, 6714
-2736, 3698, 7044
-3402, 4348, 7746
-5346, 4886, 7918
-5774, 5248, 6716
-5318, 5936, 5648
-4982, 6676, 5726
-4274, 7222, 5010
-4140, 8286, 5558
-3460, 8490, 4510
-4090, 9720, 5972
-3792, 10048, 6374
-776, 9328, 3322
360, 8322, 2766
-564, 8324, 3124
-1700, 8166, 3528
*NOTE-2017.03.24@13:15:08 - 1
-1202, 7486, 3254
-1174, 8338, 3704
-1408, 8644, 3528
-2086, 8938, 5076
-1528, 9744, 6186
-968, 10714, 6310
1254, 11710, 4618
-722, 11152, 8548
-158, 11174, 6932
410, 10212, 6172
-546, 9198, 6260
-260, 7206, 6246
-96, 5252, 6368
-1006, 3772, 7430
-148, 2506, 7110
204, 1108, 6414
968, 114, 5622
1226, -372, 3646
506, -2210, 4158
136, -3320, 3618
832, -4482, 2052
488, -5116, 1486
30, -5974, 1476
-470, -6420, 510
192, -6810, -658
72, -6976, -958
-134, -6788, -1312
8, -7428, -3260
678, -7402, -4696
1238, -7342, -5252
786, -7440, -7204
-58, -7262, -6740
894, -7534, -6128
758, -7076, -6280
-272, -6916, -4434
-240, -6410, -2860
-162, -6982, -1800
446, -6170, -1562
518, -5266, 296
1356, -5080, 296
1362, -4284, 1248
-290, -3236, 3574
-254, -3292, 4358
-850, -2316, 5004
-1534, -1216, 6772
-476, -536, 6256
-1514, 944, 7848
-1544, 2240, 7988
-1850, 3506, 7380
-1894, 4364, 7204
-2418, 5434, 6964
-3396, 6916, 7982
-3696, 8258, 7034
-3828, 7884, 6150
-3920, 9344, 5532
-4156, 9000, 5834
-2860, 9464, 4502
-2938, 10066, 5590
-2804, 9702, 5654
-784, 9410, 4404
-672, 8118, 3990
2, 7986, 3222
-378, 8368, 3008
*NOTE-2017.03.24@13:15:11 - 1
-1078, 8512, 2976
-510, 8236, 2454
-1044, 8020, 4116
-1934, 9258, 5116
-382, 9882, 4108
-832, 10510, 5464
-398, 10680, 4934
-758, 10944, 6252
82, 10900, 5804
-414, 10162, 6824
-296, 9268, 7204
-604, 8176, 7612
-794, 6562, 8192
1162, 5008, 5474
-720, 3802, 7328
-152, 2288, 5838
54, 260, 5990
-260, -560, 5168
-42, -1760, 5074
312, -2694, 3954
-56, -3734, 3410
536, -4562, 2598
572, -5324, 1746
712, -5542, 668
566, -6174, 618
244, -6492, 66
1106, -6960, -2616
574, -7236, -2706
-1228, -7372, -2364
330, -7478, -4796
-256, -7570, -5142
190, -7632, -6020
288, -7420, -6568
1140, -7442, -7442
-136, -7322, -6176
-10, -7424, -5946
-428, -7004, -4392
-174, -6788, -3468
1042, -5994, -2022
938, -5482, -1018
532, -5134, 688
942, -5138, 1782
90, -4656, 4042
1472, -4204, 3398
1940, -2508, 4752
278, -2750, 6386
548, -1716, 5272
-318, -486, 7904
-380, -526, 7072
-1316, 974, 8542
-2130, 1512, 8176
-2666, 2170, 8000
-2326, 3888, 5850
-3600, 3994, 6068
-5666, 5344, 7104
-4540, 5508, 6056
-4816, 6718, 5814
-4708, 7334, 5820
-3882, 8576, 5688
-2778, 9354, 4806
-2104, 10012, 5214
-2482, 9814, 5880
-2460, 8734, 5056
-736, 8502, 3816
1230, 8360, 1376
-1070, 8066, 3952
-682, 8414, 3290
-370, 8176, 3198
*NOTE-2017.03.24@13:15:14 - 1
-772, 8394, 3734
-1248, 8400, 3968
-1900, 9116, 4494
-1576, 9970, 5308
-156, 10460, 5084
88, 10094, 5500
-854, 10500, 6736
-388, 10328, 6590
-484, 10338, 7612
1036, 9374, 6730
572, 7662, 7188
236, 6936, 6648
-250, 4918, 6714
648, 2988, 5884
66, 2312, 7138
2246, 286, 4286
1320, -804, 5354
1914, -1878, 4304
1694, -3100, 3264
1452, -3846, 3108
748, -5042, 3408
570, -5112, 2352
1308, -5550, 300
964, -6082, -838
108, -6592, -124
600, -6920, -1900
-380, -7424, -3550
1544, -7278, -5474
498, -7422, -4482
-64, -7164, -5628
894, -7528, -8648
-38, -7608, -6170
992, -7618, -6350
-566, -7372, -4620
-244, -6880, -4346
-234, -6576, -3524
1192, -5418, -2244
2166, -4430, -1900
1192, -4478, 644
-1104, -2770, 4078
-1168, -3686, 4518
190, -3316, 4332
-1156, -1936, 5562
-1642, -1170, 7182
-2344, -946, 7272
-2074, -56, 8526
-1464, 1542, 6634
-3228, 2700, 8786
-2948, 4196, 5384
-4216, 4868, 7430
-4222, 5576, 5344
-5006, 6600, 7170
-3842, 6960, 5400
-4620, 9032, 5968
-4438, 9170, 6146
-3150, 9500, 5044
-3914, 9284, 6378
-3098, 8784, 6022
-1802, 8728, 4466
186, 8570, 2792
-1608, 8140, 3966
-1006, 8026, 2982
-1138, 8088, 3098
-1104, 8222, 3872
-1232, 8512, 3742
-1484, 8430, 3908
*NOTE-2017.03.24@13:15:18 - 1
-1476, 8624, 4276
-952, 9304, 4036
-930, 9104, 5192
-1218, 9662, 6272
-960, 10070, 7284
-684, 10052, 6698
-1486, 9332, 8080
-722, 8442, 7426
-536, 7400, 6972
-782, 6202, 6886
-806, 4562, 6944
-336, 3434, 6330
-1240, 2050, 7240
-586, 720, 6170
-686, -320, 5514
-608, -1934, 5534
70, -3108, 4160
226, -3664, 3024
210, -4754, 2842
722, -5090, 1280
308, -5792, 498
240, -6512, 226
526, -6664, -322
892, -6826, -868
1266, -6990, -1892
712, -7038, -2844
522, -7336, -4264
1276, -7280, -5560
122, -7724, -5832
700, -7200, -7480
1378, -7700, -7494
660, -6902, -6116
808, -6836, -5130
1060, -6378, -4896
36, -6002, -2166
1526, -5412, -3066
88, -4382, 776
-546, -4202, 2434
652, -3688, 2886
882, -2786, 4256
-398, -1440, 7184
210, -1158, 4774
-62, 978, 6798
414, 1588, 6636
-1048, 934, 6616
-2504, 3226, 9216
-2358, 5102, 7478
-2980, 5588, 8784
-2888, 6844, 7782
-3568, 7328, 7332
-2630, 8446, 6514
-3278, 8846, 5576
-4100, 9130, 5710
-3784, 9142, 5242
-3462, 9194, 5246
-2180, 9408, 4368
-1670, 9084, 4086
-824, 8684, 3130
-116, 7876, 2252
-406, 8346, 1946
-318, 8180, 1538
*NOTE-2017.03.24@13:15:21 - 1
-1180, 8062, 2422
-1488, 7970, 2800
-1742, 7532, 2792
-1902, 7696, 3444
-1894, 7940, 3120
-2692, 9290, 3914
-1894, 10766, 3476
-1404, 10746, 3952
-1268, 10268, 4234
-2272, 10374, 5672
-3236, 9814, 6224
-3012, 9796, 7348
-2768, 8592, 6930
-3344, 7250, 7396
-3430, 6138, 7678
-3208, 5124, 7676
-2210, 4400, 7280
-1390, 2628, 6994
-34, 1188, 5420
-778, -36, 6050
-682, -1354, 5956
-708, -1802, 5540
852, -3220, 3242
294, -3282, 3370
1288, -4206, 2102
1206, -4728, 856
886, -5518, -568
804, -6082, -1688
36, -6722, -1178
1464, -6762, -4592
2046, -6604, -6608
2234, -6590, -8810
2834, -7644, -8216
3420, -6744, -7608
2432, -7176, -5992
650, -6526, -4458
650, -5652, -2964
-1196, -4752, 1044
-110, -5260, 942
-260, -4926, 2998
-700, -4130, 3364
-452, -3660, 4298
-1116, -2686, 4370
-2530, -1900, 5442
-2472, -1110, 5228
-3338, 430, 6418
-3686, 270, 5152
-4448, 2322, 5692
-7470, 2978, 6856
-7330, 3332, 7092
-6910, 5748, 5280
-5822, 6548, 4544
-6064, 7786, 5018
-6250, 8468, 4264
-4830, 9278, 3564
-5036, 9754, 5162
-4604, 9564, 5270
-2698, 9854, 3994
-116, 9368, 3176
644, 8884, 2520
-608, 8266, 3096
-2368, 7810, 4660
-2060, 7658, 4296
*NOTE-2017.03.24@13:15:24 - 1
-1694, 8432, 3192
-2140, 8302, 2984
-2478, 9326, 2912
-1536, 9090, 3360
-1748, 9424, 4252
-2088, 10012, 5186
-2002, 10338, 5430
-1812, 10666, 5820
-2520, 9380, 6648
-3356, 9524, 7866
-2126, 9378, 7456
-608, 8480, 7588
-1280, 6730, 7966
634, 5748, 6478
-596, 4350, 6660
360, 2948, 5428
676, 1438, 4618
182, -284, 4646
-434, -2270, 4800
910, -3254, 2460
1260, -3712, 1708
1114, -5254, 248
608, -5728, -920
-380, -5914, -164
822, -6640, -1106
652, -7252, -2964
1154, -6880, -4258
1118, -7510, -5470
1166, -7482, -6906
1474, -7332, -6670
1538, -7240, -6714
1060, -6880, -5938
248, -6612, -4372
1172, -6140, -3840
-484, -4804, -646
1980, -4566, -2096
44, -3018, 972
-224, -2940, 3888
-692, -2266, 4784
-1518, -300, 5466
-2750, -702, 7278
-2972, 452, 8244
-3218, 1344, 6444
-4324, 2030, 10134
-3610, 4178, 5680
-5486, 4988, 8398
-5036, 5440, 6320
-6884, 6002, 7252
-5204, 6992, 5628
-4686, 7830, 6008
-3796, 9340, 4236
-3898, 9788, 5060
-4088, 9848, 5878
-2652, 9848, 5318
1384, 9342, 3270
-1720, 8806, 4860
-950, 7994, 3860
-898, 7674, 3858
-1770, 8276, 4160
*NOTE-2017.03.24@13:15:27 - 1
-1922, 8416, 3120
-2376, 7892, 4024
-2570, 8964, 5104
-446, 11656, 5000
-30, 9938, 5086
-1632, 10480, 6664
-272, 10912, 5650
578, 10470, 6196
1266, 10514, 6440
1556, 9108, 6430
2688, 7432, 5576
1722, 6132, 6766
2526, 4720, 5400
1492, 3074, 6098
1322, 1712, 6316
1806, 222, 5470
1650, -932, 5212
550, -1866, 4690
1132, -3582, 3600
200, -3978, 2790
920, -5570, 1950
562, -5542, 1900
706, -6222, 1206
22, -6394, -628
368, -6890, -1356
-584, -7264, -980
954, -7896, -2606
1616, -8026, -4586
-324, -7396, -2610
1374, -7466, -6888
526, -7498, -5596
840, -7322, -6826
1330, -7286, -6186
1072, -7042, -4830
816, -7378, -3942
482, -6604, -3324
110, -6260, -1636
402, -5790, -1084
410, -5300, -1016
-542, -4570, 1078
-938, -3160, 3372
-1256, -2742, 3502
-1016, -1636, 4114
-2172, -1498, 2638
-5364, 120, 6166
-6080, -150, 5604
-5384, 1976, 6102
-5652, 3656, 6054
-6778, 4242, 6022
-6870, 5950, 5434
-8126, 6378, 5756
-7352, 7008, 5630
-5040, 8634, 4648
-3792, 9366, 3280
-4958, 9840, 4940
-4712, 9670, 5028
-2870, 9962, 3948
-1340, 9558, 2688
-1086, 9294, 2538
-2392, 8308, 3760
-2226, 7976, 3242
*NOTE-2017.03.24@13:15:30 - 1
-1978, 7746, 2676
-2608, 7584, 3486
-2490, 8098, 3560
-2316, 8266, 3160
-2738, 9058, 4044
-1994, 10242, 3402
-708, 11358, 2712
-1542, 10500, 4864
-3490, 10130, 6750
-3372, 10800, 7060
-956, 10956, 5358
-846, 9398, 5686
-1930, 8018, 7546
-624, 7376, 6412
-12, 5758, 7150
-48, 4426, 7082
628, 3292, 6608
208, 1992, 6410
758, 314, 6248
1030, -56, 5270
606, -1256, 5554
1558, -2556, 2744
292, -3642, 3228
-332, -4812, 2386
700, -5136, 248
316, -5708, 152
-252, -7068, -668
570, -6374, -1122
116, -6810, -2430
128, -7050, -3762
312, -7658, -5360
2258, -6244, -6606
3114, -6386, -8744
3426, -7574, -8894
4306, -6750, -7228
3450, -6628, -6886
2000, -6460, -4882
1508, -6470, -4536
1014, -6308, -4268
-110, -6294, -2134
-282, -5894, -1670
-1030, -5432, 780
-870, -4990, 648
-904, -4550, 3270
-30, -3736, 3602
-886, -2244, 5626
1126, -3464, 2494
-2314, -2160, 5480
-2442, -1608, 5050
-3218, -536, 5622
-4000, 2110, 3918
-6124, 4770, 5352
-6510, 6998, 3976
-8324, 8732, 8094
-6356, 9636, 5708
-5056, 11844, 5662
-3888, 11622, 4104
-4692, 11596, 5916
-3492, 10918, 6066
-1162, 9732, 5592
-62, 9394, 5172
-1044, 9390, 5284
-208, 8796, 3084
-448, 8180, 2052
*NOTE-2017.03.24@13:15:33 - 1
-558, 8284, 1208
-230, 7608, 1282
-1358, 7712, 2564
-2308, 8204, 3022
-1682, 8702, 1598
-938, 8686, 1276
-2694, 8750, 3570
-956, 7370, 1626
-1740, 7496, 2492
-1344, 6274, 2464
-1108, 5264, 1566
-2946, 5412, 3732
-2388, 5040, 2444
-1988, 6434, 3960
-1648, 6616, 2916
-804, 7366, 8022
-2096, 5360, 5252
-8060, 6460, 17610
-1170, 940, 11318
-750, -808, 6064
722, 1754, 9594
426, -630, 8102
-936, -308, 8182
132, -1204, 9278
1932, -926, 9078
1956, -1372, 7962
912, -2108, 6288
640, -144, 8790
2028, -398, 6506
862, -52, 7836
3528, 660, 5428
3130, 368, 6616
3776, -28, 9144
3064, 528, 8684
2574, 992, 6100
1754, 958, 7032
1114, -666, 6330
2804, 1222, 8458
2680, 526, 8768
2508, 854, 7366
2654, 750, 6648
2764, 754, 7324
2954, 564, 7430
2316, 1200, 7458
2062, 614, 7786
2826, 506, 7456
2534, 628, 6876
2206, -1420, 7188
2740, -168, 7388
1906, -186, 8590
1408, -1224, 7314
1382, -1352, 7356
1584, -1556, 8208
1326, -1154, 7058
1004, -1298, 7610
1110, -1646, 7848
1308, -1632, 8072
1078, -1930, 8248
586, -2432, 7688
1272, -1214, 8644
278, -1290, 6890
1152, -416, 6712
168, -546, 8778
1074, 32, 7070
1342, 858, 6964
726, 1344, 7876
1126, 1024, 8278
1078, 1240, 7042
940, 1372, 8876
1126, 1468, 6764
1114, 1714, 7162
990, 926, 7220
958, 926, 6786
884, 634, 8516
-128, -56, 7930
1144, -432, 7240
1452, -340, 9938
1998, -2864, 7600
1380, -1434, 5346
368, -1218, 6630
-5144, -2026, 11244
-1586, -896, 8162
-742, -674, 7412
-522, -682, 7264
-1874, -496, 6558

-----------------------------------------------
Date: 24.03.2017 - 13:15:37
End log file
