Terminal log file
Date: 24.03.2017 - 13:37:06
-----------------------------------------------

%~>daq start

 DAQ started.
%~>quit
%~>-1250, 7632, 1946
-1482, 7526, 1924
-1316, 7510, 1906
-1534, 7354, 2058
-1970, 7620, 2386
-1560, 7556, 2640
-1376, 7830, 2716
-938, 7690, 2488
-1490, 7608, 2876
-1644, 7626, 2974
-2118, 7768, 3506
-1968, 7686, 3278
-2036, 7434, 3068
-2932, 7012, 3224
-3394, 6662, 2476
-4248, 6188, 2872
-4028, 5654, 2714
-3574, 5224, 2544
-3320, 5106, 2634
-3452, 5446, 2746
-3442, 5470, 2984
-3114, 5982, 2802
-3310, 5888, 3494
-3700, 6262, 3698
-3514, 6578, 3616
-3302, 6822, 3840
-3034, 6814, 3652
-2400, 6778, 3036
-2560, 6014, 3206
-6800, 7538, 5210
-56, 4800, 1954
3678, 5982, -4228
-2692, 5024, 7094
-4054, 5926, 5442
-2332, 6320, 3368
-2698, 6770, 3626
-838, 7034, 2038
-2140, 7498, 3526
*NOTE-2017.03.24@13:37:08 - 1
-2224, 7500, 4184
-2148, 7370, 3296
-1822, 7626, 3324
-1874, 7164, 2904
-1682, 7014, 2736
-964, 6662, 3014
-812, 6852, 2528
-1056, 7712, 1326
-1588, 8700, 1550
-2176, 8402, 1386
-4212, 7478, 3084
-4920, 6946, 3042
-5446, 6846, 1772
-4266, 6732, 1706
-2536, 6694, 292
-3512, 7790, 2580
-1762, 7510, 736
-3318, 8572, 422
-2824, 8442, -322
-790, 8234, -1728
462, 8356, -2390
-752, 8838, -1576
-1968, 8436, -532
-2988, 8066, 14
-2596, 7876, 878
-2214, 7976, 1314
-1326, 8022, 1004
-1124, 8466, 774
-940, 8158, 1190
-492, 7584, 1120
-142, 7914, 998
-280, 7798, 508
-438, 7502, 594
148, 7626, 664
472, 7734, 830
324, 7924, 1008
278, 8054, 1174
402, 8062, 1274
314, 8140, 1488
298, 8134, 1452
408, 8134, 1240
*NOTE-2017.03.24@13:37:10 - 1
360, 8072, 1182
400, 8136, 1176
180, 7906, 1088
454, 7870, 800
176, 7912, 1006
294, 7834, 1494
-240, 7826, 2782
-534, 7994, 3774
-96, 8268, 3570
-1172, 8734, 5382
-1528, 9116, 7050
-1380, 9864, 7156
-2900, 10878, 8440
-1746, 11798, 7324
-2860, 11550, 7974
-4054, 10092, 8040
-2214, 9794, 8178
-1214, 7476, 5710
-2454, 6174, 7120
-344, 4764, 5364
-1424, 3190, 6528
-1350, 834, 6108
-224, -564, 5270
-92, -1410, 4152
46, -2888, 2984
-640, -4016, 2464
-252, -4314, 1774
944, -5194, -450
-260, -5952, -1164
672, -6314, -2752
2878, -7178, -5060
2560, -7038, -6214
2156, -8918, -7802
3306, -8014, -7696
1566, -7046, -5458
1712, -7144, -4318
838, -6424, -3070
-576, -6154, 12
612, -5890, -236
1440, -5830, -166
-344, -4764, 1046
-840, -3294, 1660
-2672, -3208, 6534
14, -2350, 4034
-564, -1896, 4644
-1406, 786, 6988
-1918, 782, 7590
-1990, 2056, 6904
-2120, 3594, 7324
-2132, 5060, 5408
-4282, 5592, 9258
-3506, 7158, 6520
-3182, 7964, 6646
-2982, 8822, 5094
-4012, 9406, 6526
-1622, 10106, 3990
-848, 10214, 3644
-2224, 10372, 5272
-2904, 10116, 6702
-356, 9252, 5788
906, 8620, 5484
-722, 8232, 5538
-1582, 8506, 4574
-1806, 8942, 3690
*NOTE-2017.03.24@13:37:13 - 1
-1852, 8816, 3404
-2146, 9400, 4494
-1688, 10164, 5108
-254, 10678, 5314
-60, 11364, 6774
-28, 11384, 7234
1012, 10608, 7400
28, 9548, 7934
-300, 8374, 6806
-692, 6722, 6474
-1314, 4722, 6620
-1890, 2580, 5672
-774, 1366, 5006
-118, 156, 3614
-1570, -1660, 5112
-1506, -3414, 4194
-1814, -3662, 4372
-370, -4536, 3260
740, -4814, 2190
1624, -5264, 726
1994, -5324, -490
1610, -5978, -1150
1666, -6610, -3666
142, -6000, -2386
1588, -7060, -6964
2552, -7340, -7486
4192, -6964, -8046
3074, -6968, -6926
3012, -6784, -6204
2384, -6468, -4516
604, -5496, -2234
1578, -5336, -2462
990, -3582, -546
-1842, -3364, 2110
-1372, -3186, 2308
-3224, -1148, 5254
-1912, -978, 4678
-1686, 498, 4100
-3426, 2144, 7320
-3304, 2422, 7210
-2752, 4616, 6268
-4358, 6108, 8412
-3580, 8414, 5914
-5482, 8848, 9144
-2996, 10268, 4686
-3058, 10760, 7274
-1138, 11564, 4508
-3424, 11376, 6530
-4056, 10382, 8272
-1958, 9446, 7084
428, 8672, 5048
1004, 8150, 4048
-782, 7782, 4402
-1296, 8340, 4210
*NOTE-2017.03.24@13:37:16 - 1
-1202, 9032, 4632
-670, 10136, 4602
-1156, 10030, 5760
-522, 10538, 6768
424, 10840, 6632
172, 11204, 6608
-592, 10562, 7168
-1050, 9668, 7330
-1190, 8654, 7236
-412, 7360, 6616
-1044, 5828, 7134
464, 3982, 4968
-492, 1240, 6698
1200, -18, 5402
1790, -336, 4376
242, -2014, 5124
790, -3336, 3080
462, -4240, 2786
134, -4768, 1810
732, -5630, 1124
404, -6066, 90
-1050, -6544, 254
-756, -7052, -2160
-960, -7478, -3078
-1830, -7360, -3532
-452, -7774, -6006
-452, -7440, -5660
-484, -7328, -5668
660, -7640, -5346
692, -7142, -5398
230, -6914, -3518
-180, -6562, -2106
494, -6232, -1406
760, -4916, 62
802, -5054, 528
-296, -3982, 3068
800, -2586, 2886
708, -1452, 2730
-366, -54, 5264
-1064, 426, 6404
-346, 2206, 5062
-2302, 3240, 8928
-1036, 4268, 6360
-2312, 6110, 8886
-2876, 7254, 8448
-3986, 8278, 8572
-3598, 8590, 6942
-4598, 9340, 7536
-3432, 9524, 4750
-3970, 9490, 4332
-3490, 9410, 5382
-3876, 9260, 6184
-2938, 9004, 6040
-930, 8236, 5038
-546, 7978, 4550
-1684, 7666, 4960
*NOTE-2017.03.24@13:37:19 - 1
-2184, 8044, 4488
-2480, 8422, 5196
-1810, 9802, 5040
-1132, 10240, 5366
-1668, 10930, 6636
-1000, 11008, 6344
-1316, 10850, 7070
-1160, 10104, 7336
-918, 8986, 6458
-350, 7822, 6548
-1422, 5968, 6912
-660, 3568, 5462
-1466, 2638, 6192
-1434, 964, 5552
-1340, -482, 5724
-1230, -1408, 5524
-954, -2652, 4502
-918, -3308, 4024
-480, -4232, 3406
-258, -4682, 3056
580, -5592, 1208
-528, -5972, 1136
-948, -6432, 148
-698, -6684, -784
-182, -6914, -2278
2, -6654, -2954
120, -7500, -4372
340, -7710, -5664
890, -7170, -6532
2074, -7102, -6642
2100, -7070, -6234
1432, -6642, -4908
1030, -6486, -3826
262, -5954, -2016
1048, -5752, -1916
-350, -4804, 386
-1274, -4910, 3396
36, -4248, 2414
938, -3280, 3352
708, -2276, 4450
-46, -1478, 6502
-12, 230, 5856
-798, 1140, 6084
-1208, 3264, 7490
-1618, 3682, 7142
-1810, 6086, 6498
-3466, 7186, 9282
-2642, 8960, 6152
-3268, 9010, 6498
-3058, 10468, 6332
-3958, 10688, 5196
-4168, 10722, 5048
-4716, 10684, 5860
-3846, 9616, 6062
-2156, 9052, 6028
-912, 8472, 5044
-1128, 7854, 5386
-1928, 7964, 4750
*NOTE-2017.03.24@13:37:22 - 1
-2320, 8348, 4662
-2100, 9342, 4426
-1310, 11086, 4674
-1848, 10180, 7214
-1626, 11038, 6806
-1298, 11340, 6258
-1222, 10602, 5642
-634, 9010, 4630
-1378, 7150, 6338
-880, 6064, 6874
-352, 5230, 7434
-58, 3728, 7410
-4, 3518, 6516
-210, 1574, 7058
118, 100, 6364
-212, -1178, 6156
-144, -2000, 5208
36, -2940, 4294
336, -4456, 1418
-1750, -5040, 2672
-1416, -6006, 618
-1728, -6700, 714
-1178, -6830, 740
-662, -6746, -72
-730, -7100, -1482
-540, -7218, -2412
576, -7206, -3542
1808, -7158, -5404
2238, -7044, -6260
2388, -6998, -7316
2002, -7188, -6094
1312, -6710, -4446
1534, -6776, -4586
368, -6164, -1892
258, -6044, -284
2048, -5726, -948
210, -5732, 1320
30, -5498, 352
-2450, -4064, 3386
-1142, -3020, 2004
-1240, -1896, 2856
-2326, -680, 5920
-1688, 676, 5162
-2352, 3578, 5320
-3354, 3010, 7298
-3652, 4754, 9060
-2090, 7896, 6636
-3580, 7798, 7494
-4322, 10192, 8804
-3286, 9398, 5230
-5628, 10636, 6146
-4974, 9642, 5918
-3606, 9666, 4942
-5002, 9316, 6694
-3430, 8962, 6600
-602, 7920, 3242
-816, 7540, 4156
-1964, 8044, 4704
-1792, 8314, 4548
*NOTE-2017.03.24@13:37:25 - 1
-1848, 8344, 4330
-1366, 9258, 3852
-2088, 9220, 5046
-1648, 9482, 4622
-1670, 9818, 5266
-2324, 9982, 6928
-1604, 10118, 7040
-2036, 9354, 8514
-1098, 9160, 7938
-1412, 7698, 7684
-910, 6276, 6012
-2158, 4428, 7284
-1070, 2528, 5084
-2016, 1388, 6238
-260, 236, 4438
-1258, -990, 5752
-748, -2248, 4494
-890, -3508, 4338
-1054, -4420, 3132
-764, -5250, 2804
-1024, -5888, 2292
-974, -6212, 838
-638, -6906, -1016
-736, -6616, -490
-4, -7174, -1172
310, -7376, -2034
150, -7364, -2086
24, -7598, -2940
328, -7466, -4084
1722, -7634, -6220
1716, -7070, -5692
2792, -7120, -5606
2438, -6994, -4596
1224, -7156, -3328
1258, -6456, -3098
570, -6180, -2266
-280, -5796, -968
-192, -5868, -934
-562, -4998, 1216
-1830, -4014, 2298
-1850, -3640, 2776
-2384, -2666, 3798
-2844, -1524, 5860
-2114, -640, 5216
-3400, 790, 5656
-4232, 1076, 7624
-3468, 3242, 6114
-3872, 4490, 6516
-4544, 5212, 7956
-3598, 7822, 6538
-4824, 8304, 6332
-4876, 8848, 6746
-3816, 9114, 6242
-3032, 9602, 4492
-3904, 9616, 5578
-4412, 9378, 6404
-3746, 9002, 6426
-2638, 8330, 5730
-804, 7900, 3900
-1398, 7498, 4682
-2194, 7584, 4638
*NOTE-2017.03.24@13:37:28 - 1
-2668, 8070, 4994
-2192, 9272, 4668
-2070, 9614, 5150
-2516, 9696, 6250
-2354, 10456, 6902
-2090, 10550, 7058
-1648, 10232, 6512
-1842, 8818, 6318
-2568, 7858, 7232
-1578, 6088, 6400
-1868, 4984, 6962
-1960, 3512, 6808
-1452, 2086, 6594
-914, 776, 5582
-1520, -316, 6284
-1050, -1962, 4746
-1548, -2514, 5118
-726, -3654, 4164
-756, -4388, 3198
-632, -4958, 2288
-668, -5492, 1030
-996, -6426, 1338
-1624, -6686, 536
-922, -6928, -930
264, -7042, -2784
1016, -7184, -3254
1004, -7484, -3848
1028, -7252, -4446
1786, -7320, -5750
1120, -7512, -5606
1502, -7204, -5540
638, -7230, -4346
860, -6992, -4244
-1086, -6340, -736
1750, -6474, -3012
-970, -5316, 958
-894, -6060, 692
-1338, -3722, 1544
-908, -3398, 2828
-1890, -2434, 4452
-2086, -1722, 5570
-2384, -634, 5098
-4518, 38, 7228
-4194, 1702, 7058
-4646, 2060, 7580
-4896, 4006, 7248
-4378, 4810, 6804
-5626, 6128, 7346
-6130, 7432, 6662
-5816, 6838, 7338
-4678, 8536, 5266
-3872, 8734, 4264
-4074, 9258, 4592
-4194, 9220, 4698
-3712, 8680, 5498
-2502, 8672, 5580
-1232, 8098, 5292
-1294, 8034, 5332
-832, 7868, 4578
*NOTE-2017.03.24@13:37:31 - 1
-1664, 8412, 4472
-2118, 8134, 4838
-1888, 8794, 5304
-1208, 9298, 5104
-1006, 9686, 5404
-1326, 9568, 6138
-1654, 9872, 6828
-1472, 9134, 6622
-1808, 8298, 6992
-1626, 8056, 9010
-2446, 5852, 7576
-1928, 5180, 7114
-2176, 3818, 7180
-1794, 2024, 5942
-2398, 874, 6408
-1028, -278, 5284
-1752, -1618, 6086
-922, -2096, 4866
-1074, -3508, 4938
-928, -4232, 4336
-528, -4684, 3290
-774, -5554, 2978
-282, -5812, 1756
340, -5682, -572
-1016, -6476, 162
90, -6458, -1524
454, -7136, -2720
530, -7124, -3152
376, -7778, -3784
1142, -8062, -5050
1094, -7860, -4922
914, -7570, -4242
-88, -7218, -3012
658, -6754, -3578
-292, -6530, -894
612, -5856, -1146
-258, -5838, -330
-646, -4904, 860
-1482, -4040, 2872
-2122, -3470, 4756
-178, -2874, 4578
-1404, -2254, 6080
-1234, -1262, 6370
-686, 952, 6696
-1414, 1212, 6952
-1480, 3446, 5626
-2446, 4426, 7238
-3602, 6030, 7600
-4452, 7372, 7570
-5528, 7476, 8948
-3996, 9004, 6116
-2910, 9450, 4760
-3048, 10238, 5020
-2680, 10654, 4698
-2940, 10222, 5144
-2646, 9922, 4872
-2124, 8918, 4168
-1796, 8034, 4018
-716, 7982, 2600
-1640, 7910, 3912
-2276, 7924, 4492
*NOTE-2017.03.24@13:37:34 - 1
-2260, 8166, 3990
-2332, 8262, 3984
-2622, 8996, 4052
-2258, 10006, 3718
-1474, 10628, 3972
-3252, 10974, 5812
-2530, 10936, 5632
-2236, 10574, 6020
-2584, 9842, 7094
-2574, 8566, 7260
-2394, 6980, 6296
-3126, 6250, 6342
-2998, 4262, 7040
-2606, 2834, 6906
-2680, 1618, 6686
-2068, 450, 6154
-1564, -580, 5796
-66, -1766, 4096
-1434, -2964, 4920
-990, -3690, 3468
-910, -4444, 3114
498, -4910, 1526
-266, -5838, 1884
14, -5884, 822
318, -6438, -292
152, -6988, -868
-88, -7066, -1866
828, -7120, -3024
722, -7228, -3228
1238, -7308, -4404
1800, -7410, -5582
2518, -7092, -6364
2816, -6934, -6146
2516, -6878, -6080
2184, -6682, -5266
890, -6314, -3814
338, -6374, -2160
-644, -6040, -592
-924, -5566, -98
-1210, -4752, 812
-1052, -4374, 2094
-682, -3190, 2082
-1900, -2374, 4284
-1524, -1060, 3604
-3466, -244, 4866
-3738, 1376, 6088
-4204, 2260, 6362
-4962, 3386, 8140
-3438, 5438, 7062
-4616, 6656, 7376
-6342, 7310, 8092
-5698, 8474, 8232
-4416, 8706, 4754
-4906, 9378, 4506
-5602, 9636, 4904
-5024, 9480, 5130
-4378, 9266, 5502
-2594, 8988, 5104
-1330, 8348, 4592
-1296, 8084, 4698
-1936, 7478, 5230
*NOTE-2017.03.24@13:37:37 - 1
-2362, 8028, 4780
-2508, 8298, 3726
-3274, 8856, 3812
-2590, 8782, 3660
-1984, 9030, 4880
-2260, 9670, 5564
-2104, 9910, 5738
-2596, 9554, 6382
-2532, 8814, 6702
-2972, 8340, 7096
-2318, 7362, 8140
-3196, 6244, 8066
-2170, 4182, 6474
-2820, 3424, 7696
-2502, 1628, 6998
-2594, 898, 6296
-1770, -338, 6004
-1386, -1504, 5204
-1488, -2668, 5356
28, -3474, 3030
-506, -4098, 3542
-252, -4648, 2822
-340, -5476, 2006
-472, -5978, 1326
-396, -6464, 422
-116, -6560, -432
-604, -6586, 64
-538, -6936, -1130
6, -7638, -3586
890, -7580, -5384
1600, -7222, -6886
2154, -6774, -7516
2002, -7096, -6936
2046, -6870, -6430
1244, -6916, -5170
472, -6532, -3120
-296, -6710, -1664
-182, -6738, -1578
650, -5620, -954
-338, -4576, 2180
734, -3882, 2320
1124, -3072, 2756
764, -2728, 4408
-316, -1618, 6932
668, -618, 5644
566, 1064, 5748
-1458, 1246, 8190
-874, 3128, 7102
-2136, 4214, 7800
-2750, 5840, 7608
-3474, 7350, 7982
-4050, 7048, 8230
-2904, 9020, 5782
-4034, 9562, 5656
-3126, 10260, 3952
-3288, 10756, 4912
-3488, 10416, 5520
-2608, 9742, 5098
-420, 9182, 3684
-248, 9114, 3710
-1374, 8472, 4488
*NOTE-2017.03.24@13:37:40 - 1
-1418, 7876, 3716
-2172, 7782, 3732
-2176, 7570, 4062
-2322, 8026, 3924
-2360, 9408, 4044
-2432, 10080, 4406
-1106, 10750, 3790
-1434, 10750, 5022
-1842, 9932, 5076
-2778, 9810, 6430
-3662, 9138, 6910
-4036, 8458, 7590
-3212, 7290, 6594
-3756, 6556, 6930
-2538, 4654, 6286
-1892, 3376, 6124
-2158, 1596, 6974
-1012, 508, 5594
-866, -816, 5232
-1376, -2374, 5314
-1534, -3292, 5300
-1624, -4136, 4588
-1268, -4574, 3636
-394, -5110, 2988
290, -5398, 1188
648, -5844, -94
154, -6252, -102
-708, -6898, 34
670, -7262, -1486
1178, -6962, -1710
1992, -7134, -3772
1958, -7518, -3826
1680, -7638, -4562
1826, -7098, -5818
1796, -7256, -6624
2246, -7126, -6144
1974, -6760, -5278
1662, -6258, -4240
1616, -6198, -3462
528, -5940, -2182
-286, -5142, -962
-470, -4002, -470
-866, -3662, 1294
-1420, -2656, 2318
-1344, -1916, 2764
-2494, -1376, 3608
-4126, 1002, 5810
-3574, 1992, 5250
-5036, 2748, 7900
-4516, 5310, 5848
-5202, 6422, 7428
-5446, 7472, 7672
-6212, 9858, 7584
-5498, 9572, 6962
-4756, 10022, 6550
-2298, 10644, 3234
-3288, 10690, 4776
-4250, 9858, 5638
-2516, 8944, 3724
-1268, 8476, 2702
-474, 8572, 2416
-700, 8408, 2436
*NOTE-2017.03.24@13:37:43 - 1
-1520, 8094, 3210
-1912, 7710, 3894
-2482, 8056, 4170
-1932, 8028, 3488
-2750, 8600, 3506
-3154, 9574, 4284
-2508, 10820, 3660
-1774, 11180, 3954
-1986, 11328, 4906
-2122, 10824, 5736
-1542, 10048, 5260
-2174, 9078, 5800
-3848, 7448, 6890
-2988, 6272, 5916
-3168, 5226, 6706
-3590, 3922, 7194
-2754, 2604, 6044
-3588, 1256, 6756
-2276, 268, 5852
-2282, -756, 6244
-1698, -1874, 5528
-1544, -2844, 4518
-1494, -3704, 4410
-638, -4368, 3250
-1136, -4778, 3056
-544, -5240, 1440
-1734, -6168, 2354
-184, -6274, 434
-296, -6512, 132
208, -6622, -1202
366, -6846, -2442
-304, -7010, -2694
584, -6926, -4976
1710, -7054, -7488
1116, -7020, -7280
1426, -7016, -7362
1042, -6910, -6014
2, -7130, -4746
76, -6870, -3160
604, -6536, -2110
224, -5636, -610
1210, -5376, -116
474, -4486, 942
-414, -4372, 3736
86, -3122, 2094
-1480, -2406, 3904
-1938, -1400, 4768
-2294, 248, 3974
-3202, 698, 4382
-4998, 2162, 7708
-3946, 4116, 6236
-4536, 5828, 6420
-5454, 6794, 7020
-6864, 9306, 8870
-5726, 8666, 7174
-5872, 11042, 7128
-4082, 10072, 4948
-4004, 9898, 4660
-4584, 9524, 5022
-3548, 9334, 4456
-2092, 8964, 3154
-1796, 8572, 2896
-694, 8274, 2102
*NOTE-2017.03.24@13:37:46 - 1
-1424, 7966, 3078
-1890, 7872, 3286
-2012, 7698, 3808
-2192, 7854, 4126
-1672, 8568, 3068
-2222, 8982, 2912
-2342, 9514, 3158
-2516, 9662, 4456
-1916, 10640, 4280
-1362, 11342, 4606
-2136, 9938, 5258
-2788, 9046, 6676
-2116, 8288, 5936
-2890, 7868, 7108
-2970, 6116, 7246
-2858, 5126, 7286
-2034, 4484, 6474
-2064, 2642, 6602
-2854, 1468, 7246
-1508, 516, 5624
-2400, -560, 6426
-2774, -2250, 6620
-1494, -2018, 5064
-1078, -3432, 4030
-1998, -4356, 4390
-604, -5028, 3662
46, -4790, 2680
682, -5468, 452
-268, -6154, 62
-426, -6462, -432
-434, -7008, -1566
-46, -7056, -2808
-490, -7196, -2910
-396, -7588, -3864
-136, -7156, -5448
-62, -7612, -5958
228, -7554, -5950
-206, -7364, -5012
-850, -7122, -3900
-792, -7316, -2400
-404, -6984, -1186
252, -6880, -558
600, -5792, -314
1482, -5404, -78
874, -4884, 846
448, -4400, 1868
126, -3060, 2608
-1088, -1852, 2950
-1900, -1258, 3744
-2860, -302, 5600
-2794, 2066, 5750
-3778, 3044, 6408
-4822, 4232, 8800
-4344, 6354, 7720
-4000, 8318, 6798
-4586, 8670, 8256
-4292, 10380, 8230
-2214, 10954, 4528
-3646, 10630, 5252
-3758, 10352, 4978
-3900, 10114, 4838
-2714, 9120, 4062
-972, 8996, 2800
-424, 8614, 2048
-1232, 8530, 3318
*NOTE-2017.03.24@13:37:49 - 1
-750, 8070, 2572
-1538, 7824, 3656
-2014, 7700, 3890
-2090, 8100, 4260
-1650, 8758, 2984
-2500, 9544, 3382
-2038, 10530, 3242
-2048, 11320, 4120
-1304, 10896, 3582
-1654, 10164, 4726
-2300, 9994, 5976
-1970, 9166, 5952
-2508, 7920, 6332
-3320, 6692, 6888
-3958, 5646, 7358
-3296, 4268, 5558
-3762, 3302, 6956
-2830, 1830, 6094
-2994, 360, 6308
-2986, -572, 5928
-2972, -1898, 5990
-2526, -2554, 5552
-1808, -2616, 4728
-1722, -3556, 4482
-1234, -4264, 3654
-1082, -4680, 3362
-780, -5084, 2350
-250, -5618, 1158
-70, -5888, 550
-636, -6036, 604
326, -6834, -898
1290, -6862, -2218
1172, -7206, -3450
1046, -7244, -4616
1394, -7318, -6640
1156, -6836, -6622
1348, -7406, -6920
1284, -7142, -6068
1266, -7204, -4816
804, -6396, -2802
758, -6834, -3982
-2284, -6214, -562
-1604, -5378, -606
-1116, -4980, 612
-384, -4142, 648
-1480, -2792, 2660
-1406, -1946, 1922
-3354, -682, 3574
-3578, -902, 4782
-4278, 1784, 6098
-3728, 2812, 5016
-5020, 4600, 7820
-4282, 6416, 4578
-6516, 7826, 6956
-7158, 8676, 6800
-6988, 9714, 7836
-4560, 10476, 4798
-2846, 11016, 2678
-4252, 11454, 4154
-4726, 10680, 4782
-3898, 9884, 4924
-2372, 8704, 3998
-1920, 8446, 4316
-2738, 7696, 4232
-3222, 7282, 4114
-3498, 7786, 3946
*NOTE-2017.03.24@13:37:53 - 1
-3604, 8274, 3594
-3342, 8938, 3052
-2652, 9920, 2886
-2264, 9860, 3294
-2784, 9602, 4384
-2904, 10436, 5078
-3492, 10584, 6014
-3598, 10188, 6164
-4052, 9486, 6728
-4298, 8934, 7842
-3532, 8164, 7560
-2458, 6738, 6266
-2480, 4460, 7234
-1786, 2684, 6016
-2240, 1624, 5674
-1560, -124, 4996
-1664, -1426, 4692
-1646, -2518, 4182
-666, -3376, 2398
-1122, -4270, 2462
-952, -5408, 2354
-360, -5524, 514
-662, -6278, -328
-820, -6602, -214
-730, -6968, -1646
464, -7266, -2600
334, -7770, -2362
-194, -7254, -2398
-570, -7214, -3138
-310, -7778, -4706
640, -7400, -5988
114, -7228, -6228
1132, -7128, -6578
728, -7148, -5270
-260, -7322, -4274
-172, -6950, -3108
-570, -7184, -1340
-762, -6528, -770
206, -6588, -756
-144, -5372, 1126
1924, -5302, -1050
738, -3534, 1046
-448, -3220, 1492
-2182, -2134, 3782
-1460, -418, 4430
-888, 608, 5440
604, 2818, 4392
-1552, 3652, 9718
-2096, 5274, 8112
-2362, 7136, 8100
-3956, 7838, 10986
-3096, 8792, 9024
-1358, 9560, 7508
-788, 9720, 4948
-1574, 9614, 4318
-2720, 10188, 4760
-3830, 9978, 6444
-4316, 9506, 7038
-2460, 8762, 5860
-1496, 8414, 5318
-2050, 7706, 3920
*NOTE-2017.03.24@13:37:56 - 1
-2074, 7654, 2430
-2254, 7992, 2306
-1896, 7808, 1902
-2058, 7836, 1862
-2824, 7434, 1722
-3064, 7722, 1640
-2380, 7774, 1814
-2700, 6774, 2612
-2880, 6158, 2878
-2944, 5996, 3778
-104, 6124, 3162
1288, 5100, 2474
-2192, 4916, 6414
-2532, 4016, 4364
-3176, 4100, 2108
-5296, 5212, 3900
-5122, 3876, 6206
-9492, 3512, 8044
-5440, 3292, 7296
-4786, 1394, 7552
-7200, 62, 8372
-2470, -1092, 8546
-826, -2926, 9228
-1842, -2884, 5832
2024, 1386, 10086
2784, -902, 5580
3624, 1462, 6022
2634, 1864, 7670
3642, 1012, 7978
4636, 1550, 5712
4726, 1050, 4094
1828, 538, 9158
2860, 364, 8306
3030, 1284, 7664
3918, 266, 5332
2456, 498, 7850
3070, 1080, 7270
3446, 1284, 7160
3100, 660, 7278
2120, 216, 7206
2942, 1052, 7536
3058, 1100, 7732
3486, 12, 6846
2930, 318, 8020
2870, 750, 8128
2828, 1096, 6954
3210, 1074, 8278
2066, 1028, 8126
2808, 726, 7938
2366, 162, 6742
3692, 1678, 8748
2760, 1950, 10062
5156, 2498, 6798
6902, -680, 1822
246, -2472, 5992
1496, -664, 5906
-3576, -610, 6550
-2024, -3066, 10154
796, 502, 9522
4930, -554, 7714
6360, -2146, 6376
-1988, -3068, 6314
-8356, -4692, 9142
-3552, -5038, 3894
-2902, -4320, 3048
-4758, -1834, 4574
-2618, -996, 3260
-6648, 778, 5272
-14048, 4808, 8636
-4250, 3240, 2374
-640, 1782, 8778
-1428, 212, 8462
2756, 730, 6662
2952, -20, 7202
-704, 520, 9818
1094, 356, 6356
-1348, -1458, 11030
-656, -292, 7984
-1580, -1058, 8230
-1356, -776, 7758
-1538, 138, 8926
-496, 308, 9180
-90, -84, 6878
*NOTE-2017.03.24@13:38:00 - 1
-1952, -630, 7974
-738, -1258, 6472
-1066, -750, 8378
-488, -420, 7160
-714, -726, 8214
-2412, -652, 7364
-2176, -1308, 8206
-36, -1114, 8462
-2522, -1230, 7948
-1260, -782, 8150
-90, -966, 6936
-1442, 230, 8232
260, -490, 8038
-354, -1364, 7822
-3752, -2014, 7466
-4468, -3394, 8008
-3488, -3358, 4934
-4098, -3508, 4986
-3406, -2892, 2490
-4400, -3492, 2908
-4258, -3254, 3592
-2888, -3740, 3124
-3974, -2952, 3936
-4838, -3412, 3412
-7382, -3632, 3576
-9284, -3540, 4258
-9152, -2610, 3530
-7700, -2754, 1364
-8038, -2664, 750
-7704, -2744, 486
-6788, -2822, -558
-7760, -3212, 50
-7024, -3114, -918
-7218, -3312, -1736
-9134, -2668, 774
-6628, -3376, -2168
-8376, -4304, -628
-5970, -3696, -3098
-6272, -3488, -2118
-5834, -3860, -3158
-5750, -4392, -2680
-6318, -4292, -2510
-6582, -4070, -2500
-7274, -4322, -2572
-7044, -3446, -2374
-7334, -3880, -2492
-6806, -3768, -2230
-6256, -2358, -2962
-7882, -5406, -1156
-6706, -3882, -1466
-6916, -3878, -974
-6356, -4096, -1298
-6492, -5314, -1902
-6492, -4364, -1434
-6182, -3902, -1554
-6012, -3580, -1658
-5640, -3988, -2844
-7070, -4038, -2668
-7386, -3274, -1884
-7962, -3012, -1762
-7844, -2796, -1654
-8278, -2828, -1664
-7924, -2576, -1500
-7930, -3066, -1598
-7236, -1712, -2906
-7346, -2722, -1698
-7422, -2298, 176
-7408, -1894, -1056
-7320, -1636, -1172
-7360, -1924, -1166
-7522, -2170, -892
-7716, -2734, -924
-8002, -2926, -710
-7900, -2068, 136
-8488, -2348, 648
-7956, -2320, -266
-7448, -2488, -514
-7348, -2268, -714
-7356, -2012, -536
-7682, -1866, -584
-7842, -1994, -572
-8256, -1660, -274
-7798, -1782, -922
-8344, -1694, -126
-8150, -1644, 588
-8024, -1532, 864
-7812, -1520, 1254
-7694, -1582, 1568
-7896, -1562, 1238
-7406, -1738, 670
-7740, -1754, 734
-7884, -1784, 456
-8044, -1736, 700
-7896, -1818, 624
-6746, -1706, -528
-7904, -2074, 542
-7522, -1982, 178
-7874, -2096, -8
-7582, -2182, -82
-7334, -2168, -196
-7754, -2058, 186
-8388, -2060, 816
-7650, -1848, 898
-7288, -1858, 940
-7842, -1898, 1502
-7786, -1882, 1430
-7994, -1862, 1360
-7884, -1850, 1478
-7454, -1812, 1302
-7994, -1848, 2186
-8070, -1830, 2670
-7484, -1444, 3054
-7280, -1864, 3450
-5932, -1772, 2868
-6280, -1666, 3228
-5764, -1976, 2048
-7228, -2072, 2922
-7754, -1980, 2858
-7814, -2122, 2602
-7340, -2028, 2396
-7240, -1934, 2444
-7146, -2004, 2376
-7004, -2086, 2334
-7026, -1978, 2294
-7188, -2086, 2234
-7308, -1886, 2358
-7338, -1982, 2322
-7320, -2032, 2422
-7108, -2028, 2308
-7232, -2048, 2396
-7264, -2012, 2252
-7468, -2022, 2364
-7310, -1900, 2310
-7480, -2046, 2424
-7220, -2052, 2322
-7228, -2268, 2370
-7234, -2090, 2472
-7174, -1988, 2422
-7314, -2082, 2444
-7294, -2076, 2648
-7222, -2122, 2514
-7130, -2032, 2668
-7180, -2076, 2714
-7158, -1952, 2640
-7238, -2154, 2782
-7114, -1986, 2606
-7162, -2054, 2658
-7114, -2044, 2682
-7072, -2036, 2842
-7068, -2064, 2578
-7252, -2076, 2844
-7176, -2078, 2762
-7110, -2094, 2650
-7294, -1496, 3102
-7058, -2014, 2580
-7328, -2380, 2464
-6678, -2688, 1532
-7686, -3014, 2696
-5026, -1410, 4222
-6198, -972, 7574
-5760, -340, 6956
-5824, -1328, 6174
-4482, -1892, 4758
-5146, -1782, 6230
-4764, -1456, 5896
-4814, -1742, 5764
-5086, -1766, 6530
-2496, -1264, 4604
-5988, -2180, 3674
-7068, -2078, 3678
-6894, -2384, 2252
-7628, -2500, 2930
-8002, -2340, 2784
-7234, -2108, 2634
-6608, -1978, 2624
-6746, -2110, 2926
-6400, -2178, 2372
-7136, -2048, 2368
-7146, -2198, 1710
-7688, -2144, 2100
-7650, -2348, 1492
-7316, -2150, 966
-8064, -2306, 1290
-7710, -2232, 848
-7756, -2222, 1352
-7352, -2114, 1432
-7708, -2066, 1922
-7116, -2274, 1584
-7292, -2212, 2328
-7312, -1670, 3624
-6952, -1760, 4196
-6878, -1750, 4332
-6004, -1802, 3344
-5848, -1346, 4566
-6382, -1264, 4600
-6400, -1436, 3588
-7462, -1936, 3012
-8120, -2146, 2320
-7484, -1882, 2578
-7716, -2232, 3896
-7538, -2742, 3334
-7446, -2098, 3660
-5672, -1718, 2810
-5880, -1140, 5296
-4934, -368, 5140
-5968, -1044, 6826
-3916, -2128, 4250
-4456, -2450, 4110
-5516, -2574, 5982
-3650, -2398, 5716
-1014, -2056, 5086
-4098, -2854, 6422
-5452, -2354, 7400
-3756, -2146, 6678
-4506, -1904, 6436
-3082, -1626, 5062
-2850, -756, 6012
-3172, 522, 7636
-3352, 852, 8666
-2620, 902, 7874
-2396, 358, 7266
-2476, -74, 7426
-2562, -304, 7640
-2900, -188, 8164
-2048, -190, 7330
-2072, -344, 6742
-1278, 64, 7680
-1594, -180, 7624
-886, 2, 6954
-1220, 356, 8140
-1332, 18, 7880
*NOTE-2017.03.24@13:38:11 - 1
-874, 92, 7654
-894, -46, 8136
-794, 132, 7748
-858, 94, 7782
-854, 182, 7772
-588, 172, 7986
-652, 116, 7812
-534, -160, 8090
414, 178, 7650
-502, 396, 8522
184, 836, 8628
-1000, 1174, 9508
248, 816, 8756
308, 184, 7740
118, 984, 5908
-1866, -72, 5152
-4636, 1238, 7000
-3074, 1452, 5856
-4466, -1000, 5460
-4100, -1830, 5992
-6986, -1530, 6076
-4948, -1764, 8404
-4576, -1586, 7016
-3134, 880, 6424
-2420, 808, 7740
-278, 1450, 6588
-186, -214, 4956
-3396, 674, 11728
2452, -562, 3718
-5738, -286, 13592
-1980, -1456, 6482
-3034, -2472, 7154
-3980, -1848, 10414
-1288, -64, 8280
-2776, -644, 8732
-1056, -498, 7904
-2004, -1066, 6966
-284, -46, 7446
-1960, -1490, 7732
-932, -132, 7794
-1722, -1790, 7398
-202, -2038, 7434
-1464, -1596, 7782
-1074, -2286, 8190
-1940, -2132, 7756
-1156, -2520, 7344
-1832, -2424, 7580
-794, -2762, 7236
-280, -3114, 6188
-960, -2618, 8494
-984, -2570, 8300
-2184, -1380, 9020
-2092, 1730, 10302
-2268, 3640, 4888
-980, 3748, 4518
-182, 5784, 7360
1810, 5500, 5568
-3162, 7826, 396
-5224, 10360, 428
-14734, 6752, -1068
-13816, 4626, 4038
-8204, 4416, -488
-6612, 4238, -354
-5848, 4226, 74
-2508, 4642, -1862
-2550, 4738, -854
-5812, 4974, 162
-4958, 4974, -3042
-4002, 4282, -3104
-1706, 5414, -612
2024, 7186, -1086
902, 8252, 2846
160, 10366, 4660
1168, 10858, 2940
2976, 8826, 826
1114, 9354, 722
1060, 9640, 222
678, 9188, -1134
-466, 9048, 130
-86, 8166, -1156
-526, 7044, 46
-1198, 8372, -56
-2048, 9150, 294
-2602, 7656, 1440
-1184, 7574, 1152
-926, 7944, 962
-236, 7952, 328
216, 7790, 388
390, 8038, 854
554, 8264, 1260
*NOTE-2017.03.24@13:38:16 - 1
1604, 8118, 768
1362, 8090, 1392
896, 7824, 1490
382, 7782, 2270
-196, 7288, 4130
550, 8746, 3896
986, 9082, 4264
-510, 9682, 5954
-678, 10584, 6572
-1910, 10970, 7500
-1920, 10970, 7572
-3522, 10932, 7424
-3054, 9790, 6262
-3424, 8200, 6140
-3814, 7092, 6006
-3916, 4738, 5830
-4248, 3478, 5796
-4230, 1732, 4930
-3280, 622, 4038
-4804, -176, 4850
-2298, -1728, 4304
-3514, -2470, 3868
-1352, -2956, 2926
-1188, -3808, 2458
-1272, -4724, 1614
880, -5974, -1798
284, -6194, -1672
666, -6180, -916
2164, -6934, -2062
3242, -7400, -4414
6638, -7034, -6578
4750, -7534, -6220
3718, -7412, -5634
3844, -7212, -5898
2214, -7348, -4728
1328, -7056, -3970
30, -6540, -2748
686, -5566, -1978
2474, -6024, -2832
1234, -4356, -538
-382, -3306, 26
-3394, -2974, 4132
-714, -2594, 3148
-2292, -1830, 4928
-3488, 20, 5396
-4620, 780, 6346
-5204, 820, 6426
-5402, 2978, 6358
-6602, 2806, 7112
-6808, 4274, 7752
-5898, 5688, 6592
-5528, 7432, 4796
-5690, 6634, 2916
-6436, 8974, 4798
-6366, 9836, 3952
-6174, 9790, 5584
-5802, 9416, 6406
-2354, 9900, 3810
396, 8914, 2972
114, 8454, 3462
206, 8654, 2502
-64, 8030, 2256
-966, 7906, 2828
*NOTE-2017.03.24@13:38:19 - 1
-1864, 7684, 3312
-1932, 7856, 3716
-1754, 8692, 3134
-1758, 9344, 3808
-1032, 10092, 3476
-1672, 10112, 5366
-1646, 10112, 5890
-1772, 10808, 6792
-1800, 10864, 6908
-1386, 9748, 6498
-2348, 8960, 7522
-2894, 7674, 8078
-1650, 6488, 6614
-2092, 4740, 6832
-2226, 3406, 7182
-1828, 2200, 6352
-2446, 760, 6406
-2022, -740, 4804
-1830, -1956, 3702
-3068, -3100, 4076
-1990, -3718, 3510
-200, -4244, 2526
436, -4804, 1514
1404, -5346, 48
3000, -5226, -948
1966, -6380, -636
2296, -6588, -2546
3038, -7408, -5026
3764, -7470, -5714
2866, -7334, -3492
3990, -8034, -5956
3156, -7610, -5386
2342, -7300, -4408
1836, -7320, -3874
1522, -6906, -3660
1142, -7066, -2602
622, -5968, -984
-660, -5242, 1118
372, -4680, -268
-106, -4150, 86
-3000, -2690, 4034
-1550, -2570, 1982
-3402, -1672, 4638
-4590, -824, 4312
-5204, 578, 5012
-5834, 830, 5598
-6274, 3318, 7198
-5222, 4672, 4350
-6508, 5148, 5610
-7092, 8152, 5224
-7634, 8610, 5980
-5420, 9702, 4106
-4616, 11010, 3408
-6048, 10776, 4878
-6526, 10268, 5486
-5190, 9026, 5354
-2078, 9626, 3240
50, 8760, 2646
-966, 8106, 3134
-2210, 7910, 3588
-2454, 7430, 3852
*NOTE-2017.03.24@13:38:22 - 1
-2934, 7018, 3502
-2416, 7892, 2958
-3322, 8558, 3858
-2334, 9630, 3278
-1968, 10808, 4772
-1780, 10462, 5204
-1226, 10706, 4766
-2200, 10508, 6240
-2420, 10262, 6458
-2452, 9220, 6736
-2386, 8882, 7470
-2404, 7608, 6274
-2256, 5358, 6950
-1298, 4582, 6688
-1386, 2654, 7216
-1806, 1406, 7070
-2336, 146, 8500
-240, 212, 5184
-14, -1584, 4196
-690, -3214, 3724
-230, -4008, 2676
20, -4430, 1852
-382, -5640, 1156
-944, -6554, 750
-550, -6906, 524
1030, -6864, -350
940, -6874, -504
840, -7128, -1306
378, -7504, -2136
2408, -7168, -4338
2394, -7384, -4422
4076, -7000, -5394
4462, -7306, -5984
3526, -7160, -5480
2480, -7236, -4778
2206, -6912, -4390
2008, -6968, -3664
496, -6156, -1472
1204, -5992, -2060
716, -5304, -1380
-1148, -4424, 736
-784, -3826, 312
-2664, -3000, 3332
-2794, -2266, 3882
-2180, -1398, 3246
-4822, -694, 6740
-3722, 604, 5744
-4300, 1630, 6050
-3724, 3204, 5626
-4582, 3378, 7066
-5718, 6026, 6106
-7724, 5820, 7234
-5828, 8050, 4396
-6530, 8058, 5812
-5584, 9256, 3870
-5298, 10248, 4452
-4592, 10076, 4274
-5088, 9542, 4228
-4654, 9286, 4834
-2882, 8990, 3844
-1210, 8340, 3082
-1486, 8064, 3222
-1906, 7660, 3818
-1942, 7602, 3682
*NOTE-2017.03.24@13:38:25 - 1
-2138, 7840, 3682
-2430, 8212, 3818
-2766, 8678, 3984
-2004, 9888, 3636
-2240, 10686, 5000
-1722, 10944, 4962
-1986, 11584, 6728
-1732, 11504, 6314
-1764, 10584, 6958
-1418, 9446, 6444
-1504, 8576, 6590
-1492, 6532, 6514
-1094, 4848, 6768
-1546, 3892, 6460
-1896, 1924, 6120
-1552, 898, 5494
-3046, -1090, 7104
-1782, -1102, 5514
-958, -2304, 4658
-996, -3690, 3412
-256, -4630, 2262
-1424, -5464, 2068
-634, -6004, 1340
-268, -6170, 680
340, -6260, -556
202, -6624, -1530
510, -7156, -3006
2274, -7244, -3906
2886, -7490, -4338
3968, -7010, -5148
4092, -7242, -4968
4288, -7396, -4420
2660, -7154, -3452
2592, -7210, -3390
1252, -7602, -1838
-658, -6804, -950
716, -6594, -706
92, -6460, -280
-776, -6304, -996
-1632, -5542, 796
-2350, -5312, 404
-2546, -5432, 1040
-3786, -3846, 1976
-3064, -2780, 1690
-3782, -1754, 2656
-5396, -1124, 3934
-5268, 200, 3498
-5462, 1760, 4378
-6132, 2652, 4862
-7462, 4884, 6350
-6578, 5798, 4516
-6838, 7730, 4848
-7920, 8144, 5420
-6698, 9756, 4876
-5600, 8408, 3404
-6196, 9588, 4440
-5700, 9170, 5280
-3568, 8886, 4146
-830, 9336, 2596
-508, 8848, 2960
-1754, 8308, 3524
*NOTE-2017.03.24@13:38:28 - 1
-1824, 7660, 3396
-1772, 6900, 2658
-2234, 7534, 2714
-3002, 7612, 2948
-3162, 7830, 2874
-3016, 8232, 3062
-2500, 9186, 3256
-1672, 10692, 2760
-1942, 10716, 4948
-1810, 10666, 5518
-2080, 11270, 6124
-2322, 11070, 7308
-1810, 10456, 6794
-2536, 9098, 7058
-1958, 8488, 6014
-1984, 6550, 6720
-1528, 4860, 5842
-1422, 3444, 6114
-1402, 1774, 5994
-1740, 460, 7138
-1126, -896, 6312
-810, -1538, 5618
-770, -2146, 4260
-1700, -3948, 3596
-516, -4584, 1978
308, -5210, 1228
1798, -5714, -238
1906, -6208, -808
736, -6464, -694
1984, -7050, -2888
1736, -7528, -4104
2012, -7376, -5506
1798, -7812, -5260
668, -7874, -3900
772, -7710, -3622
462, -6998, -2730
422, -6952, -1762
1122, -5758, -2214
-12, -5162, -1926
-2036, -4448, 944
-1306, -3540, 1708
-888, -2454, 2202
-1836, -1218, 4536
-1766, 262, 4356
-4516, 1832, 8122
-3552, 2704, 4306
-4040, 4558, 6812
-4864, 5806, 9260
-3586, 8304, 6444
-5296, 8000, 9878
-3720, 9520, 7182
-4182, 9984, 8708
-1330, 10394, 3798
-2840, 9624, 3950
-4598, 9428, 5636
-3634, 8944, 4584
-2464, 9278, 3378
-1270, 8964, 2076
-1508, 8436, 2196
-2038, 8070, 2282
-1388, 7760, 1800
*NOTE-2017.03.24@13:38:31 - 1
-2022, 7824, 3086
-2424, 7796, 4918
-1362, 7996, 3214
-2024, 8082, 2786
-3740, 8412, 3722
-2540, 10042, 3690
-1394, 11120, 4220
-1444, 10240, 4576
-2000, 10804, 5742
-1678, 10578, 5184
-2060, 9978, 6582
-1960, 9258, 5862
-1446, 8724, 6122
-1698, 7036, 7336
-1196, 5608, 6840
-924, 4594, 7268
-1286, 2966, 7302
-1432, 1138, 7974
-1082, 896, 7620
-272, -670, 4650
-1502, -1606, 5436
-1468, -3162, 5052
-114, -3714, 2520
-254, -4152, 2366
-94, -5432, 1574
-420, -5752, 1014
-420, -6276, 338
120, -6202, -110
1046, -7104, -1666
758, -7034, -2048
1434, -6908, -3150
1904, -7182, -4062
2840, -7164, -5474
3030, -7266, -6240
3404, -7488, -6428
2350, -7188, -5468
2182, -6788, -4900
1962, -6538, -4238
2094, -5682, -3874
2296, -4860, -4290
-1472, -3748, 1274
-1470, -3462, 1950
-2180, -3096, 2600
-2126, -2168, 1980
-2874, 136, 2270
-5696, 780, 5198
-5140, 2160, 3236
-6158, 2526, 6480
-8232, 5344, 7486
-7654, 5436, 5550
-8386, 6368, 7228
-8086, 8468, 5932
-7062, 7758, 5884
-6530, 8642, 4544
-4474, 9870, 2626
-5504, 9274, 4478
-5576, 9042, 5484
-4586, 8930, 4694
-1424, 8826, 2652
-966, 8554, 2164
-1010, 8356, 2192
*NOTE-2017.03.24@13:38:34 - 1
-884, 7916, 1908
-1996, 7560, 2886
-2466, 7774, 3602
-2550, 7428, 2922
-2608, 7814, 3212
-2664, 8260, 2944
-1776, 9526, 3270
-1268, 9566, 1926
-4192, 10274, 5212
-3728, 9706, 4872
-3322, 9692, 4972
-3424, 9712, 5662
-3516, 9450, 6264
-3756, 8246, 6652
-2954, 6978, 6188
-2996, 6438, 6808
-2858, 4690, 7312
-2440, 3866, 6996
-1810, 2626, 6390
-2004, 1098, 6342
-1970, -222, 6136
-3002, -1166, 8042
-1252, -1150, 4816
-860, -3078, 4110
-1482, -4008, 3334
-1140, -4786, 1964
-776, -5492, 760
-876, -6178, 826
358, -6596, -324
472, -6750, -254
982, -6860, -1190
-90, -7022, -2154
1120, -7468, -4290
1798, -7598, -4798
2662, -7370, -4750
3066, -7314, -5292
2936, -7566, -5116
3010, -7270, -5040
1876, -7226, -4056
2034, -6776, -4582
878, -6634, -3680
452, -5788, -1940
1022, -5744, -1528
-928, -4286, -28
-2652, -3736, 2036
-1556, -2960, 1264
-4248, -2446, 3930
-4796, -2072, 4868
-3514, -1076, 4518
-2798, -524, 5778
-4532, 1628, 6870
-4258, 2364, 6302
-4730, 3328, 4100
-8268, 5928, 7160
-7564, 5968, 5826
-7806, 6978, 5784
-6248, 8938, 4488
-4892, 9614, 4806
-5140, 9780, 3920
-4170, 10138, 3122
-5910, 10338, 5976
-5648, 9522, 4826
-2922, 9112, 3916
-748, 8552, 2936
-1346, 7820, 3848
-2400, 7426, 4266
-2250, 7862, 4104
*NOTE-2017.03.24@13:38:38 - 1
-2164, 8002, 3470
-2736, 8360, 3556
-3190, 9486, 4466
-2140, 10468, 3566
-1618, 10030, 4234
-2590, 10140, 5416
-2530, 10518, 5144
-1950, 10244, 5660
-2106, 9472, 6316
-2574, 7728, 6932
-2272, 7192, 7490
-1978, 5746, 6472
-2360, 3984, 6424
-3340, 2814, 7394
-2302, 1684, 5860
-2770, 50, 6440
-2816, -826, 6014
-2332, -1566, 5006
-2938, -2914, 4602
-2458, -3276, 3574
-2538, -4286, 3322
-1884, -5256, 1876
-1154, -5706, 1386
-1378, -6302, 954
-608, -6022, 360
468, -6542, -372
1006, -7086, -1008
2104, -6924, -2562
2184, -7356, -2820
3116, -7136, -3658
3532, -7466, -4998
3544, -7026, -5150
4098, -7564, -5440
2202, -7302, -3834
2400, -7222, -4176
2772, -6556, -3272
1988, -5986, -2012
1446, -5034, -2062
768, -4334, -1602
-850, -3196, 158
-2718, -3006, 2306
-4156, -2030, 3764
-4098, -1470, 4300
-4626, 238, 3138
-7016, 180, 4738
-7348, 672, 5846
-6858, 3578, 5376
-6438, 4314, 3794
-7274, 5920, 5614
-8032, 7046, 4960
-8358, 7818, 6246
-5428, 8776, 2660
-6268, 9170, 3652
-6306, 9740, 4974
-5494, 9470, 5042
-3200, 10060, 4878
-612, 9892, 3446
-376, 8994, 3812
-884, 8478, 3858
-1220, 7858, 4218
-2040, 7540, 4562
-2048, 7946, 3902
*NOTE-2017.03.24@13:38:41 - 1
-2274, 8280, 3188
-2968, 8468, 3934
-2288, 9392, 3646
-1550, 10410, 4136
-1992, 9410, 4946
-2968, 9680, 5504
-3158, 10074, 6292
-2692, 9286, 6372
-2922, 8140, 6966
-2446, 7646, 7200
-1438, 6164, 6574
-1344, 4594, 7192
-2300, 3534, 7874
-2266, 2498, 7156
-2362, 1192, 6576
-1994, 88, 6042
-1648, -842, 5000
-2448, -2254, 6008
-1492, -2804, 4788
-1864, -3642, 4148
-1464, -4284, 3186
-1106, -5154, 2538
-572, -5566, 1874
756, -5440, 348
986, -6140, -556
1180, -6694, -1006
1598, -6736, -1960
2160, -6692, -3330
2266, -7810, -3780
3364, -7248, -4144
4296, -7026, -4540
4226, -7320, -4700
3120, -6998, -3896
3758, -7024, -4374
2292, -6116, -3236
1980, -5724, -3256
332, -5244, -822
628, -4548, -1404
-1588, -4218, 732
-2910, -2972, 1846
-2612, -2340, 2004
-4496, -856, 3488
-6880, -624, 5016
-5308, 1118, 5046
-5822, 3224, 4496
-7238, 3802, 7256
-5990, 6046, 5916
-5164, 7076, 6504
-6284, 8326, 9138
-3912, 9154, 7480
-1598, 9962, 4528
-2582, 11012, 5330
-3780, 10564, 5648
-2864, 9752, 5348
-2452, 9744, 5316
-876, 8834, 3660
-160, 8666, 2394
816, 8640, 1542
-88, 8168, 1910
-92, 8110, 1736
-408, 7852, 2192
*NOTE-2017.03.24@13:38:44 - 1
-824, 7482, 2926
-966, 7850, 3168
-1108, 7854, 3502
-1618, 8482, 3408
-1476, 9230, 3466
-396, 10176, 3206
-1678, 11676, 5022
-1104, 11134, 4664
-1544, 11278, 5868
-742, 10738, 5826
-1042, 9850, 6082
-1912, 8500, 5952
-2574, 7008, 7510
-1714, 6090, 6432
-2294, 4726, 6992
-2346, 3402, 6696
-2332, 1998, 6334
-2192, 1168, 6662
-1812, 8, 5768
-2208, -1376, 5316
-1716, -2254, 4510
-1750, -3208, 3978
-1028, -4126, 2772
-260, -4922, 856
46, -5762, -284
190, -5902, -974
1062, -5984, -1070
1272, -6740, -1682
3048, -6846, -3176
3888, -7182, -3662
5426, -7192, -4590
4940, -7324, -4668
3888, -7398, -4676
2894, -7026, -4088
1840, -6922, -3564
-38, -7058, -1830
282, -6074, -1530
-714, -5312, 182
40, -4658, 574
-378, -4374, 1136
-1578, -3468, 2634
-2522, -2378, 2884
-2924, -1422, 3394
-5040, -764, 6542
-3890, -4, 7742
-1922, 2132, 5498
-3760, 2684, 6436
-4884, 3426, 7518
-4270, 5666, 5904
-5686, 7090, 8126
-4554, 7794, 6750
-4240, 7708, 8246
-36, 10322, 4212
-3652, 10150, 5198
-4194, 10554, 5160
-3332, 10064, 4438
-3002, 9894, 4510
-2148, 9438, 4230
-1312, 8880, 3208
-858, 8456, 2710
-1014, 8156, 2788
-1536, 7066, 2734
*NOTE-2017.03.24@13:38:47 - 1
-1688, 7336, 4168
-2346, 7692, 4700
-1892, 8380, 3438
-2852, 8704, 3418
-3220, 9480, 3946
-2464, 10308, 3816
-2378, 9778, 4444
-3156, 10148, 6966
-2670, 10850, 7754
-1876, 11014, 6408
-2022, 9946, 6626
-1374, 8788, 6624
-1374, 7256, 7314
-1810, 5880, 7534
-2110, 4384, 7304
-3138, 2476, 8190
-1972, 2030, 6054
-1402, 820, 5570
-1118, -746, 4176
-1444, -1918, 3602
-2420, -3574, 3294
-1840, -4186, 1778
-1308, -5102, 866
-894, -5624, 416
14, -6144, -580
960, -6778, -1546
964, -6898, -1106
816, -7034, -1882
1930, -7156, -3762
3224, -7570, -5586
3178, -7434, -5494
3278, -7628, -5572
3278, -7460, -4908
2172, -6948, -3892
2000, -6926, -4204
838, -6636, -1962
-346, -6544, -836
-420, -5982, -1310
358, -4898, -1924
-704, -3512, 92
-1210, -2316, 2490
-1148, -1316, 2920
-2812, -604, 5104
-4154, 632, 6746
-4436, 1254, 7668
-3660, 2650, 7280
-3130, 3206, 9452
-1584, 5420, 7974
-2692, 5942, 8054
-4372, 6238, 6928
-4868, 7836, 7560
-3638, 8056, 4114
-3576, 9586, 3556
-4588, 9516, 3890
-4022, 9834, 4380
-4330, 9598, 5082
-3590, 9572, 4834
-2114, 8976, 4132
-700, 8720, 3384
-836, 8124, 3414
-1528, 8186, 4176
*NOTE-2017.03.24@13:38:50 - 1
-1318, 8006, 4306
-1764, 8170, 3948
-2776, 8068, 4398
-2868, 9576, 4234
-2088, 10786, 4140
-2178, 10366, 5328
-2910, 10220, 5746
-2412, 10938, 5456
-1666, 10892, 5662
-1694, 9336, 5924
-1328, 8012, 6182
-1926, 6712, 6876
-2500, 5542, 7218
-2150, 4266, 6844
-2598, 2848, 7390
-2154, 1424, 6332
-3656, -606, 8196
-2544, -798, 6314
-1870, -1470, 5172
-1924, -2180, 4138
-1358, -3240, 2560
-1330, -4274, 1864
-806, -4930, 1174
-1036, -5630, 1250
44, -6260, 54
190, -6602, -324
1002, -6592, -1286
1926, -6994, -1458
2278, -7032, -3224
3850, -7250, -4594
4026, -7046, -5296
3638, -7632, -4972
3138, -7488, -5048
2482, -7364, -4662
1622, -7016, -3898
1066, -6406, -3018
1598, -6274, -2938
186, -5102, -558
698, -3870, -932
-1610, -2912, 1772
-2370, -1964, 2660
-2720, -1132, 2850
-4912, -594, 5388
-5684, 150, 6806
-3310, 2300, 4954
-5496, 2916, 7184
-4088, 4224, 6974
-5220, 5812, 7530
-4564, 6756, 6356
-6158, 7778, 8156
-4288, 8976, 5232
-4396, 9860, 4916
-3864, 10720, 4392
-3604, 10850, 4318
-4140, 10226, 4826
-3862, 9970, 5158
-2284, 9260, 4022
-1520, 8468, 3792
-1716, 7934, 3668
-2248, 7594, 4260
-2790, 8090, 4134
*NOTE-2017.03.24@13:38:53 - 1
-2668, 7650, 3942
-3368, 8140, 4232
-2948, 10098, 4078
-2242, 10156, 3790
-2078, 9710, 3910
-2530, 10326, 4970
-3416, 10104, 6810
-2464, 10432, 6080
-3314, 9822, 7206
-3212, 8738, 7222
-2550, 7428, 7290
-1358, 6392, 6976
-892, 4464, 6830
-1834, 3404, 6752
-1752, 1576, 6652
-1866, 176, 6110
-1812, -974, 5704
-2996, -2750, 5772
-2572, -2668, 4156
-2788, -4024, 3328
-2030, -4566, 1804
-1730, -5184, 2086
-22, -5938, 154
372, -6044, -142
48, -6522, -152
750, -6920, -1716
1416, -7070, -2496
2808, -6958, -4318
3190, -7176, -4546
3282, -7138, -5336
4344, -7124, -5502
4872, -6874, -6016
4282, -6780, -5458
3020, -6952, -3788
2756, -6624, -3630
2906, -5538, -3476
1030, -5684, -1398
1320, -4820, -1236
-288, -3808, 152
-1664, -3330, 1478
-1702, -1808, -184
-4598, -938, 1664
-5744, 40, 2692
-6138, 380, 2396
-7986, 1732, 5144
-7470, 2826, 4708
-6970, 4716, 4054
-7050, 5368, 5604
-6840, 7992, 5392
-7650, 8548, 5850
-7512, 8782, 6336
-5452, 9248, 4138
-3278, 10090, 3168
-4232, 10232, 4640
-4684, 9706, 5728
-3514, 9488, 4560
-1240, 8894, 3120
-674, 8458, 2746
-1578, 8170, 3258
-1774, 8118, 3502
-2290, 7936, 4102
*NOTE-2017.03.24@13:38:56 - 1
-2300, 7612, 3964
-2778, 8482, 3746
-3304, 9564, 3924
-2726, 10340, 3398
-1818, 9866, 3466
-1868, 10256, 4654
-3030, 10736, 6462
-2664, 10258, 6114
-1992, 10004, 5856
-2176, 9032, 7228
-2036, 7572, 7046
-2250, 6078, 6690
-2562, 4852, 6882
-3444, 3402, 6922
-2914, 1472, 6766
-2304, 1514, 6816
-1202, 384, 6104
-1110, -866, 5600
-496, -2062, 4658
390, -3348, 3456
300, -3598, 2460
-162, -4990, 1602
-214, -5686, 1168
-176, -6296, 1110
2060, -5680, -954
608, -6142, -1772
-50, -6804, -2290
1706, -6962, -4418
3030, -6744, -6722
3346, -7156, -8262
3420, -7240, -7960
3450, -7164, -6880
2360, -6770, -5402
1940, -6810, -4828
764, -6104, -3064
-572, -5916, -1074
938, -5762, -1682
434, -4344, 468
1114, -3276, 802
340, -2196, 2260
-270, -1020, 2658
-1396, -274, 5124
-2218, 2336, 5754
-2350, 3246, 6658
-2320, 4480, 8050
-2498, 6758, 8436
-2206, 7126, 8716
-3858, 9048, 8580
-4468, 9866, 7744
-3250, 9716, 5704
-3616, 10808, 4870
-3238, 10282, 4280
-4238, 10756, 5332
-4208, 9974, 5128
-2904, 9358, 4406
-2468, 8356, 3428
156, 9420, 1298
1368, 8656, 776
-2024, 8136, 2916
*NOTE-2017.03.24@13:38:59 - 1
-2686, 7966, 2778
-2390, 7610, 3388
-1402, 7976, 3770
-794, 8560, 3060
-2178, 8120, 3204
-2174, 9386, 3728
-1614, 11560, 3818
-2130, 11682, 6074
-782, 12212, 6424
294, 12382, 5702
-108, 11556, 6250
-562, 10472, 6998
-2430, 8640, 7268
-1652, 7738, 7446
-1218, 5852, 7668
-570, 4056, 5976
-1326, 2928, 6282
-1282, 1524, 5366
-1286, -40, 4704
-48, -1128, 3552
1064, -3148, 2878
244, -3468, 3070
1478, -4532, 1334
452, -5382, 904
990, -5856, 196
570, -6696, 66
700, -6298, -58
1614, -6828, -2320
296, -6700, -3602
-942, -6900, -4188
-582, -7158, -6058
952, -7118, -7608
632, -7314, -7168
1148, -7258, -6886
3266, -6860, -7506
1998, -6668, -6430
968, -6954, -4936
840, -6976, -5084
48, -6322, -3490
206, -4872, -2356
1924, -5860, -3280
-86, -3820, -390
228, -3496, 390
-142, -1572, 3184
-1036, -2194, 4302
-212, -1518, 3870
-2668, -38, 6730
-2634, 414, 5572
-3250, 1828, 8694
-3822, 3122, 7524
-3968, 5556, 5256
-7334, 6364, 8066
-6820, 6896, 6168
-7834, 8210, 7538
-6160, 7728, 6160
-5554, 9056, 4276
-4452, 9918, 3166
-4764, 10046, 4798
-5860, 9394, 5922
*NOTE-2017.03.24@13:39:02 - 1
-4548, 8522, 5244
-3378, 8634, 3908
-2340, 8350, 2946
-2582, 7768, 3130
-2224, 7902, 3226
-2272, 7398, 4024
-2430, 7238, 3414
-2634, 8228, 2864
-2586, 8856, 2088
-2890, 8196, 1976
-2632, 8124, 1684
-2926, 6700, 2394
-2582, 7210, 1924
-618, 7772, 1940
930, 8508, 2198
1046, 6590, 2210
1140, 6240, 1582
-72, 5694, 3598
-700, 5856, 4802
36, 5898, 3192
-1838, 5482, 9430
-7690, 6678, 14314
-1386, 2652, 7634
-4924, 776, 8678
-2974, 128, 7496
-3156, 10, 7326
-2876, -350, 6902
-3074, -376, 7310
-3070, -1396, 8242
-2560, -860, 7080
-2718, -1050, 8192
-982, -1492, 9486
-1798, -104, 7478
-1664, 1110, 6022
-1176, 280, 5626
-1750, -1456, 7652
-2136, -932, 6680
-1768, 320, 8172
-1266, -436, 9242
-1598, -2312, 7740
-1102, -994, 8170
-1032, -1352, 8544
-262, -728, 7788
-552, -836, 7110
-744, 486, 7506
-1264, -614, 7586
-694, -1604, 8768
352, 178, 8044
404, -476, 7254
-404, -770, 7674
130, -1788, 7244
-64, -1276, 7002
-882, -1410, 10128
1070, -308, 9198
-180, -1980, 7766
210, -2146, 8696
224, -1872, 5972
100, -1172, 7076
-788, -1508, 7896
1096, -1266, 8600
-194, -1236, 7998
612, -670, 7856
-286, -254, 7992
1280, 8, 9480
1092, -198, 9492
3588, -1118, 9058
-1198, -2138, 6274
930, -3008, 6794
2208, -2410, 3588
-2804, -2708, 6722
-1240, -582, 6106
-330, -242, 6848
-322, 962, 6754
-1352, 1014, 7166
-1516, 3170, 7676
-1100, 2732, 7884
-922, 1220, 7944
794, 598, 6814
-856, 886, 7734
2836, 660, 9140
-276, 976, 9106
172, 400, 6862
504, 174, 7354
494, -468, 8580
990, -248, 6932
-210, 6, 8244
-914, 186, 7540
-764, 426, 7620
-366, -74, 8798
-320, -538, 7208
-1228, -752, 7842
-1376, -262, 7530

-----------------------------------------------
Date: 24.03.2017 - 13:39:07
End log file
