Terminal log file
Date: 24.03.2017 - 13:40:32
-----------------------------------------------

%~>daq start

 DAQ started.
%~>quit
%~>-1222, 7614, 2136
-1276, 7484, 2184
-1336, 7240, 2254
-1402, 7144, 2930
-2056, 7474, 3078
-3222, 7634, 3872
-4022, 7262, 4016
-3912, 6664, 3318
-5046, 5784, 3084
-5522, 5302, 2360
-5228, 5162, 1898
-5100, 4976, 1574
-4714, 5296, 1460
-4512, 5470, 994
-3934, 5568, 884
-4134, 6030, 1614
-3160, 6740, 848
-3786, 6974, 1800
-4104, 6890, 2298
-4206, 6652, 2574
-4542, 6534, 2844
-4620, 6380, 2948
-5100, 6372, 2382
-7354, 7044, 2882
-6196, 6342, 3420
-3366, 6332, 2336
-3536, 6458, 2570
-3082, 6336, 3220
-4500, 6716, 5154
-1638, 6162, 3122
-1310, 6602, 3040
-2114, 6798, 3914
*NOTE-2017.03.24@13:40:33 - 1
-2256, 6894, 3540
-1978, 6720, 3722
-2258, 6766, 3596
-2082, 6688, 3340
-2310, 7086, 3056
-3392, 7028, 3728
-2506, 7222, 1792
-3274, 7188, 1518
-4676, 7192, 1204
-5524, 7102, 3292
-5838, 6948, 1716
-4538, 6134, 276
-2724, 6120, 34
-2722, 6462, 102
-5018, 7246, -92
-5558, 6324, -418
-4838, 6044, -790
-5722, 6064, 2366
-5286, 5544, -1072
-5420, 7154, 148
-1938, 6694, -1038
-2352, 7378, -1336
-972, 7018, -1502
-1602, 9530, -1722
-4888, 9188, 340
-3624, 9456, 522
-554, 8912, -1212
-3276, 8210, -1196
-3018, 7166, 994
-1810, 6804, 886
-1256, 9004, 1548
-680, 9256, 2338
714, 6910, 3720
2288, 7458, 1500
1136, 7934, 1018
1160, 7622, 1172
2402, 7074, 796
*NOTE-2017.03.24@13:40:35 - 1
768, 8102, 694
476, 7744, 1590
842, 7546, 1530
1068, 7698, 1830
1438, 7688, 1634
1608, 7990, 1400
1548, 8082, 1532
1092, 7802, 2666
736, 7652, 3304
382, 7780, 4414
488, 8630, 5134
-644, 9108, 6910
-1570, 9002, 7570
-1832, 10044, 7964
-3020, 10708, 8778
-2262, 10438, 7330
-3260, 9528, 6798
-1668, 8528, 7216
-1214, 6334, 7074
-3078, 5088, 7604
-2054, 3910, 5452
-1558, 2028, 6192
-2838, 1178, 6826
-2164, -450, 6302
-2272, -1414, 4826
-1034, -1934, 4370
-1912, -3282, 3134
-252, -4446, 2080
-1272, -5468, 1822
-702, -5530, 106
352, -5934, -724
1030, -6612, -1684
422, -6790, -2296
934, -7294, -4382
1590, -7360, -4996
1098, -7724, -5868
826, -7382, -6596
588, -7436, -5700
792, -7518, -3986
-352, -7410, -2678
284, -6954, -3174
-654, -6830, -1188
212, -6790, -1106
594, -6030, -1030
108, -5718, -196
-950, -5168, 2090
56, -3394, 1486
890, -2722, 1888
-1402, -1316, 5724
-602, -1710, 5438
-506, -340, 4630
-1416, 818, 7028
-2096, 3686, 7198
-2268, 4114, 5802
-5364, 5262, 9108
-3990, 5960, 6616
-5802, 7198, 7854
-4168, 7972, 6252
-3778, 9036, 6142
-4590, 9048, 4904
-4338, 9042, 5010
-4574, 8646, 5404
-5014, 8438, 5730
-4916, 8504, 5832
-3846, 8458, 5220
-1606, 8012, 4254
608, 7878, 2860
-980, 7736, 3978
*NOTE-2017.03.24@13:40:39 - 1
-2104, 8708, 5216
-1858, 9004, 5718
-1962, 9648, 6062
-874, 10080, 5330
-938, 10198, 6342
-1698, 10422, 6924
-1708, 10006, 6964
-1170, 9120, 5980
-1390, 7446, 6428
-1704, 6534, 6876
-1518, 5442, 7172
-1426, 3782, 7066
-890, 2456, 6036
-1488, 562, 7024
-1202, -348, 6850
-630, -1396, 5606
-204, -2300, 4442
-918, -3382, 4162
-720, -4254, 3288
-286, -4958, 1540
-572, -5774, 960
-172, -6148, 276
674, -6484, -500
1726, -6612, -1384
1496, -7138, -1060
952, -7068, -2710
1950, -7164, -4246
2770, -7268, -5670
1442, -7256, -4844
1984, -7364, -5244
1460, -7294, -4446
2020, -7070, -4556
1096, -7018, -3614
-536, -7068, -1668
618, -6302, -1820
384, -5998, -646
-28, -5570, 406
-8, -5064, 1194
-1072, -3916, 3080
-1238, -3294, 4342
-1258, -2674, 3966
-3736, -1802, 6892
-2208, -558, 5770
-620, 1604, 4058
-2028, 3002, 5584
-3586, 3516, 8696
-4360, 5644, 7438
-5154, 7202, 7776
-6440, 6494, 8348
-5266, 7842, 7030
-2998, 8922, 4082
-4104, 9030, 3724
-4028, 9712, 4240
-4692, 9216, 4988
-4680, 9222, 5364
-3570, 9066, 4578
-1188, 8884, 3276
-50, 8592, 3048
*NOTE-2017.03.24@13:40:42 - 1
754, 8432, 2472
574, 8156, 2278
-12, 7738, 3098
-154, 8426, 3896
-232, 9174, 3290
-2154, 8802, 5032
-450, 10148, 3750
-902, 10606, 4068
-138, 10466, 4616
642, 10726, 4984
826, 10700, 5150
410, 10294, 5658
-146, 9644, 6466
-378, 8178, 6902
176, 7412, 6562
460, 5974, 6704
154, 4306, 7130
408, 3106, 6850
718, 1894, 6034
854, 524, 6218
1154, -756, 6136
638, -1336, 6832
1656, -2310, 5200
1100, -2886, 4752
1564, -3476, 3088
1612, -4312, 914
318, -5532, 1140
34, -6346, 368
146, -6404, -694
996, -6614, -1526
458, -7374, -1332
2174, -7064, -3808
1916, -7470, -4788
2080, -7408, -5494
2928, -7784, -6628
2472, -7270, -6158
1848, -7184, -4658
1720, -7376, -3988
1550, -6766, -3302
-98, -6382, -756
-848, -6824, 398
720, -6388, -610
1418, -4920, -606
-76, -4092, 2566
1032, -3214, 2262
244, -2550, 4570
-144, -1834, 6018
212, -320, 5224
-2042, 88, 8868
-340, 1392, 7040
-1096, 3286, 7956
-2744, 4346, 9646
-1832, 5706, 6044
-2624, 7284, 5986
-5386, 8230, 5396
-6790, 8620, 7540
-2316, 10180, 3396
-2924, 10508, 3192
-5748, 10466, 4788
-6312, 9914, 6052
-5452, 9092, 5252
-1934, 9118, 2684
262, 8586, 2796
-408, 8156, 3506
-760, 7808, 3720
-1380, 7934, 3720
*NOTE-2017.03.24@13:40:45 - 1
-1456, 8542, 4150
-2252, 8388, 3420
-2992, 8666, 3818
-3048, 9544, 4274
-2128, 10392, 4396
-848, 10140, 4164
-1718, 10574, 5542
-1756, 10682, 6478
-984, 10552, 7120
-1714, 9430, 8960
-1560, 8260, 7412
-2758, 7172, 8070
-2160, 5886, 6904
-2036, 3944, 7506
-1868, 2862, 7184
-1200, 1104, 7256
98, 1196, 5404
942, -458, 3988
-492, -2094, 4056
-294, -3906, 2906
-604, -4610, 2606
792, -5098, 394
-146, -5924, 800
710, -5956, -636
850, -6906, -1422
408, -7218, -2138
520, -7426, -2780
1696, -7008, -5254
1544, -7480, -5944
2846, -7376, -6930
2382, -7442, -5262
2822, -7246, -5358
2184, -6966, -4670
1220, -7070, -4350
92, -6524, -2344
24, -5902, -1348
-1146, -5838, 1332
1066, -5714, 1344
1710, -5200, 1524
-996, -4500, 4434
-1272, -3992, 4758
-656, -3160, 4022
-1388, -2334, 4286
-2168, -2422, 5586
-2902, -14, 6246
-3056, 580, 6926
-1992, 1514, 5776
-3246, 4136, 6968
-4162, 4330, 7490
-4536, 5988, 7218
-4642, 6188, 5706
-4966, 7882, 6126
-3642, 8802, 3790
-3148, 9786, 3726
-3868, 10328, 4040
-4650, 10686, 4502
-5162, 9886, 5794
-4044, 9618, 5980
-598, 8846, 4466
*NOTE-2017.03.24@13:40:48 - 1
396, 8322, 4756
-856, 7500, 5214
-2274, 8048, 5034
-2402, 8336, 4570
-2250, 9520, 4812
-2022, 10642, 4590
-1518, 10454, 4832
-1282, 10876, 5546
-1732, 11100, 6506
-1154, 10590, 6102
-50, 9588, 5410
-274, 6726, 6070
-2518, 6450, 7712
-3270, 6020, 8420
-2442, 4102, 7026
-2000, 2646, 6264
-2276, 1622, 6130
-1624, -82, 6526
-1884, -610, 6764
-234, -1856, 4478
-934, -3024, 4288
-540, -3722, 3136
784, -4380, 1370
788, -5194, 816
332, -6128, 862
368, -6254, -8
646, -6590, -750
314, -6704, -1342
1452, -6936, -3314
2716, -7288, -5108
2662, -7116, -4952
2502, -7396, -5742
1776, -7522, -5236
2460, -7428, -6388
1030, -7296, -5086
608, -6964, -4184
690, -6682, -3512
1290, -5822, -3684
664, -4618, -2544
818, -3370, -1574
-506, -2112, 1200
-2990, -2104, 5306
-1066, -854, 4180
-1728, 590, 5794
-2404, 622, 7172
-2354, 1686, 7496
-2746, 3744, 7234
-2870, 4052, 7448
-2646, 5670, 6932
-4164, 7566, 7316
-5830, 6856, 8660
-4704, 8148, 7052
-4220, 9948, 5270
-3662, 9878, 4354
-3180, 10078, 4324
-3538, 11618, 6336
-4340, 9550, 6276
-3332, 9490, 5576
-1754, 8092, 4504
-1474, 7834, 4318
-1794, 7696, 4210
*NOTE-2017.03.24@13:40:51 - 1
-1822, 7550, 4140
-2180, 8106, 3810
-2660, 8486, 4228
-2370, 9408, 4302
-1586, 10664, 4314
-2184, 9454, 5278
-2224, 10100, 6422
-1492, 10962, 6114
-1166, 10314, 5824
-1340, 9022, 6432
-908, 7986, 7386
-128, 6494, 6198
-516, 5270, 7714
-638, 4082, 7450
-406, 2642, 7910
-106, 1816, 7076
-400, 334, 6302
-90, -662, 5618
346, -1614, 4542
136, -2706, 4258
14, -3820, 2906
136, -4880, 1638
-206, -5704, 808
-812, -6428, 810
-518, -6664, -140
4, -6572, -1076
116, -7234, -1204
328, -7172, -1868
664, -7284, -2268
1998, -7116, -3984
2438, -7332, -4702
3340, -7186, -6348
2346, -7198, -6464
2488, -7294, -6586
1790, -7046, -4958
1518, -6674, -4656
1180, -7192, -3240
-52, -6702, -430
-40, -6670, -1022
608, -5676, -500
-494, -5158, 106
-1076, -4382, 1432
-2400, -3720, 4532
-798, -3192, 2946
-952, -1988, 3828
-1936, -1168, 5258
-2458, 40, 7064
-1524, 722, 6356
-2616, 2652, 7388
-2848, 2882, 7696
-2572, 5340, 6766
-4670, 5644, 8206
-4726, 6868, 6746
-5834, 7374, 7206
-4480, 8572, 4846
-4718, 8752, 4014
-4436, 9198, 4400
-4130, 9602, 4188
-5000, 9398, 5342
-5132, 9450, 5850
-4180, 8612, 5532
-1034, 8384, 3958
-40, 7704, 3518
*NOTE-2017.03.24@13:40:54 - 1
-1794, 7430, 5136
-1840, 8214, 4252
-2376, 8162, 4322
-2532, 9178, 4272
-2556, 9958, 4816
-1372, 10222, 4474
-1346, 10238, 5600
-1158, 9972, 5416
-1218, 9676, 6614
-1394, 9206, 6854
-942, 8282, 6772
-1192, 6882, 7756
-474, 6158, 6922
-474, 4624, 6954
-1192, 3182, 6968
-1094, 2098, 7128
-580, 1050, 6348
-766, -226, 6164
-398, -1566, 5558
-458, -2646, 4920
-528, -3260, 4320
156, -3844, 3498
-254, -4664, 2772
-354, -5926, 644
-1090, -6352, 618
-964, -6576, 308
680, -6636, -1592
-294, -7172, -1222
468, -7058, -2222
56, -6984, -2704
1616, -7886, -4666
2578, -7484, -5424
2670, -7358, -5888
3116, -7476, -5488
2814, -7108, -4826
2450, -7108, -5114
1028, -6714, -4176
-1878, -6980, -1070
104, -6462, -1902
1352, -5708, -338
2006, -4556, 38
218, -3942, 2082
-740, -3668, 4520
1080, -2620, 4178
270, -1322, 5106
2, -1246, 5590
-754, 832, 5036
-2238, 1746, 6216
-1468, 2374, 5470
-3042, 5462, 6994
-3678, 6094, 6920
-4032, 6818, 6682
-5804, 8990, 7922
-5596, 9192, 7256
-4980, 9788, 5810
-4048, 10292, 5214
-4746, 10150, 5634
-4322, 9606, 5510
-3758, 9238, 5350
-2200, 8304, 4174
-1572, 7902, 3710
-1314, 7974, 3538
-1314, 8038, 3310
-1672, 7650, 3446
*NOTE-2017.03.24@13:40:57 - 1
-1524, 8036, 3744
-2224, 8070, 4204
-2554, 9432, 4456
-2000, 9966, 4630
-1354, 10462, 4728
-1408, 10456, 5296
-1658, 9976, 5832
-1390, 9894, 6090
-1036, 9174, 5822
-1306, 8010, 6564
-1956, 6634, 6908
-914, 6036, 6176
-1686, 4438, 7240
-1848, 3308, 7138
-1916, 1694, 7298
-1596, 548, 6856
-1370, -448, 6590
-1520, -1360, 6598
-1334, -2286, 5954
-1246, -2744, 5504
-210, -3614, 3508
-582, -4392, 3422
134, -5182, 1382
-524, -5344, 1084
-176, -6080, -458
-1034, -6768, 266
822, -7428, -2320
-158, -7332, -848
570, -7604, -2402
2126, -7270, -4320
1698, -7602, -5436
2302, -7136, -6476
3456, -7414, -6902
3584, -6956, -5238
2336, -6712, -3542
1976, -7120, -3694
1696, -6926, -2850
880, -6048, -1812
1652, -5482, -1414
2, -4870, 862
-1160, -4226, 1676
-1870, -3664, 2190
-2312, -3078, 3790
-2620, -2600, 4968
-2802, -1202, 5640
-3692, -864, 6336
-2708, 304, 5354
-4504, 1328, 9406
-1976, 2764, 5494
-4072, 4398, 7924
-4244, 5382, 7350
-4372, 7396, 7148
-5516, 7538, 8006
-4866, 8784, 5232
-4772, 9498, 6942
-4196, 9772, 4416
-3872, 9860, 4568
-4168, 10460, 4754
-3536, 9458, 5752
-1134, 8612, 4430
364, 8540, 3714
*NOTE-2017.03.24@13:41:00 - 1
-590, 8728, 3894
-352, 8364, 2954
-908, 7812, 3168
-1536, 7982, 4048
-2160, 8138, 4432
-2054, 9494, 4216
-1070, 10068, 3922
-1422, 10824, 5204
-1384, 11066, 5698
-1410, 10964, 6152
-1190, 10536, 6086
-2104, 9396, 7420
-2238, 8838, 6482
-2400, 6554, 7232
-3306, 5572, 7364
-2572, 4210, 6670
-2372, 2732, 6574
-2428, 1944, 6372
-1554, 350, 5500
-1408, -544, 5860
-780, -1808, 4902
-1508, -2614, 4866
-890, -3382, 3594
-344, -4048, 2786
232, -4910, 1400
-532, -6064, 518
-36, -6532, -1618
-44, -6998, -1070
-4, -7162, -1024
860, -7372, -2842
956, -7586, -3502
2012, -7366, -4642
3788, -7562, -6058
3338, -6698, -5338
3184, -7298, -3086
3536, -6970, -4220
2568, -7248, -4178
990, -6808, -2948
456, -6454, -2194
-304, -5486, -1578
-1020, -4870, -1390
-1746, -3832, 676
-1482, -3300, 1662
-2122, -1982, 2956
-4390, -1246, 5156
-3350, -810, 4438
-4108, 1266, 5778
-4860, 1486, 7386
-4646, 3780, 7054
-3782, 5426, 7050
-5158, 7214, 6992
-5468, 7088, 6970
-6624, 8912, 7006
-5798, 8366, 5924
-5428, 9420, 4456
-4490, 9224, 3636
-4444, 9346, 3690
-4164, 9300, 3834
-4250, 8992, 4628
-2380, 8572, 3878
-652, 8610, 3724
-514, 8406, 4358
-638, 8414, 4264
*NOTE-2017.03.24@13:41:03 - 1
-778, 7824, 4304
-938, 8106, 4228
-2028, 8782, 4304
-2646, 8776, 4672
-1248, 10462, 3812
-1448, 10130, 4714
-1042, 10710, 4860
-1470, 10404, 5980
-918, 9952, 6386
-798, 9006, 6654
-1456, 7728, 7158
-1352, 7164, 7542
-568, 5420, 7272
-1054, 4568, 7364
-942, 2828, 7560
-616, 2312, 6952
-872, 360, 7594
-90, -140, 5428
-1056, -1726, 5512
-1490, -2482, 5130
-340, -3458, 2782
-742, -4694, 3118
-180, -4474, 1466
-52, -5536, 502
482, -6354, -1506
176, -6428, -666
1742, -6218, -3384
712, -6460, -3802
1324, -7134, -5578
1220, -7632, -6610
2094, -7678, -7822
1618, -7584, -7342
1768, -7000, -6886
1268, -6982, -5568
440, -6438, -4134
6, -5632, -2410
1084, -4706, -3450
-1022, -3432, -410
-1510, -2080, 1208
-638, -1564, 1186
-830, -166, 2580
-1812, 1496, 5544
-2672, 2582, 7222
-2274, 4192, 6678
-2712, 5840, 7986
-3396, 7052, 9110
-2568, 8728, 4668
-6020, 9732, 9878
-4280, 10432, 5690
-5110, 10662, 6774
-3848, 10842, 5026
-3686, 10836, 5230
-4086, 10730, 5766
-2918, 9410, 6024
-1146, 8780, 4740
618, 8764, 3938
-774, 8432, 5118
-838, 7960, 5162
-1164, 9290, 4324
*NOTE-2017.03.24@13:41:06 - 1
-1844, 9330, 4812
-822, 10802, 3566
-464, 10416, 4544
-684, 11502, 5228
514, 11510, 4522
144, 10650, 5066
350, 9780, 5304
-520, 8322, 5708
-148, 7314, 6400
-512, 6300, 6886
-708, 4964, 7100
-436, 3578, 7196
-602, 2302, 6930
-566, 676, 6440
-726, -336, 5984
-1266, -1594, 5576
-1360, -2814, 5218
-1508, -3712, 4698
-1296, -4466, 3668
-1184, -5166, 3184
-826, -5778, 2482
-576, -5842, 2298
140, -6324, 294
288, -6726, 154
650, -6916, -286
1338, -6804, -1660
1020, -6930, -2498
1764, -6998, -3762
1720, -7412, -4088
1866, -7242, -5238
2676, -7212, -8232
2482, -7548, -6782
1586, -7080, -5066
784, -7410, -4758
322, -7482, -3158
168, -6838, -1774
1336, -6646, -2240
510, -6140, -942
180, -6370, -526
-888, -5410, 608
146, -4048, -610
-1898, -2948, 3986
-254, -3608, 3222
870, -1016, 692
-3544, 102, 6780
-3898, 156, 7564
-2308, 3148, 5848
-3870, 4138, 6150
-5180, 4578, 8556
-4504, 7030, 6946
-6114, 7830, 7942
-5488, 8800, 4532
-5978, 10146, 6860
-4958, 9498, 3844
-4350, 9740, 4458
-3048, 9640, 4096
-3328, 10472, 5280
-2780, 10014, 6152
-426, 8898, 3230
-66, 8778, 4364
-904, 8558, 4038
*NOTE-2017.03.24@13:41:09 - 1
-1242, 7868, 3640
-1498, 8308, 3878
-2004, 8448, 3584
-2676, 8812, 5022
-2208, 10278, 4636
-1318, 10716, 5098
-1204, 11214, 5402
-1692, 10300, 6726
-2734, 11176, 6868
-824, 10040, 6284
-1826, 8548, 6530
-830, 7452, 5630
-1328, 5922, 6776
-1290, 3602, 6678
-774, 2794, 6358
-1128, 1144, 7090
262, 410, 5340
-1000, -1610, 6048
-12, -2692, 4576
-838, -2636, 5134
394, -3434, 2902
-10, -4436, 2628
-668, -5820, 796
-1088, -6328, 182
-1358, -6582, 332
-344, -6584, -1188
1242, -7116, -1436
966, -7398, -1802
730, -7218, -1014
2934, -7402, -2958
5240, -7004, -7114
3428, -7120, -5512
3690, -6972, -6806
2886, -7308, -6322
1554, -6830, -4976
-74, -7040, -2060
1152, -6822, -2960
1752, -6154, -1484
1060, -5366, 102
-456, -4464, 880
-1162, -4106, 568
-1676, -3436, 1820
-2204, -1730, 3368
-2804, -1484, 4390
-2958, -532, 4802
-4634, 720, 8642
-3540, 1656, 7400
-3312, 3584, 6584
-4712, 4730, 8388
-4144, 6114, 7058
-5030, 7792, 7186
-5082, 8126, 5558
-5758, 8760, 7408
-3942, 9816, 4590
-3032, 10450, 4020
-3952, 10270, 5262
-3876, 9940, 5832
-3182, 9696, 5724
-140, 8688, 3716
324, 8448, 3264
-988, 8268, 4100
*NOTE-2017.03.24@13:41:13 - 1
-1484, 7866, 4408
-1516, 8230, 3948
-1844, 8406, 3224
-2196, 8992, 4048
-2456, 9704, 4326
-1494, 10426, 5032
-328, 10416, 4700
-696, 10634, 4894
-878, 10160, 5518
-960, 9032, 5854
-896, 7952, 5842
-988, 7040, 7106
-1632, 5682, 7034
-1498, 4734, 7260
-2374, 3400, 7758
-1108, 2256, 6714
-1150, 948, 5968
-1580, -340, 6566
-1758, -1200, 6886
-918, -2100, 5826
-1590, -2916, 5538
-1648, -4050, 4896
-1694, -4460, 4294
-1402, -4986, 3448
-480, -5274, 1766
-988, -5634, 1612
-142, -6322, -238
-24, -6184, -850
268, -6964, -1464
1292, -7572, -1506
976, -7190, -598
2340, -6788, -3450
3092, -7320, -5806
4102, -6672, -6556
3990, -7192, -4960
3802, -6924, -5110
2882, -7064, -4660
2428, -6322, -3940
888, -6210, -2196
1374, -5826, -2222
1190, -4556, -1340
-1224, -3914, 642
-516, -3568, 1422
-5924, -3170, 7244
-3824, -4214, 4970
-2974, -1870, 5158
-3988, -814, 7186
-2182, 186, 5708
-3224, 3116, 6102
-4814, 2192, 8254
-2468, 5958, 5154
-4218, 6348, 6260
-4450, 7482, 5520
-6536, 9052, 6896
-4568, 9156, 2676
-4134, 10582, 4028
-4030, 10426, 4536
-4390, 10244, 5126
-4156, 10124, 5722
-2050, 9556, 4960
378, 8688, 2766
-288, 8902, 3530
-1128, 8266, 4266
-712, 8184, 4018
*NOTE-2017.03.24@13:41:16 - 1
-622, 9378, 3344
-1724, 8226, 4056
-1704, 9050, 4570
-1852, 10012, 4562
-970, 10580, 4432
-1490, 10352, 5206
-1530, 10310, 5298
-1330, 9818, 6122
-1030, 8904, 6358
-2196, 8324, 7472
-1860, 6850, 6988
-2214, 5402, 7598
-1564, 5022, 7112
-1698, 3076, 7690
-212, 2478, 6268
-520, 560, 6300
216, -698, 6000
464, -1656, 4600
556, -3120, 3540
-438, -3818, 4066
-458, -4716, 2984
-636, -5370, 2456
-1266, -5896, 2862
474, -6308, 270
-222, -6670, 48
-582, -6868, 102
288, -6888, -968
560, -6798, -1918
420, -6904, -3032
1404, -7192, -4384
2292, -7350, -6470
1564, -7274, -7144
2108, -7548, -7358
742, -7282, -5970
622, -7196, -5440
488, -6964, -4264
-254, -6420, -3124
742, -6038, -2900
1602, -4628, -2230
1830, -3634, -958
-860, -2168, 1522
-1486, -1404, 2838
-2888, -754, 5618
-3200, -156, 6944
-2352, 2570, 5568
-4016, 1724, 8254
-3264, 3524, 8314
-3856, 5174, 7516
-4424, 4754, 9170
-3098, 7000, 6716
-4648, 7350, 8222
-4242, 8542, 7060
-3032, 9930, 5918
-1722, 9436, 3888
-1718, 10210, 4086
-2374, 10238, 5654
-2150, 10184, 6008
34, 9272, 3822
652, 8710, 3478
2116, 8332, 1638
1300, 8814, 2034
*NOTE-2017.03.24@13:41:19 - 1
820, 8222, 1528
148, 8264, 2552
104, 8140, 2680
-190, 7556, 4352
-198, 9700, 2884
-906, 9414, 3960
-576, 11220, 4276
-278, 11704, 5050
-702, 11418, 5082
-2280, 11856, 6782
-820, 11028, 6020
-1376, 9506, 7266
-1856, 8712, 6988
-2184, 6458, 7048
-3134, 5586, 7504
-3660, 4102, 6908
-2086, 2556, 5692
-2132, 1380, 6566
-1266, 306, 5146
-296, -766, 3674
-1642, -2820, 4880
-470, -3286, 3212
-296, -4186, 2234
-82, -5142, 944
-356, -5544, 1142
-248, -6100, 260
-54, -6222, -914
1032, -7098, -2240
88, -7434, -772
1470, -6300, -3314
2070, -7166, -4854
2606, -6888, -5964
2228, -7128, -6338
3620, -7568, -7964
2270, -7240, -6598
1632, -7204, -5898
1436, -6912, -5184
1056, -6856, -4444
632, -6348, -3792
660, -6040, -2576
1212, -5908, -2170
388, -4402, -560
-478, -3578, 230
-3222, -2362, 5100
1720, -1884, 502
-1246, -792, 5788
-1952, 102, 7764
546, 944, 4032
-2434, 2154, 8628
-1622, 3192, 7702
-2800, 5408, 8516
-3148, 5708, 8394
-3488, 8016, 7080
-4258, 8660, 7306
-3518, 9134, 6238
-3448, 9508, 4650
-4002, 9592, 5728
-3702, 9114, 5014
-3706, 9562, 6006
-4058, 9434, 6470
-3206, 8670, 5756
*NOTE-2017.03.24@13:41:22 - 1
-1466, 8462, 3554
-482, 7958, 3232
-1044, 7766, 3724
-1356, 7708, 3546
-2850, 7730, 4492
-1834, 8544, 2708
-1410, 9348, 2046
-2016, 8394, 2156
-2552, 7174, 1750
-1866, 6850, 1382
-2138, 6598, 2034
-420, 6344, 1842
782, 6764, 3314
1964, 6180, 1968
-262, 6206, -96
-408, 6686, 3632
-1934, 6568, 5016
-2306, 5028, 7764
-2550, 7062, 7404
532, -640, 3826
-4718, 1506, 8984
-3674, 588, 9080
-3018, 738, 7328
-2444, 1270, 6278
-2600, 742, 7296
-3042, -146, 8758
-5768, 272, 9730
994, -226, 3676
-1908, -1682, 5796
650, 4114, 11478
4332, -384, 6986
5526, -316, 6632
3066, 918, 7448
4470, 402, 6958
4804, 1780, 6210
3936, 2110, 3812
4540, 1932, 5566
4684, 1334, 8064
3970, 1760, 7372
2120, 1594, 7790
2996, 1662, 7754
3444, 1840, 7296
3228, 1306, 7052
3202, 1494, 6488
2738, 1566, 6890
2818, 1252, 7470
3026, 1082, 7632
2824, 586, 7618
2248, 874, 7584
2666, 762, 7038
2326, 896, 7816
2138, 310, 7118
2482, 416, 8344
2278, -242, 7496
1786, -202, 7840
2014, -578, 7422
2164, -240, 7756
1796, -766, 7928
2146, -662, 7756
1780, -728, 8064
1830, -658, 7904
1712, -256, 7694
1918, 362, 7772
1450, 540, 8096
1520, 398, 7286
1552, 1048, 6768
816, 1470, 7610
52, 1642, 8384
816, 1772, 7724
274, 1272, 8958
258, 1192, 9062
-260, 2278, 10980
-204, 1900, 8776
1816, 924, 8146
-44, 630, 6950
-1014, 760, 9024
2214, -576, 8340
-2966, 200, 5798
-1562, -1954, 5394
-2552, -2840, 2580
-6752, -998, 5672
-6922, 348, 4906
-5326, -428, 7654
-2850, 802, 9206
-4744, 1584, 10348
372, 732, 4272
1544, 1170, 7870
-3386, -612, 8924
-4718, -2772, 7008
-4620, -2680, 6310
*NOTE-2017.03.24@13:41:26 - 1
-5094, -1662, 6904
-4804, -878, 6098
-3646, -570, 6670
-4818, -1450, 4354
-8662, -1612, 5446
-7440, -1684, 2556
-7226, -1540, 2368
-7136, -1568, 2310
-7378, -1950, 1298
-7722, -1342, 1490
-7934, -1266, 2308
-8030, -1242, 2054
-7520, -1356, 2022
-8082, -1546, 1496
-7944, -1576, 1394
-7900, -1354, 1688
-7698, -1532, 1572
-7342, -1214, 1744
-7576, -980, 2624
-7420, -984, 1906
-7640, -1630, 2272
-7398, -1620, 2256
-7416, -1844, 2652
-6854, -1758, 2326
-6670, -1570, 3200
-6184, -1304, 2496
-7136, -1930, 3576
-6752, -1706, 3836
-6830, -1574, 3654
-6788, -1680, 3670
-6708, -1874, 2952
-6598, -1608, 2788
-6240, -1840, 1504
-8278, -1522, 2616
-7674, -1800, 1154
-7466, -1906, -578
-8118, -1456, 450
-8008, -1708, -1028
-8972, -1556, -550
-8072, -1466, -1498
-8292, -1446, -1156
-7852, -1788, -1688
-7252, -1486, -1372
-7726, -1598, -1776
-8520, -2008, 1838
-8234, -1726, -1938
-8304, -1936, -1920
-6912, -1658, -1416
-7720, -1580, -678
-7572, -1742, 624
-7246, -2036, 360
-7162, -2014, 388
-7466, -2034, 778
-7408, -2212, 506
-7822, -2068, 660
-7806, -2086, 504
-7842, -2156, 500
-7572, -2134, 694
-7520, -2196, 830
-7668, -2298, 1130
-7658, -2240, 1168
-7492, -2214, 1064
-7194, -2260, 1136
-7480, -2178, 1470
-7352, -2282, 1516
-7802, -2306, 1596
-8382, -2436, 1658
-7652, -2990, 2430
-7626, -3224, 2176
-7284, -1724, 2782
-6284, -1024, 1658
-6320, -800, 2044
-7330, -948, 2914
-6864, -1688, 3048
-7538, -2020, 3462
-7514, -2746, 2602
-7786, -2824, 2856
-7106, -2498, 2138
-6888, -2052, 2432
-7126, -2132, 2596
-7012, -2020, 2226
-7594, -1954, 2600
-7440, -1770, 2142
-7668, -2010, 2284
-7362, -2206, 2554
-7034, -1982, 2412
-7138, -2058, 2372
-6948, -1648, 2230
-7372, -1874, 2342
-7480, -2112, 2434
-7336, -2028, 2350
-7198, -1792, 2392
-7806, -2144, 2616
-7324, -2154, 2088
-7548, -2256, 2604
-7076, -1944, 2386
-7070, -1872, 2770
-7904, -2072, 3198
-7048, -2570, 3018
-7086, -1930, 2842
-7010, -2076, 2610
-7144, -2056, 2972
-7002, -2108, 2900
-7088, -2076, 2820
-7070, -2056, 2664
-7062, -1966, 2710
-7024, -2072, 2386
-7384, -1924, 2656
-7164, -1948, 2400
-7182, -1938, 2148
-7304, -1986, 2300
-7406, -1838, 2060
-7544, -1964, 1892
-7890, -2242, 584
-7996, -2298, -232
-7860, -2402, 24
-7872, -2100, 882
-7686, -2082, 1086
-7346, -2064, 592
-7736, -2162, 1086
-7598, -2206, 1060
-7358, -2242, 750
-7766, -2204, 1362
-7308, -2072, 1164
-6962, -2126, 1604
-7680, -1982, 2264
-7184, -1954, 1006
-6950, -2050, -80
-7924, -1796, 1030
-8342, -1936, 378
-8012, -1934, 744
-8018, -1900, 434
-7678, -1884, 664
-7930, -2050, 364
-7944, -2056, 388
-7590, -2104, 414
-7064, -2360, 58
-7718, -2170, -672
-8254, -2120, -224
-7728, -2420, -566
-7346, -2102, -240
-7888, -2088, 130
-7500, -2328, -58
-7512, -2196, -214
-7764, -2222, -18
-7800, -2360, 218
-7456, -2298, 28
-7668, -2320, 240
-7764, -2242, -2
-7620, -2376, -124
-7760, -2318, 40
-7568, -2276, 110
-7716, -2328, 322
-7572, -2336, 148
-7788, -2312, 152
-7808, -2370, 32
-7800, -2326, 120
-7806, -2284, 250
-7638, -2338, 172
-7676, -2350, 146
-7684, -2344, 146
-7726, -2260, 154
-7582, -2208, -42
-7580, -2398, 30
-7770, -2188, 622
-7572, -2090, 736
-7760, -2174, 844
-8476, -2614, 1320
-7484, -1684, 546
-7302, -2416, 540
-7184, -2254, -92
-8964, -3278, 898
-8852, -3836, 952
-5208, -3026, 482
-6176, -1626, 4540
-3954, -358, 5492
-5474, -688, 7310
-4082, -1918, 4920
-5048, -2004, 4744
-4968, -2438, 5520
-7028, -2552, 5852
-6532, -2664, 4676
-6416, -3452, 3956
-5886, -2684, 3888
-6496, -2484, 4992
-5848, -2570, 5228
-5140, -2500, 5232
-5080, -2482, 5476
-5194, -2572, 5496
-3700, -2252, 5782
-4086, -1988, 6700
-3592, -2444, 6220
-3738, -2256, 6520
-3600, -2408, 5722
-4130, -2300, 5184
-5040, -2590, 3060
-8768, -2958, 4318
-9468, -2278, 4014
-6984, -2450, 672
-7400, -2644, 2390
-6338, -2838, 2180
-6692, -2852, 2402
-7910, -3090, 2904
-7158, -2156, 3434
-7470, -1444, 3872
-8318, -1278, 5350
-6196, -1602, 3714
-6982, -1724, 4274
-5182, -1718, 1648
-5362, -1376, 3332
-6370, -1072, 5170
-4798, -486, 6358
-3726, -156, 6246
-4138, 840, 8012
-2890, 1864, 6468
-2762, 1912, 6696
-2956, 1708, 6688
-5150, 1128, 9860
-2428, 460, 7386
-3762, 304, 7576
352, 270, 7376
-1482, 918, 8982
-1342, 2486, 8516
-2098, 2912, 8014
-2054, 1612, 7782
-1672, -1052, 7132
-1542, -1338, 6868
*NOTE-2017.03.24@13:41:38 - 1
-264, -3568, 5914
26, -3700, 6174
-346, -3564, 5728
-3132, -3144, 8518
-3252, -2608, 8970
-1264, -998, 6012
-3056, -1782, 7730
-1898, -2322, 6660
-2720, -2170, 7714
-2428, -972, 7822
-4598, -476, 8606
-10084, 2170, 8204
-4726, -1340, 4586
-3068, -2122, 5128
-382, -3206, 4806
704, -2688, 7852
-2468, -1278, 8598
-4690, -1130, 8532
-1424, -2218, 7610
560, -1704, 6110
4778, -2668, 6520
-1930, -2336, 9876
102, 44, 8584
1826, -978, 6552
2208, 792, 7394
1218, -180, 8064
2286, -240, 6544
-358, -262, 8638
1930, -16, 7330
-42, -510, 7916
2014, -172, 6590
1030, -446, 7404
1276, -78, 6788
-3018, -1464, 10828
-1564, -324, 7416
2804, -1442, 7008
964, -2646, 6528
1054, -3292, 8194
410, -3398, 6908
1842, -3552, 7482
240, -4094, 7710
1612, -3992, 6710
532, -3984, 7706
386, -3674, 8268
118, -2530, 9082
-448, -1848, 7830
-6066, 3088, 9540
-8442, 4102, 7824
-104, 5520, 7856
3200, 5672, 3842
2790, 7760, 1446
-6044, 8938, 5098
-6822, 7196, 3860
-5692, 6410, 3678
-4742, 5602, 1944
-4998, 5250, 3626
-3932, 4968, 3740
-2536, 5812, 2842
-1866, 6926, 3004
-1198, 7058, 3052
-234, 6962, 2602
-416, 7346, 3374
-62, 6874, 2300
-1212, 6828, 3328
-938, 7130, 2332
-1368, 7188, 1148
-554, 8396, 338
296, 7578, -756
-1276, 8414, 250
-1454, 10052, 918
-38, 8640, -278
-720, 8652, 858
-82, 8266, 910
100, 8134, 608
-778, 8836, 754
-1646, 9270, 1454
-564, 6792, 1602
190, 7994, 1506
-442, 8672, 2184
74, 7476, 1954
558, 7794, 1544
*NOTE-2017.03.24@13:41:42 - 1
316, 8010, 1812
440, 7974, 1168
814, 7728, 1330
656, 7972, 1032
462, 7698, 1262
412, 7550, 2320
-524, 7192, 4296
-732, 8560, 5166
404, 9464, 5948
386, 9422, 6966
-672, 9960, 7484
-336, 10520, 6504
-1406, 10294, 6948
-238, 9466, 6042
-988, 8418, 7094
-594, 7128, 6836
-516, 6192, 7210
-776, 4276, 7442
-728, 3298, 6866
-2416, 506, 8638
1170, 2498, 4626
264, -826, 4690
106, -3130, 4092
-220, -2784, 6656
262, -3292, 4404
756, -5540, 5098
442, -5314, 3992
818, -4928, 4294
2168, -5248, 136
1042, -5720, 342
396, -6236, -1282
994, -6666, -2534
900, -6782, -4386
864, -7558, -6562
974, -7692, -7900
142, -7436, -7510
362, -7084, -5924
252, -6706, -3996
870, -6648, -3104
456, -6662, -1692
1408, -5716, -1514
1122, -4986, -24
342, -3754, 1414
1094, -3300, 1718
560, -2746, 4296
1080, -1430, 4464
812, -232, 4284
628, 1404, 4902
-200, 2476, 9240
-1314, 3356, 10618
1296, 5646, 5556
-1600, 6166, 10186
1248, 8574, 5000
-494, 9304, 7992
-1750, 9854, 4650
-6400, 9940, 8750
-2112, 10294, 4974
-4548, 9442, 5034
-2918, 9298, 4350
-4502, 8806, 4928
-4116, 8340, 4886
894, 7434, -4
-158, 8216, 2158
*NOTE-2017.03.24@13:41:45 - 1
-1764, 7944, 4204
-1508, 8618, 4316
84, 8348, 3792
-1148, 8652, 5008
-888, 9228, 5058
-548, 10500, 5582
-586, 10662, 6532
456, 11442, 6164
318, 11298, 6514
-522, 10696, 7316
-156, 9498, 6212
76, 8172, 6290
94, 6936, 6282
-436, 5038, 6076
252, 3162, 6450
2256, 2330, 4672
3678, 380, 2850
1816, -286, 6228
652, -2424, 4950
446, -3126, 4748
1192, -3890, 3776
758, -4184, 3808
770, -5176, 2318
324, -5602, 2892
-234, -6458, 3072
-66, -6578, 2000
-484, -6938, 712
68, -7188, -728
-48, -7158, -1044
458, -7198, -2646
428, -7716, -3752
482, -7884, -4266
352, -7172, -4720
276, -7500, -4634
228, -7530, -3622
384, -7216, -3446
320, -6992, -2184
-490, -6714, -988
1532, -6552, -3694
394, -6006, -842
-872, -4874, 1934
-328, -3870, 1812
1336, -3446, 1214
1066, -1828, 4410
538, -496, 5022
622, 802, 5402
558, 1962, 8244
652, 3208, 7670
316, 4616, 7008
-1488, 6038, 10514
572, 6896, 6354
-2762, 7768, 9686
-2406, 8936, 6712
-2122, 8296, 5702
-3440, 9068, 5910
-2752, 9616, 4672
-3694, 9726, 5418
-4266, 8792, 6098
-3730, 8412, 6414
-1454, 8354, 4716
826, 8284, 2632
*NOTE-2017.03.24@13:41:48 - 1
196, 8056, 2882
-1048, 8078, 3298
-1486, 8016, 3664
-870, 8198, 3042
-1740, 8328, 3628
-1418, 8962, 4510
-896, 9446, 4898
-972, 9080, 4886
-726, 9312, 5538
-268, 9500, 6016
-618, 9110, 6508
-772, 8482, 6946
-674, 7776, 6480
-1068, 6558, 7130
-828, 5816, 7222
-482, 4696, 7458
-568, 3624, 6610
-768, 2388, 7586
-232, 1370, 6742
-806, 130, 7716
-390, -772, 6650
-92, -1894, 5770
-1086, -2950, 6318
402, -3480, 4324
682, -3896, 4274
1624, -4794, 2454
776, -5608, 1980
-1064, -5942, 3490
96, -5766, 838
126, -6536, -378
84, -6896, -1636
-312, -7032, -2046
624, -7116, -4632
-414, -7694, -4528
-48, -7458, -5778
72, -7470, -5704
-194, -7750, -5446
182, -7524, -4898
-154, -7078, -3668
68, -7648, -2982
710, -7072, -2064
-322, -6938, -88
808, -6198, -2124
1194, -5948, -1308
-400, -5434, 1246
-572, -4554, 3574
544, -3318, 2668
456, -2172, 3876
-538, -1844, 7102
1150, -576, 3578
-996, 634, 8216
-32, 1526, 7646
-388, 2760, 5860
-1228, 4066, 8528
-440, 5426, 6718
-1246, 6776, 7618
-2264, 7282, 6982
-2438, 8776, 7124
-2396, 9634, 7224
-1920, 10046, 5196
-2474, 9910, 5352
-3194, 9718, 5816
-3052, 9256, 6224
-2002, 8596, 5434
-572, 8144, 4170
-468, 7822, 3422
*NOTE-2017.03.24@13:41:51 - 1
-782, 7872, 2894
-846, 7934, 2804
-420, 7942, 3804
-182, 8750, 3254
-1296, 8694, 3836
-782, 8884, 3948
160, 9776, 3328
-898, 9652, 4562
66, 9324, 5364
40, 9024, 5064
-672, 8822, 5950
-864, 8280, 6504
-552, 7886, 6760
428, 6706, 8228
430, 6120, 6314
-220, 4656, 7912
-260, 3544, 7452
-110, 2790, 7146
550, 1584, 7158
-22, 340, 7476
-110, -424, 7674
662, -1322, 6740
668, -2282, 6880
762, -2710, 6180
816, -3360, 4552
1026, -4204, 4058
1482, -4992, 3000
844, -5300, 1850
448, -5972, 708
-450, -6400, 660
1036, -6942, -2236
212, -6874, -1874
-66, -7046, -3396
-590, -7536, -4222
-230, -7560, -5250
74, -7448, -6252
264, -7670, -6132
652, -7252, -5576
496, -7116, -4942
556, -6992, -4326
246, -6942, -2808
-2, -7184, -2028
618, -6698, -1970
336, -5694, 120
28, -6024, 3446
2198, -5866, 1084
-264, -5206, 3600
-162, -4424, 3316
-334, -3828, 4852
266, -2788, 5776
1310, -2660, 4060
-1006, -1024, 6006
-1060, -256, 5724
-2384, 1056, 7858
-2970, 2472, 7486
-2994, 4298, 6810
-3670, 4508, 7608
-3888, 7088, 7628
-4306, 7678, 7702
-3458, 7932, 6890
-3152, 9160, 5702
-2992, 9554, 5066
-3542, 9704, 5536
-3468, 9268, 6072
-3076, 8876, 6828
-1310, 8854, 5238
106, 8198, 3890
-366, 7730, 3070
-1424, 7854, 3942
-974, 7922, 3356
*NOTE-2017.03.24@13:41:55 - 1
-706, 8122, 3750
-880, 8572, 3736
-1830, 8592, 4722
-520, 9248, 3168
-1212, 9352, 4466
-1028, 9424, 4688
-768, 9388, 4804
-824, 9148, 5310
-652, 8602, 5766
764, 8488, 6240
-230, 6580, 6858
-2184, 6508, 8390
-142, 5446, 7164
-362, 4742, 8356
116, 3982, 7420
376, 2500, 7026
274, 1414, 7056
548, 118, 5736
446, -1044, 6934
926, -1866, 5726
370, -2982, 6114
320, -3848, 5098
562, -3780, 4048
1406, -4572, 2366
590, -5582, 2792
414, -6474, 1812
444, -6506, 1244
144, -6772, 262
-516, -7098, 708
430, -6992, -1174
1098, -7372, -2802
-356, -7372, -2164
678, -7382, -4004
256, -7426, -4932
294, -7110, -7110
1028, -7628, -6226
916, -6948, -5534
888, -7368, -4478
-48, -7062, -3022
-638, -7036, -2422
-624, -6828, -1964
-216, -5962, -674
-38, -5812, 1194
1498, -4576, 238
148, -4050, 3194
-230, -3358, 4330
322, -2436, 3310
-330, -1504, 5762
-648, -436, 6228
-890, 312, 7398
-502, 2338, 7726
-564, 3594, 7354
-1588, 4224, 8856
-2290, 6308, 9128
-2544, 7290, 7464
-3920, 8004, 8798
-2316, 8036, 6284
-2566, 9762, 6528
-2592, 8986, 5222
-2938, 9178, 5314
-2796, 10174, 5546
-2472, 9288, 5234
-2376, 8706, 4730
-2010, 8326, 4178
-1390, 7798, 3610
*NOTE-2017.03.24@13:41:58 - 1
-1406, 7712, 3300
-1156, 8084, 3120
-794, 8190, 3040
-582, 8458, 3730
-780, 8444, 3714
-1758, 9166, 5194
-846, 9890, 4346
-510, 10808, 4646
-642, 10220, 5292
-390, 9778, 5000
-712, 9190, 6288
-424, 8450, 6194
-344, 7604, 6422
-786, 6732, 6758
-524, 5568, 7152
-254, 4276, 6772
-982, 3156, 7506
-204, 2048, 6202
-544, 760, 6522
-416, -230, 6554
-222, -1100, 6860
60, -2510, 6612
112, -2928, 6160
562, -3536, 5440
532, -4402, 4760
532, -4774, 3394
26, -5590, 2974
-226, -6050, 1810
-652, -6406, 1760
108, -6724, 684
-376, -6968, 530
452, -7060, -1520
372, -7332, -2146
-180, -7176, -2618
-238, -7466, -3920
-76, -7940, -4932
-342, -7530, -5560
-116, -7316, -5272
-30, -7558, -5056
78, -7436, -4026
448, -7492, -4046
-920, -7328, -1912
-730, -7996, -2946
-62, -6612, -1672
1154, -6936, -1994
1006, -5818, -80
428, -5808, 2638
1296, -5512, 2228
1652, -4222, 2784
1290, -3948, 4392
1302, -3486, 6190
1290, -2926, 4824
750, -1408, 5716
-826, -1666, 9978
1562, -52, 4770
942, 1326, 7280
780, 2582, 6958
-352, 3676, 7660
-776, 5544, 6184
-2100, 6168, 8076
-1594, 7808, 7872
-1430, 8834, 6058
-2972, 8530, 7268
-1942, 9474, 5580
-1796, 10476, 5208
-3126, 10072, 6470
-3060, 9330, 6674
-1646, 8140, 5504
-306, 8292, 3722
-216, 7986, 3134
*NOTE-2017.03.24@13:42:01 - 1
-768, 8176, 3236
-306, 8236, 2776
12, 8466, 2648
-396, 7800, 3722
-168, 9026, 3018
-1650, 8870, 4350
-548, 8706, 3454
-634, 9284, 4276
-184, 9854, 4346
-802, 9000, 4258
-1234, 8822, 5190
-1968, 8290, 6736
-1182, 8082, 6490
-390, 7464, 6624
-486, 6290, 7912
-240, 5040, 7186
-1404, 4222, 8262
-822, 3502, 7014
-774, 2356, 6890
-356, 1382, 7296
-314, 0, 7456
-204, -730, 7138
492, -1268, 6414
198, -2372, 6976
628, -2968, 5572
900, -3756, 3870
230, -4712, 3394
266, -5138, 2544
-180, -5626, 1574
-542, -6294, 1342
-386, -6726, 380
-252, -6994, -354
224, -6934, -1230
1638, -7304, -3104
640, -7266, -2012
490, -7384, -3018
1272, -7640, -4938
762, -7488, -4648
654, -7598, -5424
1032, -6894, -6262
1538, -7278, -5554
1790, -6920, -5756
1246, -7148, -4522
860, -7236, -3720
350, -6922, -2744
862, -7014, -2812
-214, -6300, -804
302, -6460, -1198
-46, -5654, 402
444, -5032, 460
-686, -4128, 2620
-356, -3784, 3396
-1092, -3106, 4740
-1046, -1578, 4478
-2480, -1504, 6732
-2536, -832, 7822
-2018, 1738, 5042
-2828, 2404, 8090
-2852, 3592, 6598
-3478, 5072, 6818
-3824, 6070, 5998
-4822, 7120, 7072
-5126, 8872, 7170
-4606, 9412, 5552
-4404, 9664, 5470
-4000, 10366, 5226
-4210, 9712, 5888
-3942, 9422, 6392
-2346, 8326, 5258
-262, 8092, 3288
-368, 8268, 3186
-1108, 8070, 3142
*NOTE-2017.03.24@13:42:05 - 1
-1060, 8050, 2776
-946, 8124, 3168
-1188, 8442, 3184
-1904, 7852, 4018
-1116, 9474, 3384
-1932, 9178, 5048
-972, 9122, 4024
-906, 9112, 4964
-1876, 8990, 6386
-1498, 8648, 5900
-1376, 8496, 6134
-1740, 7576, 6400
-2048, 6290, 6938
-1340, 6360, 6908
-1188, 4620, 7452
-1034, 3446, 7558
-620, 2748, 7152
-266, 1532, 7600
160, 386, 6644
-740, -292, 7186
-454, -1562, 6808
-378, -2506, 6590
-406, -2956, 6866
-154, -3464, 5812
260, -4154, 4680
-76, -4648, 4466
764, -5414, 3188
604, -5280, 2080
692, -5976, 764
618, -6322, -444
682, -6252, -1864
-328, -7814, -2556
-540, -7602, -1562
612, -7310, -3004
-178, -7568, -4434
-376, -7440, -5156
-116, -7468, -6192
-176, -7620, -6002
238, -7446, -5190
118, -7314, -3970
306, -7170, -3502
-374, -6778, -1296
-568, -6880, -908
-160, -6496, -828
540, -5778, 188
682, -4930, 2368
1888, -3924, 824
1166, -3376, 3902
1920, -3118, 5124
1432, -2064, 5842
1878, -746, 7178
3446, 758, 7704
3970, 1276, 5808
3582, 3136, 6682
2508, 3426, 7600
1570, 4606, 7504
578, 6530, 6672
-1438, 7332, 7664
-2590, 8358, 7886
-2324, 8164, 7124
-3274, 8604, 3984
-4274, 9066, 4880
-4636, 9276, 5472
-4294, 8942, 5786
-4026, 8774, 6080
-1792, 9028, 4572
-684, 8642, 2930
-974, 7766, 3226
-1624, 7658, 3366
-1772, 7664, 3528
*NOTE-2017.03.24@13:42:09 - 1
-1580, 7778, 2964
-2168, 7806, 3060
-2504, 7998, 3922
-2224, 8528, 3850
-1584, 10138, 4012
-532, 8950, 4196
-1558, 8970, 5586
-2894, 9028, 6376
-3068, 9064, 6402
-3126, 8756, 7282
-2674, 8022, 7108
-1674, 6958, 7082
-1044, 5884, 6470
-1866, 4472, 7796
-1128, 3290, 7174
-50, 1910, 7032
-1154, 872, 7518
-1062, -536, 6430
-1002, -1614, 6382
-948, -2152, 6336
-374, -3010, 4926
230, -3530, 4206
360, -4350, 3398
-172, -4796, 3562
970, -5460, 752
-90, -6010, 1524
598, -6234, -1070
574, -6674, -688
1630, -7246, -1612
1198, -7024, -1922
2058, -7018, -3988
2178, -6934, -5144
2946, -6926, -6074
2924, -7140, -5978
3240, -7070, -6248
1762, -6910, -4406
1636, -7334, -4432
754, -7046, -2740
372, -6730, -790
1222, -6404, -2794
374, -5754, 244
1336, -5416, -664
-1110, -4230, 2158
-376, -3860, 1772
-1960, -2684, 3686
-1966, -1650, 4812
-520, 234, 1388
-3448, 720, 5356
-5090, 1254, 6198
-6370, 3420, 6088
-7234, 4748, 6890
-6254, 5698, 6346
-6678, 8174, 8110
-7088, 8222, 7410
-5262, 9274, 6828
-5216, 8974, 4958
-3830, 9426, 4416
-3982, 9294, 4492
-3066, 9362, 4228
-1904, 9090, 3392
-1240, 8746, 2760
-852, 8332, 2016
-784, 8464, 2278
-1354, 8322, 2738
-2294, 7610, 3680
*NOTE-2017.03.24@13:42:12 - 1
-1780, 7642, 3538
-1478, 8256, 3228
-1926, 8168, 3134
-3050, 8488, 3726
-2978, 9370, 3936
-1732, 10070, 3254
-1866, 9840, 4410
-2962, 9744, 5134
-3472, 9708, 6138
-3000, 9400, 5856
-2834, 8904, 6142
-3330, 7178, 7096
-2514, 6950, 6236
-1760, 5310, 6750
-1306, 4302, 6440
-1864, 3296, 7206
-1236, 1770, 7394
-848, 1002, 7382
-646, -314, 6396
-688, -1230, 6230
-260, -2222, 5628
-116, -3110, 5718
846, -3192, 3364
0, -4570, 3620
-54, -5316, 2502
184, -5548, 1654
330, -6382, 620
216, -6560, -46
868, -6690, -1102
-324, -6796, -1366
-404, -7466, -2592
760, -7692, -4684
130, -7482, -3732
108, -7548, -4692
-50, -7146, -5200
662, -7214, -5992
650, -7322, -4634
694, -7242, -4546
-24, -7394, -3302
-276, -6790, -2540
166, -6864, -2120
342, -6110, -1260
316, -5758, -892
-164, -5012, 50
-1034, -4226, 1684
-1684, -3802, 4100
-1374, -2174, 2772
-2810, -2182, 5794
-2824, -2348, 7034
-1402, 756, 5882
-2808, 2066, 4230
-5094, 2142, 6670
-6098, 3142, 7668
-5146, 5008, 5168
-6354, 6894, 6286
-7312, 7056, 6016
-6696, 7362, 6454
-4946, 8810, 3808
-4448, 9706, 3778
-5316, 10138, 4794
-4362, 9730, 4168
-3790, 9410, 4088
-2148, 9392, 3006
-990, 8834, 3032
-942, 8266, 3310
-488, 8190, 2826
-1056, 8356, 3408
-1030, 8296, 3130
*NOTE-2017.03.24@13:42:15 - 1
-1820, 8036, 3608
-1618, 8052, 4256
-1510, 9616, 3320
-1634, 9994, 3064
-1158, 9670, 2918
-2010, 9172, 4498
-1432, 9564, 3880
-1828, 8854, 5220
-1848, 9336, 6280
-1854, 9176, 6598
-1966, 8228, 7306
-1756, 8230, 7858
-56, 6236, 6436
-962, 5362, 8300
-868, 3970, 8228
-486, 2550, 6104
-838, 1502, 6926
-128, -96, 6308
140, -1140, 5418
-292, -2146, 5512
688, -3066, 4898
886, -4018, 4358
1008, -4318, 3428
960, -5072, 2306
362, -5556, 1474
104, -6256, 276
-636, -6586, 422
-50, -6810, -1226
64, -6918, -1998
1014, -7046, -3152
770, -7312, -3774
800, -7140, -4994
1234, -7000, -6226
1224, -7026, -6438
1252, -6828, -6174
1340, -7154, -6580
600, -6952, -5000
148, -7300, -3908
194, -7144, -4046
-270, -7100, -2192
-538, -6946, -742
-232, -6450, -794
-226, -5718, 98
122, -4878, 1580
246, -4260, 2628
720, -4230, 2630
794, -2850, 3202
-340, -2058, 5340
-584, -730, 5420
-1084, 844, 5578
-2222, 1350, 6792
-2572, 2490, 6760
-4006, 3010, 8952
-3216, 5020, 6796
-4146, 6272, 8020
-3412, 7340, 6930
-3898, 8086, 7282
-2876, 9398, 5522
-2694, 10366, 5820
-1756, 10800, 4042
-1886, 11066, 4380
-3318, 10894, 6564
-2024, 9872, 5656
1900, 8742, 3228
1952, 8440, 4216
146, 8092, 5128
*NOTE-2017.03.24@13:42:19 - 1
284, 8266, 4292
-728, 7924, 3880
-1834, 8682, 4416
-1686, 9560, 4392
-1420, 10296, 4930
-976, 10414, 5232
-1258, 10102, 5784
-316, 10386, 5738
-306, 9260, 6036
-1266, 7986, 6810
-490, 7542, 6316
-1012, 6092, 7554
-768, 4674, 6990
-1472, 3870, 7582
-1284, 2240, 9294
780, 2116, 6456
112, 406, 7084
-214, -742, 5980
-714, -2624, 6360
1150, -2326, 3440
1182, -3650, 2966
1268, -4640, 1522
842, -5438, 942
196, -6226, 886
752, -6604, -164
-246, -6392, -512
-1312, -7126, -1360
-1590, -7556, -1966
-910, -7300, -2990
-40, -7380, -4114
480, -7250, -5032
588, -7428, -5658
206, -6978, -5152
606, -7154, -4654
1232, -7248, -4418
368, -7468, -3182
234, -7550, -3166
-1366, -7096, -986
414, -6744, -2720
-296, -6096, -602
1036, -5388, -132
1944, -4778, -626
-594, -4042, 2968
-718, -3408, 3240
-716, -2772, 5096
-1184, -1486, 5520
-1690, 648, 4298
-4714, -324, 7966
-3768, 1346, 6162
-4720, 2678, 7332
-4910, 3610, 8070
-3964, 5164, 7116
-5016, 6014, 8020
-4828, 6546, 7458
-5618, 7364, 8542
-3260, 8124, 5636
-1788, 9308, 4412
-2264, 9758, 4996
-2574, 9024, 4868
-1506, 9562, 4474
-1812, 9014, 4718
*NOTE-2017.03.24@13:42:22 - 1
-734, 8360, 3532
504, 7858, 2220
-318, 8208, 3008
-354, 8122, 3092
-184, 8150, 3642
-94, 8412, 4028
-754, 8554, 3982
-638, 8530, 3382
-1016, 8824, 3972
-402, 9420, 3652
-480, 9784, 5032
-874, 10122, 6406
-1060, 10136, 6734
-884, 9964, 7456
-1380, 9148, 7820
-1484, 8540, 8394
-1558, 6826, 7664
-702, 6190, 7218
-1544, 4648, 7596
-1812, 3168, 6796
-1144, 1592, 5618
-1176, -96, 5834
-1210, -1496, 5700
-1144, -2464, 4988
-1404, -3394, 4444
-1070, -4192, 3608
-524, -4620, 2630
-446, -5256, 2534
-432, -5704, 2010
-416, -6150, 1242
-592, -6770, 738
-634, -6814, 252
-280, -6670, -238
224, -6662, -2030
502, -7200, -3376
1252, -7358, -4204
1436, -7828, -5470
1208, -7326, -5470
2138, -7166, -6314
1886, -7490, -4266
1832, -7138, -4896
1446, -7394, -4138
640, -7168, -3230
178, -7192, -2472
730, -5996, -2758
572, -5666, -2236
-1058, -4514, 1164
-1178, -4266, 760
-1712, -3848, 2496
-1698, -2842, 3424
-3332, -2280, 5464
-2870, -1462, 5242
-3368, -374, 6196
-3410, 1062, 7166
-3038, 1656, 6256
-3428, 3148, 7578
-3706, 5004, 7334
-4906, 5476, 8416
-4708, 6946, 7400
-4178, 8102, 4776
-5452, 8648, 6054
-3558, 8820, 3968
-2148, 9866, 2780
-3264, 11522, 3716
-5060, 11948, 6422
-3336, 9632, 5042
-244, 8888, 4748
914, 8732, 4136
*NOTE-2017.03.24@13:42:25 - 1
-488, 8268, 5158
-74, 8198, 4636
166, 8764, 3900
-1296, 8762, 4424
-1672, 9476, 4682
-1034, 10752, 4672
-1008, 10976, 5094
-806, 10220, 5070
-1180, 9814, 5966
-1462, 9548, 6524
-1606, 8326, 6268
-2126, 6864, 7484
-1980, 5704, 8318
-1972, 4936, 8556
-1354, 3686, 7004
-1360, 1866, 7332
-244, 926, 5864
-196, -390, 6482
-352, -1584, 5472
170, -2948, 4150
694, -3428, 2828
-668, -4130, 3658
230, -5302, 1308
-484, -5614, 1496
-1664, -6666, 1788
-572, -7030, -886
-462, -6828, -712
176, -7028, 1058
820, -7624, 262
912, -7350, -814
262, -7804, -1406
376, -7242, -3470
894, -8096, -4190
1346, -7470, -3754
1416, -7896, -4956
1268, -7732, -3900
1250, -7502, -4010
1180, -7462, -3966
690, -7094, -3536
716, -6882, -2818
442, -6182, -2162
-390, -5000, -444
-1720, -4964, 926
-966, -4208, 1222
66, -3100, 2886
-218, -1760, 3430
-754, -778, 5466
-1506, -616, 6720
-1094, 916, 6218
-2452, 2844, 7346
-2964, 3844, 8660
-1094, 5966, 6144
-4440, 6870, 9284
-2830, 7642, 7164
-2794, 9804, 6034
-3564, 9790, 6602
-1758, 10670, 4218
-1570, 11030, 3398
-2842, 11650, 3844
-4562, 10724, 5450
-2986, 9092, 4778
-120, 9450, 2754
1572, 8790, 2514
-376, 7670, 3240
-2844, 7912, 4342
*NOTE-2017.03.24@13:42:28 - 1
-2444, 8246, 3668
-1270, 8148, 2960
-1494, 7812, 3196
-3046, 9068, 3788
-2754, 9488, 4422
-1840, 10290, 3480
-928, 11124, 3820
-1370, 10398, 4854
-1688, 9942, 5900
-2698, 9882, 6678
-2290, 8512, 6404
-3766, 8244, 7168
-2774, 6296, 6534
-2498, 5336, 6316
-2928, 3008, 6990
-1956, 2576, 6370
-1194, 1056, 5388
-1408, -284, 6256
-730, -1134, 4712
-798, -2494, 5174
-328, -3378, 4950
92, -4054, 3516
-308, -4788, 3612
6, -5528, 2792
-236, -5654, 2490
-572, -5796, 2366
-42, -6438, -150
-598, -6716, -162
-218, -6848, -1598
334, -6510, -2488
502, -7004, -4290
2154, -6970, -6830
2228, -6722, -7150
2476, -6776, -7736
2060, -6628, -6696
1568, -6894, -4930
774, -6872, -3716
-52, -6886, -1906
-896, -6466, -828
668, -6788, -2244
-314, -6002, -1160
-1158, -4882, -104
-1088, -4690, 586
-398, -3270, 2186
-384, -2536, 3638
-360, -1388, 4818
-1634, -598, 6254
-1218, 886, 5172
-2042, 1418, 7374
-2550, 3538, 7430
-3750, 4844, 7920
-3874, 6004, 7356
-4076, 8336, 6482
-4526, 9624, 7198
-3614, 10728, 4030
-4234, 11552, 4226
-5638, 12270, 7746
-5622, 10748, 8552
-2336, 10180, 6122
-518, 8712, 5190
-1988, 8250, 5498
-1630, 7776, 3934
-1594, 7976, 3120
*NOTE-2017.03.24@13:42:31 - 1
-2166, 7788, 3564
-1896, 8416, 3522
-1608, 9088, 2340
-2050, 8278, 2148
-2836, 8678, 2202
-2682, 8010, 1824
-2286, 7636, 2286
-1596, 7378, 3174
-2380, 7032, 6594
2998, 3450, 396
1782, 3772, 3366
-3620, 3568, 5002
-1736, 2462, 1782
-2952, 4114, 6078
-6300, 2860, 3872
-3948, 5864, 6900
-6194, 5696, 7026
-2188, 6160, 7782
-2342, 5696, 9604
-1136, 3668, 6244
-4716, 3510, 8632
3134, 2276, 5576
-478, 1596, 8852
654, -208, 7094
-182, -244, 9450
994, -1198, 8194
1294, -1360, 8324
2254, -1794, 7502
1752, -1618, 7754
1974, -2302, 6840
1632, -2344, 7766
2600, -1962, 7076
2216, -1832, 7138
1970, -1728, 7726
2044, -1028, 7994
2020, -462, 6884
2098, -336, 6578
1524, -516, 8362
2518, -720, 7650
2038, -1028, 7956
1808, 80, 7318
1174, 182, 6572
1292, 1130, 7988
3840, 832, 7052
3104, 1146, 8234
1370, 478, 7674
2128, 2118, 8036
1078, 1130, 8440
974, 344, 9164
2714, 1012, 7386
786, 536, 8944
900, 204, 7556
1500, 282, 10022
930, 732, 8998
2638, -206, 7742
3710, 138, 6706
2244, -46, 6940
364, 10, 9706
3866, -592, 7328
2186, -670, 7282
-668, -314, 6634
-1400, -2624, 2808
-7978, -1534, 8518
-5534, -1118, 7198
-1190, -1090, 5554
-204, -1062, 4964
-3804, -464, 7348
-2736, 544, 7810
-990, -600, 6662
-1776, -1104, 6782
-1332, -880, 8586
-9854, -3094, 14698
1398, -2000, 4598
-2060, -1256, 8096
-1566, -1516, 7962
-1742, -2430, 6972
-1566, -1870, 6482
-2802, -2046, 7952
-2444, -1586, 6728
-1822, -1994, 2754
-1056, -1048, 6438
-1206, -968, 8080
-66, -406, 8792

-----------------------------------------------
Date: 24.03.2017 - 13:42:36
End log file
