Terminal log file
Date: 24.03.2017 - 13:51:37
-----------------------------------------------

%~>daq start

 DAQ started.
%~>quit
%~>-1416, 7794, 1622
-1650, 7686, 1876
-1462, 7546, 2112
-1888, 7516, 2228
-2518, 7582, 3156
-2892, 7906, 3224
-3854, 7498, 3280
-4576, 6636, 3222
-4630, 5844, 2794
-4386, 5572, 2224
-3986, 5486, 1680
-3432, 5826, 902
-4088, 6236, 1396
-4734, 6406, 1364
-4418, 6210, 1242
-4286, 6340, 1598
-3456, 6378, 1292
-4576, 6764, 2054
-4606, 6396, 2104
-4464, 6536, 2362
-4436, 6744, 2126
-4210, 6964, 2060
-4936, 6944, 2572
-5238, 6740, 3028
-4444, 6104, 2532
-4030, 6558, 3106
-2884, 6596, 2338
-2242, 7014, 2456
-3306, 6468, 3706
-2988, 6716, 4080
-2372, 7244, 3530
-2700, 7170, 2854
-3472, 7406, 2334
-2348, 6930, 914
-3686, 7146, 2866
*NOTE-2017.03.24@13:51:39 - 1
-2440, 6606, 1216
-3790, 6814, 3318
-2270, 6398, 2278
-2876, 7060, 2652
-3054, 9154, 3030
-1180, 9522, 2094
-306, 8614, 2060
-1746, 7936, 3588
-1878, 7778, 3560
314, 6872, 848
-712, 5982, -230
-3052, 6538, 824
-5040, 7276, 3836
-4532, 7202, 1980
-4308, 6736, 690
-1428, 6996, -1852
-3116, 7488, -850
-2550, 7346, -1172
-3290, 7012, -1626
-1344, 7268, -1910
-4294, 7482, -364
-6680, 7570, -2582
-6420, 7534, -2888
-4106, 7820, -5200
-4732, 6072, -3570
-5916, 5438, -3112
-4816, 5910, -3916
-4560, 7152, -298
-422, 5046, -2222
1282, 8060, -2724
-4112, 9192, 1490
-4638, 8488, -998
-5682, 8706, 946
-3400, 8776, 2060
-290, 7258, 1832
122, 8300, 4136
1050, 8452, 1702
-2452, 7938, 3458
*NOTE-2017.03.24@13:51:41 - 1
-1114, 7556, 796
-968, 7336, 798
-556, 7038, 500
910, 7352, -2
222, 7808, 1234
124, 7466, 1502
36, 7656, 1884
-622, 8126, 3222
-558, 8146, 3248
-1042, 8238, 4424
-444, 8772, 5274
292, 9374, 5112
-900, 9494, 6490
-862, 10570, 6854
-1268, 10782, 7456
-1496, 10462, 7196
-1618, 9838, 7656
-1646, 8358, 7032
-1350, 7032, 6904
-1308, 5452, 6302
-1678, 4512, 5752
-1784, 2744, 6508
-1546, 1192, 5958
-1198, -44, 6296
-402, -1066, 5430
-518, -2600, 4848
340, -3254, 3316
112, -4262, 3460
-574, -4876, 3124
818, -5346, 1494
984, -6016, -30
622, -6796, -260
550, -7002, -1278
-492, -7028, -786
-6, -7586, -1974
52, -7700, -3630
274, -7666, -3892
566, -7692, -4976
946, -7434, -4712
772, -7528, -3980
768, -7168, -3128
576, -6668, -2014
150, -6442, -694
578, -5996, 26
-98, -5388, 1532
422, -4712, 1526
-670, -3556, 3602
-492, -3314, 4536
-290, -2154, 4308
-1016, -476, 5864
-582, 568, 5918
-1724, 1210, 7786
-1468, 3126, 6106
-2722, 3720, 7726
-3348, 5522, 8516
-2904, 6766, 6618
-4920, 7562, 7858
-4432, 9628, 7196
-1850, 9598, 4700
-1870, 10454, 4718
-2904, 10452, 5174
-3342, 10670, 7750
-2696, 9490, 8352
-134, 8516, 6604
-478, 7994, 5798
-1264, 7708, 5134
-2078, 8222, 4186
*NOTE-2017.03.24@13:51:44 - 1
-2314, 8504, 4146
-2170, 8780, 4196
-1790, 9036, 4372
-1532, 9298, 6082
-1664, 9532, 6648
-1476, 9544, 6864
-1730, 9044, 7292
-1744, 8208, 7236
-1348, 6966, 7270
-1686, 5666, 8166
-1180, 4720, 7098
-564, 3756, 5922
-238, 2218, 6716
-262, 1040, 6654
-416, -470, 6672
94, -1640, 5360
602, -2454, 4398
308, -3234, 4412
250, -4330, 4236
762, -5170, 2132
-224, -5774, 2852
442, -6158, 1084
250, -6380, -158
850, -6666, -1494
520, -6804, -1902
692, -7106, -2928
1146, -7294, -4608
1154, -7446, -5706
764, -7458, -4462
1092, -7214, -4688
1148, -7092, -3652
768, -6978, -2866
282, -6742, -1690
224, -6180, -1114
176, -5560, -490
-246, -5078, 1182
-774, -4532, 2450
-1018, -3580, 4658
-798, -3050, 4866
-594, -1962, 4726
-1828, -1258, 7056
-1768, -706, 6562
-2410, 962, 8298
-2388, 2120, 8182
-1096, 3046, 6676
-2842, 3958, 9118
-3158, 5064, 8320
-4190, 5476, 7870
-4208, 7198, 7086
-3058, 7044, 4874
-4368, 8308, 5966
-2846, 8960, 4528
-2676, 9264, 4420
-3630, 9700, 5850
-3820, 9296, 7164
-2366, 8498, 6302
-1052, 8020, 5078
-898, 7868, 4658
-1286, 7604, 4308
*NOTE-2017.03.24@13:51:47 - 1
-2086, 7852, 3926
-2234, 8122, 4020
-2250, 8744, 4334
-1550, 8870, 4262
-1826, 8952, 5932
-2114, 9288, 6972
-1628, 9400, 6816
-1898, 8890, 7756
-1386, 8414, 6650
-3028, 7516, 8006
-2610, 5662, 6700
-2074, 4502, 6756
-1250, 3450, 5914
-2074, 2368, 7568
-796, 422, 6138
-1812, -254, 7094
-736, -1150, 5158
-1248, -2278, 6196
-368, -3320, 4898
-312, -3924, 4466
352, -4550, 2990
316, -5348, 2476
118, -5848, 2154
530, -6118, 868
612, -6566, -628
1178, -6912, -2312
834, -7266, -2634
784, -7600, -3722
728, -7598, -4098
210, -7776, -3354
792, -7524, -3362
794, -7208, -2460
554, -6924, -1436
654, -6742, -1246
902, -6040, -230
-828, -5094, 2382
308, -4666, 1620
-676, -3830, 3500
578, -2858, 2826
-644, -1374, 4348
-1954, -1166, 6516
-1908, 46, 6360
-2666, 1126, 7080
-2944, 2576, 7802
-3542, 3890, 8416
-3826, 5164, 7618
-5128, 5568, 8976
-4832, 6202, 7230
-4898, 7298, 6538
-3624, 7784, 4456
-3470, 8810, 4334
-3588, 9248, 4626
-3648, 9946, 6458
-2544, 9514, 6094
-1970, 9014, 6206
-1710, 8088, 6378
-1082, 7798, 4984
-1294, 8006, 4406
-2186, 7848, 3976
*NOTE-2017.03.24@13:51:50 - 1
-2724, 8316, 4316
-2228, 9072, 4682
-2454, 9058, 5854
-3078, 9262, 7236
-1968, 10590, 6900
-1864, 9564, 5788
-4086, 8594, 7218
-4240, 7886, 6930
-4042, 6118, 7308
-2954, 4978, 6296
-2524, 3882, 5828
-2354, 2628, 6812
-1130, 886, 5612
-1914, -548, 7244
-898, -1556, 5864
0, -1976, 4662
58, -3350, 4248
-674, -4266, 4652
-122, -5168, 3384
-356, -5160, 2910
-112, -5454, 2142
450, -5924, 794
212, -6428, -120
742, -7100, -1534
1030, -7078, -2250
928, -7308, -2856
1454, -7530, -5206
570, -7752, -4600
1502, -7606, -5502
1744, -7764, -4938
1666, -7388, -4060
1528, -7686, -3792
894, -6952, -3168
1232, -6724, -3322
1176, -6252, -2212
976, -5054, -1146
304, -4628, -558
-1304, -3696, 2814
-1098, -3036, 3556
-1290, -2100, 3976
-2104, -1756, 4596
-3202, -404, 6440
-3776, -136, 7466
-3748, 1074, 8294
-614, 2700, 5374
-3172, 3830, 7872
-3982, 5204, 7960
-3608, 6192, 7262
-4004, 7870, 5814
-4448, 7314, 7056
-3334, 9706, 5060
-2962, 9356, 4220
-3694, 9234, 4984
-3934, 9752, 5734
-4154, 9916, 7642
-2574, 9092, 6660
174, 8424, 5000
-2134, 7996, 6614
-1654, 8070, 4808
*NOTE-2017.03.24@13:51:53 - 1
-2072, 8238, 3592
-2576, 8240, 4686
-2854, 9576, 4892
-2368, 9866, 4842
-3034, 9770, 6424
-2204, 10276, 6380
-1626, 9588, 6390
-1980, 8690, 6654
-1614, 7424, 6780
-1806, 6498, 6614
-1804, 4576, 6850
-1700, 3558, 6900
-1340, 2344, 7160
-964, 710, 6774
-874, -360, 6866
-306, -1250, 5834
44, -2254, 5436
-116, -2862, 4872
1126, -3684, 2866
346, -4612, 3764
608, -5200, 2342
728, -5836, 978
454, -6636, 130
124, -6792, -126
848, -6992, -1876
610, -7084, -2086
660, -7414, -3436
274, -7494, -4336
578, -7644, -5550
902, -7470, -5946
470, -7360, -4340
1102, -7098, -4804
782, -6922, -2782
682, -6822, -1174
700, -6696, -1162
-374, -5824, 958
670, -5554, -88
248, -4544, 1886
88, -3844, 2328
-1254, -3238, 4720
-324, -2230, 3562
-1218, -798, 5634
-870, -4, 5884
-2282, 1310, 7712
-1096, 2186, 6998
-1766, 3980, 7308
-3182, 5882, 9862
-3044, 6046, 8956
-3408, 7570, 7538
-3150, 8250, 7322
-2284, 9150, 4898
-2966, 9688, 4504
-2594, 9980, 4906
-1824, 10010, 4364
-3448, 9954, 6700
-1940, 9300, 5522
-1394, 8748, 5658
700, 8326, 3952
-310, 7786, 4444
*NOTE-2017.03.24@13:51:56 - 1
182, 7698, 4244
-404, 8464, 4072
-1556, 8668, 4208
-2040, 9220, 5124
-956, 10082, 4348
-610, 10320, 4816
-684, 10180, 5878
-280, 10438, 6256
-316, 10324, 7224
-252, 9714, 6972
-1016, 9116, 7818
-310, 6790, 5494
-796, 6274, 7034
-202, 4716, 5490
-860, 3138, 7044
-114, 1164, 5946
-482, -66, 6692
528, -848, 5360
642, -1870, 5058
1100, -2946, 4218
1164, -3684, 3798
656, -4792, 2808
246, -5436, 2438
456, -6078, 1330
770, -6542, 186
824, -6868, -994
36, -7256, -1260
202, -7486, -2902
596, -7624, -3912
496, -7716, -4900
926, -7874, -5304
808, -7372, -4252
1326, -7250, -4448
1422, -7150, -3434
122, -6562, -598
910, -6508, -1542
254, -5436, -426
-268, -5130, 1544
-888, -3954, 2732
-190, -3446, 2224
-1852, -2676, 4838
-820, -2256, 4190
-1258, -512, 5032
-2514, 370, 5558
-3740, 1054, 7966
-3056, 3118, 6848
-3020, 4218, 6792
-4254, 5608, 8648
-4142, 6932, 7674
-3684, 7662, 7064
-3504, 8924, 5962
-2800, 9388, 5482
-1244, 9642, 3510
-1962, 10626, 3898
-3250, 10956, 5204
-2750, 10238, 5124
-1884, 9254, 4818
-554, 8806, 3556
-120, 8070, 3256
*NOTE-2017.03.24@13:51:59 - 1
-488, 7706, 2832
-1440, 7728, 3802
-1526, 8156, 3610
-1304, 8484, 3654
-1774, 8508, 3954
-1758, 10074, 4884
-1094, 10602, 4916
-296, 11162, 4352
-604, 10986, 5216
-1280, 10548, 6088
-906, 9808, 6494
-1094, 9400, 6314
-1402, 7682, 6728
-2010, 5930, 7622
-458, 4970, 6252
-184, 3722, 5888
-724, 2652, 7070
514, 894, 6048
-360, -302, 6968
178, -1396, 5318
284, -2286, 5526
1040, -3380, 4678
1186, -3650, 3812
886, -4760, 3032
910, -5550, 1696
522, -5860, 1584
914, -6464, 336
204, -6956, -472
318, -7164, -720
724, -7366, -978
1372, -7422, -3116
18, -7606, -3690
326, -7842, -5218
464, -7900, -5496
742, -7588, -4278
448, -7234, -2158
1062, -7326, -2464
924, -7032, -930
-164, -6364, 180
1392, -5690, -830
-838, -5152, 2366
190, -4552, 1332
-1206, -3630, 3290
-888, -2688, 3758
-1798, -2714, 6528
206, -286, 4880
-708, 784, 6458
-422, 1490, 7250
-606, 2656, 7052
-1954, 4290, 8244
-2620, 5170, 8266
-2642, 6254, 7060
-3948, 7082, 8036
-3466, 7952, 6264
-2214, 8782, 4572
-2976, 9100, 6380
-448, 9904, 3148
-1728, 10552, 4144
-3410, 10198, 5302
-3434, 8992, 6004
-1082, 8882, 4318
580, 7970, 3358
-824, 7848, 4306
*NOTE-2017.03.24@13:52:02 - 1
-866, 7720, 4190
-1530, 8118, 4122
-1544, 8710, 3552
-1798, 8392, 3140
-2352, 8532, 4628
-1526, 9282, 4356
-1436, 9802, 5314
-1438, 9946, 5726
-950, 10158, 6332
-860, 9774, 6622
-1158, 9028, 6678
-1812, 7900, 7182
-2506, 6344, 7272
-1360, 5942, 7392
-1814, 4306, 7116
-1258, 2960, 6926
-966, 764, 6228
-1928, -66, 7498
-942, -940, 6418
856, -936, 4256
852, -2760, 4518
924, -3974, 3454
1078, -4732, 2574
988, -5220, 1266
924, -5956, 448
370, -6368, 234
552, -6578, -1178
102, -6822, -684
816, -7244, -2844
198, -7174, -3438
180, -7414, -5456
-454, -7352, -7108
-482, -7462, -6768
466, -7280, -6632
84, -7046, -5662
630, -6826, -4642
42, -7170, -3430
232, -5880, -1540
1332, -6316, -850
914, -4740, 1796
2830, -4436, 224
756, -3756, 2764
-492, -3400, 4516
-344, -2452, 4064
-358, -640, 3242
-2586, 266, 6062
-2694, 464, 6882
-2064, 2518, 6692
-2988, 3868, 8060
-1846, 6340, 7590
-2502, 6236, 8510
-2352, 8516, 7018
-3734, 8710, 8404
-1748, 9916, 6278
-1030, 10294, 4292
-2626, 10876, 5470
-3098, 10306, 5730
-2778, 10114, 5120
-1406, 8852, 3632
-618, 8346, 2932
-1776, 8310, 3790
-1856, 8406, 3898
*NOTE-2017.03.24@13:52:05 - 1
-1394, 7532, 3538
-1228, 7744, 3788
-1618, 8478, 4142
-2014, 8440, 3736
-2734, 8490, 4384
-1354, 9734, 3398
-1380, 10176, 4448
-2256, 9714, 5386
-2404, 9390, 6244
-2300, 9574, 6584
-2222, 8566, 7160
-2748, 7226, 7124
-2740, 6506, 7246
-2034, 5736, 6852
-2122, 3762, 8008
-986, 2810, 6614
-1116, 2070, 7610
-750, 936, 6982
-778, -990, 7190
-286, -1018, 5982
-800, -2208, 6448
-598, -3242, 5064
-614, -3722, 4806
64, -4348, 3852
600, -5004, 2864
848, -5298, 1500
1510, -5548, -120
1470, -6026, -926
1740, -6384, -1236
1682, -6512, -1988
552, -7428, -2862
2048, -7204, -5744
814, -7302, -5740
864, -7692, -6196
964, -7568, -6452
690, -7516, -5040
438, -7344, -4536
700, -6936, -4526
950, -7160, -3998
-484, -5556, -1480
-1572, -5358, 1100
-234, -4978, 662
-1036, -3956, 2518
-818, -3330, 2678
-1852, -2782, 4294
-2214, -1418, 4900
-3036, -1212, 6554
-2190, 672, 6198
-2898, 2034, 8230
-2210, 3332, 7854
-1108, 4546, 6646
-3132, 6424, 9724
-1308, 6650, 7074
-3862, 8244, 7498
-4128, 7700, 6580
-3128, 9606, 4800
-3008, 9390, 3686
-3342, 9716, 3930
-3322, 10076, 4830
-3488, 10086, 5096
-3198, 9086, 4830
-1610, 8374, 3346
-1274, 8244, 3220
-1528, 7874, 3580
-2198, 7766, 3650
*NOTE-2017.03.24@13:52:09 - 1
-1916, 7802, 3482
-1928, 8104, 3356
-2554, 8292, 3726
-2782, 8642, 4632
-2346, 9746, 4350
-1776, 10510, 4708
-978, 10206, 4838
-1420, 10094, 5882
-1268, 9982, 5234
-1206, 9794, 5882
-484, 8944, 5978
-526, 6792, 6014
-1406, 6220, 6922
-272, 4222, 6622
-944, 3962, 7164
-436, 2066, 7516
-396, 918, 8040
-908, 262, 8010
206, -330, 6104
562, -962, 6330
1268, -2128, 4838
418, -3148, 4532
270, -4532, 3188
632, -5000, 2160
-176, -5798, 1962
1090, -6122, -918
-238, -6782, -426
258, -7342, -1716
356, -7230, -2414
-150, -7414, -2232
-446, -7714, -3554
-352, -7586, -4620
-396, -7836, -4268
-234, -7692, -3826
114, -7722, -3510
-336, -7546, -1522
-796, -7240, -594
244, -7382, -2042
-572, -6848, 632
82, -6550, -660
110, -5684, 304
-816, -5144, 2764
-204, -4264, 2150
-138, -3674, 3564
-190, -2660, 4680
746, -1396, 3508
-626, 538, 5602
-764, 420, 6120
-482, 2918, 5658
-1734, 4550, 5728
-3844, 5522, 9412
-2828, 8356, 6848
-4376, 7754, 9560
-2916, 9900, 6994
-2476, 10384, 5938
-2658, 10994, 5166
-1734, 10532, 3992
-2634, 10472, 4436
-2694, 10150, 5024
-1866, 9362, 4484
-1604, 8698, 3676
-892, 8246, 2234
-1668, 8216, 2018
*NOTE-2017.03.24@13:52:12 - 1
-1992, 7750, 2800
-1860, 7272, 3358
-1538, 7532, 3704
-2020, 7628, 3700
-2690, 8744, 3732
-2634, 9374, 3876
-1866, 9798, 3172
-1590, 11246, 3968
-1900, 10162, 4578
-1768, 10272, 4802
-2252, 9984, 5606
-2366, 9226, 6248
-3406, 7246, 7420
-3128, 7066, 6338
-2900, 5690, 6688
-1912, 4764, 6042
-2812, 3642, 7192
-1592, 2780, 6864
-1226, 1190, 6692
-1512, 254, 6926
-814, -798, 5874
-602, -1954, 5266
-320, -3246, 4774
-270, -3672, 3888
-492, -4470, 3912
-850, -5194, 3716
-54, -5686, 2450
524, -5860, 560
-100, -6290, 722
774, -6534, -1138
1454, -7014, -2412
994, -6956, -1844
1062, -7478, -4068
414, -7584, -4156
-276, -7890, -4932
-398, -7798, -5098
-444, -7768, -5220
-1086, -7426, -4700
-890, -7648, -3910
-1702, -6930, -1564
-10, -6780, -2686
-146, -6012, -708
490, -5580, 38
-46, -4996, 2014
862, -4240, 1752
1034, -2848, 1982
-874, -2214, 4142
-1438, -1572, 5490
-286, 14, 5392
-142, 1208, 6474
462, 2480, 7682
-338, 4852, 7566
-886, 5906, 7816
-1020, 6858, 7656
-2250, 8614, 10982
522, 9908, 6208
-2204, 9834, 7324
60, 10674, 4114
-1100, 10688, 4010
-2260, 10608, 4678
-2156, 10474, 4590
-2718, 9722, 5048
-1924, 8684, 3982
-1634, 8400, 3628
-1294, 8146, 3388
-1214, 7706, 3356
-1122, 7336, 3524
-1338, 8096, 3808
*NOTE-2017.03.24@13:52:15 - 1
-1676, 8374, 3838
-1992, 8974, 3778
-1310, 9582, 3764
-1640, 9736, 4380
-898, 9856, 4230
-236, 9968, 3798
-1048, 9672, 5218
-738, 9368, 5614
-946, 9048, 7244
-668, 8366, 6556
142, 7786, 7330
392, 6796, 7362
776, 5460, 6244
376, 3546, 7310
544, 2924, 8462
2062, 1950, 7286
2334, 766, 6258
2140, -314, 5990
2360, -1534, 4710
1890, -2748, 3816
766, -3510, 4064
788, -4774, 3450
984, -5206, 2170
884, -5748, 2294
1272, -5970, 436
682, -6280, -238
118, -7240, -1098
428, -7320, -1224
894, -6776, -2394
416, -7246, -3806
-736, -7726, -4642
-1090, -7644, -5992
-1448, -7540, -5772
-1104, -7634, -5646
-762, -7338, -4800
-472, -7380, -4312
-908, -7268, -2152
-274, -6734, -2650
168, -6040, -1528
-134, -4998, 430
36, -4436, 2064
782, -3962, 2478
1002, -2908, 3372
696, -2770, 4308
796, -864, 3822
-142, 112, 6854
248, 1308, 6808
2048, 3394, 4852
1318, 3436, 8226
-396, 5256, 9280
-1454, 7914, 7804
-1400, 7822, 7962
-216, 8460, 5782
-1442, 10220, 5104
-2370, 10556, 4740
-1728, 10892, 4482
-2146, 11314, 4784
-2452, 10702, 5350
-2134, 9668, 5354
-1522, 8916, 4804
-1092, 8372, 3928
-1640, 7474, 4116
-2032, 8000, 4016
*NOTE-2017.03.24@13:52:18 - 1
-1984, 8144, 3718
-1790, 8122, 3180
-2420, 8310, 3476
-1938, 8304, 3682
-1528, 9422, 3334
-1336, 9832, 3906
-1550, 9282, 4896
-1522, 9952, 5082
-1938, 9830, 6090
-2596, 9494, 7484
-3122, 8366, 7868
-2546, 7852, 8136
-2124, 7346, 7528
-264, 6612, 6702
-454, 4986, 7074
-716, 3124, 7818
444, 1794, 5872
416, 646, 6314
1038, -954, 4932
494, -1946, 5028
960, -3028, 4226
656, -3926, 2598
732, -4880, 2380
926, -5334, 1010
694, -5968, 134
152, -6580, -246
768, -6368, -1798
40, -7316, -1944
-414, -7362, -2044
-540, -7482, -3796
-308, -7664, -6106
-1104, -7890, -6334
-684, -7180, -5656
326, -7476, -6202
350, -7104, -5002
662, -6988, -4018
94, -7250, -2362
-264, -5882, -1330
130, -5214, 24
-344, -4750, 1718
-44, -4356, 2178
260, -3632, 2856
-208, -2776, 3422
-496, -1922, 4174
-1024, -1622, 6626
-1076, 58, 7072
874, 942, 5948
-266, 3320, 8382
80, 3808, 6946
-486, 5446, 8354
-1656, 6566, 7632
-2292, 7322, 8166
-1416, 8486, 5492
-2976, 9046, 6014
-2306, 10680, 4966
-1314, 10764, 3298
-2760, 10822, 4288
-3094, 10244, 5446
-2546, 9912, 5872
*NOTE-2017.03.24@13:52:21 - 1
-828, 9220, 4396
216, 8612, 3410
-668, 8156, 3506
-1390, 7950, 3862
-1732, 7894, 4130
-1636, 7902, 4432
-1998, 8556, 4132
-1684, 9652, 4646
-1440, 10964, 4986
-1460, 12102, 6462
-600, 11930, 5178
-416, 11154, 5114
-266, 10072, 5408
46, 8692, 5084
-58, 7868, 6334
-424, 6784, 7438
682, 5516, 7412
620, 5034, 6706
444, 2738, 7454
332, 1782, 6492
494, 198, 6212
672, -428, 4432
578, -1718, 4828
1182, -2652, 4274
414, -3984, 3782
1456, -4628, 2798
944, -5270, 2642
1032, -5708, 1378
374, -5808, 1340
1606, -6756, -1970
18, -6790, -1404
648, -6434, -3804
466, -7334, -5568
-24, -7390, -6248
246, -7088, -7318
-226, -7680, -5844
-54, -7380, -5052
36, -6962, -3944
-46, -7032, -3508
-266, -6852, -2116
142, -6310, -2320
84, -5408, -304
-1602, -5908, 4198
1152, -4644, 248
132, -3998, 2606
-2286, -3470, 5526
-724, -2628, 3318
-760, -1428, 4160
-2124, 166, 6662
-762, 550, 6612
-1422, 2890, 6956
-1814, 3456, 8154
-2206, 5058, 9096
-2368, 6500, 8946
-1588, 8482, 5356
-3650, 7626, 7704
-2414, 10184, 4806
-1554, 10094, 3080
-2796, 11506, 4458
-2910, 11394, 5032
-3432, 10756, 6222
-2184, 9738, 6098
*NOTE-2017.03.24@13:52:24 - 1
-542, 8554, 4520
210, 8406, 3116
-1040, 8108, 2998
-1792, 7880, 3198
-1730, 7452, 3516
-1438, 8200, 3162
-1984, 8138, 3258
-2510, 8686, 4246
-1628, 9822, 3410
-1566, 10458, 4224
-1300, 9516, 4302
-1284, 9690, 5182
-1616, 9398, 5540
-1810, 9438, 6558
-1328, 8316, 6410
-1252, 7282, 7250
-1604, 6628, 7760
-1484, 5432, 7404
-1548, 4682, 7194
-926, 3490, 6372
-968, 2202, 7124
-346, 612, 6612
-328, -354, 6428
248, -1450, 5890
680, -2420, 5736
208, -3516, 5214
498, -3678, 3760
852, -4614, 2328
-142, -5296, 2278
-218, -5872, 1878
240, -5836, 1238
642, -6260, -624
-376, -6922, -1190
-1572, -6650, -2040
-698, -7078, -5052
-1266, -7466, -5008
-354, -7128, -6678
-238, -7008, -7838
-924, -7182, -6848
414, -7102, -6602
88, -7058, -5368
-664, -7044, -3622
268, -7070, -4606
-688, -6782, -2816
376, -6532, -3570
-108, -5788, -1100
-252, -4788, -748
144, -4000, 492
20, -3112, 2628
136, -2936, 4274
556, -1150, 3050
-120, 154, 5304
-516, 1280, 5692
-842, 3436, 5872
-818, 4514, 6226
-2438, 6364, 9144
-1640, 8456, 8424
-2600, 10378, 7350
-3636, 10622, 9032
-1330, 11112, 5122
-3264, 10698, 4994
-4626, 11044, 7170
-4826, 10950, 9006
-2616, 9474, 6544
-1116, 8104, 5500
*NOTE-2017.03.24@13:52:28 - 1
-1976, 8250, 5670
-1806, 7356, 4602
-2140, 7542, 3126
-2814, 7946, 3282
-3126, 8664, 1550
-3864, 8734, 1796
-4612, 8216, 944
-4800, 7748, 820
-3706, 6680, 1072
-2678, 6324, 1164
-7120, 5528, 8984
2340, 3950, -2766
-5162, 4142, 2750
-6846, 4620, 4008
-4096, 3778, 752
-7678, 3746, 2776
-11426, 3660, 4030
-9374, 1472, -3426
-5430, 4374, 420
-2440, 5548, 7604
122, 12074, 13556
-866, 3712, 9630
1970, 1402, 6032
-1086, 3322, 10652
1004, 2856, 8956
2176, 1218, 6796
-1070, 498, 9686
248, 968, 7910
-488, 308, 7514
-248, 780, 7692
-628, 326, 7908
-398, 108, 7628
-1618, -308, 9418
612, 670, 7872
966, 198, 7768
-212, 246, 8860
1654, 802, 6446
4376, 1000, 4626
3754, 1920, 5872
4266, 1674, 6668
2856, 912, 7966
2516, 400, 7624
2594, 1014, 7554
2452, 98, 6814
2028, 796, 7866
2500, 748, 7334
2466, 900, 7212
2398, 1178, 7896
2794, 976, 7286
2552, 1172, 7922
2386, 610, 7506
2702, 638, 7484
2576, 440, 7432
2546, 610, 7428
2092, 180, 7464
2114, 18, 7566
2494, 464, 8104
2724, -138, 8134
1932, 638, 7654
2100, 316, 8260
3114, 318, 8972
2364, 1566, 10080
2864, 2650, 9816
-314, -1534, 14444
3206, -1280, 7108
-3274, -2032, 2218
-1690, -2524, 4618
1532, -2072, 2688
-1052, -1212, 5958
-1690, 40, 6518
-3178, 1770, 8742
-3426, 1718, 9028
-3094, 2644, 8740
-3182, 690, 8168
-3634, -146, 10818
-1086, -526, 6066
-962, -682, 7482
384, -1390, 7208
-1146, -692, 10202
-906, -1568, 6768
-2260, -1566, 7328
-1808, -1658, 6418
-2316, -1248, 7072
-2968, -972, 6402
-4204, -1566, 6644
-6084, -1138, 6418
-5292, -448, 5614
-5652, -650, 6302
*NOTE-2017.03.24@13:52:32 - 1
-4886, -1624, 6386
-3108, -1202, 4578
-5396, -1316, 6236
-6318, -392, 7002
-5762, -766, 5702
-5790, -1320, 7620
-1110, -1392, 4444
-3914, -1356, 5124
-5748, -2318, 5244
-5808, -2398, 4580
-5784, -2676, 4118
-6166, -3006, 3116
-6348, -2354, 1612
-7068, -3398, 1016
-7574, -2660, 750
-7372, -2654, 808
-9490, -2452, 1198
-7974, -2358, 734
-7846, -2796, 536
-7332, -2244, -724
-7196, -2376, -86
-8044, -2104, 724
-7544, -2464, -128
-7736, -2306, 408
-7688, -2304, 798
-7914, -2498, 1246
-8180, -2142, 1928
-7124, -1680, 1896
-7898, -1816, 1786
-7428, -2036, 1172
-7174, -2360, 1442
-7348, -1846, 1680
-7922, -1934, 2326
-7482, -2016, 2182
-7052, -2012, 1456
-7576, -2188, 1728
-7462, -1650, 1824
-7484, -1930, 2022
-7354, -2028, 2296
-7158, -1866, 2280
-6508, -2054, 2124
-7418, -2050, 2618
-7496, -1844, 2862
-7844, -2022, 2692
-7226, -2160, 2272
-7100, -2180, 2656
-6774, -2046, 2234
-6774, -2154, 2408
-7094, -2082, 2608
-7168, -2048, 2600
-7270, -2168, 2598
-7170, -2152, 2402
-7190, -2054, 2532
-7230, -2004, 2430
-7372, -1840, 2616
-7870, -2190, 2828
-7748, -1740, 2734
-7140, -2058, 2060
-7302, -1682, 2962
-7164, -1868, 2592
-7188, -1854, 2918
-7104, -1908, 2970
-7076, -1894, 2934
-7028, -2086, 2760
-7052, -1888, 2562
-7020, -1928, 3138
-6740, -1724, 4402
-7032, -2104, 3648
-7274, -1816, 3460
-7250, -1950, 3548
-6512, -2064, 3100
-6652, -2074, 2576
-6786, -2082, 2286
-7104, -2108, 1768
-7244, -1692, 2022
-8010, -1876, 2194
-8208, -1906, 2530
-8254, -1870, 1442
-7008, -1930, 2534
-7002, -1660, 2488
-7622, -1222, 4652
-7160, -1222, 3650
-7352, -1580, 2622
-7758, -1590, 2630
-7912, -1696, 3038
-6598, -1660, 1798
-6924, -2000, 1276
-7738, -2066, 1858
-7542, -1856, 1784
-7716, -1836, 1876
-7440, -1740, 2142
-7386, -1692, 2054
-7452, -1538, 2658
-7494, -1668, 2578
-7492, -1774, 2442
-7396, -1662, 2706
-7886, -1508, 2262
-7330, -1602, 2308
-6930, -1618, 2906
-7848, -1896, 2238
-7420, -1724, 2054
-7804, -1780, 1176
-7400, -1948, 1788
-7022, -2046, 1564
-7256, -1968, 2372
-7388, -1912, 1870
-7904, -2264, 1690
-7124, -1796, 2892
-7218, -1842, 1674
-7384, -1970, 1594
-7386, -1946, 1526
-7520, -1998, 1316
-7644, -1962, 1324
-7506, -1918, 1360
-7776, -1894, 1694
-7650, -1912, 1682
-7514, -1904, 1576
-7574, -1874, 1520
-7456, -1918, 1710
-7710, -1894, 1786
-7588, -1900, 1654
-7464, -1932, 1212
-7452, -2048, 1000
-7566, -1962, 1010
-8246, -1930, 1092
-7904, -1968, 694
-7878, -1854, 558
-7740, -1830, 572
-8048, -1844, 1124
-7530, -1782, 1040
-7860, -1794, 1338
-7594, -1808, 1314
-7392, -1928, 1204
-7588, -1822, 1454
-7652, -1894, 1640
-7490, -1856, 1780
-7564, -1954, 1464
-7732, -1912, 1374
-7420, -1864, 1090
-7736, -1462, 2278
-7552, -1662, 1602
-7514, -2142, 1366
-7530, -2128, 1242
-7374, -2032, 860
-7262, -2010, 1270
-8002, -1994, 1064
-8082, -2030, 636
-7858, -2030, 464
-7710, -2064, 284
-7620, -2040, 168
-7792, -2064, 476
-7612, -1952, 316
-7950, -2038, 272
-7508, -2024, 320
-7874, -1986, 142
-7948, -2132, -256
-7434, -2128, -94
-7620, -2196, 32
-7604, -2236, 176
-7540, -2234, 312
-7562, -2248, 530
-7650, -2024, 512
-7802, -2026, 464
-7934, -1968, 324
-7864, -2102, 428
-7774, -1958, 540
-7590, -2058, 466
-7532, -2070, 418
-7860, -1992, 554
-7828, -1588, 1396
-8028, -2034, 406
-7656, -1860, -46
-7762, -2086, 868
-7622, -2098, 420
-7748, -2076, 712
-7436, -2030, 550
-8256, -2110, 604
-8052, -2054, 488
-7528, -2132, 758
-7564, -2138, 1306
-7510, -2044, 1084
-7446, -2164, 1226
-7454, -2118, 1164
-7648, -2174, 1242
-7778, -2224, 696
-7718, -2160, 964
-7508, -2182, 740
-7566, -2096, 894
-7674, -2212, 726
-7802, -2234, 636
-7678, -2122, 690
-7698, -2146, 784
-7556, -2148, 690
-7754, -1796, 1790
-7700, -2324, 1254
-8418, -2218, 320
-7348, -2292, 298
-7302, -2158, 522
-7282, -2290, 1030
-7670, -2226, 938
-7590, -2070, 832
-7680, -2150, 508
-7902, -2062, 614
-7662, -2132, 522
-7594, -2148, 842
-7590, -2188, 600
-7520, -2110, 662
-7728, -2064, 978
-7772, -2072, 672
-7708, -2056, 522
-7530, -1864, 2100
-8014, -1648, 1470
-8250, -1900, 1096
-7088, -2104, -4
-8010, -2436, -408
-7584, -2448, 516
-7894, -2072, 812
-7760, -2056, 282
-7598, -2236, -242
-7290, -2140, 190
-7862, -2176, 10
-7846, -2180, -98
-7864, -2022, -124
-7780, -1932, 186
-7700, -2110, -448
-7904, -2294, 46
-7988, -2270, 596
-8058, -2252, -212
-6400, -2440, 332
-8290, -1790, 2266
-7128, -1826, 2596
-7248, -1692, 1548
-7130, -1438, 2312
-7810, -1572, 3794
-7706, -1950, 3318
-8058, -2058, 3348
-7134, -2622, 3016
-5208, -2174, 3526
-5058, -1880, 5204
-3812, -524, 5944
-4886, -1804, 6200
-3852, -2242, 5088
-3232, -2082, 6160
-3804, -1918, 6816
-3546, -1946, 6756
-3406, -2076, 6876
-4598, -2416, 7482
-3720, -2642, 6836
-2618, -2878, 6208
-1608, -3030, 6498
-302, -2784, 5114
-4726, -2458, 7450
-3698, -1568, 5312
-3874, 158, 7460
-3618, 1508, 6338
-4686, 1576, 7656
-3456, 1652, 6548
-3700, 1612, 6500
-2622, 1448, 6894
-3458, 1220, 7554
-2672, 694, 6444
-1830, 1494, 8294
-2380, 774, 7948
-1296, 664, 7522
-1116, 206, 6450
-1396, 42, 7088
-2112, 220, 8370
-2358, -356, 8676
-1488, -274, 7020
-1698, -274, 7358
*NOTE-2017.03.24@13:52:45 - 1
-1622, -246, 7498
-1610, -328, 7660
-1318, -134, 8106
-880, -18, 7542
-1828, -100, 9510
-526, 344, 8202
-1126, 660, 8486
-2368, 772, 7562
-2404, 468, 7038
-2398, 1256, 7692
-2100, 1278, 6730
-2934, 796, 6560
-3368, -1174, 6040
-5954, -1868, 6966
-6294, -2984, 5154
-6256, -3108, 5434
-3994, -2570, 6132
-5268, -2016, 8072
-2878, -1450, 4610
-5916, 210, 8156
-2970, 3402, 8956
-3556, 3512, 7236
-4020, 1940, 8780
-7978, -1346, 11180
-4666, -536, 9456
804, -1696, 3716
384, -2772, -628
650, -226, 1086
5098, 4254, 10872
2470, -970, 2574
-11206, -3904, 4048
-1478, 1120, 10858
-2126, -1570, 8422
-1904, -2198, 7686
-1452, -1940, 7644
-1814, -3126, 7674
-1202, -2572, 7558
-1800, -2278, 8716
-2356, -2084, 9074
-2788, -1964, 8390
-3242, -1150, 7180
-9196, 2398, 6612
-6888, 4596, 2470
-6064, 6636, 1296
-8592, 5200, 2254
-5472, 4778, 2638
-6230, 5034, 3036
-7714, 5364, 4066
-7460, 4860, 3656
-6896, 4452, 2180
-5004, 3378, 898
-3948, 4084, 334
-4984, 4468, -1762
-7976, 3298, 4878
-3622, 5126, 1184
-694, 5892, 402
-3966, 8794, 3282
-5188, 6132, -1354
-6822, 5210, 1146
-2968, 6500, -50
-3078, 9262, 1424
2250, 8012, -2648
-2786, 7842, 1046
-4676, 7054, -502
-2878, 7024, 140
-5384, 9678, 2462
-1506, 10046, 1064
-6808, 9078, 3580
-3864, 8332, 4780
3334, 7972, 808
1780, 8506, 2060
146, 8234, 1970
362, 7948, 1158
324, 6950, 736
-824, 6864, 1026
-536, 7208, 1702
-60, 7246, 1316
1062, 7762, 1506
1416, 7962, 1652
2000, 7974, 1658
1990, 7984, 1934
1988, 7820, 1062
1070, 7950, 1368
*NOTE-2017.03.24@13:52:50 - 1
1450, 8132, 748
1060, 8006, 1218
1156, 8038, 1380
1092, 7908, 1654
666, 7968, 2486
502, 8052, 3646
1058, 8016, 4718
-16, 8636, 5162
-864, 9604, 7570
-236, 10048, 7166
-584, 10970, 8152
-1192, 10630, 8610
-1638, 10618, 7348
-880, 9610, 6448
-980, 9030, 7316
-2, 6706, 6612
-248, 5590, 6920
790, 3190, 5684
352, 1652, 6820
780, 520, 5470
478, -910, 4854
566, -2392, 3730
-736, -3670, 3780
632, -4100, 3858
1724, -4350, 2110
762, -4544, 1078
1588, -5762, -128
2000, -5990, -738
1164, -5950, -932
1156, -5628, -3958
986, -7736, -5808
1660, -7294, -5620
1686, -7000, -6944
1756, -6898, -7522
1482, -7284, -5452
2910, -6826, -6214
2634, -6720, -5812
1160, -6552, -4310
-256, -6670, -2556
-242, -6960, -2324
534, -6412, -2288
-934, -5688, -218
10, -5508, -1024
-558, -4940, -34
-1880, -4292, 2034
-2162, -2958, 3248
-2542, -2862, 3678
-2360, -2748, 4260
-2986, -848, 4980
-3808, -8, 6042
-3574, 712, 8588
-2140, 2016, 5810
-4242, 3874, 7684
-4596, 4140, 8012
-4772, 6692, 6960
-7238, 5782, 9338
-4142, 8292, 3242
-5608, 7860, 5752
-5004, 8828, 4388
-4210, 9254, 4028
-4024, 9360, 4206
-4930, 9584, 6012
-4012, 8858, 6226
-1092, 8498, 4106
394, 8214, 3654
-422, 8038, 4006
*NOTE-2017.03.24@13:52:53 - 1
-716, 7904, 4010
-632, 8162, 3836
-1776, 8272, 3612
-2112, 8920, 3098
-2118, 9218, 3458
-1980, 8834, 3726
-1220, 9090, 4420
-498, 9890, 5726
-242, 9884, 6038
-326, 9724, 6610
-420, 8948, 6814
-238, 7966, 6846
-20, 7258, 7160
-66, 5938, 7418
-702, 3868, 8148
-566, 2848, 8884
598, 2294, 7042
514, 1126, 6110
-26, -134, 6528
-48, -1498, 7260
360, -1402, 6056
1596, -2822, 3254
1454, -3700, 2852
2238, -4358, 1200
2540, -5296, -372
1308, -5930, 378
1406, -6512, -1714
-160, -6944, -2082
-456, -6996, -3700
-166, -7184, -5062
144, -7360, -6274
1260, -7240, -7498
2294, -7236, -7842
1392, -7124, -5308
1882, -7038, -5588
1020, -6858, -4556
306, -7144, -3648
-86, -6578, -1890
1304, -5632, -1778
910, -4984, -338
-684, -4818, 1060
464, -4778, -348
-1728, -2222, 4710
-1588, -1954, 4442
-756, -1356, 4686
-2184, 420, 7706
-1950, 726, 9334
-970, 1482, 8934
512, 3642, 7992
-1192, 3666, 9146
-2140, 5026, 7600
-4210, 6610, 8596
-3438, 5976, 5580
-5560, 8028, 7180
-3838, 7636, 5662
-3170, 9078, 4246
-2496, 9100, 3800
-3430, 9518, 4076
-4230, 9246, 5512
-4090, 8866, 5984
-2070, 8822, 4474
*NOTE-2017.03.24@13:52:56 - 1
-180, 8528, 2712
-1342, 7864, 3292
-1826, 7694, 4012
-1622, 7846, 3284
-1590, 8164, 3874
-1754, 8388, 3062
-2372, 8512, 4048
-1714, 8956, 4242
-876, 10156, 4394
-408, 10186, 4048
-2136, 9592, 6426
-658, 10174, 5770
-1084, 9440, 6846
-268, 8716, 6932
-826, 7518, 6850
-660, 6700, 7498
-154, 5080, 7242
-574, 3848, 8478
128, 2996, 6782
-380, 1616, 6974
336, 528, 6384
94, -552, 6406
654, -1908, 4938
-412, -3378, 4844
-302, -3574, 3088
344, -4542, 1736
818, -5290, 1918
862, -4838, 1780
1714, -5634, 100
840, -5950, -844
348, -7118, -3878
-624, -6986, -5018
896, -7284, -6256
2688, -7374, -7236
2592, -6778, -6084
2826, -7034, -4522
4026, -6728, -5828
2374, -7004, -4522
1080, -6488, -3578
796, -6566, -2890
572, -5812, -2380
300, -5270, -1274
-326, -4628, -830
-1618, -3998, 1044
-3142, -3460, 3250
-1846, -2904, 2740
-2258, -1674, 4808
-3564, -1196, 5130
-4688, 242, 8310
-2400, 762, 6562
-4510, 3052, 7700
-4322, 3774, 6816
-5470, 5546, 6206
-6590, 7174, 7682
-5166, 6926, 4174
-6650, 8818, 5732
-5142, 9260, 2592
-5532, 9906, 3056
-5598, 10396, 4538
-5958, 9740, 5396
-5086, 9388, 5784
-1232, 8408, 2864
-394, 8570, 3236
*NOTE-2017.03.24@13:52:59 - 1
22, 8496, 2466
-250, 8198, 2682
-1394, 7926, 3564
-1504, 8060, 3554
-1328, 8652, 3302
-1592, 8790, 2948
-1964, 9722, 3900
-1186, 9384, 3990
-1494, 9838, 4954
-1034, 10626, 4476
-476, 10374, 4880
-786, 9830, 6378
-126, 9586, 6494
172, 8476, 5040
-606, 7084, 6762
-1216, 5624, 7172
-1824, 4750, 7774
-1500, 3396, 7552
-984, 2570, 7082
-416, 848, 6330
-776, 170, 6510
-162, -1350, 5534
728, -2186, 4312
432, -3190, 3996
1012, -3808, 2806
1288, -4460, 1858
1120, -5706, 1126
520, -5680, 848
-24, -6314, -468
-518, -6652, -1180
-92, -6806, -2234
-46, -7290, -3366
864, -7130, -5978
1288, -7226, -6516
2792, -6878, -8082
1450, -7258, -5702
1904, -6836, -5480
978, -7098, -4584
530, -6930, -3918
-902, -7028, -1572
20, -6760, -2420
-346, -5670, -1234
-1392, -5464, 656
-1618, -5272, 772
-1774, -4052, 2516
-1606, -3290, 3242
-1422, -2730, 4506
-1064, -2170, 4558
-1422, -172, 7200
-2242, -738, 8570
360, 1206, 5082
-1938, 2676, 8720
-1628, 3888, 7596
-2390, 5252, 6626
-3328, 5838, 8670
-2220, 7966, 4146
-6078, 8012, 8274
-4140, 8770, 5014
-3908, 10190, 4614
-4082, 9778, 4692
-4066, 9432, 5418
-4590, 9388, 7222
-2596, 9298, 5772
1514, 8864, 3608
*NOTE-2017.03.24@13:53:02 - 1
38, 8486, 4524
-1794, 7890, 5640
-1588, 8494, 4506
-1544, 9088, 4576
-996, 9256, 4590
-1346, 10436, 5864
-812, 10848, 6062
-374, 10722, 5752
-584, 10312, 5882
-1164, 9318, 6734
-532, 8614, 6998
-166, 7292, 7416
-78, 6534, 7314
-548, 4922, 7496
-452, 3594, 6958
-638, 2162, 7186
370, 898, 4924
-28, -318, 4848
-50, -1986, 4296
-434, -3680, 4142
-520, -3992, 3722
-326, -5038, 2910
-102, -5560, 1730
-152, -5810, 1058
-56, -6672, 694
76, -6810, 794
1278, -6660, -1184
530, -7172, -2012
310, -7072, -3590
352, -7386, -5868
54, -7264, -6588
502, -7426, -7334
944, -7274, -6946
582, -7406, -6154
1368, -6968, -5728
840, -7094, -5100
22, -6528, -2878
1420, -6152, -3534
244, -5436, -1938
-1290, -5272, -338
-830, -5012, 266
-1210, -3724, 1364
-1552, -3014, 3066
-2136, -1772, 4036
-2912, -1620, 4476
-2268, 70, 5146
-4112, 928, 6090
-3150, 3210, 5714
-6038, 3572, 7064
-5996, 4336, 7690
-5006, 7140, 5586
-8076, 7062, 7028
-6198, 8288, 4414
-7410, 9196, 5826
-4408, 9290, 2678
-5140, 9418, 3836
-5188, 9338, 3852
-5596, 9358, 4514
-4662, 8986, 4506
-3162, 8428, 4034
-658, 8108, 2442
-658, 8060, 2978
-1842, 7756, 3972
*NOTE-2017.03.24@13:53:05 - 1
-2036, 8018, 4464
-1376, 8142, 3028
-2114, 8816, 3192
-2120, 9020, 3410
-1204, 9646, 3762
-1938, 9826, 5356
-1762, 9876, 5388
-1738, 9724, 5266
-2078, 9418, 6370
-1532, 9168, 6584
-878, 8234, 6796
-1960, 6682, 7572
-1300, 5806, 6836
-958, 4740, 7630
-348, 3694, 6606
-688, 1632, 7910
-126, 922, 7004
-118, -624, 6828
-268, -1026, 6286
-546, -2412, 6094
-626, -3124, 5042
-182, -4018, 3246
-840, -4482, 3168
-174, -5274, 1698
-8, -5914, 980
-458, -6238, 300
-504, -6756, -528
-124, -7156, -1576
4, -7318, -1326
-172, -7384, -2836
1040, -7240, -4666
2564, -7254, -6260
1652, -7494, -5606
1760, -7380, -5900
1364, -6852, -4846
1002, -7466, -4752
828, -7020, -3140
-108, -6106, -2150
752, -6278, -2356
-124, -5318, -60
200, -4494, -804
-4530, -4474, 6742
-132, -4338, 1954
-270, -2624, 4344
-672, -2440, 6126
-472, -1410, 6486
-162, -714, 5506
-1492, 230, 8154
-182, 2578, 5954
-2990, 1558, 6950
-4498, 3788, 7784
-4238, 6400, 4450
-7252, 6028, 7032
-5804, 8502, 5778
-5912, 8626, 4208
-7106, 9708, 5854
-5276, 9718, 4164
-3538, 9870, 3816
-3152, 9708, 4086
-3722, 9720, 5204
-1910, 9014, 3620
380, 8892, 1952
268, 8222, 2162
*NOTE-2017.03.24@13:53:09 - 1
1212, 8130, 1390
432, 8366, 1750
-474, 8130, 2248
-844, 7770, 2320
-856, 7958, 2226
-1372, 8164, 3018
-364, 8386, 2824
-1234, 9096, 3450
-1546, 9786, 3580
-720, 11204, 3508
-1044, 10910, 4836
-1382, 10754, 5890
-716, 11238, 6378
-376, 10214, 6306
-1122, 9288, 7626
-1458, 7162, 6844
-1050, 6988, 6712
-778, 5662, 7024
-1042, 4210, 7216
-846, 2676, 7098
-1256, 1102, 6544
-120, 118, 5256
-82, -1090, 5130
-274, -2398, 5630
-386, -2918, 5444
706, -3136, 3648
1108, -4014, 1572
256, -5456, 600
-550, -6468, -994
-1942, -6884, 922
236, -6542, -1436
-1384, -7052, -880
-44, -7268, -2958
1014, -7506, -4654
2366, -7228, -6282
2636, -7300, -5186
2678, -7350, -6088
3224, -6994, -5758
2066, -7078, -4230
1914, -6928, -3874
376, -6070, -1506
-128, -5658, -834
-90, -4086, -1286
-1240, -3592, -278
-1974, -1438, 388
-1990, -1026, 3270
-1730, 1394, 4308
-1168, 2932, 4990
-3178, 4104, 7420
-4008, 5040, 8274
-4332, 6418, 6588
-5582, 6582, 9722
-1666, 9184, 5638
-4386, 9354, 8824
-2762, 10200, 4874
-2492, 10542, 4942
-3270, 10746, 4946
-3804, 10696, 5504
-2500, 10608, 5582
-1122, 8992, 4226
284, 8688, 2584
750, 8812, 2396
-914, 8380, 2622
-582, 7532, 1138
-812, 7912, 1550
-908, 7802, 3028
*NOTE-2017.03.24@13:53:12 - 1
-1096, 8006, 3944
-1432, 8180, 3816
-1792, 9346, 4296
-1470, 10364, 4056
-1822, 11316, 4934
-1708, 11716, 4502
-730, 11366, 4662
-2, 10752, 4358
-802, 9842, 6326
-206, 8418, 5960
-916, 7318, 6614
-1460, 5942, 7380
-2044, 5118, 8450
-912, 3902, 7276
-1510, 2742, 7750
-1212, 1166, 6548
-818, 182, 5530
-930, -1356, 4854
-1722, -2110, 5910
-1498, -3228, 5248
-424, -3704, 3004
-640, -4136, 2878
-284, -5058, 1616
-1176, -5428, 1576
-184, -6552, -808
536, -6602, -542
1022, -6892, -1038
2204, -6360, -2390
2374, -7058, -3252
2150, -7452, -4234
2332, -7500, -6194
2834, -7642, -6880
1950, -7548, -6426
1052, -6692, -4936
756, -7026, -4064
230, -6390, -2088
226, -5250, -1598
-312, -5302, -656
-728, -3856, 1372
-1814, -3628, 3240
-826, -3112, 3026
-956, -1726, 4258
-1264, 222, 5710
-1824, 470, 6576
-1628, 1378, 6176
-3632, 3228, 8266
-3874, 4808, 8286
-2914, 7004, 8180
-5702, 7412, 5244
-7570, 7604, 8246
-6592, 8654, 5958
-5204, 7876, 5100
-4964, 9236, 4802
-4350, 9196, 4152
-3072, 9310, 3286
-3112, 9584, 3800
-3388, 9166, 5036
-1684, 8712, 4228
326, 8612, 3390
-250, 8524, 3674
-1498, 7730, 4300
*NOTE-2017.03.24@13:53:15 - 1
-1614, 7976, 4208
-1792, 8470, 3582
-3270, 8346, 5318
-2368, 9912, 4192
-1508, 10774, 4068
-1686, 10750, 4938
-1972, 10708, 6268
-1022, 10590, 6232
-822, 10074, 6472
-992, 8928, 7256
-182, 7528, 6330
-428, 6390, 6750
-904, 4742, 7248
-504, 3736, 7580
266, 2144, 7196
-52, 1064, 6816
-44, -226, 6510
924, -944, 5382
2524, -1696, 3876
2350, -2684, 3306
1162, -3902, 1890
-128, -5060, 1272
-228, -5896, 476
-582, -6138, 522
-952, -6854, -146
434, -7070, -3360
-398, -6930, -3748
472, -7254, -5706
1910, -7886, -8012
1054, -7542, -5760
782, -7690, -4782
740, -7342, -4354
680, -6790, -2536
226, -6364, -1884
124, -5556, -484
-1112, -4988, 1586
510, -4296, 554
-798, -2720, 1692
-712, -2082, 4060
-2328, -1422, 4928
-3392, -704, 5806
-2388, 1012, 6318
-3354, 1606, 9026
-1706, 4140, 6914
-4928, 5236, 8172
-6610, 6442, 8176
-5326, 6662, 5604
-5808, 8548, 6546
-5462, 8606, 4194
-6072, 9656, 5822
-4260, 9828, 4172
-4568, 9190, 4172
-5150, 9264, 5848
-4006, 8940, 4564
-790, 8690, 3122
476, 8710, 2750
-352, 8408, 3528
-620, 8022, 3312
-46, 8124, 2972
*NOTE-2017.03.24@13:53:18 - 1
-1518, 8376, 3456
-708, 8094, 2972
-1560, 8210, 4212
-1636, 9802, 4702
-1568, 10244, 5972
-1154, 11784, 6302
242, 11372, 5092
-120, 11956, 7368
670, 10748, 6768
194, 9646, 8484
566, 7262, 6292
78, 6108, 6234
-816, 4382, 7860
-230, 3688, 6878
-140, 1666, 5244
142, -16, 5310
76, -1060, 5094
374, -2734, 4144
1258, -3632, 1962
218, -4770, 2376
390, -5656, 1450
-852, -5766, 1986
108, -6980, 292
-314, -7034, -50
128, -7016, -1042
12, -7122, -1714
-184, -7500, -1978
70, -7586, -3532
6, -7322, -4328
980, -7332, -4206
1656, -7632, -5516
1530, -7396, -4440
516, -7422, -3964
684, -7154, -2782
660, -6814, -2330
878, -6598, -1284
-440, -5594, 752
110, -5402, 708
-1158, -4580, 1928
124, -3486, 1330
-3610, -2450, 5204
-426, -3122, 2210
-1768, -320, 5618
-748, 368, 6474
-2240, 1732, 8404
-2642, 3048, 8370
-2066, 4908, 7588
-3876, 6754, 7114
-5492, 6706, 8858
-4410, 8024, 5366
-5980, 8568, 7070
-4538, 9154, 4850
-3186, 9984, 3760
-3436, 9520, 4192
-3940, 10134, 5828
-3210, 9946, 5060
-3282, 9588, 7032
1536, 9104, 2792
1242, 8728, 2786
*NOTE-2017.03.24@13:53:21 - 1
-518, 8558, 3718
-588, 8288, 3910
-1248, 8644, 3480
-1710, 8284, 3780
-2296, 9228, 5338
-3092, 10966, 6796
526, 11576, 4764
1930, 11196, 5004
46, 11606, 6484
946, 10326, 5438
-504, 9172, 7474
120, 7804, 7036
-794, 6446, 7264
-108, 4554, 7344
750, 4364, 7410
922, 2448, 6736
470, 1164, 5886
302, 148, 4978
782, -1382, 4584
-20, -2990, 3378
20, -4050, 2746
-744, -4856, 2408
60, -5456, 900
-578, -5614, 1052
-114, -6796, -836
82, -7056, -1214
358, -7120, -1690
1306, -7430, -2944
286, -7450, -2672
1358, -7682, -4352
1320, -7750, -5250
854, -8126, -4926
356, -7656, -4386
850, -7606, -4306
548, -7404, -3214
54, -7454, -2190
-34, -6710, -1868
-592, -6160, 2
-66, -5544, 606
2280, -4654, -546
146, -4316, 3152
70, -3584, 3026
732, -2712, 3058
318, -1376, 4740
-592, 816, 5718
-580, 2742, 5394
-2394, 2900, 8682
-804, 6416, 7056
-2978, 6238, 7548
-4560, 7912, 8768
-4410, 9314, 6728
-5234, 10130, 6718
-4616, 10652, 4786
-4560, 10734, 4738
-4600, 10666, 5064
-4146, 10226, 5420
-3252, 9778, 5386
-1800, 8944, 4222
100, 8778, 2476
*NOTE-2017.03.24@13:53:24 - 1
244, 7758, 2946
-1802, 7902, 5208
-1446, 7702, 4892
-1444, 8792, 3668
-2538, 9618, 4080
-1960, 9836, 3948
-1986, 10224, 5282
-1558, 11234, 5630
-918, 12364, 5850
-674, 11598, 5838
-368, 10386, 6268
-180, 8980, 6534
-558, 7524, 7908
504, 6422, 5890
-1002, 5050, 8892
1190, 3880, 5512
160, 2124, 6398
518, 780, 5276
1102, -322, 4566
-72, -1864, 4852
290, -2648, 3782
1436, -3502, 1774
1412, -5074, 1346
1208, -5372, 18
834, -6368, 716
-48, -7284, 894
180, -6784, 58
512, -7254, -1448
204, -7634, -1746
322, -7908, -2006
990, -7602, -4218
1030, -7910, -4870
1616, -7890, -4374
2280, -7122, -3828
1510, -7586, -3074
2356, -7274, -3234
246, -6932, -574
1810, -6386, -1628
666, -5538, -580
1008, -5064, -186
72, -3752, -434
-2602, -3498, 3320
-3138, -2940, 4634
-1510, -736, 3342
-2442, 184, 3776
-4440, 1294, 6116
-3964, 2622, 5516
-6062, 4340, 7448
-4710, 6944, 4952
-7922, 8498, 7700
-7526, 7158, 7364
-6652, 9950, 7812
-4442, 9722, 4786
-4280, 9986, 5292
-2580, 10676, 4680
-4688, 9888, 6174
-3210, 9620, 5118
-782, 8918, 2584
-668, 8182, 2500
-652, 8390, 2198
-136, 7842, 1586
*NOTE-2017.03.24@13:53:27 - 1
-1576, 7724, 3244
-840, 7864, 2616
-1878, 7864, 3728
-888, 8510, 3428
-2002, 8532, 3620
-290, 9862, 3474
-1820, 9982, 3056
-3104, 10448, 5234
-1820, 10420, 4352
-2504, 10510, 6400
-2158, 10298, 6210
-2570, 9412, 6444
-2506, 8732, 7022
-1198, 6964, 6984
-1588, 5810, 7348
-1634, 4636, 7362
-1816, 3380, 7498
-1194, 2012, 7062
-1764, 660, 7604
-1260, -290, 6366
-1278, -1960, 5622
-772, -2654, 4430
-1960, -3640, 4322
-1182, -4776, 3150
-1560, -4928, 3168
-896, -5648, 934
246, -6440, -562
888, -6566, -1000
1212, -6852, -1042
1940, -7048, -2770
1916, -7254, -3102
2794, -7340, -5028
2136, -7802, -4906
2118, -7350, -4630
1586, -7334, -3284
1450, -6978, -2752
904, -6598, -1244
-142, -6118, -524
-380, -5552, -152
-1596, -4802, 1114
-2110, -3040, 2472
-652, -2962, 3194
-28, -1008, 3206
342, 852, 4480
-2470, 1258, 9542
686, 2688, 6472
1074, 5382, 5420
-2122, 5900, 9452
-350, 8798, 6254
-1312, 10012, 8678
1768, 10720, 4424
-2596, 11892, 8652
-222, 11344, 4194
-2084, 11222, 6024
-3224, 10132, 7620
936, 9826, 4680
248, 8742, 4866
958, 8728, 4168
-292, 7954, 5096
*NOTE-2017.03.24@13:53:30 - 1
-280, 8048, 4900
-1108, 8238, 4622
-1254, 8884, 4462
-1924, 9170, 4902
-354, 9858, 4564
-4, 10570, 4512
412, 10126, 4648
456, 10058, 5096
1074, 9276, 5104
-332, 8728, 7132
1174, 7596, 6350
852, 7126, 7974
2180, 5490, 6536
1206, 4914, 8310
1310, 3548, 7298
672, 2684, 8114
588, 1034, 6998
1334, 660, 6150
1756, -974, 5810
1892, -2120, 4852
894, -3452, 6032
1280, -3848, 4574
1080, -4138, 3464
1168, -4932, 3172
1230, -5264, 1288
198, -5632, 1674
1278, -6368, -1044
2, -6968, -628
-388, -7034, -1612
536, -7466, -2488
1510, -7708, -3916
762, -7638, -3228
1174, -7822, -5392
1128, -7856, -5022
1608, -7406, -4696
1192, -7364, -4778
1046, -7356, -4564
630, -7244, -3620
302, -6718, -2484
-438, -6454, -744
96, -5950, -1686
198, -4760, -172
266, -3510, 1088
804, -2644, 2386
302, -1088, 4104
-258, 130, 4208
-582, 1112, 5562
-1142, 3512, 5190
-2150, 4010, 8880
-966, 7354, 6910
-2244, 8702, 8620
-2852, 9068, 8646
-3772, 11352, 9178
-2878, 10302, 7214
-2044, 11430, 5024
-3134, 10736, 4988
-3604, 10266, 5132
-3538, 9936, 4914
-2560, 9222, 4656
-1600, 8406, 3010
-2254, 8118, 3782
-1568, 7968, 2668
-1462, 7778, 2900
*NOTE-2017.03.24@13:53:33 - 1
-1576, 7604, 3066
-1494, 7866, 3186
-1646, 8322, 2880
-2612, 8438, 3422
-2044, 8250, 3506
-2836, 10174, 4796
-2088, 10670, 4154
-2204, 9772, 4612
-2658, 9718, 5528
-2636, 9284, 5878
-2968, 8646, 6564
-4002, 7796, 6060
-2426, 7446, 6834
-1716, 6646, 6952
-1868, 5108, 7750
-922, 3900, 7602
-806, 2622, 7340
-336, 846, 6772
268, -220, 5220
-504, -1534, 5316
-486, -2954, 5076
408, -3516, 3534
204, -4068, 3260
312, -4972, 2336
220, -5386, 992
-192, -6514, 784
886, -6374, -360
-82, -6672, 592
216, -6948, 192
1478, -7510, -2974
1194, -7262, -2850
2548, -6948, -4850
4216, -7236, -6092
2372, -7556, -4648
3950, -7228, -6010
2854, -6942, -5392
2356, -7408, -4836
2486, -6608, -4314
1338, -6264, -2492
964, -5436, -2518
-148, -5162, -1070
-3320, -4016, 1970
124, -3340, 86
-1930, -1882, 2400
-2640, -1708, 3828
-2790, 228, 4354
-3884, 1636, 5918
-4924, 2292, 7724
-4066, 3514, 6248
-4316, 5204, 8136
-2958, 6254, 7970
-2712, 8256, 6222
-4502, 8890, 8010
-2584, 9754, 5006
-2970, 10562, 5506
-4512, 10568, 6392
-3396, 9976, 5324
-3356, 9470, 5490
-3102, 8862, 5194
-3022, 8200, 4754
-2478, 7644, 4380
-2418, 7152, 4434
*NOTE-2017.03.24@13:53:36 - 1
-2524, 7004, 4556
-2334, 7280, 4444
-2562, 7862, 3348
-2394, 8922, 2974
-2016, 7798, 1502
-2482, 7508, 2146
-2084, 7586, 2336
-1390, 7632, 2524
-1414, 7702, 3088
112, 6568, 2992
490, 5666, 1470
-356, 4482, 2702
-1042, 5736, 3364
-518, 6564, 2770
-1338, 7426, 3784
-2300, 4494, 2912
-4420, 6852, 6816
-1596, 9122, 17478
-5438, 2758, 9086
-1134, 534, 9772
-4060, 2576, 7826
-4192, 800, 7904
-4660, 516, 8400
-3270, 742, 6408
-2708, 452, 7224
-2590, -94, 7798
-1032, -412, 7080
-4510, 1968, 9378
-770, 4510, 15922
-1870, -734, 10532
2166, 2156, 4814
226, 3286, 10994
2962, 3706, 5666
6044, 1424, 8018
2770, 1404, 7102
4044, 754, 6390
2874, 1546, 6780
4084, 812, 5978
2912, 1000, 8164
3582, 2102, 7578
3758, 1458, 5092
4194, 1680, 6784
4210, 1060, 8562
4394, 2244, 6270
3914, 2170, 5420
3826, 2374, 7128
3686, 2418, 6214
3652, 2480, 7308
3264, 2264, 5808
3728, 2172, 6518
2950, 2068, 6594
3442, 2142, 7796
2966, 2064, 6818
2890, 1792, 7290
2742, 1722, 7462
3182, 2424, 8764
4390, 2674, 9684
2600, 424, 7998
3848, 680, 5366
5648, 1288, 5550
988, 736, 7918
4134, -1004, 5894
3308, -1260, 7586
2078, -626, 7146
1488, -778, 7356
1172, -882, 5322
-2014, -828, 6348
-1674, 1082, 5238
-2460, 2034, 7070
-2334, 4256, 8120
-5462, -356, 15924
2436, 1962, 3134
-4350, -634, 12414
-3508, -954, 7354
-2794, 338, 8096
-2096, -362, 7658
-2740, -8, 7516
-2466, -96, 7586
-2316, -232, 7680
-2488, -240, 7648
-2112, -186, 7526
-1386, 724, 7030
-756, 1292, 7096
-436, 866, 7784
-1524, -434, 8716
-1516, -652, 7498
-1970, -152, 8256

-----------------------------------------------
Date: 24.03.2017 - 13:53:40
End log file
