Terminal log file
Date: 08.06.2017 - 14:48:31
-----------------------------------------------

%~>daq start

 DAQ started.
%~>quit
%~>2696, 7712, 920
2716, 7658, 774
2586, 7590, 830
2614, 7732, 874
3112, 7980, 1050
4864, 6936, 1832
10394, 7842, 6718
14176, 11982, 8198
13232, 14602, 9730
9222, 20978, 10716
7560, 20552, 5870
4026, 20052, 1922
2894, 11796, -3160
-2578, 5384, 3322
3318, 18, -3608
-554, -214, 944
-68, -2472, 562
660, -3474, -3510
658, -2330, -4826
-2258, -4686, -4508
-2816, -5286, -8558
-4352, -7134, -9946
-5122, -6840, -10550
-4266, -7600, -11840
-4332, -6300, -8688
-2846, -4282, -6384
-2434, -4324, -4868
-2756, -1996, -3542
-2248, 182, -3164
886, 9076, -2424
3788, 10144, 330
2504, 9130, 8896
1238, 11990, 11164
1568, 14516, 9530
9480, 13744, 5746
324, 20594, 9650
6038, 16696, 2864
6790, 17340, 1308
6418, 18516, 740
11420, 12926, -900
*NOTE-2017.06.08@14:48:33 - 1
6888, -4112, 4678
8502, 5884, 2916
9654, 6244, 2942
9550, 9802, 2512
11360, 12942, 262
6634, 20906, 4358
2296, 25002, 11006
2212, 23732, 9362
-18, 17190, 26402
716, 23624, 11530
558, 21686, 1138
-2436, -1720, 2880
-3492, 10240, 5986
4884, 2982, -6456
-3058, 836, -416
-1806, -3300, -6724
-2784, -2698, -6682
-1610, -4430, -13756
-6140, -5796, -10890
-4320, -4888, -14386
-6176, -8198, -10866
-2394, -4202, -9986
-2050, -3990, -6952
162, -1788, -6990
-650, 3240, -2338
-580, 2544, -146
3132, 8516, 880
3038, 10344, 6146
-244, 11264, 6670
610, 8548, 9712
2958, 22618, 13070
-1970, 27704, 5682
-1608, 17938, 7096
2170, 19566, 1762
3342, 20230, 8752
9984, 11354, -3130
7834, 9192, 1596
*NOTE-2017.06.08@14:48:35 - 1
5672, 7660, 5736
4986, 6400, 6330
5830, 7638, 4730
4532, 9484, 5574
8108, 14718, 3028
6866, 21398, 5540
1996, 26300, 6434
-1584, 25256, 8492
-2486, 24988, 7390
-1460, 26186, 6806
-3842, 20274, 1416
5086, 1766, -7698
-4724, 5020, 4544
2038, 3576, -4568
760, 188, -4982
-2108, -1690, -5012
320, -3014, -13414
-100, -4424, -16232
-270, -4828, -17074
-1080, -6908, -13548
3440, -3008, -14324
1442, -2332, -9034
1154, 384, -5206
1772, 4178, -3612
-3674, 3738, 4254
2296, 6302, 396
1044, 10352, 5402
-1420, 11122, 9720
1224, 15680, 9446
-5600, 14802, 12778
-5314, 11186, 7808
-2918, 16698, 8640
-1048, 4380, 3592
-2362, 13170, 18132
6398, 10864, -420
*NOTE-2017.06.08@14:48:37 - 1
6024, 12198, 7424
5096, 7506, 6662
4002, 6978, 7436
5208, 7796, 5300
4754, 8802, 3530
5702, 12518, 3480
6158, 16634, 5032
2960, 21770, 8444
988, 27202, 12336
228, 29196, 12726
646, 30564, 7666
-1886, 26556, 3210
2468, 3834, -2808
-2888, 11720, 2660
4992, 6454, -7696
-2126, 746, -4362
-802, -2460, -8822
506, -748, -13602
-2712, -7358, -11484
-40, -5990, -15138
-546, -4396, -12126
126, -5690, -14530
634, -3692, -13094
-1972, -3636, -7108
3162, 5000, -6682
900, 2666, -1876
-258, 4920, 2592
-656, 8378, 6498
2102, 8080, 4422
-2704, 10300, 10046
-3170, 8094, 13058
-2556, 16314, 13412
2568, 9106, 6450
1328, 17946, 12796
-742, 12338, 8492
3186, 12974, 3658
4082, 11640, 2866
*NOTE-2017.06.08@14:48:39 - 1
2432, 10188, 5318
6650, 9382, 2080
3708, 8290, 5866
4334, 7506, 5788
3478, 7620, 6170
3776, 8570, 7510
6118, 14584, 4342
2822, 16596, 8854
822, 21688, 12826
-326, 26830, 10020
2668, 25128, 6516
-1184, 21312, 6492
-3746, 10184, 2354
2318, -2236, -218
-3692, 4558, 1050
-8, 678, -3630
-438, -1764, -4220
-424, -1458, -5400
676, -3468, -7344
212, -5634, -11946
4720, -800, -11872
1440, -5676, -13232
-412, -7032, -11248
684, -5520, -10486
940, -2890, -5628
3334, -1564, -7606
-2138, -2046, -12
1470, 994, -2002
914, 3422, 3012
1850, 10020, 4484
2280, 4734, 6652
124, 9318, 12032
-824, 9024, 8632
3370, 9360, 11744
524, 16588, 9958
5220, 17194, 6256
3674, 16556, 4168
3794, 13286, 4140
7582, 12832, -1230
*NOTE-2017.06.08@14:48:41 - 1
8178, 9344, -1308
5214, 7506, 4356
6676, 6622, 2628
6888, 7082, 2404
6010, 8202, 2352
6104, 10486, 2568
5406, 13914, 4792
7044, 18980, 2974
4624, 21210, 7224
1250, 27420, 10282
228, 25192, 7214
-1752, 22764, 4262
-3082, 11004, 3452
5010, 8106, 434
-2892, 5362, 1636
2370, 2224, -2710
-970, -654, -862
-26, -242, -4790
-2390, 76, -7586
-2562, -4066, -16354
-5276, -6604, -16252
-6688, -5296, -12084
-4422, -5802, -12072
-3238, -5778, -9500
-2190, -1438, -6726
-630, -804, -5508
-1024, 2040, -3488
886, 6142, -2284
1314, 8172, 3386
1218, 9456, 8576
4104, 12086, 9266
-864, 10488, 7906
-2090, 16054, 12514
-2442, 16966, 10586
8422, 10446, 636
108, 17986, 9346
2152, 16280, 5352
11062, 11602, -2854
8324, 11576, -770
*NOTE-2017.06.08@14:48:43 - 1
6988, 9162, 3830
6364, 7454, 4172
6582, 6712, 3992
7256, 8194, 3254
9704, 12298, 3244
7094, 18080, 3926
-278, 24590, 10754
648, 27864, 8736
-1228, 26138, 7244
540, 25548, 3646
-1776, 9800, 2846
3100, 10918, -1534
-3664, 6916, 4354
2030, 2972, -6436
954, 784, -5154
-3010, -3102, -4678
-2398, -2586, -8760
2756, -3426, -16458
-5916, -6416, -10768
-1540, -7170, -16110
-3514, -5834, -10786
-2428, -4360, -8062
-442, -2974, -6362
-292, -1318, -4532
340, 1418, -2930
1366, 2678, -2636
2316, 7000, 2108
2122, 10268, 6832
4416, 10778, 6304
-2448, 11266, 9476
-1760, 16550, 13098
-1786, 16230, 8164
5388, 18112, 5956
3526, 15602, 5904
2562, 18710, 6528
*NOTE-2017.06.08@14:48:44 - 1
9606, 11668, -3258
8592, 10332, 1694
7466, 7662, 3866
6028, 7280, 4678
5086, 7666, 5586
6000, 8908, 4294
5534, 11808, 13316
5666, 14006, 5752
3336, 25274, 10104
4468, 24548, 7304
1442, 27322, 10424
3760, 28676, 4502
-2332, 12480, 4006
5422, 11528, -128
-4074, 7804, 2980
1128, 1730, -6924
-1086, 1372, -4606
-3724, -3004, -1484
-4654, -2438, -3614
-3228, -4960, -12090
-6440, -3904, -14322
-6692, -6248, -13794
-5358, -5002, -12012
-3910, -5946, -11838
-3614, -3622, -8422
-2486, -2180, -6308
-2076, -1830, -5072
-1978, 956, -3970
572, 5684, -4966
804, 7338, 1072
5508, 12768, 3632
4274, 14824, 5516
1436, 16312, 12286
7040, 20734, 5172
504, 20284, 9838
3390, 20726, 7842
8984, 14466, 1480
7652, 14614, 586
*NOTE-2017.06.08@14:48:46 - 1
9708, 14816, -2708
6168, 7684, 4112
8470, 7976, 2692
6916, 6700, 4194
7426, 7268, 3568
6960, 9496, 3828
7352, 17082, 5266
6190, 22804, 3248
-1572, 26344, 18260
2238, 30098, 4574
-2120, 25894, 7412
-2454, 23160, 4828
186, 10546, 1958
-1688, 10358, 3198
5692, 8284, -6204
-334, -2354, -3424
2296, 5748, -5506
-2440, -2786, -10236
-5524, -112, -8940
-4822, -5832, -15618
-7484, -6498, -10722
-4170, -4156, -12720
-4272, -4956, -9124
-3266, -4264, -7006
-1160, -2312, -7050
212, -24, -6614
1214, 3422, -5728
1768, 9418, 1212
1310, 9294, 4394
5848, 14906, 3322
-2080, 9764, 7270
-3830, 17350, 13704
3192, 18150, 7174
-1494, 21106, 9122
456, 18512, 8306
-386, 14080, 2110
9228, 14786, -894
6928, 11276, 60
9002, 8116, -690
*NOTE-2017.06.08@14:48:48 - 1
6940, 7172, 4136
5900, 6328, 5912
7624, 6124, 2700
9670, 8652, 2378
9482, 15404, 12696
5912, 22470, 7870
4110, 26712, 11172
3190, 31310, 5650
2294, 27202, 4252
-2106, 16738, 7498
1732, 12842, -1936
1360, 5242, 158
6478, 5126, -6736
-3468, -510, 722
4236, -1164, -8568
-4146, 104, -3162
-2646, -4660, -11840
-4854, -4584, -14580
-8040, -6582, -12250
-4280, -4054, -12942
-4404, -6048, -11366
-3278, -2992, -8548
-2872, -2678, -6844
-1970, 2078, -5114
-1746, 4436, -2240
1028, 10056, -2970
3558, 10692, 5598
3836, 12590, 7502
3468, 13958, 7534
3084, 16042, 13638
2842, 23038, 9080
4184, 17480, 6454
9004, 22044, 1556
8408, 18462, -1436
6046, 12410, 2976
*NOTE-2017.06.08@14:48:50 - 1
8972, 8854, -1516
8346, 7324, 2356
7294, 6092, 4200
7730, 4310, -2052
5276, 8728, 2436
4656, 13708, 2686
4680, 18034, 4124
1388, 14466, 26320
6054, 18788, 11080
5522, 26258, 10272
-5836, -11002, 32767
3144, 32767, 862
-1278, 8866, 4528
2014, 13412, -1258
4362, 7082, -8700
-2120, 1444, -3186
-1010, 688, -6808
-4262, -2230, -6264
-7428, -4776, -9094
-6356, -5364, -13870
-6530, -3468, -13746
-8134, -5504, -11388
-8456, -5584, -7872
-5692, -2484, -6120
-2858, 382, -6962
-1338, 2564, -5058
-2274, 3360, -5220
1378, 13710, -572
3212, 14068, 5278
4984, 9976, 9934
1986, 18842, 14424
7632, 12042, 4242
1612, 20064, 9720
3836, 19150, 7422
8748, 17106, 2748
*NOTE-2017.06.08@14:48:52 - 1
4286, 18946, 3352
8556, 12252, -1004
8000, 4890, 832
8894, 7266, 4130
8648, 5860, 3810
7756, 8938, 4532
10172, 12044, 2576
12296, 20550, 3012
8904, 27976, 4014
7962, 30152, 4716
1386, 29966, 5756
1638, 23142, 2572
-1460, 9640, 330
1488, 8352, -1874
-60, 5394, -972
-1630, 2544, -3058
116, -2632, -6164
-3150, -3030, -2388
-6954, -3282, -6402
1908, -2836, -18068
-10360, -8302, -8654
-3368, -5872, -15590
-5712, -8298, -10596
-3528, -3276, -7282
-1368, -1516, -6856
-1790, -810, -4106
-1098, 3552, -3456
1722, 6510, -3744
2070, 8472, 3200
8184, 14408, 5070
-1814, 12970, 11280
-174, 15576, 11116
6090, 18700, 9236
2200, 19114, 9770
6702, 23464, 5124
6354, 12286, 4218
6572, 14854, 2800
*NOTE-2017.06.08@14:48:54 - 1
6548, 8674, 1874
6484, 7798, 3760
10278, 6130, -754
7044, 5704, 4350
7116, 8782, 4554
8624, 10270, -110
2648, 16538, 7452
5474, 17048, 5504
2230, 23124, 14114
3272, 25224, 11016
1658, 26860, 8210
1460, 22214, 4220
-244, 17290, 1474
282, 9436, 464
2176, 7688, -6674
-2272, -1514, -5074
-2766, -1200, -3268
-2284, -3018, -5794
638, 90, -13532
-3006, -7830, -16694
-3750, -6426, -11814
498, -5294, -15102
-580, -5664, -11230
-46, -4058, -9098
-318, -2634, -5624
226, -944, -4192
488, 3150, -3440
1278, 7768, -1494
2134, 11492, 3134
-688, 11176, 7840
3236, 15622, 7498
-5976, 17070, 9944
4732, 17904, 5308
1662, 22200, 6898
6464, 19748, 5742
3846, 19424, 4134
7684, 12204, -626
*NOTE-2017.06.08@14:48:55 - 1
6514, 8764, 1962
5226, 7970, 7588
7994, 4310, 468
7702, 5372, 1564
8824, 9442, 1076
7692, 11460, 1444
9544, 21746, 3822
11032, 26006, 9064
6154, 29434, 6326
452, 29386, 8012
1188, 21718, 3340
2002, 16054, 1178
-808, 10596, 708
522, 3882, 200
4170, 5898, -4926
-3684, -1214, -2564
-2638, -424, -7018
-3254, -3120, -10834
-4942, -7488, -15564
-3478, -5522, -14304
-3094, -7792, -12362
-900, -5638, -11454
-254, -4130, -9014
-578, -1238, -5380
-722, 1264, -5526
-498, 5186, -3466
1028, 8426, 2012
3920, 8840, 3538
4038, 12992, 7960
630, 15870, 8282
-3950, 17706, 11272
8516, 20168, 5278
554, 16770, 9492
3118, 20506, 8330
7472, 18116, -152
8530, 10356, -1006
5872, 11056, 4142
*NOTE-2017.06.08@14:48:57 - 1
6804, 7086, 3110
6206, 5080, 5356
8084, 5784, 3662
4958, 9566, 5094
5356, 12146, 5718
5960, 17554, 6488
2700, 24842, 8438
350, 24080, 8180
5920, 32032, 6170
-2096, 23582, 7368
1992, 18626, 4470
-976, 12344, 4982
3018, 6020, -3748
1850, 6584, -2858
-1530, 2700, -3358
-2374, -104, -6082
-2940, -3748, -9708
-5128, -6586, -12592
-2764, -6464, -16482
-5734, -7634, -11526
-2064, -5196, -13196
-612, -4016, -10824
-1210, -3844, -8426
-484, -798, -5808
-448, 1898, -3878
294, 5304, -2452
1820, 9654, 2854
1186, 8572, 7366
1408, 9992, 9070
1238, 10858, 9532
5484, 13300, 8900
1920, 19456, 11878
944, 14352, 13280
9534, 15484, 5900
5554, 7694, 7356
4434, 9708, 6464
4788, 7900, 2884

-----------------------------------------------
Date: 08.06.2017 - 14:48:59
End log file
