Terminal log file
Date: 04.04.2017 - 14:11:35
-----------------------------------------------

%~>daq start

 DAQ started.
%~>quit
%~>-7886, -1274, -688
-7910, -1214, -738
-7894, -1334, -914
-7986, -1286, -714
-7880, -1258, -810
-7760, -1150, -668
-7944, -988, -304
-7516, -554, -742
-7948, -396, 614
-7744, -158, 474
-6594, -376, 92
-8224, -1310, 3048
-6396, -1522, -904
-7788, -3456, 242
-8118, -4732, 534
-6094, -4918, 296
-7318, -4958, 788
-6108, -5100, 304
-6190, -5322, 978
-5848, -6336, 1008
-4916, -6088, 1736
-4534, -6258, 1186
-4274, -6798, 1038
-4946, -6780, 1768
-5112, -6610, 2458
-4598, -6922, 1208
-5740, -6182, 2066
-4904, -6410, 2346
-4314, -6916, 1738
-4690, -5992, 2318
-4048, -6540, 3158
*NOTE-2017.04.04@14:11:36 - 1
-2498, -6272, 1296
-3540, -6816, 3764
-1830, -6176, 2770
-3548, -6738, 4560
-2534, -6536, 3062
-3740, -6738, 4762
-2088, -7292, 3034
-1996, -7218, 3532
-2006, -7300, 3178
-964, -7712, 2576
-1706, -7932, 2788
-1276, -6840, 2598
-2262, -8004, 2750
-1586, -6730, 2456
-1794, -6728, 3232
-2720, -6942, 2634
-2658, -5428, 4480
-2384, -6630, 2532
-2194, -6444, 3006
-2214, -6534, 2970
-2828, -6404, 4642
-2246, -6984, 3416
-2180, -7182, 3354
-2662, -8078, 4158
-1938, -7762, 2862
-840, -7140, 864
-1722, -7384, 2594
-2046, -7868, 1748
-1978, -8216, 1352
-1796, -6864, 1836
-2358, -7908, 1878
-1352, -7828, 960
-2522, -7890, 1884
-1858, -7340, 1632
-2196, -6770, 1888
-1986, -7232, 1442
-2564, -9170, 642
*NOTE-2017.04.04@14:11:38 - 1
-2114, -6562, 1358
-3136, -7488, 3060
-1828, -7172, 1958
-1512, -7842, 1858
-1340, -7962, 2194
-1408, -7918, 2178
-1180, -8126, 2326
-1006, -7956, 776
-1086, -7748, 1478
-832, -7722, 858
-1948, -7918, 2158
-2030, -7348, 3032
-2058, -7856, 2432
-1734, -7396, 2162
-2226, -7456, 3568
-2912, -7522, 3570
-3408, -7248, 6390
-4134, -8078, 8144
-5224, -9312, 10490
-3992, -10326, 11048
-3870, -9484, 10352
-4888, -9350, 10008
-2838, -8146, 7204
-3118, -5096, 7778
-1652, -4268, 5054
-904, -1796, 3222
-922, -1472, 3818
-1740, 2306, 2590
-428, 4880, 1334
-1230, 4290, 1660
710, 5242, -1066
1510, 5126, -3122
834, 6322, -3654
2206, 6934, -4890
3772, 6160, -6254
3928, 4902, -7412
1504, 7118, -2526
4104, 6160, -6446
3236, 5248, -3648
1960, 7372, 504
3406, 5276, -1880
1054, 3838, 524
2252, 4740, 1058
830, 2060, 3120
386, 3012, 4946
1252, 478, 4506
1318, -1240, 1678
-1516, -2598, 6516
-2380, -3562, 13632
-656, -4826, 10426
-2350, -7260, 2486
-2500, -6890, 14308
230, -9172, 10820
-1018, -9164, 2402
-3258, -8784, 6562
-1418, -8424, 9896
-1308, -9448, 3656
-2096, -7780, 6146
-2312, -8444, 4560
*NOTE-2017.04.04@14:11:41 - 1
-2134, -7370, 4416
-1758, -7806, 2954
-2710, -7324, 5392
-2964, -7808, 4656
-3082, -7604, 4838
-4164, -8286, 5798
-3896, -9084, 6772
-3174, -9220, 7574
-3134, -9712, 9048
-2952, -9956, 10364
-2572, -8812, 9456
-3136, -7680, 9936
-2482, -6620, 7786
-1744, -5002, 4420
-1460, -1990, 7544
1236, 878, 2670
-246, 754, 3458
514, 5354, 2398
566, 4294, 1924
-636, 3764, 2530
388, 6156, 676
1532, 5788, -2498
1236, 6790, -3624
1634, 6610, -3464
2972, 6992, -5794
2310, 7616, -6334
1998, 8130, -6174
2620, 6354, -6504
1278, 6640, -3160
1386, 6002, -3016
1206, 4004, -4510
300, 4314, 604
-2000, 2752, 4778
-70, 444, 4134
1232, -254, 6154
918, -592, 7910
24, -2758, 8272
-854, -4620, 5384
-1302, -5038, 10416
928, -6464, 10956
-60, -8154, 5298
-1202, -7826, 5670
3358, -8794, 8798
246, -10080, 1656
-1728, -10374, 8036
-3914, -10472, 6140
*NOTE-2017.04.04@14:11:43 - 1
-766, -8798, 3574
-2660, -7998, 5218
-2556, -7328, 4488
-1310, -8570, 2276
-2160, -7136, 4036
-2650, -7606, 4072
-1824, -8062, 2944
-2348, -7590, 4668
-3256, -9096, 6076
-3246, -9532, 6370
-1940, -9566, 7120
-5454, -10138, 11426
-5610, -11688, 10722
-5048, -10552, 11234
-3148, -7598, 9324
-1820, -3084, 7602
-990, -1200, 5820
-668, -1142, 4526
-1018, -116, 2474
-1430, 936, 2962
980, 3730, 320
-372, 4218, 782
-1378, 4562, 1790
1218, 6312, -2628
238, 6970, -2302
-444, 7356, -2552
2468, 6992, -6190
1484, 7576, -5910
-144, 6490, -4352
2280, 7912, -7822
1126, 6646, -5764
592, 8064, -3900
1016, 5346, -4012
734, 5952, -2328
780, 3628, -1170
274, 2020, -658
-586, 1222, 4896
1982, 696, 2668
1100, -1910, 5862
1488, -3734, 6684
870, -6262, 5582
-1022, -6986, 10854
788, -9080, 6138
-254, -10194, 7458
-3254, -11904, 15094
7226, -5274, -298
160, -9868, 10152
-1380, -11526, 3728
-1740, -9004, 6132
-1236, -8796, 4490
*NOTE-2017.04.04@14:11:46 - 1
-1082, -8574, 4294
-1670, -8134, 4610
-1698, -7528, 4524
-986, -7418, 3168
-1388, -7500, 3666
-1620, -7606, 3048
-1946, -7022, 3034
-1930, -7964, 3690
-1362, -8094, 4502
-1004, -8848, 6414
-1060, -11582, 7220
1824, -10278, 6588
1382, -11390, 8212
1916, -10886, 9492
1360, -10538, 8954
1282, -8106, 9378
408, -8038, 7458
1896, -4914, 1882
-1906, -4278, 5794
2578, -1548, 3316
40, 158, 1756
844, 3206, -366
-1640, 2704, 1210
344, 7730, -2208
670, 6030, -1670
456, 6004, -3926
396, 6860, -4146
-46, 6468, -7324
412, 8044, -6996
-702, 8902, -4510
1408, 7572, -7914
-210, 4906, -4590
576, 7984, -3568
586, 5246, -3312
258, 6068, -936
1384, 5028, -1086
636, 3126, -634
600, 3320, 4676
1740, 1688, 1592
1414, -1938, 2162
2216, -2000, 9390
520, -4086, 8186
300, -7464, 2702
3980, -9208, 9936
-8, -10398, 11574
-2146, -12020, 3366
742, -5660, 11402
-708, -12740, 4626
-2906, -9992, 7564
-2136, -11548, 5056
-2556, -9072, 6624
*NOTE-2017.04.04@14:11:48 - 1
-3396, -7622, 6902
-770, -8064, 4690
-1380, -7652, 3196
-1678, -7318, 3326
-1562, -7600, 2322
-2100, -7030, 2354
-2768, -7134, 3458
-2118, -8508, 3508
-2000, -8326, 5204
-2430, -10522, 5884
-1186, -11786, 6502
474, -12602, 8626
-962, -13594, 11430
-592, -13100, 10660
-662, -8718, 9638
-524, -5062, 7750
-4018, -6072, 8630
-2008, -3380, 8846
252, -266, 1148
758, 648, 1382
-712, 1340, 3594
-248, 2478, 196
-114, 4890, -354
1824, 7136, -3930
-950, 5784, -2276
-426, 8402, -3484
1320, 6358, -7232
-350, 6798, -5294
-600, 8446, -6268
658, 6892, -7276
-444, 6074, -3636
30, 6284, -3548
418, 6170, -1658
954, 3848, -2322
766, 2794, 2518
-486, 2348, 6414
2340, 2524, 2750
1432, 1834, 5302
-746, -1054, 4654
-142, -2718, 3854
1788, -4510, 8588
190, -6916, 8916
1228, -5394, 3282
-1782, -12112, 14128
-142, -10730, 4960
-3136, -8324, 9412
844, -8798, 6648
504, -9534, 3290
-1822, -10842, 5498
-1192, -9756, 4680
*NOTE-2017.04.04@14:11:51 - 1
-1960, -9100, 5036
-1280, -8562, 4044
-946, -7664, 3536
-1052, -8296, 3062
-662, -7418, 2556
-1656, -7170, 2944
-1458, -7738, 2248
-2058, -7086, 3026
-2424, -8562, 3930
-1990, -8144, 4126
-2656, -9764, 4436
-2718, -9900, 6214
-3152, -11584, 8362
-2568, -11234, 9010
-2168, -11442, 8806
-620, -8992, 12626
-2478, -6540, 10502
-236, -6246, 8054
-2454, -6580, 4706
-1002, -3372, 7880
532, 920, 4348
52, 1222, 3532
1322, 2306, 3782
-192, 3216, 2282
506, 4384, -86
-410, 5690, 616
1626, 6744, -2780
2148, 4744, -3708
-2176, 6212, -2830
-1716, 8548, -4540
1434, 10708, -8676
-1198, 6000, -6434
-300, 6510, -5866
810, 7026, -6876
572, 5566, -5166
-76, 6466, -2594
150, 4954, -1784
-446, 3264, -1266
18, 3426, 3652
2370, 1140, 124
-72, -1728, 2920
-336, 380, 12468
1810, -4388, 5110
1976, -5580, 1804
788, -6728, 14286
2622, -5318, 9128
156, -9328, 4516
-1530, -8534, 13604
1946, -8322, 3064
-558, -9606, 5888
-506, -9420, 6300
-1062, -9636, 4958
-2042, -9920, 4628
-1336, -8706, 4174
-1202, -8820, 4016
*NOTE-2017.04.04@14:11:54 - 1
-598, -7588, 3600
-1058, -8078, 3512
48, -7676, 1846
-1242, -7548, 3586
-1214, -7024, 3140
-1266, -7560, 2574
-1294, -6898, 2668
-2354, -8346, 4206
-2350, -8902, 4594
-1684, -9388, 4568
-1728, -10736, 5452
-1816, -10740, 8276
-1544, -12516, 8170
-1736, -11304, 9302
-1152, -11070, 8162
340, -5486, 12156
6, -9518, 6382
-2592, -6428, 7556
-1754, -3020, 9340
1044, 350, 2520
-244, -46, 2160
1932, 4172, 3046
510, 3734, 2068
1232, 3860, 752
-10, 5644, 1406
1472, 6138, -1516
478, 5300, -3254
-1050, 6926, -4026
-386, 6712, -5262
1200, 9142, -8486
-2264, 5982, -6632
-914, 7464, -7096
-568, 7318, -4538
-96, 7100, -3658
-56, 5712, -2214
-574, 2576, -184
2652, 6098, -1476
1440, 822, 602
1212, 2350, 4410
464, 1518, 7226
2384, -540, 2912
-924, -2340, 7064
1570, -3678, 8808
1886, -5034, 6514
560, -5974, 4598
-1706, -8038, 15266
-690, -9748, 7424
336, -6524, 6324
-100, -10464, 8480
-1446, -10210, 5390
346, -9320, 4830
-778, -10254, 3624
-2478, -9040, 6330
-1806, -7858, 5040
*NOTE-2017.04.04@14:11:56 - 1
-710, -8592, 2852
-1422, -7738, 3190
-1096, -7216, 2592
-2512, -7458, 3402
-1894, -7458, 2136
-912, -7738, 1838
-2034, -7786, 3304
-2898, -8042, 5112
-1632, -9560, 4140
-1656, -9782, 5474
-1606, -10114, 6822
-2002, -10340, 9094
-1406, -11174, 8042
-962, -9194, 9718
-94, -9452, 7296
-2958, -9474, 8718
-968, -4828, 8902
4590, -1248, 3464
-4254, -3114, 6192
928, -2368, 2702
602, 1382, 1524
460, 3114, 1356
-544, 4334, 1718
1768, 5294, -2156
428, 5726, -1758
106, 5628, -3240
1108, 6376, -6346
130, 6314, -7072
1798, 9774, -8306
1350, 6140, -8980
1020, 7540, -7536
688, 6980, -5682
912, 6046, -4554
872, 5636, -3252
846, 4368, -1314
994, 3948, -728
692, 2890, 1758
518, 282, 1130
974, 672, 6526
-918, -546, 7030
1044, -4046, 4136
2074, -6346, 9774
-840, -6204, 6738
406, -7516, 10858
-1474, -10810, 7558
-4300, -9664, 10196
2518, -8672, 4738
-2818, -11460, 5846
-1282, -9480, 5458
-1846, -9882, 4348
-3526, -9564, 6108
-1648, -7894, 4394
-1170, -8280, 3714
*NOTE-2017.04.04@14:11:59 - 1
-748, -7766, 2464
-2012, -7248, 3626
-1952, -7144, 3448
-1942, -7040, 3104
-1892, -7030, 2872
-2264, -7196, 2478
-2250, -7872, 2484
-1378, -9260, 3800
-636, -9152, 4372
-1200, -11034, 5728
-3434, -9858, 9910
-3352, -11218, 8906
-2618, -10242, 8574
-4730, -9716, 10792
-3284, -6062, 10656
-2890, -7578, 7670
-3274, -6430, 5660
-2818, -3652, 8650
2, -2284, 4308
-292, 568, 2370
-1084, 1692, 4190
-386, 3398, 1400
170, 4340, 290
976, 4670, -2844
1554, 5806, -5474
-1166, 6576, -2726
806, 6322, -7044
590, 6404, -7582
-474, 7422, -7690
298, 4684, -8258
-790, 6886, -5940
-338, 6534, -4238
656, 6610, -3382
918, 4718, -2458
760, 4322, -1674
772, 3362, 1642
688, 2524, 1882
744, 2212, 1680
-112, -1182, 4910
-2852, -1438, 7048
-202, -2244, 7086
3940, -5634, 6062
-752, -6994, 7538
-3520, -11842, 6500
-3006, -7924, 12468
-362, -9916, 4402
-2466, -9198, 7622
-1512, -9718, 5730
-2700, -10266, 6174
-2098, -9576, 4914
-3004, -9354, 6208
-424, -8614, 1836
*NOTE-2017.04.04@14:12:02 - 1
326, -8562, 2302
-1244, -8438, 4304
-678, -7426, 2812
-466, -7530, 1692
-1594, -7180, 2344
-1644, -6984, 2358
-2042, -7682, 2872
-1496, -8788, 2656
-1628, -9318, 4700
-1402, -10952, 5606
-56, -11426, 8318
-716, -13370, 5800
806, -11620, 7404
-1414, -11136, 8816
-1072, -9406, 9218
-1664, -5174, 11570
858, -6792, 4658
-1728, -5172, 5842
-998, -1952, 8858
1170, 82, 4164
152, 352, 3966
748, 2650, 2472
1718, 3444, 890
44, 4196, 716
562, 5896, -2214
1688, 5440, -5154
290, 6668, -6250
810, 6248, -6700
1502, 7364, -9818
1352, 6796, -6246
1740, 6540, -6156
1068, 5352, -3760
2046, 4696, -3280
480, 5166, -1578
750, 4900, 1260
-612, 1862, 1800
2548, 2448, 2108
1434, -158, 2288
-1088, -2304, 6910
626, -2962, 7142
2498, -7138, 10230
-1204, -6656, 7400
-1602, -7306, 9068
-60, -11356, 9982
-1104, -9768, 2272
-96, -9988, 8034
-2518, -12772, 4764
-3110, -9372, 7382
-3432, -10302, 4892
-3036, -7884, 5230
*NOTE-2017.04.04@14:12:04 - 1
-1814, -7808, 3740
-428, -7786, 2404
-1114, -7704, 2058
-2086, -7320, 3836
-1566, -7000, 2406
-1856, -7222, 1766
-1894, -6964, 2268
-3416, -7196, 3342
-2832, -8632, 3534
-2016, -9110, 7254
-2128, -11120, 8944
-2568, -13460, 8942
-2758, -12346, 8964
-3656, -11570, 8062
-3764, -9008, 10272
-2530, -7242, 9684
-2738, -4734, 8030
-228, -3338, 4326
-1518, -1470, 3726
-306, -860, 4062
-286, 1654, 2990
160, 1860, 812
-174, 4010, 1812
-798, 5724, 1208
1626, 5926, -2980
530, 5770, -2954
-1124, 6614, -3488
1238, 7036, -6796
384, 7348, -7334
590, 8082, -6764
426, 7364, -6034
-354, 6410, -4932
506, 6230, -4498
564, 5644, -2680
1072, 4658, -2208
1114, 4920, 772
510, 2664, 252
618, 1546, 3208
250, -70, 530
-1310, -2168, 9238
-1880, -2710, 9054
-270, -3658, 2726
358, -7234, 13052
-1398, -8328, 5886
-2228, -9508, 5918
144, -10626, 11916
178, -11046, 4740
276, -9688, 4962
-2778, -10920, 5934
-4880, -8860, 8246
-2158, -7896, 3626
-2908, -8146, 4140
-388, -7612, 1976
*NOTE-2017.04.04@14:12:07 - 1
-590, -7858, 2654
-1146, -7496, 4430
-262, -7458, 2606
-18, -7488, 1400
-930, -7746, 1568
-1004, -7026, 1864
-1716, -7244, 2984
-1996, -8496, 4100
-3050, -9350, 7618
-1760, -11018, 6110
-2032, -13460, 6190
-218, -11838, 6946
-1396, -11602, 8506
-118, -10702, 8352
646, -9400, 2268
-1256, -7764, 7770
1098, -3820, 5922
-512, -3670, 7524
22, -1184, 6018
820, -1280, 4920
1012, 1142, 3024
146, 3680, 3340
-604, 4918, 946
1228, 4136, -1832
84, 5718, 384
684, 6680, -3128
904, 6522, -3430
-492, 7560, -3428
326, 7130, -6246
814, 7684, -5724
1842, 7146, -7558
1096, 8276, -6618
980, 6680, -5570
794, 6076, -3748
1172, 6058, -1818
2212, 4100, -2568
472, 3378, -1888
-772, 4562, 3810
1434, 1150, 2692
1466, -1002, 1598
52, -1928, 8170
1142, -4302, 7980
714, -6106, 3192
96, -8636, 6034
582, -9960, 10156
-358, -10290, 5358
-4348, -10118, 10660
870, -10814, 8464
596, -10828, 4272
-3760, -11326, 7116
-3224, -8608, 5868
-2712, -8948, 5088
-1714, -8234, 3062
-2062, -8012, 3480
*NOTE-2017.04.04@14:12:09 - 1
-1688, -7696, 2416
-1216, -6858, 2076
-2172, -7578, 2898
-2012, -6520, 2846
-1762, -7232, 2058
-1806, -7168, 2322
-3126, -8662, 4414
-2150, -8400, 4896
-1634, -9790, 4622
-986, -10250, 5256
-2460, -10398, 7970
-1112, -10194, 7520
-2424, -9876, 9462
-2192, -9254, 9196
-1604, -5904, 11484
-3284, -6436, 9374
-3350, -6230, 8990
2344, -2660, 3032
-1558, -1580, 6354
-660, -722, 4520
1436, 1514, 1978
64, 2520, 1882
-178, 4706, 504
654, 5816, -1806
1824, 5526, -1606
1314, 6280, -2992
-420, 7226, -3216
1622, 7352, -6540
1080, 6950, -6508
-252, 8040, -4224
2006, 8086, -7950
1066, 5236, -4418
-190, 6830, -1800
1640, 6070, -1868
762, 6082, -568
1536, 6488, -1182
902, 2376, -254
762, 1366, 1650
950, 1404, 6216
1178, -2656, 2232
-926, -5202, 2906
838, -7604, 12676
490, -7142, 6120
-372, -9494, 5714
1186, -12122, 10172
-730, -9472, 8214
-1906, -11758, 7406
922, -8928, 6294
-3510, -10816, 7468
-1144, -8468, 4806
-2072, -8066, 4988
-2660, -7664, 5470
-438, -8190, 1458
-328, -7464, 2148
-1490, -7556, 3100
*NOTE-2017.04.04@14:12:12 - 1
-686, -7756, 1682
-1542, -7502, 2372
-960, -7688, 1338
-1562, -7026, 2472
-2040, -6988, 3246
-2112, -8428, 3090
-2502, -8830, 4602
-1544, -9528, 5434
-1138, -9358, 7728
-2898, -11996, 9262
-1416, -9990, 8302
-3978, -10448, 10398
-2808, -9624, 8174
-1498, -8386, 7806
-1910, -6946, 8138
-338, -5460, 4772
-1834, -2110, 7832
928, -446, 2228
-714, 90, 4478
-506, 3520, 3504
-250, 3478, 1600
1150, 4294, 2026
1572, 5176, -792
3582, 5858, -3066
480, 5408, -4016
874, 7894, -6384
1880, 4594, -9108
1416, 8648, -6762
2680, 7614, -7188
2116, 6362, -6386
1010, 6984, -2954
1328, 6314, -3140
1648, 5168, -1848
608, 5222, -1450
1332, 4440, -722
1438, 2258, 2324
680, 1802, 3164
890, -98, 8130
812, -2036, 3184
952, -2720, 6288
1652, -4690, 11190
-876, -6814, 3736
876, -7766, 8238
278, -9784, 12798
1042, -9426, 3268
-534, -8530, 8910
-56, -10024, 8288
-868, -12276, 4174
-1630, -8422, 5578
-2354, -8970, 5284
0, -9020, 1388
-1014, -7764, 4020
*NOTE-2017.04.04@14:12:15 - 1
-1420, -8764, 3694
-388, -8196, 1646
-1782, -7414, 4158
-1426, -7180, 2906
-1132, -7442, 1744
-1772, -6882, 2174
-2276, -7318, 2734
-2376, -8126, 2760
-1894, -8174, 3744
-2072, -10056, 4880
-1034, -10774, 3906
-404, -9890, 5734
-382, -11412, 7016
904, -11484, 7722
-464, -11556, 9294
-254, -11954, 4546
-1088, -6438, 7898
3752, -3538, 2454
-3008, -3254, 11510
4086, 3582, 7286
6704, -2690, -1048
-2578, 1408, 8028
-314, 3318, 6412
918, 1928, 424
1158, 4214, 848
-1020, 6314, 1814
794, 5968, -886
1934, 6424, -1462
1380, 6720, -3076
-1726, 6478, -1748
2390, 7498, -6918
-8, 7758, -3224
1238, 8050, -6050
1346, 6336, -5260
986, 8110, -4558
702, 6946, -4602
208, 8502, -3248
774, 5410, -2438
608, 6004, -3104
482, 4930, -926
1354, 3926, -830
1620, 1660, 672
1116, 850, 5496
1756, -942, 2548
-1356, -4392, 4508
1432, -4854, 12170
2346, -5850, 5938
1712, -7250, 6390
-640, -10394, 6362
-6970, -7598, 13276
394, -7152, 6044
-3838, -10372, 7216
-2424, -6802, 8904
-3662, -9200, 6878
-3166, -7326, 5256
-2694, -6722, 4792
-3100, -6534, 5206
*NOTE-2017.04.04@14:12:18 - 1
-2488, -8114, 2026
-3016, -6628, 3522
-3588, -7084, 3812
-2798, -6842, 3176
-1788, -7194, 1792
-1938, -7034, 3566
-2284, -7404, 3856
-1290, -7268, 2270
-1812, -7284, 3458
-1814, -7316, 3264
-2086, -7504, 3980
-1704, -6702, 3320
-1224, -6816, 2180
-1314, -6070, 3040
-1668, -5886, 3098
-1314, -6540, 2466
-1056, -5218, 3698
-1340, -7326, 2804
-1304, -5770, 3862
-2194, -7502, 4896
-1190, -6644, 3858
-1482, -6750, 4392
-1738, -6424, 4352
-2056, -7538, 4336
-1516, -6988, 3894
-2478, -6892, 6048
-2570, -7488, 4804
-2130, -6472, 5784
-1996, -6798, 5260
-2026, -6460, 5298
-1842, -5480, 5234
-1988, -4200, 5612
-2436, -3394, 6490
-2592, -2630, 6512
-3918, -2300, 6318
-5098, -1284, 5424
-5766, -1242, 3746
-6494, -1190, 2372
-8102, -1154, 2374
-7828, -5472, 634
-9218, -5406, 2916
-6936, -4946, -566
-4660, -4398, -746
-7822, -3768, 2386
-8678, -1064, -6620
-9458, -4776, 2098
-6914, -2706, -4122
-7892, -2866, -594
-6858, -2330, -2846
-7004, -2462, -2522
-7080, -3196, -2258
-7534, -3534, -2836
-7474, -2854, -2542
-8070, -1332, -1812
-8254, -2932, -1274
-7460, -4336, -2486
-9126, -3310, -210
-8424, -2216, -946
-7990, -1948, -802
-7230, -2744, 2450
-8070, -1872, 4588
-6434, -1902, 2932
-7682, 786, 4878
-6460, -1074, 6318
-5668, -1096, 6292
-4778, -1884, 5928
-1964, -1492, 4856
-2510, -1414, 5576
-1316, -2234, 5336
-1396, -2886, 7426
-1558, -3456, 4482
-918, -4620, 5824
-960, -5200, 8184
256, -4882, 9100
-278, -3980, 8706
646, -1874, 6800
-2404, -1942, 5820
-3394, -2578, 3996
-2470, -1532, 6866
-4552, -2904, 7232
-3312, -730, 6580
*NOTE-2017.04.04@14:12:22 - 1
-1694, -1316, 4130
-4338, 274, 5676
-5504, 164, 3540
-7814, -792, 5968
-7096, -178, 4208
-6744, 458, 2594
-9230, 894, 5432
-7870, 990, 3784
-7834, 1482, 2836
-8042, 2494, 2478
-7922, 2998, 2252
-6696, 3600, 888
-6640, 4526, 162
-6370, 3414, 498
-5988, 4054, 342
-5972, 4546, 64
-6336, 4348, 456
-6432, 7214, 766
-7120, 4688, 1072
-4306, 3582, -1686
-7194, 5776, 1750
-5542, 5464, -270
-5806, 5382, -324
-7444, 4338, 324
-6182, 5922, 208
-5734, 5478, 104
-5094, 5554, -450
-6474, 4948, 264
-5770, 5310, -328
-5626, 4422, -990
-6806, 5962, 94
-6984, 5296, -510
-6634, 4872, -288
-4976, 5422, -1086
-5832, 5142, -328
-5916, 5166, -386
-6050, 5334, -334
-5836, 5378, 402
-5624, 5618, -948
-6416, 4984, -424
-6394, 5018, -734
-5990, 5896, -158
-5942, 5214, -724
-5824, 5218, 246
-6038, 5138, 600
-6312, 5310, -184
-6354, 5142, -116
-5938, 5366, -60
-5818, 5246, -92
-5700, 5244, 312
-6568, 5138, 382
-6180, 5218, 82
-6028, 5252, -308
-6510, 4948, 678
-6200, 5250, 608
-5760, 4976, -16
-6676, 5270, 592
-5936, 5230, -146
-6582, 5174, 1226
-5612, 4656, 1704
-5622, 5562, 1128
-4650, 4074, 2844
-6518, 5634, 2044
-6788, 4734, 1426
-5634, 4484, 1496
-5792, 5720, 242
-6560, 5144, 2734
-5752, 5002, 1054
-5700, 5682, 290
-6310, 5066, 2980
-5846, 4916, 1376
-5992, 5216, -518
-6394, 5160, 3086
-5672, 4536, 1566
-5660, 5410, -210
-6100, 4862, 2952
-6114, 5012, 2002
-4826, 5138, 418
-6110, 5186, 1466
-6340, 5264, 696
-6086, 5470, 18
-6208, 5118, 554
-6116, 5312, 712
-5844, 5250, 326
-6026, 5288, 458
-6076, 5188, 372
-5974, 5394, 52
-6036, 5268, 532
-6046, 5302, 266
-6010, 5316, 306
-6032, 5302, 70
-6008, 5348, 304
-5852, 5278, 82
-6022, 5406, 112
-6126, 5334, 96
-5994, 5284, 368
-5974, 5342, 242
-5964, 5330, 118
-5984, 5248, 372
-5946, 5306, 264
-5696, 5344, -110
-6246, 5324, 352
-5810, 5268, 30
-6334, 5422, -34
-6598, 5710, 138
-5066, 5348, -222
-6210, 5130, 932
-6144, 5200, 416
-5840, 5306, 40
-6166, 5212, 492
-6068, 5356, -64
-6066, 5208, 278
-6216, 5340, 260
-5708, 5302, -212
-6334, 5022, 1340
-5602, 5204, 240
-5690, 5564, -692
-6192, 5636, -1278
-6194, 5326, -770
-5172, 5218, -1348
-6500, 5126, 222
-5986, 4992, -356
-6042, 5208, -196
-5334, 5618, -564
-6322, 5374, 224
-6062, 5278, -252
-5846, 5272, -448
-6046, 5270, -410
-6042, 5270, -24
-6090, 5382, -20
-5836, 5320, -524
-5986, 4974, -762
-5954, 5912, -1242
-6454, 5566, -460
-6062, 5288, 474
-6728, 4966, 1176
-5376, 4694, -276
-6726, 5542, 440
-6008, 4876, 254
-5926, 5382, 34
-6582, 4922, 434
-6048, 5184, 256
-5814, 5028, 84
-6752, 4882, 1248
-5990, 5060, 630
-6066, 4956, 526
-6242, 4884, 714
-6378, 5058, 654
-6040, 4956, 936
-6018, 5030, 1034
-6054, 4948, 974
-6388, 5058, 1172
-6072, 4926, 112
-5724, 4926, 1192
-6168, 5026, 880
-5834, 5044, 382
-6992, 5266, 264
-6386, 5266, -120
-5960, 5010, 342
-6014, 5102, 528
-6066, 5216, 20
-6106, 5314, 90
-6432, 5178, -72
-5826, 5144, 370
-5998, 5208, -58
-6192, 5156, 100
-6102, 5166, -82
-6042, 5136, 2
-6060, 5236, 70
-6056, 5270, -92
-6132, 5326, -216
-6266, 5246, 354
-5934, 5028, 322
-6404, 5158, 322
-6084, 5260, -134
-6054, 5154, -122
-6152, 5122, 48
-6396, 5376, -104
-6506, 5160, 452
-5810, 5298, 118
-5672, 4780, 614
-6200, 5024, 792
-6172, 5108, 830
-5874, 5102, 556
-5906, 5146, 106
-6712, 5310, 336
-6170, 5130, 330
-5920, 5258, -180
-6276, 5008, 334
-5822, 5106, 498
-6110, 5250, 4
-6306, 5392, -144
-5870, 5528, -634
-6012, 5322, -250
-6006, 5298, -548
-6104, 5772, -222
-6026, 5784, -106
-6084, 5702, -30
-5642, 5672, -950
-5222, 5750, 922
-6512, 4704, 552
-6386, 5476, 14
-5490, 5540, -402
-5754, 5356, -38
-6270, 5490, -80
-5966, 5188, -28
-6004, 5418, -206
-6042, 5408, -254
-5902, 5304, -186
-5960, 5306, -252
-5916, 5320, -348
-5960, 5278, -254
-5998, 5434, -6
-5968, 5344, -150
-5702, 5648, -400
-6498, 4912, 218
-5818, 5300, -66
-5112, 5570, -1124
-6950, 5410, 928
-5764, 5080, -590
-5604, 5236, -630
-5238, 5412, -1430
-7530, 5746, -314
-6040, 5300, -512
-6092, 4900, 374
-5862, 5468, -650
-6654, 5342, -86
-5836, 5220, -476
-6212, 5208, 26
-5926, 5220, -556
-6126, 5246, -256
-5784, 5490, -666
-6140, 5120, 120
-6170, 5336, 122
-6286, 4910, 238
-5964, 5106, 300
-6466, 5796, -1190
-6464, 4746, 1324
-5468, 4426, 2048
-6358, 5350, 694
-6370, 5010, 272
-5856, 5208, 374
-5846, 5070, -18
-6622, 5394, 344
-6218, 5144, -194
-5848, 5286, 52
-6140, 5104, 174
-6094, 5176, 198
-6196, 5150, 158
-6034, 5272, -2
-6032, 5092, 388
-6182, 5188, 138
-6118, 5206, 218
-6032, 5184, 270
-6100, 5248, 206
-5964, 5188, 166
-6186, 5102, 278
-6092, 5210, 190
-6030, 5232, 104
-6142, 5278, 88
-6030, 5140, 42
-6088, 5208, 188
-5928, 5254, 776
-6366, 4402, -914
-6252, 5430, 810
-6074, 5172, -620
-6464, 5284, 570
-5838, 5222, -12
-6280, 5114, 290
-6130, 5260, 458
-5898, 5282, -126
-6232, 5160, 460
-6018, 5396, 712
-6268, 5364, -388
-6082, 4956, 384
-6030, 5372, -324
-6072, 5072, 350
-5684, 5392, -978
-6720, 5344, 840
-5582, 4812, -1336
-6230, 5358, 166
-6410, 5184, 514
-5828, 5506, 6
-5846, 5084, 656
-5834, 5318, -976
-5690, 5182, 474
-6766, 4992, 782
-5258, 5218, -768
-6558, 5194, 116
-6296, 5266, 122
-5822, 5204, 62
-5954, 5360, -52
-6134, 5246, -142
-6162, 5306, 136
-6068, 5216, 28
-5908, 5310, 16
-5998, 5264, 32
-6482, 5326, 270
-5656, 5402, -548
-6064, 5142, 586
-5648, 5126, -1910
-5476, 5216, 792
-5676, 5344, -472
-6316, 5334, -342
-6252, 5152, 254
-6198, 5372, 20
-6026, 5320, -402
-6252, 5276, -436
-5694, 5124, -652
-5924, 5200, -162
-6576, 5594, -360
-6128, 5196, 138
-5570, 5046, 260
-6300, 5372, 158
-6006, 5310, -378
-6104, 5262, -278
-5970, 5384, -342
-6150, 5200, 68
-6310, 4784, 386
-5632, 5688, -1094
-6388, 5250, 464
-5670, 5026, -490
-6298, 5276, 158
-6028, 5258, -436
-5996, 5296, -394
-5898, 5448, -310
-6002, 5394, -836
-6976, 5512, 486
-5282, 5114, -586
-6572, 5040, 284
-6004, 5428, 250
-6022, 5348, -146
-5964, 5450, -210
-6190, 5248, -160
-5792, 5352, -10
-5820, 5256, -46
-5488, 5554, -612
-5982, 5482, -348
-5862, 5566, -442
-5690, 5518, -1130
-5422, 5846, 720
-5900, 5490, 18
-5546, 5526, -342
-5686, 5730, 168
-5726, 5480, -304
-5692, 5486, -86
-5714, 5794, -142
-5376, 5706, -606
-5446, 5856, -236
-6442, 5544, -88
-5208, 5448, -852
-5656, 5800, -492
-5860, 5426, 448
-5450, 5804, -162
-5564, 5516, -384
-5362, 5672, -1004
-5528, 5628, -72
-6738, 5326, 886
-6042, 5772, -922
-5102, 5682, -1294
-5868, 5586, -988
-6226, 5294, 110
-5594, 5940, -1494
-5088, 6256, -1660
-7378, 5502, 1568
-3896, 5082, -2478
-6104, 6220, 124
-5846, 5276, -436
-5820, 5554, -188
-5686, 5766, -1156
-5992, 5408, -428
-5308, 5630, -1114
-5786, 5672, -796
-5872, 5722, -824
-5318, 5724, -1438
-5256, 5886, -2646
-6104, 4646, -3050
-3722, 6558, -214
-5114, 5752, -5492
-7752, 5474, -2692
-3420, 5008, -3556
-4912, 5352, -3652
-3846, 5922, -5240
-5124, 5256, -4330
-4904, 5848, -2938
-3480, 5626, -5916
-5330, 5286, -3090
-4654, 5550, -4540
-4956, 5296, -4512
-4120, 5402, -4130
-5104, 5350, -3872
-4156, 5938, -3130
-5104, 5326, -3950
-4314, 5682, -4150
-5234, 5648, -3996
-4680, 5036, -3266
-4684, 5860, -4476
-4798, 5456, -3310
-4888, 5618, -3786
-4828, 5522, -3706
-5116, 5814, -3816
-5536, 5992, -2882
-5220, 5362, -3924
-5298, 5844, -2766
-7456, 6674, -1482
-5990, 4876, -482
-4934, 5002, -1082
-3182, 5516, 96
-4486, 7444, 2314
-4916, 5232, 2036
-4930, 5664, 1728
-6170, 5392, 1500
-4528, 5442, 1670
-5270, 5738, 3228
-4380, 5684, 1762
-5202, 5620, 3122
-5228, 4540, 4026
-4420, 5720, 2528
-5196, 4714, 3534
-5320, 5686, 4358
-4926, 4306, 5612
-4660, 4784, 5118
-590, 3542, 3536
-4846, 2732, 7988
-2480, 3562, 5608
-836, 3272, 5926
-1670, 3126, 6346
-1264, 2856, 7192
-3682, 2954, 8214
-312, 1990, 5304
-2640, 680, 8702
-2532, 30, 6416
-3076, 618, 7744
-3884, -1462, 9206
-1202, -1604, 6664
-720, -2652, 6896
-3610, -1820, 9114
-650, -1806, 6652
-1762, -1742, 8714
-2506, -2626, 7180
-834, -3160, 6908
-1170, -3078, 7076
-2152, -2082, 7470
-1096, -2246, 6802
-1324, -3440, 7268
-1686, -3986, 6566
-2060, -3458, 7646
-610, -3326, 6750
*NOTE-2017.04.04@14:12:44 - 1
-1290, -2884, 7264
-1382, -2796, 7460
-1236, -2526, 6512
-1984, -2974, 7056
-1454, -2354, 6826
-764, -2182, 5616
-552, -1946, 6260
56, -1480, 6570
-720, -954, 7624
-1072, -776, 8504
-2132, -604, 8218
-3212, -548, 11206
-2496, -1314, 7642
-2026, -2678, 5104
-4044, -4320, 7910
-1828, -2894, 6112
-3068, -2956, 6634
-2970, -2698, 6600
-2780, -3438, 6888
-2670, -1774, 6964
-3084, -2042, 7380
-2236, -2098, 6732
-2878, -2298, 7602
-1856, -2296, 7398
-2988, -1816, 7606
-2076, -2484, 6312
-2220, -2102, 5946
-3212, -2898, 6674
-3646, -2736, 8450
-2716, -1584, 8196
-1416, -2464, 7214
-2256, -2620, 6742
-2704, -2268, 7404
-2354, -2996, 6962
-1840, -2426, 6706
-1856, -3150, 6860
-1918, -2802, 6950
-1904, -2996, 6402
-2800, -3402, 6306
-2140, -3432, 6668
-1926, -3010, 6994
-1658, -1514, 7598
-2370, -2136, 7120
-1136, -3048, 5130
-4674, -5646, 7290
-2566, -2964, 7202
-2806, -5664, 6602
-3178, -5406, 6160
-1198, -6304, 4674
-1684, -6450, 3488
-1290, -9896, 2658
-2850, -10744, 3320
-1554, -9174, 2994
-982, -9680, 250
-752, -8072, 478
-270, -4488, 1608
-330, -2912, 2258
208, -6494, 700
1336, -10538, -1506
-48, -7470, 830
-256, -7672, 1458
1398, -7606, 1162
-524, -7958, 3694
338, -6606, 3154
-296, -7346, 3790
-1772, -7116, 4138
-1486, -8344, 3252
122, -5672, 1122
96, -7730, 2478
-522, -7210, 3888
-84, -7968, 1718
800, -7586, 2514
1858, -7180, 1654
258, -7790, 2950
-1012, -8506, 3352
-470, -8026, 2886
-334, -8126, 3114
-1080, -7938, 4080
-606, -8152, 2664
-1442, -7624, 2126
-2324, -8018, 270
-3060, -7000, 482
-3156, -6404, 652
-1320, -6604, 1022
-1902, -9138, 1592
-1094, -7112, 2422
-2010, -8520, 2838
-1224, -7334, 2002
-3146, -7860, 2222
-3120, -7652, 1848
-2036, -7122, 1300
-1846, -7882, 1660
-608, -8290, 1170
-402, -7438, 1328
152, -6774, 2124
-246, -8124, 2860
-220, -7986, 2370
-14, -7558, 1630
1068, -7998, 1172
-450, -8636, 3182
1052, -7478, 1956
1294, -8092, 3770
456, -8688, 2656
1276, -7668, 696
*NOTE-2017.04.04@14:12:49 - 1
-740, -7654, 1780
-166, -7402, 2030
146, -8168, 2108
-138, -8398, 1030
1362, -7340, -756
646, -8520, 370
1066, -8642, 1526
1830, -7888, 2234
-76, -8660, 1844
374, -7358, -216
-1770, -9330, 1142
-856, -7680, 1516
328, -7638, -404
-1130, -8258, 2942
-504, -7136, 2404
568, -7620, 1906
164, -8520, 2308
502, -7218, 2560
214, -8146, 2942
1530, -6822, 1764
216, -7426, 3074
-14, -8120, 2954
20, -7344, 3254
228, -6706, 3006
-120, -7068, 3084
932, -7494, 1440
-234, -6646, 3180
-1456, -7456, 3408
166, -7214, 2008
-2034, -7972, 3734
584, -9164, 840
216, -5882, 2584
-402, -7966, 1568
-902, -7714, 2710
24, -7736, 1062
-1062, -8456, 1458
12, -6940, 1010
-1000, -6898, 1916
-762, -8118, 1600
172, -7922, 1490
200, -8642, 1914
272, -7586, 3080
-1340, -8188, 4366
790, -7850, 1844
-774, -8042, 2556
-176, -7312, 1606
-190, -7882, 1472
-900, -7840, 2290
-398, -7836, 2048
-358, -7646, 2510
-1278, -8160, 7520
-1564, -8986, 8008
-2418, -10290, 8306
-2786, -10142, 10666
-2624, -10830, 8786
-2368, -9644, 9858
-2060, -8642, 8672
-1336, -7474, 7394
-450, -5998, 5810
-912, -3226, 5826
-98, -2236, 3582
-368, -344, 4386
-476, 2442, 5168
-1604, 3600, 2734
930, 3748, 350
1136, 5040, 328
1944, 6454, -1588
276, 6478, -488
952, 8132, -2454
2034, 6216, -4330
1004, 8444, -3626
1348, 6792, -5670
84, 7504, -3960
1070, 7550, -5506
668, 7178, -3870
702, 5932, -3170
376, 5744, -1838
1018, 4160, -1096
1290, 1744, -610
1584, 1722, 3150
1822, -1088, 5198
942, -2010, 5316
1332, -2190, 6660
2770, -6032, 8888
2824, -7412, 9416
702, -8806, 5126
1738, -7468, 10664
2306, -9032, 10616
1440, -10848, 3996
1356, -8888, 8070
-50, -10050, 3902
-1338, -8282, 7476
162, -8372, 5106
-472, -8432, 5186
-1238, -7980, 4986
-706, -7652, 3834
*NOTE-2017.04.04@14:12:54 - 1
-1206, -7654, 3500
-1126, -7802, 3338
-1226, -7832, 4856
-696, -8218, 4868
-1146, -9156, 7004
-58, -9200, 5750
-1576, -9274, 7674
-440, -8730, 7928
-1290, -8008, 9032
-1092, -6366, 9002
-854, -5180, 9194
34, -2972, 7722
-178, -1672, 9234
928, -1446, 3148
-3012, -3526, 8912
2658, 1880, 4416
-986, -1470, 5564
1034, 4416, 3904
1518, 3964, 3776
122, 3818, 3196
3234, 5138, -2396
1256, 5668, -1768
536, 6212, -3938
1858, 6554, -5478
1622, 8048, -4052
2558, 7954, -5272
1760, 8296, -4980
398, 7940, -2116
2116, 6360, -4288
922, 5176, -1838
1814, 7324, -2850
722, 4720, 194
1774, 5384, 548
582, 4262, 3372
1576, 2712, 2884
1254, -240, 2846
1516, 1332, 10540
2378, -2698, 4524
1818, -3256, 5670
1104, -4604, 11612
700, -5768, 6504
2248, -7612, 5932
2628, -7164, 7674
978, -9770, 3792
794, -9410, 4676
1578, -9118, 9030
230, -11416, 4526
-34, -9374, 4690
-1834, -9222, 5888
-1190, -8512, 4758
-950, -8052, 3570
*NOTE-2017.04.04@14:12:57 - 1
-658, -7858, 2696
-1244, -8196, 2108
-1346, -7340, 2236
-1486, -7462, 2270
-936, -7822, 3488
-1478, -8214, 2736
-1496, -8474, 2626
14, -8826, 3138
-1190, -7850, 5328
-1906, -9768, 6780
-1256, -9424, 6182
-2346, -7808, 9892
-2850, -9510, 7952
-2272, -7340, 8848
-2164, -7410, 8322
-2198, -5162, 8184
-1962, -5110, 8394
4108, -18, 2002
2738, -10852, 2040
-1004, 1362, 4658
-2204, 4034, 6988
-44, 3512, 3356
1918, 1878, 78
332, 6244, 1906
-1150, 6610, 2278
3268, 6022, -1204
2790, 5376, -3220
-1302, 7510, 114
1218, 7870, -5338
116, 7798, -3884
704, 8142, -5344
2688, 6412, -5982
1038, 8112, -3412
974, 6964, -3094
666, 5492, -2136
256, 7566, -1832
1394, 4306, -1480
2224, 3904, -318
884, 1970, 2158
226, 1138, 5960
1452, -372, 3020
1616, -1330, 7760
2756, -1422, 12422
2556, -4608, 1508
1906, -5128, 10174
2264, -5100, 9836
966, -8316, 2618
3154, -7350, 12910
1068, -9542, 948
-16, -7978, 8824
-520, -10872, 3858
-2584, -9148, 6016
-386, -8832, 3240
-2166, -9346, 6826
284, -8030, 3892
-914, -8410, 5306
*NOTE-2017.04.04@14:12:59 - 1
-964, -7680, 3972
-220, -7618, 1734
-1152, -7358, 2648
-2114, -7742, 3356
-1408, -8392, 3740
-432, -8092, 4558
156, -9018, 6368
-154, -10744, 5714
102, -10628, 5744
486, -10016, 7516
698, -10470, 7272
-396, -9552, 9068
564, -8632, 8116
1412, -4726, 9464
498, -3912, 8274
2204, -3330, 3222
-392, -1792, 5356
960, -1396, 5270
2316, 1810, 3234
1486, 2716, 2526
1516, 3856, 3088
-12, 3980, 2378
1590, 5830, -1700
724, 4790, -2474
282, 7662, -3696
1410, 6364, -5838
948, 7372, -5966
1472, 7830, -6830
698, 7548, -5752
1232, 6676, -5738
1056, 7136, -5146
612, 5818, -2788
994, 8004, -2266
1076, 4296, -1994
664, 4156, 560
1326, 3770, 2156
716, 168, 1694
1794, -156, 7434
1974, 128, 4220
-412, -2574, 6756
3292, -3926, 6892
450, -5432, 7016
1008, -6888, 8470
4168, -6532, 8808
1568, -9796, 4142
2490, -8908, 12060
6070, -10520, 594
1512, -8944, 5516
-2010, -11194, 8412
774, -8308, 5088
-830, -9194, 3880
-2086, -8690, 4150
-1272, -7962, 4514
*NOTE-2017.04.04@14:13:02 - 1
-1426, -7646, 4276
-712, -7646, 3472
-352, -7776, 3278
-150, -8038, 4036
-314, -8412, 6116
-588, -9286, 7170
38, -10098, 7748
-950, -10746, 7464
88, -10288, 6814
684, -8696, 6636
-214, -7028, 8802
1312, -6230, 8658
1730, -4024, 9182
1820, -3126, 6750
3378, -1672, 4758
98, -1448, 6552
1088, 324, 4546
1954, 2160, 2732
2026, 2472, 3538
2296, 4048, 2066
2452, 4552, 622
1554, 5804, 882
1528, 6132, -162
2848, 4870, -1896
2122, 7536, -3212
2000, 7090, -4344
1136, 7790, -5474
-502, 7090, -3912
2130, 7604, -7396
1446, 7186, -6384
1548, 7976, -3962
1410, 6958, -3400
1826, 6412, -2260
1248, 6282, -2142
696, 5152, -542
1754, 3776, 98
2146, 3056, 756
1170, 1708, 2850
1824, -434, 1736
704, -682, 10512
2726, -1452, 9300
3250, -3236, 5130
3282, -4836, 9670
1234, -6242, 8104
352, -7356, 7816
1354, -8134, 11992
1046, -8490, 4512
2428, -8468, 5332
-292, -10812, 4302
-2454, -10632, 5446
244, -8598, 4412
-958, -8812, 5784
1390, -10374, 3698
-1368, -8400, 5942
*NOTE-2017.04.04@14:13:05 - 1
-1722, -7046, 4492
-1744, -7676, 3270
-1444, -7174, 3972
-2618, -8392, 5582
-656, -8662, 3392
-1794, -9484, 8576
-484, -10208, 10422
238, -11190, 8200
-2152, -11194, 10500
-1142, -11224, 7360
-1536, -7444, 9644
2428, -5520, 4480
1286, -2964, 6196
-862, 376, 6274
3300, 1790, 3176
-280, 1252, 3924
2742, 3168, 1584
726, 3628, 2974
2392, 3730, 694
-892, 5402, 3288
3124, 5616, -902
588, 6792, -672
920, 7232, -2618
1858, 6764, -5736
874, 6896, -5290
1388, 9216, -6026
200, 7596, -5264
1848, 7106, -6758
-216, 7968, -3636
650, 6956, -3458
810, 6216, -3366
-600, 5230, 928
1508, 5262, -2308
224, 2300, 2752
2118, 3188, 5450
2266, -118, 1092
-972, -2338, 8800
2926, -1874, 9946
2442, -3684, 2854
1792, -6754, 12308
2818, -6524, 5392
1084, -7984, 6216
2052, -8652, 10824
5988, -8920, -286
-2936, -8830, 12822
1296, -11804, 4012
704, -9460, 4260
-1966, -9770, 7994
-284, -8854, 4524
-298, -8460, 3696
-1350, -8172, 4040
*NOTE-2017.04.04@14:13:07 - 1
-1038, -7824, 3008
-1086, -7896, 2658
-246, -7238, 2504
-1232, -7378, 3882
-780, -8860, 3414
10, -7586, 4474
-1304, -9560, 6334
-200, -10550, 4840
-538, -8942, 7984
-1070, -11232, 8852
778, -9354, 7598
-744, -9942, 8878
466, -8190, 7422
1272, -6964, 5346
550, -4682, 6942
4348, -3854, 230
-1482, -2754, 9438
4586, -22, 2756
970, 328, 4088
1842, 3824, 3626
1132, 4304, 2888
1544, 5482, 2778
1944, 5322, 1388
2044, 5270, 1186
1588, 5304, -2692
-1084, 8370, -788
334, 7938, -3326
810, 7972, -2860
1414, 8354, -6096
440, 7470, -3698
1408, 6402, -5716
832, 8724, -4608
1492, 7084, -4564
590, 6822, -1792
540, 7450, -2140
954, 4962, -1020
808, 4890, -306
734, 3252, 2206
2730, 1150, 1412
2012, -332, 2882
-688, -480, 10048
3934, -3098, 4100
3018, -4610, 6848
1220, -6902, 7912
2898, -7390, 6010
1412, -9586, 10770
1460, -7582, 5288
4956, -9532, 6036
2832, -8970, 2524
-1756, -11980, 7056
-694, -10692, 5330
632, -9664, 3792
*NOTE-2017.04.04@14:13:10 - 1
-652, -9930, 3558
-198, -11106, 2006
-2148, -6782, 4564
-694, -8150, 3128
170, -8400, 1126
-340, -6922, 4172
-2360, -7458, 4734
-738, -7444, 2016
-1088, -7336, 2554
-2056, -7678, 3388
-2604, -8732, 5544
-1670, -10170, 5686
1520, -12074, 5652
1652, -12324, 7484
3208, -12086, 6924
2632, -10820, 8662
3066, -9158, 7688
994, -6900, 7720
2418, -4360, 5110
-3290, -7982, 10634
2482, -646, 6582
4764, 1922, 1780
698, 980, 4776
1196, 1696, 3192
996, 3190, 2752
698, 4360, 2902
2126, 5810, -1762
344, 5318, -1952
-574, 7130, -2718
1458, 7206, -5162
304, 7252, -4948
250, 7314, -6698
-1220, 8516, -5180
-10, 8622, -5614
-158, 6978, -3950
-156, 8150, -3212
-18, 6076, -332
2080, 6734, -1450
1262, 4676, -324
532, 4382, 2196
2286, 2064, -1012
244, -1298, 2006
248, 1510, 10518
1788, -1618, 2194
1980, -3740, 6544
2172, -4444, 9838
4124, -8116, 964
-1674, -9270, 13796
-1050, -8070, 8254
4200, -9190, 3050
-74, -10068, 8042
-2370, -11746, 7650
2878, -9240, 2234
-2518, -9386, 9162
-1168, -8674, 5928
-458, -8788, 2658
-1574, -7950, 3740
*NOTE-2017.04.04@14:13:13 - 1
-1514, -7704, 3432
-702, -7526, 1968
-1302, -7290, 3268
-1780, -7084, 3578
-1220, -7714, 2704
-1116, -7460, 2638
-1740, -7768, 5026
-1156, -8794, 4694
-1030, -9470, 4760
-558, -9610, 5482
368, -10488, 8318
178, -10722, 9824
600, -10528, 9546
1260, -10330, 7700
1314, -8514, 8210
1348, -6958, 5674
-902, -5780, 9474
7500, -248, 2938
4420, -506, 448
1272, 676, 5902
4236, 3562, 2494
2950, 2134, 2236
1744, 4256, 2322
274, 5198, 1010
1782, 5398, -278
-394, 5930, -1720
132, 7334, -1410
886, 7952, -3930
118, 6764, -4196
-1206, 9368, -3340
-604, 8256, -5728
626, 6876, -6964
-1438, 8400, -3390
-134, 7802, -4042
-596, 6884, -1942
-124, 6630, 208
1966, 6588, -630
874, 5134, -4
1710, 4796, 1012
2232, 2824, 786
2064, 2468, 4068
1346, -256, -360
146, -2832, 4628
3214, -3418, 9192
552, -5668, 2304
1008, -6696, 10958
3052, -10576, 5840
116, -7842, 7886
-278, -12690, 9140
-296, -9676, 6542
1306, -11076, 5222
-1338, -10424, 7242
-542, -9164, 6618
-114, -8872, 4410
-924, -8534, 3742
-1078, -8594, 2820
-700, -8048, 2162
*NOTE-2017.04.04@14:13:16 - 1
-544, -7808, 2458
-994, -7618, 2846
-1612, -6816, 3780
-646, -7436, 2714
-638, -7496, 3320
-1724, -8336, 4058
-1540, -8934, 4546
-148, -9714, 4342
-1110, -10936, 7772
1260, -10994, 7292
1046, -11540, 7324
1814, -10026, 6860
1246, -8204, 7750
230, -7910, 5352
1704, -5150, 5244
-486, -6842, 9940
9108, 222, -2322
3606, -5410, 4504
2216, -110, 5228
1912, 306, 4380
1444, 2500, 2734
936, 3666, 1482
1162, 5532, -576
724, 5546, -2248
552, 6330, -2470
-366, 7068, -2656
-66, 8206, -4588
-526, 8962, -4686
74, 9258, -6672
-40, 6770, -5470
-414, 8766, -5488
324, 6172, -3938
308, 8046, -3668
196, 6024, -2010
-186, 6022, -898
1236, 4970, -382
1352, 2872, -608
1314, 1658, 4294
3394, 1154, 868
1534, 1198, 9554
1758, -898, 5084
3750, -4582, 3582
2064, -4556, 8180
3318, -5890, 6110
2298, -9302, 4186
1048, -10392, 5390
2146, -9074, 10868
4034, -11984, 1380
-1782, -11642, 7982
-1056, -11238, 6346
*NOTE-2017.04.04@14:13:18 - 1
266, -9286, 4844
-1458, -9768, 5592
-1502, -9132, 3956
-1152, -8344, 2954
-912, -7954, 2656
-1346, -7698, 3168
-1420, -7126, 3092
-1368, -7672, 2434
-1492, -7408, 3156
-2076, -8286, 4522
-1324, -9158, 5176
-670, -11362, 4346
-1618, -9520, 9644
-1178, -13338, 8650
-1312, -12532, 9144
220, -10140, 6872
-1592, -8878, 8530
30, -6472, 5694
-724, -5330, 5918
646, -1676, 7334
1478, 2194, 3898
1342, -4994, 3678
570, 892, 5438
998, 3984, 3174
1470, 3770, 1974
744, 5168, 2804
92, 6928, 1266
1152, 5414, -1426
1024, 7498, -3144
-600, 6374, -72
1326, 8144, -2448
776, 7558, -4052
912, 8802, -4178
772, 7408, -6712
160, 7612, -5670
176, 8428, -5612
0, 7132, -4644
54, 7468, -4072
244, 5540, -3216
724, 6718, -2338
778, 3768, -2774
2206, 2526, -1292
1588, 1584, 1746
2352, -598, 2758
1190, -3168, 1670
1574, -6360, 5782
1386, -7752, 10604
1264, -7008, 4110
1224, -11510, 10300
996, -11500, 12954
2714, -11820, 3738
10, -11466, 10614
910, -10662, 4836
-2234, -9874, 7112
-1806, -9196, 5720
-780, -8798, 4038
-144, -7780, 1532
*NOTE-2017.04.04@14:13:21 - 1
-1726, -7838, 4098
-1218, -7790, 2970
-1054, -7568, 2670
-1462, -7326, 3158
-1752, -7494, 3392
-1186, -7618, 3264
-2298, -9192, 5890
-1900, -10650, 6788
-62, -10784, 6188
-818, -11890, 7298
-212, -11208, 7338
-478, -11280, 6086
1944, -9568, 6536
2186, -8346, 6798
3704, -6554, 4608
1548, -5418, 6044
4772, -1722, 4912
2476, -540, 4810
3650, -2512, 2864
2726, 682, 4344
2010, 2428, 4564
2336, 4072, 2578
-88, 4262, 2016
0, 6204, -300
1354, 5688, -2500
-722, 7124, -2472
-472, 7678, -3332
-268, 8174, -5480
984, 7038, -6342
-222, 8320, -4124
1290, 6460, -5448
534, 8226, -4364
1104, 7520, -4404
148, 7504, -2512
482, 6888, -2448
340, 5544, -1302
1592, 5440, -1010
2368, 3428, -1016
2598, 1472, 1200
1412, 626, 2650
2660, 428, 7006
2326, -3248, 3722
2180, -3580, 7306
5878, -4032, 8966
1744, -6544, 5020
3056, -7686, 8532
5660, -7380, 5638
2200, -10004, 3412
3134, -9510, 7358
2382, -11212, 2382
752, -10756, 4546
-498, -9934, 3966
*NOTE-2017.04.04@14:13:24 - 1
-3512, -8674, 8042
-1606, -8428, 5410
-170, -8242, 3656
-1142, -7968, 4514
-802, -7590, 3656
-962, -7546, 2932
-898, -7712, 1834
-1232, -7326, 3072
-1604, -7362, 4140
-1446, -8054, 4658
-1684, -8842, 5364
-1020, -9860, 5024
-164, -9862, 6462
122, -10470, 5518
-380, -11390, 7288
1956, -11992, 7702
1944, -9520, 7216
3596, -8996, 5442
3016, -7686, 4984
3250, -4600, 5064
-2790, -3496, 11562
14412, 1536, -11762
-3476, -518, 8726
448, 3366, 8150
2538, 4870, 1984
2786, 2442, 582
-408, 5898, 3620
1126, 7262, 974
1570, 5426, -204
1518, 6782, -678
612, 7072, -1506
634, 7374, -2090
1454, 7340, -5620
4, 6964, -4592
580, 8868, -5522
512, 6840, -4280
734, 8798, -3958
1442, 7146, -4124
-434, 6094, -226
940, 7370, -2222
1096, 2942, -922
2798, 4182, 1106
3318, 2260, 708
1306, -306, 3842
3796, -696, 2964
380, -506, 8138
1956, -2430, 7358
5650, -5976, 2514
1492, -7260, 10628
1302, -8216, 7798
4282, -9718, 7774
2690, -10198, 4698
460, -10632, 7074
1614, -10188, 4914
-660, -10132, 3538
-216, -8546, 5236
-510, -9728, 4362
*NOTE-2017.04.04@14:13:26 - 1
-752, -8262, 4836
-1310, -8230, 4546
-636, -8150, 3138
-890, -7324, 3278
-1138, -7802, 3086
-210, -7258, 1916
-550, -7720, 2148
-404, -7538, 1670
-996, -7174, 4294
-1344, -8994, 4216
-670, -8268, 6716
324, -10272, 5964
1146, -11110, 7410
1722, -11508, 6662
1024, -11442, 7416
1652, -10432, 6120
1342, -8592, 6402
3308, -7160, 3576
2640, -4470, 5746
3386, -5124, 4534
1290, -1036, 9008
19780, -6738, -19552
-1810, -1130, 8056
1808, 2910, 7376
3240, 2566, 3114
3604, 2954, 2084
592, 5154, 4066
2004, 5400, 974
1176, 5356, -80
682, 6278, -2128
-608, 7476, -818
280, 9412, -2096
1096, 6586, -4208
-190, 8044, -4598
1008, 8158, -5186
568, 7696, -4490
-378, 8560, -3028
-684, 7906, -3482
-846, 7212, -1288
974, 7472, -2428
508, 4874, -860
750, 6256, 216
1904, 4556, 664
3280, 3142, 2362
2092, 1038, 4008
3406, 2520, 7096
5038, -2814, -358
4490, 1248, 7174
4318, -2644, 4982
4782, -4202, 4956
2630, -4540, 5150
2060, -7420, 8044
3086, -9584, 5594
568, -10886, 4218
-1874, -9530, 8080
1824, -9146, 8928
1406, -12076, 3094
-450, -8862, 5788
-1272, -10226, 5082
*NOTE-2017.04.04@14:13:29 - 1
362, -8998, 2804
-1156, -8524, 3916
374, -8236, 1504
-766, -8700, 1864
-570, -7908, 1688
-660, -7676, 1730
-674, -7300, 2922
-1298, -7438, 3156
-4, -7790, 1748
-512, -7778, 3076
326, -9852, 836
404, -8016, 3408
-436, -9156, 4286
-1716, -9844, 6114
942, -11380, 4154
1306, -10280, 7604
2182, -10202, 7236
1748, -11466, 6928
3346, -9808, 5970
836, -8658, 6432
3936, -5734, 3168
2318, -6254, 3978
-148, -4430, 6664
4674, -3526, 2102
1694, 848, 6028
1782, 1940, 4692
2044, 1670, 2904
2328, 3464, 2160
2118, 6384, 2088
1508, 5450, 1828
1754, 5864, -28
-338, 6406, -976
-1416, 7324, -782
-634, 7754, -2420
-786, 8464, -2242
-332, 9680, -3220
-28, 7142, -4526
-1240, 8140, -2880
-680, 8540, -3390
-1104, 8364, -2894
-1216, 8158, -2686
-1010, 8716, -1438
-406, 7526, -1388
-76, 8378, -1666
-24, 6182, -960
314, 5190, -1010
1536, 4716, -438
1326, 2166, 2156
3320, 2156, 2868
2602, 196, 1592
1752, -972, 6458
4070, -2904, 5986
5582, -3898, 6452
5162, -5468, 4310
2616, -6304, 11278
3066, -6240, 6868
4248, -7710, 5858
1972, -7440, 9970
-200, -6862, 4950
-1270, -4904, 12012
524, -8656, 4202
496, -6324, 4154
-1858, -7354, 6704
*NOTE-2017.04.04@14:13:32 - 1
-1390, -7860, 4868
28, -7070, 2710
-2018, -7466, 5744
-1346, -7816, 4240
-384, -7490, 2796
-970, -7884, 3872
-1068, -7488, 3964
-776, -7918, 3378
-648, -7904, 3366
-470, -7534, 2734
-1312, -7702, 3338
-1140, -7332, 2360
-1390, -7362, 2526
-1506, -7252, 2296
-1308, -7368, 2314
-1000, -6926, 1640
-1614, -7238, 2940
-1434, -7106, 2252
-1624, -6322, 3086
-1752, -6660, 3286
-1450, -7322, 3084
-1206, -6412, 2142
-1912, -6540, 3286
-1500, -5850, 3204
-1562, -7030, 2948
-1592, -6336, 3510
-3006, -7086, 5118
-3000, -7228, 4902
-2050, -6936, 5184
-2442, -6450, 5350
-2736, -6626, 6598
-2254, -7414, 5028
-2692, -6404, 5880
-1828, -5248, 5258
-1744, -4358, 6192
-1554, -4176, 4826
-1860, -3716, 5484
-2662, -3604, 6666
-1648, -4026, 5362
-2622, -3482, 6648
-2316, -4064, 6266
-3858, -3508, 6844
-3610, -3254, 7128
-464, -4234, 3996
-850, -4926, 5106
-1706, -6416, 8224
2252, -5594, 5418
302, -4424, 4060
-2996, -5856, 7994
-2312, -4356, 8536
-1212, -2752, 8144
-2652, -2850, 9646
-2924, -2430, 8634
-1374, -2164, 7880
-1742, -4718, 7574
-1920, -5018, 6620
-1646, -4098, 6110
-1626, -3742, 5626
-544, -2552, 6088
-1204, -2964, 5762
-264, -2176, 6354
-538, -2378, 6482
212, -2328, 7688
142, -2468, 7668
1558, -1168, 7528
1274, -1608, 7340
548, -1890, 7180
896, -1774, 7360
1000, -2928, 7446
1176, -2896, 7378
528, -4144, 8706
1278, -4104, 7826
3146, -4216, 6782
2472, -3918, 6874
2376, -4996, 6194
1814, -4066, 6558
1766, -3482, 7320
2018, -2048, 7008
2282, -1994, 7324
2730, -1182, 7234
2720, -1018, 7100
2078, -624, 7740
2388, -524, 6322
2204, -826, 6912
2458, -648, 6846
2512, -1300, 6636
2230, -1088, 6366
2374, -860, 6046
1726, -1026, 7078
1802, -1282, 7034
740, -2076, 8570
402, -2516, 8416
888, -2752, 7952
498, -3178, 7182
668, -3646, 7386
688, -3054, 7324
398, -3754, 7540
520, -2616, 8174
1338, -4100, 7470
1078, -4552, 6586
-1284, -3252, 7344
-604, -2196, 5542
-4384, -2552, 8688
-2264, -4450, 6522
-1564, -2394, 7572

-----------------------------------------------
Date: 04.04.2017 - 14:13:38
End log file
