Terminal log file
Date: 05.04.2017 - 15:13:25
-----------------------------------------------

%~>daq start

 DAQ started.
%~>quit
%~>-7260, -1146, 2886
-7002, -454, 2886
-6874, -646, 3068
-5400, -1034, 1622
-5766, -1250, 3150
-7624, -1254, 3794
-5914, -38, 4602
-10952, -1140, 4012
-7144, -1560, 2088
-7320, -1994, 3048
-6232, -5684, 586
-6206, -4306, 468
-5804, -6426, 3538
-4674, -5712, 2040
-2272, -6116, 616
-2584, -7084, 3292
-3456, -7266, 4232
-1654, -7160, 2934
-2732, -6688, 3788
-2396, -7494, 2816
-3546, -7482, 5000
-2788, -7312, 3218
-3448, -7406, 3334
-2878, -7892, 3260
-2622, -7340, 2654
-1378, -7362, 2582
*NOTE-2017.04.05@15:13:27 - 1
-1726, -7790, 2464
-1806, -8152, 1926
-1292, -8664, 3412
-1100, -8114, 1422
-554, -8290, 1104
-822, -6508, 1586
-1610, -5398, 3228
-1700, -6608, 1408
-2366, -6506, 2538
-3084, -7328, 3064
-4082, -8042, 1824
-5360, -8086, -516
-6080, -7392, 452
-6402, -7058, 1842
-4604, -7216, -40
-2130, -7124, -2220
-2428, -7208, -994
-3236, -7434, 964
-2830, -8042, 682
-2430, -8054, 256
-2416, -7776, -38
-2440, -7650, 68
-1594, -9208, 974
-1758, -7734, 3584
-2052, -8374, 3768
-1618, -8392, 2206
-1640, -7338, 1970
-2344, -6912, 2502
-1708, -7000, 1016
-1768, -7122, 494
*NOTE-2017.04.05@15:13:28 - 1
-984, -6350, 162
-964, -6842, -178
-992, -7134, 310
-1798, -8594, 1478
-2398, -7780, 2986
-1054, -9088, 3762
-886, -9384, 6092
-110, -8120, 1628
-140, -8024, -2202
-1394, -8012, -380
-2520, -7624, 1100
-3978, -7512, 2544
-4474, -7698, 4714
-5868, -11042, 7044
-4092, -12926, 9096
-2650, -15154, 9006
-1838, -14318, 9494
-1112, -14968, 8318
-1998, -12172, 8242
1498, -9362, 1068
-3234, -6646, 5888
600, -5666, 2306
-986, -1308, 1340
1650, -650, 1794
36, 2246, -1344
1438, 3356, -2948
-326, 4998, -2912
-570, 7400, -3816
752, 5646, -9448
372, 9726, -9012
1068, 8460, -10358
2248, 7406, -10564
-838, 8270, -5912
-866, 6310, -3954
198, 4028, -4878
-532, 2220, -1650
-136, -808, -1530
-1444, -5336, 1094
336, -6146, -2076
-416, -11570, -672
1440, -14242, 12536
350, -21592, 13962
1380, -15660, 2820
-2132, -15944, 10242
-1046, -15354, 2642
-6588, -14032, 1950
*NOTE-2017.04.05@15:13:31 - 1
-8182, -12884, 4556
-8440, -8270, 7444
-6082, -6764, 6212
-6848, -6034, 8092
-7228, -1370, 9526
-5488, -8620, 3298
-5314, -8968, 5556
-4668, -13240, 5962
-2408, -17182, 8586
-818, -19160, 7656
2392, -15478, 6570
656, -16342, 6638
-1626, -13040, 9612
2318, -7522, 5404
-4122, -8636, 8514
-2312, -2674, 5108
-3074, -1000, 2354
662, 1750, -1850
-324, 736, -2514
1102, 2384, -6342
552, 6720, -8366
-1446, 9210, -7902
-688, 8456, -11072
842, 7318, -12480
-1264, 7348, -10024
-1934, 7068, -7144
-872, 4658, -5552
-1056, 1240, -5836
-1742, -3328, -2974
-572, -5374, 1014
948, -7838, 3802
3342, -10040, 3258
2032, -11374, 5582
-874, -14814, 14576
-1502, -20274, 5422
-4108, -18178, 6922
-778, -18088, 6302
-2662, -15726, 5330
-10632, -19288, 15026
-4302, -7738, 8534
*NOTE-2017.04.05@15:13:33 - 1
-5064, -7262, 8264
-4138, -6280, 6064
-5412, -6424, 7344
-4690, -9234, 5760
-4078, -11402, 3796
-2884, -16034, 5684
1412, -20620, -2526
1306, -19498, 2174
3562, -16486, 2804
648, -15654, 4896
-148, -15420, 6638
1066, -10258, 8632
-420, -9552, 5500
1894, -4058, 1348
196, -2222, -1098
290, 500, -986
1666, 1408, -3910
-668, 5176, -4824
-996, 7432, -7156
-1548, 7032, -7278
-82, 8206, -9958
1314, 8570, -11874
340, 6458, -9280
-382, 6464, -5748
586, 2456, -5274
166, 1342, -4914
-1206, -2644, -1172
-2180, -4064, 2772
1396, -7878, 1486
3806, -10466, 1724
-1244, -14634, 8886
1666, -15692, 8226
-216, -18900, 7660
-3242, -18422, 6552
-1502, -17716, 1978
-8478, -16744, 9644
-8664, -15400, 11346
*NOTE-2017.04.05@15:13:34 - 1
-5692, -6714, 12412
-4534, -6070, 10580
-5496, -7896, 8084
-5910, -7426, 5608
-8006, -13076, 7934
-5086, -16066, 7452
-1620, -18634, 7100
208, -16712, 9296
208, -15976, 6928
-1736, -13582, 12214
1156, -8954, 7956
-292, -4518, 5120
1504, -3206, 1586
214, -1632, 1796
886, 116, -604
-140, 1926, -470
1642, 4410, -5064
336, 5314, -4734
-922, 8242, -7556
-976, 8556, -7660
294, 10866, -10152
80, 7296, -8844
1144, 5714, -6128
1002, 4842, -5472
418, 2172, -4286
-460, 1466, -2090
-782, -2172, 2368
438, -5326, 612
856, -7366, 2602
-760, -8448, 9470
4292, -12666, 9528
-968, -7650, 2690
120, -14038, 12464
-3950, -20670, 2530
-4950, -9744, 6440
-7860, -11078, 11542
-3970, -10984, 8756
*NOTE-2017.04.05@15:13:36 - 1
-4680, -5736, 8654
-6594, -5260, 9978
-5956, -6334, 7424
-6310, -8728, 6448
-5644, -10158, 5556
-6576, -13950, 6286
-5278, -15484, 7672
-2480, -15602, 10108
-1418, -15790, 9366
-286, -11556, 10104
1652, -8942, 7368
-3600, -5986, 7488
4728, -5182, -502
-624, 710, 2540
1180, -2278, -174
508, 2272, -1048
1174, 2868, -2712
1376, 5338, -5924
-234, 5816, -7092
-380, 9022, -7872
784, 7308, -12162
-490, 10342, -8336
172, 6196, -8426
1500, 4644, -7034
362, 2918, -5290
-866, 40, -2844
-774, -2570, 1596
1288, -4538, 2884
686, -5760, 3438
-518, -7908, 11774
40, -10422, 858
1672, -9358, 15262
1526, -21166, 4866
-4914, -21406, 1864
-5834, -14456, 13462
-1262, -5738, 9298
-14802, -9094, 15338
*NOTE-2017.04.05@15:13:38 - 1
-4994, -6738, 9370
-6256, -5468, 9284
-5086, -5890, 6188
-5988, -4490, 4820
-5132, -9364, 3740
-5308, -11542, 6226
-4564, -14926, 8938
-1836, -17348, 10222
-1512, -17234, 10610
-1536, -14338, 9190
-2482, -11550, 15986
-1576, -10514, 8174
-6180, -6460, 11098
-1182, -4546, 198
516, 500, 2044
2030, 1356, -3420
440, 3464, -2684
3120, 3846, -5268
136, 5860, -6890
526, 6290, -6552
1746, 8894, -11632
1826, 8128, -11668
62, 7556, -8438
200, 5744, -6520
618, 3950, -4206
-12, 2216, -3624
332, 228, -1254
1144, -3892, -394
-102, -4070, 4366
3226, -7542, 2720
1836, -10332, 9738
656, -11158, 6782
1422, -7668, 10562
-2396, -20220, 4258
-8150, -19042, 9772
-2518, -16220, 2166
-8444, -14226, 8822
*NOTE-2017.04.05@15:13:40 - 1
-5698, -11758, 8570
-3748, -8470, 7074
-3518, -5628, 8322
-4776, -5650, 6992
-4778, -5886, 5694
-4842, -8378, 4500
-5660, -11006, 6012
-4336, -15018, 9204
-2740, -18164, 8458
-1602, -18508, 9246
-310, -17100, 8922
-934, -15740, 8330
2174, -10536, 1216
-3990, -8168, 9462
2620, -8108, -318
-2690, -2658, 2906
-72, -5622, 184
442, 1874, -18
-18, 3118, -2452
1796, 2746, -9598
-144, 6576, -8098
426, 7090, -9218
2236, 7034, -13052
2018, 9712, -8396
762, 4332, -8386
1650, 4774, -5396
1202, 3140, -4776
984, 1562, -4562
-360, 248, -3498
-2124, -4602, 1924
-974, -8798, 4874
3290, -8434, 2596
-356, -12854, 7282
-2998, -16964, 17320
2792, -20368, 118
-4506, -18746, 10664
-2876, -16984, 5018
*NOTE-2017.04.05@15:13:42 - 1
-3564, -10598, 8516
-7390, -14866, 11736
-3388, -8620, 13496
-3552, -8400, 9108
-4018, -6708, 8490
-5464, -7708, 5732
-5946, -9482, 4530
-6116, -13388, 7100
-3634, -16918, 9322
462, -18604, 7974
258, -17004, 11448
-302, -16816, 8900
4290, -10628, 406
-2000, -10632, 7712
146, -7004, 3552
1436, -2484, 124
154, -2038, 956
2276, 852, -1530
400, 1874, -2814
538, 4610, -4332
-1112, 5768, -7982
-512, 7582, -9730
458, 9086, -12352
120, 9656, -8648
-966, 3418, -8850
602, 5850, -6120
768, 3064, -5658
596, 3492, -4790
-940, -2012, -548
-992, -3416, 762
2300, -8230, 6686
1230, -8298, 6612
-260, -10480, 6404
3760, -12906, 9322
252, -16590, -4738
-6528, -15394, 14882
-2318, -16856, 2638
-8928, -15072, 9924
-2164, -8504, 7358
-5540, -14702, 8330
*NOTE-2017.04.05@15:13:44 - 1
-4570, -7070, 10254
-3462, -5778, 8140
-6692, -5478, 8292
-5156, -8230, 3194
-5436, -11208, 5422
-4388, -13868, 9432
-2194, -17828, 10688
-2176, -20300, 10284
1362, -17666, 7084
-2340, -14628, 9398
2182, -12566, 3192
-3482, -8024, 6992
-768, -6662, 5006
1232, -1170, 1388
680, -1852, 684
730, 2516, -1712
1012, 2978, -5214
826, 4472, -6348
-168, 6982, -7552
1182, 7166, -9930
1350, 6008, -11860
3364, 8742, -7406
2796, 4144, -9112
1964, 4066, -4752
1002, 3258, -4746
540, -542, -5860
-2492, -3814, 5036
-514, -6718, 2476
4440, -7262, 2432
1812, -12146, 8340
1028, -14238, 10620
2932, -17444, 1756
-1314, -15100, 13780
-3406, -19178, 9458
-468, -14436, 3028
-8822, -16812, 11214
-5942, -9802, 10980
*NOTE-2017.04.05@15:13:46 - 1
-1852, -7092, 7690
-2954, -6526, 7510
-3346, -6592, 7090
-3564, -9184, 5476
-3584, -10796, 3890
-3442, -12668, 8852
-1676, -16072, 9138
-696, -17426, 7952
942, -15148, 9110
-1148, -14072, 11440
-3310, -10482, 13236
1882, -9276, 2818
-2894, -6612, 9096
2026, -3566, 2556
310, -3440, -1038
-2732, 1114, 1766
974, 866, -4416
488, 5548, -5478
1960, 6858, -6474
1368, 5770, -12024
-286, 6002, -8520
130, 7504, -9884
990, 6842, -8400
458, 5412, -5756
-270, 4466, -3888
208, 2160, -4714
-328, -2016, -888
-1084, -4504, 1010
66, -6338, 4508
2768, -10540, 3502
-300, -12950, 8344
2926, -15302, 14248
2980, -16894, -3566
-1198, -14434, 13854
-5838, -17856, 10232
2574, -5652, 3780
-12088, -19962, 9970
*NOTE-2017.04.05@15:13:48 - 1
-4488, -7142, 9244
-5996, -5726, 9948
-4904, -5324, 7330
-4988, -6814, 6286
-4170, -9418, 4676
-3726, -10600, 3322
-5226, -15470, 8146
-2300, -18550, 10072
270, -20142, 7364
-798, -17850, 10888
-1626, -15620, 7564
2232, -8340, 3438
-1714, -6250, 5088
3752, -8840, -3114
-890, -1224, 1792
-258, -3618, -1310
1372, 2414, -1260
552, 4806, -3210
2440, 2810, -5922
-344, 6994, -7360
-126, 7984, -7672
-26, 7960, -9984
-658, 8076, -6596
286, 5842, -8140
614, 5858, -4974
440, 3386, -4968
416, 1796, -3982
-346, -1300, -1916
-606, -5806, 2152
2912, -7802, 2472
2086, -9332, 14982
-358, -11538, 596
3778, -12570, 5158
1072, -20778, 6248
-4890, -17174, 5834
*NOTE-2017.04.05@15:13:49 - 1
-4570, -16136, 6506
-1712, -9734, 9222
-9106, -19140, 7826
-4196, -7742, 10546
-5742, -6298, 10924
-2988, -3522, 9284
-4508, -7646, 5420
-4860, -8414, 5618
-5608, -12172, 7024
-3324, -14734, 7664
-2360, -17694, 8938
-1276, -18044, 10058
-1412, -16488, 9696
-2388, -12284, 12346
3188, -7780, 4184
-5426, -5650, 11308
5676, -5304, -3906
452, 1508, 3134
1532, -552, -428
1934, 1462, -610
140, 3292, -3018
1754, 3612, -6380
222, 5986, -6862
2418, 8182, -9378
2362, 6394, -12914
810, 10778, -8010
1340, 5766, -8750
1040, 4854, -5312
972, 3348, -4968
1008, 948, -6328
-1506, -3506, -1818
-1442, -5284, 1424
302, -9814, 3740
266, -10306, 12398
-148, -14366, 6346
266, -15634, 1058
-222, -18498, 14498
-2344, -16422, 5060
-7618, -17322, 9984
*NOTE-2017.04.05@15:13:51 - 1
-5414, -13460, 9972
-6230, -13550, 10524
-2386, -7900, 8644
-3378, -6248, 7308
-4884, -5190, 7284
-5172, -7074, 4876
-4560, -8916, 4380
-4288, -13218, 7444
-1820, -15134, 10098
20, -19100, 8174
370, -16100, 9964
-504, -15566, 9018
3916, -12444, -1862
-1078, -9430, 8992
-3980, -5342, 9342
2578, -3794, 428
-3516, -458, 5850
78, 446, -88
404, 4348, -414
1344, 2230, -3148
1200, 3546, -6700
-270, 6878, -7320
556, 10086, -13578
550, 8020, -13546
812, 8208, -10324
6, 5240, -7914
674, 4964, -5606
-200, 1976, -4280
-374, 894, -4722
-1480, -4344, -1800
-890, -7022, 3106
2016, -10570, 4862
-1988, -10292, 8402
3112, -14298, 7634
-756, -15366, 13342
918, -19232, 2156
-192, -17884, 8986
-658, -15660, 4486
-5844, -14948, 5850
*NOTE-2017.04.05@15:13:53 - 1
-10890, -8884, 13868
-4332, -6696, 7804
-5100, -5998, 7688
-4452, -5522, 5988
-4666, -5512, 8210
-3932, -9000, 4544
-2744, -10068, 5714
-1980, -14896, 7268
-1982, -17496, 10492
300, -17450, 9660
1186, -16024, 8208
1258, -12290, 7888
3206, -10292, 3640
-2888, -4690, 11768
5202, -3930, -1620
-466, 1298, 2656
1608, 452, -1034
-186, 1782, -2278
-434, 5864, -3622
-788, 5106, -3018
242, 6706, -8044
-32, 7770, -8328
1568, 9074, -10626
214, 6038, -9458
-52, 7446, -7952
610, 4840, -4920
406, 4640, -4712
374, 2148, -4710
-62, -1404, -3094
-820, -4820, 536
2302, -7816, 1028
2568, -8574, 7130
1874, -17326, 8666
3722, -13244, -272
1532, -18690, 16958
-3880, -25000, 5720
-730, -15982, 6042
-6736, -18640, 5330
-7604, -12016, 10400
-6050, -7992, 9736
*NOTE-2017.04.05@15:13:55 - 1
-4564, -6402, 8754
-4284, -5408, 8402
-5700, -7150, 6964
-5862, -9940, 5324
-4866, -13628, 7724
-2546, -17500, 8330
-124, -20094, 8318
1912, -17610, 8680
-1176, -15600, 8602
-1252, -14606, 7146
-1388, -7464, 10762
-5710, -5072, 12290
626, -3228, 1676
1992, -708, 362
578, 1634, 1164
-538, 2898, -2420
378, 4620, -3946
1676, 5460, -6866
2216, 6032, -8926
346, 7836, -8896
-1020, 6356, -8582
-114, 7582, -9584
-1488, 6944, -7444
-1548, 4176, -4342
-572, 2534, -6264
804, -1700, -5002
-92, -4054, -1888
282, -7144, 3476
4622, -9330, 2498
5224, -12654, 11482
702, -15428, 3308
1040, -16504, 7300
1912, -16236, 8800
-3104, -18302, 6878
2002, -10952, 1498
*NOTE-2017.04.05@15:13:57 - 1
-4570, -9366, 7716
-9390, -5290, 7952
-5190, -5490, 5692
-7036, -5946, 7508
-5584, -8494, 2184
-1580, -6332, 1202
-3212, -7482, 3560
-3404, -8794, 3834
-2010, -8106, 2728
-2190, -8152, 4292
-1904, -7190, 2934
-1174, -6468, 1876
-1146, -6450, 2242
-576, -5088, 1648
-444, -6318, 2036
1270, -4760, 3222
1904, -7092, 2882
1886, -8314, 2218
1022, -6398, 2138
770, -8078, 2510
762, -5356, 4852
974, -9040, 6704
1790, -5584, 6364
1438, -5812, 6584
1302, -4748, 3994
10, -5204, 8402
190, -4524, 6612
1500, -4060, 5522
236, -4208, 6004
-56, -4812, 7860
544, -3848, 6260
360, -4270, 7556
762, -3734, 6152
1072, -4782, 5328
108, -4942, 6102
998, -4500, 5202
1532, -4570, 5328
564, -5300, 7428
530, -4412, 7878
1268, -4146, 6836
1536, -3898, 6566
1504, -4354, 6900
1344, -2478, 5964
2542, -3332, 5796
2394, -3812, 8652
1970, -4454, 6362
2262, -4888, 5644
1942, -4118, 6160
2502, -4616, 6234
1960, -4096, 6944
2804, -3822, 5148
3270, -4118, 5652
1714, -4348, 6222
2806, -4898, 6340
3646, -3592, 5082
1718, -6200, 6462
98, -5242, 6758
4414, -2880, 5266
3544, -4688, 5792
2000, -4992, 5504
-210, -4892, 7866
2082, -3692, 5952
256, -5508, 7144
856, -5174, 7686
1218, -4538, 5744
142, -4682, 7386
2790, -4370, 5990
1050, -4220, 6964
1174, -5348, 6642
-1292, -6370, 7602
1066, -6332, 8360
-2148, -6786, 11610
770, -172, 6410
266, 3442, 4444
-4276, 1934, 4456
-4056, 2952, 6036
-5128, -2378, 8266
-1140, -3764, 2646
-392, -5298, 7336
-1582, -3922, 8158
2498, -4690, 6644
3666, -5342, 6788
1148, -390, 8286
*NOTE-2017.04.05@15:14:01 - 1
-286, -1394, 9244
962, 900, 6462
-6250, -1292, 6320
-9092, -720, 14682
-526, -1948, 2502
-3916, 988, 7576
-2750, 534, 4110
-3006, 1078, 4702
-6442, 998, 4488
-5714, 852, 4166
-8082, 3236, 6020
-7344, 320, 4968
-7650, 4472, 2866
-5512, 2854, 2036
-6338, 4402, 2124
-6348, 4368, 1938
-6322, 4584, -650
-10706, 3418, 4250
-3638, 4606, -834
-5320, 4256, 1248
-6108, 5906, 3170
-5646, 4484, 1174
-5900, 5310, 1516
-6512, 5116, 2448
-5530, 5116, 456
-6098, 5392, 1088
-6120, 5116, 846
-6166, 4988, 1166
-5946, 5020, 1046
-6280, 5240, 1196
-5978, 5028, 1122
-5948, 5122, 1118
-6088, 5176, 874
-6136, 5016, 836
-6084, 4974, 1262
-5996, 4906, 1030
-6032, 5048, 1074
-6290, 5352, 956
-6148, 5122, 822
-6038, 5070, 1142
-6210, 5002, 1090
-6158, 5048, 1226
-6100, 5200, 1084
-5884, 5102, 842
-6202, 4930, 1230
-6132, 4984, 864
-6362, 5044, 1296
-5782, 5144, 1036
-5986, 5106, 1380
-5710, 5030, 960
-6234, 5162, 1800
-5986, 5032, 984
-6114, 4892, 1264
-6170, 5070, 1348
-6226, 4952, 1206
-6066, 5080, 714
-5962, 4948, 1116
-6118, 4980, 1156
-6162, 5012, 1186
-6060, 4972, 798
-6040, 5118, 716
-6648, 5182, 910
-6628, 4996, 862
-6372, 5562, 1536
-5710, 5010, 234
-5732, 4594, 1494
-6318, 3938, 3354
-5538, 4220, 2372
-6702, 5172, 2208
-5802, 4494, 2688
-5358, 4790, 2088
-5944, 4560, 1306
-6312, 4768, 2674
-6322, 4702, 2224
-4788, 4212, 2512
-6832, 4454, 3074
-6092, 4728, 1530
-5762, 4442, 1584
-6314, 4818, 3546
-5670, 4082, 2996
-5884, 4640, 2666
-5394, 4500, 2128
-6712, 4726, 2072
-5838, 5140, 922
-5992, 5266, 1174
-6052, 4954, 1098
-6218, 5268, 1182
-5786, 5186, 498
-6138, 5076, 1318
-5884, 4886, 1158
-6328, 5044, 1396
-5946, 5212, 916
-6148, 5010, 1174
-5880, 5100, 774
-6206, 5216, 1134
-6174, 5186, 1130
-6020, 5062, 880
-5910, 5108, 822
-6200, 5198, 1146
-5980, 5072, 772
-6262, 5052, 1262
-6012, 5052, 954
-6094, 5148, 1050
-6118, 5008, 1036
-6118, 5114, 1290
-5854, 4366, 780
-6560, 5320, 2348
-5990, 5068, -532
-5828, 4824, 2372
-5794, 5050, 1076
-6114, 5188, 944
-6100, 5070, 936
-6092, 5038, 1172
-6246, 4932, 1382
-6094, 5034, 1070
-5856, 4916, 1068
-6294, 4994, 1048
-5730, 5076, 938
-6370, 5176, 1278
-6320, 4938, 1194
-5990, 5096, 884
-6208, 4886, 1628
-5888, 5256, 552
-6452, 4938, 1662
-5982, 4984, 1294
-5968, 5106, 1128
-5962, 4960, 1172
-6074, 4902, 1514
-6130, 4926, 1360
-6338, 5130, 972
-5668, 4142, 2294
-6084, 5344, 1184
-6140, 5002, 1462
-5650, 4856, 1050
-5888, 5040, 1282
-6540, 5030, 870
-5400, 4772, -428
-5996, 5862, -308
-6254, 5226, -412
-7328, 4356, 1906
-6160, 5182, -588
-5106, 5330, -1280
-7538, 4710, 1540
-6370, 4622, 136
-5786, 4922, -422
-6856, 4834, 786
-6488, 4732, 62
-6508, 4470, 834
-6318, 5208, -248
-6406, 4970, 118
-6378, 4858, 328
-6558, 4786, 666
-6086, 4620, 290
-6382, 4988, 292
-6586, 4856, 402
-6278, 4740, 462
-6514, 4878, 614
-6090, 4600, -210
-6532, 4860, 1050
-6154, 5012, -426
-6560, 4518, 1232
-6038, 4802, 324
-6304, 4886, 606
-6448, 4868, 452
-6348, 4880, 406
-6208, 4978, 428
-6270, 4906, 418
-6492, 4798, 726
-6328, 4878, 458
-6458, 4796, 776
-6144, 4974, 370
-6362, 4994, 632
-6032, 4790, 318
-6266, 4892, 608
-6418, 4848, 498
-6148, 4856, 772
-6590, 4882, 816
-6246, 4864, 702
-6330, 4842, 758
-6300, 4738, 728
-6480, 4768, 776
-6254, 4870, 540
-6020, 4584, 1084
-6548, 4906, 1560
-6176, 4824, 384
-6366, 5372, 348
-6510, 4816, 910
-5602, 5238, -434
-6946, 4544, 1986
-5856, 4396, 430
-6900, 4760, 1424
-6206, 4896, 798
-6636, 5130, 870
-6232, 4648, 990
-6060, 5182, 604
-6194, 4870, 656
-6088, 4964, 1020
-6202, 5032, 980
-6210, 4834, 1124
-6212, 4908, 1054
-6364, 4850, 1076
-6286, 4938, 1188
-6098, 4846, 890
-6426, 4956, 1460
-6004, 4842, 914
-6160, 4976, 1162
-6228, 5006, 1100
-6124, 4858, 1020
-6262, 4900, 1178
-6294, 4914, 1208
-6116, 4914, 1058
-6180, 4978, 1234
-6052, 4948, 1080
-6114, 4968, 1156
-6126, 4938, 1088
-6174, 4870, 1230
-6016, 4856, 1050
-6288, 4984, 1368
-6128, 4914, 1182
-6106, 5096, 938
-6214, 4844, 1252
-6092, 4798, 924
-6344, 4866, 1628
-6178, 4854, 1150
-6362, 4776, 1144
-5828, 4860, 1308
-6484, 4878, 1496
-6122, 4718, 930
-6372, 4916, 1478
-6156, 4830, 1148
-6162, 4798, 1118
-6274, 4914, 1292
-6120, 4936, 1064
-6102, 4858, 1204
-6214, 4866, 1206
-6090, 4942, 1164
-6268, 4940, 1406
-6068, 4854, 1058
-6304, 5050, 1310
-6068, 4794, 1058
-6200, 4976, 1114
-6132, 4868, 1144
-6272, 4896, 1072
-6254, 4802, 1302
-6264, 4884, 1130
-6276, 4854, 1290
-6088, 4744, 1234
-6358, 4938, 1252
-6266, 4860, 1186
-6080, 4850, 1076
-6150, 4886, 1104
-6234, 4944, 1054
-6214, 4790, 1184
-6168, 4920, 988
-6178, 4586, 1480
-6418, 4790, 1538
-5662, 4574, 1576
-6302, 5374, 1274
-6350, 4642, 1668
-5968, 4980, 892
-6252, 4808, 1302
-6368, 5138, 904
-5760, 4930, 546
-6330, 5028, 998
-6590, 4768, 1634
-5636, 4270, 550
-6414, 5282, 1276
-6020, 4868, 464
-6600, 4842, 1688
-5978, 4660, 1184
-6470, 4990, 1156
-6372, 4838, 920
-6260, 4864, 1004
-6026, 4722, 1246
-6750, 4952, 1722
-6102, 4842, 180
-6568, 4808, 1936
-5662, 4550, 678
-6728, 5100, 1312
-5936, 4650, 682
-6382, 4994, 814
-5976, 4894, 1532
-6800, 4330, 1576
-5938, 4974, 410
-6368, 4824, 972
-6316, 4744, 1164
-5730, 5006, 488
-6642, 4822, 1670
-6106, 5246, 252
-5496, 4892, 1086
-6422, 5010, 458
-6116, 4920, 1422
-6496, 4866, 776
-6638, 4918, 1508
-6226, 4826, 796
-6148, 4656, 2482
-6264, 5200, 618
-6232, 4748, 1644
-6240, 5138, 692
-6186, 4400, 2446
-6108, 4892, 830
-6536, 4926, 1782
-6104, 4900, 380
-6162, 4804, 1578
-6248, 4904, 526
-6236, 4832, 1516
-6026, 4774, 1154
-6270, 4812, 1324
-6040, 4886, 846
-6556, 4844, 1258
-6102, 4882, 1064
-6664, 4522, 1636
-5704, 5084, 1290
-6324, 4716, 1550
-6076, 4978, 710
-6346, 4930, 1584
-6494, 4862, 1054
-6018, 4714, 894
-6426, 5300, 490
-6698, 4920, 1252
-5988, 4280, 1442
-6710, 4830, 1208
-6008, 4596, 1352
-5796, 5098, 204
-6892, 4964, 1080
-5962, 4752, 858
-6156, 5048, 416
-6294, 4742, 1872
-6120, 5018, 906
-6316, 4990, 1266
-6270, 4966, 610
-6228, 4888, 1004
-6006, 4956, 914
-6648, 4582, 1946
-6176, 4970, 40
-6094, 4652, 2358
-6352, 4798, 1200
-5990, 4872, 942
-6636, 4886, 1758
-5502, 4842, 324
-6462, 4984, 1464
-6358, 4866, 1654
-6310, 5038, 1336
-5536, 5038, 924
-6852, 4472, 2026
-6354, 5256, 128
-5548, 4922, 708
-7260, 5120, 1360
-4278, 4232, 232
-7156, 5570, 2130
-5902, 4692, 370
-6634, 4930, 1790
-5792, 4780, 828
-6102, 5224, 920
-6014, 4932, 1004
-6134, 5022, 1022
-6206, 4878, 1000
-6092, 5040, 828
-5910, 4882, 802
-6308, 5014, 834
-6176, 4786, 1262
-6456, 5030, 498
-6080, 5018, 602
-6292, 4538, 1608
-6188, 5132, 1016
-6460, 4904, 900
-5868, 4894, 1190
-6278, 4830, 1298
-6326, 4870, 1326
-6388, 5130, 1044
-5904, 4770, 1030
-6196, 4998, 1774
-6160, 5016, 850
-6054, 4726, 1440
-5714, 5334, 312
-6380, 4682, 2172
-6180, 4666, 1956
-6104, 4662, 1680
-6134, 4878, 1912
-6246, 5062, 1866
-5826, 4840, 1504
-6108, 4938, 1824
-6008, 4638, 1906
-6116, 4720, 1872
-6250, 4844, 1952
-6064, 4694, 1834
-6064, 4810, 1742
-6114, 4838, 1800
-6100, 4730, 1924
-6132, 4774, 1838
-6102, 4726, 1958
-6036, 4702, 1782
-5800, 4668, 1508
-6124, 4622, 2118
-6006, 4806, 1696
-6012, 4762, 1526
-6056, 4916, 1438
-6260, 4846, 1620
-6182, 4926, 1468
-6132, 4788, 1368
-6444, 4870, 1604
-5710, 4962, 520
-6338, 4870, 1404
-6316, 4986, 888
-6320, 4830, 1200
-6256, 4884, 892
-6374, 4730, 1212
-6202, 5294, 886
-6262, 4058, 914
-6558, 5134, 1416
-5856, 5070, 662
-6840, 4508, 1902
-5990, 5302, 368
-5996, 4792, 800
-6072, 4776, 598
-6494, 5014, 2090
-6140, 4470, 886
-6286, 5156, 744
-6348, 4752, 970
-6222, 4948, 680
-6206, 4864, 756
-6420, 4762, 1244
-6330, 4850, 1006
-6174, 4880, 792
-6444, 4884, 1046
-6366, 4938, 894
-6188, 4858, 978
-6422, 4904, 914
-6366, 4792, 1062
-6094, 4816, 720
-6332, 4812, 1086
-6398, 4858, 1002
-6206, 4840, 826
-6492, 4952, 764
-5740, 4214, 1710
-6494, 5206, 1040
-6100, 4520, 1166
-6766, 5102, 1228
-5770, 4550, 1026
-6696, 4336, 2062
-6296, 4850, 1706
-6094, 4940, 1254
-6062, 4710, 1368
-6156, 4616, 1722
-6174, 4716, 1654
-6294, 4714, 1932
-6094, 4634, 1610
-6250, 4796, 1732
-5872, 4596, 1348
-6058, 4568, 1786
-6234, 4868, 1698
-5978, 4830, 1140
-6346, 4984, 654
-6214, 4764, 1142
-6140, 5274, 838
-6504, 4790, 1512
-5780, 5440, -24
-5744, 5044, 554
-6686, 4902, 1628
-6040, 5190, 138
-6060, 4962, 860
-6074, 5082, 540
-6156, 5218, 694
-6130, 5002, 586
-6392, 5222, 934
-5468, 4708, 82
-6338, 5246, 884
-6032, 5150, 694
-6436, 5210, 958
-5924, 4984, 618
-6068, 5134, 728
-5974, 5174, 648
-6066, 5188, 756
-5970, 5202, 532
-6028, 5228, 702
-5928, 5130, 480
-6120, 5246, 776
-6026, 5240, 634
-6078, 5164, 864
-6212, 5172, 802
-6054, 5314, 496
-5968, 5210, 630
-5876, 5048, 760
-5896, 5380, 634
-6336, 5070, 1116
-5686, 5274, 404
-6182, 5126, 1112
-5780, 4976, 818
-6148, 5290, 1092
-6000, 5034, 1064
-6108, 5004, 1196
-5668, 5374, 330
-6182, 5098, 1356
-6048, 5178, 672
-5764, 4928, 1382
-6636, 5112, 1602
-5368, 5146, 402
-6566, 5012, 1846
-6040, 5168, 590
-5830, 5420, 352
-6132, 4884, 1556
-5628, 5344, 232
-6600, 5000, 1938
-5766, 5188, 558
-6168, 5196, 1194
-5832, 5012, 924
-6182, 5092, 1268
-5818, 5166, 1028
-6124, 4960, 1386
-5888, 5150, 866
-6196, 5182, 1286
-5924, 5116, 954
-6094, 5048, 1274
-6036, 5212, 1058
-5976, 5242, 944
-5854, 5102, 966
-6108, 5200, 1126
-6026, 5040, 1112
-5856, 5404, 184
-5948, 5096, 942
-6218, 5194, 1170
-5412, 4718, 1532
-6502, 5176, 1840
-5796, 5108, 326
-6144, 5100, 1544
-6008, 5110, 924
-5966, 5272, 1100
-6178, 5064, 1398
-6482, 5106, 1748
-5914, 5226, 380
-6112, 4994, 1968
-5378, 5420, 28
-6316, 5106, 1568
-6110, 5058, 1298
-6290, 5442, 896
-4774, 5224, 960
-6644, 5328, 1586
-5326, 4674, 1888
-6722, 5198, 1728
-5556, 5160, 722
-5836, 4940, 1854
-6358, 4972, 1656
-6096, 5226, 870
-5408, 4874, 1464
-7058, 5524, 1654
-5872, 5286, 860
-5852, 5234, 1240
-5960, 5602, 856
-6064, 4544, 1162
-5880, 5328, 176
-5892, 5058, 1572
-6068, 5338, 1058
-5958, 5286, 706
-5854, 5082, 750
-6156, 5602, 516
-5958, 4830, 1152
-6344, 5386, 1192
-5696, 5056, 224
-6650, 5548, 774
-5592, 4690, 1154
-6202, 5122, 576
-5718, 4948, 1648
-6124, 5344, 946
-5964, 4674, 1322
-6446, 5456, 824
-5410, 5284, -124
-6756, 5196, 1562
-5554, 4858, 498
-6592, 5370, 800
-5334, 4838, 1516
-5980, 5496, 536
-5952, 5080, 954
-6072, 4962, 1832
-6174, 5116, 1022
-6260, 5334, 486
-5948, 5130, 1288
-5842, 4972, 684
-6106, 5224, 706
-6318, 5018, 1358
-5714, 5088, 734
-6102, 5314, 640
-5964, 5110, 848
-6354, 5212, 954
-6028, 5172, 1032
-6014, 5244, 550
-5988, 5122, 838
-6028, 5130, 560
-6126, 5098, 938
-6084, 5260, 546
-6052, 5100, 534
-5946, 5110, 268
-6110, 5160, 992
-6214, 5208, 682
-6014, 5012, 774
-6214, 5234, 750
-6136, 5008, 838
-6268, 5254, 480
-5990, 4354, 1920
-6584, 5306, 146
-6212, 4924, 1772
-5474, 5248, 614
-6976, 4460, 2240
-5574, 5470, 258
-6478, 4728, 2192
-5532, 4638, 1382
-6376, 5356, 1046
-6048, 5118, 1962
-5448, 4820, 888
-5996, 5224, 1290
-6258, 5488, 866
-5664, 4888, 1456
-5960, 5254, 1078
-5686, 5382, 1010
-6002, 4844, 1328
-5590, 5148, 1292
-6430, 5446, 1484
-5454, 4698, 1020
-5708, 5182, 714
-6182, 5144, 1954
-5714, 5066, 1194
-6104, 5198, 1502
-5940, 5160, 1146
-5576, 5140, 694
-6294, 5140, 1780
-5630, 5084, 982
-6366, 5032, 1648
-6414, 5066, 1594
-6160, 5562, 102
-5746, 4900, 1588
-5778, 5114, 874
-6268, 5126, 1554
-6200, 4628, 2306
-6062, 5342, 1100
-5770, 5088, 1222
-5526, 5242, 238
-6444, 4830, 2390
-6108, 5030, 2088
-5854, 4932, 1508
-5864, 4556, 1864
-5784, 4708, 2120
-6076, 5092, 1636
-5898, 4890, 1220
-5958, 4820, 914
-6492, 5170, 1278
-5924, 5126, 722
-6204, 5072, 970
-6252, 5034, 896
-5920, 5176, 568
-6132, 4856, 1004
-6240, 4970, 1112
-5976, 5220, 614
-6154, 5042, 1040
-5964, 5106, 842
-6074, 5016, 1020
-6038, 5192, 812
-6196, 5006, 1418
-6242, 5084, 842
-5644, 5308, 354
-6630, 5434, 1710
-5578, 4930, -154
-6170, 4742, 950
-6028, 5164, 200
-6380, 6038, 1090
-6292, 4564, 2114
-6052, 5514, 132
-6014, 4692, 1016
-6370, 5212, 1158
-6158, 4684, 770
-6146, 4960, 1000
-6408, 4950, 1200
-6128, 4846, 696
-6204, 5054, 738
-6602, 5350, 770
-6402, 4086, 758
-5566, 3666, 2022
-7386, 5198, 1710
-5872, 4956, 552
-6040, 5014, 1270
-6062, 4330, 1470
-6488, 5776, 486
-6048, 4604, 1180
-6186, 4976, 1356
-6028, 4888, 1204
-6048, 5032, 1066
-6164, 5048, 1242
-6160, 5138, 1184
-6312, 4984, 844
-5888, 4620, 1280
-5504, 4544, 1694
-6874, 3766, 3882
-5008, 4872, 1938
-6558, 4666, 3018
-6272, 4646, 2534
-6432, 4796, 2858
-5714, 5250, 1812
-5992, 3730, 3564
-5006, 5736, 2014
-5652, 4930, 1702
-4346, 5682, 1470
-4728, 4796, 2078
-6072, 5308, 3130
-5304, 5064, 2940
-5380, 4996, 2258
-5780, 5028, 2618
-5932, 5032, 2848
-5612, 4446, 2692
-5986, 5264, 3198
-5428, 4602, 2444
-5630, 4930, 2552
-5784, 4772, 2544
-6098, 4830, 3170
-5948, 4884, 2844
-5312, 4754, 2448
-5506, 4996, 2656
-5534, 4836, 2596
-5506, 4916, 2680
-5606, 4810, 2762
-5440, 4872, 2766
-5656, 4874, 2796
-5744, 4890, 2886
-5618, 4830, 2732
-5916, 4790, 3000
-5646, 4800, 2846
-5740, 4870, 2896
-5354, 4852, 2498
-5562, 5016, 2704
-5486, 4858, 2650
-5632, 4800, 2976
-5620, 4810, 2892
-5704, 4842, 2678
-5500, 4890, 2732
-5630, 4862, 2752
-5442, 4764, 2758
-6428, 4800, 3584
-5138, 4758, 2078
-5774, 4068, 3808
-5000, 5182, 3072
-5964, 4820, 2936
-6580, 4390, 4342
-5298, 4668, 2758
-5440, 4304, 3126
-5162, 3938, 2544
-4550, 5806, 3170
-5676, 5208, 3542
-5308, 4738, 2808
-5562, 4826, 2864
-5576, 4756, 3196
-5020, 4512, 2610
-6278, 4336, 3142
-7628, 5434, 5604
-6272, 4306, 3126
-3080, 4316, 2210
-3382, 378, 6362
-2432, 660, 8948
-88, 2272, 6716
-3734, -1286, 8358
-4700, 2296, 4146
-5368, 2440, 6390
-7606, 1938, 8034
-3788, 680, 3728
-5522, -456, 9680
-6722, -138, 9256
-2374, 1242, 5776
-2324, -1206, 4796
-4806, -1700, 8660
-3834, -1762, 8312
-2798, -1968, 6666
-2754, -3050, 6058
-5010, -5200, 9104
-3788, -5668, 4412
-2594, -4386, 5954
-564, -4732, 4772
622, -1810, 5194
*NOTE-2017.04.05@15:14:40 - 1
-858, 690, 9288
-934, 2802, 8478
-1844, 1714, 6714
-4970, -826, 9366
-2604, -6526, 7686
-2066, -3696, 6116
-2852, -1264, 8156
-2174, -3028, 6892
-2882, -3476, 6624
-2604, -3018, 5962
-3946, -3466, 7580
-1122, -3024, 7280
-3034, -4072, 6482
-2502, -3380, 6084
-2010, -4188, 7716
-1600, -4050, 7436
-1882, -3044, 6354
-2810, -3110, 5442
-2512, -4304, 5798
-1192, -4970, 5962
-1672, -3870, 6114
-1466, -4220, 5884
-2250, -4436, 7488
-1702, -4760, 6002
-1998, -4690, 5950
-1874, -4464, 6370
-2192, -3862, 6154
-2680, -5476, 6510
-2648, -5190, 5576
-2048, -7184, 4750
-1864, -7588, 3332
-2618, -8740, 4772
138, -9328, 3476
1824, -7492, -254
302, -9854, 750
-748, -7126, 2852
-678, -2672, 6230
40, -4688, 4632
-1166, -6828, 5094
-2628, -8310, 3892
-4510, -12050, 4032
-3126, -5990, 1900
-1516, -5636, 1092
-1204, -6088, -510
-1768, -5754, -838
-1200, -8078, -3084
-1520, -7208, -982
-2704, -9370, 1592
*NOTE-2017.04.05@15:14:42 - 1
98, -9276, 2516
-726, -18142, 8938
542, -7124, -12
-1242, -8532, -1488
-1588, -7222, -2216
-1908, -6726, -630
-1822, -7598, -28
774, -7998, 1864
248, -10284, 3666
150, -8418, 126
-1190, -7314, -386
-1382, -7590, -254
-1502, -7902, -126
-346, -7786, 370
-1194, -8984, 3700
-2074, -9652, 5348
-2732, -10240, 7444
-2674, -11444, 9700
-1622, -15180, 7486
220, -16370, 8002
452, -16124, 4794
678, -12998, 5276
-250, -10176, 4710
3268, -7232, 3308
-2582, -5410, 7452
-866, -1712, 4730
2668, -1538, 1252
808, 926, 1776
-646, 1094, 960
2476, 4754, -4790
-1284, 5690, -3118
-882, 8594, -5178
424, 7310, -10082
-3012, 6264, -7666
-1400, 9878, -8802
-518, 6956, -7468
-1264, 7104, -2912
-152, 3378, -4554
-654, 3136, -616
770, -1510, -1332
4070, -3726, -4332
1584, -7090, 6798
-2974, -7226, 12978
4370, -8378, 1130
4088, -12090, 5002
-1720, -15922, 4780
-4144, -13756, 11194
8038, -6758, 284
-7452, -15882, 8156
-4036, -12422, 6208
-2320, -10148, 7408
-3774, -8162, 11402
*NOTE-2017.04.05@15:14:45 - 1
-5038, -6822, 9088
-5366, -6308, 6224
-5344, -7160, 5560
-4818, -10424, 3860
-5374, -12570, 9098
-3260, -17544, 7724
1420, -17394, 6620
1718, -18530, 7598
96, -14696, 7062
478, -12358, 3596
682, -8554, 4408
-422, -6832, 2514
480, -3594, 2948
332, 4006, 4368
1706, 2340, -3346
170, 990, -854
244, 5634, -1938
550, 5620, -5948
-296, 7478, -7844
-1142, 9038, -7160
-344, 6894, -8542
-20, 8406, -9104
-880, 7658, -7298
-814, 5074, -4778
-554, 3276, -4688
-904, -1218, -3900
-606, -4660, 2012
1962, -5484, 5024
2616, -8110, 540
1052, -9452, 4652
6258, -14802, 14216
4414, -13106, -24
-706, -18426, 1778
-1068, -14528, 9226
1108, -15028, 920
-5290, -13408, 8238
-5078, -11350, 9626
*NOTE-2017.04.05@15:14:47 - 1
-4664, -9038, 10982
-1968, -7460, 7902
-3436, -7690, 7112
-2634, -7398, 6868
-7406, -11348, 10676
-5640, -15508, 7634
-1540, -18786, 8212
1934, -19926, 6396
1244, -17270, 6808
2654, -13388, 4104
5452, -10910, 3182
324, -4390, 9030
2530, -5248, 1372
388, 638, -90
-972, 712, -1184
-890, 1960, 766
1320, 4402, -5386
-278, 4120, -6004
-992, 8482, -7634
-790, 8686, -10262
-2484, 5708, -7626
546, 7826, -10112
-928, 6838, -5278
-276, 4720, -4908
188, 3330, -4328
-444, -1018, -3374
-916, -3884, 200
176, -6358, 714
4034, -8766, 3920
4824, -12488, 8600
932, -13834, 460
5776, -12666, 864
-2954, -19166, 14834
4130, -12632, 972
-640, -15620, 4834
-1576, -18132, 4710
-3842, -7884, 10802
-4252, -6630, 10274
*NOTE-2017.04.05@15:14:48 - 1
-3486, -6010, 8648
-3420, -7978, 6612
-5524, -9718, 10122
-3514, -13426, 9234
-460, -17510, 7736
-2026, -20068, 10510
-1522, -18976, 9742
-5854, -17300, 12302
1656, -8016, 3056
-4636, -10138, 5898
2216, -4292, -146
-438, -84, 6
1622, -168, -992
454, 2742, -1730
384, 3008, -3978
1828, 4698, -6532
-1164, 7640, -6458
-496, 6774, -11192
1432, 6726, -8962
3614, 5598, -12238
1472, 5446, -8212
1436, 4910, -4412
876, 2182, -5606
458, 24, -1646
-760, -1800, 498
-236, -6574, 2024
-258, -8426, 7250
-862, -7956, 6150
3438, -10190, 7378
-528, -11110, 1216
-5910, -18634, 6752
-4134, -15664, 17990
1770, -17218, -4824
-4006, -11914, 7470
*NOTE-2017.04.05@15:14:50 - 1
-8268, -11936, 10022
-8184, -3866, 9662
-4566, -6404, 5410
-4180, -2874, 7902
-7024, -9812, 8298
-4028, -9310, 8052
-4978, -13766, 6356
-1850, -16370, 6408
-3346, -20010, 7156
268, -17202, 6610
1626, -12518, 7066
-630, -13360, 5176
3498, -6626, 5734
-1868, -5700, 9626
616, -4440, 22
472, 154, 3624
-628, 1602, 3170
1352, 854, -1660
2270, 3414, -6794
-1324, 6152, -4666
422, 5842, -6488
3284, 5064, -13288
918, 8550, -10862
-456, 7866, -10832
-1020, 7706, -6872
-418, 5646, -4790
-1050, 3696, -3548
614, 2542, -2850
-170, -30, -1998
-1338, -3888, 1870
1406, -5856, 8586
1484, -5990, 7076
-376, -9830, -1348
5240, -15524, 12158
1932, -13590, 4600
-1996, -17404, 76
-10512, -21892, 4494
-1032, -9748, 5528
-4432, -14820, 7938
-6794, -9932, 10580
*NOTE-2017.04.05@15:14:52 - 1
-7062, -6626, 9248
-4004, -6290, 5042
-4530, -4382, 7726
-6430, -7676, 6728
-4298, -11232, 6360
-4608, -15096, 8292
-1924, -17776, 6204
-868, -18232, 8884
326, -16226, 10352
686, -13512, 7116
1488, -10532, 4646
1080, -5196, 3646
1580, -4448, 1738
-888, -2914, 1810
946, -5188, 1764
1468, 1578, 946
1680, 4108, -814
2320, 4362, -5298
316, 5866, -5270
-300, 7394, -9248
1212, 7546, -11566
2108, 10012, -9688
856, 7216, -7288
844, 6050, -5024
1454, 6814, -4252
592, 3580, -4362
348, 1636, -3828
-484, -2574, 242
-490, -5774, 3718
-974, -5182, 4456
2140, -6590, 5628
4090, -10656, 9022
680, -11802, 2856
244, -18302, 14030
-3380, -18222, 2830
-3562, -13810, 11016
2116, -6858, 3002
-6358, -11322, 9960
-4172, -10864, 8696
*NOTE-2017.04.05@15:14:54 - 1
-3242, -6488, 7658
-3234, -5834, 7248
-4152, -6476, 8268
-5846, -8094, 7778
-5030, -9430, 6622
-4692, -12192, 8468
-3852, -16038, 8038
-2232, -16384, 6842
-730, -14550, 8414
302, -13278, 6174
726, -9552, 10354
4160, -5090, 3090
-1242, -4922, 8354
3946, -3264, 1700
1848, 1490, 1718
1730, 1026, 2376
2728, 4532, -262
490, 3542, 432
2704, 4522, -3604
1400, 5032, -5354
366, 6798, -5228
-998, 7898, -5700
1634, 7190, -9178
2386, 7310, -8822
1054, 7784, -6594
634, 5844, -5004
534, 6006, -3844
1118, 3554, -4812
-254, 1180, -3836
-1112, -3422, -804
-1358, -5700, 4218
3286, -6444, 3402
786, -10838, 9878
-184, -13324, 10068
5828, -11094, 6746
-564, -17590, 3266
-2004, -16798, 7614
-1574, -16362, 5364
-1022, -8344, 7478
*NOTE-2017.04.05@15:14:56 - 1
-1858, -12630, 78
-7260, -7740, 13538
-2736, -5814, 9156
-3414, -7146, 6900
-3228, -7792, 5934
-5022, -9016, 5338
-6600, -11354, 8036
-4172, -14808, 9242
-1042, -16622, 8690
478, -16016, 10060
1568, -14416, 8850
60, -11788, 9664
2518, -7606, 5076
-5418, -6680, 10288
4794, -4830, -2222
-2288, 310, 3330
930, 2268, -1542
420, 3422, -530
1672, 2680, -2552
1638, 5342, -5756
844, 5660, -6958
-334, 7818, -8864
-1614, 7616, -8458
-262, 6932, -9612
-258, 8274, -6910
200, 6270, -5968
418, 5292, -4558
234, 2986, -3506
-126, 1530, -2172
160, -2406, -1614
18, -5568, 4246
930, -6094, -1574
2198, -11296, 14932
1356, -15166, 9142
2338, -6490, 3106
710, -16702, 4370
-5230, -18190, 14124
4974, -10754, 1330
-7484, -16852, 9618
-3950, -10238, 7946
*NOTE-2017.04.05@15:14:58 - 1
-4794, -8146, 10808
-4410, -5634, 8986
-3726, -6618, 7242
-5768, -7494, 8232
-5166, -10342, 3954
-7052, -13874, 7926
-2236, -13090, 4196
-1564, -14556, 7864
-424, -14058, 8950
-240, -13014, 9768
712, -9712, 9104
2106, -6654, 5684
-3054, -4718, 10130
3404, -3432, 418
-610, -354, 1256
1264, -974, -1874
1384, 2830, -1884
932, 3196, -522
2986, 5242, -6028
1648, 4990, -7474
-856, 7920, -7470
-564, 7894, -10262
3030, 9286, -10214
2696, 6658, -10292
624, 5542, -5526
1116, 5630, -4926
876, 2228, -5012
752, 2768, -4122
-1894, -2140, -690
-2404, -5474, 4790
1396, -6824, 2024
2646, -10912, 6382
2322, -13578, 7540
3686, -12920, 7860
-2706, -17226, 4380
-8336, -19874, 8196
2610, -13032, 5018
*NOTE-2017.04.05@15:15:00 - 1
-6280, -17902, 4452
-19266, -10248, 19898
-6258, -3656, 9954
-7740, -6178, 8406
-4488, -5288, 5754
-6406, -8048, 5966
-8096, -10932, 7940
-7218, -13028, 5904
-8542, -16292, 10616
-1788, -17394, 7732
-718, -16578, 9392
1076, -13214, 7810
2290, -9110, 6186
1038, -5168, 6734
514, -4208, 4606
-2060, -1968, 2018
-224, -3934, -240
2402, 4536, -1312
-114, 2148, -404
2760, 3836, -5284
-746, 6656, -5064
704, 8382, -7622
228, 5754, -10296
344, 7700, -8822
652, 7784, -7888
928, 6154, -5872
1202, 5254, -4674
486, 3290, -4172
-692, 1104, -3258
-1228, -2708, 1070
-930, -5998, -1372
1386, -8678, 4006
2126, -11232, 12788
-394, -12388, 4042
4958, -11386, 8224
-1242, -16500, 16980
-6946, -20904, 4204
*NOTE-2017.04.05@15:15:02 - 1
5462, -10822, 1456
-5838, -18376, 9874
-8596, -11152, 13150
-5654, -7282, 9566
-4988, -5112, 7440
-4320, -6440, 4806
-6286, -6832, 6824
-5792, -9178, 5032
-6838, -12634, 6834
-3968, -14694, 7190
-1808, -17990, 7466
302, -15732, 7596
-458, -14586, 10010
-394, -12382, 7438
2344, -10534, 4360
-1202, -5266, 6820
4296, -6190, 522
-878, -1204, 3366
1490, -3484, -854
-614, 1438, 1566
1822, 2820, -3740
1780, 4756, -6266
398, 6120, -6988
-466, 7806, -8240
678, 7798, -11018
150, 9770, -9250
720, 6806, -8114
302, 5736, -5184
1158, 4356, -5518
140, 2478, -3550
-232, 320, -3764
-760, -4308, 496
-168, -8274, 2478
1296, -6676, 8608
-152, -12870, 10454
3406, -8692, 1900
1280, -15576, 4930
-4476, -18716, 13720
3144, -14288, 3238
-1658, -13898, 9640
-8568, -19972, 11876
*NOTE-2017.04.05@15:15:04 - 1
-5902, -6592, 9164
-6434, -5444, 8876
-5170, -5852, 5602
-4944, -6326, 5274
-5036, -9214, 3488
-6536, -10422, 8832
-6574, -14524, 8108
-1242, -15488, 6214
-1804, -17022, 9094
-566, -15270, 8984
244, -12006, 7476
588, -10312, 4870
1128, -4684, 6186
3884, -5290, 590
416, -1660, 3134
610, -3690, 1500
844, 1890, 990
1864, 4202, -1056
680, 4436, -1330
1986, 5530, -4044
1272, 6572, -6180
-290, 6916, -7168
226, 5754, -9720
1140, 7540, -8658
1434, 7088, -8182
1280, 6410, -5312
788, 5310, -4892
186, 3174, -4624
-374, 1542, -4094
-1330, -2330, -2502
-662, -4738, 4486
1540, -7020, 6652
5784, -8884, 1662
-1182, -11968, 7558
-3756, -17512, 1946
6282, -18574, 10612
-8174, -25008, 7066
62, -10600, 5828
*NOTE-2017.04.05@15:15:06 - 1
-4264, -10826, 14914
-6084, -10036, 11036
-5932, -4984, 10140
-5918, -5780, 8598
-5428, -5014, 6270
-6174, -6428, 5852
-7382, -10264, 6226
-4796, -12748, 4718
-3098, -16244, 8388
-178, -18106, 8408
1634, -16476, 10540
1576, -14420, 11078
-1312, -13310, 7346
136, -8490, 4822
-4146, -5648, 5400
938, -2810, 1266
970, 1266, 920
172, 3074, 1672
1516, 3446, 316
1672, 4716, -2604
-46, 5430, -3724
-498, 6984, -7002
788, 6814, -10094
528, 9436, -9746
656, 7606, -9442
420, 7052, -5872
718, 6308, -5146
1464, 4248, -4634
286, 2708, -3550
-802, 2, -1560
-1112, -4646, -1002
1054, -7042, 830
1854, -12198, 2266
-514, -17306, 10378
3142, -19746, 14906
5144, -19134, -1440
-7390, -22548, 10072
-9486, -19678, 13048
-2822, -13956, 6552
*NOTE-2017.04.05@15:15:08 - 1
-5148, -11848, 8902
-4080, -7240, 8918
-5916, -6644, 9342
-5482, -5286, 7116
-5574, -5940, 5484
-7136, -9128, 4286
-5060, -11760, 5602
-4006, -16288, 8816
-2520, -19942, 8948
-644, -21840, 11434
1068, -20676, 4974
2776, -15464, 1694
1496, -12464, 112
-2974, -5794, 5576
5026, -5138, -1410
1802, 1856, 2806
284, 502, 1292
2634, 3212, -1952
2322, 4562, -2864
1042, 4214, -4814
-394, 7336, -7954
-2302, 8516, -8616
-2544, 11960, -11218
-3092, 8714, -7666
-978, 7454, -7048
-632, 5576, -5474
-300, 3402, -4138
-1406, 1082, -1606
166, -2320, -1918
2662, -8948, 5690
4108, -5732, -1728
2530, -9688, 1780
2494, -13636, 14374
5996, -13744, 2022
-2034, -18978, 3212
1134, -16234, 13522
-550, -21310, 2542
-1856, -11226, 7594
-3642, -13842, 7414
*NOTE-2017.04.05@15:15:10 - 1
-3372, -10388, 6166
-4842, -8912, 9792
-2406, -5162, 8916
-3364, -6398, 8304
-3064, -8278, 6642
-3964, -12708, 5150
-1952, -14988, 6516
-284, -18202, 9904
822, -20868, 7932
2364, -18624, 8480
988, -16610, 6716
2584, -12746, 4326
1194, -6732, 5604
2104, -10300, -2074
-642, -2584, 950
-686, 258, 1912
-122, 608, -1506
-1008, 3862, -2480
-110, 4018, -6060
-2170, 6824, -8796
-2736, 9000, -8556
506, 9122, -12708
-1738, 8242, -10466
-1500, 6592, -8950
-956, 7614, -7098
-324, 4234, -5504
66, 3474, -4128
-672, 50, -2190
-1100, -4122, -1600
-1348, -8292, 3270
4070, -6980, 7558
3782, -9440, -2186
1488, -9472, 4874
3134, -18066, 5698
-3612, -18430, 7974
-1856, -19766, 7200
-2598, -18004, 7792
-5546, -11438, 9434
-9086, -11100, 11358
*NOTE-2017.04.05@15:15:12 - 1
-4060, -6404, 4016
-5484, -7222, 4160
-4486, -4762, 4844
-4042, -6088, 4516
-3454, -6794, 4318
-3032, -8088, 3654
-2090, -8634, 3250
-1982, -7934, 3916
-1206, -8366, 2854
-808, -7704, 2812
-530, -7020, 1168
488, -6802, 1332
-346, -7314, 3800
266, -6620, 1868
410, -8060, 1530
1876, -6422, 3602
1484, -6458, 4646
820, -6058, 6248
984, -9314, 7448
452, -5176, 7786
1138, -5196, 6580
1548, -5584, 7718
1170, -5616, 5632
1814, -5056, 7038
2368, -4368, 6656
998, -4856, 7054
1168, -4204, 6814
1782, -4668, 6482
1628, -4664, 5842
1228, -4814, 6808
2632, -4970, 6984
2090, -4978, 7206
1838, -5092, 6076
2880, -4654, 4524
2468, -4724, 5310
2650, -4870, 4580
3706, -5926, 4374
822, -6112, 6988
2480, -3056, 4522
2132, -5450, 5792
1512, -4376, 4836
1008, -5270, 6278
1942, -5110, 6756
1064, -4856, 6698
628, -4300, 5900
428, -4516, 6852
176, -5774, 7614
130, -8994, 11936
1388, -6938, 10358
5780, 2644, 2962
-1570, 1202, 6864
524, 4956, 9734
1536, 580, 4200
1500, 2866, 4526
562, -1090, 4068
592, -1066, 6592
1462, -2836, 5264
-702, -4250, 8540
1038, -5258, 6010
-796, -4904, 8040
444, -3628, 7042
1416, 502, 23166
458, -330, 6530
-3496, -3760, 8928

-----------------------------------------------
Date: 05.04.2017 - 15:15:15
End log file
