Terminal log file
Date: 04.04.2017 - 14:16:44
-----------------------------------------------

%~>daq start

 DAQ started.
%~>quit
%~>-7820, 606, 406
-7984, 710, 500
-8038, 730, 528
-8022, 568, 548
-7912, 634, 324
-7904, 588, 424
-8000, 698, 542
-7898, 656, 424
-7890, 652, 574
-8064, 462, -2
-8736, 736, 334
-6850, 840, 1624
-8390, -152, 1810
-7386, 56, 1242
-8658, 250, 2598
-5840, 436, 752
-7422, 462, 2938
-7486, -388, 3190
-9024, 172, 3618
-7024, -380, 2580
-5710, 156, 1704
-7552, -1260, 3958
-6250, -374, 2130
-7348, -544, 6060
-2696, 1646, 2522
-5516, -300, 6492
-6072, -1980, 4512
-6930, -3750, 4736
-6902, -4024, 3568
-5982, -3942, 3534
-6360, -5470, 4870
-5038, -3970, 4044
-4692, -5514, 3172
-3974, -5436, 3046
-4310, -6404, 3750
-3752, -5824, 3072
-3762, -6394, 3688
-3622, -6450, 3470
-3640, -7364, 3200
-3558, -6506, 3720
-2822, -6972, 2596
-3156, -6936, 3380
-2838, -6614, 2984
-3296, -7006, 3236
-3406, -6612, 2882
-2834, -6660, 2658
-4406, -6904, 4038
-2784, -7090, 2124
-3546, -7076, 2696
-3204, -6502, 3184
-3232, -6688, 2966
-3568, -6550, 3236
*NOTE-2017.04.04@14:16:47 - 1
-3284, -6966, 2508
-3144, -6754, 2878
-2800, -6938, 3836
-2888, -6744, 3582
-2836, -6922, 3474
-1976, -6794, 2150
-3116, -7274, 3496
-2680, -6868, 2576
-2520, -7206, 1832
-2036, -7134, 2150
-3308, -6970, 4290
-1966, -7642, 3000
-1294, -7618, 2404
-914, -7062, 1464
-1258, -6358, 3440
-1200, -6684, 3032
-1014, -7110, 1944
-1772, -6830, 2632
-2958, -6930, 4992
-2386, -7324, 2952
-1816, -8172, 3036
-2298, -7450, 2366
-1738, -7556, 1984
-2982, -7450, 2668
-2152, -7796, 796
-3068, -6948, 2228
-2520, -7174, 1280
-2154, -7768, 202
-2052, -7852, 2478
-1682, -7744, 1086
-1628, -6412, 3898
-1450, -7078, 3438
-1126, -7634, 2798
-1544, -7652, 3142
-1756, -7264, 3236
-1924, -6940, 3126
-1908, -7422, 2700
-2154, -7284, 3144
-1978, -7726, 2138
-322, -6274, 2696
-1032, -9322, 2336
-268, -7440, 1124
92, -7790, 728
-850, -7766, 1506
-1324, -8454, 1752
-666, -7432, 1540
*NOTE-2017.04.04@14:16:49 - 1
-1366, -7674, 1360
-800, -7846, 924
-2162, -7566, 2688
-540, -8144, 1010
-822, -7952, 2160
-672, -7896, 1746
-394, -7808, 1472
-566, -8210, 1882
-300, -8076, 1482
-248, -7922, 1166
-738, -7578, 1670
-1094, -8020, 1838
-1022, -7952, 1580
-946, -7904, 1606
-1482, -7890, 2926
-856, -7826, 2552
-2110, -8106, 5042
-1502, -8342, 3818
-1632, -8538, 3908
-324, -8488, 4092
-2900, -10196, 9254
-1132, -10742, 8254
-192, -11456, 8628
-904, -10948, 11254
-94, -10626, 7164
-658, -9702, 7950
876, -7448, 5532
3776, -4778, 2550
392, -3410, 1848
1084, -3780, 614
926, 1116, 610
-1410, 4138, 3394
76, 4182, 748
4916, 4358, -6722
-1472, 5868, -1082
-1398, 8356, -2638
184, 6904, -6024
-1892, 8778, -5390
-1404, 9822, -5862
-1068, 6890, -7110
-588, 8322, -5042
-1516, 6890, -2598
-114, 6576, -3460
-822, 4896, -1624
-88, 3538, -1048
1296, 1668, 1200
3824, -1418, -5024
548, -2926, 5696
2258, -2908, 11958
2446, -5094, 12988
2146, -6702, 2568
3772, -8108, 8112
4440, -10332, 13720
1438, -8900, 4568
816, -11328, 11092
2774, -6684, 2028
-1524, -10462, 8482
-700, -11586, 2500
-2296, -9034, 8398
*NOTE-2017.04.04@14:16:52 - 1
-1278, -8900, 5668
-1142, -8072, 5358
-984, -7284, 4488
-1800, -7972, 4258
-1164, -7518, 2964
-1308, -7680, 4226
-102, -8606, 3916
-228, -9098, 7130
-24, -10622, 6738
854, -9996, 7760
-1352, -11488, 10216
1022, -11102, 8920
604, -10678, 10794
904, -10744, 8530
408, -8630, 6334
826, -6664, 2378
-286, -5308, 3102
2102, -1754, 3066
1114, 1626, 2536
268, 2986, 1996
1320, 4222, 1426
796, 4610, 418
2266, 5164, -1200
1292, 5294, -3612
1016, 7430, -3504
-302, 6758, -6194
-1778, 6610, -6992
-1950, 8866, -6736
372, 7160, -8468
-608, 6262, -5936
-524, 6704, -4490
656, 6116, -3822
-168, 5564, -3088
244, 4556, -668
2034, 3604, -158
-224, -450, 3322
3366, 820, 426
-1718, -1566, 6702
3806, -3648, 2170
1884, -5352, 8452
-784, -5260, 7036
4168, -9774, 5646
916, -9386, 12214
-2272, -10138, 8614
4252, -11576, 4636
-780, -9444, 7880
2058, -11958, 1910
-1776, -10328, 7438
-2770, -10434, 7628
-1290, -8212, 5206
*NOTE-2017.04.04@14:16:54 - 1
-1892, -7152, 5018
-2014, -7924, 3570
-1416, -7190, 2332
-1510, -7074, 2892
-1666, -7710, 4068
-1530, -8496, 3888
-2188, -8572, 7794
-746, -10710, 4708
-674, -9238, 7716
28, -11188, 6142
-2226, -10960, 9790
1252, -10172, 6312
450, -8400, 7926
-820, -7488, 9252
898, -5808, 8664
2116, -4220, 3336
714, -3702, 3904
940, -2710, 5346
838, 220, 2162
1488, 2694, 614
-50, 4066, 1796
746, 4858, -106
1116, 5006, -2144
-804, 6156, -2052
-2168, 8606, -2422
-272, 7376, -6868
-1420, 8228, -5596
-2026, 9018, -5518
916, 7902, -7696
-998, 7072, -6462
-1502, 8618, -1858
1216, 6682, -4050
208, 5068, -1842
282, 7520, -1000
1708, 4026, -520
3106, 3296, -102
2324, 1080, 966
1706, 1606, 2588
-294, -966, 1970
2062, -3768, 6374
2836, -5192, 9050
2296, -6634, 5372
3004, -6974, 6382
2202, -10558, 10104
1352, -8236, 7884
3036, -13012, 6512
3756, -9128, 4006
-2132, -11150, 6510
-476, -10072, 6878
60, -8098, 5734
-1584, -8512, 5544
*NOTE-2017.04.04@14:16:57 - 1
-1350, -7594, 5170
-1490, -7626, 4102
-1144, -7900, 3544
-1216, -6760, 3800
-606, -7900, 4628
-158, -8224, 5726
-1838, -8838, 9344
-770, -10626, 8876
1508, -12252, 8148
3666, -12160, 7008
1736, -11494, 8454
3338, -9916, 5158
2744, -8250, 5206
3032, -6680, 6914
2946, -4598, 8636
2826, -4220, 3572
2532, -1240, 3744
96, 1074, 3034
1614, 3762, 888
1424, 4346, 2522
2124, 4930, 162
1778, 5874, -1506
-230, 6058, -1780
-334, 7726, -4674
-1152, 7864, -6684
388, 8316, -5894
-72, 8042, -5736
422, 7332, -5156
-26, 8602, -3714
64, 6116, -2272
1674, 7348, -3190
1378, 4474, -2280
1762, 5278, -1218
1282, 3544, 1854
806, 1330, -302
1952, -140, 5194
1932, 750, 8840
2478, -2646, 2590
2634, -5298, 4644
3582, -5970, 12170
5450, -6394, 5162
2948, -7094, 10926
502, -10464, 6714
5750, -7898, 7212
5382, -12852, -1828
-3076, -11348, 7914
-916, -11910, 4368
170, -8146, 4256
*NOTE-2017.04.04@14:16:59 - 1
-2522, -9544, 7646
-2226, -8488, 6738
-1650, -7730, 3872
-1732, -7504, 2312
-2450, -6884, 3758
-1962, -7552, 3586
-1310, -8026, 3940
-1942, -8510, 5132
-2312, -9668, 4996
-2326, -10712, 8248
-294, -10224, 7868
-788, -13252, 7486
764, -10116, 9432
52, -11152, 8132
1570, -8242, 5854
1356, -6372, 6592
-3832, -7202, 11396
3164, -3398, 7102
4984, 62, 242
-474, -372, 6136
2038, 2134, 1784
-14, 2588, 1324
1012, 5588, 694
448, 5196, -668
752, 6410, -3744
330, 7186, -5002
-890, 6996, -3792
-1332, 8546, -4620
-474, 8308, -7830
-1748, 6376, -3116
1054, 8176, -7070
636, 6040, -3962
-726, 7854, -2162
404, 5356, -2744
626, 6682, -1312
834, 3846, -550
1396, 4898, -162
898, 1296, 242
-468, -758, -504
-1384, -1222, 12876
1050, -3752, 1594
1044, -6578, 2726
928, -10142, 16666
5560, -9616, 3928
-3450, -11726, 10344
2872, -12854, 6544
4318, -7744, 3682
-4908, -12458, 7570
-1886, -10444, 7516
600, -9292, 3996
*NOTE-2017.04.04@14:17:02 - 1
-3022, -9024, 7328
-1812, -7586, 4904
-1912, -7744, 3658
-2942, -7016, 4286
-2680, -6846, 3730
-2692, -7398, 3608
-3070, -7758, 6446
-2182, -9624, 7306
-258, -10620, 5828
-646, -12230, 7764
136, -11880, 8714
-268, -11846, 8538
-112, -9878, 9330
1100, -9642, 7106
892, -7898, 6926
928, -6788, 3766
-118, -4896, 6928
4088, 32, 1890
1624, -262, 2850
2160, 1806, 548
-188, 3662, 624
376, 6304, 986
376, 5618, -1438
1338, 5214, -3078
38, 6726, -4018
-1400, 7898, -5742
-1024, 6346, -7936
-2150, 7744, -6208
46, 9466, -6730
1176, 6478, -7640
-888, 7626, -3430
776, 6450, -3628
-104, 5162, -1514
-24, 4646, -1398
104, 3052, 2028
1478, 1642, 312
820, -226, 4536
2240, -1086, 6376
2454, -4268, 2264
3802, -6618, 9888
2408, -5016, 6750
2748, -8052, 4254
2432, -9788, 10884
-1238, -11420, 5316
1884, -8980, 5686
664, -15262, 4196
114, -10956, 6012
-3796, -10852, 9392
*NOTE-2017.04.04@14:17:04 - 1
-2698, -8624, 6504
-2852, -8664, 5334
-1426, -7506, 3342
-1158, -6934, 3436
-1152, -7456, 3224
-1638, -7144, 3972
-1330, -7406, 3788
-2016, -8344, 5628
-1300, -10246, 3818
-1364, -9978, 6292
884, -11468, 5948
1016, -12110, 7072
1808, -11872, 7394
3106, -11340, 7558
2186, -9904, 8248
2774, -8758, 5442
3122, -6552, 6308
942, -6752, 5032
3088, -3458, 4324
1472, -2368, 4502
1502, 1536, 1854
1162, 2456, 1398
-142, 4696, 932
1288, 5918, 686
1152, 5502, -1220
-80, 6636, -3198
-1266, 7458, -2938
-890, 7738, -4422
230, 7836, -6528
-282, 6162, -5838
256, 8528, -4734
1394, 7202, -6258
-1610, 7932, -3142
-84, 7432, -3412
-220, 6608, -2392
1254, 5516, -1848
1394, 3798, -2430
-90, 1754, 1608
1068, 1206, 2250
680, -776, 788
1208, -3408, 7398
1874, -6248, 6362
4080, -6478, 5508
1862, -8372, 8718
3992, -10786, 5622
2258, -12474, 4454
4764, -12746, 10126
7908, -12488, -524
-1936, -12482, 9254
-1410, -11324, 5838
-386, -8474, 3464
-1618, -9646, 4910
*NOTE-2017.04.04@14:17:07 - 1
184, -7498, 3002
-610, -8084, 4124
-76, -7690, 2652
-998, -7828, 2872
-1254, -7860, 2938
-1176, -8018, 3376
250, -9712, 3290
-362, -9412, 7644
284, -11614, 7570
1198, -13906, 6392
350, -12726, 7274
2398, -13248, 3246
2226, -10680, 6936
3258, -8900, 9816
3350, -7610, 5298
966, -7042, 3208
778, -3838, 4254
1378, -2288, 932
1396, 1040, 1178
668, 3116, 1216
78, 5566, 992
1004, 4830, 148
2108, 4680, -2288
424, 7630, -3934
-874, 7948, -2282
448, 7146, -7110
-270, 7360, -4760
298, 10374, -3452
1808, 8094, -6662
494, 5742, -4900
-268, 7864, -1996
1254, 6036, -3212
1150, 5276, -3132
798, 2974, -1840
1252, 2628, -54
580, -432, 1758
-74, -2442, 3212
320, -3580, 5808
2894, -6054, 8340
2812, -8194, 6760
1710, -10266, 4394
1406, -12042, 8764
-2162, -9464, 11004
2196, -11230, 4304
5760, -12144, -302
-2342, -11614, 6036
-3996, -11020, 8360
82, -9122, 2678
-1902, -9548, 5208
-528, -7854, 3494
-1044, -7902, 4000
*NOTE-2017.04.04@14:17:09 - 1
-1558, -7320, 3950
-1198, -6908, 3950
-1792, -6868, 3970
-1682, -7582, 3748
-2112, -8410, 4676
-1118, -9750, 3318
-946, -10880, 4790
120, -10804, 5300
516, -12830, 7494
2264, -13136, 6312
1190, -12160, 6644
1232, -10898, 7212
90, -8836, 9618
-718, -7602, 9538
-1196, -8220, 3596
3776, -1724, 1478
664, -2620, 3138
1098, 978, 1388
1498, 4578, 2726
162, 4136, 2202
1028, 4688, -1242
2194, 6320, -5298
-1362, 6084, -1008
278, 8652, -3112
822, 6372, -5506
96, 7836, -6268
-198, 7740, -4058
2196, 7058, -8036
698, 7450, -6252
52, 7888, -4412
624, 7586, -4084
904, 6728, -4064
-160, 5236, -2268
-68, 4186, -1546
744, 2518, 740
1766, 1352, 1230
1034, -898, 560
632, -1282, 9036
8042, -5382, 5354
3214, -4340, 3156
1464, -7512, 13018
1260, -7500, 8172
1182, -9934, 4936
3014, -7768, 12270
6262, -9586, -318
-1706, -11356, 7502
-3716, -9396, 11048
2902, -8986, 3708
-1770, -9998, 7698
394, -8514, 4928
*NOTE-2017.04.04@14:17:12 - 1
-238, -8212, 3678
-292, -8258, 4090
-260, -7860, 3680
-846, -6584, 5100
-908, -7392, 3932
-420, -7164, 3864
-1282, -8032, 4816
-574, -8568, 4242
502, -9882, 4054
1122, -9784, 6572
502, -11914, 10396
1636, -12512, 8326
2056, -11686, 7736
1462, -10808, 8024
2084, -8200, 6786
1848, -6710, 8116
-88, -5094, 10266
4140, -3694, 2674
4966, 622, 3190
206, 784, 7130
3784, 1722, 172
34, 1524, 3756
-356, 6064, 2498
1774, 4572, -746
1520, 4374, -2672
138, 7274, -3956
-2390, 6386, -4310
-246, 9320, -7284
-1952, 7162, -7370
-2376, 7592, -3724
2912, 7200, -9354
2734, 5728, -6578
214, 7800, -3146
488, 6784, -2604
958, 6302, -3144
124, 5000, -226
238, 4644, -972
4, 2646, 922
1756, 1664, 1856
1526, -2884, -1974
646, -1534, 13326
430, -3642, 5508
3094, -5576, 4162
1534, -7508, 12022
2128, -8016, 392
296, -10908, 7770
-1366, -11960, 10744
5896, -8524, -1100
-1104, -11900, 5726
-3082, -13692, 6042
-542, -10564, 4788
-2546, -10352, 5306
-2418, -9870, 5774
-4454, -7128, 7380
-1226, -7152, 2910
*NOTE-2017.04.04@14:17:14 - 1
-2240, -6866, 3830
-1962, -6180, 3464
-2956, -7430, 3258
-2638, -7296, 3214
-2360, -8636, 3646
-3072, -9570, 5384
-1654, -11304, 5626
1702, -10306, 5764
1036, -13078, 8708
2076, -11790, 9558
1988, -11598, 9300
2196, -10068, 7750
684, -7356, 6730
2500, -3614, 6616
1456, -6136, 2080
3066, 366, 1724
1520, -2900, 2208
508, 372, 3478
-612, 3702, 3678
988, 4642, 1806
514, 3710, -1702
1426, 6424, -4098
-298, 7476, -4186
-1308, 7560, -3798
-24, 8380, -5982
-616, 7414, -3644
340, 8656, -5066
118, 7276, -3466
1580, 6582, -5242
-596, 7912, -2266
-516, 7094, -1878
718, 5624, -2942
-328, 4476, -1388
224, 3666, 2250
1100, 932, 942
1876, -2970, -2422
992, -3474, 12182
2308, -3696, 5060
1082, -5890, 5846
1054, -9170, 11400
1214, -7568, 6272
-2200, -8600, 8760
-68, -11472, 10882
3244, -6574, 3758
-506, -10860, 5702
-732, -9424, 5846
-2198, -9174, 7474
-632, -8966, 4274
-870, -8934, 3830
-1070, -8586, 4416
*NOTE-2017.04.04@14:17:17 - 1
-716, -7738, 4040
-1192, -7688, 3916
-1112, -7060, 4036
-2222, -7480, 4442
-1900, -7816, 5256
450, -8546, 3280
-2762, -10188, 6374
224, -11534, 5176
-492, -13462, 7148
992, -13566, 6342
208, -13444, 8622
1372, -12018, 6640
1326, -10162, 6806
728, -7268, 6724
1692, -5668, 2628
310, -3960, 4928
2786, 32, 1982
1568, 1060, 1742
990, 2066, 1486
528, 5308, 2534
626, 4884, -896
522, 5598, -2158
-24, 6778, -1586
320, 9112, -2620
2490, 6140, -6082
782, 7802, -3830
1772, 6792, -5004
2422, 8506, -6106
1576, 9636, -4696
812, 5934, -3882
834, 8610, -4046
0, 6168, -1596
632, 6540, -444
-1486, 5450, -710
-364, 3930, 1678
2084, 1884, -628
484, -586, 2818
566, -500, 10776
2114, -4752, -1126
2294, -8700, 5664
3010, -9770, 10710
3060, -8806, 1026
-1468, -14988, 11614
-2176, -16448, 9880
5858, -3288, 5548
472, -13508, 4340
-4444, -11796, 8302
-2112, -8720, 5626
-2318, -9688, 5146
-1326, -7934, 4488
*NOTE-2017.04.04@14:17:20 - 1
-1100, -8198, 3236
-1458, -6884, 3808
-1408, -7030, 3314
-1862, -6234, 3328
-2390, -7054, 2884
-2318, -7064, 2498
-2664, -8012, 3164
-2246, -10008, 5284
-468, -11120, 5236
-130, -12568, 7744
2258, -13492, 5170
404, -14014, 7766
2316, -11974, 6544
736, -10676, 6904
-1084, -8726, 8050
4262, -3852, 3934
1602, -6172, 5700
1962, -2368, 6232
2356, -2938, 1494
2638, 22, 1624
788, 2680, 3312
494, 4784, 1850
982, 3942, 462
1628, 4716, -2340
146, 5774, -2058
-1682, 8994, -3260
-1148, 6858, -6598
420, 8550, -7690
-1222, 8494, -6574
2, 8710, -6494
-274, 6810, -5532
-816, 7502, -3520
-202, 7144, -3248
150, 6398, -2274
862, 5344, -1844
904, 3518, -654
906, 774, 1186
3674, -318, 304
1680, -2744, 2812
-2856, -3214, 9756
2450, -4686, 6486
5864, -7244, 2026
1576, -9116, 6552
2454, -10160, 8848
1416, -11080, 3222
1060, -13944, 8758
8944, -4548, -538
-3140, -15958, 6080
-344, -10120, 5802
-3502, -9246, 7384
-2264, -7862, 5098
-2848, -9578, 4874
*NOTE-2017.04.04@14:17:22 - 1
-1290, -6984, 3808
-1866, -7330, 3960
-878, -6648, 2492
-1584, -6786, 2802
-2764, -7476, 3552
-2728, -7704, 4366
-766, -9106, 2368
-1756, -10864, 6002
-462, -11522, 7598
3848, -11566, 4610
2356, -13094, 8844
3990, -11246, 9436
2408, -13052, 7760
660, -7738, 11054
2170, -8360, 4234
2020, -7076, 2860
1276, -3992, 3390
860, -2362, 3858
1600, 1020, 1838
352, 3232, 2210
76, 4090, 998
266, 4952, -916
1064, 6348, -1016
450, 6272, -3330
808, 6512, -4238
-1936, 7574, -4682
-1726, 9688, -6760
-2036, 7990, -7036
-734, 7490, -6810
-680, 8572, -5758
-296, 7002, -4802
-1104, 7112, -2660
-818, 5792, -2366
-624, 4336, -2496
126, 2106, -1604
860, -86, -690
3064, -838, 3628
1606, -3842, 2866
-244, -6040, 5878
5010, -7782, 9636
2980, -7032, 4918
1860, -10932, 8136
1898, -11840, 7374
602, -15574, 4464
1422, -6678, 12550
824, -12388, 4348
-3028, -12822, 5984
-332, -9472, 4404
-1340, -9826, 4144
-2184, -9610, 4916
-1278, -7200, 4402
*NOTE-2017.04.04@14:17:25 - 1
-1128, -7528, 3188
-718, -6980, 2740
-1810, -7122, 3090
-1838, -7476, 2324
-2090, -7404, 2846
-2308, -9438, 3706
-1848, -10584, 3720
-522, -10884, 3412
-472, -11538, 6186
874, -12680, 7298
758, -14340, 9358
2018, -13256, 9558
1634, -15234, 6092
-1858, -11040, 11118
3008, -4764, 6416
1626, -6784, 2202
-492, -4986, 5174
1780, -680, -1170
-1998, 712, 1544
-1178, 6560, 1054
740, 2982, -2262
-1390, 4774, -2242
-1292, 7516, -3042
-1966, 6782, -5562
-1620, 7426, -6218
-1584, 7348, -8410
-2026, 7130, -6318
-1456, 6440, -6334
-1936, 7516, -4928
-1740, 7700, -4048
-1518, 7360, -3174
-1620, 6236, -1852
-468, 5084, -1104
-170, 4222, -582
88, 2502, 1654
2002, 634, 1476
1454, -1662, 80
804, -2502, 14320
2172, -4640, 3278
5282, -5106, 2348
1232, -8930, 12810
4200, -7412, 5988
2258, -9360, 4984
2574, -10690, 7048
2858, -9674, 2812
1270, -11496, 7298
188, -11412, 3332
-2228, -8796, 8268
-2948, -9730, 4500
-2430, -6838, 4086
-5038, -6386, 7878
-3942, -7472, 4142
-2576, -7222, 2606
-1792, -7600, 2966
*NOTE-2017.04.04@14:17:27 - 1
-2326, -8068, 3388
-1004, -7796, 2776
-592, -7960, 2120
-4, -7638, 2608
-278, -7352, 1550
-1206, -7600, 2248
-1722, -6012, 4490
-1878, -5938, 3030
-972, -5174, 3636
-2364, -5244, 3694
-2426, -5208, 4452
-2828, -5312, 3742
-2792, -5580, 4662
-3022, -5790, 3632
-3322, -5084, 5140
-3216, -5720, 4444
-3044, -5538, 4894
-3354, -6262, 5652
-2226, -5866, 4330
-3072, -5570, 5526
-3124, -6324, 5250
-3050, -6426, 5446
-3008, -6196, 5522
-3500, -6158, 5128
-3970, -5748, 5546
-4348, -4070, 6452
-3730, -3538, 6144
-3318, -2850, 6008
-3712, -3704, 6020
-3710, -3902, 6040
-3292, -3600, 5788
-2310, -3240, 5880
-2800, -3954, 7066
-3022, -3388, 7388
-3046, -2706, 7436
-2628, -1556, 7346
-3126, -1858, 7404
-2528, -2630, 6410
-3120, -3198, 6696
-3090, -2730, 7026
-1786, -1750, 6800
-1006, -2746, 6166
-146, -3252, 5800
218, -4320, 4358
656, -4446, 4494
1210, -6708, 9748
3148, -4640, 10684
4210, -6250, 3552
192, -4732, 8942
2336, -4176, 5356
1030, -3536, 6270
1908, -4324, 5772
2366, -5020, 7320
2074, -4802, 6272
1192, -3930, 6302
2338, -5320, 5960
968, -3930, 7292
1694, -4588, 6050
1252, -5008, 6786
1548, -3710, 4806
1178, -5536, 7210
2262, -3838, 6176
1128, -4418, 6240
1280, -4060, 7454
1524, -4352, 6146
1372, -4036, 6774
502, -3946, 7620
1720, -4080, 6134
850, -3020, 7364
1210, -4104, 6862
952, -3320, 6778
1134, -3552, 6908
958, -3724, 7020
778, -3368, 6190
1262, -3630, 6904
1404, -3574, 6874
596, -4006, 7772
1210, -2844, 6900
1368, -3594, 6222
1144, -4158, 6496
904, -4178, 7010
338, -4654, 8526
2158, -5968, 6420
3096, -5774, 10740
5504, -5356, 6710
4276, -378, 4076
540, 998, 3196
-2388, -202, 8960
146, 858, 4230
-1966, -394, 9168
-2762, -4460, 9406
2932, -4832, 1794
-3800, -4494, 11232
3026, -3244, 5940
-1838, -3470, 8842
-2498, -1660, 11022
2160, -4032, 5310
-3928, 1272, 5686
*NOTE-2017.04.04@14:17:32 - 1
-4646, -4626, 11334
250, -1674, 4370
-7170, 282, 9754
-4860, -1844, 6170
-3798, -182, 5958
-4392, 638, 6404
-5510, 1546, 6256
-6356, 2010, 5410
-6012, 2028, 4644
-4960, 2418, 2180
-7408, 2382, 2730
-7006, 2150, 3416
-7170, 3926, 3250
-5878, 3522, 1154
-6362, 4390, 1908
-5196, 4516, 1818
-5792, 5054, 1650
-7196, 5136, 886
-6174, 6438, 3142
-5652, 8212, 2234
-4644, 3800, 166
-5138, 5142, 1000
-5284, 6030, 1654
-5718, 5778, 1788
-5554, 5418, 364
-5874, 5556, 1344
-6328, 5420, 2236
-5460, 5228, 406
-5636, 5548, 668
-5928, 5574, 1398
-5600, 5026, 912
-6788, 5130, 1706
-6202, 5136, 1010
-5734, 5642, 724
-5374, 5456, 1090
-7414, 4788, 2080
-5536, 5428, 22
-5264, 4884, 796
-6154, 5256, 1156
-6046, 5336, 778
-6142, 5206, -4
-6798, 4820, 1440
-5550, 5174, 802
-6250, 5302, 1262
-6632, 5140, 2138
-5350, 4326, 1000
-6054, 4680, 2832
-6456, 4644, 3320
-5894, 4616, 2014
-6034, 5202, 2408
-5028, 4230, 870
-5930, 4954, 2998
-6498, 4916, 2664
-5020, 4090, 1406
-6626, 4978, 3098
-6040, 4726, 2418
-4468, 3892, 3432
-6552, 5568, 2596
-5800, 4352, 3240
-6196, 5062, 2136
-5656, 4726, 414
-5094, 5130, 3790
-6894, 5036, 3058
-5468, 5014, 926
-5090, 5214, 2482
-5838, 4512, 3008
-5376, 5228, 728
-7206, 4874, 690
-5844, 5060, 172
-5614, 5308, 844
-6394, 5026, 1030
-6188, 5258, 536
-6042, 5220, 234
-6114, 5098, 812
-5830, 5138, 312
-6246, 4954, 780
-6310, 5082, 664
-5948, 5236, 156
-6162, 5148, 718
-6044, 5242, 394
-6422, 5018, 834
-6016, 5292, 338
-6158, 5084, 700
-5990, 5132, 502
-6124, 5176, 686
-6030, 5234, 294
-5748, 5188, 334
-6262, 5046, 1176
-6402, 5046, 912
-5978, 5282, 230
-6456, 5236, 514
-5364, 5030, 946
-5816, 5136, -1166
-6232, 5296, 1838
-5726, 5024, 368
-6116, 5106, 914
-5994, 5260, 312
-6244, 5164, 674
-6256, 5026, 832
-5834, 5236, 408
-6042, 5088, 634
-5912, 5154, 434
-6260, 5310, 794
-6078, 5288, 144
-6226, 4970, 938
-5900, 5350, 554
-6304, 4986, 998
-5812, 5134, 1312
-5424, 4616, 2990
-5936, 5456, 518
-5706, 4930, -774
-6668, 5550, 880
-5950, 4766, 1232
-5482, 5020, 996
-6610, 5128, 1704
-5446, 5248, 62
-5910, 5322, 1094
-6740, 4958, 1400
-5282, 4826, 1320
-6378, 5252, 702
-5906, 5228, -72
-5972, 5140, 782
-6834, 5120, 768
-5834, 4820, 1054
-6256, 5040, 1778
-5562, 5232, -148
-5778, 5308, 866
-6344, 5008, 1140
-5974, 4328, 1778
-6752, 5646, -156
-5884, 5380, -228
-5644, 5090, 1916
-6548, 5028, 2132
-5134, 4646, 1028
-7188, 5636, 856
-5610, 5112, -148
-6028, 5334, 1968
-6364, 4670, 2006
-5698, 4574, -410
-7008, 5820, 926
-5506, 5046, -164
-6594, 5166, 1666
-6048, 5040, 1172
-5502, 4630, 2274
-6296, 5718, 1098
-5614, 4728, 514
-6292, 5316, 2030
-6272, 4810, 1262
-5392, 4822, 1302
-6866, 5338, 1998
-5376, 5104, 116
-5926, 5396, 796
-6470, 4632, 1928
-5410, 5148, 1012
-6314, 5082, 2388
-5372, 5184, 74
-6210, 4942, 1720
-6060, 4878, 1508
-5812, 5240, 668
-6252, 5146, 682
-6186, 5398, 394
-5624, 5332, -534
-7094, 4702, 2578
-5576, 4620, 768
-5980, 5516, 1036
-6452, 5186, -264
-5880, 4966, 454
-5854, 5474, 1528
-6166, 5196, -1556
-5506, 4510, 10
-7294, 5026, 928
-6960, 4666, 252
-5608, 5766, -1804
-6336, 4796, 312
-6560, 5598, -258
-6534, 4840, -2
-6296, 4792, -1278
-6564, 5252, 262
-5748, 5178, -614
-6186, 4996, -454
-6230, 5402, -206
-5992, 4970, -728
-6084, 5202, -138
-6364, 5200, -30
-6116, 4810, 62
-6300, 5346, 6
-6170, 4918, 36
-6354, 5172, 282
-6154, 5060, 26
-6288, 5110, 224
-5914, 5102, -84
-6302, 5006, 444
-6352, 5134, 254
-6178, 5076, 310
-6166, 5130, 74
-6264, 5106, 396
-6130, 5076, 254
-6110, 5112, 348
-6088, 5208, 550
-6088, 5074, 416
-6436, 5212, 544
-5762, 4962, 70
-6466, 5258, 820
-5854, 4784, 454
-6482, 5466, 696
-6542, 4578, 880
-6438, 5210, -224
-5488, 5130, 86
-6750, 5170, 482
-5492, 4324, -198
-6846, 5208, 1192
-5720, 5248, 42
-6518, 4928, 654
-5882, 5104, 130
-6308, 5076, 416
-6302, 5214, 362
-6174, 5012, 846
-5846, 5192, 232
-6782, 4954, 828
-5990, 5266, -200
-6084, 5104, 1212
-5984, 4770, 1204
-5796, 5210, -246
-6484, 5028, 1626
-5956, 4912, 1692
-5952, 5150, 808
-6432, 5478, 302
-5266, 5128, 692
-6106, 5206, 300
-6686, 5088, 1734
-5882, 4438, 698
-6202, 5594, 46
-6030, 4564, 622
-5956, 4724, 1530
-6316, 5166, -852
-6824, 5166, 1538
-5412, 4798, 360
-5670, 5340, 506
-6854, 5120, 1534
-6018, 4882, 314
-6064, 5316, 314
-6012, 5034, 692
-6716, 4854, 1626
-6056, 5018, 1118
-6370, 5046, 476
-6352, 4928, 1518
-5550, 5662, -534
-6170, 4776, 1050
-6500, 5344, 850
-6228, 4978, 1486
-5882, 5562, -256
-5890, 4206, 716
-5716, 5494, 432
-6808, 4816, 1402
-5604, 5120, 848
-6730, 5080, 1448
-5844, 5290, -90
-6740, 4934, 1096
-5812, 4994, 330
-6312, 5088, 734
-6044, 5040, 308
-6354, 5066, 922
-5966, 4638, 958
-6340, 4938, 422
-6098, 4860, 1406
-5818, 5174, 168
-6146, 5192, 210
-6300, 4626, 1046
-6310, 5344, 446
-5788, 5360, -114
-5944, 4408, 1338
-6622, 5266, 626
-6628, 4874, 626
-5482, 4808, 600
-6536, 5012, 684
-5810, 5018, 804
-6314, 5028, 820
-6000, 5018, 362
-6306, 5082, 690
-6236, 4908, 858
-6202, 5030, 1212
-6292, 5296, 566
-6200, 4892, 656
-6126, 5406, 102
-6186, 4944, 1070
-6296, 5076, 648
-6120, 4966, 1560
-5940, 4870, 494
-6396, 5180, 1062
-6046, 5096, 644
-5886, 5026, 1070
-6322, 5024, 1422
-5980, 4896, 848
-6142, 5164, 828
-6442, 5038, 1382
-5736, 4960, 488
-6380, 4976, 1208
-5998, 4924, 822
-6228, 4854, 782
-6196, 5214, 642
-6304, 4970, 1012
-5970, 5124, 684
-6244, 4962, 912
-6116, 5048, 588
-5766, 5108, 422
-6646, 4936, 1152
-5990, 4986, 706
-6302, 5112, 794
-6340, 5088, 740
-6020, 4906, 648
-6420, 5198, 686
-5898, 4632, 1094
-6460, 5006, 1130
-6014, 5004, 700
-5864, 4986, 406
-6450, 5456, -86
-6142, 4866, 944
-6182, 5366, 140
-5672, 4866, 1608
-6234, 5404, 290
-6594, 5112, 1284
-5476, 5316, 378
-6314, 4908, 198
-6398, 4900, 780
-6038, 5204, 222
-6384, 5152, 1122
-5950, 5084, 454
-5962, 5198, 576
-5802, 5086, 1058
-6372, 4686, 1124
-5966, 5070, 510
-6218, 5370, 1148
-5442, 4966, -602
-6476, 5212, 928
-5822, 5362, 266
-6346, 4814, 2132
-6288, 4680, 1198
-6024, 5256, -730
-6806, 5084, 1526
-5058, 4890, -74
-6596, 5052, 622
-6960, 5254, 1018
-5224, 5074, 622
-6400, 5160, 626
-6056, 4984, 1098
-6098, 5232, 182
-6254, 5218, 916
-6306, 5128, 676
-6150, 5400, 548
-6204, 4716, 1324
-5578, 5364, 700
-6602, 5028, 828
-5946, 5258, 770
-6352, 5108, 1000
-5762, 5142, -570
-6372, 5250, 974
-6050, 4994, 670
-6132, 5348, 216
-6048, 5112, -6
-6110, 5100, 390
-6134, 5276, 514
-6106, 5086, 820
-6178, 5250, 184
-6284, 5106, 542
-5918, 5218, 318
-5950, 5066, 548
-6266, 5182, 1124
-5880, 5446, 142
-6060, 5108, 316
-6260, 5250, 470
-5990, 4614, 2052
-6366, 5312, 1102
-5470, 5380, 428
-6358, 4978, 468
-5844, 4984, 556
-6718, 5110, 1104
-5812, 5396, -462
-6414, 4966, 1140
-5928, 5252, 50
-5952, 5190, 384
-6004, 5062, 562
-6010, 5320, 254
-6398, 5192, 406
-5928, 4970, 766
-5944, 5230, 1568
-6158, 5592, 108
-5804, 4966, 726
-6218, 5170, 472
-6016, 5220, 436
-6072, 5140, 432
-5882, 5282, 262
-6072, 5130, 566
-6392, 5186, 738
-5880, 5214, 232
-5904, 5148, 596
-6688, 5212, 1226
-5546, 5386, 10
-6146, 5336, 374
-5660, 5222, 436
-6440, 5328, 1262
-6298, 5032, 1358
-5320, 5176, 616
-6202, 5052, 1424
-6050, 5072, 1232
-6074, 4962, 1582
-5888, 5178, 1076
-5912, 4620, 1460
-5954, 5222, 1502
-5964, 4984, 1406
-5784, 5256, 530
-6052, 5208, 1012
-6102, 5180, 1008
-6154, 5368, 848
-6146, 5302, 598
-5594, 5298, 10
-6158, 5368, 600
-5984, 5334, 64
-6106, 5220, 478
-5976, 5340, 132
-6056, 5228, 440
-6004, 5320, 182
-6128, 5242, 474
-5672, 5374, -442
-6408, 5284, 474
-5742, 5462, -266
-6334, 5200, 504
-6028, 5348, 10
-5634, 5250, 242
-6240, 4962, 652
-6264, 5270, 108
-5562, 5826, -478
-6534, 5316, 1052
-5846, 5006, -454
-5966, 5266, -234
-6006, 5382, 44
-6510, 5728, -214
-6118, 4978, 100
-6068, 5550, -58
-6174, 5002, 728
-6364, 5316, 770
-5784, 5186, 252
-6230, 5134, 744
-6220, 5126, 490
-6104, 5140, 394
-6178, 5068, 686
-6060, 5128, 250
-6050, 5146, 658
-6508, 5432, 146
-5714, 4832, 828
-5478, 4752, 1922
-5828, 5280, 212
-7172, 5178, 1542
-5466, 5326, 136
-5948, 5114, 544
-6312, 5172, 656
-6004, 5128, 722
-6020, 5254, 572
-6056, 5042, 734
-6014, 5270, 672
-6026, 5166, 808
-6482, 4726, 738
-5806, 5380, 682
-6138, 5034, 798
-6036, 5158, 776
-5976, 5238, 554
-6150, 5088, 910
-6038, 5252, 806
-6130, 5092, 588
-6130, 5332, 892
-5944, 5404, 200
-5690, 5212, 550
-5890, 5042, 652
-6324, 5442, 1230
-5630, 4988, 952
-6554, 4906, 1748
-6028, 4956, 1368
-6064, 5026, 932
-6294, 4976, 1658
-5860, 4694, 1144
-6342, 4890, 1620
-6376, 4796, 1612
-5464, 5188, 1048
-6054, 4804, 1416
-6274, 4904, 1838
-6430, 4702, 1724
-6710, 4932, 2030
-6826, 5050, 1930
-6678, 4474, 2740
-5036, 5412, 1200
-4536, 5082, 874
-6026, 5532, 2224
-6418, 5302, 3454
-5438, 5504, 2464
-4774, 4938, 1942
-5644, 5542, 3520
-4878, 5284, 2934
-3978, 6070, 1048
-3424, 5470, 2118
-3922, 5762, 2394
-5074, 6058, 3238
-4918, 6360, 3228
-4224, 5678, 2114
-4444, 5974, 2606
-4912, 5472, 3324
-4614, 5320, 2824
-4438, 5782, 2764
-4880, 5510, 3548
-4600, 6020, 3210
-4622, 5580, 3072
-4684, 5778, 2670
-4928, 5644, 2958
-4562, 5582, 2646
-4804, 5844, 3300
-4724, 5516, 2920
-4678, 5556, 3106
-4546, 5498, 3270
-4742, 5692, 3016
-4834, 5646, 3146
-4572, 5612, 2976
-4496, 5830, 2908
-4764, 5616, 2724
-4884, 5792, 3140
-4434, 5798, 2344
-4256, 6082, 2436
-4262, 5458, 2040
-5270, 5966, 3236
-4574, 5874, 2264
-4722, 5794, 2576
-4892, 5822, 2802
-4832, 5698, 2744
-4762, 5750, 2736
-4730, 5660, 2888
-4654, 5692, 2644
-4924, 5638, 2776
-4860, 5720, 2756
-4584, 5704, 2862
-4830, 5626, 2884
-4790, 5686, 2572
-4808, 5780, 2688
-4904, 5548, 2878
-4672, 5646, 2782
-4926, 5654, 2814
-4766, 5568, 2784
-4758, 5806, 2520
-4958, 5618, 2802
-4720, 5694, 2562
-4868, 5710, 2850
-4742, 5654, 2628
-4916, 5692, 2842
-4708, 5646, 2670
-4906, 5694, 2828
-4812, 5628, 2686
-4794, 5742, 2676
-4954, 5654, 2796
-4804, 5626, 2662
-4824, 5756, 2742
-4830, 5544, 2892
-4958, 5654, 2680
-4674, 5370, 2382
-5414, 5838, 3000
-7128, 5356, 4038
-4912, 4916, 4074
-4914, 4726, 4146
-1228, 3028, 2420
-3142, 4134, 6822
-3092, 3168, 4334
-3326, 3574, 7300
-1146, 2762, 6818
-2262, 2892, 7272
-2978, 2976, 5688
-4374, 2808, 7768
-4354, 1950, 7372
-4720, 680, 8172
-3098, -316, 7354
-2884, -950, 6886
-3510, -2482, 7392
-2666, -786, 7378
-2490, -1670, 7064
-3044, -2164, 6816
-4392, -2548, 9292
-2122, -1810, 7198
-2758, -1868, 7604
-2088, -1876, 6380
-2516, -2390, 7584
*NOTE-2017.04.04@14:18:01 - 1
-2138, -2404, 6870
-2388, -2806, 6958
-2732, -3056, 6610
-3342, -3350, 7402
-2212, -3730, 5400
-2594, -3438, 6738
-2310, -4116, 6732
-1528, -2854, 6638
-1650, -2910, 7218
-2074, -1562, 7280
-1764, -1474, 7486
-2488, -1096, 8012
-1616, -2390, 6674
-1866, -1338, 7514
-1832, -2390, 7196
-2168, -1772, 7356
-2256, -2092, 7074
-2512, -2400, 7394
-2266, -2790, 6734
-2452, -2314, 7078
-2594, -2062, 7164
-2726, -2328, 6992
-1892, -2272, 6400
-3154, -1712, 7434
-3354, -1536, 7912
-2700, -1866, 6326
-1260, -1090, 7536
-2680, -3078, 9348
-2410, -4854, 6584
-2038, -3414, 5140
-2884, -3708, 7692
-2270, -3794, 5604
-2530, -3564, 6430
-2214, -4098, 6174
-2354, -3758, 6240
-1530, -3774, 5892
-2188, -2942, 6936
-2838, -3518, 6444
-2476, -3068, 7030
-2064, -3938, 5672
-2572, -2502, 6622
-3242, -2864, 6918
-3714, -1504, 7000
-3642, -2992, 7700
-3822, -2052, 7746
-2786, -2902, 7844
-3144, -3254, 6922
-2440, -5268, 6358
-1852, -6456, 5384
-2802, -7228, 5960
-3120, -8366, 4642
-1124, -8158, 1918
-928, -6728, 2298
-434, -4864, 2440
-698, -3542, 2520
416, -4704, 2236
-732, -8152, 1110
-1608, -10766, 666
-2092, -9000, 2702
-2246, -6608, 2994
-1392, -6976, 2526
-1922, -5828, 2712
-1734, -8142, 2350
-1842, -7254, 3140
-1542, -9346, 2544
-942, -6594, 2496
-250, -6874, 2586
16, -7326, 2466
812, -8990, 2136
382, -7150, 2554
124, -7046, 3696
-640, -7378, 3406
-626, -7046, 3014
-586, -7412, 1928
-488, -7668, 2330
-1058, -8352, 2748
170, -7652, 2006
-856, -8330, 2546
116, -7576, 1296
-62, -7062, 1042
-1908, -8316, 2678
-984, -8316, 1148
-996, -7760, 1086
-1290, -7392, 1512
-1102, -7556, 1966
-1878, -7378, 1226
-1070, -8332, 710
-210, -9160, 286
-464, -7376, 3008
-310, -7704, 3570
-832, -7268, 18
-1188, -8938, 2242
644, -7888, 208
-1550, -7700, 2340
*NOTE-2017.04.04@14:18:06 - 1
-1202, -8284, 1866
-762, -7206, 1412
-1432, -7740, 1682
-1340, -8188, 1088
-1624, -7674, 1488
-750, -7712, 1186
-262, -7482, 572
-550, -7998, 752
-1430, -8406, 1360
-1900, -7864, 2512
-1048, -7962, 1236
-528, -7820, 662
-866, -7884, 572
-1754, -7842, 1478
-1188, -8242, 846
-1246, -7612, 1070
-1194, -8046, 1298
-998, -8112, 844
-1144, -8030, 976
-826, -8006, 536
-1230, -7834, 918
-902, -7848, 450
-1370, -8030, 948
-1040, -8010, 1026
-1088, -7950, 1300
-934, -7958, 878
-1576, -8314, 1460
-1020, -8210, 856
-826, -7608, 850
-1272, -8200, 478
-2156, -8832, 3388
-1262, -7546, 5338
-3776, -9160, 8160
1718, -11862, 6148
-1904, -12072, 8434
1476, -12612, 6174
1090, -11504, 7488
1552, -10934, 6248
1080, -8540, 9894
268, -6816, 6232
-2272, -7316, 6566
476, -3750, 4802
2232, -62, 2428
962, 32, 2608
218, 3046, 3342
356, 3186, 2600
1498, 3270, -250
1664, 4796, -3906
-1068, 6954, -912
598, 7594, -4262
820, 6884, -6298
-246, 7760, -5734
-18, 7694, -5822
1202, 7444, -7822
-726, 7836, -5508
-1256, 7760, -3106
40, 6944, -4492
-862, 4644, -2242
1080, 5958, -2056
1260, 1802, -688
2122, 858, 1956
976, -3668, -1448
-1100, -3702, 5494
78, -6116, 7988
3502, -7930, 8374
1842, -8320, 7070
3342, -11854, 4476
-228, -8440, 15664
5482, -13128, -140
-240, -12266, 11022
2650, -10456, 2956
-1626, -12910, 5262
-3024, -9080, 6796
-2004, -8854, 5194
*NOTE-2017.04.04@14:18:10 - 1
-1574, -7676, 4676
-1676, -8618, 3344
-1484, -8064, 3146
-1562, -6714, 2670
-3298, -7996, 6050
-2780, -9240, 5266
-1294, -10018, 4112
94, -10488, 5188
326, -11774, 7114
1644, -12148, 5842
1954, -11060, 8392
2904, -10864, 7964
1216, -10036, 8692
1238, -7610, 6910
1058, -7662, 4170
-726, -5618, 7998
2338, -1854, 904
656, 450, 2934
448, 2650, 868
-350, 3590, 1652
138, 5844, 176
1740, 4856, -2690
-720, 5660, -3318
-754, 8594, -5110
694, 5614, -9768
628, 10360, -9172
-1880, 7824, -5328
288, 7636, -7644
-716, 6648, -3958
-1244, 7538, -2274
734, 5596, -3136
588, 4256, -1898
220, 4030, 1372
1142, 2082, 1240
1804, -2156, 336
326, -3272, 2770
1958, -3240, 10082
1686, -4676, 8162
218, -7882, 5394
4018, -8180, 12258
1228, -11584, 8360
-3956, -9558, 10558
6642, -8868, 3370
1816, -10374, 5764
-4058, -12716, 6312
-2652, -9074, 5818
-1040, -9094, 3988
-1930, -8154, 5596
*NOTE-2017.04.04@14:18:12 - 1
-1558, -7818, 4898
-300, -7364, 3386
-2332, -7854, 4472
-1230, -7206, 3180
-2190, -7748, 3582
-2934, -8478, 4042
-2264, -8480, 3942
-1324, -8758, 5514
-900, -10004, 6714
-184, -11240, 8254
-166, -12054, 9234
160, -11402, 9648
-224, -9884, 9588
548, -9114, 7212
192, -7070, 7340
2042, -4416, 1746
-1374, -6344, 6960
2444, -2246, 3674
910, 1048, 2240
412, 1954, 1514
776, 3106, 1756
-634, 5326, -950
1354, 5650, -3864
258, 7096, -892
304, 7278, -3610
588, 7388, -5504
-938, 7450, -5984
-1846, 6726, -5748
648, 7554, -7404
218, 7996, -6702
-288, 7784, -5998
-214, 7266, -4156
-42, 6578, -4082
260, 5808, -3154
120, 3628, -2330
538, 2704, -420
-472, -54, 402
2566, -2830, -1456
800, -4606, 7470
834, -5606, 10926
4436, -7560, 3300
1040, -8756, 8530
2084, -11660, 9780
1328, -7980, 11812
2926, -13464, 36
-954, -7772, 13820
1720, -12304, 1860
-1424, -11768, 3906
-380, -8946, 3614
1246, -11542, 2264
-3436, -7896, 7562
-2452, -6806, 5422
*NOTE-2017.04.04@14:18:15 - 1
-2720, -7714, 3602
-2136, -7144, 2764
-3446, -8012, 5734
-3678, -9280, 4610
-2516, -9610, 5878
-1550, -11210, 7416
-1286, -13760, 7660
332, -12542, 7164
300, -10700, 8132
294, -10042, 7678
594, -7860, 8446
326, -5992, 9378
3488, -4640, 4146
-682, -4100, 5810
1360, -3064, 3010
866, -158, 894
812, 1054, 104
6, 4356, 508
-312, 4504, -2128
2406, 5338, -5250
-1078, 5452, -5616
-572, 8350, -5886
598, 8078, -10270
598, 6950, -9212
-796, 7224, -7236
890, 7216, -7328
234, 6988, -5626
240, 6652, -4646
264, 5128, -4378
424, 5676, -3442
-282, 3450, -1008
110, 1804, 1722
1822, -1386, -80
4234, -1560, 2802
430, -1294, 10592
-244, -5516, 3192
5166, -6646, 11430
3640, -7148, 7484
1872, -10672, 3308
-394, -10234, 16040
2758, -12892, 554
384, -10168, 4380
-578, -13084, 4814
-2530, -12876, 4970
-3390, -10328, 6480
-3180, -9716, 6950
*NOTE-2017.04.04@14:18:17 - 1
-1728, -7102, 4424
-2954, -8268, 4994
-2126, -6464, 3612
-2978, -7042, 4560
-2914, -6598, 4554
-3000, -8546, 4652
-2342, -10096, 4296
-2444, -9062, 7986
-2986, -14904, 6638
574, -15082, 5608
946, -13762, 8146
3420, -11280, 6800
934, -10194, 8366
1836, -7414, 5778
-42, -6552, 7988
-2, -3810, 8990
3962, 950, 3090
1312, -1070, 4302
430, 822, 3214
992, 1616, 588
-722, 5834, 1294
32, 5642, -1186
762, 4548, -4122
-1494, 8048, -4224
-1926, 7470, -5926
-318, 6968, -8672
-1314, 7350, -5702
1758, 8078, -8882
1342, 6610, -7076
426, 7634, -4958
196, 6542, -4396
388, 6202, -4374
-104, 6174, -3076
-154, 3788, -1444
1130, 2626, 3202
772, 1236, -352
3116, -1236, 4220
-86, -2354, 2462
-2114, -4848, 10080
2972, -8408, 9942
3978, -6260, -692
2590, -8572, 7882
3490, -11986, 7670
-4914, -11442, 8914
9180, -5742, 662
354, -15352, 4814
-2734, -12652, 7908
-2652, -8440, 7592
642, -7878, 4134
-5408, -7314, 7044
*NOTE-2017.04.04@14:18:20 - 1
-1492, -6160, 3448
-2836, -7706, 4700
-1334, -6538, 4448
-2046, -7330, 5442
-1334, -7642, 5460
-950, -10354, 4030
-992, -10394, 9042
1258, -11938, 6966
550, -12670, 8482
1550, -11944, 9550
1472, -10592, 9398
1520, -8738, 8576
1282, -7530, 8646
136, -5888, 8238
3982, -4046, 2120
652, -2098, 4168
1732, 1706, 1632
1370, 1628, 92
16, 4206, 1622
762, 4516, 48
1508, 4744, -3244
6, 6376, -4446
-2476, 7236, -4592
-560, 7946, -8518
-2450, 5362, -5340
22, 8450, -8746
46, 6768, -6942
-1236, 7678, -4220
-724, 6814, -4184
12, 5772, -3402
-106, 5084, -2410
1016, 3678, -3086
-204, 1106, 1704
1206, 496, 2232
3590, -2596, 1550
1226, -1760, 9254
842, -6094, 3160
4566, -7068, 8266
3020, -8706, 7118
1294, -10366, 4150
-722, -11048, 12138
7034, -11952, -22
-838, -13978, 7302
2878, -10498, 2716
-2194, -13000, 5552
-792, -8672, 5018
*NOTE-2017.04.04@14:18:22 - 1
-1138, -10262, 4372
-2226, -8150, 6110
-1940, -7552, 4590
-1516, -7384, 3432
-1772, -7110, 4078
-2528, -7600, 4430
-1942, -8442, 4430
-1200, -9350, 3638
-2198, -9946, 6548
-728, -10948, 5556
90, -11596, 6820
544, -11940, 8192
606, -11666, 8230
1806, -9880, 8536
1278, -9108, 8872
812, -7290, 8368
3182, -4068, 5316
1598, -3214, 1996
1158, -5174, 1628
-176, 876, 2272
1546, 2254, -1142
-808, 3760, 250
264, 7960, -1126
1806, 4154, -3986
200, 7722, -3736
-1572, 7904, -4616
156, 6276, -5906
-892, 8078, -5386
-380, 8084, -6042
-1570, 8062, -6280
-2142, 8808, -4802
-154, 7192, -6156
-948, 6982, -3026
-584, 5900, -3830
-568, 3628, -3444
-136, 1770, -206
1158, -14, 554
1884, -2796, -596
-106, -3562, 9706
1306, -6338, 4558
1826, -6792, 2048
1542, -9406, 13874
5878, -9106, 2520
-3038, -11046, 12048
-424, -16106, 7270
4924, -5258, 5262
1024, -10726, 4466
-3006, -13922, 6656
-162, -7904, 4624
132, -8982, 3794
*NOTE-2017.04.04@14:18:24 - 1
-2976, -8822, 5538
-1352, -7018, 4954
-1148, -7550, 3748
-1716, -7492, 3888
-2592, -7760, 3628
-3258, -7898, 5188
-2190, -9310, 4726
-1168, -9666, 7498
-642, -11978, 8454
260, -12700, 7512
-164, -11990, 9458
1452, -11514, 7322
1114, -8736, 8608
762, -7006, 8326
-2056, -6502, 7098
50, -6330, 7454
1298, -1724, 4766
1788, -668, 1844
3846, 108, -110
-892, 2114, 2026
722, 4700, -1376
-100, 5320, -2716
246, 6936, -5416
-1610, 5728, -6944
-172, 8112, -7662
-1206, 8652, -9306
-2546, 8824, -5650
-1038, 7400, -7912
-752, 6764, -5328
-1476, 6948, -3546
-382, 6826, -3914
-432, 5242, -3142
-142, 3212, -2008
1164, 2534, 2090
2458, -1440, -848
3000, -3586, -2426
1986, -2766, 11638
-1202, -6076, 4400
6790, -7430, -156
4402, -9314, 7578
3724, -14576, 4362
3120, -9250, 8546
3240, -16696, 2280
4058, -13988, 1476
-386, -11330, 5292
-3836, -13170, 6658
-2612, -10634, 6492
-1204, -7794, 4976
-1944, -7502, 5422
*NOTE-2017.04.04@14:18:27 - 1
-2272, -7096, 5290
-1738, -6638, 4006
-1970, -7246, 4182
-2642, -7850, 4984
-1826, -9376, 3920
694, -10626, 2668
1730, -10282, 5868
1986, -11082, 8492
1344, -12668, 7820
1630, -11556, 8480
2244, -10760, 8536
2414, -9226, 8938
1012, -7742, 8694
42, -7026, 7276
2396, -4548, 8176
6730, 876, 326
-1424, -918, 4174
2268, 3644, 3226
1060, 2692, 1164
480, 3706, 1696
-836, 5396, 374
1080, 5642, -1984
-730, 6166, -4800
-1454, 7438, -6366
-1070, 6348, -9006
1644, 8612, -9064
872, 7720, -8600
976, 6598, -7872
-874, 7744, -3964
-90, 6606, -3762
-868, 5614, -3196
426, 5008, -2972
84, 1840, -2872
-686, 800, 2564
1602, -302, 2076
-28, -4424, 3048
-594, -5300, 9030
3442, -8204, 6916
600, -7008, 4454
974, -10596, 15764
1144, -11312, 3680
-4504, -10352, 13742
3864, -10426, 2454
1476, -12450, 2498
-6194, -13958, 8934
-1968, -9828, 4498
-3028, -8882, 4832
-1548, -8630, 3026
-1782, -8638, 3084
-1326, -7576, 2408
*NOTE-2017.04.04@14:18:29 - 1
-2054, -6988, 3224
-2690, -6304, 3692
-3372, -6912, 3138
-3520, -7570, 3602
-3054, -8204, 4202
-1838, -10792, 3354
-1110, -12474, 5892
68, -12638, 9182
288, -13774, 6576
-2080, -12944, 11380
1778, -10994, 7388
-470, -8608, 10352
170, -6308, 7172
-1276, -5416, 9178
-254, -2826, 7136
864, -3000, 3902
204, -134, 1548
-946, 620, 2114
-2206, 3716, 1990
690, 5714, -158
-6, 5746, -1848
1190, 5738, -3460
-1146, 6988, -4480
-694, 7400, -6436
318, 7578, -9420
-1534, 8082, -7000
514, 8062, -8700
-488, 7114, -6564
-1248, 7152, -4058
-366, 6014, -3974
-552, 5186, -2350
-122, 3998, -1986
250, 1378, 3394
1214, -1602, -502
1424, -3328, 2788
154, -3296, 10118
5878, -7286, 1222
3662, -7518, 2898
3842, -10570, 7490
1730, -7632, 7680
5036, -15946, 2976
-2000, -17144, 13634
5698, -11622, 38
-472, -11522, 5338
-3874, -11436, 7120
-786, -11046, 2612
-1858, -8342, 5146
-1278, -8140, 4092
*NOTE-2017.04.04@14:18:32 - 1
-810, -7432, 3070
-1904, -7266, 4018
-2124, -7190, 3620
-1862, -7358, 3018
-3062, -8324, 4552
-3158, -9540, 4672
326, -11106, 2228
-780, -12614, 5500
1146, -12862, 6064
546, -13582, 8164
1376, -13636, 8438
3828, -9340, 12208
986, -8070, 8884
8062, -6360, 424
-2428, -10342, 3614
1114, -5036, 2210
482, -3106, 3234
2350, 384, 884
510, 2400, 1578
292, 5388, 1196
108, 3700, -1384
1058, 5056, -3484
-652, 6280, -3288
-1582, 7716, -5930
-1370, 7354, -7164
-1486, 6676, -7400
-2170, 7776, -6552
600, 7484, -8574
228, 6624, -6448
-484, 6784, -3180
170, 5734, -3850
246, 4804, -2442
-70, 4060, -2190
-546, 1268, 648
1408, -204, -326
1696, -2798, 4168
-758, -4124, 7834
1638, -6768, -98
6340, -9042, 8068
826, -10792, 8482
6046, -7848, 1130
-2698, -12612, 12722
5846, -14144, 2456
6276, -15478, -2404
-1790, -11570, 5114
-4842, -13268, 6450
834, -12724, 1792
-5822, -7352, 7410
*NOTE-2017.04.04@14:18:34 - 1
-1400, -8130, 3812
-1538, -6962, 3952
-1440, -6760, 3716
-1942, -6654, 3580
-3196, -7442, 3666
-2994, -8168, 3950
-3354, -9940, 4450
-1094, -11036, 4212
-1538, -12660, 6926
3550, -11840, 5446
1324, -13804, 9380
1670, -13412, 7618
1974, -10634, 7056
1488, -5944, 10436
1898, -7806, 5638
-1194, -7838, 6192
232, -3308, 7154
-578, -3534, 5136
1218, 510, -342
850, 1630, 1780
-2246, 3614, 1622
-1348, 7538, 2008
-924, 5520, 928
3438, 3204, -9220
-3652, 5712, -5716
-5496, 11684, -2602
284, 4982, -13058
-904, 7822, -9536
-1238, 7618, -7526
-100, 6780, -6872
-888, 7214, -4250
-956, 6676, -3670
-1252, 5366, -2824
-754, 4394, -1998
-18, 2416, -1330
224, -28, 4332
2502, -142, 2586
3230, -1704, 1206
1762, -3698, 4686
2002, -4948, 9636
5768, -8192, 6064
2064, -8088, 6356
4526, -12394, 1492
1330, -12138, 13060
4926, -11806, 1078
1138, -10056, 1836
-5452, -13038, 7940
-3398, -11552, 6298
-816, -7962, 4526
-3136, -9760, 5710
*NOTE-2017.04.04@14:18:37 - 1
-2098, -7174, 4344
-2722, -6734, 4434
-2226, -6392, 3836
-2800, -6168, 4210
-2938, -8366, 3038
-1728, -8368, 2464
-1772, -9626, 4312
-948, -11888, 4512
496, -12494, 7042
2338, -13892, 3930
2772, -15650, 5214
1504, -11796, 7422
3094, -12250, 4126
2720, -8070, 5550
3648, -6224, 3650
4262, -4970, 4598
5678, -1580, -2554
-296, -3858, 5778
2006, 254, 834
836, 1094, 1288
-370, 4480, 1826
-1092, 4810, -1722
-614, 6354, -4012
-1640, 6644, -3806
-798, 7990, -5788
-422, 7236, -6348
252, 8230, -8588
-1642, 9208, -7048
-244, 7158, -7672
-542, 7554, -5920
-1164, 6126, -3346
-250, 6658, -3702
-428, 4106, -2762
540, 3438, -3022
-52, 1202, 1988
1738, -582, -650
366, -5266, 1520
-318, -5430, 13462
2910, -6622, 680
1528, -9328, 4032
2136, -11332, 11664
5312, -13376, 2778
1032, -12794, 7534
2848, -12452, 7194
3788, -12506, 384
-360, -12728, 4854
-5996, -9144, 13164
1688, -4968, 6366
-4202, -10544, 6232
-1110, -7188, 3978
*NOTE-2017.04.04@14:18:39 - 1
-1534, -6646, 3706
-1796, -7158, 3620
-1502, -7260, 2934
-1732, -7370, 3748
-2538, -8224, 4950
-782, -9814, 3550
-2066, -10642, 7800
972, -11102, 8290
2266, -13736, 7414
3372, -13114, 8510
4904, -12426, 4844
646, -8016, 10354
4246, -12552, -1758
-1194, -6450, 11106
1956, -4618, 4580
2786, -3660, 2978
-128, 646, 3900
816, 1280, 1470
848, 2094, 1128
-866, 3534, 20
-698, 5164, -1408
934, 5438, -3774
-726, 6038, -6034
-2434, 7324, -5354
-928, 8294, -9010
-1862, 6856, -8090
640, 8168, -9568
-18, 7502, -6808
128, 6736, -5054
570, 6508, -4260
-260, 5054, -3082
-36, 3710, -3868
-94, 2968, -2542
530, 308, 1464
810, -658, 3122
1348, -5612, -1368
-1700, -4062, 10640
5528, -8320, 8944
3762, -8722, 4534
1490, -11984, 3510
-2644, -17236, 13382
-2350, -14896, 7616
3916, -7406, 10634
2488, -13880, 2352
-4328, -12208, 9724
-82, -8690, 3952
-2604, -10144, 4610
-1676, -7714, 3586
-2308, -7034, 4550
-1908, -6584, 3630
*NOTE-2017.04.04@14:18:42 - 1
-2544, -6052, 4560
-2484, -6724, 3676
-2942, -7248, 4690
-2462, -9390, 4334
-1198, -11310, 2642
24, -11518, 4162
-160, -12018, 9396
-420, -16342, 7846
-138, -12140, 10964
1194, -12544, 7284
1172, -8206, 6270
1718, -9166, 3402
-1274, -8502, 5292
1020, -4386, 6868
792, -3950, 4766
642, -1784, 2712
372, 1456, 578
-994, 4514, 3104
444, 4980, 770
-352, 4764, -936
-82, 6050, -2482
-1476, 6384, -3880
-1970, 6868, -4850
-1994, 6450, -8596
-2018, 7524, -9102
-1390, 7676, -9202
-1540, 7804, -7818
-674, 6888, -6906
-1352, 6744, -4926
-1340, 6706, -3688
-1596, 4996, -3262
-674, 3332, -2832
-820, 1128, -898
1470, -2446, -232
924, -3348, 4502
220, -5860, 4900
724, -5930, 6236
5478, -10596, 10584
1534, -7918, 8352
3704, -10360, 9120
-178, -10598, 12366
1156, -10000, 8178
-716, -11548, 8918
2544, -8718, 2186
-5712, -10958, 9842
-1534, -9100, 3994
-1408, -7062, 4130
*NOTE-2017.04.04@14:18:44 - 1
-2612, -7466, 5464
-3050, -6672, 5030
-2200, -7218, 4274
-2408, -6848, 3096
-2028, -6984, 2604
-1854, -7106, 2126
-1498, -6590, 2440
-692, -6320, 2016
-1696, -6478, 2490
-1756, -6966, 2786
-1876, -7458, 2934
-1708, -6902, 2294
-2208, -7050, 3556
-1842, -6824, 3112
-2572, -7404, 4752
-2464, -7586, 3814
-2528, -6080, 4942
-2922, -7190, 4994
-2838, -6438, 4874
-3254, -6500, 5994
-3198, -6156, 5744
-3262, -5650, 6104
-3010, -5066, 6620
-2606, -3764, 6846
-1604, -2842, 6636
-1402, -2518, 6404
-1572, -2640, 6016
-1750, -2472, 7156
-2408, -4068, 6292
-2410, -3930, 7364
-2460, -2954, 7564
-1616, -2198, 8030
-1276, -3218, 6720
-1124, -2976, 7210
-1544, -2742, 7058
-1038, -2788, 7066
-472, -2838, 6888
-668, -2934, 7116
-874, -3744, 6750
-74, -3670, 5776
42, -4880, 5694
-90, -4800, 6232
1024, -5844, 5422
1384, -4500, 9470
2008, -5336, 6406
2306, -4546, 7888
988, -3528, 6652
1406, -4116, 6178
1992, -4194, 5424
1324, -4290, 6130
2192, -3930, 6166
1166, -4544, 6832
2130, -4332, 6032
1844, -4518, 6410
1224, -4658, 6442
1420, -4666, 6822
1420, -4600, 6218
1672, -4422, 5870
1764, -4618, 5564
436, -4118, 6904
2196, -3744, 6474
1332, -4792, 6376
1018, -3888, 7148
1570, -4588, 6124
916, -4452, 7254
718, -3338, 5932
1010, -5370, 7140
862, -4416, 6906
744, -3856, 6034
518, -3902, 7040
1222, -3306, 7234
1158, -4228, 6828
-148, -4554, 6658
1440, -4444, 7530
478, -3972, 8564
1194, -4822, 7168
114, -2420, 8008
690, -2448, 7434
2032, -1466, 8340
-164, -976, 7122
-714, -382, 6786
350, 470, 6678
-584, -1616, 6908
-1162, 90, 6090
-1282, -3462, 6798
-1640, -3094, 6302
-2168, -4162, 6944
288, -3562, 4236

-----------------------------------------------
Date: 04.04.2017 - 14:18:48
End log file
