Terminal log file
Date: 04.04.2017 - 14:20:52
-----------------------------------------------

%~>daq start

 DAQ started.
%~>quit
%~>-8348, 942, 1212
-7658, 834, 1170
-8128, 754, 1694
-7910, 868, 1386
-7666, 584, 1296
-7312, 506, 1750
-5930, 1104, 424
-7866, 538, 2854
-7732, 1186, 2260
-6132, 248, -610
-9382, -304, 1754
-8192, -2356, 1058
-8220, -1526, -412
-7100, -3554, -878
-8464, -4376, 1354
-6074, -3544, -1820
-8356, -5028, 2580
-6286, -5378, -152
-5358, -6364, -556
-5492, -6300, 494
-4996, -7034, 442
-5390, -6722, 1658
-5018, -6860, 1086
-4934, -6634, 820
-5108, -6480, 1770
-5286, -6730, 1012
-5318, -6536, 1604
-5528, -6404, 626
-4788, -6684, 3004
-4792, -6380, 1238
-4598, -5896, 2350
*NOTE-2017.04.04@14:20:54 - 1
-3216, -6572, 2074
-3102, -6566, 4002
-2770, -6142, 3068
-3866, -6754, 4296
-2494, -6536, 2710
-2686, -6718, 3594
-2330, -6602, 3704
-1572, -7168, 3352
-2228, -7434, 4108
-2504, -7604, 3690
-1110, -7146, 2432
-3218, -7062, 4086
-782, -6776, 1718
-1436, -7198, 2936
-2222, -7136, 3164
-230, -6766, 2878
-1134, -7756, 1464
-2784, -5402, 5788
-1402, -8148, 3750
-232, -7230, 2002
-1194, -6602, 3130
-1586, -6288, 4292
-1194, -8126, 3084
-878, -5944, 4454
-690, -7802, 2558
-1596, -7728, 2216
-2048, -7652, 2944
-1970, -8340, 3588
-2826, -6900, 4562
-2092, -8256, 1596
-1864, -8298, 1248
-1664, -7628, 758
-1720, -7366, 1258
-1918, -7022, 1572
-2162, -7938, 1196
-2122, -7226, 1702
-2132, -7672, 1272
-1914, -7888, 976
-2064, -7346, 1722
-1704, -7516, 1254
-1988, -8036, 1854
-1410, -7364, 1302
-2412, -8832, 2314
-1522, -7256, 2024
-1686, -7364, 2150
*NOTE-2017.04.04@14:20:56 - 1
-938, -6986, 2052
-578, -7164, 2012
-978, -8624, 1358
-1290, -8000, 3518
-636, -7598, 2164
-806, -8288, 1596
-674, -7606, 656
-984, -8108, 1278
-818, -7796, 1416
-904, -8156, 1692
-616, -7866, 1280
-444, -8070, 1690
-1280, -7860, 1076
-352, -7900, 258
0, -8464, 408
-1020, -8068, 1270
-736, -7878, 1118
-402, -7936, 960
-914, -8204, 1290
-302, -7956, 618
-1322, -8006, 1574
-442, -7930, 824
-764, -7894, 1312
-986, -7906, 1608
-2206, -8220, 3908
-7386, -9696, 10864
-540, -9348, 6410
-1922, -13526, 9438
1114, -12742, 8468
264, -12710, 9432
830, -11330, 8298
-908, -10290, 8556
290, -8310, 5968
90, -6790, 3712
-3000, -5490, 7110
648, -1348, 1410
966, 0, 132
-372, 2566, 1062
-1454, 4948, 1898
2732, 3262, -3270
764, 5620, -4600
-1440, 7658, -3112
1282, 5738, -7794
1632, 6478, -9112
-1158, 7542, -6202
1100, 8232, -9256
60, 5704, -6388
-1322, 6346, -3544
-246, 5152, -4762
342, 2408, -2686
398, 1542, 912
822, -2644, -248
2080, -2946, 862
2126, -6548, 12596
-508, -6938, 3728
380, -7106, 7652
4860, -8162, 8836
1602, -11824, 11698
-5474, -9458, 11384
10136, -6188, -970
-2330, -12366, 5734
-2158, -11516, 8780
-928, -10382, 3646
-3630, -9222, 6386
-1170, -7910, 4982
*NOTE-2017.04.04@14:20:59 - 1
-1190, -7008, 4164
-2626, -7570, 4926
-1802, -7218, 2878
-2998, -7400, 3718
-3230, -8542, 2684
-3142, -7698, 6410
-3438, -11006, 6176
-2228, -11794, 5546
1218, -11742, 7086
-6, -12110, 10012
-450, -11658, 10464
908, -10010, 8400
700, -7956, 7792
-2990, -7566, 13408
2014, -5670, 3814
1388, -1016, 3222
-1828, -1158, 4190
1098, 2474, 16
-332, 1526, -598
-1522, 3946, 1428
1590, 5716, -4008
696, 3048, -3794
1356, 4678, -7056
1338, 6688, -9900
-206, 9376, -8598
1602, 6284, -10458
808, 6458, -8578
1516, 6060, -7874
914, 6146, -6514
114, 6094, -3836
598, 5326, -3866
1018, 4484, -2542
1030, 3280, -2576
-380, 318, 2480
1334, -2660, -1692
-476, -2372, 8090
-574, -3522, 14134
3434, -5700, 226
1018, -7498, 6572
258, -9514, 15342
5810, -8952, -58
-3748, -8238, 13660
7232, -9920, -3442
-3364, -9578, 8376
-860, -14032, 3824
-3196, -11238, 6980
-1616, -8404, 5588
-358, -8554, 4002
*NOTE-2017.04.04@14:21:02 - 1
-3510, -8022, 5586
-2786, -7280, 4914
-2032, -6830, 3698
-2614, -7250, 4072
-3532, -8188, 4394
-3100, -8194, 4752
-2290, -10084, 4720
-596, -10514, 8028
-348, -13076, 8248
1216, -13570, 4642
2958, -11136, 5634
2456, -10326, 7588
382, -8918, 8528
1544, -6614, 6556
-70, -6158, 5796
-1444, -4816, 9146
4144, -2498, 2420
748, 404, 2510
976, 1814, 954
302, 3448, 442
-118, 5978, 1048
1312, 5558, -898
780, 5502, -2906
-908, 6404, -3096
-1448, 5832, -7242
-734, 8040, -7198
-1636, 7194, -5838
1356, 7700, -9246
-478, 7808, -6994
-266, 7064, -6318
-328, 7618, -5196
-150, 6464, -4038
244, 6138, -4118
-108, 4516, -3320
-68, 3418, 264
834, 72, 642
2608, -1174, 3458
1252, -2170, 1026
-2808, -4008, 7338
2718, -5658, 14460
2798, -6952, -368
598, -9780, 9142
2976, -9906, 4848
-3518, -7192, 12378
7690, -12598, -1096
-1766, -6548, 9676
2054, -11092, 1508
-692, -10422, 7078
218, -9240, 2298
-1622, -11200, 2286
*NOTE-2017.04.04@14:21:04 - 1
-2908, -7540, 6642
-1220, -6902, 3516
-1980, -8678, 3390
-1578, -6628, 4488
-2436, -7098, 4702
-2548, -7686, 4454
-1694, -8880, 3950
-1530, -9576, 4130
-1586, -10632, 4814
-1470, -11436, 6178
366, -12840, 5456
1800, -11226, 6788
1082, -10762, 8250
1468, -9948, 10396
522, -8536, 9678
-3618, -6350, 11554
5306, -3358, -764
-1188, -2634, 3290
-1118, -2920, 2898
404, -546, 1734
-790, 2710, 532
-1792, 5348, -126
-1220, 4666, -190
-416, 5544, -2860
88, 6338, -5300
-544, 7300, -5208
966, 8492, -9012
1352, 7136, -8740
74, 7760, -6732
596, 7284, -7312
-540, 7658, -4268
-344, 6302, -4188
-146, 5484, -2578
-110, 2718, -2874
814, 3204, -172
-132, -348, 590
1744, -5294, -2900
-1174, -6456, 7332
-3440, -6330, 8392
5564, -10954, 3638
2510, -10692, 6668
1992, -12958, 7390
1068, -12206, 11920
-5202, -15768, 11468
9294, -9318, -3366
-3952, -12644, 4392
-5678, -11444, 9200
-1572, -8444, 4292
*NOTE-2017.04.04@14:21:06 - 1
-2454, -8140, 3450
-3200, -7288, 4844
-2758, -6520, 4498
-2656, -6160, 4020
-2682, -7202, 3750
-2730, -8124, 2980
-2736, -9378, 4464
-1602, -10414, 5068
-528, -10720, 8936
-1266, -15070, 11324
2062, -13572, 9248
-1076, -14586, 9534
1196, -9654, 9774
686, -8142, 4762
-1680, -7970, 9366
1378, -3266, 4060
3396, -2176, 2250
1124, -664, 2154
1236, 1082, 292
104, 3962, 840
-490, 4492, -1448
-74, 5460, -3158
-1110, 6616, -3322
-138, 7244, -6654
-1208, 6738, -4922
414, 9524, -10034
198, 5412, -7212
630, 7806, -7620
788, 5834, -7108
-1142, 7648, -2826
-804, 5556, -4544
-1280, 3642, -3404
472, 2090, 2354
1872, -862, -436
2676, -2150, 1856
-700, -2442, 7452
742, -6882, 2350
2182, -7504, 10594
2238, -8694, 6930
4156, -7524, 3740
-1122, -14956, 13174
-1902, -13206, 7490
5644, -5842, 8324
1696, -11246, 6122
-2996, -13576, 5438
-688, -8544, 3726
*NOTE-2017.04.04@14:21:09 - 1
-4724, -8542, 7074
-1092, -6594, 4346
-2128, -7308, 4752
-1956, -7480, 5114
-2444, -6670, 5066
-2034, -7168, 4422
-1882, -8552, 4678
-1600, -9264, 5764
-2442, -9998, 10584
-34, -14616, 5628
118, -13026, 8524
988, -12468, 8450
2178, -11226, 6942
1500, -7600, 10576
2104, -5960, 5518
-5712, -7580, 13014
1170, -4028, 5714
1292, -1578, 3678
-336, 56, 3078
1186, 2516, -24
146, 4052, 2338
-290, 4476, -88
794, 4764, -3682
1752, 5058, -4642
-152, 7066, -5212
-168, 7324, -5998
-336, 7268, -8146
-366, 7926, -6444
722, 7372, -9172
-384, 6878, -6484
-1214, 7650, -4210
-934, 5974, -4434
-152, 5582, -3630
-314, 4606, -3010
-528, 778, 20
-586, -636, 3468
1890, -3556, -3494
768, -5260, 7220
-680, -7574, 13958
5640, -7620, -2182
2738, -11072, 6924
2880, -14154, 6518
1588, -10264, 1932
-5640, -21094, 13132
3566, -7208, 1746
2870, -14666, -1820
-7020, -12294, 7224
-4632, -10038, 5368
-3820, -6438, 5014
-3540, -7486, 4466
-1320, -6312, 2556
*NOTE-2017.04.04@14:21:11 - 1
-1806, -6706, 3038
-1814, -6192, 3242
-3078, -7314, 2920
-3896, -7622, 3084
-3300, -8024, 3726
-2978, -9752, 4614
-2318, -12428, 4636
-50, -12930, 5662
-722, -14860, 10574
3284, -12060, 8882
48, -11858, 12828
462, -5174, 12886
-1012, -13364, 3616
506, -6680, 5744
2284, -1854, 3066
-1322, -3340, 2652
1518, 1710, 2396
820, 2924, 1494
1062, 3294, 618
396, 5304, 262
-1402, 6714, 1922
1808, 6612, -5442
186, 5084, -5832
-2102, 8730, -5108
-202, 6132, -4606
2200, 7808, -8852
2674, 5352, -7546
1204, 7328, -5388
798, 6876, -4098
950, 6874, -3914
614, 4962, -2444
1464, 3636, -2776
1078, 3048, 424
602, 1702, 2704
1476, -2120, 2130
-286, -3528, 4190
-114, -4576, 6790
4542, -8136, 9536
2550, -8122, 2292
486, -11816, 9396
1120, -11574, 8438
-5656, -14592, 9404
3376, -4266, 9532
-1984, -13598, 6050
-4462, -10524, 8744
-1104, -10440, 2414
-3710, -8666, 5500
-3680, -6476, 5632
*NOTE-2017.04.04@14:21:14 - 1
-2948, -6520, 3856
-3442, -6822, 3796
-2076, -5506, 3056
-3420, -7148, 3970
-2922, -6506, 3526
-3462, -8330, 4838
-1812, -10516, 4386
-770, -11406, 6050
-1114, -12260, 9442
-282, -13470, 7980
-1540, -13082, 9388
-464, -11544, 8348
-704, -6708, 13378
756, -9844, 6258
-1478, -8618, 9788
-1558, -5742, 5676
854, -5640, 1962
-390, -986, 268
108, 3138, 552
-8, 5690, -462
860, 4334, -2682
1480, 5038, -4136
-1430, 5676, -4730
-1922, 8762, -5792
98, 5560, -9542
-586, 8106, -6786
720, 8114, -7276
278, 6792, -6470
-288, 7484, -4994
98, 6274, -4522
-110, 5608, -2942
416, 3690, -2520
184, 1622, -3228
584, -794, -522
2634, -3456, 3162
2342, -7006, 1032
-1950, -6912, 6616
156, -9236, 8878
3438, -11410, 10508
470, -10314, 11502
-1582, -12202, 6580
3150, -6838, 11512
2230, -14694, 568
-3040, -12626, 5466
-2692, -9460, 6290
*NOTE-2017.04.04@14:21:16 - 1
-5352, -9314, 8934
-1648, -7340, 5210
-2558, -7608, 4258
-2358, -6904, 3670
-1954, -6190, 2684
-3424, -6538, 3058
-3266, -6258, 2834
-3940, -7872, 2940
-2752, -8726, 4088
-2998, -9928, 6294
-2816, -12360, 4970
-4392, -12972, 9396
-2282, -13358, 10252
-2106, -13126, 10900
-1942, -10876, 9394
-1608, -9844, 5450
-5924, -6412, 12426
-1140, -5134, 2314
3110, -126, -1448
-510, 370, 4972
-298, 2136, 2224
664, 2074, -582
-1570, 4240, 750
1754, 6332, -2322
1126, 3302, -5038
770, 6340, -5216
-48, 7994, -8490
884, 6734, -8164
308, 8138, -6910
860, 7064, -6798
128, 6916, -5032
-174, 6986, -2942
-218, 6172, -3848
156, 5164, -2680
-22, 3152, -2362
470, 1774, -882
-690, -1804, 2886
1184, -3888, 3222
1326, -5304, 7962
-1032, -6536, 6534
2410, -9664, 7762
1876, -10660, 6752
-426, -14762, 6656
-3256, -11632, 11580
-6308, -13040, 10770
4022, -8744, 988
-5348, -17494, 6840
-1986, -7628, 6172
*NOTE-2017.04.04@14:21:18 - 1
-5394, -9426, 8132
-1798, -6542, 4110
-3888, -7198, 5006
-2090, -6114, 3234
-3086, -7136, 3864
-2670, -6346, 3878
-4430, -8040, 4626
-4326, -9704, 4542
-2264, -10002, 5274
-102, -11836, 5776
46, -14470, 8536
1726, -13314, 7142
280, -12826, 7994
3712, -10296, 2274
-904, -8698, 11840
2118, -7216, 8052
3940, -5408, 3546
1378, -3928, 864
-1092, -2372, 1528
1958, 496, 1022
-544, 4524, 678
-1030, 7254, 2626
844, 2820, -2316
638, 5288, -4712
-2302, 6914, -3648
-1424, 7364, -5518
-1046, 6570, -9088
-2446, 7828, -8544
-1216, 8282, -8230
-1010, 8046, -7984
-1768, 7142, -4850
-1362, 6748, -4286
-1072, 5242, -3156
-128, 4316, -2416
212, 1964, -2782
566, -626, 2714
1474, -2968, 162
1042, -5400, 954
82, -6798, 10130
4254, -8912, 9322
1408, -7384, 3352
3138, -11134, 6490
744, -14536, 11612
-1822, -14608, 5962
6112, -4950, 6576
-850, -14768, 2860
-4126, -11882, 7878
-3780, -9232, 8268
-1154, -7094, 3942
-3824, -8398, 6404
-1440, -6186, 4154
*NOTE-2017.04.04@14:21:21 - 1
-2030, -7310, 3610
-1902, -6642, 3270
-2734, -7618, 4090
-2844, -8540, 4582
-1576, -10350, 3258
-1712, -10268, 8704
-1890, -13906, 10806
-766, -15282, 8962
60, -15084, 7964
344, -13062, 8618
644, -11812, 7828
2468, -6704, 6882
3032, -6482, 2332
2478, -1742, 394
-58, -3668, 3994
584, 706, 518
1468, 2984, -438
-720, 5538, 1806
-214, 4796, 678
4064, 784, -7132
-1620, 7202, -7064
-5062, 7550, -8582
-1230, 6502, -11312
-1658, 8850, -7772
652, 7148, -8810
-670, 6078, -4958
-288, 7018, -4602
-212, 5056, -4110
-484, 4970, -2744
-284, 3214, -1550
680, 1592, -314
1254, 38, 406
1570, -4642, -1122
844, -6764, 6004
322, -8344, 9140
4076, -9340, 5878
1582, -9866, 8492
2282, -14610, 6722
-1828, -10868, 11458
1752, -13816, 8734
9610, -12406, -6354
-2706, -11222, 5562
-6658, -12956, 8758
-976, -8422, 3456
-2980, -8778, 5402
-1604, -7108, 4656
*NOTE-2017.04.04@14:21:23 - 1
-2112, -6590, 5540
-1382, -6488, 3686
-2254, -6670, 3542
-2738, -7518, 3248
-3256, -8432, 3834
-1526, -9732, 3882
846, -10956, 3796
892, -10672, 5450
-780, -12334, 10698
1052, -12448, 8662
-502, -11080, 11036
-938, -10124, 9686
-2946, -8536, 12974
994, -5772, 9508
2778, -5892, 1674
3320, -1106, 1786
-262, -804, 2828
-442, -1066, 812
-910, 3426, 732
-530, 5378, 38
348, 3344, -2546
-114, 6542, -5630
-1766, 7232, -5776
230, 5716, -8618
-922, 7062, -7506
-582, 8450, -6958
234, 6822, -7470
-2036, 7836, -5980
-1168, 7574, -5390
-720, 6662, -5248
-672, 7064, -3910
-606, 6346, -3658
-30, 4416, -3994
-670, 1232, -2758
-372, -612, 410
1832, -2296, -556
2682, -6396, 9786
1524, -5996, 5214
2044, -7728, 2666
5078, -10690, 13508
4566, -9522, 2854
-1706, -12378, 8532
-322, -13528, 11516
4950, -7166, 2828
5784, -13414, -610
-2818, -10436, 5666
-4258, -10564, 7370
-1206, -7374, 4712
*NOTE-2017.04.04@14:21:26 - 1
-2054, -8296, 4558
-1420, -7628, 3952
-1682, -7388, 4270
-1608, -7170, 3706
-2226, -7316, 3932
-1810, -8066, 4370
-1372, -9082, 3580
-932, -9518, 6222
-696, -11580, 7452
536, -11950, 8758
-286, -12802, 10062
908, -12210, 8914
486, -10288, 9004
-454, -8514, 9730
-716, -7016, 7542
2760, -4238, 2270
142, -2720, 5330
1004, -410, 2696
-480, 106, -178
684, 2554, 1274
636, 4306, 818
60, 5018, -1446
384, 5128, -2168
-316, 6634, -4228
-330, 7234, -5650
-336, 5794, -7648
82, 7788, -7286
932, 7176, -10094
-132, 7242, -7112
370, 7466, -7198
200, 6570, -5106
394, 7534, -3852
172, 5626, -3740
100, 5754, -852
-112, 4270, -2990
1850, 1538, -1548
1892, 1116, -602
2728, -1888, 2250
328, -2890, 6156
286, -3960, 4634
3708, -7348, 9014
2140, -8910, 7894
3864, -11016, 3024
250, -13296, 12550
46, -15108, 5784
4376, -9814, 5490
-1354, -12564, 5114
-4134, -11674, 8354
*NOTE-2017.04.04@14:21:28 - 1
-1664, -8828, 5698
-1692, -8494, 5326
-2022, -7980, 5426
-870, -7510, 2958
-1988, -7414, 3372
-3154, -6462, 4358
-2896, -7536, 3414
-2598, -7904, 3416
-3094, -9502, 4130
-922, -9774, 3146
748, -10418, 4266
1202, -11142, 6558
778, -12310, 7274
2278, -10272, 8112
794, -10186, 10804
818, -9260, 8100
-310, -6834, 11300
-556, -5864, 8052
2404, -5100, 1692
598, -2758, 4686
1134, -2016, 3884
466, 258, 2744
-400, 2602, 2808
92, 3860, 1250
18, 4424, -1280
124, 6020, -2148
-472, 6690, -2806
-1286, 7300, -2828
-334, 6960, -5412
-454, 5490, -7788
-880, 6978, -7372
1496, 7620, -9560
-294, 7108, -7682
-762, 7470, -5998
-1196, 6614, -4918
-594, 5392, -4494
328, 4512, -4162
694, 3052, -3834
718, 844, -1756
492, -2664, 2010
904, -6378, 1556
404, -5410, 7030
742, -8500, 9392
2758, -10562, 4844
1434, -10588, 9186
442, -18696, 9222
-3794, -17624, 8052
5510, -7242, 2970
-1378, -12966, 4058
-5736, -11978, 8824
-2836, -8838, 6486
-1884, -8180, 5494
*NOTE-2017.04.04@14:21:31 - 1
-1636, -7966, 4520
-1540, -7196, 4412
-1488, -6948, 3086
-1704, -6894, 3230
-1162, -6976, 774
-2546, -7394, 3158
-2444, -8826, 4206
-2146, -9668, 5770
-1654, -10680, 6708
-2268, -14792, 8290
4200, -12956, 5236
496, -14558, 10026
3660, -11372, 6308
388, -12414, 8644
4934, -6350, 5806
692, -7248, 9682
1288, -4240, 3138
1690, -2482, 2720
310, 196, 1294
-242, 2784, 1080
200, 5726, 1368
418, 4872, -834
434, 5766, -694
-424, 7008, -1784
-76, 5192, -3932
-2730, 7394, -4606
-1808, 7028, -8432
-2512, 7332, -9374
-2258, 9318, -7870
-1656, 7352, -7232
-2104, 7724, -4570
-1578, 6736, -4154
-1310, 6308, -3612
-1050, 4046, -1348
1838, 1832, -2888
2378, 764, -2940
2492, -806, 4130
2448, -1020, 2900
5850, -4226, 5352
4546, -4140, 7722
2538, -5408, 7948
2852, -7822, 10746
2974, -7294, 11034
2502, -7854, 7090
1890, -9560, 7296
6132, -6120, 4308
-702, -10554, 5322
-4690, -6922, 8608
*NOTE-2017.04.04@14:21:33 - 1
-548, -6434, 7660
-1466, -9540, 1632
-3742, -7068, 5320
-4000, -7386, 5510
-2388, -7540, 3854
-3150, -6368, 5380
-3972, -7560, 5670
-2378, -7098, 4744
-2256, -8004, 3466
-1452, -7482, 2844
-1896, -7874, 2418
-1330, -7580, 3246
-1658, -6800, 3014
-2656, -6760, 3478
-1640, -5804, 2564
-1624, -4522, 2358
-2298, -4738, 3346
-2710, -5884, 2726
-2276, -6654, 2498
-3130, -7172, 3474
-2298, -5956, 4122
-2744, -6140, 5100
-2958, -5954, 5342
-3518, -6348, 5908
-3190, -5940, 5500
-3604, -5810, 5998
-4208, -5488, 6146
-4056, -5358, 5894
-4070, -4802, 5966
-4324, -4180, 6678
-3772, -2856, 6186
-3528, -3252, 6418
-2358, -2138, 5454
-2904, -1690, 6384
-3376, -2214, 6000
-3492, -2388, 6000
-3456, -2206, 5770
-3836, -1338, 6626
-4240, -1134, 6418
-4656, -1016, 6846
-4606, -1246, 6998
-4664, -1394, 6172
-4476, -1356, 6254
-4516, -1526, 5788
-4494, -1832, 6130
-4326, -2188, 5638
-4382, -2324, 6102
-4164, -2340, 5598
-4436, -2532, 6492
-4666, -2466, 6486
-4330, -1864, 5960
-4866, -2446, 6326
-4810, -2102, 6534
-4802, -2140, 6312
-4832, -1608, 6988
-4584, -1312, 6682
-4800, -1410, 6406
-4884, -1048, 6564
-4474, -884, 5860
-4518, -568, 6500
-4174, -880, 6300
-3754, -1124, 5922
-3632, -726, 6666
-3390, -64, 5370
-4702, 1120, 7066
-2940, 876, 5512
-2746, -1020, 6182
-3040, -2356, 8304
-1104, -1366, 7198
-1470, -2820, 7364
-1754, -2834, 7358
-1518, -2438, 7206
-1380, -4578, 6666
-1838, -3466, 7136
-724, -5330, 6122
-550, -4368, 5156
-1882, -4010, 7398
-734, -4534, 7504
-710, -3728, 7490
-1798, -3686, 6864
-1664, -3414, 6254
-3090, -3046, 8006
-1292, -2050, 6944
140, -2630, 6326
906, -2684, 7082
68, -2888, 6694
-478, -3370, 7536
-524, -3392, 7228
-1406, -2970, 7982
-802, -2844, 7112
-1294, -2408, 7424
-1722, -3014, 7376
-856, -2664, 6686
-2394, -1690, 7660
-2008, -2690, 5638
-2800, -1730, 8534
-1624, -1330, 7320
-54, -484, 8420
658, -1434, 6082
-1732, -2642, 8438
-1050, -834, 6468
-5162, -116, 7112
-3912, -244, 724
-13134, -1042, 15296
-726, -806, 2246
-7298, 1320, 9848
-3756, 404, 5320
-4600, 370, 5680
-5494, 240, 5038
-5992, 556, 5548
-5566, 986, 3492
-5996, 816, 5024
-5916, 474, 5144
-6222, 2074, 3852
-5598, 2970, 4210
-5030, 2250, 3876
-6052, 3492, 3354
-6654, 3780, 2292
-5750, 4220, 1822
-7292, 5852, 2686
-8600, 3880, 3456
-6014, 3690, -16
-5916, 4558, 2206
-7238, 4282, 2200
-6016, 4588, 230
-6668, 4640, 1966
-6360, 4610, 1374
-5844, 4548, 950
-5954, 4956, 1304
*NOTE-2017.04.04@14:21:39 - 1
-6490, 4832, 1548
-6262, 4658, 1466
-6014, 4704, 1090
-6266, 4776, 1378
-6246, 4910, 1302
-6284, 4908, 1514
-5862, 5058, 914
-6262, 4762, 1452
-6068, 4896, 1564
-6244, 4682, 1386
-6456, 4866, 1674
-6042, 5002, 894
-5680, 5108, 616
-6168, 5342, -6
-6300, 4924, 2584
-6124, 4728, 1646
-6090, 4812, 1666
-6330, 5118, 1068
-6042, 4968, 1688
-5820, 5160, 542
-5950, 4854, 1500
-6204, 5328, 1354
-6048, 4624, 1738
-5350, 5270, 950
-6388, 4826, 1910
-5946, 5148, 1430
-6246, 5090, 2014
-5820, 4906, 2270
-5602, 4886, 1960
-5304, 5064, 2988
-6652, 4824, 3092
-3812, 3808, 3996
-6178, 6082, 3206
-5864, 4430, 2814
-5446, 5916, 2514
-3490, 4010, 2142
-6340, 5602, 4142
-5698, 4960, 3096
-4354, 4638, 2876
-5422, 5952, 1588
-5904, 4996, 4202
-5018, 5222, 2706
-4750, 4604, 1184
-5398, 5352, 3644
-4942, 5208, 2450
-4896, 5646, 506
-6782, 4964, 3294
-6482, 5670, 2264
-5166, 5198, 484
-5676, 5508, 1734
-6124, 5374, 1604
-5832, 5414, 1402
-5600, 5320, 1494
-5740, 5352, 1296
-5508, 5404, 1226
-5742, 5380, 1836
-5690, 5250, 1748
-5538, 5434, 1186
-5576, 5386, 1406
-5872, 5362, 1654
-5842, 5368, 1506
-5498, 5432, 1150
-5530, 5592, 960
-5816, 5508, 1016
-5862, 5566, 1554
-5944, 5014, 1240
-5606, 5556, 2054
-5124, 4930, 1442
-6464, 5180, 1968
-5436, 5124, 1504
-5704, 5426, 1836
-5698, 5066, 1982
-5862, 5272, 2202
-5666, 5432, 2264
-5318, 4460, 2066
-5612, 5962, 1522
-6046, 4810, 2112
-5446, 5300, 1672
-5790, 5500, 1336
-6192, 5236, 2052
-5336, 5342, 1090
-6290, 5456, 1734
-5596, 5250, 1226
-5702, 5332, 1902
-5822, 5244, 1728
-5678, 5378, 1486
-5830, 5216, 1840
-5728, 5288, 1810
-5712, 5028, 1732
-5688, 5248, 1764
-5724, 5170, 2058
-6570, 5522, 2300
-4676, 4748, 1738
-5914, 5386, 1678
-5678, 5066, 2664
-5544, 5228, 1974
-5416, 5198, 1528
-5870, 5876, 1500
-5512, 5992, 640
-5672, 5512, 1000
-5664, 5462, 1130
-5538, 5294, 1450
-5784, 5432, 1706
-6000, 5278, 1752
-5654, 5362, 1306
-5684, 5350, 1456
-5870, 5486, 1328
-5294, 5364, 1448
-5766, 5240, 1920
-5750, 5354, 1668
-5548, 5386, 1270
-5874, 5456, 1496
-5594, 5376, 1518
-5534, 5334, 1700
-5732, 5170, 1828
-5926, 5502, 2094
-6192, 4622, 1062
-5460, 5942, 1202
-5602, 5264, 1228
-5846, 5246, 1812
-5596, 5468, 1504
-5708, 5210, 1428
-5700, 5478, 1514
-5422, 5270, 1360
-6144, 5212, 1968
-5448, 5392, 1264
-5924, 5274, 1870
-5788, 4934, 2524
-6300, 5954, 1248
-5224, 5438, 236
-6006, 5662, 1634
-5568, 5208, 1668
-5938, 5328, 1836
-5408, 5372, 952
-5664, 5102, 2406
-6252, 5210, 1454
-5240, 5606, 268
-5930, 5580, 1236
-5966, 5136, 2014
-5404, 5450, 1310
-5726, 5344, 1692
-5776, 5332, 1400
-5600, 5348, 1652
-5732, 5316, 1704
-5638, 5374, 1644
-5604, 5272, 1466
-5996, 5290, 1514
-5592, 5374, 1426
-5372, 5648, 698
-5788, 5266, 1056
-6128, 5394, 1602
-6002, 5326, 1056
-6126, 5356, 1030
-5770, 5294, 734
-5878, 5352, 1130
-5680, 5446, 620
-5786, 5352, 1018
-5656, 5512, 732
-5738, 5380, 1128
-5754, 5402, 1122
-5642, 5462, 1116
-5684, 5492, 820
-5976, 5234, 1218
-5628, 5556, 828
-5846, 5424, 1144
-5644, 5438, 788
-5808, 5420, 914
-5866, 5472, 1180
-5704, 5356, 866
-5858, 5454, 1036
-5696, 5474, 936
-5890, 5452, 1036
-5648, 5430, 928
-5792, 5428, 980
-5828, 5506, 938
-5740, 5438, 892
-5870, 5448, 1010
-5886, 5446, 924
-5784, 5398, 854
-5756, 5472, 886
-5880, 5468, 1086
-5656, 5444, 836
-5794, 5432, 1046
-5592, 5454, 696
-5708, 5474, 798
-5594, 5518, 888
-5758, 5484, 876
-5750, 5338, 998
-5898, 5392, 938
-5852, 5450, 870
-5942, 5440, 890
-5916, 5444, 1046
-5858, 5422, 904
-5800, 5360, 884
-5626, 5480, 828
-5780, 5398, 666
-5786, 5540, 878
-5798, 5394, 834
-5966, 5378, 1202
-5738, 5298, 1084
-5796, 5358, 1038
-5734, 5366, 956
-5536, 5490, 642
-5870, 5324, 1022
-5840, 5338, 918
-5880, 5462, 1010
-5956, 5440, 1100
-5824, 5414, 842
-5864, 5388, 918
-5656, 5456, 782
-5758, 5478, 688
-5782, 5384, 782
-5864, 5458, 894
-5546, 5410, 1074
-5894, 5458, 1334
-5998, 5130, 420
-5860, 5406, 468
-5632, 5772, 1714
-5536, 5014, 538
-6156, 5546, 806
-5594, 5588, 550
-5286, 5238, -420
-6018, 5352, 2162
-6368, 5350, 876
-5562, 4972, 1582
-5938, 5556, 672
-6266, 4914, 1554
-5470, 5490, 586
-6242, 5074, 1316
-5662, 5474, 662
-5876, 5180, 1576
-5846, 5166, 920
-6084, 5492, 1192
-5780, 5402, 570
-5652, 5264, 972
-5916, 5470, 1126
-5718, 5184, 1164
-5702, 5274, 1458
-5778, 5336, 1018
-5818, 5342, 1050
-5960, 5306, 1594
-5848, 5232, 954
-5756, 5398, 948
-5954, 5228, 1062
-6154, 5494, 1248
-5780, 5040, 2726
-5792, 5364, 1470
-5788, 5540, 136
-6234, 5176, 2080
-5726, 5182, 1144
-5744, 5346, 1334
-5728, 5398, 1040
-5886, 5396, 896
-6024, 5268, 1464
-5842, 5438, 1186
-5760, 5292, 1264
-5814, 5338, 1096
-5650, 5356, 1102
-5882, 5348, 1082
-5776, 5442, 1116
-5798, 5474, 1050
-5894, 5336, 1362
-5698, 5654, 1028
-5808, 5450, 1192
-5596, 5548, 692
-5798, 5294, 1438
-5966, 5502, 870
-5640, 5340, 1100
-5748, 5370, 1112
-5582, 5532, 792
-5754, 5424, 1176
-5842, 5202, 1572
-5678, 5834, 354
-6028, 5042, 1424
-5694, 5514, 896
-6034, 5406, 1076
-5678, 5302, 1110
-5652, 5390, 1216
-6118, 5594, 1378
-5186, 4494, 390
-6076, 5708, 672
-5890, 5322, 2172
-4976, 5138, 1860
-5584, 5234, 44
-6202, 4788, 2892
-5158, 5734, 262
-5730, 4948, 1304
-5942, 5536, 1318
-6102, 5412, 878
-6076, 5204, 1468
-5684, 5558, 450
-6200, 5020, 1260
-5368, 5432, 866
-6308, 4792, 2056
-5792, 5990, 650
-5610, 5088, 840
-5870, 5532, 1302
-5726, 5362, 968
-5744, 5270, 1640
-6126, 5242, 1012
-5744, 5432, 852
-5910, 5344, 1338
-5634, 5360, 1004
-5742, 5390, 1050
-5648, 5424, 784
-5842, 5398, 1448
-5682, 5264, 1452
-5166, 5760, 1770
-4984, 5392, 630
-6058, 5486, 640
-5834, 5504, 902
-5650, 5310, 726
-6508, 5198, 1794
-5498, 5508, 662
-5820, 5498, 1112
-5884, 5592, 726
-5502, 5472, 464
-5274, 5456, -112
-6052, 5978, 2120
-6132, 4384, 578
-5356, 5400, 24
-5916, 5846, 1332
-5490, 5142, 194
-5980, 5426, 618
-5794, 5480, -182
-5540, 6062, -222
-5870, 5174, 1362
-5510, 5500, 1032
-6162, 5158, 1394
-6064, 5384, 1654
-5670, 5264, 894
-5910, 5320, 1198
-5828, 5356, 866
-5876, 5158, 1150
-5862, 5414, 1052
-6232, 5644, 92
-5104, 5520, 70
-7456, 4086, 3814
-3492, 4754, 980
-7180, 5434, 2656
-6456, 4786, 1232
-5184, 5804, 524
-6312, 5168, 1616
-5394, 5664, 902
-5516, 5058, 1578
-5722, 5646, 1262
-6098, 5536, 182
-6426, 4152, 4788
-5452, 6278, -1090
-5876, 5078, 2692
-4442, 6054, 398
-6108, 4854, 2726
-5672, 6114, 808
-5710, 5326, 1312
-4824, 5394, 572
-5480, 5514, 1434
-5908, 5714, 1220
-5290, 5530, 784
-5180, 5894, 814
-5666, 5396, 752
-6460, 6068, 1058
-5642, 5782, 910
-5840, 5628, 306
-5830, 5520, 1532
-5056, 5768, 516
-5358, 5700, 452
-5686, 5400, 1490
-4934, 5660, 780
-6222, 5592, 2464
-5598, 5188, 1706
-5572, 5364, 1900
-5632, 5596, 1400
-5516, 5520, 956
-5658, 5644, 1170
-5548, 5444, 1440
-5530, 5528, 1334
-5784, 5362, 1618
-5472, 5544, 1242
-5640, 5456, 1544
-5644, 5490, 1512
-5610, 5472, 1522
-5706, 5406, 1292
-5442, 5474, 1566
-5654, 5430, 1530
-5972, 5822, 1092
-5968, 5212, 1398
-6218, 5902, 1918
-5440, 4950, 1738
-6134, 4512, 1792
-5128, 3570, 1200
-5968, 5078, 1938
-5836, 3722, 2620
-5994, 4294, 1804
-6942, 4204, 2026
-5980, 4208, 2368
-6120, 4058, 2690
-7602, 4560, 4858
-4240, 4080, 456
-5588, 2678, 4966
-6442, 2792, 4444
-4022, 2992, 4078
-6622, 1592, 8718
-8500, 1312, 8752
-3060, 2114, 3960
-7174, -770, 8598
-5708, 2242, 3858
-2926, -1288, 3144
-7332, -182, 7004
-3524, -1312, 5926
-5350, -1006, 6374
-5040, 150, 7172
-4564, -1464, 4748
-4590, -1172, 7552
-1650, -136, 6552
-3174, -954, 6466
-3848, -1300, 7682
-2126, -2184, 8618
-3730, -2182, 7116
-2990, -2372, 6532
*NOTE-2017.04.04@14:22:00 - 1
-3254, -2270, 6210
-3032, -2860, 7088
-3194, -2380, 7354
-2930, -2734, 6648
-2380, -2674, 6636
-2600, -2864, 6500
-2164, -2154, 7342
-1658, -1650, 7402
-2060, -1640, 7886
-1614, -662, 6704
-2910, -1270, 7932
-2184, -1334, 6292
-3064, -1280, 8170
-1902, -712, 6848
-3254, -2700, 7868
-2756, -3476, 6896
-3462, -2230, 7118
-3424, -2966, 6574
-2350, -3102, 5396
-3234, -3058, 6384
-2842, -2430, 6286
-3150, -2402, 6710
-3600, -2192, 6826
-3352, -2594, 6122
-3438, -2180, 6674
-3634, -1818, 6738
-3948, -1882, 7122
-3424, -2100, 6160
-3526, -1560, 6628
-4848, -2336, 6874
-3914, -1984, 6540
-4074, -2356, 6692
-3614, -2992, 6258
-3838, -3574, 6046
-3990, -4062, 5980
-3822, -4984, 5392
-3616, -5986, 5200
-3604, -8418, 6144
-2686, -8234, 3048
-2330, -8456, 2956
754, -5160, 1720
848, -4170, 1066
-182, -5760, 2226
-1130, -8858, 2028
-110, -9088, 748
-1008, -9234, 1496
-574, -5528, 2516
-1208, -6080, 3894
-684, -6862, 2700
-1064, -9530, 2980
-748, -7264, 3070
-1474, -7076, 4896
-586, -6320, 3766
-1372, -7400, 3652
-1174, -7308, 2914
-1024, -7172, 2310
-1046, -7142, 2526
-1054, -7412, 1840
-1012, -7778, 1840
-1352, -7994, 2446
272, -7766, 472
-670, -8586, 2378
-752, -8684, 2490
-232, -8614, 1556
-142, -7634, 1870
-902, -7166, 1980
-1420, -7758, 1724
-1874, -7630, 1366
-2374, -7454, 1280
-2326, -7412, 816
-2448, -7610, 788
-1796, -7586, 460
-1994, -8080, 1552
842, -6584, 5368
1688, -10928, 2746
1280, -7444, -2
-1460, -7366, 1072
*NOTE-2017.04.04@14:22:04 - 1
-2422, -7852, 1830
-1286, -7304, 816
-1092, -7744, 636
-856, -7574, 2436
502, -9170, 1182
578, -7938, -80
-1268, -7884, 1506
-1302, -7570, 1120
-1238, -8070, 1076
-458, -7640, 1164
-196, -8134, 1148
-310, -8304, 1242
-1176, -8084, 1970
-900, -7570, 1202
-1152, -8054, 1074
-858, -7786, 1144
-928, -7926, 1782
-1064, -8058, 1698
-972, -7848, 1664
-864, -7922, 1112
-810, -7966, 1116
-748, -7704, 1222
-554, -8338, 960
-682, -7946, 1452
-850, -7650, 1620
-774, -8080, 1048
-914, -8140, 1212
-724, -7686, 1356
-852, -8190, 1324
-738, -8088, 1362
-950, -7978, 1622
-982, -7840, 1722
-1416, -8884, 1450
-1812, -7414, 2594
-1788, -8316, 2748
-1014, -7794, 4150
-2236, -8906, 7164
-1060, -10362, 6170
-3846, -10612, 8774
-3006, -11402, 8228
-2608, -11340, 8474
-1760, -10784, 7674
-522, -7624, 7056
-2208, -6410, 8268
-2164, -5364, 4712
-1808, -5096, 7524
364, -396, 4150
22, 28, 3778
1296, 2200, 552
338, 2562, 838
-862, 5462, 1822
670, 5826, -1168
702, 5630, -1292
1460, 7760, -3064
1190, 6908, -3478
-576, 6070, -4370
-938, 8140, -3352
3492, 8120, -8760
3146, 8040, -9092
788, 6192, -5104
2386, 7322, -5004
1428, 6048, -1864
1632, 4136, -3594
2544, 3366, -2956
1040, 1828, -2720
-1398, -436, 5828
-48, -2066, 5462
1204, -2970, 5414
-168, -5056, 8448
3058, -5098, 10402
1582, -6964, 6562
2668, -8922, 8474
1456, -6714, 10618
-1126, -9974, 9494
7456, -9906, 156
-356, -8238, 6280
-1494, -11608, 7224
572, -8840, 5566
-1404, -8608, 6398
-594, -7966, 5378
-950, -8066, 4586
*NOTE-2017.04.04@14:22:08 - 1
-932, -8254, 3712
-922, -7686, 2910
-1064, -7680, 2532
-640, -7720, 2370
-1086, -8202, 3846
-652, -7778, 3816
-986, -8292, 4250
-416, -8202, 3210
312, -8288, 3944
986, -9146, 9496
110, -11426, 12708
680, -9688, 10640
938, -10966, 7272
904, -8008, 7242
-1154, -8892, 9264
348, -4344, 9798
4426, -2816, 4370
688, -2154, 4402
408, -3926, 4376
1154, 1164, 1222
-62, 2372, 298
-42, 5282, 1928
512, 6066, 198
1992, 4896, -3860
1176, 5590, -5702
-1482, 8026, -5160
-628, 7520, -7120
518, 8968, -8214
26, 6466, -7334
1768, 7624, -8064
592, 6986, -5210
1920, 6684, -4502
2026, 6646, -2650
1262, 5590, -880
1634, 4794, -556
2344, 5316, 1360
2240, 4590, 990
2038, 3738, 2854
762, 2414, 2700
626, 538, 808
1440, -138, 8066
928, -1396, 6824
1304, -4074, 3194
2764, -6572, 13376
2222, -5068, 6212
266, -8696, 4450
2058, -9484, 9212
6472, -9592, -432
-768, -11628, 8166
2406, -10850, 3746
1112, -9346, 5548
-1596, -11292, 9594
1164, -7924, 4978
-550, -8146, 4236
*NOTE-2017.04.04@14:22:11 - 1
-1934, -9176, -342
-1466, -6242, 3150
228, -7460, 1188
-212, -8488, 1996
-152, -8448, 2448
-258, -7434, 2968
-650, -8498, 4618
-842, -8514, 6476
-2120, -10264, 6994
-1146, -11086, 4142
1788, -11688, 5754
772, -13072, 8792
2066, -12720, 7802
4390, -9914, 4484
128, -7852, 10326
3094, -5592, 2856
-4384, -8270, 9270
2546, -3136, 4920
914, -688, 5066
1264, -350, 2254
-232, 2072, 2686
-770, 4798, 1976
872, 3510, -1406
1086, 5196, -2986
1254, 7228, -2146
912, 7512, -4396
786, 6952, -5238
1174, 8300, -6386
218, 7842, -4736
1194, 8548, -6664
956, 6570, -6340
-460, 6622, -3380
194, 6430, -3174
-100, 4180, -1766
1052, 3476, -776
618, 948, 2902
2646, 806, 1154
-310, -4218, 1334
-376, -3094, 10782
-428, -5016, 7822
796, -5564, 6294
3138, -8730, 8566
486, -10306, 5084
-5672, -8144, 16084
1402, -9868, 1936
4038, -7390, 5208
-816, -11894, 6094
-3398, -9836, 7416
-1124, -9000, 2344
-2494, -7984, 4762
*NOTE-2017.04.04@14:22:13 - 1
-1988, -6736, 5918
-1696, -8124, 3592
-1222, -7804, 3032
-1334, -7688, 3072
-990, -7212, 2552
-724, -7908, 1256
-2274, -7446, 2922
-4190, -8398, 4770
-3748, -7266, 6608
-3434, -9582, 6004
-2202, -11200, 8454
-1246, -11760, 7582
-1790, -11820, 7890
-3224, -11168, 9820
-450, -10686, 6498
-2066, -9674, 8894
-2278, -6290, 8378
2580, -3592, 1784
1630, 502, 924
-338, -1402, 5276
-1332, 2620, 3756
1934, 3566, 1184
-592, 3320, 1906
816, 6220, -846
1856, 5302, -1534
950, 3024, -1270
792, 7738, -3840
-1002, 6796, -5568
1970, 8322, -9270
1092, 6150, -8560
2064, 6604, -8640
1816, 7026, -7530
2012, 6948, -6642
1546, 5816, -4538
1242, 6184, -3860
1456, 5434, -3542
98, 3396, -1264
1598, 2528, 1224
1184, 1398, 236
2242, -340, 2642
276, -2542, 5708
-2474, -4208, 3870
1222, -6622, 13242
3736, -5862, 964
4140, -9028, 4914
2334, -10392, 11802
-5348, -9594, 10264
14858, -9090, -5192
-2110, -12014, 7810
-1542, -13874, 5520
-1414, -9430, 5896
-3190, -6752, 8370
-3336, -7522, 5536
*NOTE-2017.04.04@14:22:16 - 1
-900, -8996, 2800
-1404, -7034, 4290
-1746, -6848, 3728
-792, -7316, 2444
-2326, -7720, 3926
-1196, -8320, 3786
520, -8796, 3746
-510, -10050, 4772
956, -9858, 5894
1878, -10586, 6850
2824, -11326, 9318
3030, -13634, 10100
4924, -11318, 7604
3172, -12356, 8048
2642, -9078, 5660
-5016, -6920, 11664
1084, -4550, 5008
1782, -2980, 2486
930, 98, 318
-358, 3410, 690
-850, 5128, 1610
622, 4228, -1162
1562, 5270, -3298
-56, 6756, -3990
-1026, 7642, -5084
280, 7224, -8414
-526, 7872, -6382
-332, 8182, -5556
1488, 5664, -9174
-878, 8940, -5198
-144, 6146, -4654
216, 6750, -3234
-140, 4162, -1818
922, 4318, 122
1326, 2132, 2232
4306, 624, 282
2766, -1632, 372
1802, -1654, 7108
-448, -2990, 7678
-296, -5624, 2920
2920, -8204, 13148
948, -7720, 2762
-1110, -12686, 2064
-4180, -11940, 16242
3218, -5970, 2814
-1952, -12842, 6372
-4202, -11550, 9208
-1868, -8992, 5662
-3084, -7918, 7442
-1008, -8870, 4162
*NOTE-2017.04.04@14:22:19 - 1
-3626, -7588, 4898
-1844, -7206, 2908
-2308, -7222, 3656
-2022, -6824, 3212
-2728, -7744, 3608
-2740, -8666, 3100
-916, -8430, 2830
-884, -9552, 4332
-184, -9712, 5470
208, -10794, 6828
1006, -10598, 9700
606, -12666, 10166
1910, -11800, 8922
1226, -9460, 9580
-1636, -9116, 10522
1480, -6582, 10588
-2112, -3760, 9442
-1168, -2466, 2628
-56, 1072, 832
2670, 3482, -326
-160, 4966, 330
1058, 4642, -1338
2904, 3878, -1782
-978, 7562, -1778
2194, 6490, -4836
606, 6202, -7372
1734, 8972, -8342
1720, 5200, -5436
2626, 6502, -7290
2208, 6096, -5592
1160, 7512, -2738
1104, 6272, -2882
1318, 5238, -3246
716, 3696, -1098
1790, 4412, 2350
1438, 1580, 1732
3264, -504, 4316
-510, -34, 3192
162, -2372, 10624
2474, -3990, 6002
-472, -5110, 3302
4444, -8626, 6526
1638, -11342, 4650
-3610, -9026, 9242
2336, -13722, 6828
5640, -10414, -514
-1442, -13492, 8758
608, -11460, 5114
-58, -11018, 2174
-3830, -7164, 7650
-2816, -8404, 4868
-838, -7132, 3070
*NOTE-2017.04.04@14:22:21 - 1
-1754, -7640, 3096
-1344, -6842, 2978
-2240, -7242, 3564
-1664, -7636, 2386
-2616, -7868, 4570
-874, -9292, 3038
-1458, -9962, 7008
1238, -11008, 7258
716, -13474, 8100
280, -12632, 10586
2602, -12392, 8238
2354, -9850, 8650
-1764, -9450, 9400
222, -6952, 7952
3020, -4352, 3028
4472, 508, -162
222, 530, 4690
1908, 1510, 1808
774, 2888, 1846
-180, 4624, 1556
-18, 4038, -788
1386, 5918, -1866
624, 5588, -2994
196, 7836, -4136
-490, 5780, -7056
34, 9408, -8066
-428, 7760, -8380
544, 6302, -8478
8, 8232, -6068
-194, 6274, -5416
-8, 6860, -3486
-878, 5962, -2256
256, 4332, -2518
766, 3064, -2334
924, 668, -128
2058, -1470, 3318
3842, -4564, -2294
344, -3668, 13596
1968, -6666, 8010
5752, -7584, -364
1234, -10640, 15322
2430, -10488, 5656
-968, -9778, 9214
6718, -11964, 6710
3822, -8310, 2268
-1280, -12256, 4614
-4540, -10184, 7814
-1018, -8714, 5306
*NOTE-2017.04.04@14:22:24 - 1
-724, -10360, 3788
-2080, -7382, 5840
-1314, -7020, 4308
-2042, -7454, 4542
-1348, -6922, 3170
-1560, -8012, 2790
-2642, -7748, 4846
-1538, -9034, 3900
218, -9528, 4488
912, -10078, 8806
346, -13096, 9088
828, -12160, 9534
376, -12316, 8024
1602, -8578, 7894
1144, -5900, 8614
-1052, -4640, 10440
2070, -2774, 4496
0, -2302, 3870
-302, -2588, 6240
314, 1672, 2988
1244, 774, 408
-698, 4026, 26
-850, 5134, -1316
324, 6138, -2442
1124, 5502, -3244
352, 7326, -5208
-550, 5782, -5618
-486, 5518, -8150
1006, 8600, -7788
978, 6784, -8590
836, 6988, -7512
-876, 7692, -5506
-312, 7140, -4612
64, 5018, -4704
-44, 5744, -2718
-552, 3454, -1786
1188, 1460, 60
1688, 416, 3478
2214, -1950, -104
474, -4430, 7034
558, -4162, 11196
2728, -6054, 5272
1854, -7940, 5850
2514, -9524, 8314
1776, -11446, 7082
-1248, -9992, 9492
4488, -9998, 2178
2020, -11102, 6688
-1212, -13766, 5990
2878, -9182, 3214
-1874, -12068, 5810
-678, -7536, 5162
-260, -8020, 4774
*NOTE-2017.04.04@14:22:26 - 1
-918, -7386, 5334
-382, -7402, 3834
-166, -6680, 2946
-1616, -7726, 3934
-1584, -7822, 3934
-632, -9316, 3486
-14, -10698, 3468
1642, -10584, 4530
4004, -11208, 9942
336, -17424, 7784
4000, -11478, 8008
2026, -14432, 5832
2864, -8520, 7740
2908, -8214, 4846
-504, -7188, 6674
-1304, -4004, 7252
3256, -2874, 2102
20, 994, 2398
536, 2584, 196
84, 4886, 1066
1248, 3836, -820
266, 4600, -2840
-210, 6466, -4408
-178, 7798, -6926
-934, 6244, -8732
-686, 7738, -5962
1186, 7384, -8958
26, 6066, -8122
-1078, 8200, -5756
432, 6684, -5290
-222, 5832, -3986
182, 5676, -3240
868, 4030, -2358
834, 2928, -2330
500, -156, 3514
1342, -476, 828
2398, -5300, -910
1496, -4840, 11724
666, -7408, 6178
4846, -8634, 5030
2890, -10182, 9164
1416, -12692, 3206
-2506, -9624, 14656
9604, -9320, -3724
14, -11404, 6020
-2176, -13250, 7274
232, -10420, 4116
-198, -9210, 5140
-2134, -10122, 4956
410, -7056, 3358
*NOTE-2017.04.04@14:22:29 - 1
-456, -7846, 3230
-602, -7464, 3508
-84, -6776, 2858
-292, -7312, 2560
-1434, -7762, 3314
-1340, -8980, 2382
-1138, -9150, 3018
70, -11078, 3986
1886, -10814, 6604
1112, -14100, 7204
2810, -13006, 7706
1524, -13212, 10064
3642, -9374, 10410
870, -6746, 12014
2280, -8828, 3664
-124, -5990, 7854
4910, -800, 1634
958, -2562, 5248
1858, 1230, 2816
950, 1518, 1736
768, 2936, 1992
-192, 4184, 892
1174, 5162, -2206
-62, 5514, -3988
-1406, 6742, -3982
-1600, 7818, -6404
-604, 6602, -9284
-2618, 8242, -5642
-418, 7778, -7090
188, 8174, -7118
-578, 7610, -4296
-466, 7076, -3732
510, 6436, -3310
600, 5602, -2118
1580, 3000, -3288
526, 4098, -38
1110, 1950, 1052
2918, -2418, -162
1014, -3526, 2364
-758, -5184, 6122
4586, -8140, 8766
3060, -10044, 4430
4704, -9904, 4228
1518, -16960, 14184
1568, -17594, 4198
5764, -6892, 6008
-1154, -14308, 4818
-1138, -10276, 9168
360, -9732, 4958
-1078, -8584, 5132
-1530, -7780, 5158
-1552, -7230, 3200
-1426, -6730, 3304
*NOTE-2017.04.04@14:22:31 - 1
-2040, -7290, 3078
-1882, -7310, 3230
-2194, -8360, 4560
-640, -9872, 3744
1144, -10332, 5140
1674, -10236, 9122
1282, -12654, 8318
12, -11722, 11434
-326, -11440, 10008
-1076, -9364, 9774
-1186, -6350, 7416
228, -4258, 7738
1572, -4678, 5422
1392, -1516, 2414
-184, -2186, 4318
1806, 1834, 1716
1398, 1582, 1948
852, 5038, 280
820, 4272, 416
914, 4880, -2770
212, 5780, -3778
-376, 6314, -5790
-490, 6864, -7526
-924, 6882, -7060
1670, 7464, -9072
1260, 6730, -8622
1398, 6984, -6542
476, 7296, -5674
334, 6480, -5358
-182, 6152, -3954
464, 5834, -3968
548, 4070, -4004
6, 1832, -3780
-420, -1506, 5046
2664, 192, 3570
4556, -3656, 564
-530, -4488, 5598
3748, -8184, 5998
3292, -8730, 7832
1336, -9120, 5530
3172, -14092, 5490
1880, -16354, 9808
3966, -11312, 2306
402, -12106, 5156
-2438, -11100, 5990
-2422, -10124, 6942
-2294, -10230, 6018
-1558, -8534, 4822
-998, -7624, 4100
-474, -6752, 2424
*NOTE-2017.04.04@14:22:34 - 1
-1170, -6682, 2372
-2128, -7722, 2202
-1628, -6918, 2426
-2360, -7864, 3060
-1758, -9436, 4872
-1078, -10334, 4360
678, -10904, 3926
974, -10792, 9112
-808, -13172, 7828
-2500, -10594, 10856
-540, -9870, 8174
-1316, -5962, 9638
728, -2624, 9314
-3158, -5760, 9332
798, -1966, 4234
-648, -1276, 5848
826, -344, 3438
1022, 1778, 1614
-1192, 2288, 2358
2028, 4062, -1428
1194, 4718, -1022
-16, 5762, -1936
-14, 5606, -3064
782, 7020, -5286
214, 7958, -6816
1752, 6530, -9020
348, 7380, -7238
2330, 6250, -8808
1296, 8462, -6582
892, 6698, -6424
876, 6238, -5678
304, 6010, -3550
162, 3688, -3658
484, 2932, -2594
46, 864, 526
-80, -3488, 630
1514, -6380, 9094
462, -5054, 12608
2492, -6080, -980
5608, -10488, 8606
164, -14512, 10638
706, -13018, 5242
-1230, -13522, 10288
2198, -9896, 7908
430, -13886, 5280
-4476, -12434, 8370
-1220, -7878, 5528
-2410, -8518, 5710
-592, -7102, 3668
-1002, -6986, 4318
*NOTE-2017.04.04@14:22:36 - 1
-932, -6964, 4106
-1126, -7080, 3316
-848, -7170, 2428
-1892, -7136, 3124
-2054, -7888, 3264
-1852, -8884, 3500
-738, -9768, 3602
-54, -11062, 3946
-188, -11082, 8896
102, -12012, 8830
198, -12598, 8654
1674, -11614, 7348
2100, -7054, 9940
1788, -10246, 3726
-1938, -7838, 10016
2432, -2038, 5602
1328, -2826, 4018
1498, -816, 3024
230, 1196, 2634
822, 3648, 584
400, 3274, -284
638, 6342, -976
2, 6730, -1112
1092, 6394, -2264
460, 5944, -5084
-504, 6990, -4008
-2290, 4954, -6792
-546, 9166, -9826
-236, 6922, -8496
-1716, 6452, -6810
-988, 7954, -6846
-396, 6614, -5868
-930, 6524, -4324
-786, 5698, -2940
-1046, 4456, -1828
-488, 2584, -1434
-78, 576, 950
1452, -994, 728
4794, -3652, 1422
2644, -6100, 6764
2312, -7004, 5004
4376, -7042, 6956
4008, -10648, 5870
3948, -10532, 1370
-1692, -13442, 8696
5126, -11128, 950
2722, -15676, 2846
-2724, -15108, 4818
-2628, -9866, 7418
-3426, -8964, 6510
-974, -7396, 4510
-2644, -8356, 4610
-1410, -6478, 4076
*NOTE-2017.04.04@14:22:39 - 1
-1750, -6242, 3852
-1564, -5968, 3254
-2590, -7174, 3500
-2868, -7678, 4956
-2640, -10790, 3332
-300, -10818, 3496
-428, -11702, 6854
974, -13504, 7214
-544, -14760, 9454
1238, -13994, 10318
2322, -10164, 8686
-3064, -10136, 11944
926, -1792, 7536
-2840, -2974, 7046
1192, 234, 1288
-1160, 552, 5296
-82, 1100, 2238
1422, 1092, -156
-1412, 3742, 3002
798, 6282, 420
2106, 4240, -2456
844, 6256, -4292
-322, 5530, -5558
720, 7226, -7130
164, 9346, -9962
-436, 6990, -8292
598, 8206, -8774
-42, 6764, -7446
-1024, 7182, -4440
404, 7204, -4608
-182, 4528, -3008
182, 4118, -3018
586, 2302, 828
1104, 280, -604
1188, -4770, 4110
2170, -4574, 2494
828, -6086, 2542
2100, -10444, 13856
3028, -8296, 1624
2232, -10898, 3284
338, -15416, 8946
-5422, -19216, 6482
690, -7448, 10432
4066, -12556, 1246
-2120, -12474, 4406
-4126, -11556, 5910
-842, -8600, 2910
-1190, -8566, 3472
*NOTE-2017.04.04@14:22:41 - 1
434, -7646, 2908
424, -6114, 4068
256, -7178, 2898
-906, -6894, 3370
-1014, -7880, 2804
-1790, -8354, 3850
-2072, -10962, 4640
-870, -13176, 4426
222, -14026, 6980
916, -16238, 5316
2700, -14734, 6850
1968, -15708, 4980
3340, -13464, 4678
-860, -13468, 6688
4612, -4138, 5200
5128, -3524, 2614
1606, -3230, 5536
3058, -2330, 2948
-110, -266, 3036
1108, 1956, 1218
-814, 3426, 1700
-208, 4826, -1600
-1218, 5842, -1030
-782, 6474, -2478
-1598, 6956, -3368
-2046, 6452, -6034
-1396, 6386, -7552
-1018, 9204, -7704
-3174, 9172, -8446
-2994, 7690, -7488
-3688, 8164, -6372
-2436, 6922, -5914
-1522, 6488, -3974
-272, 6496, -3224
-704, 5268, -1996
96, 4812, -2546
582, 1716, -1646
1568, 764, 2212
3170, 278, -1256
2068, -4350, -1742
1978, -4748, 9494
3326, -6376, 7566
2542, -6430, 5202
4222, -10358, 10720
4918, -8164, 3654
756, -9598, 10556
6106, -12886, 4590
3080, -9512, 4310
-858, -12178, 4520
-4180, -10224, 7350
-2054, -9096, 4518
-3270, -8352, 4902
*NOTE-2017.04.04@14:22:44 - 1
-3164, -6874, 5424
-2676, -7032, 4082
-2440, -6892, 4636
-1842, -7216, 3078
-602, -7744, 3042
-900, -7230, 1474
-472, -7922, 1064
-1168, -6692, 2804
-1122, -7120, 3008
-756, -6234, 3840
-878, -7120, 3492
-1144, -6828, 3684
-1150, -7130, 3758
-1062, -6586, 3462
-626, -6826, 2606
-646, -6214, 3272
-1406, -7120, 3490
-870, -6808, 3300
-468, -7678, 3206
-1408, -8246, 2618
-1490, -7082, 3184
-2202, -7090, 3726
-1672, -6822, 2944
-2648, -7130, 4698
-2978, -6358, 4846
-3596, -7044, 4716
-3660, -7764, 5738
-3736, -7914, 6278
-3000, -6712, 5654
-2522, -5580, 6260
-2344, -4610, 6664
-2026, -4374, 6214
-1672, -4534, 6360
-1726, -4634, 6148
-1016, -3718, 6800
-160, -3458, 5624
520, -3218, 5450
590, -3750, 5384
1664, -3092, 5024
1416, -3494, 6324
2442, -4462, 5080
2158, -5150, 5708
1152, -4914, 7218
2306, -6054, 5858
2646, -4360, 7980
2538, -6058, 7436
902, -6654, 5262
1060, -3304, 7318
1776, -4204, 6546
2498, -5028, 6302
2482, -4904, 5650
1666, -3906, 6472
3278, -4830, 4378
2128, -5234, 6870
2422, -4850, 6188
1934, -4378, 5794
2542, -5090, 5548
2298, -5014, 6130
2564, -4176, 5512
1820, -5130, 6464
2716, -4212, 5436
2024, -4800, 6290
2068, -4862, 6142
1780, -3646, 7206
1918, -5128, 6372
2312, -4348, 6778
964, -4064, 6716
2144, -4396, 6266
1408, -3528, 7962
1918, -4078, 6674
1250, -3760, 7388
1468, -3604, 6810
1706, -3650, 6564
1050, -3470, 6958
1060, -4094, 7098
1330, -3448, 7360
1060, -3790, 7450
1272, -3992, 6652
170, -4324, 7082
1000, -3200, 5822
976, -5344, 6518
1128, -4264, 5680
312, -4668, 6734

-----------------------------------------------
Date: 04.04.2017 - 14:22:48
End log file
