Terminal log file
Date: 04.04.2017 - 14:26:50
-----------------------------------------------

%~>daq start

 DAQ started.
%~>quit
%~>-3478, -10308, 440
-2842, -6210, 1726
-2622, -6084, 2616
-2638, -6456, 2504
-2630, -7176, 1854
-2868, -8104, 976
-2804, -7226, 1194
-2724, -6928, 2094
-2862, -7368, 2712
-2846, -7708, 2350
-2866, -7468, 1792
-3026, -6810, 1622
-3336, -7194, 1868
-4100, -7186, 4880
-4698, -5932, 4704
-4204, -5798, 4330
-3716, -6816, 3440
-3328, -6092, 3830
-2694, -5964, 3368
-2874, -6500, 2884
-1738, -6602, 2142
-1494, -6452, 2124
-1262, -6842, 2174
-2752, -7230, 4528
-2026, -6484, 3662
-2416, -5596, 4618
-1466, -6978, 2618
-1934, -6900, 3308
-2968, -7370, 2742
-2650, -7510, 2966
-2382, -7050, 2884
-1840, -7590, 2866
-3352, -7062, 4058
-2702, -7926, 3120
-2484, -7270, 2912
-2456, -6990, 2716
*NOTE-2017.04.04@14:26:52 - 1
-1788, -7042, 2374
-2356, -7218, 3692
-1714, -7604, 2418
-2580, -7214, 3546
-1762, -7554, 2354
-2084, -7402, 2342
-1940, -8204, 2350
-2080, -7358, 2908
-712, -7708, 1400
-1542, -7020, 2952
-1850, -7168, 3672
-418, -7542, 1130
-1780, -6770, 1506
-2026, -6680, 2996
-2082, -6880, 2540
-1026, -6740, 836
-2210, -6916, 2134
-3950, -7440, 4056
-3940, -7456, 3068
-4578, -7358, 3790
-3918, -6588, 3950
-3086, -6734, 4240
-2830, -6632, 3232
-2952, -7070, 3470
-2752, -7232, 3218
-2724, -6958, 2954
-2108, -6980, 2702
-1966, -6858, 2670
-2088, -7002, 2786
-2158, -8080, 2926
-2170, -8154, 1522
-842, -7394, 450
-406, -7756, -522
-934, -8114, -198
-1664, -7238, 1144
-2444, -7524, 2112
-2516, -7232, 1904
-2568, -8386, 1032
-2386, -7066, 1346
-2262, -6824, 2236
-2682, -7588, 2180
-2322, -8054, 2202
-2590, -7220, 5564
-928, -7934, 1528
-1216, -8788, 534
-2242, -7048, 2218
-1520, -7676, 980
-1920, -7662, 1656
*NOTE-2017.04.04@14:26:55 - 1
-1342, -7662, 1120
-1978, -7678, 2248
-1604, -7476, 1522
-1878, -7682, 1712
-1546, -7318, 1768
-1498, -7666, 1746
-2012, -7762, 2228
-1520, -7616, 1762
-1608, -7832, 1812
-1654, -7502, 1888
-1764, -7830, 1884
-2044, -7662, 2532
-3432, -7644, 4442
-5260, -7230, 9730
-4512, -9206, 9394
-4900, -11046, 10738
-4588, -14000, 12594
-4142, -14780, 7108
-1720, -12964, 5896
-804, -8942, 5662
-192, -6512, 4318
-1102, -3656, 5368
900, -518, 4692
-1336, -726, 4734
3458, 1020, 562
208, 2294, 348
-1180, 6424, 4380
1736, 3270, -1358
3038, 5126, -1864
1358, 6682, -2080
1684, 6968, -3916
1226, 6464, -5494
992, 8632, -6306
570, 8954, -7114
1240, 7678, -6520
20, 5838, -4216
2412, 6612, -5156
1340, 5242, -3890
402, 4442, -1938
1260, 3062, -2772
1284, 234, 24
798, -2158, 3002
138, -4750, 1796
-1202, -4508, 6304
400, -6712, 12528
3062, -9698, 6840
1156, -10146, 3812
1380, -15230, 13408
410, -12782, 11390
3264, -10580, 1974
-110, -12134, 7578
-1584, -10960, 8030
1488, -9588, 5298
-5120, -4792, 11222
-436, -7870, 3844
*NOTE-2017.04.04@14:26:57 - 1
-2512, -8364, 4330
-922, -7368, 2810
-1510, -7778, 4220
-1980, -8340, 4582
-1378, -8192, 3762
-2726, -9482, 5894
-1116, -9728, 7272
776, -11794, 7818
3950, -12930, 7264
4362, -12036, 8488
3412, -11746, 7998
3832, -8758, 5942
2024, -7250, 5874
-430, -4456, 5978
1446, -3010, 3496
1812, -772, 2328
2710, 1816, 1762
2280, 2792, 1872
1814, 4276, 1674
1610, 4372, -954
1260, 3858, -2150
362, 6514, -1602
306, 6378, -3688
870, 7226, -9062
-492, 7316, -8196
376, 9432, -7634
150, 6578, -6298
1300, 6300, -7090
510, 6940, -3888
-378, 5128, -3378
-56, 4198, -3720
-1254, 1058, -2270
-1888, -624, -862
-228, -5220, -282
-792, -8606, -6718
-2308, -10408, 13032
4398, -19358, 12104
7010, -13160, -1862
-1020, -17328, 10854
-388, -15826, 7806
-1992, -13578, 9378
2290, -10590, 3176
-3820, -13626, 7270
1314, -6930, 4972
-4138, -7940, 7582
-1728, -7374, 3280
*NOTE-2017.04.04@14:27:00 - 1
-2328, -8272, 3518
-2038, -7212, 4692
-2228, -8058, 5250
-2184, -8810, 5636
-2152, -10180, 5652
-1246, -10722, 8588
-486, -13058, 9438
1834, -11082, 8820
1894, -11502, 7016
2062, -8538, 10428
2830, -5864, 3198
-2034, -7704, 8964
5368, -3536, 3478
4836, -2062, 2228
1444, 696, 4208
2066, -504, 590
-734, 2316, 2596
-1278, 4906, 672
1974, 4704, -3390
982, 5520, -4770
-636, 6780, -5272
1034, 5426, -9000
1032, 8042, -7960
-142, 8080, -6864
-1796, 8060, -5004
1668, 8578, -7608
-500, 5870, -4950
-272, 7316, -2812
-572, 3016, -3080
1288, 3636, -588
1090, -320, -2022
834, -2382, 2440
3032, -2974, 6052
120, -4410, 7916
312, -7174, 616
4052, -10112, 7364
4566, -11658, 12408
-790, -11950, -426
-6590, -15872, 15248
3000, -11726, 1900
744, -14740, 6042
-2148, -10452, 8462
-1178, -10774, 4932
-4912, -7268, 6980
*NOTE-2017.04.04@14:27:02 - 1
-1734, -7896, 3784
-2842, -7262, 4588
-1648, -7208, 3826
-2736, -7612, 5202
-2736, -8334, 5810
-2286, -9564, 4424
-1804, -10014, 6180
-850, -11498, 10332
-1588, -13826, 10788
838, -11710, 8156
578, -9126, 10346
1298, -4334, 6572
364, -4764, 6902
-5692, -3448, 6926
-212, -738, 7458
3708, -5026, 2486
956, -86, 3308
2582, 2984, 3160
-1110, 4106, 4950
3402, 3982, 1528
3938, 3316, -1516
1358, 6064, 412
1458, 6282, -2902
1946, 6884, -6592
1176, 7798, -4116
2334, 9498, -6178
1494, 8778, -6320
2614, 5840, -6972
1668, 8322, -5324
1126, 6066, -2522
2048, 6808, -3496
2014, 4658, -3686
1252, 3572, 534
2134, 3164, 948
3162, -542, 1970
2950, -1080, 1982
836, -2736, -276
-1598, -4856, 12190
700, -6162, 11832
4152, -7606, 54
2650, -7382, 7480
1366, -11700, 9922
-3358, -10800, 9098
5560, -5894, 5984
1274, -15834, 3212
-714, -8930, 7504
-1498, -9050, 7352
-478, -8646, 4716
-1822, -8200, 5446
-1652, -7252, 4752
*NOTE-2017.04.04@14:27:05 - 1
-1338, -7580, 3696
-1280, -7752, 3054
-1358, -7382, 3124
-2296, -7900, 4114
-2302, -8246, 5472
-2758, -9006, 5920
-1962, -9854, 8206
-930, -11580, 8804
-228, -11704, 8776
1574, -10838, 7428
1760, -9542, 8062
874, -8026, 6558
3016, -4162, 4624
-5370, -7360, 9302
898, -2078, 4606
3452, -488, 2942
2618, 1008, 5158
3724, 2270, 2312
904, 3390, 4590
2204, 3370, 4102
2988, 3326, 172
2230, 3858, -1162
602, 6396, -3814
420, 7220, -5590
2844, 6618, -13004
480, 8498, -6946
-392, 9464, -6166
3038, 5968, -9430
-118, 8242, -3568
230, 7392, -3564
2160, 5240, -3898
336, 4686, -518
1714, 3834, -740
1962, 2394, 1104
608, -888, 566
3116, -3612, 4480
3182, -3354, 2748
886, -6868, 3484
1122, -8546, 13368
2372, -8164, 856
510, -14244, 3416
-1198, -13322, 17550
-4784, -14680, 4444
3398, -8388, 11018
2604, -15812, -472
-4192, -9558, 8204
-5262, -9664, 7298
-752, -6984, 2852
*NOTE-2017.04.04@14:27:07 - 1
-3082, -8440, 4982
-2212, -7140, 4480
-1118, -6784, 3890
-1184, -6730, 3746
-2256, -8240, 4370
-1836, -8596, 4532
-1896, -9846, 6844
-1014, -12014, 5222
118, -11790, 5370
712, -12858, 5922
1008, -12146, 6486
374, -10102, 8332
898, -7454, 6516
4046, -3758, 2290
-3240, -9464, 10070
10412, -2092, -2022
1222, -808, 5750
4056, -2706, 3686
2442, 150, 3302
3646, 2038, 2024
834, 4516, 2394
558, 3868, -768
620, 6114, -638
1270, 8198, -1692
2136, 6534, -2174
3070, 6242, -4320
2608, 5084, -5050
872, 7184, -6398
2314, 10192, -7924
760, 6220, -7632
-4, 8748, -5860
488, 7676, -5676
846, 6484, -4522
1342, 7290, -3920
618, 4754, -1486
1208, 4776, -2320
1246, 2152, -2028
1794, 1404, 1316
490, -3418, -1584
568, -1540, 12322
-1354, -3282, 1500
1354, -7068, 3606
1068, -8778, 12612
-972, -9460, 2664
748, -16822, 7106
-1930, -12830, 15580
-4042, -15634, 6728
-696, -11432, 5738
-2574, -11614, 8358
400, -9418, 3222
-1760, -8432, 5514
-4130, -9388, 6238
*NOTE-2017.04.04@14:27:09 - 1
-1050, -6322, 4268
-1566, -6952, 3956
-2344, -6580, 4720
-1766, -6808, 3646
-1730, -7018, 3098
-2514, -9056, 4582
-1482, -10414, 3846
-84, -10548, 6490
-302, -11498, 12346
-636, -16362, 8228
1250, -11120, 10500
14, -12462, 7692
-748, -9400, 7996
5962, -2778, -2282
-6224, -4788, 13692
3386, -1980, 4908
686, -290, 5998
4290, -1146, 538
1696, 962, 3026
2522, 4662, 1086
268, 7354, 3836
1052, 2396, 1974
2632, 5468, -1946
944, 4960, -1016
586, 8564, -3184
-86, 4734, -7078
712, 7410, -8512
60, 7336, -9956
158, 9144, -7312
910, 6682, -6356
-74, 8132, -4256
458, 5630, -3528
1740, 6230, -2536
1304, 3750, -1192
2118, 2692, -2032
1710, 630, 250
2038, -624, 3604
-796, -3458, -1514
-478, -4924, 8812
2382, -7030, 9618
2636, -8470, 1286
3410, -8496, 3402
4534, -10930, 12632
-2526, -17046, 6176
-4056, -13476, 13260
4872, -6518, 1560
-474, -13372, 3978
444, -7978, 6324
-3072, -11222, 7522
-612, -5932, 6112
-1056, -8228, 3952
*NOTE-2017.04.04@14:27:12 - 1
-2514, -7632, 4990
-2696, -6586, 4436
-2296, -7220, 3952
-1916, -8780, 4304
-1870, -9558, 4442
-744, -10338, 4206
-242, -9946, 7632
-276, -12722, 6320
2196, -11396, 5378
2668, -10694, 7504
3422, -10086, 6752
2714, -6790, 10422
8404, -7174, 428
-6544, -6754, 15468
-1276, -3436, 7668
2148, -4350, 2212
2130, -702, 3496
2486, 958, 1280
334, 4646, 2518
124, 6556, 4300
1072, 3530, 124
3172, 4776, -3114
948, 5538, -3738
-1288, 7110, -4990
-1296, 7924, -8130
-2298, 8104, -7264
736, 6606, -7944
950, 7872, -7548
660, 7036, -5264
516, 7660, -4346
850, 5450, -4508
544, 5496, -2550
-48, 3774, -1246
988, 2758, 312
504, 238, -1396
2228, -1480, 3068
2706, -5406, -924
1380, -6762, 12732
3094, -7044, 7272
4294, -8592, 298
3030, -10582, 6580
5132, -11840, 11722
260, -12464, 6968
-3646, -17088, 10560
5568, -5662, 286
-1910, -14018, 4340
-382, -9602, 4370
960, -13582, 744
-4348, -6420, 8360
-1338, -8098, 4514
*NOTE-2017.04.04@14:27:15 - 1
-2236, -7442, 4856
-970, -5468, 3314
-3152, -7410, 5178
-3022, -8368, 3772
-3006, -9718, 4186
-1292, -10952, 3052
-1570, -11650, 4178
1458, -11510, 1008
2648, -10012, 5718
1838, -10468, 7664
2894, -10164, 9136
2910, -11642, 6900
-1434, -5814, 13806
11702, -11204, -2642
-6132, -5466, 15452
1114, -3830, 7644
4892, -2154, 630
2408, -132, 2322
2712, 1512, 2100
304, 3410, 2922
1034, 5012, 706
1468, 4154, -3838
-14, 7232, 686
1372, 6594, -3916
1230, 5116, -3604
-1978, 9700, -4448
228, 9346, -7452
-974, 8214, -7434
470, 6072, -9208
-862, 9242, -6630
-576, 6894, -5762
-100, 8020, -4612
-12, 6342, -4374
-488, 6276, -2614
-612, 3844, -2442
-124, 2422, -1898
250, -866, 1744
1774, -4086, -318
2468, -6142, -1556
-182, -9174, 3850
1744, -11402, 7246
4166, -11226, 5302
3510, -11858, 8388
800, -14674, 6188
-6812, -16730, 10154
-2046, -13008, 8566
2504, -3894, 7050
-2528, -12772, 4650
-2114, -6968, 7060
-416, -6636, 3632
*NOTE-2017.04.04@14:27:17 - 1
-3064, -8526, 4608
-2388, -7030, 4022
-2492, -6736, 4400
-2524, -6840, 4522
-1900, -6714, 3980
-2576, -8330, 5198
-1494, -9468, 3342
-1634, -8980, 4894
-1390, -10128, 5802
-908, -10598, 9094
-702, -10836, 9204
-274, -10944, 7046
616, -10644, 8178
-2378, -7176, 10550
7996, -3880, 2728
-6576, -6870, 15554
6098, -3044, 4702
2324, -72, 4888
1456, -896, 3438
2076, 978, 2456
386, 3544, 4182
1250, 4746, 626
1202, 4544, 422
390, 6368, -1422
814, 4894, -2058
-856, 7082, -3276
-1896, 8940, -4140
-48, 6946, -7498
-2104, 5468, -5780
696, 9472, -8824
306, 6714, -7532
-956, 8438, -5272
100, 7060, -5142
-552, 6428, -3614
-16, 5504, -3400
-166, 3098, -2026
-276, 1220, 442
1850, -2256, 4854
4446, -2944, 2142
4016, -2554, 2374
934, -5440, 6880
3656, -8426, 3368
4346, -9270, 4798
2378, -8670, 4620
2990, -11722, 4934
-5922, -16164, 11792
10220, -4294, 120
-3098, -17974, 4456
-3686, -11328, 8004
-1718, -9642, 5030
-2302, -9902, 4748
-2854, -7924, 5972
-1318, -6326, 3772
*NOTE-2017.04.04@14:27:20 - 1
-1808, -7346, 3972
-1326, -4190, 2594
-3066, -8532, 3712
-2878, -8150, 4076
-2520, -9524, 4180
-312, -11338, 2642
182, -11632, 5552
696, -12844, 5450
1080, -12468, 5614
1848, -10918, 6774
1606, -10008, 9312
2072, -8158, 9494
-2650, -10630, 11006
5272, -4184, 4202
-582, -4464, 4696
-606, -2132, 7170
2896, -4222, 4792
2144, -864, 2486
1832, 1202, 1856
1308, 4788, 1940
492, 3634, 902
1310, 4184, -394
946, 5732, -3006
-154, 6990, -4162
-2046, 7148, -7310
-1344, 8258, -9100
-1628, 8290, -7742
1398, 10002, -9404
-1098, 6682, -6964
-660, 7982, -4322
-172, 5746, -3988
262, 5480, -2980
748, 4020, -3050
694, 2164, -2040
1618, 502, 1382
2746, -2366, 1254
3726, -1644, 3642
2332, -1960, 6664
3276, -6396, 2964
1184, -9276, 5210
234, -9242, 6902
4024, -12536, 4572
858, -13708, 10496
-6390, -18692, 8202
904, -11016, 7288
80, -10084, 5928
210, -10684, 4012
-720, -8876, 4352
-3162, -9782, 6228
-1356, -7162, 5610
*NOTE-2017.04.04@14:27:22 - 1
-1160, -7994, 2888
-2064, -7598, 4518
-1134, -6392, 3418
-1778, -7510, 2924
-2428, -8426, 3636
-2042, -9278, 4100
-1492, -10700, 5374
756, -12534, 7282
370, -13972, 8318
492, -13468, 8270
-340, -13120, 7138
788, -10904, 4446
-4596, -6848, 12990
6202, -9830, 3012
-1154, -3210, 7648
-1480, -1234, 8096
3530, -4360, 1850
1718, -1694, 3948
2560, 632, 788
68, 4588, 3380
1582, 6952, 1340
1554, 2826, -2534
76, 5866, -1802
-290, 5852, -5162
1128, 6716, -7946
406, 7584, -6702
-666, 8318, -5982
2038, 7312, -9502
-1708, 8508, -5044
-1492, 8570, -4258
582, 6732, -4756
-406, 6752, -1650
390, 4868, -1836
968, 3538, -1652
986, 1248, -108
2076, 26, 1150
2266, -3358, 948
2250, -4278, 7208
398, -5502, 4250
2900, -8130, 4400
2510, -12370, 6942
1228, -14044, 7884
2290, -9628, -198
-9796, -18566, 13844
-2260, -16190, 6720
5864, -5600, 1206
-2422, -14040, 4742
-2640, -8772, 5538
-2678, -8366, 5598
-1426, -8308, 4056
*NOTE-2017.04.04@14:27:25 - 1
-1396, -7074, 4320
-926, -7292, 3606
-648, -6992, 3388
-1546, -7242, 3430
-1844, -8442, 3984
-1722, -9352, 4574
-996, -10622, 3304
-912, -11632, 5192
-998, -14792, 4068
3260, -13396, 4320
1158, -12960, 6382
1762, -12208, 6058
4052, -8458, 3578
3618, -11752, -2520
-172, -5666, 9902
4806, -4386, 3566
3648, 580, 3060
3116, -1566, 978
944, -1584, 1798
1372, 4246, 1054
714, 7144, 3264
24, 1812, 1996
1900, 1820, -3690
208, 6832, -8308
-1808, 8610, -7086
1772, 10612, -9966
1544, 8372, -9650
1578, 6106, -8606
1672, 6718, -6942
2206, 7386, -6288
522, 7114, -3136
922, 5586, -2888
1160, 4710, -2184
1760, 3404, -3530
1996, -338, 1330
2976, -2634, 492
-294, -2350, 3146
-1694, -4360, 7300
3248, -5346, 4560
3750, -10214, 7602
1910, -10870, 3636
656, -13352, 6124
-848, -11432, 9496
-6214, -12376, 12294
-772, -16396, 8034
5160, -6170, 2208
-2084, -13248, 5388
-2622, -9340, 6896
-2426, -8850, 5182
-1698, -7588, 3968
*NOTE-2017.04.04@14:27:27 - 1
-1590, -7284, 3126
-1710, -6892, 3988
-1202, -5446, 3384
-948, -7846, 2684
-2150, -7154, 3806
-1956, -8096, 3858
-2102, -9730, 4584
-1326, -11102, 5028
-814, -12684, 4330
2834, -11688, 4402
2164, -13572, 4590
3152, -13058, 4936
2966, -10514, 5998
1626, -6590, 8540
-1608, -13686, 7788
4120, -5596, 4612
5664, -4670, -2596
1256, -2424, 4572
1580, -5406, 2932
3634, -434, 1050
900, 2294, 4164
-194, 7984, 5856
974, 734, -272
1236, 3114, -3476
-2894, 7218, -2782
-998, 8998, -6146
1016, 7502, -11330
322, 9908, -9696
990, 8864, -7630
2390, 5896, -7940
1628, 7650, -5700
1544, 6960, -4406
998, 5152, -2172
2608, 5376, -2568
2082, 3984, -2406
1134, 1354, -976
1486, -1694, 234
2716, -4000, -1014
856, -3700, 11844
-100, -4442, 3436
3306, -9082, 4878
2094, -9252, 9734
2032, -8506, -196
-220, -12002, 7684
-7132, -14974, 14988
5980, -14148, 2108
3664, -12980, 5512
-1302, -11898, 8732
*NOTE-2017.04.04@14:27:30 - 1
298, -8440, 5982
-2052, -9232, 5572
-576, -7418, 4012
-1062, -7282, 4260
2, -6486, 2034
274, -7116, 2352
-2974, -8526, 4898
-1516, -8728, 4092
-614, -10490, 3426
2060, -11000, 2942
2078, -10270, 6334
1980, -13042, 8384
820, -12534, 11038
1696, -11468, 8516
-1048, -10950, 9730
736, -8036, 6606
-268, -11066, 7826
5938, -3306, 2086
4016, -1660, 2066
2240, 368, 2920
2352, 64, 846
2120, 1860, -518
-168, 6058, 2200
836, 4894, 840
1886, 5012, -2374
-520, 5014, -1990
-1888, 7536, -3432
-2058, 7164, -6840
-534, 9318, -8914
-2238, 5724, -7556
588, 7520, -8942
-828, 8150, -6472
-1042, 7148, -4342
-1150, 6494, -4036
-228, 5688, -2904
972, 2674, -2800
838, 1854, 506
2296, -428, -52
4766, -2206, 4320
2802, -3500, 1808
2250, -5302, 2572
6780, -7454, 9764
4812, -7704, 114
1634, -9550, 8656
3970, -12768, 3680
-2690, -9406, 7574
5732, -10634, 636
-3328, -16376, 4002
-3018, -10614, 6338
-4886, -9846, 7330
-4726, -9236, 5502
-4754, -7062, 6482
-2862, -7268, 4218
*NOTE-2017.04.04@14:27:32 - 1
-2190, -6986, 4316
-1622, -7812, 3654
-1394, -8066, 2794
-4, -7182, 888
294, -7394, 680
56, -7238, 1120
74, -7240, -264
-492, -7752, 762
-668, -8340, 1320
-1552, -7014, 2500
-1064, -7180, 1528
-956, -7746, 1294
-1224, -7962, 1478
-1068, -7750, 1414
-1256, -6956, 1820
-1748, -7466, 2236
-1380, -8502, 1966
-1062, -8110, 1230
-1340, -9200, 1736
-1644, -9346, 1838
-1688, -8904, 2344
-2468, -8926, 2766
-2416, -7914, 3090
-2012, -7954, 1962
-2936, -6846, 3978
-3024, -7202, 4590
-2708, -5668, 5118
-2216, -5506, 5034
-2712, -5474, 5300
-2342, -5244, 4962
-3412, -5768, 5704
-2648, -4868, 6558
-2354, -3878, 6510
-2656, -3638, 7374
-1582, -4260, 6008
-1332, -4374, 5944
-1072, -3880, 6236
-624, -3906, 5802
284, -2730, 5818
540, -3120, 6542
866, -3470, 5748
732, -4608, 5674
478, -4730, 6286
996, -5118, 5952
1510, -4310, 5202
1380, -5008, 7614
780, -3900, 5972
5112, -6914, 6928
2052, -4002, 6816
1124, -4346, 6542
1826, -3710, 6530
1910, -4850, 6148
1578, -4422, 6622
1762, -4460, 6828
1588, -4668, 6332
1970, -4702, 6026
1532, -5038, 6152
2024, -4606, 6072
1514, -4694, 6198
1904, -4864, 6082
2060, -4960, 5720
1834, -5496, 5780
2040, -4828, 5946
2182, -4932, 5794
1750, -4896, 5500
1314, -5448, 6562
1600, -5004, 6556
1932, -4992, 5136
1024, -5000, 6470
2234, -5126, 6132
724, -5378, 5460
1522, -5032, 6638
1554, -4622, 6076
644, -4728, 6270
1226, -4872, 6348
854, -4576, 5552
1122, -3878, 6366
1186, -4182, 6958
1044, -3832, 6374
930, -3924, 6502
938, -4142, 6766
872, -3654, 6624
718, -3778, 7732
908, -3552, 7124
772, -3778, 6194
-6, -4040, 7242
676, -3704, 7212
396, -3656, 6766
122, -3816, 6626
-38, -4958, 8074
1626, -4862, 7036
2806, -4370, 9100
2330, -2636, 5824
786, -1914, 8114
-574, -464, 6268
-1626, -1102, 8834
*NOTE-2017.04.04@14:27:37 - 1
-1408, -1740, 6932
-94, -1742, 6106
-1786, -7338, 5550
-2104, -4716, 9036
2886, -5198, 6310
514, -3900, 7182
1424, -3166, 8264
-196, -2094, 6292
-3624, -416, 4804
-7064, -2704, 7436
-4386, -1490, 7992
-5218, -2684, 5910
-5574, 684, 6750
-7804, -1434, 8646
-3702, -838, 5346
-4508, -998, 5404
-3960, 126, 4664
-5242, 408, 6324
-3880, 122, 3992
-4588, 1328, 5284
-5128, 1742, 4708
-5964, 2920, 4900
-4318, 3398, 2898
-6424, 5014, 4124
-5174, 4076, 3068
-3638, 4778, 1900
-4310, 5462, 1080
-7782, 5126, 4006
-5926, 6692, 1290
-5966, 5008, 1196
-7512, 8226, 2890
-5310, 3146, 384
-4280, 6366, 406
-6544, 4892, 2098
-5946, 5816, 1728
-4794, 5908, 842
-5292, 5606, 250
-5794, 5800, 1760
-5356, 5424, 1058
-5572, 5828, 854
-5306, 6304, 576
-5418, 5720, 1798
-6026, 5300, 1078
-5418, 5806, 738
-4826, 6266, 602
-5166, 5552, 1152
-6122, 5322, 2072
-4824, 5680, 918
-6310, 5694, 1846
-5666, 5750, 1050
-5106, 5306, 1722
-5896, 5204, 2074
-5424, 5632, 1114
-5516, 5860, 676
-6008, 5550, 1576
-5538, 5284, 2898
-5434, 5402, 606
-5320, 5816, 962
-5904, 5370, 2018
-5778, 5318, 2320
-4678, 5182, 2818
-4522, 5150, 4298
-5048, 4786, 754
-6208, 5224, 3728
-5450, 5710, 2746
-3696, 4508, 3344
-6404, 5684, 3352
-5700, 5424, 3000
-4670, 4722, 3402
-5010, 6038, 1772
-5564, 5128, 3522
-5740, 5346, 2364
-4598, 5144, 436
-5794, 5062, 3110
-5990, 5626, 3078
-4494, 4784, 820
-5878, 5398, 2914
-4394, 4774, 2332
-5204, 5530, 2032
-6212, 5760, 2008
-5902, 5778, 374
-5304, 5672, 134
-5720, 5686, 996
-5536, 5586, 712
-5822, 5752, 752
-5632, 5596, 954
-5258, 5646, 554
-5482, 5672, 590
-5896, 5674, 604
-5562, 5714, 624
-5656, 5686, 674
-5622, 5680, 474
-5706, 5664, 668
-5574, 5610, 446
-5646, 5724, 578
-5420, 5656, 528
-5746, 5484, 860
-5608, 5720, 358
-6024, 6128, 600
-4790, 5238, 914
-5530, 5764, 358
-5316, 5816, 1038
-5730, 5668, 702
-5190, 5588, 352
-6018, 5698, 768
-5514, 5680, 626
-5660, 5624, 986
-5784, 5838, 1058
-5366, 5646, 672
-5542, 5828, 668
-5684, 5486, 718
-5696, 5920, 456
-5696, 5570, 560
-5496, 5800, 360
-5512, 5486, 640
-5618, 5846, 536
-5530, 5352, 880
-5684, 6012, 590
-5414, 5624, 638
-5416, 5650, 1044
-5874, 5772, 988
-6002, 5182, -398
-6406, 5662, 1832
-5098, 5934, -760
-5528, 5798, 94
-6188, 5368, 2148
-4922, 5528, 442
-6152, 5448, 952
-5716, 5886, 254
-5284, 5666, -528
-6000, 5650, 1760
-5866, 5340, 1356
-4978, 5596, 1342
-6070, 5558, 1238
-5328, 5688, 62
-5274, 5718, 820
-6028, 5412, 1342
-5134, 5820, 722
-5488, 4988, 2606
-6578, 6020, 1224
-5048, 5306, 456
-5700, 5768, 1496
-5676, 5428, 1050
-5418, 5752, 880
-5950, 5082, 340
-6188, 6064, 518
-5318, 5462, 240
-6136, 5730, 1360
-5680, 5396, 1264
-5568, 5650, 1048
-5362, 5650, 790
-5684, 5516, 1152
-5616, 5528, 1218
-5078, 5206, 2304
-6092, 6056, 1356
-4954, 5368, 856
-5828, 5776, 1048
-5506, 5550, 1160
-5420, 5652, 1262
-5630, 5434, 1000
-5592, 5794, 1238
-5626, 5540, 1316
-5414, 5660, 1162
-5624, 5570, 1442
-5240, 5600, 1142
-5692, 5670, 1246
-5244, 5798, 1258
-5904, 5512, 1218
-5508, 5678, 662
-5414, 5694, 1076
-5524, 5672, 1080
-5452, 5572, 1162
-5522, 5640, 1230
-5788, 5696, 1278
-5470, 5752, 1086
-5520, 5560, 1114
-5552, 5634, 1078
-5470, 5546, 1180
-5624, 5622, 900
-5558, 5636, 1174
-5242, 5642, 1676
-5466, 5234, 2070
-5694, 6064, 342
-5646, 5584, 1016
-5486, 5620, 1160
-5382, 5456, 1128
-5534, 5652, 1142
-5648, 5456, 1574
-5136, 5614, 298
-6410, 5884, 650
-5750, 5422, 1798
-5778, 5260, 242
-5158, 5794, 88
-5978, 5828, -290
-6286, 5354, 596
-6320, 5706, -180
-5028, 5492, -660
-5356, 5510, 338
-5858, 5452, 136
-5588, 5556, -264
-6444, 5588, 654
-5342, 5542, -1406
-6004, 5568, 632
-5670, 5620, -450
-5982, 5660, -700
-6294, 5108, -242
-5496, 5934, -916
-6242, 5384, 468
-5762, 5540, -800
-6320, 5564, 460
-5596, 5432, -1522
-6424, 5772, 582
-5764, 5512, -538
-5804, 5312, -22
-5640, 5560, -302
-5782, 5560, -206
-5776, 5732, -302
-5746, 5662, -344
-5980, 5492, 300
-5624, 5624, -168
-5710, 5404, 376
-5428, 5796, -256
-6004, 5486, 590
-5580, 5526, 262
-5696, 5676, 64
-5884, 5482, 562
-5666, 5534, 574
-5530, 5620, 16
-5868, 5608, 402
-5764, 5556, 318
-5882, 5106, 280
-5610, 5558, 794
-5580, 5584, 416
-5540, 5326, 180
-6208, 5460, 786
-6048, 5708, -40
-5338, 5640, 1864
-6220, 5020, 1648
-5118, 5752, 426
-5462, 5734, 756
-6184, 5452, 316
-5486, 5618, -468
-5452, 5264, 980
-6656, 5732, 598
-4944, 5180, 276
-6314, 5496, 112
-5612, 5478, 736
-5754, 5554, 712
-5590, 5608, 200
-5850, 5468, 604
-5820, 5624, 300
-5798, 5602, 320
-5720, 5538, 666
-5668, 5646, 404
-6176, 5440, 976
-5682, 5492, 210
-5870, 5482, 666
-5976, 5676, 220
-5784, 4930, 736
-6030, 5644, 724
-5532, 5450, 556
-5946, 5660, 630
-5334, 5628, -554
-6148, 5498, 784
-5614, 5734, 418
-6170, 5250, 828
-5368, 5494, 998
-5868, 5596, 422
-5810, 5544, 472
-5736, 5586, 1098
-5234, 5280, 1726
-5764, 5610, -270
-5618, 5586, 1340
-5610, 5336, 560
-5716, 5560, 334
-6030, 5838, 962
-6034, 5726, 656
-4774, 5008, 792
-6192, 5556, 464
-5612, 5698, 614
-5788, 5560, 716
-5566, 5340, 1088
-5972, 5738, 280
-5874, 5578, 1184
-5998, 5580, 628
-5380, 5382, 938
-5746, 5446, 552
-6306, 5594, 1078
-5510, 5554, 566
-5942, 5650, 270
-6038, 5520, 404
-5332, 5714, -32
-5766, 5542, 1028
-5818, 5608, 898
-5720, 5676, 370
-5978, 5434, 938
-5420, 5590, 498
-5890, 5498, 590
-5654, 5508, 894
-5782, 5478, 584
-6004, 5650, 600
-5514, 5396, 658
-5822, 5458, 808
-5826, 5518, 882
-5644, 5464, 566
-5856, 5620, 444
-5774, 5378, 838
-5660, 5634, 706
-5768, 5544, 748
-5624, 5506, 640
-5812, 5596, 706
-5760, 5484, 496
-5616, 5592, 544
-5876, 5524, 442
-5230, 5590, 942
-5970, 5676, 1320
-5960, 5398, 868
-5606, 5490, 940
-6074, 5582, 1496
-5502, 5684, 142
-5438, 5348, 1010
-5608, 5690, 728
-5940, 5518, 1006
-5748, 5556, 530
-5660, 5532, 574
-5752, 5492, 914
-5562, 5522, 546
-5822, 5506, 1042
-5630, 5502, 528
-5726, 5506, 904
-5778, 5566, 780
-5700, 5542, 714
-5792, 5480, 824
-5690, 5538, 634
-5762, 5452, 884
-5564, 5540, 700
-5610, 5286, 1340
-6078, 5774, 652
-5468, 5504, 656
-5666, 5136, 1380
-5752, 5984, 800
-5818, 5294, 1064
-5452, 5246, 654
-5858, 5490, 908
-5664, 5384, 778
-5784, 5516, 1008
-5828, 5524, 850
-5568, 5554, 534
-5658, 5486, 1130
-6248, 5692, 792
-5004, 5218, 926
-6118, 5520, 528
-5252, 5708, 1060
-5818, 5574, 974
-5750, 5476, 1024
-5674, 5612, 778
-5774, 5450, 1248
-5698, 5726, 38
-5802, 5488, 726
-5768, 5610, 1388
-5786, 5654, 228
-5674, 4752, 1900
-6026, 5894, -178
-5606, 5408, 1202
-5728, 5682, 552
-5642, 5538, 846
-5738, 5672, 808
-5696, 5556, 920
-5808, 5414, 942
-5198, 5834, 242
-6144, 5304, 1406
-5746, 5742, 274
-5606, 5726, 698
-5812, 5414, 1610
-5444, 5584, 612
-5772, 5664, 848
-5714, 5544, 964
-5538, 5500, 812
-5688, 5452, 1206
-5640, 5546, 928
-5744, 5588, 992
-5624, 5626, 792
-5656, 5570, 900
-5692, 5544, 894
-5796, 5498, 1134
-5518, 5584, 834
-5712, 5562, 836
-5708, 5472, 1394
-5594, 5654, 942
-5728, 5588, 924
-5650, 5560, 804
-5742, 5498, 1000
-5676, 5606, 834
-5588, 5548, 814
-5608, 5512, 984
-5670, 5644, 812
-5652, 5628, 852
-5662, 5498, 878
-5636, 5602, 730
-5642, 5578, 1072
-5752, 5516, 888
-5646, 5606, 940
-5608, 5520, 900
-5718, 5554, 786
-5672, 5542, 716
-5380, 5424, 330
-6032, 5536, 1100
-5510, 5708, 832
-5698, 5124, 1116
-5768, 5830, 432
-5892, 5498, 1412
-5598, 5336, 1024
-5732, 5684, 708
-5718, 5578, 1180
-5498, 5592, 690
-5884, 5418, 1000
-5436, 5326, 1478
-6034, 5604, 1036
-5384, 5554, 692
-6058, 5564, 794
-5054, 5456, 226
-6300, 5700, 656
-4800, 5350, 880
-6218, 5574, 596
-5548, 5550, 940
-5606, 5410, 834
-5666, 5604, 1038
-5660, 5602, 812
-5852, 5654, 1028
-5338, 5236, 172
-5790, 5526, 794
-5594, 5644, 888
-5848, 5420, 1042
-5610, 5534, 696
-5896, 5710, 950
-5548, 5510, 744
-5708, 5542, 654
-5814, 5764, 752
-5346, 5254, 384
-5938, 5586, 412
-5482, 5670, 1078
-5492, 5530, 812
-5922, 5530, 1194
-5810, 5422, 1050
-5406, 5428, 808
-6024, 5758, 876
-5442, 5684, 380
-5382, 4928, 1978
-6132, 5696, 638
-5292, 5466, 1106
-5738, 5866, 144
-5566, 5296, 794
-5738, 5662, 928
-5890, 5388, 506
-5650, 5482, 592
-5716, 5578, 816
-5434, 5446, 698
-5756, 5594, 532
-5964, 5898, 906
-5272, 5440, 1112
-5382, 5262, 1238
-6228, 5746, -256
-6292, 5604, 750
-4700, 5238, 974
-6016, 5734, 562
-5554, 5668, 608
-5882, 5492, 926
-5478, 5562, 508
-5706, 5506, 720
-5652, 5570, 522
-5798, 5678, 568
-5508, 5590, 584
-5756, 5608, 750
-5712, 5580, 646
-5780, 5560, 650
-5624, 5566, 654
-5728, 5566, 562
-5622, 5660, 600
-5736, 5612, 760
-5628, 5704, 640
-5840, 5344, 1206
-5464, 5996, 248
-5936, 5444, 1062
-5652, 5868, 316
-5524, 5554, 550
-6104, 5444, 1366
-5682, 5920, 748
-5430, 5538, 486
-5814, 5282, 1536
-5422, 6086, 696
-5522, 5454, 880
-5778, 5624, 1044
-5392, 6040, -24
-5700, 5350, 872
-5686, 5918, 512
-5512, 5420, 1320
-5640, 5304, 1460
-5626, 6112, 286
-5820, 5568, 1550
-5124, 5366, 304
-5714, 5580, 254
-6786, 5686, 1524
-5126, 5484, -4
-5626, 5478, 1066
-5072, 5792, 212
-6184, 5708, 920
-5256, 5804, -42
-5790, 5326, 1538
-5654, 5934, 474
-5346, 5578, 870
-5644, 5860, 248
-5712, 5776, 446
-5568, 5724, 552
-5434, 5632, 568
-5648, 5770, 698
-5556, 5572, 966
-5722, 5942, 284
-5826, 5834, 928
-5194, 5352, 368
-5594, 5628, 108
-6464, 5770, 1478
-5164, 5970, 80
-6138, 5660, 1250
-5340, 5688, 404
-5630, 5594, 1088
-5576, 5764, 760
-5468, 5452, 556
-5710, 5832, 450
-5686, 5600, 698
-5580, 5420, 928
-5520, 5896, 464
-5676, 5678, 788
-5452, 5668, 822
-5610, 5644, 590
-5640, 5696, 876
-5686, 5684, 1022
-5270, 5792, 172
-5802, 5276, 1504
-5444, 5940, 512
-6030, 5636, 1028
-5390, 5782, 518
-5360, 5600, 952
-5994, 5624, 1574
-5268, 5572, 1040
-5226, 5610, 1120
-5572, 5566, 1580
-5338, 5350, 2088
-5438, 5842, 888
-5416, 5222, 1554
-5438, 5842, 846
-5404, 5644, 988
-5872, 5600, 1106
-5536, 5616, 754
-5828, 5664, 1078
-5604, 5612, 658
-5338, 5910, 186
-5752, 5684, 768
-5832, 5684, 712
-5420, 5748, 412
-5540, 5662, 482
-5662, 5774, 668
-5576, 5672, 730
-5440, 5778, 446
-5518, 5772, 670
-5454, 5714, 554
-5488, 5682, 606
-5634, 5746, 632
-5462, 5618, 486
-5690, 5758, 476
-5470, 5764, 664
-5490, 5836, 622
-5594, 5706, 774
-5690, 5776, 806
-5512, 5844, 528
-5512, 5550, 444
-5556, 5696, 710
-5682, 5700, 600
-5498, 5830, 774
-5628, 5688, 650
-5522, 5678, 748
-5622, 5672, 816
-5574, 5838, 792
-5678, 5746, 742
-5514, 5766, 578
-5580, 5598, 794
-5624, 5772, 840
-5496, 5766, 650
-5558, 5822, 766
-5608, 5638, 412
-5420, 5590, 1270
-5630, 5788, 1020
-5864, 5826, 682
-5294, 5688, 216
-5482, 5450, 798
-5382, 5560, 148
-5856, 5762, 1266
-5634, 5612, 902
-5200, 5692, 152
-5892, 5768, 776
-5788, 5320, 1134
-5614, 5838, 776
-5672, 5560, 702
-5580, 5662, 654
-5636, 5738, 636
-5538, 5520, 778
-5684, 5650, 774
-5746, 5744, 930
-5586, 5628, 574
-5674, 5602, 612
-5982, 5972, 208
-5212, 5410, 1332
-4960, 5376, 1406
-6268, 5530, 1808
-5584, 5398, 1158
-5492, 5718, 624
-5666, 5664, 934
-5752, 5564, 1000
-5414, 5690, 672
-5766, 5486, 1036
-5644, 5666, 908
-5598, 5596, 744
-5704, 5508, 882
-5630, 5674, 742
-5554, 5694, 906
-5876, 5258, 880
-5576, 5822, 850
-5502, 5586, 622
-5806, 5508, 1170
-5580, 5718, 726
-5926, 5742, 804
-5936, 5748, 940
-5288, 5794, 712
-5674, 5768, 1110
-5254, 5612, 1122
-4790, 5418, 962
-5600, 5262, 2592
-5762, 5468, 2748
-5188, 5330, 1848
-5900, 5024, 3224
-4988, 5700, 1668
-5064, 5390, 1696
-6006, 5618, 2564
-5830, 5368, 3218
-5590, 5468, 2670
-5482, 5652, 2160
-4798, 5840, 2064
-4798, 5990, 1882
-4514, 5938, 1758
-4206, 6218, 1500
-4680, 6500, 1238
-2934, 6668, -138
-5858, 5620, 3560
-4522, 6318, 2336
-4238, 5880, 1770
-4788, 6166, 2458
-4876, 5998, 2484
-4448, 6012, 2202
-4696, 6050, 2252
-4694, 6056, 2252
-4440, 6100, 2042
-4580, 6130, 2248
-4598, 6070, 2350
-4520, 6128, 2036
-4650, 6116, 2034
-4622, 6142, 2024
-4728, 5904, 2536
-4764, 5964, 2500
-4752, 5812, 2572
-4756, 5860, 2706
-4834, 5660, 2664
-4848, 5994, 2262
-4858, 5892, 2286
-4942, 5888, 2454
-4682, 5896, 2216
-4876, 5888, 2350
-4884, 5878, 2336
-4814, 5848, 2342
-4916, 5892, 2422
-4754, 5902, 2350
-5056, 5910, 2286
-5078, 6038, 2278
-5352, 5928, 2208
-5344, 5858, 2534
-4782, 5788, 2102
-3900, 5410, 1822
-4830, 6628, 4848
-5086, 4348, 2568
-3102, 5930, 1118
-3820, 5470, 2106
-5730, 5118, 4322
-6834, 5264, 5024
-3520, 4916, 2038
-4280, 4374, 2674
-6618, 4448, 5022
-3556, 5328, 1732
-5044, 3674, 3962
-5132, 3082, 7988
-5440, 2552, 4282
-3024, 1542, 4406
-3996, 856, 6732
-2756, 1634, 8170
556, 1396, 4206
-4308, -74, 7434
-5648, 170, 7354
-5548, -994, 6992
-5254, -876, 7824
-4324, -1280, 7524
-3636, -1654, 6824
-4720, -1006, 8452
-2718, -1016, 5922
-1694, -1512, 5310
-2292, -1804, 6968
-2680, -2116, 5484
-4446, -2766, 6666
-2982, -2424, 6740
-2702, -3160, 8188
-3590, -3212, 8370
-2828, -2970, 7008
*NOTE-2017.04.04@14:28:13 - 1
-1798, -3842, 5206
-3100, -5534, 4152
-3066, -3420, 6290
-1100, -3620, 6790
-1296, -3594, 7312
-1526, -2630, 6812
-2132, -2146, 7698
-1368, -2264, 6916
-1398, -902, 8502
-1602, -1366, 6816
-3192, -2222, 8786
-2346, -2268, 6878
-2092, -2630, 7728
-1746, -1758, 7262
-1796, -3444, 6506
-1934, -4024, 6228
-2066, -2962, 7808
-1546, -3280, 6702
-1104, -3286, 6348
-1692, -3988, 7278
-1006, -3004, 6124
-1664, -2820, 6980
-1640, -3304, 7186
-1582, -3412, 7500
-1584, -3538, 7616
-1640, -3912, 6536
-1364, -3404, 6044
-1534, -2738, 6410
-1824, -3946, 6744
-1826, -2990, 6962
-2660, -3968, 6504
-2336, -2840, 6574
-1902, -2564, 6526
-3468, -3464, 7064
-2740, -2348, 6628
-3028, -3158, 7058
-3670, -1890, 6798
-3600, -2680, 6294
-4654, -4206, 7580
-3860, -3820, 6214
-3560, -5810, 6960
-2732, -5774, 5928
-2410, -6198, 5842
-1596, -7226, 4802
-1406, -7400, 3868
-1388, -8042, 2138
52, -7826, 310
-304, -6432, 952
-1092, -3858, 1962
-846, -2708, 3770
-1810, -5142, 3582
-978, -10040, -1268
-576, -12248, -1758
-2270, -7616, 2658
-1258, -6228, 1880
-434, -6958, 2508
-980, -8352, 2534
-200, -8230, 2726
-848, -7170, 3474
-218, -7440, 3710
14, -8304, 1696
-60, -7926, 2836
-80, -7080, 2790
18, -7190, 1534
-710, -7900, 2538
-636, -7192, 2602
-702, -7944, 2386
-364, -7062, 2736
-164, -7914, 2490
238, -8430, 1048
-676, -7808, 2106
-1238, -8144, 2250
-870, -8182, 1172
-1550, -7758, 1688
-1840, -7820, 1626
-1756, -7554, 1608
-1698, -7726, 1434
-1898, -7540, 1634
-1520, -7560, 1564
-1170, -7668, 1198
-1028, -7828, 1450
-2082, -8182, 2294
-1102, -7482, 1596
-1978, -7826, 2094
-1518, -7622, 1690
-1690, -7528, 1846
-1910, -7726, 1708
-1816, -7842, 1688
-1654, -7934, 1130
-1114, -7522, 1558
-1724, -7532, 2266
-940, -7730, 1738
-1472, -7960, 2710
-714, -7610, 3080
*NOTE-2017.04.04@14:28:18 - 1
-844, -8190, 2990
288, -8130, 724
-932, -7250, 2124
-1498, -7446, 2498
-2072, -8038, 2078
-1634, -7622, 1804
-1146, -7822, 874
-1336, -7824, 1394
-1284, -7694, 1340
-1344, -7674, 1670
-1318, -7884, 1758
-1206, -7486, 1826
-1496, -7440, 2134
-1100, -7960, 1342
-1728, -7878, 2124
-1530, -7824, 1928
-1238, -7698, 1494
-1400, -7588, 1524
-1464, -7864, 1410
-1632, -7794, 1754
-634, -7482, 578
94, -7328, 984
-2402, -9100, 2698
-362, -7736, 632
-134, -8036, 454
-1160, -7484, 1356
-2054, -8096, 2008
-1232, -7720, 1098
-1360, -8002, 1168
-1178, -7738, 1224
-1066, -7930, 1254
-950, -8020, 1242
-602, -8208, 1016
-616, -7898, 1178
-436, -8160, 976
-610, -8088, 1048
-674, -7978, 954
-1036, -8002, 1032
-736, -7866, 912
-836, -7848, 986
-940, -8146, 944
-862, -7906, 1008
-766, -7934, 1146
-708, -7948, 1098
-702, -8100, 1032
-924, -7954, 1230
-752, -7922, 902
-940, -7936, 1014
-910, -7914, 934
-1036, -7880, 1136
-1092, -8216, 1188
-1858, -8520, 3096
-10648, -9148, 11828
5994, -6928, -36
582, -12898, 9150
630, -12842, 8750
2162, -13314, 7374
610, -13412, 7900
1714, -12044, 6762
1590, -10642, 6438
2062, -8484, 3970
1662, -5652, 4792
-264, -3878, 4678
2274, -1200, 1840
908, 56, 1050
286, 3216, 2042
6, 3678, 1402
1946, 3866, -2090
616, 5574, -3224
-1670, 6580, -3730
-646, 8086, -7678
-1316, 7728, -8360
880, 9846, -8912
182, 8382, -6384
214, 6250, -5354
2468, 7006, -6142
162, 6070, -2540
74, 4390, -3186
-360, 2550, -3036
-162, -100, -528
570, -3108, 2686
2484, -5614, -1538
-2124, -5798, 11506
3838, -10014, 1816
2482, -13184, 6686
1976, -14170, 6752
2430, -17112, 12014
6514, -14396, 60
1710, -15170, 4152
-928, -13452, 4416
-1802, -11474, 6954
-1508, -10752, 6352
*NOTE-2017.04.04@14:28:22 - 1
-3332, -6694, 7260
-1576, -7912, 4884
-2820, -7334, 5168
-2974, -8096, 4752
-1958, -9350, 3780
-808, -11520, 4100
-626, -12488, 8158
1260, -16420, 7436
2404, -15582, 7206
-200, -16162, 9140
734, -13526, 5662
3510, -9960, 3078
-1112, -7174, 5670
268, -5000, 5290
-2432, -1396, 4076
1980, 1008, 1312
438, -136, 458
-780, 3754, 3782
124, 3210, -282
2842, 2242, -5478
-1350, 7586, -3140
-530, 7674, -6554
800, 6016, -11966
-956, 8958, -7786
1720, 9844, -7052
4686, 5212, -9914
176, 6290, -4552
618, 8692, -3144
2182, 4716, -4806
1494, 5070, -2620
484, 2704, -1488
1128, 2836, 1788
2788, -918, 408
288, -1122, 5704
3564, -4392, 814
2178, -5382, 968
-1246, -8666, 11962
1016, -9934, 8468
5776, -10514, -2652
-1474, -18652, 15864
-1112, -13930, 5016
6410, -7010, 4802
4998, -15710, 394
-840, -11094, 5016
-1334, -10772, 3386
-3120, -6842, 6770
*NOTE-2017.04.04@14:28:25 - 1
-1716, -7724, 5058
-2392, -7842, 4826
-2644, -6438, 4444
-2974, -7438, 4770
-2034, -9310, 3508
-2822, -9934, 5592
-1038, -11484, 5096
-164, -13044, 7514
4020, -15224, 5688
-866, -12216, 8054
252, -17256, 3424
856, -9704, 6106
1574, -9404, 6012
2278, -6470, 3384
1644, -3036, 3944
680, -1724, 7020
-212, -612, 5428
2286, -316, 1668
990, 1932, 1000
-4, 4312, 1212
944, 3786, -760
2140, 5152, -3328
1092, 6580, -5556
-256, 7400, -5204
2174, 7744, -6570
648, 5400, -7284
1752, 9278, -9228
1074, 5848, -5902
2406, 7702, -6642
2184, 5816, -4950
998, 7030, -2926
1060, 5136, -2266
2500, 5790, -3080
486, 2132, -2778
154, -374, -380
-516, -1884, 2036
-228, -4140, 3262
-1644, -6430, 14928
144, -7062, -552
322, -8364, 10068
3030, -14130, 12942
1144, -10132, 2382
-4496, -11138, 11704
3318, -12324, 1482
1232, -11530, 2632
-6078, -12456, 8428
-946, -10154, 5386
-588, -10326, 4362
*NOTE-2017.04.04@14:28:27 - 1
-4054, -7064, 8074
-2366, -7494, 4902
-2816, -6656, 4530
-1836, -6774, 3030
-3394, -7222, 4186
-3162, -9052, 4636
-2396, -10584, 5894
-1164, -10950, 7286
382, -11606, 9624
3046, -15864, 2196
-1394, -16500, 8220
3362, -13014, 5522
-1018, -11214, 8116
1344, -9656, 5224
3160, -5886, 3910
-56, -4430, 4154
318, 1186, 5842
1062, -1526, 2296
2510, 910, 828
1162, 2572, -2334
106, 4902, -1344
602, 9270, 282
1348, 7062, 108
2558, 5840, -1946
1740, 4702, -4502
-2674, 6670, -2226
1260, 8380, -6832
3304, 7184, -9262
1422, 7750, -6656
1706, 7032, -6420
2518, 6840, -5706
1726, 6440, -4618
1582, 6700, -4204
552, 4582, -3102
298, 4214, -2906
-760, 1576, 78
-50, -1598, 1150
3540, -2442, 1890
5928, -5678, 1512
3106, -5474, 2806
-1184, -8358, 8396
4294, -10750, 7304
4086, -10040, 1408
-1524, -14958, 6020
862, -17254, 9730
2272, -9044, 1676
56, -14566, 1886
-5744, -11016, 8650
-3718, -10532, 9056
-2818, -7888, 5514
*NOTE-2017.04.04@14:28:29 - 1
-2346, -7172, 4550
-2526, -6766, 4220
-2868, -6844, 4746
-2702, -8488, 5212
-1866, -10350, 3522
-2582, -11136, 5572
-704, -11862, 7330
408, -15966, 6328
3276, -11504, 7610
628, -14102, 9586
486, -10882, 9604
-602, -9916, 8226
1316, -7588, 5042
1212, -5128, 4350
-1414, -2208, 5986
1420, 336, 2746
2752, -1274, -834
288, 2186, 3148
508, 5286, 1652
608, 5096, -794
1280, 4328, -2676
1804, 5492, -3268
1646, 5550, -5056
744, 5830, -5982
3200, 7684, -8840
1116, 6134, -9430
850, 7680, -7718
1508, 6866, -8276
1466, 7036, -6172
526, 5560, -4958
1840, 6396, -4280
1878, 4524, -3842
1334, 2282, -3820
306, 1668, -3002
-788, -254, 1008
-2536, -4332, 2122
400, -5176, 5538
874, -8240, 3230
2586, -12674, 3790
2352, -15988, 9160
4232, -15224, 9380
968, -16930, 5426
1844, -12728, 6148
0, -14108, 4546
-4420, -13218, 7822
-5582, -9110, 9192
*NOTE-2017.04.04@14:28:32 - 1
-2786, -7334, 4762
-3558, -6610, 5382
-2766, -6152, 4248
-2714, -6456, 4136
-2340, -7222, 2622
-2734, -7926, 3332
-3144, -10848, 5436
-3626, -13408, 6820
1610, -10900, 4268
-1686, -11850, 10566
-1844, -14996, 9104
174, -11460, 9432
-362, -12296, 7796
536, -8848, 8170
3012, -5820, 3748
-1098, -5228, 7678
994, -1464, 6316
200, -3174, 3250
1032, -258, 2964
1906, 1366, -510
1136, 2148, -3472
6, 5080, -150
368, 7328, -1080
2540, 5094, -4270
-144, 7216, -5982
-2030, 7880, -5154
-924, 6490, -7558
1148, 7172, -11326
522, 9068, -7160
750, 6942, -6986
1140, 6530, -6412
412, 7680, -4270
356, 6054, -4112
594, 5680, -3630
-116, 4056, -3392
-298, 476, -3750
566, -2866, 1678
1352, -3038, 4608
3968, -3354, 6800
-56, -5548, 4538
5926, -8250, 3596
4120, -9572, 11450
1628, -10868, 2416
1416, -13098, 10494
3000, -15578, 2318
676, -11786, 4446
22, -14814, 3786
-2226, -12696, 6274
-4760, -10102, 8520
-3076, -8402, 6498
*NOTE-2017.04.04@14:28:34 - 1
-2116, -7064, 5338
-2548, -6786, 4890
-3174, -6168, 5648
-3228, -8460, 3614
-2324, -8982, 2484
-2638, -9658, 4598
-1482, -11956, 3462
-148, -11484, 5876
-1058, -13882, 7016
938, -12930, 5988
1362, -11554, 9622
2846, -11908, 6648
1798, -8746, 9448
1996, -9504, 7398
4168, -6290, 6486
1202, -2782, 7990
130, -3848, 4114
3848, -2154, -1786
-1458, 780, 3056
244, 5486, 2010
1368, 4590, -1368
742, 3214, -3068
-818, 6738, -4322
-1160, 6876, -5332
-840, 7312, -8742
834, 8808, -8072
-556, 8306, -8076
2232, 6688, -8666
438, 7066, -6066
178, 6748, -3940
646, 6848, -4066
1100, 6134, -4010
572, 3694, -4062
204, 3730, -1386
-1032, 56, -970
-300, -2956, 4130
1704, -4320, 3578
1714, -5262, 5256
44, -8290, 2966
5546, -10376, 6300
6514, -11738, 9542
2322, -15288, 2272
-3346, -13700, 11912
-2648, -15036, 7822
5640, -10570, -1960
-5068, -12568, 6418
*NOTE-2017.04.04@14:28:37 - 1
-7112, -11828, 7186
-3014, -9472, 3782
-3490, -6886, 5712
-3608, -7070, 4792
-3058, -6264, 4836
-4300, -6224, 5572
-2696, -7982, 3324
-3272, -10152, 3566
-5858, -10028, 5254
-1808, -10038, 4768
-3994, -14436, 9122
-1710, -16238, 7426
-766, -14786, 8190
-148, -13064, 8520
-412, -11526, 8862
2538, -8346, 4900
-1302, -7894, 6078
-748, -4468, 5724
-64, -1940, 1708
-414, -2290, 140
468, 1732, -792
98, 4300, -2600
234, 4878, -2952
122, 6256, -2500
812, 6640, -7906
-1442, 5184, -9486
-624, 10604, -6274
28, 5848, -9540
3026, 6026, -11550
-406, 6892, -7176
-136, 7302, -5038
1146, 5266, -5298
820, 4588, -3766
-366, 2492, -2124
656, 1496, -1494
682, -402, 544
350, -2818, 5262
3992, -3632, 4040
-352, -5454, 5888
1842, -7520, 9302
3558, -9634, 10036
-662, -11516, 2316
966, -15616, 9694
354, -16108, 2426
-1138, -11124, 8156
682, -16554, 978
-5038, -13086, 7854
-604, -9336, 5624
*NOTE-2017.04.04@14:28:39 - 1
-2808, -6670, 7970
-2496, -7378, 5974
-4134, -6130, 6348
-2700, -5436, 5154
-4216, -6860, 4802
-4732, -9196, 5130
-4868, -11254, 3166
-1516, -11696, 3032
-166, -13490, 4288
-102, -14162, 6094
2060, -14122, 7852
2810, -14150, 8392
3854, -12826, 6150
776, -10742, 7900
6980, -8084, 904
-1922, -6724, 7962
822, -4618, 4456
3020, -3352, 1956
206, -116, 3264
614, 2894, 1338
-198, 3316, 1296
952, 4252, -2536
292, 3774, -5326
-2278, 8298, -2060
-1526, 6686, -9200
72, 6408, -8910
752, 7950, -10182
1874, 10198, -9486
144, 5682, -7142
1238, 7812, -6606
1188, 5580, -5984
666, 6336, -4362
482, 5182, -3952
314, 3636, -4318
-1120, 366, 612
2062, -1144, -520
5200, -2048, -930
2012, -5178, 1082
2380, -6136, 9914
2116, -6674, 7096
2468, -9152, 1644
1264, -12780, 5820
462, -16426, 16954
4522, -15992, 414
1452, -13088, 5772
-2116, -15882, 5392
-1700, -11886, 6604
-4372, -8346, 9320
*NOTE-2017.04.04@14:28:41 - 1
-2520, -8632, 5636
-3534, -7276, 6520
-2518, -5940, 5316
-3156, -6398, 5020
-3358, -8276, 4168
-2524, -10774, 3688
-2128, -11902, 5168
1298, -12982, 4646
2172, -14564, 5970
2696, -13670, 6960
2394, -14252, 8852
1604, -12692, 8816
1750, -11594, 6342
4374, -6636, -1158
-2, -3844, 5968
-968, -3222, 4728
3498, -958, 78
1524, -848, 2552
1816, 3344, 1480
486, 4176, 1142
1974, 5240, -1432
234, 3864, -408
1290, 5588, -6798
-1588, 5818, -5638
-438, 6862, -7214
-974, 5700, -10078
2554, 7894, -10388
310, 7492, -8830
638, 6802, -6730
460, 7574, -5628
264, 5694, -4850
768, 6082, -4130
-50, 4808, -3762
-1042, 2922, -1834
-1198, 742, 2080
1140, -2376, 1550
2578, -5548, -3544
184, -6486, 6472
3102, -10682, 12808
5050, -8692, -2780
2638, -12558, -10
-1014, -20684, 9484
-4084, -19572, 7764
-1274, -16844, 7232
808, -13904, 2240
-8854, -15846, 8280
-3636, -6748, 7332
-3556, -7600, 5506
*NOTE-2017.04.04@14:28:44 - 1
-3030, -5260, 5662
-3152, -5862, 5280
-2614, -5720, 3986
-3180, -7548, 3702
-3872, -8990, 4274
-3440, -10664, 5004
-1088, -12768, 3452
-56, -12038, 6544
274, -14502, 7624
1482, -14108, 7830
1194, -12916, 7462
2528, -11616, 7614
478, -8758, 9038
1414, -6434, 7218
1712, -4244, 5286
-874, -3432, 6898
-112, -2542, 3174
32, -40, 1594
-208, 2242, 336
74, 3418, -1660
1060, 5578, -2206
1152, 7294, -3730
1598, 3614, -6906
-1102, 6656, -8686
-3650, 9144, -8844
-1990, 7180, -8896
-410, 6546, -9662
72, 6568, -7476
-20, 6316, -5542
904, 5580, -5232
-204, 3984, -3962
286, 3266, -4646
-622, 1500, -1034
-640, -2810, 2758
4120, -5594, 4440
2514, -4584, 720
-804, -6590, 8268
3234, -10196, 10386
4964, -10156, 920
3840, -10376, 5514
1070, -14682, 8284
-5784, -17486, 7758
10232, -2676, -4806
-606, -15898, 246
-6482, -14540, 7612
-1492, -9600, 4662
*NOTE-2017.04.04@14:28:46 - 1
-2516, -7810, 7002
-2764, -7146, 5954
-1152, -6006, 4762
-2486, -5444, 5498
-3056, -6572, 3970
-3742, -8348, 3552
-3266, -9920, 3748
-3760, -13112, 3380
-1482, -12400, 2094
-1292, -12488, 7468
-228, -15506, 7088
1670, -12892, 9248
2302, -12054, 9044
-364, -10414, 9968
3568, -8754, 4622
-2956, -8156, 11964
298, -3692, 6358
2122, -2862, 888
-250, 424, 2224
934, 2536, 2792
-838, 2070, 2264
-164, 2434, -2560
-90, 4548, -3194
-1650, 6238, -4240
-1070, 6742, -6940
-2224, 6764, -7370
638, 10980, -11900
-496, 8368, -10818
-554, 7446, -9058
-536, 7206, -7308
-60, 6130, -5496
-336, 7078, -4158
226, 5520, -4278
-350, 4456, -2694
-564, 3594, -1542
296, 1340, -432
960, -1820, 1486
6, -4104, 392
3386, -7348, 6240
2816, -8328, 6182
2598, -9314, 2560
4724, -13032, 9088
3816, -14196, 6336
-1662, -14786, 7040
-1142, -17822, 9006
7990, -9728, 4020
72, -15918, 980
-7104, -11738, 9398
*NOTE-2017.04.04@14:28:49 - 1
-1280, -7214, 5318
-1628, -9414, 3888
-4020, -6330, 6538
-1858, -6514, 4834
-3088, -5876, 4660
-3274, -7530, 3444
-2870, -8724, 3326
-2008, -10336, 4016
-2184, -12836, 4566
-148, -13340, 5754
1660, -16672, 5744
2264, -13836, 8092
2976, -14488, 7992
3416, -11554, 9016
148, -13074, 10204
3344, -6366, 4838
8, -6658, 2912
1120, -2612, 1296
1120, -110, 2810
-168, 2574, 2058
572, 4886, 2462
-88, 3660, 946
-12, 3716, -1498
1014, 5484, -3108
88, 5624, -4394
-1168, 6774, -4356
-1280, 6636, -9116
10, 5890, -10632
-1328, 8206, -9684
-1448, 6780, -9944
-1620, 6728, -6996
-794, 6976, -4854
-166, 5602, -3898
266, 4954, -3210
-330, 2854, -2804
626, 1044, 1004
2618, 64, 760
4108, -2576, 2154
456, -3634, 162
-694, -5798, 6116
2334, -9142, 12768
4816, -8982, 2444
2790, -10024, -1144
308, -14808, 6828
-4654, -17108, 8918
-3530, -15880, 10364
5034, -12756, 342
-3406, -13912, 6322
-3726, -11194, 6744
-1644, -8564, 3872
*NOTE-2017.04.04@14:28:51 - 1
-3486, -8882, 5654
-2570, -6162, 4812
-1782, -6602, 3530
-1856, -6118, 3822
-3490, -6656, 3950
-2722, -8476, 3936
-2860, -11772, 4158
-1058, -13176, 4206
-1058, -13922, 6344
60, -15056, 7066
1282, -16298, 6068
1354, -13706, 7888
666, -12606, 8658
684, -10994, 9404
4024, -9364, 6368
2386, -7446, 6794
11326, -9376, -3572
-886, -2020, 2610
832, -378, -2312
-3280, 2230, 442
-3296, 7782, -722
-358, 3664, -3884
-690, 4300, -8096
-3616, 7480, -7184
-2530, 6504, -8708
-1414, 6904, -8950
-2832, 6620, -9374
1338, 5514, -10346
-2094, 7524, -6514
-2110, 7590, -4544
-850, 6914, -4786
-952, 6004, -3724
-718, 4426, -3216
-532, 3092, -2124
-400, 446, 1512
1086, -2018, 4014
4650, -1090, 1394
2786, -4798, 622
1750, -7020, 7230
3430, -8002, 7186
3132, -9888, 5240
6472, -9816, -1394
-274, -18466, 12148
-1976, -21508, 3986
6344, 658, 4780
2940, -18894, -1120
-1862, -11500, 6454
-3304, -10576, 8006
-742, -7480, 5270
*NOTE-2017.04.04@14:28:53 - 1
-2882, -7968, 6196
-1946, -6932, 5094
-1154, -6180, 4076
-1662, -7804, 3840
-1794, -8390, 3982
-2914, -10424, 4472
-1516, -12556, 3358
1710, -11448, 2708
706, -11920, 7890
2940, -14258, 5836
1908, -11334, 9564
2946, -13616, 8476
1674, -10872, 10074
2238, -9672, 4694
2908, -8878, 2958
2648, -3906, 1664
998, -7416, 2716
1132, -408, 3410
1446, 160, -634
-1706, 502, -350
-2546, 4584, -380
-1410, 6292, -2982
-3082, 5014, -7620
-4466, 5854, -10202
-3424, 6796, -11214
-3124, 9430, -9132
-1820, 7564, -10452
-2066, 5070, -6068
-684, 7768, -5124
-1558, 5790, -4138
-1382, 6930, -2774
-1266, 5462, -692
32, 4366, -1152
718, 3098, 94
1098, 1802, 3296
2668, 850, 3734
1972, -1898, 754
2898, -2178, 7434
1494, -4700, 5788
5116, -6416, 5132
2526, -7244, 8240
3870, -8168, 5928
2162, -10348, 7054
3006, -11126, 5300
4090, -9562, 4164
984, -13268, 5952
766, -11932, 4248
-868, -9322, 5624
-814, -9680, 5458
-1122, -8922, 4928
-974, -8070, 4742
-336, -7724, 3906
*NOTE-2017.04.04@14:28:56 - 1
-494, -7778, 3618
-232, -7682, 2678
470, -8018, 1054
800, -8014, 1052
724, -7652, 818
616, -7950, 1072
1046, -7980, 752
786, -7604, 1552
526, -8134, 1482
1044, -7860, 1264
570, -7926, 1606
238, -8016, 2078
536, -7922, 1802
758, -7954, 1506
428, -7792, 2088
-222, -7774, 2474
46, -7812, 2180
212, -7932, 1478
-196, -7358, 2582
-270, -7956, 1776
156, -7924, 2184
-684, -7724, 1952
-220, -7752, 1310
68, -7338, 734
-816, -6894, 1792
-88, -6330, 1098
-388, -6928, 1526
-470, -6958, 1800
-770, -7862, 1826
-532, -8018, 1694
-40, -8524, 880
-1212, -7872, 2334
-390, -7754, 1288
-800, -8368, 1224
-718, -8102, 1886
-604, -7984, 1184
-1378, -8496, 2752
-1806, -8542, 3352
-1040, -8306, 2280
-1698, -8476, 3822
-1502, -8620, 3868
-2020, -8520, 4912
-2124, -8516, 4700
-1882, -7670, 5382
-1300, -5902, 5464
-1542, -4980, 6310
-1020, -4828, 4732
-1024, -3986, 5022
-976, -4160, 6926
-658, -3170, 7534
-858, -3588, 7520
-534, -2716, 6968
-232, -1948, 7542
-704, -1962, 6094
-422, -1926, 6262
588, -2980, 5836
714, -4478, 5442
1170, -3712, 5926
1700, -4516, 5422
1564, -5490, 4654
1492, -7554, 8390
2782, -8916, 2980
8904, -866, 12166
2700, -5140, 6872
2224, -4616, 6134
2772, -4234, 6028
3320, -4410, 5748
2274, -4612, 6336
2200, -4602, 6116
3154, -4256, 5670
2314, -4568, 5906
2902, -4632, 5552
2084, -4898, 6468
1748, -4178, 4856
3166, -5476, 6552
1670, -5604, 5560
2334, -5288, 5620
2238, -4322, 5664
1984, -5650, 5942
1950, -5300, 5764
2226, -5166, 5770
2060, -4606, 6054
1462, -4974, 5746
1170, -5708, 5750
2338, -4548, 5870
1790, -4940, 6634
1148, -4890, 5618
890, -5370, 6450
728, -4890, 5834
1584, -5104, 6450
1552, -4882, 6496
860, -5714, 6766
666, -6060, 6580
2338, -5838, 9234
756, -9356, 10410
1808, -1396, 5054
2218, 2790, 1874
-1190, -902, 7278
1064, 2556, 5886
1564, -162, 6240
-686, -2580, 6714
470, -1210, 7488
-292, -2202, 7456
-20, -3862, 6186
484, -3284, 6460
100, -4088, 6312
106, -4738, 7124

-----------------------------------------------
Date: 04.04.2017 - 14:29:01
End log file
