Terminal log file
Date: 05.04.2017 - 15:03:30
-----------------------------------------------

%~>daq start

 DAQ started.
%~>quit
%~>-7920, 1170, -414
-8018, 1018, -254
-7994, 926, -318
-8010, 706, -330
-7960, 622, -364
-7798, 836, -350
-7766, 730, -170
-8014, 678, -498
-7810, 714, -372
-7968, 656, -490
-8140, 696, -552
-8106, 942, -498
-8036, 942, -406
-7672, 712, -512
-7500, 684, -666
-7546, 428, -1214
-8568, 226, 506
-7066, 302, -1236
-8696, 420, 2678
-7236, 672, 360
-7694, 110, 1500
-6720, -1044, -1894
-9664, -1026, 1536
-7022, -2416, -1054
-6182, -2706, -786
-7010, -5148, -2122
-6938, -3364, -436
-6892, -6312, 960
-6316, -6066, 724
-5556, -5476, 270
-5720, -7212, 944
-5524, -6586, -108
-4270, -6416, 2120
-5746, -6026, 844
-5760, -6272, 894
-4696, -6084, 298
-5598, -6422, 1868
*NOTE-2017.04.05@15:03:32 - 1
-3854, -6342, -2
-6538, -6258, 3226
-4862, -6760, 1886
-4184, -6040, 1524
-4392, -6668, 1732
-3360, -6734, 1356
-4980, -7020, 3014
-4626, -7190, 2692
-4840, -7692, 1452
-5040, -6596, 1814
-2618, -7450, -340
-2438, -5036, 2044
-1910, -5388, 1420
-2634, -5616, 3574
-3012, -5726, 1312
-5506, -9632, 2514
-5658, -6988, 3084
-5566, -6478, 3112
-3954, -6660, 1680
-4704, -7684, 1226
-4274, -7194, 934
-3704, -5784, 1844
-4222, -6852, 2292
-3732, -6926, 1132
-4014, -7834, 1318
-3300, -6786, 594
-2742, -6066, 1964
-2986, -6778, 1696
-3300, -7076, 508
-4250, -7232, 3330
-5502, -6604, 5482
-4254, -6938, 3596
-3396, -6678, 3530
-2996, -6874, 2990
-3978, -6802, 3662
-1340, -6766, -248
-2596, -8116, 2138
*NOTE-2017.04.05@15:03:34 - 1
-2204, -7722, 696
-3388, -6898, 2296
-2086, -7242, -198
-1664, -8954, -622
-2878, -7410, 3368
-2566, -7630, 2162
-1588, -7950, -322
-2478, -7548, 1534
-3820, -7648, 3164
-3444, -7050, 2166
-6364, -8760, 7382
-6654, -8374, 9138
-5950, -10476, 8734
-6244, -11092, 10656
-3900, -14148, 6390
-1382, -12460, 7848
-3536, -10670, 8136
-3780, -8554, 6894
-2078, -5346, 4546
-986, -5250, 1134
940, -1110, -578
-890, 1254, 3322
-632, 3578, 230
2886, 4638, -3254
122, 3018, -1510
1172, 6748, -4632
198, 7088, -5678
486, 7494, -6932
1890, 8832, -7720
-258, 8600, -5878
1088, 7018, -7174
-88, 6102, -4276
1226, 5354, -5526
-14, 1802, -1584
472, 2284, -1168
-1626, -1306, 3694
298, -3544, 2002
1118, -6100, 6130
-912, -6656, 8238
-270, -8968, 7184
-1304, -8858, 13106
-2772, -22368, 5662
-5536, -14654, 10550
3632, -9464, 152
-6040, -13642, 8210
-1248, -12708, 1872
-3164, -8246, 8478
-7098, -5656, 10802
*NOTE-2017.04.05@15:03:37 - 1
-4948, -5374, 7908
-3764, -5942, 4200
-5134, -6418, 5654
-5124, -8038, 6216
-4114, -10260, 5222
-3854, -11566, 8252
-3038, -14506, 7628
-708, -14502, 7836
-34, -13850, 8910
-500, -11356, 10326
526, -10082, 6608
-4826, -10224, 12756
3274, -4284, 2196
642, -5028, 4080
1450, -490, 452
1324, -272, 1374
-1158, 2220, 1282
622, 4886, -1628
704, 4758, -1028
-252, 4650, -4720
-1292, 5356, -4480
-798, 8426, -7366
-1004, 7488, -9396
-1362, 6814, -8408
-524, 8024, -10456
-1476, 5854, -7878
-232, 6322, -5762
66, 5188, -4436
70, 5062, -4548
-204, 4026, -4724
-1336, 3486, 1626
-2226, -942, 1070
1820, -2968, 2950
4462, -4610, 2142
710, -7038, 6816
2782, -9246, 7810
4298, -9284, 9828
-904, -10852, 5690
-1892, -15312, 7128
1634, -9016, 6648
-2738, -13508, 6932
-5758, -11716, 9902
-4262, -9716, 9320
-3344, -7660, 8492
*NOTE-2017.04.05@15:03:39 - 1
-3330, -8032, 7332
-2620, -6554, 5342
-3674, -5986, 5914
-3346, -4862, 5186
-4636, -6360, 6012
-5074, -7676, 6790
-3398, -10580, 6368
-2842, -12180, 8846
-2236, -15486, 9010
-126, -14888, 9520
1540, -12096, 9156
484, -9570, 10110
174, -7520, 10402
-646, -5470, 9902
252, -5142, 7044
-2600, -3286, 6556
3050, -3282, 70
212, 3196, 334
-32, 2644, 320
2912, 3332, -4320
1368, 5648, -2064
740, 5414, -3690
-464, 5190, -6976
1452, 7052, -8348
996, 7508, -9642
1008, 4726, -7980
2326, 7572, -9808
1526, 5592, -8296
490, 6346, -6342
-50, 5366, -4004
562, 3462, -4494
680, 1990, -3628
-1214, 28, 10
-2522, -3212, 5266
1722, -6614, 2300
3730, -6228, 5602
-2840, -8294, 8090
-236, -13904, 7110
6464, -8204, 16224
3592, -15386, 96
52, -8986, 13554
2896, -13390, 2754
-3122, -12386, 5998
-2518, -10650, 5434
*NOTE-2017.04.05@15:03:41 - 1
-2942, -9788, 6050
-1732, -6062, 8184
-2282, -7386, 6668
-1860, -5492, 6908
-3018, -3252, 4914
-6060, -8090, 6758
-5350, -8382, 6822
-2950, -10270, 4198
-4380, -12568, 10000
-3824, -17796, 8870
-350, -16610, 8912
2650, -14822, 5998
778, -11380, 11196
664, -10744, 8232
1902, -5126, 6588
244, -7022, 5580
-3644, -5444, 5436
3746, -3076, -2684
-578, 716, 1278
-580, 2070, 376
1028, 4278, -5348
138, 4400, -2356
-1026, 6852, -8342
-852, 10104, -8998
252, 6008, -10736
-2, 6826, -9964
346, 6266, -9986
-192, 6890, -8862
-1004, 5136, -6754
0, 4858, -6396
-508, 3160, -4456
-1136, 2138, -4102
-1134, 346, 2360
-2708, -4298, 3232
3010, -8088, 922
2066, -8282, 11058
-504, -7968, 2792
4476, -15094, 10840
5526, -12820, 8528
-2902, -16842, 4490
9088, -3756, 5658
182, -15338, 4352
-5248, -11226, 10460
*NOTE-2017.04.05@15:03:43 - 1
-3720, -10472, 7498
-3210, -8888, 6346
-3804, -9296, 7664
-2886, -7850, 6584
-946, -5634, 4000
-3808, -6752, 5968
-3788, -7610, 6058
-3480, -9732, 7684
-3108, -12190, 7598
-1896, -13890, 10036
1686, -15278, 8368
2084, -14680, 9650
2446, -13780, 9200
1118, -11180, 11458
1376, -9500, 7560
-344, -9668, 3192
-716, -3468, 6544
-256, -142, 3090
1428, -4882, -564
1464, 2026, -444
-542, 3164, -306
552, 5262, -3990
-644, 4486, -4896
-380, 8788, -7104
-144, 10038, -8130
-888, 7886, -9506
-118, 6674, -8648
-698, 7130, -7774
-454, 6670, -6814
-780, 6802, -4752
678, 6128, -5234
-524, 4248, -4548
-296, 2510, -3912
-880, 1324, 1304
-1992, -2454, 3620
2128, -4582, -426
2620, -7312, 2352
556, -10284, 7762
2898, -11658, 5242
-636, -13834, 13808
2160, -14306, 12384
2310, -15840, 3406
-1716, -13784, 9350
-2368, -10928, 7030
*NOTE-2017.04.05@15:03:45 - 1
-3234, -11310, 7050
-1168, -7842, 5762
-3650, -8882, 6514
-3334, -6870, 5478
-2862, -4954, 5646
-3594, -4932, 5824
-2896, -7074, 5504
-2278, -10182, 5796
-1676, -10356, 6712
-1200, -11688, 6898
372, -13286, 5888
-2858, -17538, 4484
1506, -14630, 5758
306, -14214, 12908
1544, -12078, 9884
1412, -10828, 5922
-3690, -9866, 7726
-1630, -5724, 1950
-1584, -3048, 2238
1150, 1172, 564
904, 2188, -478
544, 3852, -2082
1228, 4996, -4036
-782, 5332, -4886
-2354, 6016, -7908
-2658, 9374, -5840
206, 5536, -10782
-292, 6124, -8332
1238, 8734, -8320
1020, 6094, -7602
962, 4090, -6252
1550, 4200, -5672
1838, 2964, -4088
-222, 3004, 1010
48, 1020, 3178
44, -1870, 1106
4384, -6832, 698
3802, -4386, 7068
-1404, -9378, 3592
1060, -14566, 9410
4014, -10526, 11410
3192, -14824, 2034
2848, -5944, 8860
-5168, -16458, 6350
-1494, -11492, 5414
-5064, -11460, 9046
*NOTE-2017.04.05@15:03:48 - 1
-5490, -8520, 10652
-618, -5856, 5174
-2896, -7166, 5300
-2538, -7444, 3550
-3988, -4788, 5372
-3148, -6754, 4182
-4652, -9072, 5848
-3532, -11208, 6414
-2846, -11774, 10714
-490, -16662, 7830
1920, -14014, 8514
406, -13530, 10228
708, -10752, 9038
778, -8672, 9034
134, -5096, 3852
1550, -3462, 4074
-916, -3766, 6008
1398, 272, 2986
2266, 1012, -948
-736, 1058, 1298
-650, 4504, -3674
-836, 5372, -4060
-2188, 5212, -6996
-1994, 8584, -7574
-578, 7672, -9378
-466, 7264, -9102
-706, 5766, -9630
734, 5634, -7918
792, 4972, -5898
1302, 4540, -4728
248, 1984, -5208
-96, 1136, -4042
-2216, 80, 3200
-2300, -4590, 1664
3956, -12576, -168
5700, -7266, 6030
1426, -16094, 7220
2852, -13296, 8110
1902, -13486, 14928
3666, -16100, 4340
842, -13006, 5524
-5916, -16196, 7026
*NOTE-2017.04.05@15:03:50 - 1
-1184, -11106, 4728
-4512, -9156, 9708
-3110, -9818, 5158
-3122, -7758, 6794
-4186, -6562, 6692
-3296, -5910, 4818
-5264, -7932, 5742
-3978, -9540, 4952
-2944, -12552, 4304
-2530, -13196, 9262
-498, -14748, 9108
460, -15348, 7266
1480, -13024, 6160
1796, -10070, 8776
1418, -8874, 9238
424, -5534, 7970
1522, -4220, 4990
822, -5014, 3518
-502, 894, 2522
1722, -3096, 248
872, 2492, 620
-142, 4116, -1642
2164, 6310, -1870
-1058, 5186, -3132
56, 6138, -8036
396, 11046, -8418
-1450, 7224, -9010
-172, 7120, -8992
552, 7706, -9070
698, 5666, -7416
704, 5922, -5904
378, 4086, -5442
322, 4238, -4316
480, 1218, -4512
48, -546, 3700
130, -3372, 1970
2650, -6404, 2136
1938, -7490, 2960
1090, -14540, 10886
1884, -13654, 13216
3198, -14050, 4970
418, -13580, 8800
5622, -11282, 4604
-1592, -15506, 7432
-1096, -11516, 6346
*NOTE-2017.04.05@15:03:52 - 1
-1564, -11498, 5714
-1908, -8696, 6328
-3558, -9570, 7238
-2862, -5462, 7072
-2472, -4308, 6870
-2118, -3932, 6346
-4872, -8128, 5968
-3228, -9584, 4690
-4096, -11728, 7128
-3658, -14678, 9252
-2128, -15436, 10144
-924, -16088, 8324
1440, -13688, 6580
908, -10738, 7760
-124, -8390, 13014
2584, -4760, 3616
1412, -3498, 4672
-890, -1818, 6882
1822, -1614, 2098
1486, 2598, -480
1306, 2804, 20
-536, 4388, -1644
2330, 6684, -3560
1156, 6060, -5332
1234, 6182, -5612
588, 9714, -8940
148, 5478, -8930
538, 7110, -9046
706, 6342, -7864
1592, 5954, -8520
1170, 4334, -5978
1646, 4120, -5970
1128, 2942, -5158
744, 1434, -1898
-1518, -2100, 3844
1116, -4522, 3830
2202, -6244, 876
224, -8962, 4778
448, -13738, 13064
4200, -12756, 8876
2910, -11322, 2364
-586, -11484, 14286
7498, -12108, 1656
210, -16342, 5180
-164, -13346, 5768
-1138, -12244, 5662
*NOTE-2017.04.05@15:03:54 - 1
-4978, -7404, 10544
-3406, -8106, 6458
-2572, -4938, 6572
-2510, -5998, 6116
-2548, -7340, 4308
-2730, -7812, 5188
-3808, -9154, 6462
-2498, -12040, 4970
-1306, -14076, 10092
812, -16552, 8328
1744, -13734, 14060
5876, -14892, 4044
1366, -9746, 9288
-642, -6156, 10450
1896, -7716, 3668
-1032, -3066, 7162
1480, -1598, 2680
3100, -564, -1508
14, 1662, 2630
-654, 4396, 40
1820, 5628, -3612
402, 5124, -4762
454, 4492, -7512
-48, 9462, -7238
-850, 8160, -8316
480, 7852, -7896
-688, 7106, -7976
128, 7770, -6794
-848, 5948, -4646
938, 5830, -4488
74, 3232, -4546
222, 3734, -1260
-1220, -3464, 4188
1448, -2892, 2576
3508, -5804, 348
3870, -7548, 15038
1228, -9624, 1810
7012, -8306, 6300
7284, -14254, 5872
1378, -17964, 2966
2776, -14156, 5390
-6222, -17736, 8750
-4170, -11206, 8748
-4258, -10324, 8270
*NOTE-2017.04.05@15:03:57 - 1
-4006, -7402, 7538
-3768, -5500, 8274
-5002, -3428, 8606
-4482, -4644, 4482
-4764, -6710, 3672
-4764, -8202, 3980
-5482, -10360, 5722
-2950, -12586, 6926
-1826, -14080, 11976
110, -17074, 10648
1188, -15534, 9216
3190, -14668, 4898
-144, -9840, 8788
1968, -7010, 1850
568, -4380, 4882
-1418, -2690, 5480
3376, -798, -962
-36, 1708, 54
-126, 2998, 926
308, 5170, -1868
1756, 5614, -3346
244, 5848, -5506
-3640, 5108, -8340
-1092, 10232, -8896
-38, 4690, -10172
3076, 5128, -8918
1226, 7370, -6874
2070, 5184, -7074
908, 4738, -5394
1342, 4142, -5138
118, 2520, -3662
-292, -1608, -992
-20, -3072, 3164
-224, -3472, 4176
848, -8734, 2526
2408, -9816, 17244
2946, -12942, 3826
-364, -10794, 8084
2596, -12848, 15648
9740, -9922, -3780
-4674, -15030, 8662
-3542, -11442, 8586
-2692, -9788, 8486
-1450, -7694, 8242
*NOTE-2017.04.05@15:03:59 - 1
-620, -6494, 6566
-5170, -5242, 9158
-3934, -5970, 7080
-3958, -6802, 4884
-5128, -8456, 5008
-3772, -10294, 4348
-2604, -11162, 7108
-2344, -12292, 9688
-852, -13048, 8818
648, -12486, 5780
-242, -9984, 7218
-918, -7118, 10226
-1732, -6524, 10772
650, -4854, 6028
-2410, -3874, 8936
-86, -1718, 4382
1910, -1216, 636
-46, 1950, 2368
286, 4086, 1686
-40, 6060, 776
-226, 6126, -748
374, 3348, -4052
1472, 6348, -9862
-1726, 5748, -7896
-1142, 10086, -7484
2106, 6244, -10066
2010, 6892, -7982
-130, 6210, -6400
-332, 7164, -5948
1120, 5792, -6412
-146, 3702, -6852
-1408, 1604, -4784
-804, -1064, 596
214, -1722, 3492
3312, -5942, 4362
1540, -8270, 4444
1004, -7340, 14550
5344, -10600, 5274
-178, -9770, 5242
1686, -10858, 8592
4956, -10244, 4864
-4482, -14940, 5262
-1632, -11116, 4524
-3626, -10776, 6582
-2652, -10298, 6316
*NOTE-2017.04.05@15:04:01 - 1
-2920, -8832, 6566
-3798, -7586, 7468
-4606, -4898, 8440
-2516, -6248, 3864
-3796, -6262, 3930
-4940, -7608, 3672
-4722, -8248, 3936
-3838, -8968, 5144
-5992, -17294, 5888
-2868, -14366, 8912
-3900, -14298, 11712
-648, -14560, 7506
-558, -10750, 10090
-2998, -10132, 10702
408, -7642, 1348
-892, -5972, 2980
208, -4210, 3460
-454, 266, 1170
2738, -504, 158
768, 2764, -808
992, 5774, -328
-136, 4080, -4380
1802, 5264, -2588
1488, 7242, -6766
-428, 5318, -4238
2528, 5554, -11798
2126, 5478, -9884
994, 6382, -7990
2382, 5750, -6758
2588, 5718, -6534
1476, 5824, -4740
638, 5954, -4420
510, 4430, -3932
-312, 2464, -4252
-14, 438, 2412
-1886, -3342, 2314
1036, -5232, 3958
586, -8526, 5708
-276, -10762, 6642
4140, -17724, 6834
3880, -12214, 6054
7448, -12826, 5708
4612, -13484, 5006
-2182, -15554, 5482
-846, -11722, 6394
-2966, -11306, 7400
*NOTE-2017.04.05@15:04:03 - 1
-1768, -7338, 8556
-490, -6524, 6374
-1398, -6350, 6152
-522, -6268, 4452
-1720, -6140, 4304
-1934, -6142, 3904
-2266, -7640, 3424
-2832, -9178, 4462
-2932, -10986, 5682
-710, -11236, 5162
-1490, -15022, 7670
1134, -15050, 7194
2078, -12648, 9164
238, -12674, 8754
-268, -8962, 11664
2148, -7260, 4726
-516, -7618, 7370
-120, -3694, 3502
694, -2032, 4448
1618, -332, 3042
2640, 594, -1396
-30, 2524, 1594
232, 5252, -2036
2588, 6026, -7460
308, 5230, -7400
-1284, 3648, -5682
2220, 13222, -8882
3410, 4966, -10608
2146, 5084, -6020
1710, 8498, -6968
2610, 5656, -7528
1648, 5954, -5364
1226, 5356, -5010
1270, 2586, -5062
780, 1618, -2162
-698, -1846, 2962
36, -4608, 1062
2416, -6534, 2058
2126, -8118, 11048
-1210, -9478, 2760
5854, -3722, 9706
4914, -15018, 3976
-1354, -17702, 7016
4312, -11304, 2634
-2480, -15052, 6858
-970, -12592, 5782
-1946, -10430, 8078
-1586, -8656, 7088
-1040, -8560, 5910
-1672, -5312, 6492
*NOTE-2017.04.05@15:04:06 - 1
-1366, -5500, 5548
-1764, -6332, 5262
-1942, -6338, 3802
-3148, -7574, 5316
-5394, -9798, 6570
-3728, -12166, 3294
-3238, -12736, 7410
-960, -15420, 7284
-914, -14746, 7562
-60, -12472, 6806
2928, -9652, 7854
-614, -7650, 9248
1786, -3476, 7140
254, -5326, 5978
-1776, -1388, 7724
1246, 1092, 458
878, 1294, 176
84, 2974, 2476
-384, 3508, -758
2044, 6420, -2736
1412, 5840, -4150
340, 4708, -5192
-690, 4708, -5138
4464, 6548, -12842
1194, 5564, -11326
210, 8606, -9104
366, 6720, -9018
784, 4866, -7092
918, 5474, -5508
762, 3782, -4650
298, 2374, -2986
-594, -954, 1506
238, -2890, 2426
-682, -4680, 4830
1640, -7154, 10328
1608, -6298, 5816
124, -8866, 4254
7328, -11156, 14036
6244, -13078, -500
-3162, -11676, 15104
7696, -7356, -82
1764, -16922, 2502
-426, -10706, 6994
-1814, -8758, 5806
-996, -7974, 3580
-3344, -7244, 5694
*NOTE-2017.04.05@15:04:08 - 1
-4980, -7718, 5198
-1658, -6874, 2902
-1750, -5968, 3344
-2556, -6680, 6106
-2186, -6728, 5594
-752, -7154, 4490
-1558, -7578, 4896
-1100, -7378, 4704
-768, -6424, 4142
-824, -7200, 4276
10, -6548, 4194
-538, -7088, 3168
-48, -6736, 2300
306, -5328, 2684
-334, -5968, 3342
-126, -4342, 4552
-442, -5888, 3922
-1078, -5580, 5998
-788, -5160, 4832
-1446, -4748, 6974
-972, -4580, 6844
-834, -5436, 5368
-1410, -4630, 7392
-1002, -4402, 6600
-2090, -4804, 7760
-1648, -5444, 6516
-2070, -5676, 6700
-1600, -4910, 6468
-1428, -4316, 7086
-1358, -3820, 7894
-1246, -3520, 10712
-850, -3980, 10408
-1222, -3428, 10604
-318, -2986, 7548
-468, -3082, 5676
-1714, -2900, 5928
-922, -2572, 5490
54, -2114, 5472
868, -1806, 5272
1096, -1654, 7144
928, -2332, 7094
838, -2234, 7902
1156, -2266, 7490
2436, -2124, 5446
2994, -3548, 5112
2868, -5426, 6070
3564, -6180, 4440
2772, -7474, 6870
1410, -5600, 5504
2630, -3826, 7490
-132, -2664, 9914
610, -3330, 7926
2136, -2826, 5802
590, -3042, 7436
2220, -2582, 7562
2866, -2776, 6902
1204, -2976, 6888
1062, -2184, 7944
1512, -2352, 7224
374, -3124, 7630
932, -4146, 6212
1814, -3902, 5840
2230, -3820, 6312
2028, -3388, 6968
2018, -3230, 5728
*NOTE-2017.04.05@15:04:11 - 1
2242, -3262, 4828
798, -4900, 7102
1440, -5314, 6738
2032, -5000, 7484
298, -4086, 10242
3292, -2462, 5468
-414, -1994, 5764
-5480, -2854, 8452
-3864, -3938, 9262
-24, -2194, 4870
-5642, -2876, 12400
-1000, -2304, 6774
-2586, -1912, 8842
-1676, -1320, 5796
-2462, -1570, 7538
-2218, -1344, 5562
-1934, -786, 5532
-3714, -470, 7548
-2758, -440, 6344
-3308, 974, 7894
-2366, 590, 6646
-3626, 2014, 7524
-1844, 2296, 4242
-4104, 4168, 6942
-5702, 3420, 6356
-3880, 4778, 4206
-4110, 5638, 4064
-4470, 4414, 3768
-8160, 5270, 4092
-6552, 3710, 4360
-3218, 4966, 1478
-5240, 4698, 3656
-6170, 4644, 3900
-5752, 4394, 2672
-6186, 4772, 3398
-5554, 4662, 2736
-5320, 4832, 2120
-6424, 4754, 2902
-5674, 4686, 2282
-6590, 4676, 2828
-5444, 4472, 2072
-5972, 4820, 2628
-6346, 4690, 3044
-6200, 4302, 2188
-6390, 4624, 2192
-6062, 4814, 1860
-5162, 5008, 2464
-6712, 4378, 3238
-4746, 4304, 1694
-6124, 4924, 2186
-6700, 4508, 3236
-5162, 4546, 2744
-5650, 4762, 2234
-5984, 4170, 4204
-5536, 4516, 2836
-6594, 3990, 3624
-5572, 4440, 2966
-5658, 4238, 2848
-6084, 3948, 4194
-5660, 4388, 3574
-6136, 4146, 3572
-5274, 4218, 4206
-3992, 3398, 3318
-6788, 4504, 4698
-6002, 4232, 3742
-3862, 3148, 4756
-6564, 4338, 4526
-5308, 3812, 4658
-5864, 4646, 3260
-5496, 4574, 2656
-5304, 3856, 4700
-6142, 4750, 3142
-4772, 3998, 2460
-5800, 3782, 3918
-5732, 3726, 4652
-6202, 4598, 3708
-5088, 4518, 2364
-6650, 4750, 3026
-6338, 4494, 2880
-5316, 4752, 1588
-6044, 4678, 3024
-5496, 4674, 2530
-5872, 4662, 2622
-5910, 4728, 2494
-5806, 4670, 2446
-6150, 4612, 2504
-6498, 4732, 2648
-5776, 4726, 2174
-6140, 4726, 2448
-5886, 4710, 2116
-6004, 4720, 2268
-5876, 4650, 2476
-5988, 4740, 2314
-6114, 4750, 2488
-5882, 4704, 2116
-5856, 4720, 2608
-5904, 4808, 2354
-6294, 5094, 2594
-5002, 3920, 2448
-6118, 5238, 2062
-5520, 4462, 3008
-6244, 4768, 2824
-5806, 4532, 1976
-6212, 4760, 2222
-6226, 4790, 2446
-6144, 4680, 2198
-5914, 4718, 2376
-5784, 4794, 1986
-5998, 4676, 2198
-5906, 4780, 2300
-6016, 4904, 2146
-5932, 4674, 2218
-6016, 4722, 2090
-6056, 4880, 2186
-5972, 4832, 2154
-6062, 4820, 2182
-5880, 4792, 2112
-5856, 4910, 2062
-5894, 4730, 2526
-6042, 4798, 2414
-5800, 4602, 2398
-5864, 4702, 2714
-5724, 5256, 1584
-6304, 4606, 1490
-6262, 4628, 2836
-6030, 4568, 2972
-5298, 4904, 1582
-7128, 4846, 3274
-5412, 4796, 734
-6228, 5140, 2056
-6496, 4360, 3250
-5310, 4580, 2362
-5362, 4028, 2872
-5792, 5344, 2460
-6048, 4702, 1762
-5998, 4818, 3142
-5816, 4322, 2820
-5964, 5022, 1360
-6648, 4640, 3028
-5292, 4662, 1142
-5908, 4780, 3342
-6344, 4440, 3076
-5106, 4768, 2226
-6006, 4612, 2458
-5794, 4998, 2384
-5722, 4892, 1672
-6340, 4842, 3074
-5888, 4578, 2818
-5482, 3702, 2970
-6042, 5510, 2400
-5640, 4430, 1746
-6092, 4816, 3412
-5954, 4524, 2756
-5118, 4640, 2330
-6570, 5132, 2642
-5342, 4590, 1160
-5682, 4734, 2998
-5706, 4792, 1496
-4542, 5136, -354
-7726, 4252, 3660
-7292, 5234, 760
-6592, 5084, 1270
-6698, 4216, 1634
-6810, 5024, 876
-6056, 5016, 334
-5592, 5090, 16
-6504, 4620, 1018
-6650, 4892, 1242
-5292, 4832, 288
-7480, 5164, 1352
-6136, 4758, 320
-6540, 4618, 420
-6250, 4956, 3372
-5598, 4392, 1190
-6214, 4418, 2148
-6304, 4662, 1564
-6464, 4722, 2022
-6046, 4714, 1360
-6220, 4560, 1706
-6048, 4698, 1442
-6454, 4712, 1500
-6104, 4470, 1894
-5920, 4504, 2560
-6484, 4884, 1888
-6044, 4676, 1666
-6246, 4650, 1424
-6482, 4592, 1806
-5732, 3836, 2072
-6580, 4994, 1966
-6514, 4366, 2224
-5814, 4610, 1740
-6316, 4512, 1768
-6820, 4418, 2220
-5578, 4850, 660
-6860, 4716, 1986
-5420, 4986, 492
-5898, 5020, 742
-6172, 5014, 1476
-6600, 5054, 712
-6242, 4598, 1296
-5600, 5290, -224
-7028, 4734, 2312
-5440, 4900, -172
-6442, 4806, 1504
-5914, 4948, 904
-6458, 4900, 1166
-6354, 4836, 1032
-6210, 4678, 1284
-6424, 4886, 1232
-6330, 4928, 1184
-5676, 4874, 472
-6480, 4868, 1440
-6424, 4786, 1290
-6200, 4848, 1466
-5938, 4948, 982
-6384, 4988, 1274
-5434, 4596, 1056
-6304, 5268, 1082
-6132, 4752, 996
-6890, 5046, 1886
-6114, 4840, 1270
-5938, 5054, 942
-6284, 4956, 1308
-5974, 4916, 1116
-6118, 4918, 1512
-6152, 4940, 1240
-6232, 4924, 1256
-5956, 5012, 1184
-6004, 4932, 1298
-6124, 4990, 1246
-6208, 5024, 1248
-6018, 4920, 1258
-6100, 5008, 1268
-6072, 4956, 1494
-6110, 5008, 1338
-6066, 4948, 1336
-6080, 5036, 1300
-5924, 4932, 1414
-6078, 5064, 1334
-6362, 5086, 1384
-5786, 4724, 1184
-5888, 5056, 1610
-6086, 4708, 1548
-6334, 5256, 1550
-5964, 4396, 2270
-5930, 5172, 1436
-6180, 4652, 2340
-5834, 5054, 1334
-5884, 5042, 1442
-6268, 4610, 2130
-5884, 5078, 1374
-6034, 5006, 1152
-6192, 4816, 1940
-5556, 4860, 1416
-6080, 5264, 2242
-5780, 4710, 1972
-6018, 5404, 1312
-6102, 5058, 1754
-5998, 4806, 1508
-5674, 5240, 1102
-5998, 4586, 2974
-6124, 5410, 1904
-6196, 4754, 2190
-5616, 5212, 1470
-6010, 5124, 1270
-5838, 5032, 1594
-5468, 4978, 1768
-6472, 5016, 2278
-5638, 4376, 1830
-5726, 4890, 1796
-6306, 5068, 2046
-6680, 5638, 1158
-5506, 4516, 932
-6302, 5156, 742
-6264, 5070, 1994
-5666, 4810, 1814
-6148, 5248, 1560
-5374, 4588, 1364
-6154, 5298, 1260
-6522, 4830, 2850
-5590, 5592, 434
-6378, 4484, 2882
-5124, 5872, 598
-6696, 4640, 3486
-5126, 5002, 1262
-6016, 5128, 1298
-6748, 5234, 2190
-6202, 5570, 614
-5330, 4894, 454
-6268, 5094, 1436
-6200, 5156, 1742
-6004, 4974, 1608
-5218, 4882, 2244
-5908, 5544, 1940
-6174, 4664, 2274
-5546, 5414, 894
-6170, 4928, 2044
-5662, 4866, 1674
-6280, 4858, 2418
-5712, 5364, 1216
-5712, 5078, 1966
-6246, 4716, 2762
-5644, 4538, 1702
-6446, 5332, 718
-6814, 5292, 1482
-4482, 5058, 610
-5848, 4708, 2950
-6270, 5428, 714
-5628, 4400, 2034
-6302, 5482, 1270
-5626, 4870, 2176
-5814, 5064, 1630
-6136, 5030, 1806
-5846, 4982, 1450
-5826, 5104, 1524
-6006, 5060, 1604
-5872, 4914, 1920
-5728, 4300, 1936
-6196, 5594, 964
-6278, 4778, 2126
-5650, 5124, 1540
-6200, 5174, 1812
-5512, 4898, 1772
-6312, 5292, 1596
-5932, 4728, 2420
-5374, 5184, 1068
-6362, 5194, 1860
-5860, 4916, 1780
-6042, 5046, 1944
-6060, 5042, 2036
-5990, 5158, 1758
-5174, 4656, 1578
-6506, 5254, 1932
-5520, 4638, 2600
-6106, 5286, 1588
-5284, 5290, 1198
-6518, 4924, 2246
-5514, 5248, 1712
-6158, 4144, 2754
-5964, 5322, 948
-6582, 5364, 1916
-4888, 5042, 702
-5552, 5058, 2120
-6382, 5354, 1796
-5276, 4732, 1064
-6112, 5260, 1620
-5618, 5048, 1984
-5894, 5070, 1896
-5792, 5082, 1926
-5954, 5076, 1554
-5732, 4948, 1936
-6008, 5178, 1468
-5158, 5006, 1820
-6520, 5232, 2456
-5610, 4958, 1434
-6228, 5146, 1516
-6026, 4844, 1952
-5784, 5146, 1830
-6090, 4824, 2538
-5804, 5414, 1368
-4930, 4932, 562
-6650, 5236, 2416
-5504, 5052, 1352
-6514, 5132, 2290
-5278, 5116, 722
-6166, 5186, 1784
-5788, 5252, 1248
-5810, 4918, 1778
-5744, 5220, 1540
-6000, 5246, 1808
-5702, 5236, 704
-6212, 4906, 2140
-5712, 5406, 1208
-5952, 5288, 1658
-5462, 5068, 1440
-6368, 5096, 2228
-5576, 5138, 1322
-6028, 5130, 1910
-5684, 5150, 1514
-5992, 5158, 1850
-5728, 5142, 1692
-5860, 5148, 1800
-5890, 5094, 1754
-5816, 5172, 1628
-5768, 5136, 1684
-5756, 5188, 1666
-5884, 5130, 1738
-5764, 5096, 1724
-5832, 5188, 1562
-5830, 5132, 1792
-5734, 5146, 1764
-5972, 5080, 1836
-5616, 5210, 1602
-5904, 5180, 1810
-5830, 5234, 1188
-5468, 5336, 1702
-6032, 5026, 2324
-5926, 4850, 1276
-5996, 5242, 2216
-5752, 5138, 1380
-5836, 5012, 1836
-5812, 5418, 1594
-5696, 4942, 2466
-6092, 5484, 958
-5916, 5196, 2088
-5708, 4966, 1142
-6042, 5092, 2222
-5820, 5064, 1650
-5634, 5138, 1322
-5994, 4978, 1990
-5774, 5096, 1686
-5874, 5184, 1736
-5966, 5000, 1842
-5714, 5178, 1454
-6084, 5242, 1938
-5520, 5054, 1436
-5930, 5156, 1724
-6004, 5178, 1872
-5624, 5166, 1460
-5982, 5050, 2030
-5950, 5128, 1806
-5478, 5296, 1100
-5816, 4934, 2136
-5812, 5294, 1408
-5890, 5058, 1792
-5890, 5058, 1834
-5722, 5250, 1622
-5890, 5114, 1770
-5720, 5280, 1650
-5936, 4944, 2514
-5910, 5322, 1320
-5676, 5246, 1756
-5560, 5146, 1060
-6052, 5228, 2378
-5540, 5276, 832
-6096, 5098, 1882
-5970, 5092, 1374
-5888, 5212, 1788
-6074, 4812, 2140
-6046, 5148, 2126
-5898, 4984, 1934
-5344, 4952, 1596
-6144, 4820, 2474
-5946, 4886, 2056
-5790, 4892, 2262
-6058, 4758, 2466
-5682, 5050, 2012
-5632, 4904, 2024
-6162, 5040, 1830
-6020, 4994, 1938
-5742, 4914, 1306
-6080, 5184, 1530
-6370, 4946, 1808
-5658, 5204, 698
-6212, 5038, 1436
-5604, 5128, 878
-6432, 5048, 1754
-5826, 5138, 910
-6124, 5084, 1580
-5900, 5080, 1028
-6164, 5064, 1574
-5792, 5120, 862
-6026, 4978, 1114
-6382, 5096, 1754
-5696, 5192, 642
-6296, 5006, 1734
-5790, 5180, 876
-6048, 5066, 1282
-6246, 5042, 1594
-5880, 5138, 1150
-6022, 5044, 1260
-6006, 5070, 1270
-5966, 5044, 1188
-6104, 5122, 1210
-5996, 5150, 1122
-6028, 4856, 1358
-6106, 5152, 1200
-6028, 5130, 1378
-5972, 5112, 1046
-6030, 5052, 1210
-6110, 5034, 1288
-6170, 5164, 1454
-5708, 4878, 1324
-6250, 5224, 1330
-5094, 5046, 1406
-6722, 4772, 2102
-5920, 5276, 1014
-5838, 5202, 862
-6430, 5264, 2088
-5670, 4586, 1236
-6204, 5240, 986
-5928, 5264, 1260
-6186, 5030, 970
-5814, 4908, 1002
-6244, 5010, 1732
-5918, 5288, 1164
-6090, 5028, 1384
-6024, 5082, 1360
-5964, 5036, 1150
-5872, 4916, 908
-5996, 5204, 1278
-6260, 4926, 2068
-5468, 4888, 1166
-6382, 5230, 1626
-5882, 4872, 1132
-6034, 5082, 1446
-6050, 5036, 1348
-6048, 5070, 1230
-6016, 5002, 1488
-6136, 5072, 1376
-5900, 4954, 1348
-6050, 5068, 1356
-6080, 4982, 1370
-6070, 5042, 1350
-6036, 4970, 1452
-5994, 4996, 1480
-6092, 5064, 1452
-6070, 5020, 1284
-6016, 4918, 1186
-6066, 4994, 1448
-6096, 4962, 1436
-6032, 4980, 1280
-6096, 5020, 1248
-6024, 4932, 1184
-6040, 4954, 1490
-6028, 4984, 1250
-6170, 5030, 1282
-6008, 4986, 1366
-6146, 4936, 1244
-6056, 4976, 1226
-6106, 4994, 1264
-6038, 4906, 1362
-6170, 4912, 1358
-6078, 4978, 1230
-5980, 4840, 1300
-6116, 5034, 1234
-6138, 4974, 1296
-6080, 4952, 1272
-6234, 4940, 1352
-5938, 5070, 1206
-6078, 4888, 1522
-6042, 5060, 1376
-6072, 4918, 1272
-6186, 5024, 1434
-5916, 5306, 1458
-6022, 5074, 1844
-5520, 4512, 964
-6818, 5294, 1774
-6046, 4848, 1130
-6030, 4906, 1622
-5880, 4880, 1412
-6126, 5138, 1264
-6356, 4848, 2040
-5706, 5050, 784
-6158, 4840, 1824
-6164, 5050, 1478
-5930, 4132, 2008
-5722, 5550, 910
-6288, 4732, 2066
-5732, 4968, 1422
-6130, 4940, 1368
-6212, 4896, 1562
-6014, 4952, 1542
-6092, 4920, 1586
-6108, 4890, 1512
-5952, 4942, 1438
-5974, 4968, 1570
-5966, 4990, 1450
-6052, 4888, 1584
-6030, 5046, 1412
-5976, 4938, 1452
-6126, 4948, 1574
-6200, 4984, 1568
-5930, 4854, 1392
-6112, 4906, 1632
-5950, 4984, 1368
-6238, 4902, 1670
-5996, 5210, 1264
-5984, 4702, 1598
-5752, 5042, 1154
-6418, 4824, 1938
-5902, 5138, 1104
-6064, 4886, 1468
-6146, 4874, 1646
-6034, 4918, 1436
-6134, 4876, 1708
-6008, 4992, 1564
-6118, 4938, 1574
-5912, 4788, 1898
-6468, 4824, 924
-7016, 4606, 2062
-5588, 5134, 500
-6320, 5142, 1414
-6118, 4952, 1444
-5834, 5014, 1184
-6162, 5074, 1256
-5984, 4380, 2542
-6512, 4734, 1702
-6338, 4224, 2446
-5286, 5218, 1472
-6670, 4220, 2904
-6720, 4458, 2602
-6452, 4776, 2112
-6510, 4816, 2206
-5998, 4820, 2380
-5642, 4672, 2258
-5392, 4910, 1874
-5982, 4914, 2796
-5192, 4742, 2926
-5154, 4810, 2522
-4688, 5750, 1366
-4778, 5998, 1832
-4806, 6226, 2100
-5794, 5420, 2338
-5184, 5198, 2564
-5384, 5026, 2770
-5478, 5022, 2682
-5598, 5032, 2766
-5628, 5042, 2814
-5640, 5216, 2404
-5766, 5240, 2864
-5224, 5050, 2130
-5498, 5218, 2492
-5448, 5120, 2332
-5592, 5056, 2482
-5680, 5096, 2500
-5782, 5150, 2596
-5950, 5126, 2850
-5798, 4938, 2994
-5012, 5258, 1518
-5718, 5384, 4548
-4944, 4994, 2688
-4474, 3746, 2476
-4386, 4380, 3628
-5636, 4254, 3452
-6522, 3362, 6418
-5392, 3898, 5596
-2012, 4246, -38
-5490, 3340, 9054
-2848, 3446, 4136
-3550, 3332, 5496
-3746, 3006, 7610
-2914, 2534, 6694
-5138, 434, 9312
-4554, 1074, 4846
-4616, 230, 6080
-6760, 2, 6258
-4110, -408, 5344
-6464, -296, 6112
-4560, -470, 5986
-3966, -520, 3174
-5048, -1482, 6852
-5264, -108, 7502
-5196, -798, 6512
-4446, -2920, 6300
-6156, -2956, 7488
-4222, -2606, 5722
-3472, -1192, 5334
*NOTE-2017.04.05@15:04:44 - 1
-3986, -1332, 7150
-2938, -1360, 6530
-3260, -618, 6606
-2614, 352, 7170
-2812, -884, 6930
-2664, -488, 7328
-2584, -1362, 7292
-2366, -2356, 7430
-2814, -1706, 6368
-4380, -2538, 8992
-1510, -2254, 7958
-1486, -2148, 5108
-528, -720, 5406
-2338, -1364, 5452
-2924, -1060, 6552
-3668, -2190, 5072
-3216, -2414, 7428
-2198, -5284, 5438
-922, -7638, 4368
-1818, -8850, 4532
-2152, -11004, 4906
-1626, -11444, 4090
-2070, -9906, 5470
-1070, -9742, 4464
718, -9452, 3218
1156, -9760, 3214
1260, -9502, 2098
1006, -8060, 2412
1162, -6970, 1160
1090, -4778, 2356
1394, -2652, 3902
534, -4248, 3260
-330, -7314, 1066
522, -6876, 1982
-158, -6434, 4194
492, -5764, 1860
2180, -6064, 808
2574, -6912, -456
1862, -7990, -188
-1922, -6458, 230
-4370, -10454, 7100
-844, -8204, 5854
1814, -8060, 2526
1560, -7160, 4672
-1126, -7362, 5212
-2212, -8522, 2684
-1630, -7168, 1166
-1852, -6678, 1068
-1458, -6208, 912
-3142, -7294, 1148
-1710, -7160, -666
-4542, -12262, 2710
652, -6252, 6082
1606, -9614, 5356
-264, -8894, 464
*NOTE-2017.04.05@15:04:47 - 1
-1710, -7848, 1622
-1314, -7166, 1612
-1616, -7398, 2142
-754, -7654, 1690
-1288, -7656, 1996
-2196, -7216, 4458
-1944, -7152, 4116
-1384, -8420, 1692
-264, -7470, 1098
-712, -7564, 1878
-164, -7754, 1260
250, -7814, 872
-614, -7710, 1880
-512, -7630, 1828
-1122, -7846, 2766
-1522, -7400, 3214
-1446, -7946, 5792
-4220, -7278, 13052
-4554, -11146, 12394
-1798, -11998, 12460
-2866, -16348, 10196
-1116, -15924, 5392
-492, -13156, 6480
-946, -8490, 9880
-352, -7318, 5568
-2446, -6104, 6426
-4530, -5172, 5456
1916, 1582, -5706
1432, 286, -3754
-3220, 2048, 1662
-1336, 2774, -3212
366, 5760, -9862
1050, 11804, -7390
582, 6812, -8654
166, 4708, -7468
226, 6998, -9598
1112, 5174, -10118
216, 7222, -7698
136, 5486, -5394
250, 5074, -4662
666, 3514, -4424
468, 748, 920
168, -1164, -258
1478, -3364, 900
1094, -6074, 30
1096, -6944, 7544
234, -14956, 14072
1632, -13020, 2492
332, -11060, 7350
1280, -12898, 11958
772, -17154, 498
-1890, -13968, 9180
-998, -11958, 9542
-2626, -7588, 12792
-1172, -6412, 8862
*NOTE-2017.04.05@15:04:50 - 1
-1428, -6552, 6740
-1950, -6180, 5702
-3402, -7096, 5902
-3086, -8272, 5312
-3074, -11154, 5906
-1052, -12598, 6808
1108, -14078, 7430
2798, -14816, 6588
1216, -13562, 9914
3198, -12116, 5764
1966, -9454, 8330
3314, -5418, 6128
2428, -10658, 1696
912, -1654, 6090
2874, -1638, 1478
2200, 276, 3264
2100, 1322, 462
1332, 3254, 2028
-330, 5138, 394
1010, 4242, -2590
446, 4666, -5178
-1676, 6582, -5944
-2138, 9042, -8058
318, 7128, -7848
816, 7178, -8290
92, 6300, -8570
14, 8286, -6196
-108, 5888, -5706
-526, 5862, -4020
-386, 4088, -3158
42, 1634, -1716
-1272, -6536, 3538
4290, 988, -3646
1288, -3044, 5578
2238, -8212, 4452
3104, -7406, 3152
1444, -13642, 6950
4352, -15504, 12836
1806, -12450, 2808
2462, -14758, 7940
1756, -15730, 6166
1518, -12580, 5362
-1830, -10194, 9024
*NOTE-2017.04.05@15:04:52 - 1
-2286, -8310, 9666
-2792, -7788, 9806
-1676, -7566, 4630
-3700, -6128, 7088
-2286, -7372, 4566
-2288, -9350, 5504
-1400, -12432, 6010
200, -13382, 6480
-708, -14572, 9468
1102, -17930, 7396
4824, -14450, 4920
5188, -12130, 5682
-776, -11820, 10848
2222, -3098, 7616
650, -11118, 1888
4112, -3302, 2884
1176, -886, 4266
2240, -694, 752
3188, 3214, -1070
466, 2492, 968
-982, 6140, -3594
-334, 7152, 474
-446, 6372, -2312
2752, 4934, -6692
1644, 7324, -9108
506, 9782, -8466
2, 6302, -7748
1458, 8320, -7278
1210, 6128, -6200
1268, 6172, -5390
1026, 5038, -3774
284, 3544, -2996
988, 1252, -746
924, -574, 216
1076, -4132, 2390
916, -4726, -1556
-1268, -10844, 11886
644, -14570, 6484
8092, -7630, 2952
5880, -16104, 10242
9316, -13450, 176
5156, -12510, 4110
1812, -14580, 4860
1220, -12844, 4350
-1010, -12288, 5604
-2362, -9604, 7196
*NOTE-2017.04.05@15:04:54 - 1
-550, -8948, 5098
-598, -6200, 4880
-1610, -7074, 5190
-2684, -6950, 6252
-1418, -8460, 3972
-1124, -9790, 5190
36, -12366, 4672
1416, -12616, 8252
4294, -14892, 5444
4062, -13368, 7570
3646, -12834, 7064
2038, -9418, 9642
1636, -10818, 2100
5140, -4340, 3930
1916, -5112, 6490
3044, -5418, 1178
1932, -856, 3100
2150, 936, 1466
-316, 2512, 1344
898, 5126, -912
562, 4690, -2804
458, 4280, -3550
182, 6396, -6012
1336, 8970, -9114
-186, 7602, -10272
-408, 7950, -9686
-226, 6730, -10710
-1596, 7220, -7720
-1000, 5736, -5726
-296, 4174, -5228
-184, 2582, -3986
-114, -620, -1390
-234, -1814, 992
-1002, -5914, -334
2944, -9490, 3586
1440, -12066, 3268
868, -15116, 5796
8682, -15374, 5702
2000, -19038, 7314
1148, -17690, 8476
6734, -13936, 468
-3656, -15388, 7526
-5048, -11590, 9912
-3722, -7352, 8902
*NOTE-2017.04.05@15:04:56 - 1
-3582, -6322, 8534
-2804, -5244, 6916
-2762, -5060, 6884
-4690, -9680, 6376
-3254, -11384, 6440
-2660, -13468, 6606
-330, -15058, 7920
454, -15856, 5260
1316, -13918, 9352
4892, -13218, 5608
2184, -12056, 2086
5088, -6930, 6828
-182, -19162, 1450
2564, -8156, 1158
-866, -3358, 5612
1400, -1498, 1322
1368, 2074, -2566
22, 3496, -664
-630, 4648, -3346
838, 5960, -5802
-1714, 4468, -10404
-3176, 7244, -7220
214, 9064, -11556
-174, 7474, -10230
-1578, 6968, -9288
-984, 7130, -6106
-504, 4440, -5026
1288, 1118, -6424
882, -530, -4414
-1438, -1028, 922
-2574, -3792, 2844
1708, -10470, 2288
6110, -9900, 5222
-542, -13972, 6314
6218, -15604, 7898
6296, -19230, -2140
-2100, -18466, 10476
3108, -14834, 7444
-490, -15520, 7548
-2252, -10994, 11448
-3498, -7876, 10012
*NOTE-2017.04.05@15:04:58 - 1
-3746, -6108, 10146
-3004, -4518, 10788
-3842, -6474, 6684
-3288, -8182, 6552
-2770, -10052, 6868
-460, -14764, 7994
366, -16810, 7310
260, -18428, 4562
2688, -14704, 4266
2438, -12690, 4094
3116, -10382, 348
2546, -5018, 5978
-320, -4020, 5508
3780, -5630, -266
1814, -2058, 2276
144, -550, 1268
2130, 3196, -662
726, 3302, -2720
2062, 4816, -5042
-688, 4558, -7016
774, 5852, -6718
450, 8504, -7744
4902, 7562, -12730
2578, 5514, -10284
2462, 5368, -8866
3046, 5408, -8692
1506, 3586, -6050
948, 3912, -5734
256, 928, -4634
-1256, -1280, -512
-1996, -4022, 270
-1424, -9058, 3136
7266, -11448, -454
220, -11640, 4274
1122, -14622, 11370
9276, -14968, 4540
-1960, -20186, 7542
4500, -11342, 9938
1350, -16310, 4822
-2368, -12144, 8814
*NOTE-2017.04.05@15:05:00 - 1
-3358, -9332, 10476
-2980, -8094, 7646
-2170, -5512, 5500
-3262, -5338, 7664
-3046, -4898, 7448
-3910, -7244, 6104
-4174, -8726, 6632
-2558, -11530, 5496
-886, -14440, 9600
5856, -14230, 8550
5634, -16866, 6598
2164, -13676, 11034
1808, -12072, 7104
1000, -8022, 11928
2660, -3526, 6576
1520, -5356, 5824
5222, -6852, -472
660, -842, 1836
-172, 984, 1172
1176, 3850, -1294
196, 4238, -2044
708, 3912, -2554
714, 3174, -4790
-666, 5148, -10016
-1176, 8584, -13354
-1556, 7798, -9146
-532, 8052, -11264
-1198, 5278, -6812
-328, 8044, -6606
180, 5186, -5414
-656, 4606, -4260
-564, 3408, -3774
-1294, 266, 734
-882, -1860, 1920
1742, -4214, 1558
2458, -9324, 5306
1004, -8800, 2744
24, -13096, 9960
7318, -16426, 13008
1606, -14056, 3284
-338, -16822, 9774
9048, -11524, 646
-2980, -14230, 8116
-3884, -13938, 6702
-3636, -9572, 9446
*NOTE-2017.04.05@15:05:03 - 1
-2394, -6944, 7826
-1478, -6186, 6386
-2264, -6078, 6602
-1380, -6278, 5582
-2338, -7690, 6244
-4384, -8994, 8132
-3616, -12342, 5884
-2222, -14030, 9376
-686, -16940, 7782
3682, -16602, 5038
1782, -13820, 7780
2332, -10620, 8538
670, -10656, 3620
3004, -6200, 3388
842, -1792, 6178
612, -2346, 4416
1486, 846, 3580
2360, 110, 354
1248, 2684, -390
-2324, 3956, -404
24, 7604, -3476
-506, 6022, -3436
3226, 5430, -9214
1912, 6504, -8836
130, 6758, -9344
2554, 6152, -10160
2574, 5382, -9106
2284, 6098, -7134
1396, 3678, -6384
1244, 3410, -4468
292, 1654, -4208
518, 844, -1648
-1932, -4748, 94
-994, -7890, 3204
3700, -9260, -744
2414, -13800, 10324
4358, -19240, 13236
3658, -18284, 814
1958, -15114, 13652
7358, -16336, 968
-524, -15700, 4650
-6936, -12692, 12368
-2528, -9570, 8694
-2472, -6814, 9418
*NOTE-2017.04.05@15:05:05 - 1
-2462, -5468, 8086
-3530, -4320, 6216
-3756, -5628, 5318
-5272, -8102, 6418
-4944, -10966, 4864
-2430, -12368, 8922
2970, -14928, 6574
2572, -15878, 10162
2678, -14482, 9950
850, -14566, 8032
2036, -9506, 7336
2912, -7334, 2126
-580, -3654, 8568
-242, -3416, 2862
166, -404, 3166
438, 1572, 214
12, 1254, -1294
-1076, 4148, -3202
-1112, 5366, -4946
92, 4174, -5526
-1776, 1124, -6140
6430, 10028, -13272
4184, 2300, -13388
2400, 5068, -10620
966, 4518, -9172
1908, 5206, -8984
1588, 4910, -7682
896, 3642, -6032
-258, 2994, -3976
-1044, 444, -4536
-3318, -9254, 3588
938, -5028, 2682
4030, -7568, -2542
456, -9672, 8512
1810, -15346, 12358
8118, -13594, -7258
-150, -12664, 9684
4606, -15930, 7354
4204, -17698, 3124
12, -13620, 6806
-5618, -11192, 12908
-2270, -8876, 9768
*NOTE-2017.04.05@15:05:07 - 1
-2260, -6416, 8712
-4300, -5364, 9660
-2196, -4760, 7076
-4594, -8326, 5976
-3688, -8788, 5900
-3248, -11848, 5934
294, -12640, 7752
2670, -16246, 8468
3718, -13552, 13506
2194, -15278, 8166
4176, -11338, 2358
1830, -6690, 5370
-3430, -10974, 7228
5022, -3102, -454
-516, -1254, 5376
2320, 1732, 1602
876, 1644, 556
1490, 4006, 566
-840, 5478, 28
-316, 5134, -2966
180, 6534, -3578
74, 7680, -7352
-50, 7314, -6292
-746, 8566, -7892
1966, 7274, -11212
-488, 6322, -7292
-270, 7302, -6452
298, 5282, -5542
12, 5472, -4636
-540, 2194, -4144
-102, 968, -1032
416, -3960, 2422
2518, -6664, 3082
3978, -5866, 2806
1354, -9392, 7426
2044, -11462, 5632
1856, -12140, 11740
2514, -14274, 10400
-806, -16822, 7568
6736, -13568, -2258
-2568, -13828, 7634
-2356, -12388, 9518
-186, -9652, 6248
*NOTE-2017.04.05@15:05:09 - 1
-1536, -8058, 6134
-1450, -6994, 7294
-940, -5758, 6286
-2848, -6864, 6126
-2672, -8170, 4980
-3638, -9518, 5802
-3584, -12586, 5496
-754, -14292, 7926
704, -16092, 5554
176, -14264, 8970
-54, -12972, 9072
2524, -11406, 6032
502, -5670, 9734
1216, -6670, 8640
-948, -3234, 9374
1242, -5516, 1912
-846, -2448, 1950
-242, 1594, 2374
748, 2384, -1244
808, 3572, -1304
1078, 2136, -5300
94, 4432, -7580
-1154, 5030, -11800
-904, 6592, -10218
834, 6864, -10344
1946, 5046, -11966
-442, 5702, -7300
-232, 6890, -5994
-644, 5248, -4664
-530, 3686, -4066
-728, 2696, -3280
-1158, -1146, 850
-1024, -3660, 4222
274, -5048, 3432
3310, -7190, 2822
932, -9614, 6408
924, -16572, 4770
6596, -10418, 7244
838, -17104, 10100
3954, -16004, 3274
-2736, -17262, 8450
-690, -12890, 8042
-2546, -10190, 8730
-4702, -8018, 10424
*NOTE-2017.04.05@15:05:11 - 1
-378, -4076, 5936
-3262, -4358, 9454
-3166, -4398, 7558
-3524, -8130, 4942
-3240, -9104, 6094
-2730, -11712, 4640
-1352, -14234, 6082
444, -13468, 8714
2340, -15146, 7620
1942, -12754, 10622
2932, -11958, 9272
-250, -10626, 14434
1708, -5752, 7350
-862, -6408, 2638
1814, -4756, 2070
1074, -854, 1746
966, 72, 2782
1160, 2806, -84
758, 4358, -822
-92, 6064, -1440
398, 5484, -3904
1918, 5886, -8520
-2884, 4780, -4672
2094, 10262, -10164
3238, 4360, -10740
-108, 9898, -7504
876, 6912, -9354
758, 5840, -5828
1074, 6022, -4908
816, 3040, -3260
918, 3136, -2398
1634, 100, -2714
-768, -2464, 774
844, -5338, 1672
2772, -7786, 5612
178, -8218, 3036
256, -10984, 6948
3618, -15156, 13640
5508, -18676, 146
-2686, -15878, 12944
6084, -15920, -1588
-5580, -14888, 9006
-6004, -11496, 10828
-3952, -9734, 7460
*NOTE-2017.04.05@15:05:14 - 1
-3394, -7044, 6662
-4262, -6086, 6114
-2902, -8026, 5692
-3982, -6330, 5370
-3758, -6774, 4246
-3926, -8568, 5502
-4978, -11628, 5238
-2508, -12626, 4862
-2232, -13992, 9416
-974, -15620, 7458
-122, -14088, 9038
1992, -12896, 7616
-1626, -11556, 4186
970, -5384, 6856
-1704, -8398, 6958
2742, -4496, 1104
520, -2296, 4720
-1286, -1182, 3628
182, 2496, 1068
978, 4620, 978
0, 5412, 352
792, 5340, -36
2220, 5020, -4970
2902, 5814, -6028
-218, 6694, -6786
1114, 7080, -7806
2814, 6558, -11780
1396, 6654, -8568
1698, 7518, -8642
832, 6208, -7302
496, 6580, -5038
394, 5994, -4988
522, 2708, -4190
-320, -1054, -3658
-986, -1692, 1510
-590, -6080, 3872
934, -8684, 548
2784, -9736, 6938
4356, -13944, 6692
1946, -12682, -1042
2986, -16326, 7818
-102, -23112, 3982
3166, -14746, 2392
-3420, -16124, 7414
-4334, -11458, 10426
-1438, -8474, 9262
-3408, -7918, 8576
-3162, -4582, 6590
*NOTE-2017.04.05@15:05:16 - 1
-2992, -5130, 5858
-4270, -6942, 5578
-3972, -8132, 5184
-3280, -10924, 4508
-2992, -13580, 6540
-404, -14314, 7254
1966, -15524, 5458
3034, -13922, 7658
1598, -12486, 8592
2368, -10950, 6238
5174, -6874, 4744
1534, -6982, 5500
884, -3292, 5384
1758, -1812, 4128
2164, -230, 1634
1778, 720, 2376
482, 2840, -204
132, 4398, 234
554, 5822, -3354
-950, 3892, -3660
810, 7290, -5496
-1036, 5530, -7350
-572, 6782, -8516
-1236, 8516, -8560
-524, 7564, -9424
-1138, 7410, -7468
-592, 6456, -5752
166, 5142, -5426
-238, 3848, -4360
-362, 2714, -3932
-1006, -1170, -736
-1030, -4412, 2240
2192, -8200, 1942
528, -8828, 5586
-782, -10812, 1472
4188, -11710, 6788
3864, -18604, 3150
-3226, -20470, 6156
1332, -16578, 10542
5358, -15550, 860
-5020, -13420, 10950
-3752, -7968, 10242
-4094, -8816, 7402
-3796, -5780, 8084
*NOTE-2017.04.05@15:05:18 - 1
-3128, -6256, 6112
-4148, -6348, 6880
-3470, -7822, 5888
-4080, -12152, 5554
-526, -12134, 7628
606, -16430, 7096
2732, -16840, 7932
3654, -15836, 5982
2442, -14144, 6816
2162, -10264, 8988
4262, -6510, 5528
-926, -13154, 4806
-2254, -2820, 7008
1024, -3786, 1652
404, 588, 2800
1018, 1898, -280
-1248, 3324, 562
694, 6658, -1924
1178, 4028, -3832
-212, 4202, -4988
694, 9050, -8238
-58, 4470, -10414
310, 9450, -9958
-266, 8646, -9708
-408, 6128, -10010
-400, 7424, -8164
-380, 6760, -5970
-880, 5182, -5026
-380, 4204, -4394
-276, 1596, -4360
-278, -2570, -4090
-1508, -4450, 3820
1044, -10206, 1838
3752, -10278, 3332
2682, -11530, 7716
2124, -16268, 8940
904, -17190, 3656
-1352, -17408, 7628
250, -16362, 4756
-1904, -13144, 4872
-4766, -13282, 7068
-7706, -8682, 7818
-10540, -4734, 10678
*NOTE-2017.04.05@15:05:20 - 1
-7716, -4974, 6218
-5720, -5068, 5008
-4166, -7248, 3560
-2332, -7850, 4204
-1570, -8160, 4010
-592, -8302, 3638
1420, -7518, 2350
1172, -6586, 2298
-368, -5430, 3864
-962, -5318, 4564
-976, -4688, 4056
-1838, -4486, 5562
-1916, -4036, 5820
-2448, -3724, 7054
-2044, -4538, 5846
-2158, -4694, 6418
-2248, -4944, 6066
-2420, -5182, 6116
-2598, -4842, 7026
-1786, -4862, 6318
-1484, -3768, 6966
-1742, -3808, 6030
-3016, -4204, 7152
-2876, -3364, 7256
-4398, -2622, 8402
-4478, -2728, 8390
-4856, -2718, 8656
-4556, -1888, 9244
-3282, -720, 7128
-1426, -2146, 6522
-1206, -2110, 5622
-1766, -3118, 4146
1550, -5258, 3972
3510, -5424, 4824
2308, -5982, 5244
4558, -7548, 6098
1742, -6478, 7258
4006, -9220, 9116
3382, -5162, 2952
2520, -3704, 5838
3454, -5582, 4724
3096, -4852, 4464
2490, -5508, 6088
2504, -4156, 5656
3030, -5254, 5778
2528, -4708, 6152
2408, -5004, 5238
2100, -4966, 5636
2218, -5210, 5144
2186, -4940, 6148
2060, -4986, 5804
2122, -4772, 5898
3130, -5066, 6442
2332, -4546, 5396
2382, -4834, 5594
1828, -5566, 5736
1174, -5366, 5682
2048, -5068, 5468
1722, -4912, 6764
2768, -4130, 5896
1658, -4666, 7382
1414, -4236, 5680
1032, -4876, 6370
1674, -5316, 5864
2020, -5904, 7708
3448, -6840, 8998
2192, -1418, 7680
1786, -2576, 8390
2222, -1800, 6728
2762, 3008, 5186
408, -2774, 5072
880, -1380, 4266
1458, -1854, 5020
1096, -3548, 5866
516, -3468, 5802
748, -4942, 6838
-76, -6498, 7488
160, -5094, 8094
-4984, -7178, 6638
-2498, -2934, 6964
-2462, -1532, 8316

-----------------------------------------------
Date: 05.04.2017 - 15:05:24
End log file
