Terminal log file
Date: 05.04.2017 - 15:07:51
-----------------------------------------------

%~>daq start

 DAQ started.
%~>quit
%~>-7960, 720, -178
-7596, 980, -158
-7300, 1156, -784
-7394, 510, 1514
-5860, 902, 2772
-6010, 1102, 940
-9924, -894, 2466
-7290, -770, -1032
-8664, -2582, -1056
-9706, -2160, 1348
-6530, -2814, -2298
-7662, -5630, 356
-6112, -4756, -202
-5264, -5690, -748
-5692, -5756, 594
-5062, -6612, 656
-6014, -6968, 1230
-5460, -6578, 668
-5698, -6590, 1368
-6480, -6090, 1580
-5258, -6214, 2990
-3428, -5618, -1956
-4530, -6384, 3390
*NOTE-2017.04.05@15:07:52 - 1
-3954, -6540, 2922
-3864, -6586, 2528
-3582, -6542, 3758
-3854, -6596, 4034
-2256, -8930, 4078
-3364, -7424, 3260
-2744, -8112, 2480
-2650, -7784, 1646
-3730, -7638, 3102
-2726, -7364, 278
-1092, -7024, 430
-424, -6116, -630
544, -5428, 910
-1860, -6544, -692
-5206, -8672, 2546
-7358, -9272, 3752
-6178, -9062, 1282
-5966, -6434, 4412
-4480, -7134, 2282
-3430, -7674, 812
-3640, -6594, 2152
-3128, -7384, 838
-2618, -7482, 1854
-2674, -7512, 2724
-2846, -5996, 4420
-2310, -6568, 4258
-1564, -7984, 4334
848, -7426, 2152
3300, -7540, 280
3166, -7270, 882
1794, -6876, 2264
780, -6590, 1994
164, -6818, 1072
-772, -7360, 216
-1442, -7356, 1830
-300, -8318, 66
-828, -7938, 1262
*NOTE-2017.04.05@15:07:54 - 1
-782, -8838, 3706
6000, -10706, 5868
-2342, -8782, 4822
-1070, -8074, -1266
-292, -6700, -2480
-2724, -7274, 872
-2166, -8108, 412
-2720, -8210, 3548
-4484, -8784, 7142
-2716, -10174, 7214
-836, -10708, 7740
-1978, -15100, 9870
142, -16308, 6064
980, -14342, 5938
1974, -13600, 4016
414, -11936, 7458
-3410, -7254, 9760
-3926, -5316, 7808
5674, -5068, -2188
-1284, -724, 2542
-1606, 1236, 3954
2928, 1164, -3822
14, 4006, -1972
-1580, 6140, -4494
-2970, 7828, -4366
-1414, 6900, -9840
378, 8816, -9394
-1472, 7264, -10152
-1842, 7566, -8318
-1580, 5752, -6662
-876, 5264, -4190
654, 2876, -6384
-2556, -2482, -2930
-2026, -4450, 4276
624, -4698, 5118
3448, -9674, -1926
324, -10638, 5758
700, -15796, 13242
2988, -11932, 1788
-514, -14272, 4504
-4860, -17608, 9662
-3534, -14810, 5546
-2248, -13846, 5892
*NOTE-2017.04.05@15:07:56 - 1
-7854, -14084, 15454
-2360, -6592, 9020
-3158, -8458, 7376
-4596, -9324, 6688
-2932, -2796, 6466
-6146, -12038, 6374
-2912, -14828, 7284
-140, -18632, 5760
2768, -17614, 7358
2312, -16122, 8468
-838, -14926, 10694
12384, -15384, -5328
-1646, -6608, 8114
2416, -2524, 2610
278, -1654, 1254
2464, -1370, 284
-500, 3532, 1658
1964, 436, -4560
342, 5398, -3130
-1706, 6820, -5368
324, 7746, -11518
48, 9370, -10880
544, 7952, -11374
-376, 6904, -6960
414, 6420, -7556
908, 5034, -5350
522, 2390, -4310
214, -16, -4510
-1804, -3382, 812
-2404, -4980, 150
2640, -8434, 5956
5130, -10568, 6290
1584, -13296, 4918
4408, -11378, 9042
3900, -16660, -1346
-464, -18062, 5970
-654, -18922, 3200
-2950, -14130, 7276
-6822, -12750, 13752
-2452, -7746, 11270
*NOTE-2017.04.05@15:07:58 - 1
-3978, -7712, 10642
-4248, -8500, 8736
-5154, -8036, 6928
-7674, -15294, 7534
-1634, -17166, 6750
3396, -19196, 4644
3344, -15548, 6604
2182, -13532, 6620
1716, -10530, 6860
3224, -7852, 5960
-1416, -4028, 9798
1468, -3368, 2488
2592, 486, 2330
1092, 674, 1052
506, 906, -194
924, 3470, -3632
-1014, 4702, -2866
-154, 6272, -8396
-492, 7444, -8166
-518, 6072, -10894
-1226, 6134, -9288
-884, 8944, -9180
714, 5960, -7414
1210, 5038, -5786
618, 2338, -4332
-200, 1408, -3908
-538, -2908, -254
-1344, -4660, 4452
2722, -5326, -2992
1566, -8000, 11316
3872, -14482, 5310
3860, -8836, 846
2094, -12590, 13368
5136, -17632, -306
-2940, -19600, 2214
-5974, -14992, 7736
-5598, -10428, 10852
-3192, -9156, 9134
-5622, -9702, 10258
*NOTE-2017.04.05@15:08:00 - 1
-3064, -6628, 8942
-2500, -6674, 6632
-5896, -10044, 7142
-5086, -10644, 6414
-4840, -15148, 4832
-760, -15744, 5528
1086, -16370, 7084
2526, -14346, 7848
3194, -12064, 7094
-372, -12900, 7824
2310, -6580, 7278
764, -6920, 7124
4582, -3136, 392
-912, 1504, 3488
1598, -72, -1898
390, 4114, 408
1080, 3610, -4680
918, 4780, -5594
110, 8304, -7576
180, 5490, -7050
-1962, 5100, -9176
584, 6640, -12394
-674, 7468, -7090
-1154, 7028, -5994
232, 5318, -6300
-744, 3484, -3506
-1046, 846, -3696
-302, -5954, -1128
-1188, -7310, 8406
1836, -8176, 1278
2966, -8860, 10362
2970, -14958, 5126
1692, -10432, 11238
2806, -17056, 5652
-906, -17414, 4078
-4146, -16934, 6588
-3270, -13518, 6898
*NOTE-2017.04.05@15:08:02 - 1
-10042, -13012, 12944
-1636, -2448, 8066
-3790, -8860, 7862
-3312, -7178, 5808
-4088, -7980, 8692
-5378, -12106, 6056
-3358, -13774, 2430
2240, -16896, 1046
1754, -19058, -1692
6272, -15368, -808
6786, -13228, 3428
4942, -11706, 6382
5382, -8882, 3148
-1948, -4698, 7682
2154, -7304, 2082
-2052, -1316, 2464
762, -3098, -3476
516, 2384, 768
414, 6090, 790
2756, 2166, -4864
1214, 5708, -3904
634, 8360, -4534
1714, 6296, -8044
1528, 8972, -11148
38, 7438, -9050
228, 7662, -6618
704, 5024, -5156
1054, 6290, -4858
-960, 1590, -2790
-742, -638, -1228
350, -3806, -1640
-938, -6246, 5190
854, -7894, 1186
-2296, -10578, 8040
6678, -12744, 10024
2536, -15738, -786
-4098, -14902, 15250
250, -18124, 1932
-488, -14516, 5136
-2340, -13592, 7440
-8952, -12434, 13584
162, -6224, 8078
-2528, -8278, 7500
-3520, -7270, 6850
*NOTE-2017.04.05@15:08:04 - 1
-3564, -8604, 5052
-4240, -10612, 5032
-2828, -12324, 3522
-1924, -14592, 7088
170, -16256, 4946
1696, -15134, 7320
1354, -13528, 9002
-1010, -12714, 8670
5452, -7444, 2146
-1522, -5294, 5698
2064, -1154, 2144
982, -166, 4390
2316, -1130, 114
2424, 3238, 940
1278, 2214, 2512
1914, 2968, -3184
1452, 2862, -6304
-3700, 8222, -5536
-1096, 8244, -8028
2956, 6132, -11694
736, 7026, -7230
2038, 5694, -10348
532, 6244, -6802
482, 6450, -4790
658, 4752, -4404
668, 2550, -3786
-578, 162, -3416
-1158, -4060, 1798
12, -2640, 998
1222, -9356, 1976
238, -11474, 11710
2300, -12424, 3720
3176, -11976, 2436
114, -18666, 6358
-10902, -23392, 7610
-3806, -14354, 7248
-676, -7146, 13226
*NOTE-2017.04.05@15:08:06 - 1
-8540, -15674, 8640
-2548, -8904, 6534
-4910, -7078, 7090
-3908, -5818, 8386
-3488, -6902, 6934
-5480, -10486, 7116
-2714, -12218, 4306
-3454, -14518, 6906
-440, -16522, 7504
2810, -17586, 8942
2290, -16728, 8336
984, -14558, 6946
2352, -12706, 626
818, -5086, 4464
5394, -5200, -3564
-1520, -2260, 3688
752, 758, 506
2890, 2380, -418
-196, 5060, -130
2382, 3576, -4278
1146, 5306, -4508
490, 8094, -7362
508, 7108, -6558
762, 8910, -6974
2636, 6066, -10286
914, 7988, -6958
756, 6818, -5920
1676, 5498, -5750
638, 3668, -3982
918, 3090, -3448
-44, -1636, 436
430, -2792, -824
646, -5402, 2068
2866, -10736, 11648
396, -10018, 522
2642, -9536, 4374
5298, -17276, 7326
-2390, -16908, 4908
-894, -16168, 11256
-1416, -17248, 4722
-3930, -8736, 11150
-3868, -9932, 8654
-1988, -6644, 8604
-3032, -6482, 8550
*NOTE-2017.04.05@15:08:08 - 1
-3108, -7016, 6950
-2554, -7276, 5436
-5218, -9918, 7678
-3734, -11258, 6252
-2130, -14394, 9042
170, -17656, 9860
2120, -18028, 7324
1258, -16052, 7084
242, -10522, 9690
3186, -5908, 5214
-5304, -6042, 11792
7022, -5410, -6596
3694, 112, 1482
-450, 820, 2552
758, 494, -534
632, 3808, -934
1610, 4610, -4274
-96, 5886, -6292
836, 6932, -8874
-670, 7568, -10242
460, 7664, -8428
870, 8320, -8268
966, 6332, -6480
-300, 5994, -4210
-8, 4762, -4272
174, 3572, -4456
-892, -122, -3926
-1572, -4588, 2360
-80, -4718, 1006
2408, -11140, 3440
920, -11278, 8862
3804, -13834, 7634
5012, -15482, 3624
-594, -15220, 11882
-4088, -20110, 5324
-1546, -16714, 5550
2398, -4554, 7016
-5070, -13984, 9194
-3670, -8516, 8802
*NOTE-2017.04.05@15:08:10 - 1
-3850, -7218, 7630
-4332, -5988, 7814
-3448, -5926, 6060
-4638, -9074, 5834
-5550, -11312, 6874
-3296, -14418, 8554
-852, -17360, 6814
2412, -17502, 7828
126, -17562, 5956
-268, -15862, 4086
-380, -12370, 3732
-514, -5976, 5744
-4616, -6598, 7372
4394, -2962, -578
1282, 2634, 3710
1800, -470, 3028
5032, 3104, -3476
430, 3164, -254
1032, 6702, -3046
-730, 5990, -5780
-340, 9000, -8094
196, 9616, -6754
2736, 6038, -10552
2032, 9616, -7454
2310, 5460, -7730
894, 7188, -4512
1318, 4760, -5162
1104, 2820, -4390
106, 796, -672
152, -2246, 2926
1990, -4966, -3338
-134, -7500, 900
-1658, -13972, 17514
3166, -13932, -3788
260, -13654, 7332
-180, -19052, 11286
-1968, -20992, 4460
-3160, -19898, 4744
-3012, -13862, 5108
-5392, -10072, 9578
-3578, -8662, 9330
*NOTE-2017.04.05@15:08:12 - 1
-2746, -5660, 7352
-3012, -5584, 6882
-4852, -7336, 6554
-4898, -9746, 4138
-4598, -11404, 7030
-1654, -14792, 6998
816, -17490, 8106
1698, -17560, 9804
1318, -16668, 7884
-266, -13330, 7790
720, -10818, 2850
2714, -4778, 3474
5096, -5132, -272
1554, 124, 2258
2362, -1842, -2248
-44, 2248, 916
2238, 4346, -2532
1614, 3004, -4420
-156, 6930, -5478
-1220, 6326, -6314
-798, 9558, -8148
-576, 4956, -8342
-668, 8466, -7956
1658, 7312, -7934
62, 6668, -4858
680, 5080, -4464
792, 3780, -4474
-174, 1774, -3574
-662, -1726, -888
-1426, -5592, 3712
1882, -7610, 5110
1570, -7382, -1756
74, -11412, 10640
5416, -15902, -2558
-3572, -15198, 6894
1830, -19890, 10578
-2664, -20214, 2552
-10000, -16280, 12872
-8516, -11634, 10438
-3878, -7950, 7146
-6198, -7492, 8448
-2624, -3182, 5832
*NOTE-2017.04.05@15:08:14 - 1
-6034, -6718, 7474
-6216, -8540, 6122
-5294, -10500, 3040
-4624, -14464, 5572
-532, -16004, 8498
1284, -19722, 8634
1050, -17922, 10374
-182, -16394, 8358
178, -12884, 6640
66, -7350, 5448
-1946, -7352, -232
-1636, -3220, 4728
2754, -2846, -832
-1176, 1758, 2130
2478, 3734, -2420
1620, 5568, -3138
1556, 3462, -5192
-970, 7184, -5202
466, 8202, -8950
-678, 6276, -10270
-858, 6424, -8216
1090, 7752, -7662
982, 5890, -6418
1280, 5306, -5084
614, 3396, -3964
12, 1450, -4538
-1460, -1770, -2066
-2086, -5306, 4384
310, -7722, 654
5046, -10202, -2596
-2372, -16088, 12260
-1934, -23888, 8906
3076, -22968, -2910
-5882, -19524, 12522
-4568, -16946, 6776
-6406, -14578, 6576
-6540, -11760, 10954
*NOTE-2017.04.05@15:08:16 - 1
-3578, -8186, 9302
-5438, -6228, 9162
-3556, -4608, 6292
-5380, -5966, 6216
-5914, -10150, 4800
-4036, -11502, 4042
-3200, -16586, 5418
12, -17882, 7434
1210, -19004, 8506
1084, -17294, 9002
-438, -14354, 7742
2130, -13494, 1304
-1738, -5670, 7168
-514, -7618, -526
178, -2270, 3340
-2188, -1262, 1258
376, 134, -1258
576, 7070, -2698
420, 4090, -2564
3828, 4326, -8122
540, 6238, -7240
52, 8172, -7898
1192, 10166, -9690
198, 7490, -9014
736, 7332, -9124
-352, 6496, -6014
-144, 5240, -3892
286, 3206, -4698
-78, 274, -3368
-1264, -3992, 1502
-182, -5074, -830
1232, -8600, -546
1442, -14014, 7128
388, -19236, 7368
1984, -18354, 5732
2556, -19560, 8994
-2908, -21546, 5806
-2480, -16032, 7496
-2952, -13950, 7516
*NOTE-2017.04.05@15:08:18 - 1
-6562, -8926, 10106
-4084, -8452, 7326
-4922, -7572, 7090
-4072, -4076, 6432
-4630, -6486, 4970
-6126, -10092, 6246
-4126, -12972, 5374
-1708, -15366, 7004
-570, -19376, 7418
2026, -16916, 7842
714, -16934, 8404
1546, -14052, 5204
1642, -12222, 2102
80, -6296, 7678
2836, -5884, -956
-754, -2778, 3874
788, -4090, 596
1050, 798, 552
408, 3506, 820
2060, 5530, -4010
474, 4440, -4512
-640, 7304, -6414
-184, 8164, -8520
-422, 6588, -8726
30, 7364, -8784
-106, 8362, -7582
128, 7050, -5194
242, 5046, -4214
432, 3502, -4644
-814, 342, -4044
-2060, -4112, 3572
-398, -3998, 1984
4426, -8828, 124
1722, -11004, 9444
-1260, -14362, 1792
328, -14350, 4484
1654, -18966, 3422
-5798, -20724, 7888
-2646, -16808, 5864
-4882, -15812, 5320
-9046, -10124, 11238
-2438, -7132, 6236
*NOTE-2017.04.05@15:08:20 - 1
-5122, -5486, 8816
-3972, -6728, 5692
-3678, -5184, 5778
-4810, -7068, 5366
-4154, -8200, 4310
-5364, -11974, 5432
-3412, -12690, 7200
-1644, -17446, 5984
-34, -17878, 8636
-90, -17606, 9870
2868, -14240, 6822
2958, -12020, 500
-312, -9914, 10144
-2766, -5678, 8520
396, -3650, 1920
530, -284, 2662
1918, 288, -1578
122, 5350, -378
634, 3378, -4332
14, 5238, -6334
110, 7840, -8654
42, 7622, -10494
-120, 10368, -9556
-1080, 7684, -9218
460, 5674, -7720
586, 4188, -5544
-20, 2080, -4092
-814, 324, -4064
-854, -3836, 2340
-658, -6296, 2810
1974, -7628, 5572
2280, -10988, 7302
1786, -12804, 4436
1054, -17756, 6184
-1572, -17808, 14528
*NOTE-2017.04.05@15:08:22 - 1
-1528, -18718, 5502
-1798, -16724, 6078
-2086, -16040, 4144
-5920, -12104, 8884
-4594, -8466, 8996
-3310, -4624, 8650
-4414, -7000, 6886
-2104, -1128, 8066
-5410, -11112, 4352
-5030, -12714, 5072
-2630, -14542, 7236
-2028, -19082, 9492
250, -20968, 5318
1428, -18480, 7876
1628, -15724, 7406
1102, -12290, 7664
2598, -5952, 6726
-4814, -7572, 8112
940, -3068, 860
1248, 3082, 2624
2530, 942, -920
-580, 3098, -530
614, 4172, -3964
-952, 5432, -5128
138, 8184, -8640
-116, 7584, -8662
-1284, 6660, -9430
440, 6796, -9486
-180, 8934, -7722
-316, 6028, -6208
-470, 4372, -4408
-378, 2058, -4176
-918, -272, -2158
-1588, -5894, 2136
-612, -8718, 3694
4402, -9164, 2336
1428, -12788, 8184
-700, -14610, 10218
1806, -17778, -854
*NOTE-2017.04.05@15:08:24 - 1
-4494, -17966, 12788
-5198, -18262, 6680
-6822, -13416, 9318
-9610, -12828, 8822
-7122, -7926, 6390
-7522, -8086, 5324
-3858, -4302, 3376
-4760, -5580, 4838
-4014, -8282, 5900
-1370, -7908, 3172
-3202, -8186, 7380
-2836, -9328, 4282
-1136, -7778, 2058
-1808, -7460, 3616
-2104, -6240, 2542
-2138, -5322, 3394
-2132, -5570, 3224
-2756, -5492, 2884
-2298, -6134, 2750
148, -4300, 5332
212, -5944, 6176
-832, -5670, 6268
-990, -7098, 5442
1780, -5484, 4536
1876, -8766, 8436
-1554, -5460, 8304
368, -4664, 7236
-286, -4222, 7490
456, -5794, 6890
1730, -5246, 6320
552, -3914, 7200
1926, -4110, 6568
-48, -4104, 5962
378, -4378, 5894
238, -4774, 7066
998, -3950, 5104
-68, -4316, 6954
550, -4238, 6630
836, -4572, 5778
230, -4864, 6748
1364, -4946, 5890
304, -4494, 6184
634, -3696, 5052
1768, -4334, 5360
-230, -5194, 7416
336, -4124, 6152
340, -4690, 6924
-526, -4354, 6320
1024, -4596, 6526
-46, -4798, 7070
586, -4248, 5914
70, -3678, 6226
-968, -5390, 7306
634, -4434, 5860
548, -3894, 5706
360, -4270, 6662
148, -4320, 6600
-242, -4538, 7342
150, -4582, 7108
80, -4268, 6632
20, -4760, 6932
-238, -4818, 6264
-462, -4452, 6662
224, -5226, 6890
-82, -5128, 6062
726, -4706, 5312
80, -5328, 6030
-58, -4938, 6412
-920, -6566, 7296
378, -8250, 7960
1612, -6626, 9664
1728, -3326, 5084
1588, -1196, 6498
-1590, -1002, 6440
-1476, -3120, 5508
290, -2688, 3210
-2844, -5896, 5596
-132, -7102, 4622
-372, -7286, 8350
4292, -6340, 4100
878, -1898, 9444
2126, -156, 2282
-6922, -1782, 7842
-5972, 382, 6656
-3408, -204, 6512
-5334, -986, 8580
-3922, 96, 5558
-4240, 28, 5996
-5504, 422, 3516
-6070, 272, 6028
-5856, -20, 5424
-6790, 1376, 6012
-5674, 2130, 3992
-5830, 3604, 3250
-6714, 4486, 3048
-5790, 5200, 3510
*NOTE-2017.04.05@15:08:29 - 1
-5722, 5052, 2502
-6272, 7232, 2780
-6216, 4940, 2718
-5594, 3880, 2200
-4952, 4826, 1600
-5464, 6450, 2038
-4942, 5098, 1820
-5750, 5176, 2354
-5526, 5546, 1840
-5748, 5724, 1824
-6084, 4994, 2006
-5696, 5328, 1482
-5688, 5470, 1878
-5890, 5248, 1676
-5702, 5224, 1548
-5654, 5384, 1554
-5672, 5326, 1676
-5842, 5270, 1956
-6442, 5070, 2598
-5438, 5470, 566
-5760, 5432, 1120
-5426, 5580, 1232
-6970, 5468, 2014
-4734, 4850, 780
-6194, 5344, 2104
-5896, 4954, 1912
-5822, 5172, 1270
-6082, 5170, 1856
-5752, 5048, 1366
-5938, 5082, 1680
-5586, 5088, 1280
-6194, 5284, 1436
-6106, 4700, 1982
-6526, 5380, 1764
-5140, 5260, 1614
-6028, 5166, 1960
-6108, 4690, 3564
-4682, 4628, 4048
-5616, 4984, 432
-6044, 4540, 3252
-6466, 5230, 2558
-4336, 4658, 3214
-7110, 5270, 3664
-5224, 4944, 3134
-5836, 4534, 2562
-5552, 5068, 1002
-5682, 5052, 3006
-6054, 4956, 2252
-4614, 3974, 2034
-6346, 4798, 3504
-6050, 4488, 3036
-5336, 5242, 2176
-5116, 4808, 3276
-5532, 4698, 2586
-6154, 5674, 1370
-5692, 5712, 860
-5332, 5468, 464
-6244, 5658, 1516
-5782, 5254, 1468
-5676, 5286, 1196
-5926, 5162, 1406
-5976, 5478, 1162
-5914, 5180, 1446
-5966, 5086, 1878
-5686, 5170, 1344
-5810, 5330, 1320
-5914, 5374, 1230
-5888, 5484, 1016
-5634, 5588, 554
-5586, 5560, -254
-6712, 5900, 1564
-6430, 3714, 3156
-4740, 5590, 1972
-6266, 4168, 3242
-5468, 5488, 1172
-6008, 4592, 2378
-6780, 5280, 3314
-4006, 3500, 3016
-6348, 5644, 2154
-5592, 3832, 4270
-5538, 5630, 1446
-6178, 5260, 486
-6268, 6042, 726
-6686, 4904, 1518
-5166, 5388, 268
-5930, 5320, 1544
-5658, 4838, 1462
-6212, 5352, 1398
-6098, 5124, 1276
-5642, 5300, 770
-6086, 5206, 1156
-5792, 5316, 788
-6146, 5230, 1404
-6226, 5028, 1800
-5592, 5420, 588
-6194, 5554, 1302
-5868, 5376, -34
-6042, 5772, 278
-6612, 5712, 3012
-5694, 4920, 652
-5560, 5328, 1112
-5160, 5132, -396
-6406, 5698, -118
-7064, 5088, 1890
-5352, 5062, 644
-6150, 5490, 1156
-6258, 5300, 894
-5690, 5524, 192
-5964, 5374, 718
-5944, 5344, 888
-5800, 5424, 536
-5776, 5402, 446
-5964, 5362, 738
-5862, 5394, 608
-6048, 5338, 1046
-5998, 5508, 1054
-5324, 5088, 264
-5950, 5576, 1092
-5514, 5530, -858
-7012, 4892, 1816
-5450, 5062, 82
-6154, 5498, 1110
-5970, 5298, 592
-5900, 5322, 728
-5852, 5296, 638
-5954, 5342, 670
-5962, 5306, 806
-6014, 5364, 750
-5978, 5368, 682
-5768, 5382, 114
-5986, 5446, 602
-5952, 5256, 756
-5868, 5362, 1004
-5856, 5252, 722
-5804, 4834, 2266
-5826, 5950, 526
-5462, 5142, -342
-5942, 5688, 242
-6450, 5374, 1282
-5468, 5240, 370
-5992, 5024, 1454
-6916, 4902, 2018
-5586, 5650, -262
-5932, 5308, 356
-6136, 5198, 1712
-6120, 5176, 1184
-5428, 5158, 774
-5734, 4814, 1844
-5702, 5764, 978
-5610, 5014, 148
-6436, 5230, 1844
-5806, 5164, 1304
-5710, 5194, 1264
-6052, 4670, 1962
-6012, 5560, 424
-5476, 5172, 194
-6422, 5276, 2026
-5718, 5218, 922
-5740, 5134, 1318
-6102, 5014, 748
-6094, 5906, 648
-5768, 4978, 554
-6008, 5462, 1090
-5830, 5240, 1296
-5664, 5286, 820
-5894, 5396, 1004
-5546, 4968, 1850
-6292, 5586, 586
-5398, 5088, 800
-6060, 5452, 1040
-5740, 5278, 828
-5972, 5210, 1094
-5956, 5300, 928
-5888, 5306, 1152
-5980, 5408, 1212
-5718, 5208, 974
-5948, 5318, 1050
-5898, 5268, 1036
-5906, 5258, 1132
-5910, 5222, 1242
-5754, 5420, 828
-5824, 5310, 1230
-5890, 5272, 1042
-5836, 5352, 1200
-5858, 5300, 1076
-5860, 5268, 1142
-5890, 5238, 1250
-5816, 5324, 1094
-5852, 5448, 806
-6032, 5262, 1322
-5706, 5256, 1082
-5876, 5390, 1198
-5894, 5252, 1224
-5862, 5382, 1190
-5810, 5340, 1152
-5856, 5268, 1344
-5800, 5362, 1148
-5912, 5358, 1180
-5798, 5272, 1080
-5876, 5346, 1324
-5686, 5296, 1022
-5950, 5304, 1418
-5762, 5470, 764
-6084, 5220, 1492
-5676, 5304, 942
-5876, 5406, 1290
-5838, 5244, 1092
-5832, 5352, 1112
-5760, 5362, 1202
-5812, 5316, 1270
-5824, 5246, 1252
-5898, 5378, 1202
-5830, 5258, 1234
-5858, 5328, 1114
-5834, 5286, 1418
-5862, 5258, 1194
-5874, 5284, 1424
-5824, 5286, 1038
-5890, 5404, 1178
-5824, 5254, 1448
-5842, 4924, 1676
-5726, 5574, 1086
-5852, 5286, 1252
-5612, 5152, 1102
-6076, 5334, 1466
-5792, 5360, 1206
-5972, 5220, 1410
-5724, 5288, 982
-5946, 5372, 1446
-5708, 5326, 802
-6168, 5150, 1828
-5740, 5252, 1046
-5950, 5272, 1286
-5814, 5210, 1208
-5854, 5202, 1334
-5894, 5378, 1126
-5686, 5258, 1180
-5936, 5296, 1454
-5808, 5240, 1144
-5930, 5424, 1412
-5722, 5212, 1116
-5924, 5274, 1442
-5846, 5266, 1262
-5712, 5180, 1228
-5780, 5274, 1414
-5822, 5348, 888
-5794, 5316, 1380
-5792, 5376, 808
-5818, 5216, 1566
-5568, 5336, 1040
-6318, 5276, 1744
-5666, 5172, 962
-5872, 5410, 1352
-5830, 5284, 1184
-5900, 5318, 1232
-5752, 5306, 1256
-5780, 5258, 1226
-5862, 5300, 1270
-5842, 5236, 1368
-5812, 5206, 1230
-5878, 5356, 1162
-5984, 5234, 1304
-5682, 5294, 1360
-5824, 5310, 1296
-6034, 5086, 1566
-5690, 5364, 1048
-5798, 5352, 1348
-5772, 5278, 1132
-5854, 5254, 1412
-5926, 5256, 1374
-5812, 5302, 1152
-5842, 5344, 1526
-5748, 5258, 1152
-5826, 5344, 1212
-5862, 5388, 1324
-5800, 4878, 1426
-5784, 5526, 906
-5842, 5172, 1230
-5846, 5126, 1948
-5934, 5544, 670
-5626, 5312, 1084
-5940, 5336, 1166
-5620, 5228, 1130
-6048, 5488, 1486
-5442, 5126, 1178
-5892, 5432, 1432
-5840, 5258, 1092
-5890, 5260, 1476
-5796, 5324, 1164
-5906, 5308, 1288
-5698, 5230, 1218
-5866, 5360, 1268
-5756, 5346, 1332
-5908, 5242, 1400
-5700, 5294, 1088
-5872, 5364, 1394
-5778, 5286, 1220
-5878, 5260, 1212
-5828, 5382, 1428
-5776, 5326, 1232
-5810, 5310, 1234
-5868, 5414, 1250
-5806, 5298, 1190
-5790, 5320, 1204
-5658, 5388, 1076
-5872, 5294, 1112
-5860, 5242, 1504
-5874, 5330, 1172
-5728, 5266, 1068
-6030, 5356, 1244
-5836, 5212, 1112
-5798, 5362, 1144
-5928, 5344, 1308
-5910, 5282, 1144
-5868, 5228, 1288
-5744, 5368, 1140
-5934, 5032, 1286
-5704, 5682, -294
-6396, 4948, 2362
-5446, 5642, 700
-5902, 5016, 1486
-5726, 5404, 874
-5846, 5284, 1226
-5916, 5302, 884
-5966, 5364, 1170
-5904, 4932, 1516
-5698, 5332, 1058
-5890, 5262, 1334
-5856, 5368, 974
-5726, 5194, 1116
-5784, 5198, 1094
-5942, 5496, 1316
-5866, 5172, 1138
-5890, 5218, 1294
-5808, 5298, 1060
-5974, 5258, 1224
-5738, 5458, 906
-5784, 5300, 1198
-5766, 5252, 1168
-5874, 5288, 1292
-5832, 5296, 1206
-5924, 5204, 1248
-5782, 5306, 1498
-5968, 5388, 1354
-5836, 5198, 1188
-5956, 5312, 1264
-5804, 5216, 1028
-5872, 5278, 1178
-5872, 5224, 1242
-5866, 5346, 1040
-5812, 5234, 1328
-5866, 5256, 1040
-5864, 5318, 1130
-5850, 5254, 1206
-5804, 5338, 1008
-5920, 5296, 1336
-5824, 5288, 970
-5898, 5196, 1608
-5828, 5350, 1096
-5888, 5246, 1238
-5884, 5262, 1158
-5810, 5192, 1096
-5904, 5334, 1142
-5878, 5272, 1194
-5848, 5260, 1156
-5902, 5260, 1164
-5946, 5220, 970
-5878, 5454, 1214
-5942, 4912, 1482
-5870, 5346, 1328
-5774, 5130, 1274
-5778, 5384, 1044
-5926, 5286, 1336
-5874, 5166, 1060
-5876, 5128, 1482
-6046, 5324, 1616
-5568, 5342, 562
-5702, 5260, 1284
-6076, 5202, 1550
-6066, 5280, 1436
-5664, 5280, 1062
-5960, 5158, 1342
-5528, 5500, 834
-5930, 5254, 1250
-5932, 5376, 1430
-5760, 5476, 1136
-5562, 5600, 1314
-5812, 5036, 922
-6126, 5420, 1302
-5100, 5408, 604
-5978, 5522, 1346
-5798, 5236, 1092
-5692, 5346, 890
-5650, 5370, 1122
-5466, 4978, -344
-6282, 5894, 1056
-5528, 5258, 880
-6160, 4868, 1750
-5596, 5096, 1132
-6558, 5406, 1374
-5382, 5128, 360
-6264, 5422, 1238
-5870, 4984, 1266
-5726, 5310, 920
-5902, 5338, 692
-6348, 5108, 1364
-5990, 5206, 998
-5980, 5188, 900
-5958, 5100, 964
-6096, 5224, 882
-5884, 5220, 706
-5952, 5210, 874
-5930, 5258, 838
-6090, 5276, 836
-6088, 4682, 1368
-5736, 5362, 1252
-6024, 4824, 1522
-6264, 5186, 1174
-5836, 5246, 848
-6016, 5110, 1108
-6318, 5204, 1250
-5766, 5082, 642
-6102, 5240, 1326
-5836, 5132, 932
-6162, 5436, 958
-6094, 4978, 1180
-6224, 5098, 644
-6398, 5312, 1442
-5818, 5012, 1120
-5952, 5386, 1206
-6132, 5644, 732
-5524, 5352, 770
-5480, 5394, 1112
-5706, 5072, 1348
-5800, 5802, 1658
-5634, 5604, 1438
-5476, 5250, 1460
-5840, 5326, 1436
-5786, 5506, 1142
-5640, 5388, 1580
-5764, 5036, 1884
-5720, 6008, 584
-5332, 5642, 72
-5724, 5376, 1810
-5774, 5264, 1556
-5794, 5892, 798
-6168, 5102, 2136
-5718, 5594, 1396
-5132, 4874, 1232
-5520, 5356, 1722
-5652, 5256, 2214
-5732, 5054, 2426
-5970, 5280, 2368
-5578, 5278, 1746
-5362, 5402, 1400
-5594, 5618, 1496
-5362, 5466, 1292
-5562, 5270, 1852
-5584, 5524, 1760
-5758, 5252, 1932
-5636, 5364, 1680
-5540, 5516, 1758
-5648, 5408, 1702
-5518, 5354, 1716
-5662, 5478, 1668
-5598, 5400, 1842
-5550, 5378, 1798
-5628, 5390, 1664
-5584, 5460, 1798
-5638, 5352, 1810
-5558, 5338, 1616
-5600, 5418, 1742
-5610, 5408, 1734
-5524, 5390, 1622
-5724, 5388, 1988
-5408, 5434, 1460
-5674, 5418, 1990
-5558, 5406, 1692
-5618, 5370, 1802
-5590, 5406, 1772
-5586, 5462, 1762
-5600, 5368, 1666
-5548, 5384, 1684
-5484, 5422, 1844
-5540, 5382, 1612
-5708, 5438, 1818
-5656, 5402, 1768
-5604, 5376, 1764
-5538, 5354, 1618
-5616, 5390, 1864
-5586, 5424, 1756
-5600, 5352, 1682
-5630, 5322, 1722
-5596, 5402, 1702
-5500, 5450, 1708
-5580, 5400, 1656
-5550, 5316, 1782
-5708, 5386, 1776
-5748, 5444, 1766
-5540, 5348, 1758
-5574, 5522, 1668
-5760, 5390, 1832
-5712, 5320, 2002
-5522, 5520, 1316
-5556, 5450, 1416
-5572, 5524, 1746
-5784, 5014, 2404
-6712, 5210, 1952
-7692, 5512, 798
-5228, 2996, 770
-4180, 830, 5258
-2670, 4790, 2526
-7600, 1022, 11394
-6422, 3754, 6822
-2536, 2130, 2962
-6460, 1190, 5334
-6062, 796, 6304
-5522, 1000, 6578
-6250, 512, 8178
-3816, 196, 5518
-5380, -1368, 8220
-5186, -1338, 6904
-3098, -954, 5622
-5890, -1270, 8832
-2832, -2056, 5578
-3174, -2602, 6540
-4078, -1988, 7138
-5472, -4240, 6654
-2708, -4868, 4132
-3200, -3464, 6064
-2244, -3132, 6730
*NOTE-2017.04.05@15:08:55 - 1
-2218, -3304, 7106
-904, -3268, 7042
-2178, -1932, 7654
-1328, -3464, 6758
-2008, -430, 6558
-1788, -3460, 7708
-5108, -2214, 9016
-3118, -1184, 7870
-1566, -3466, 6036
-1614, -4472, 6610
-2066, -3730, 6690
-1542, -4288, 6438
-1854, -3526, 7232
-302, -3088, 7160
-1474, -3010, 7520
140, -3636, 5594
452, -3616, 5450
-1068, -3840, 7558
-236, -3020, 6226
-1036, -4382, 6692
-552, -3862, 6240
134, -3830, 6298
-1810, -2902, 8312
-740, -2610, 6818
-1294, -4238, 6826
-1606, -3832, 7204
-2260, -4618, 7648
-2214, -5154, 7346
-1406, -5520, 6528
-1946, -5948, 6286
-1860, -6288, 5720
-2208, -6726, 5554
-2108, -6646, 5396
-1854, -6980, 4924
-884, -6940, 2526
-800, -5826, 838
-956, -5650, 2428
-408, -5578, 2188
-80, -7052, 1490
-1116, -9558, 2018
-1702, -8760, 3288
-1112, -6750, 2608
-1560, -7020, 4342
-2292, -7614, 3302
-2566, -8392, 4532
-1626, -7956, 4820
-1384, -8218, 4458
-1834, -7202, 4698
-1172, -7114, 2522
-934, -7254, 1334
-1400, -6706, 1304
-242, -7256, -1664
-614, -7784, -1578
-1056, -7694, 92
-98, -7772, -112
-300, -7916, -240
-432, -7994, 1518
*NOTE-2017.04.05@15:08:58 - 1
-158, -8484, 2142
672, -8738, 374
-1144, -7614, 2126
-2388, -9116, 2534
-1668, -7732, 2114
-1140, -8160, 1870
-648, -8270, 1776
-1356, -8156, 4204
-3232, -10296, 7328
-1264, -9642, 7582
-1000, -11620, 8588
-212, -15034, 7558
1176, -14308, 9910
1524, -13228, 8944
1836, -11050, 9012
2732, -9254, 4288
-3296, -7908, 11606
-1916, -3850, 6826
-592, -2432, 1410
164, -1570, 812
-1348, 2648, 1926
1010, 4748, -2610
1854, 4366, -5462
4, 7268, -5098
-1240, 6150, -6706
2354, 8484, -11982
238, 7698, -9290
714, 5698, -8338
596, 7898, -7416
-30, 3624, -4678
200, 4860, -3646
-150, 1002, -5232
-1326, -1666, 2402
-1358, -2730, 1850
2032, -7400, 4476
1218, -9774, 5654
1268, -10834, 8970
1190, -10500, 12732
-684, -16444, 3752
-2504, -13914, 8908
-2202, -16948, 8414
-3390, -16332, 6620
1400, -5174, 7704
*NOTE-2017.04.05@15:09:00 - 1
-2866, -9854, 9246
-1320, -7418, 7256
-4298, -7588, 7254
-3504, -5948, 6114
-4674, -7826, 5422
-4204, -10118, 4620
-3206, -12242, 6198
-1242, -12784, 8010
1746, -15928, 6794
2384, -16368, 8430
3390, -14198, 8784
34, -12884, 8606
7692, -9194, -756
36, -6578, 4214
-1696, -5596, 4816
1826, -810, 624
-152, -442, 2358
2158, 1064, -490
240, 4568, -3758
-1186, 4772, -2738
-1274, 6210, -5688
-84, 7012, -6892
358, 8324, -9458
1518, 6034, -10560
-356, 5788, -8616
1194, 6944, -8024
796, 5384, -5678
1046, 3896, -5458
338, 2430, -4806
-622, -402, -2686
-352, -2316, 4654
1974, -4200, 358
348, -7518, 3836
3574, -9128, 9482
1688, -11770, 3464
2238, -10278, 5532
3478, -15884, 7764
2184, -14004, 5670
-1826, -14564, 6390
-1080, -12496, 6608
-1818, -11022, 9546
-662, -10414, 8436
*NOTE-2017.04.05@15:09:02 - 1
-2822, -9028, 7996
-2994, -6130, 7702
-2466, -6112, 5874
-2590, -7140, 5848
-4414, -9884, 6662
-2014, -11658, 7698
-842, -14246, 10152
1780, -16156, 7998
3228, -15250, 8050
1830, -13620, 8392
1074, -10658, 10658
3764, -5894, 4940
-3710, -5808, 8754
1950, -2452, 2044
242, 2190, 2144
888, -184, -1448
1228, 4596, -388
408, 4082, -3776
1018, 5278, -6654
-882, 6580, -6774
-1078, 8274, -8400
1814, 6966, -11010
1838, 4196, -10886
3098, 6392, -7972
1160, 2126, -5438
1688, 2286, -4904
668, -1002, -3288
-2668, -3374, 4628
-2364, -4648, 6912
2610, -7418, 3584
948, -10412, -4998
478, -10656, 18256
1990, -16214, 7090
440, -14624, 5054
-2274, -16910, 6010
-1718, -15022, 6222
-3488, -14178, 7784
*NOTE-2017.04.05@15:09:04 - 1
-4502, -9566, 13856
-4040, -7500, 9546
-5748, -7162, 8938
-7276, -6444, 8630
-6280, -10196, 6152
-878, -10226, 5576
-4342, -16362, 11432
1842, -16468, 7228
1940, -14358, 8428
514, -13796, 6988
2004, -11152, 6090
902, -8190, 6374
2494, -5468, 4172
1090, -1606, 4450
1402, -992, 1794
1344, -1406, 942
1870, 3658, -1642
1092, 4218, -3070
1640, 3688, -4436
-276, 7246, -6038
1184, 7182, -8350
2134, 8402, -11082
1238, 5994, -9076
770, 6992, -6606
1980, 4980, -6324
1130, 4350, -4532
1320, 2978, -4718
-290, -334, -2214
-2036, -2024, 3148
836, -4974, 2160
2680, -7174, 7352
484, -7694, 8516
-2768, -8194, 7610
2120, -11882, 11304
-1776, -16676, 10516
-5570, -18990, 6100
-3564, -15952, 7356
*NOTE-2017.04.05@15:09:06 - 1
-4268, -13928, 8190
-17568, -12178, 19770
-3836, -7528, 9992
-3840, -6566, 6876
-3638, -7776, 6110
-4962, -6472, 3998
-7236, -10276, 7620
-6400, -11820, 8582
-4706, -15764, 6988
-1072, -17432, 4106
192, -15970, 8142
-344, -18086, 4178
4204, -18410, -8524
-1054, -5640, 9900
-730, -8866, 6552
356, -3576, 3596
1862, 550, 1740
792, 1104, 82
1326, 2952, 1206
612, 4506, -1624
3196, 2680, -5560
1166, 6622, -5426
2148, 6392, -6712
2390, 5910, -12064
-422, 8930, -11028
-678, 7456, -10436
-744, 7002, -7064
-116, 4306, -5070
-892, 2454, -2618
-1062, 280, -1394
-94, -2314, 2814
364, -5574, 6198
1228, -5198, 3054
252, -4932, 9682
3386, -12492, 7526
4804, -9792, -1200
1330, -17560, 6030
-1050, -12198, 4172
-4122, -17516, 7372
-3250, -14668, 5896
3116, -14616, -5242
-5754, -9634, 10406
*NOTE-2017.04.05@15:09:08 - 1
-4612, -7238, 8820
-2914, -6842, 6264
-4106, -7026, 5748
-4964, -10090, 5978
-2448, -10324, 5884
-1202, -11210, 4804
-3820, -15750, 12018
724, -16502, 6594
1278, -14938, 7990
630, -12336, 7978
-636, -11154, 7914
630, -7446, 5758
366, -3682, 8032
1958, -1200, 3202
2004, 924, 892
844, 376, 1294
1204, 1344, -486
1050, 4638, -1038
1520, 4526, -3462
856, 6190, -5556
1482, 7126, -8142
-420, 6322, -9962
1802, 9070, -8042
2000, 6934, -9242
1024, 5968, -6078
614, 5032, -4746
1060, 4212, -4854
-234, 698, -4806
-408, -2246, 2920
-80, -1132, 2080
2382, -7618, 1248
-518, -7358, 7902
-1326, -12516, 15686
8710, -12476, 2698
-3148, -11822, 5376
-2820, -11678, 12400
614, -14566, 2684
-7086, -14508, 9140
-6562, -10754, 9374
*NOTE-2017.04.05@15:09:10 - 1
-5862, -8962, 8102
-4848, -7396, 7244
-4486, -6422, 6194
-4408, -5798, 5746
-6500, -6892, 8274
-5824, -10822, 6454
-498, -10550, 3434
-6464, -16510, 12526
-1354, -16902, 6682
-924, -14976, 8994
-136, -13344, 9128
-15646, -4608, 24088
3066, -6358, 2698
-2232, -6188, 12332
3554, -1658, 2918
2590, -3522, 560
1158, 1444, 48
640, 2246, 1602
1378, 4262, -72
1960, 4558, -2650
1330, 6676, -3680
486, 5288, -5260
1202, 8708, -8670
746, 6614, -9272
430, 6724, -9416
380, 8248, -6772
1730, 7344, -6806
772, 5148, -5012
582, 4770, -3264
-374, 1624, -2294
248, -1010, 726
1416, -2922, 3048
2164, -4080, -1064
-1700, -6980, 5342
-358, -9228, 7014
7280, -13468, 7836
-914, -13586, -428
-3844, -8906, 17314
-2784, -12746, 6846
-3584, -13618, 4800
-5668, -11834, 9022
-2068, -8328, 5686
*NOTE-2017.04.05@15:09:12 - 1
-5404, -7176, 9728
-4990, -6842, 7454
-5022, -6098, 6658
-5418, -6758, 5328
-6196, -9444, 5044
-4138, -9622, 5596
-4308, -13730, 8524
-1676, -16126, 8984
478, -15698, 8012
616, -11794, 6432
-1722, -11448, 9078
770, -8870, 4836
-1434, -5774, 6150
5416, -3740, 982
122, 6, 4330
352, -4006, 1504
956, 954, -1022
1012, 3468, -2618
1622, 7106, 726
1776, 5968, -3792
2280, 4558, -6190
1506, 7612, -6952
1306, 7992, -7282
1556, 9362, -10342
302, 3940, -9586
922, 6320, -4288
1492, 3146, -6250
1450, 250, -2138
-468, -338, 260
-568, -2750, 5094
1564, -2630, -1118
3030, -9308, 10380
-1046, -9378, 3768
1624, -8894, 5140
4580, -10724, 12044
-764, -19252, 1004
-6240, -19242, 6848
-4328, -15610, 4670
-4580, -11158, 5454
-8352, -16496, 8250
-1976, -6694, 7060
*NOTE-2017.04.05@15:09:14 - 1
-3472, -7142, 8552
-3762, -5578, 8116
-5966, -7988, 7096
-5126, -9296, 4776
-6856, -11268, 7014
-4596, -14636, 5568
-2746, -16800, 6898
-1640, -16948, 7206
-554, -15114, 8700
140, -11910, 8182
4812, -7386, 2480
-2550, -7270, 7914
414, -4494, 1720
472, -2600, 3556
990, 946, 2714
-166, 1266, 1878
2342, 3614, -2398
1016, 3944, -3652
928, 5318, -4426
-24, 7138, -7988
336, 7592, -8264
308, 7162, -10450
1578, 7408, -9906
840, 7096, -7238
1252, 6156, -6034
656, 4068, -4470
974, 3594, -4890
-280, -324, -2554
-948, -4032, 2776
2044, -6100, 4826
3654, -5650, 862
-1234, -9254, 7854
2954, -11164, 6088
4152, -9440, 6840
-4122, -18568, 3566
-1700, -11790, 12180
-186, -13970, 4326
-7130, -13322, 7878
-4554, -11798, 5988
*NOTE-2017.04.05@15:09:16 - 1
-4316, -9770, 7574
-3490, -8738, 6066
-5060, -6930, 7128
-6234, -6460, 7206
-5178, -7556, 5282
-4506, -10662, 3704
-2264, -10958, 3590
-4564, -12378, 8086
-3876, -15288, 9366
-1554, -15128, 8208
-2088, -14338, 10248
-884, -12274, 8718
848, -10796, 6202
-606, -5842, 9794
-122, -7718, 3692
1164, -3484, 4064
368, -4338, 1942
-1816, 2336, 1540
488, 2716, -3118
-1816, 5200, -2120
946, 5610, -8972
-686, 7036, -10826
-810, 10328, -8376
844, 8680, -11736
1916, 5334, -10058
1504, 5938, -8232
1360, 4808, -5678
842, 3400, -3818
1138, 1568, -4344
-374, -1472, -1192
-3012, -4952, 3248
-444, -7388, 1906
1934, -8936, 13222
-1640, -8866, 6440
-602, -9720, 7698
-2252, -13324, 11170
-3150, -16230, 11370
-5360, -16148, 5628
-8392, -13308, 8928
-7548, -11070, 5636
-8560, -8796, 9358
-5830, -7648, 6780
*NOTE-2017.04.05@15:09:18 - 1
-5136, -5606, 6150
-5122, -5932, 6190
-5570, -8920, 4942
-4390, -9370, 4522
-3292, -11458, 5302
-4904, -14630, 8624
-1920, -14998, 9698
-1786, -16718, 8524
-96, -13572, 8762
-726, -12218, 8458
1958, -9862, 3056
-1260, -5532, 5402
5086, -3570, -680
-930, 532, 3618
498, -5508, -128
1026, 2466, -1494
808, 3290, -884
1770, 3634, -4754
346, 4666, -6406
-222, 9006, -9494
434, 8280, -13080
336, 7202, -10474
-666, 6604, -6916
1576, 6524, -7684
1030, 4460, -5368
450, 3650, -4030
-250, 684, -3822
-300, -2086, -678
-1584, -4614, 1180
1742, -9518, 4324
822, -10088, 8158
-674, -12270, 2218
3522, -9926, 8708
2048, -18378, 1388
-7850, -17920, 8840
-1712, -13386, 4776
-5462, -14398, 6270
-5760, -12980, 6402
-5026, -9684, 6766
-5700, -8042, 8560
-4824, -4844, 7284
*NOTE-2017.04.05@15:09:20 - 1
-3502, -5882, 5486
-3950, -5840, 4800
-6832, -10644, 6366
-5674, -12376, 6104
-2558, -14336, 6276
-2092, -18828, 8466
584, -19078, 6696
446, -16114, 9378
2284, -14086, 4104
5620, -11664, 698
-3530, -6916, 9182
4220, -8148, -2910
-1706, -2746, 2786
-1706, -5112, 1634
-212, 516, -986
-1326, 4534, -578
1392, 3656, -5472
-186, 6626, -7682
-450, 6920, -7610
312, 8188, -10732
300, 6434, -10408
-662, 7032, -8996
1258, 6342, -7394
1026, 4546, -5978
1100, 4070, -4402
-486, 148, -4976
-1096, -2988, 2348
88, -4732, 3212
4814, -5444, -4714
-1846, -8764, 9702
-1452, -16840, 16086
4772, -13774, 1296
22, -10584, 7468
-3180, -13328, 10290
-3798, -15196, 6824
-6262, -14126, 9290
-4252, -11478, 7304
-4964, -12668, 8296
-3928, -9018, 6820
-3910, -6056, 6550
*NOTE-2017.04.05@15:09:22 - 1
-3416, -6262, 6448
-3534, -8274, 4718
-3486, -8128, 4734
-4736, -11258, 6362
-2508, -14322, 5094
-666, -16786, 7778
372, -17962, 6958
-122, -16870, 7126
508, -14676, 6958
3722, -11074, 8250
5440, -7852, 2092
-1644, -6302, 6780
9266, -7638, -6878
848, -152, 2170
-2932, 654, 3502
3696, 4764, -3210
-398, 3098, -522
1456, 3878, -5218
-80, 5106, -9180
-2418, 8712, -9920
-1436, 7534, -7238
1952, 5744, -13598
2412, 7468, -10426
436, 5582, -6256
1036, 4662, -5098
1264, 1872, -5248
444, 1242, -4256
-1602, -4824, -1116
-1390, -5372, 1310
2386, -9508, 644
1330, -12200, 11068
-1622, -15958, 3224
-290, -15410, 8460
-2500, -20512, 8302
-6964, -21344, 6642
-5080, -16780, 7914
-604, -17504, -3666
-5972, -8894, 9664
-6104, -7974, 8502
*NOTE-2017.04.05@15:09:24 - 1
-5304, -6884, 5716
-320, -2526, 6208
-5028, -8024, 6302
-4830, -8894, 5956
-3696, -13816, 4196
-2660, -17030, 7414
2802, -20430, -796
5526, -14780, 4526
2376, -15686, 8964
2878, -14766, 1984
1500, -11692, 2842
-564, -5770, 9710
-960, -8824, 5204
1432, -3774, -502
10, 160, 1930
804, 2886, -654
1170, 2576, -2306
936, 4202, -3868
1890, 4522, -6564
486, 6284, -8764
1086, 7496, -10250
-336, 6426, -8494
1040, 5986, -10726
430, 6764, -7426
168, 5126, -4516
-68, 3438, -5194
312, 1386, -3896
-624, -2958, 1670
-2618, -4662, 5166
874, -6298, -788
238, -8814, 8112
-766, -14978, 11700
1942, -12830, 2070
78, -13838, 11892
-3114, -19104, 4304
-8688, -15958, 9212
-7286, -13676, 8750
-7936, -11094, 10836
-5756, -7914, 7860
*NOTE-2017.04.05@15:09:26 - 1
-5772, -6196, 9132
-4910, -5714, 6970
-5946, -5580, 7440
-6710, -8152, 5404
-5814, -10084, 3058
-4702, -12756, 7548
-3066, -16892, 8844
-584, -17440, 9640
-268, -17404, 8978
-170, -15462, 8210
1490, -10800, 4272
-2252, -6496, 8522
-454, -8598, 1990
1792, -442, 466
282, -1540, 1486
1082, 3624, -432
2066, 1808, -2800
1258, 4390, -3856
410, 4856, -5072
1268, 7740, -7306
-488, 9076, -8438
1384, 6204, -10256
458, 8666, -8854
1270, 7222, -8456
238, 6642, -6064
222, 4846, -5142
-428, 3090, -3620
-534, 756, -2746
-194, -2862, -4850
-552, -5656, -530
196, -10974, 2914
552, -10548, 12076
-446, -16314, 8258
500, -18288, -1276
-6074, -19696, 12544
-4076, -15082, 8740
-4678, -14036, 8416
-4800, -11738, 6514
-6938, -10174, 7030
-7404, -6036, 7132
-4552, -5342, 2100
-5572, -6232, 4440
*NOTE-2017.04.05@15:09:28 - 1
-5680, -6640, 3174
-2654, -3986, 3696
-2172, -7542, 2968
-4792, -9468, 3368
-1632, -7700, 2534
-2468, -8968, 3342
-626, -8166, 1808
-52, -7046, 3326
-610, -6650, 3876
-1640, -6540, 3196
-1450, -6038, 2668
-1964, -5446, 3858
-2728, -5924, 4050
-1700, -5474, 4006
-2074, -4834, 3716
-2162, -6144, 4860
-1560, -5564, 4632
-2276, -6078, 5072
-780, -5592, 6040
-1044, -5704, 5228
-910, -5474, 5772
126, -7036, 5342
-652, -5910, 5530
854, -7688, 6834
-954, -4384, 7936
-834, -5510, 7558
-744, -4890, 5892
3204, -4296, 4628
-40, -4290, 7362
1118, -4154, 6350
1854, -4432, 6000
972, -4362, 4776
1718, -4968, 6500
532, -5170, 6324
1340, -5502, 6504
1584, -3878, 7562
1590, -5076, 5540
2252, -4334, 4574
1848, -5102, 6194
1866, -4898, 5628
1524, -5302, 4168
2592, -5498, 6908
1056, -4988, 6328
1656, -4488, 5342
1468, -4326, 5436
1600, -5244, 6536
1548, -5296, 7236
1270, -5728, 6212
1008, -4814, 5630
1778, -5240, 6346
1228, -5434, 6472
2232, -5528, 6570
920, -5156, 6122
1602, -5274, 5746
890, -4980, 6066
874, -5186, 6042
918, -5306, 6228
524, -4962, 6630
1810, -5252, 4796
202, -5472, 7192
-948, -5970, 7794
1680, -6998, 9884
3412, -6168, 9564
5134, -4880, 8254
1786, 440, 3826
-1898, -1080, 7470
1382, 1042, 3548
746, 3216, 3888
1254, -862, 4438
126, 112, 6248
94, -1472, 6068
-978, -2458, 9318
-828, -4204, 7222
-1614, -5334, 8400
174, -3890, 8984
-976, -3138, 7484
-784, 2162, 12526
-1712, 1224, 9362
-2930, -3886, 6508
716, 3778, 5326
-3730, 296, 8332

-----------------------------------------------
Date: 05.04.2017 - 15:09:32
End log file
