Terminal log file
Date: 05.04.2017 - 15:10:10
-----------------------------------------------

%~>daq start

 DAQ started.
%~>quit
%~>-7362, 164, 2482
-7558, 220, 2654
-7678, 226, 2870
-7112, 108, 2430
-6840, 286, 2314
-6352, -16, 3250
-6906, 416, 2876
-9434, 312, 4730
-6492, 1118, 3928
-5400, 808, 316
-7528, -390, 3664
-6590, -700, 1226
-5824, -2118, -506
-8598, -3312, 3302
-5904, -6988, -1746
-5810, -6714, 314
-6902, -6534, 2148
-4372, -6826, -36
-5224, -7124, 252
-4872, -6994, 1226
-4936, -6646, 1248
-4940, -6610, 2226
-4980, -6244, 696
-6200, -5792, 2104
-4368, -5898, 858
-4782, -7288, 1628
-6052, -5328, 1892
*NOTE-2017.04.05@15:10:11 - 1
-3820, -6606, 1652
-2952, -6118, 2190
-3546, -6610, 3196
-3248, -6598, 2868
-2638, -6746, 2822
-2010, -8498, 2492
-3552, -7694, 2012
-1864, -7906, 1184
-3762, -7898, 3402
-4034, -6962, 3812
-3338, -7184, 1964
-1252, -6534, 1336
-1358, -6098, 972
-982, -5344, 812
-3302, -6718, 3248
-5220, -9584, 3810
-7224, -8098, 4262
-5376, -7332, 3324
-3024, -5558, 520
-3032, -6582, 932
-4104, -7868, 2076
-3208, -7058, 3802
-3476, -7228, 4756
-2112, -7376, 2732
-1738, -7144, 2896
-1668, -7212, 2618
-1882, -6964, 1412
-1412, -7022, 1462
-2070, -7120, 1576
-2352, -8102, 1964
-2188, -7898, 3438
-1602, -7562, 3468
-3528, -8572, 6840
-3658, -8630, 5014
*NOTE-2017.04.05@15:10:13 - 1
-5262, -11914, 8650
-2604, -14526, 9134
-1646, -16960, 8510
-1080, -14698, 8650
-1648, -13398, 6602
1074, -10060, 4370
-2732, -8404, 6822
-1314, -4334, 5394
-446, -2778, 2994
1718, -454, -1254
666, 1506, 640
1046, 4586, -974
2126, 3210, -3960
-432, 6174, -5916
-320, 6838, -7232
1498, 8628, -12152
1590, 8938, -10910
1496, 6330, -11014
400, 6780, -5438
586, 4018, -5310
1334, 3606, -4664
-400, 200, -420
-640, -1160, 818
550, -4206, 6832
2574, -4264, 3532
-756, -6952, 1508
-572, -9342, 8800
4822, -10546, 13492
-1592, -10456, 916
-2952, -12040, 10496
-1670, -15530, 3212
-5630, -15578, 5888
-6748, -11902, 7532
-6612, -7900, 10254
-5786, -4916, 9252
*NOTE-2017.04.05@15:10:15 - 1
-4364, -6758, 7014
-5698, -6260, 6566
-7436, -8208, 7052
-4342, -9246, 4608
-3618, -14410, 4878
-3962, -16276, 9068
-1098, -17022, 8532
172, -15758, 7210
1500, -12322, 7538
-218, -10782, 8184
1146, -7910, 2520
2642, -5658, 1106
-2194, -3484, 4620
-1598, -3206, 12
-458, -68, -1472
-450, 3782, -4992
-132, 5546, -7452
-756, 8298, -7082
528, 8414, -11588
1620, 7818, -10462
-256, 7862, -8360
1366, 6096, -7572
332, 4172, -5334
-160, 1506, -4726
-1672, -570, -2162
-402, -1748, 2990
2720, -4140, 2484
2522, -7452, 4158
1038, -11046, 15408
-1764, -10348, 3704
48, -7108, 9294
-1702, -18376, 7182
-9778, -22598, 4856
-7004, -17756, 8448
-6814, -14382, 6038
*NOTE-2017.04.05@15:10:17 - 1
-9884, -9302, 13466
-4020, -6650, 8376
-3280, -6332, 7154
-2770, -6222, 5372
-5146, -7162, 6162
-5736, -11258, 6418
-5192, -13870, 7038
-2028, -15422, 8204
-2742, -21450, 6974
972, -18588, 6696
118, -16724, 6312
342, -14070, 4874
24, -11150, 7760
-1840, -5824, 9244
1772, -4964, 2782
-920, 228, 4194
-690, -1092, 218
-924, 2886, -976
1044, 2576, -5872
-1750, 4958, -6988
-966, 7588, -12422
426, 8718, -12180
1390, 8478, -11882
290, 7790, -9650
50, 6272, -8598
-58, 4496, -6096
-464, 4232, -3984
-804, 792, -3394
-14, -2250, 794
1204, -3880, 2552
1702, -4118, 4602
6418, -8836, 5568
1542, -10962, 5978
-484, -10464, 5158
5026, -12812, 12616
-1044, -18566, -2360
-7586, -15746, 9174
-140, -13638, 1678
-6168, -14546, 6080
-950, -11544, 1050
*NOTE-2017.04.05@15:10:19 - 1
-3596, -10108, 6042
-4958, -7376, 10832
-3572, -6342, 6628
-3082, -6080, 5512
-5912, -7432, 5968
-5152, -9682, 4986
-5490, -13750, 6830
-3414, -15996, 9984
-1222, -20328, 6534
1456, -17698, 7326
-2, -15732, 6912
436, -12676, 7226
682, -10638, 6734
-242, -8428, 2988
-1452, -4914, 2850
928, 528, 2458
2854, 2774, -2940
1084, 2342, -1396
2198, 5730, -4818
252, 5956, -4534
-1246, 6860, -5482
-2018, 9210, -4492
526, 6874, -9478
1196, 9702, -9326
1362, 7646, -8900
544, 6846, -6394
206, 5680, -4572
142, 3616, -3842
36, 1950, -4284
-560, -2370, -2534
1120, -2126, 3190
5626, -5658, 2898
4110, -6492, -2518
-1620, -8696, 6466
504, -14826, 4732
11248, -5766, 13842
3478, -22264, -2274
276, -16836, -786
-9736, -17098, 6300
-5062, -13620, 7596
-4354, -10902, 11166
*NOTE-2017.04.05@15:10:21 - 1
-2080, -10962, 6158
-1918, -7800, 8236
-4854, -6858, 8200
-6286, -8696, 7020
-1868, -6972, 1638
-7694, -14482, 5280
-1610, -13568, 3608
802, -16014, 8390
3778, -18288, 4086
3556, -15858, 5864
2182, -14010, 5752
2668, -10512, 4850
2052, -9010, 5220
2552, -4948, 4478
68, -4112, 4920
4278, -582, -688
1002, 2144, 1646
1426, 2282, 1026
1440, 4122, -1236
1512, 2642, -5116
-4320, 7896, -3400
-4166, 5852, -5586
1298, 8310, -14642
714, 7394, -12916
-948, 7240, -8446
174, 6622, -7852
368, 5410, -5570
-894, 5436, -3024
-938, 1840, -3826
-364, -356, -5064
-1238, -4400, 2740
1920, -4866, 3322
2158, -8706, 5760
2698, -9292, 13350
2308, -12310, -1558
2526, -11244, 11404
2266, -21764, 6160
-4468, -14254, 5706
-654, -13584, 6824
*NOTE-2017.04.05@15:10:23 - 1
-3694, -14272, 4780
-6774, -12176, 8358
-6704, -8270, 9984
-4040, -7208, 7130
-3406, -6730, 4988
-5062, -5894, 7242
-5400, -6148, 6390
-5566, -8408, 4596
-4518, -10870, 4808
-3676, -13878, 9110
-1980, -17404, 7590
750, -15204, 8460
-878, -15256, 9444
-42, -12512, 7790
296, -11106, 6328
-1516, -7042, 8506
3164, -7200, 2526
150, -2132, 2594
448, -4200, 708
-30, 660, 1754
1076, 2588, -2980
880, 4308, -4212
152, 5730, -6678
-900, 7422, -6952
244, 8680, -9738
1430, 8116, -9720
-272, 7512, -8748
40, 6792, -6438
402, 7330, -3682
292, 3122, -3972
804, 1912, -2700
160, -2472, -878
2102, -790, -150
792, -6708, 5332
-466, -7840, -396
-54, -8442, 10412
8590, -15484, 7668
5120, -13650, -2346
1160, -14616, 13888
-2142, -20460, 3044
384, -15822, 2146
-4338, -13238, 10414
-2690, -11608, 5404
-3800, -8904, 9640
*NOTE-2017.04.05@15:10:25 - 1
-3606, -6846, 8286
-3998, -6726, 6344
-3732, -8536, 6286
-2706, -8480, 4076
-1056, -10732, 4880
-1762, -13234, 6674
-266, -14762, 9324
2102, -14736, 9270
38, -13322, 9334
-1778, -12094, 10670
2722, -9736, 3310
-2882, -8448, 8026
2046, -6306, -572
396, -2916, 3260
-348, -972, 4074
920, 528, 894
2372, 3366, -1186
1246, 3270, -4290
-622, 5592, -5274
-1010, 7346, -8194
-360, 7974, -11274
-818, 5728, -8882
0, 7002, -8992
1040, 7088, -7342
394, 5930, -4148
-238, 3850, -4376
6, 2732, -3276
-746, -1404, 2036
870, -2582, 1400
2798, -4828, 2782
2200, -8470, 5726
784, -9024, 2434
2272, -11368, 8294
2940, -14472, 11568
-3352, -20022, 4552
-288, -17246, 2904
-3756, -18370, 4262
-6752, -16010, 7998
-5928, -9070, 11296
*NOTE-2017.04.05@15:10:27 - 1
-3426, -8400, 6414
-4630, -7114, 7948
-3866, -5150, 7316
-3896, -5948, 5808
-4630, -7376, 5308
-3964, -11982, 3934
-2426, -12112, 7212
-3366, -18154, 7692
-72, -17720, 7380
-188, -16556, 8286
538, -15530, 6448
2494, -10092, 9538
5790, -6888, 2296
828, -6958, 5444
5324, -4260, 140
-386, -1850, 5102
2316, -3446, -774
-1232, 3388, -1562
-242, 3928, 142
3010, 5840, -4960
1710, 4806, -7362
-1156, 8382, -5730
96, 8932, -9484
1518, 9976, -9236
570, 7982, -7320
1558, 7154, -6472
164, 5974, -4042
80, 4830, -3350
478, 3786, -3930
-472, -1410, 976
374, -2956, 996
1858, -5436, 3366
3484, -9062, 8970
728, -9272, 736
3008, -11942, 9116
4754, -14066, 11882
-1904, -20694, 2728
-3714, -17024, 6806
-6442, -14926, 8330
-6872, -14444, 6980
-8828, -8978, 11506
-4526, -6726, 6672
*NOTE-2017.04.05@15:10:29 - 1
-5214, -6028, 7804
-4270, -5436, 6048
-5532, -7546, 6386
-5108, -10412, 6298
-5886, -12882, 6546
-2308, -14578, 5684
-2536, -16696, 8142
-1072, -16270, 9188
216, -15178, 8106
-878, -12932, 8568
-198, -11150, 4882
2036, -5236, 6058
4100, -4636, 378
-1980, -3568, 3948
1816, -4670, -370
836, 2894, 1332
1840, 926, -2118
994, 4600, -3502
-1238, 6024, -3352
-838, 7224, -8608
-360, 8132, -8752
156, 10850, -9048
210, 7096, -11056
-736, 6582, -5632
6, 6624, -4842
856, 2862, -4058
-134, 570, -790
262, -760, 390
1534, -4060, 2486
1194, -6674, 5664
48, -6154, 1506
2246, -8884, 6292
5570, -16886, 6962
3652, -9594, 922
1090, -14892, 10928
-4462, -21050, 1734
-4946, -17876, 6932
2764, -8316, 3880
-8298, -15332, 9600
*NOTE-2017.04.05@15:10:31 - 1
-3408, -6698, 7510
-3558, -6922, 5244
-6078, -7224, 7634
-4256, -6434, 6338
-4430, -8866, 5960
-2130, -10942, 4770
-3010, -14758, 8048
-220, -18588, 8006
1686, -18296, 9388
1358, -16436, 9754
1960, -14904, 2616
3862, -9570, 4472
-5036, -6852, 10214
5558, -4528, -6588
946, -788, 996
564, 1100, -202
-220, 152, 956
886, 6456, -4212
796, 3668, -5112
34, 7338, -7704
-672, 6050, -10404
140, 6972, -9122
-18, 7608, -9236
306, 7808, -9012
-550, 6804, -5610
-792, 5444, -4364
-258, 3390, -3552
-138, 1202, -2828
114, -2692, -3586
-130, -3780, 3312
2248, -7464, 6590
1014, -6806, 8282
2970, -11016, 5194
3150, -10958, 7676
1956, -11940, 3674
-1452, -12900, 8100
-5246, -15326, 7892
-3710, -12766, 6338
-5498, -12860, 6548
-2460, -10136, 5436
*NOTE-2017.04.05@15:10:33 - 1
-5200, -6390, 7498
-4986, -7540, 7198
-4374, -5406, 6536
-4686, -6418, 7038
-4390, -8306, 3850
-7300, -12144, 9118
-3136, -13658, 8338
-2506, -17292, 9028
-896, -18162, 7990
-556, -15958, 8044
-252, -13336, 8808
2866, -11332, 4782
2632, -6174, 4632
3320, -6346, 1784
-1902, -3924, 5142
842, -1650, 308
-32, 1462, 242
962, 2968, -252
1850, 4666, -4998
-28, 5012, -6394
-864, 9170, -7774
258, 7840, -11428
928, 8638, -11510
-746, 7224, -8390
378, 5870, -7414
864, 5060, -4490
506, 3028, -4440
236, 1302, -3748
-718, -4464, 1262
460, -5838, 492
370, -6948, -814
-1288, -8548, 10658
4686, -14710, 5926
-4286, -13608, 6492
-572, -15358, 9620
-3110, -16650, 6728
-7000, -15808, 8744
-6642, -13630, 10464
-3648, -5330, 10692
*NOTE-2017.04.05@15:10:35 - 1
-2434, -7230, 6088
-4620, -7546, 7516
-4592, -6234, 7402
-4134, -6492, 6886
-6208, -9032, 6620
-4876, -10422, 7974
-5124, -14318, 9164
-1032, -16212, 7264
-792, -17340, 9728
-396, -15140, 9762
164, -13832, 5046
3682, -6698, 4904
-4692, -7664, 10878
3984, -3770, -1304
1990, 646, 244
3454, 3194, -2408
876, 3332, 496
1454, 4190, -2222
3102, 3976, -7034
-1060, 5546, -6912
-1138, 7710, -7356
-1090, 6000, -10478
-102, 7024, -10680
-514, 7918, -9498
-1112, 6826, -6448
364, 6194, -6198
-284, 2416, -3762
-358, 3350, -4064
-406, -1898, -3660
146, -5714, 1220
1048, -7582, 5352
454, -7950, 6652
-238, -8866, 6032
5004, -13620, 9896
-1154, -13686, 7066
102, -15672, 12130
-3434, -18256, 5336
-5966, -15060, 8852
-4840, -12418, 9032
-6790, -7886, 11664
-4614, -7512, 10466
*NOTE-2017.04.05@15:10:37 - 1
-3814, -5998, 8504
-3818, -6930, 5914
-3976, -9500, 5584
-5150, -11054, 6768
-2516, -12626, 5246
-2108, -15106, 8572
-106, -15420, 8266
52, -15018, 9684
-188, -13048, 8186
1312, -11162, 3930
-552, -6906, 9202
738, -6738, 4424
-92, -3702, 4266
550, -722, 894
960, 2278, -472
640, 1840, 1322
724, 6150, -2180
1144, 3684, -5708
-1572, 6430, -4894
-962, 6846, -7658
534, 8130, -11924
-320, 7324, -10856
-874, 7096, -9464
-1154, 6936, -7408
-754, 4836, -5620
-752, 5164, -3876
-1094, 728, -3716
-420, -2034, -3094
8, -5418, -138
3202, -6916, 3272
1532, -11098, 7184
-280, -9926, 5742
2954, -10906, 8276
1842, -13394, 7764
-1956, -16794, 5942
-2088, -16814, 5250
-6430, -14592, 8822
-6306, -13658, 6718
-6602, -7248, 8888
-5738, -6412, 7904
*NOTE-2017.04.05@15:10:39 - 1
-5812, -5614, 7508
-4146, -5958, 5256
-3788, -6176, 6036
-4844, -8994, 5322
-4740, -12254, 6148
-4206, -14774, 7156
-1360, -17278, 6636
-450, -15716, 8702
-1910, -16648, 9252
-1022, -13546, 6882
2338, -11002, 572
-4356, -8268, 11172
2538, -7700, -764
-3474, -1804, 8174
4350, -3956, -4760
-248, 2222, 3222
670, 2134, -3658
778, 4710, -2834
1302, 4650, -6830
316, 6878, -6902
-1800, 8740, -8230
254, 6986, -10996
-840, 8186, -9006
-824, 7770, -8196
-900, 7170, -6094
-146, 5308, -4728
300, 4030, -4334
-62, 514, -5252
-830, -5396, 618
634, -5974, -962
1856, -7336, 2650
-514, -14390, 11936
-798, -13650, 4280
118, -10824, 6640
-1136, -21416, 6916
-9028, -20554, 9320
-6812, -15878, 6656
-8944, -12294, 9394
-7788, -10036, 6926
-5446, -6896, 9820
-5190, -6622, 6240
*NOTE-2017.04.05@15:10:41 - 1
-1704, -3168, 4170
-5574, -7348, 5792
-5328, -7278, 4250
-6820, -10202, 5754
-5380, -11488, 5370
-3162, -14870, 5738
-2504, -17782, 9572
136, -18572, 8708
1940, -16302, 10104
348, -14664, 10948
5138, -10674, 4088
1966, -8156, 7782
-690, -6664, 244
-1482, -2726, 2230
-1286, 1666, 1274
-1690, 2220, 102
1310, 3906, -5216
-1596, 6076, -5226
-1912, 7896, -4650
-1352, 8786, -10902
-92, 4958, -9078
-158, 7608, -10884
606, 7296, -6334
438, 5054, -5668
1688, 5700, -4024
282, 2678, -2696
1266, 648, -3462
-32, -1978, 1040
994, -3738, 5204
3704, -3960, -2028
912, -7660, 12724
1482, -9524, 7128
938, -9118, 7440
56, -10036, 10164
-3142, -14926, 6884
-3058, -13816, 6070
-5250, -13644, 5564
-6974, -10664, 7608
-6090, -12320, 1010
-12102, -6698, 13188
-5498, -6174, 5248
-6992, -5902, 6800
*NOTE-2017.04.05@15:10:43 - 1
-4784, -6734, 4036
-5378, -5592, 5330
-3060, -7498, 2716
-3504, -6962, 3518
-3582, -7294, 3100
-2316, -7016, 1748
-3032, -7668, 2088
-722, -6648, 1522
-1548, -6028, 2388
-1322, -6194, 4836
254, -8384, 1060
976, -6518, 798
164, -8132, 2980
388, -7084, 3856
922, -6480, 3024
1698, -9320, 4968
-548, -6440, 6264
492, -7490, 6376
224, -5638, 5972
736, -6428, 5052
-1000, -5386, 6298
1472, -5532, 4578
542, -4780, 5984
280, -5058, 5500
842, -4962, 6324
160, -5444, 7364
200, -4488, 6034
-14, -5264, 8322
-200, -4920, 6668
408, -3710, 6508
-264, -4474, 6326
1928, -3482, 5628
1006, -4112, 6740
830, -3986, 6260
996, -4474, 5626
754, -4450, 6084
1140, -4724, 6442
690, -4668, 7544
702, -4294, 5898
720, -4214, 5416
1160, -5720, 5832
828, -5244, 6858
906, -4584, 4712
1310, -4420, 6070
2052, -5856, 4778
874, -5408, 7044
932, -4330, 5974
1206, -4258, 6038
2250, -5140, 6272
856, -4414, 6188
1264, -4776, 5384
958, -6032, 6908
-212, -4442, 5740
988, -5440, 7044
-1122, -4166, 7620
110, -3890, 4396
-1496, -5318, 7732
854, -2796, 6568
-594, -3790, 6806
-562, -4420, 7570
-772, -3882, 6494
-354, -3494, 6188
-956, -3758, 7026
-2052, -3282, 7616
-860, -3730, 6584
-576, -4046, 7002
-1546, -3450, 6936
-932, -4838, 7658
-600, -3360, 6302
-1370, -3024, 7224
-2052, -4764, 7380
-1118, -4460, 7062
-1838, -6626, 10212
744, -8376, 13092
1456, -400, 4738
166, 4220, 4388
-5380, 2770, 7412
-880, 2042, 4692
-1858, 240, 4906
-328, -4332, 5524
-4430, -7212, 4112
-2230, -5378, 10204
3212, -6036, 6012
*NOTE-2017.04.05@15:10:47 - 1
1552, -3612, 8856
3066, 650, 3084
-4894, -1078, 7660
-9222, 252, 12230
1788, -1660, 1700
-5386, 1410, 11084
-1730, -1596, 4026
-4090, 1128, 6324
-5568, -1788, 6738
-4044, -200, 5468
-5174, 194, 8446
-4198, 2226, 5384
-3992, 3234, 4906
-6536, 4290, 7592
-3958, 4892, 2314
-7984, 5198, 4354
-6522, 4618, 2586
-4196, 4370, 1850
-4826, 4598, 4034
-5480, 5444, 2252
-5484, 5190, 2682
-6294, 5336, 4314
-5226, 4244, 2630
-6096, 4944, 4396
-4682, 4384, 2408
-6012, 4626, 3742
-5754, 5092, 2824
-5568, 4852, 2628
-5762, 4790, 2818
-5380, 4964, 2576
-5288, 4874, 2990
-5948, 4580, 3310
-5716, 4736, 2940
-5424, 5148, 2530
-6170, 4850, 2908
-5410, 4986, 1472
-6006, 3822, 4862
-4828, 4648, 2016
-5812, 4826, 2430
-6210, 4724, 2608
-6056, 4946, 2482
-5664, 4334, 2516
-5950, 4938, 2768
-6194, 4036, 3294
-6108, 5110, 3048
-5800, 4392, 2878
-6120, 3974, 3648
-5484, 4084, 3594
-6310, 4354, 3398
-5248, 4396, 3114
-6502, 4780, 3342
-3470, 3104, 4602
-6314, 5126, 4334
-5592, 3674, 4440
-5276, 5202, 3066
-6558, 3940, 2786
-5016, 5218, 3752
-5826, 4396, 3134
-5784, 3068, 1924
-5876, 5298, 3934
-5904, 4174, 2884
-5242, 3248, 2796
-5864, 5392, 4426
-5474, 3980, 4068
-5838, 4434, 4094
-4594, 4034, 3746
-5546, 4662, 3722
-5230, 4846, 1642
-6084, 5414, 2372
-5930, 4670, 2344
-5870, 4942, 2690
-5704, 4728, 2200
-6252, 4678, 2896
-5848, 4898, 2102
-5634, 4760, 2500
-5758, 4744, 2300
-5938, 4862, 2718
-5696, 4728, 2122
-6048, 4822, 2638
-5956, 4824, 2238
-5740, 4816, 2316
-5818, 4804, 2026
-6060, 4692, 2814
-5840, 4926, 2186
-5696, 4820, 2160
-5806, 4906, 2756
-6016, 4302, 2156
-6228, 4780, 3092
-5480, 4848, 886
-6300, 4330, 3250
-5816, 4200, 2356
-6210, 5130, 2220
-5650, 4768, 2044
-5948, 4874, 2446
-6024, 4948, 2120
-5602, 4256, 2522
-6212, 5372, 2464
-5944, 4746, 1878
-5838, 4618, 2336
-6136, 4842, 2056
-6004, 4368, 2878
-5784, 4948, 1728
-5754, 4368, 2886
-5756, 4888, 2086
-6218, 4376, 2960
-5764, 4896, 2150
-5776, 4144, 2628
-6162, 4826, 2430
-5948, 4572, 2476
-6064, 4618, 2474
-5848, 4698, 2288
-6054, 4438, 2754
-6100, 4670, 2288
-6076, 4510, 2714
-5504, 4304, 3374
-6144, 4924, 2018
-5822, 4116, 2464
-5290, 4960, 2340
-5620, 4198, 2208
-5526, 5676, 1348
-6206, 4290, 2904
-7106, 5314, 724
-6768, 5100, 816
-6048, 3788, 564
-7144, 4964, 1882
-6260, 4748, 458
-6032, 4582, 656
-6140, 4768, 336
-6220, 4532, 1536
-6856, 4280, 1092
-6504, 5040, 930
-6336, 4510, 938
-6862, 4500, 1248
-6250, 4620, 1032
-6278, 4770, 916
-6480, 4494, 1708
-6374, 4670, 1334
-6128, 4432, 1362
-5944, 4788, 1514
-6394, 4688, 1522
-6590, 4826, 834
-6032, 4356, 2062
-5876, 4900, 930
-6354, 4680, 1634
-6302, 4728, 1052
-6652, 4638, 1728
-6242, 4730, 1116
-6214, 4676, 1378
-6372, 4690, 1374
-6050, 4548, 1204
-6380, 4690, 1562
-6336, 4748, 1462
-6164, 4780, 1326
-6340, 4590, 1364
-6276, 4686, 1406
-6398, 4746, 1574
-6306, 4598, 1406
-6238, 4740, 1476
-6184, 4704, 1294
-6378, 4714, 1612
-6332, 4478, 1490
-6246, 4776, 1244
-6352, 4604, 1772
-5938, 5178, 990
-6282, 4236, 2180
-6202, 4618, 1984
-7056, 5100, 1928
-5366, 4284, 1442
-6106, 5218, 1100
-6706, 4316, 2034
-6326, 4622, 1290
-5924, 5238, 1330
-6482, 4610, 2038
-6386, 4694, 1128
-6282, 4802, 1714
-6006, 4434, 1334
-6270, 4780, 1662
-6314, 4756, 1602
-6128, 4754, 1444
-6154, 4814, 1464
-6500, 5004, 1640
-6126, 4344, 1476
-6384, 5090, 1436
-6040, 4574, 1772
-6170, 4802, 1542
-6086, 4358, 2442
-6330, 4994, 1126
-6428, 4554, 2478
-5614, 4668, 1240
-6260, 4726, 2360
-5358, 4642, 2562
-6200, 5202, 2584
-5856, 4802, 1456
-5998, 4352, 2220
-6316, 4816, 1150
-6440, 4600, 2638
-5870, 4518, 1690
-6108, 4540, 2218
-6164, 4666, 1728
-5984, 4856, 1868
-6266, 4732, 1844
-5846, 4604, 2044
-6100, 4990, 1920
-6226, 4740, 2084
-5930, 4738, 1708
-6158, 4756, 1914
-5986, 4536, 1662
-6166, 4816, 952
-6354, 4816, 2146
-5804, 4256, 2008
-6180, 5062, 2178
-6412, 5072, 1606
-5822, 4734, 1728
-6076, 4662, 1838
-6168, 4634, 1878
-5888, 4460, 2478
-6530, 4972, 1930
-5668, 4848, 1298
-6582, 4854, 2240
-5556, 4598, 1056
-6892, 4390, 2800
-5900, 4618, 1716
-6498, 5276, 2118
-6096, 4262, 1894
-5912, 4856, 1646
-6076, 4714, 1680
-5530, 4746, 2946
-6454, 5136, 1448
-5848, 4312, 1838
-6324, 4868, 1910
-5580, 4662, 2310
-5946, 5242, 1560
-6026, 4920, 1868
-5712, 4564, 1838
-6014, 4890, 1460
-6084, 4682, 1892
-6118, 5096, 1624
-6042, 4114, 2766
-5896, 5130, 1454
-6144, 5022, 1982
-5980, 4972, 1452
-6220, 4226, 2324
-6218, 4978, 1284
-6114, 4632, 3180
-6178, 5052, 1072
-5660, 4352, 2126
-6474, 5104, 1742
-5380, 4290, 2030
-7014, 4902, 2760
-5316, 4346, 1508
-6262, 5032, 1968
-6270, 4664, 2244
-6038, 4880, 1532
-5232, 4694, 2050
-6246, 5078, 1664
-6176, 4744, 2398
-6522, 4438, 2424
-6034, 4972, 844
-6380, 4886, 2354
-5528, 4700, 2482
-6416, 4906, 1616
-6048, 4626, 2130
-5944, 4768, 2452
-6042, 4766, 1764
-6246, 4656, 2094
-6200, 4846, 1598
-5624, 4372, 1882
-6176, 5120, 1728
-5690, 4316, 3162
-6342, 4942, 2014
-5778, 4500, 1782
-6146, 4790, 2306
-6374, 5010, 1736
-5910, 4678, 1850
-5904, 4074, 2720
-6284, 5188, 984
-6402, 4690, 2560
-5624, 4338, 1646
-6442, 5316, 1890
-6200, 4582, 1630
-5448, 4272, 1644
-6432, 5118, 2026
-6256, 4772, 2386
-5880, 4612, 1774
-5948, 4708, 2048
-5994, 4906, 2008
-6004, 4724, 2070
-6148, 4770, 2112
-6038, 4854, 1974
-5948, 4662, 1996
-6144, 4844, 2104
-6030, 4714, 1948
-6104, 4744, 2068
-5982, 4748, 2134
-6062, 4722, 2050
-5962, 4778, 1936
-6018, 4534, 2660
-6456, 4962, 2346
-5632, 4588, 1698
-6410, 5034, 2240
-5846, 4580, 1850
-6144, 4766, 2122
-5948, 4650, 2042
-6108, 4866, 2210
-5768, 4776, 1700
-5986, 4830, 2110
-6050, 4888, 1992
-6008, 4784, 1962
-6040, 4768, 2080
-5966, 4846, 1834
-5956, 4790, 1912
-5982, 4870, 2084
-5958, 4718, 1908
-5860, 4746, 2018
-6072, 4812, 2012
-6120, 4904, 1852
-6102, 4878, 1970
-6024, 4644, 2014
-6074, 4746, 2048
-6090, 4820, 1988
-5870, 4698, 1786
-6032, 5032, 1846
-5978, 4920, 1828
-6080, 4636, 1920
-5984, 4812, 2068
-6056, 4962, 1786
-6060, 4778, 1840
-6126, 4802, 1888
-6238, 4864, 2094
-5912, 4602, 2056
-5934, 4956, 1684
-5866, 4846, 1836
-5968, 4854, 1650
-6188, 4868, 2104
-5936, 4796, 1746
-6090, 4816, 1838
-6004, 4794, 1922
-5958, 4820, 1824
-6286, 4756, 2112
-5910, 4622, 1526
-6134, 5064, 1992
-5836, 4570, 2002
-6238, 5146, 1796
-6298, 4670, 2094
-5910, 4918, 1294
-6246, 4680, 1548
-6338, 4908, 1446
-6414, 3568, 3024
-6460, 5208, 782
-6054, 4444, 2234
-6056, 4668, 1686
-5928, 4868, 1672
-6052, 4868, 1926
-6176, 4790, 1940
-6014, 4692, 1956
-5590, 4644, 1974
-6364, 4936, 2356
-6016, 4744, 1554
-5818, 4710, 2496
-5860, 4394, 1688
-6302, 5064, 1658
-6148, 4612, 2122
-5270, 5168, 1822
-6536, 5086, 2452
-5942, 4862, 924
-6162, 4702, 2410
-5712, 4572, 1566
-6178, 4916, 1698
-5832, 5102, 1774
-6172, 4770, 1774
-6024, 4760, 2498
-6076, 4976, 1584
-5996, 4882, 1818
-6020, 4974, 1612
-5978, 4868, 1772
-5990, 4880, 1690
-5936, 4756, 1784
-6168, 4886, 1748
-6134, 4814, 1906
-5988, 4820, 1684
-5842, 4822, 1846
-6220, 4820, 2008
-6052, 5066, 1534
-6036, 4716, 1800
-6114, 4718, 1768
-6034, 4690, 2022
-5968, 4996, 1676
-6014, 4908, 1836
-6196, 4860, 1774
-5836, 4760, 1724
-6188, 4998, 1940
-5960, 4876, 1742
-6070, 4766, 1684
-5856, 4920, 1604
-6048, 5040, 1646
-6212, 4934, 1866
-5894, 5228, 1254
-5950, 4570, 2250
-5964, 5046, 1408
-6172, 4894, 2174
-5906, 4958, 1316
-5952, 4676, 2054
-6114, 5094, 894
-6146, 4882, 2102
-6124, 4650, 1676
-5684, 4664, 2310
-6650, 5048, 2184
-5556, 4222, 1046
-6102, 5398, 2068
-5918, 4912, 1672
-5926, 4824, 1768
-6506, 4714, 2552
-5406, 4746, 1760
-6434, 5372, 1574
-5766, 4616, 1708
-5840, 4878, 1560
-6248, 4732, 2268
-6028, 4874, 1812
-5872, 4808, 2108
-6310, 4718, 1914
-5950, 5040, 1786
-5826, 4856, 1650
-6310, 4866, 1946
-5334, 4866, 1838
-6130, 4888, 2652
-6068, 4482, 1734
-5930, 4978, 1742
-6096, 4852, 1918
-5940, 4822, 1810
-6032, 4874, 1882
-6048, 4900, 1582
-6130, 4768, 1968
-6014, 4772, 1962
-5846, 5084, 1176
-5974, 4988, 1974
-6234, 4986, 1792
-5800, 4610, 1628
-6022, 5080, 1562
-6404, 5004, 2284
-5708, 4808, 1210
-6080, 4890, 2000
-6024, 5034, 1540
-6106, 4768, 2068
-6000, 4984, 1824
-5954, 4778, 1844
-6040, 4946, 1768
-5792, 4682, 2124
-6216, 4916, 1994
-5780, 4914, 1616
-6022, 4586, 2902
-6206, 4586, 1908
-6138, 5140, 1956
-5602, 5198, 1320
-5772, 5066, 1946
-6246, 4858, 2070
-6172, 4910, 1146
-5990, 4766, 2236
-5668, 4868, 1862
-6094, 5074, 1952
-5848, 4850, 1788
-6006, 5028, 1732
-5958, 4868, 1842
-6150, 4920, 1866
-5966, 4694, 1800
-6096, 4948, 1808
-6132, 4914, 1850
-6166, 4748, 1730
-5754, 4914, 1828
-6214, 5118, 1588
-5712, 4732, 1774
-6218, 4952, 1774
-5898, 4880, 1536
-6018, 4982, 1536
-5916, 4568, 2180
-6906, 4408, 3022
-5686, 4916, 968
-6308, 5086, 1902
-5862, 4690, 1458
-6058, 4938, 1816
-6450, 4664, 2648
-5766, 4586, 1586
-6122, 4632, 2146
-6134, 4540, 2432
-6060, 4592, 2142
-5982, 4934, 1950
-5876, 4664, 1980
-5662, 4320, 2092
-6270, 4760, 2348
-5748, 4414, 2364
-6016, 4590, 2070
-6064, 4854, 1780
-6272, 4604, 2272
-6078, 5010, 1730
-6128, 4670, 1730
-6226, 4882, 2166
-5942, 4898, 1412
-5938, 4848, 1638
-6090, 4832, 1800
-6058, 4912, 1472
-6058, 4924, 1694
-5982, 4884, 1766
-6036, 4774, 1750
-6052, 4958, 1614
-6008, 4972, 1640
-5884, 4924, 1346
-6342, 5040, 1546
-6036, 4822, 1532
-6324, 4970, 1874
-5934, 4828, 1604
-6234, 4948, 1540
-6058, 4754, 1452
-6148, 4980, 1568
-6108, 4874, 1532
-6312, 4718, 1694
-6024, 4830, 1338
-6138, 4890, 1422
-6180, 4868, 1566
-6110, 4916, 1492
-6102, 4788, 1704
-6024, 5054, 1302
-6086, 4868, 1546
-6046, 4924, 1440
-6084, 4962, 1498
-6064, 4914, 1486
-6028, 4878, 1620
-6112, 4984, 1594
-6128, 5004, 1460
-6044, 4836, 1512
-6106, 4918, 1718
-5916, 4956, 1326
-6134, 4886, 1386
-5746, 4964, 1284
-6264, 4672, 2172
-6044, 4800, 1788
-6354, 5028, 1984
-5586, 5068, 288
-6434, 4702, 1944
-6176, 5114, 2088
-5892, 4418, 2046
-5956, 5108, 1320
-6220, 4802, 1680
-5804, 4798, 1548
-6192, 4940, 2034
-5900, 4614, 1526
-6444, 4996, 1656
-6332, 4434, 1970
-6016, 4756, 1356
-6200, 4752, 1588
-6416, 5170, 924
-6720, 4178, 1322
-5766, 3620, 2254
-6640, 5292, 1680
-6140, 4352, 1762
-6028, 5120, 1240
-6312, 4698, 1786
-6040, 4208, 1678
-6268, 5254, 898
-6314, 4420, 2102
-6148, 4616, 1784
-6162, 4892, 1710
-5992, 4734, 1550
-6178, 4742, 1714
-6460, 4264, 2114
-5970, 4686, 1550
-6430, 4844, 1856
-5988, 4592, 1518
-5830, 4406, 2152
-6724, 4378, 2940
-5990, 4214, 1958
-6306, 4718, 2462
-6106, 4466, 1994
-6156, 4622, 1858
-6252, 4436, 2182
-6116, 4566, 2008
-6184, 4532, 2076
-6180, 4432, 2144
-6186, 4524, 2160
-6050, 4706, 1852
-5998, 4242, 1862
-6092, 4340, 2330
-6602, 4276, 2508
-6496, 4592, 2172
-6928, 4504, 3110
-5804, 4486, 2556
-5978, 4458, 2498
-6138, 5152, 2110
-5438, 4870, 1562
-5844, 5040, 2460
-5738, 4580, 2376
-5482, 4708, 3420
-5352, 4788, 3596
-4566, 4660, 2746
-5286, 5036, 3552
-5256, 4562, 3420
-5400, 4884, 3124
-5352, 4884, 3272
-5408, 5044, 3160
-5080, 4722, 2812
-5156, 4834, 3020
-5436, 4884, 2976
-6204, 5362, 3276
-5654, 4630, 3288
-5408, 4862, 3270
-5236, 4942, 2912
-5326, 4828, 2804
-5448, 4782, 3172
-5496, 4872, 3116
-5526, 4982, 3012
-5302, 4724, 2972
-5488, 4910, 3302
-5456, 4780, 2932
-5538, 4922, 3080
-5546, 4824, 3312
-5506, 4850, 3208
-5440, 4976, 3034
-5410, 4924, 3092
-5312, 4950, 3108
-4898, 4862, 2662
-5520, 4866, 3432
-5590, 4580, 3304
-5510, 4942, 3286
-5064, 4694, 2966
-5582, 4906, 3134
-5336, 4758, 2826
-5712, 4892, 3174
-5710, 4634, 3432
-5536, 4736, 3354
-5924, 4668, 3686
-6854, 4204, 4520
-6288, 3626, 4196
-4456, 922, 2686
-4678, 2864, 4988
-4672, 2536, 4848
-4424, 884, 5080
-7292, 3042, 4132
-5012, 1536, 3198
-9436, 886, 7162
-7240, 1982, 5938
-5444, 1452, 4178
-4774, 324, 3042
-8142, 200, 6750
-6658, 844, 5720
-5448, -858, 4082
-6576, -1242, 6206
-7092, -450, 5006
-5904, -1422, 4836
*NOTE-2017.04.05@15:11:19 - 1
-5698, -802, 5682
-4078, -1382, 6508
-4486, -1168, 6400
-4666, -966, 6582
-3714, -1258, 5782
-5676, -1106, 6702
-3554, -2548, 7516
-2928, -2012, 6160
-4502, -1702, 6546
-5392, -928, 6594
-3846, -4296, 5324
-5260, -4502, 7626
-4270, -3566, 4942
-4872, -3976, 7536
-2914, -2748, 5494
-3722, -1706, 9178
-1938, -814, 6020
-1294, 764, 6030
-2974, -860, 7768
-3488, 2358, 9644
-3264, -3018, 6798
-4122, -5204, 5964
-3748, 522, 7548
-3764, -1640, 6080
-4210, -1604, 6830
-4158, -1516, 7038
-4046, -1112, 6932
-3968, -1312, 6798
-3850, -1070, 6284
-4298, -1634, 6864
-4020, -1532, 6368
-4164, -1604, 6488
-4252, -1524, 6720
-3694, -1100, 6828
-3760, -1194, 6722
-4268, -1630, 6448
-3856, -1426, 6534
-3714, -1896, 6372
-4108, -1846, 6822
-3964, -1800, 6478
-4358, -2312, 7866
-3124, -1410, 6224
-3550, -2408, 7482
-3332, -4472, 6248
-3206, -6888, 4056
-3024, -9012, 4760
-3096, -8422, 3552
-2130, -8890, 2932
-526, -7036, 2754
-1284, -3348, 4448
-912, -4084, 8292
-1436, -8432, 4518
-2122, -8504, 3620
-4114, -7460, 7012
-2768, -5602, 2492
-2466, -6766, 978
-1366, -6074, -784
-1980, -5964, -504
-1750, -6990, -904
-712, -8010, -2856
-3436, -5650, 220
-2842, -10198, 4722
-1514, -8294, 7140
-144, -8388, 5920
-780, -8344, 1344
-1580, -8106, 1776
*NOTE-2017.04.05@15:11:23 - 1
-1704, -8600, 238
-1452, -8090, -788
-2146, -8240, 976
-2322, -6926, 5176
-2584, -7738, 4574
-2708, -7338, 4746
-2498, -6530, 4274
-2270, -6940, 3474
-1634, -6422, 3140
-1402, -6488, 2110
-1830, -6422, 2656
-2414, -6486, 2302
-2472, -6532, 2358
-1330, -7484, -16
-54, -7856, 34
-1002, -9534, 1236
1128, -9074, 2000
1480, -11080, 6066
2034, -8280, -3616
1150, -8164, -2374
-2138, -7220, 1300
-1720, -7822, 78
-1230, -8172, -866
-708, -7424, -758
-1062, -7614, 1726
-12, -8824, 4618
-1472, -8740, 2774
-938, -7572, 530
-1860, -8818, 6750
-1752, -10762, 9416
-200, -12878, 9342
798, -15882, 7336
324, -16258, 8156
2578, -13476, 6672
1926, -12678, 6814
4898, -12478, 960
-2870, -8528, 10916
-2206, -5206, 7494
-2434, -4268, 2442
-1856, -2340, 1656
1892, 1038, -2502
318, 3232, -4062
-984, 6764, -3412
-246, 6262, -7406
-892, 7658, -8008
-2332, 9436, -8128
-4706, 4928, -6942
-528, 7922, -6960
-428, 6264, -6106
-242, 4622, -3156
-104, 1944, -4908
156, -1870, 2972
2390, -2310, -1552
2856, -6830, 2222
1232, -9156, 4218
-2052, -11378, 12774
-958, -12554, 5038
1010, -9744, 6964
-3712, -18204, 4524
-260, -12666, 11306
216, -12942, 3096
-4458, -11252, 9746
-4242, -10092, 9478
*NOTE-2017.04.05@15:11:26 - 1
-4548, -7312, 8024
-4946, -6330, 8328
-4524, -6538, 7092
-5770, -8182, 6450
-5562, -9492, 7216
-4502, -13708, 7916
-804, -17764, 6620
-892, -17704, 9924
1208, -16390, 8282
2280, -11592, 8370
-1568, -12064, 7350
1150, -5814, 5672
1202, -4628, 2106
-2088, 164, 3354
4796, -3626, -8884
-1826, 2196, 1064
1036, 4894, -3046
874, 4970, -6234
-182, 7432, -7794
504, 6584, -8376
1058, 7898, -10044
-696, 4902, -6550
1422, 6732, -8722
922, 6592, -5558
752, 4050, -5624
-410, 2758, -3678
-628, -320, -3166
-1066, -3840, 216
1044, -5816, 2306
1270, -7884, 12916
1302, -9196, 5124
3358, -8718, 8034
-14, -14222, 9546
1028, -15924, 2700
-4544, -16056, 5056
-7310, -14236, 7782
-6784, -11994, 9758
*NOTE-2017.04.05@15:11:28 - 1
-5888, -8214, 9330
-6422, -9588, 9320
-3268, -4588, 6678
-4110, -5662, 6732
-4370, -6732, 5300
-7436, -8736, 8214
-5840, -13432, 7034
-3718, -17906, 7446
576, -16852, 8870
1846, -17942, 8086
1194, -13346, 8884
580, -11740, 7284
-2028, -8130, 9074
-344, -6282, 2184
178, -3660, 1712
-1390, -2306, 1296
2064, 642, -2676
-228, 3462, -1816
2400, 4202, -8062
-1236, 6388, -5232
952, 6430, -10216
2084, 10558, -11482
1370, 6784, -10070
438, 6492, -7448
974, 5636, -5954
118, 4700, -4408
-4, 2664, -3968
-294, -902, -1276
-66, -2938, 1190
790, -5718, 5544
982, -6152, -74
768, -7830, 6946
3334, -11600, 10966
434, -10886, 846
-1324, -12224, 6984
-5210, -19934, 3864
-6714, -17092, 9256
-3934, -15770, 5732
-5722, -11084, 8978
*NOTE-2017.04.05@15:11:30 - 1
-6220, -8576, 10852
-6480, -5566, 9384
-4544, -6404, 5658
-4730, -5902, 6116
-7002, -10242, 7126
-3938, -12960, 5466
-3604, -17274, 8070
-820, -18320, 8292
6, -15776, 8694
-1448, -13984, 8470
112, -10532, 5804
144, -7804, 7442
-892, -5298, 1558
-1124, -4184, 2712
-296, -950, 3294
3346, 678, -3362
-1194, 2250, 310
1970, 5040, -5414
880, 5288, -5822
1456, 7812, -10204
674, 6486, -10514
790, 6950, -9082
1842, 7154, -8428
404, 5494, -5666
1142, 5416, -5326
108, 1598, -5214
-276, 446, -3426
-450, -3062, 4140
1302, -6316, 6618
1444, -4896, -1560
-1854, -7872, 5992
1360, -10692, 10230
2304, -13740, 9912
-5744, -19060, 4868
-3298, -14266, 13146
-3230, -16282, 4104
-7552, -11814, 9940
-6842, -8934, 10294
-2828, -3808, 8696
-3892, -7970, 7186
*NOTE-2017.04.05@15:11:32 - 1
-4836, -5406, 8120
-7498, -7652, 9398
-5420, -10142, 6550
-3346, -14042, 7286
-2356, -17060, 8652
-720, -16274, 11040
-914, -15750, 8918
-476, -13186, 8538
1840, -12228, 1264
-1222, -4684, 8100
5478, -3812, -1424
784, -650, 2386
380, -2144, -1750
-156, 2972, -46
284, 4556, -2642
826, 5334, -7602
-222, 7030, -7776
1224, 7272, -10704
934, 4638, -9330
666, 7576, -8586
1552, 6760, -8028
550, 5010, -4566
742, 4690, -4334
-152, 1706, -4778
-838, -614, -712
-1402, -4264, 2144
2050, -6724, -1170
1048, -9300, 9152
1184, -13976, 12148
1830, -10154, 72
-192, -14764, 9080
522, -19294, 1578
-8808, -21290, 7050
-3650, -16004, 6392
-5474, -16000, 5586
*NOTE-2017.04.05@15:11:33 - 1
-2952, -9702, 8404
-4018, -5966, 11060
-4978, -5816, 8268
-3902, -5860, 5664
-5624, -9406, 5146
-6040, -11482, 5636
-3342, -14582, 7202
-1498, -17884, 9044
1286, -17404, 7940
416, -16258, 9528
-98, -13206, 7466
-392, -10526, 7340
-1822, -7542, 10442
-1888, -7404, 5916
1780, -2716, 1174
1556, -1052, -1402
-526, 2014, 788
1740, 2650, -4922
988, 4370, -5906
-66, 7096, -6418
478, 7122, -9366
1154, 6340, -11046
1750, 9418, -8564
1398, 6290, -9012
764, 6192, -4674
270, 4570, -4494
914, 3612, -4098
-1332, 326, -3856
-1278, -3886, 3000
1170, -6022, 5188
2370, -4626, 2562
-1384, -10910, 7952
-450, -16622, 10018
7426, -11996, 3600
-2858, -16062, 11628
-6240, -20270, 8200
-4776, -17664, 5046
-3058, -9658, 4238
-10048, -9160, 12842
*NOTE-2017.04.05@15:11:35 - 1
-3818, -7390, 6356
-6076, -6830, 7816
-3414, -4824, 7004
-4732, -6970, 5618
-5864, -9180, 5376
-5770, -11202, 6688
-5644, -14588, 12384
-1458, -17642, 6682
-2170, -16998, 9172
-862, -16254, 6658
-68, -10328, 11380
2228, -6548, 4086
-2698, -5708, 8300
-184, -4278, 2942
1966, -304, -1536
1112, 1484, 810
-208, 3084, 1374
2186, 3984, -2636
2144, 4330, -4496
1790, 6016, -6002
440, 7556, -5998
2028, 6910, -9564
3044, 8278, -9294
1950, 6650, -8684
772, 6314, -6646
368, 6554, -4030
1714, 4886, -5416
-504, 1318, -4008
10, -934, -324
-1056, -4168, 1608
1492, -6662, -1646
-634, -7244, 10894
1426, -14042, 12698
2104, -10616, -366
496, -10348, 10490
-674, -18204, 4402
-9732, -18794, 10100
-4936, -13868, 7788
-4438, -11028, 9362
-6118, -11676, 11156
-3224, -7434, 8096
*NOTE-2017.04.05@15:11:37 - 1
-8186, -5376, 9640
-5158, -5618, 7336
-5024, -5950, 5854
-6612, -9760, 5338
-5384, -12304, 6880
-4122, -16192, 7966
-622, -16338, 9090
-322, -18030, 9086
1732, -13606, 8748
198, -11502, 7762
-1514, -8470, 7928
382, -5614, 3032
-110, -3708, 1346
524, 14, 1724
174, 1532, 580
2178, 2914, -1422
386, 4908, -2496
2748, 2486, -7248
590, 7676, -5912
712, 7522, -10602
1198, 7738, -11402
890, 7622, -9206
778, 6816, -7290
732, 5622, -5584
1068, 4162, -3994
378, 2266, -4454
-728, 194, -2138
-856, -1900, 1400
-1372, -5206, 2540
2014, -6622, 2326
1802, -9762, 14978
340, -12456, 1752
382, -7462, 6206
-414, -18922, 12382
-3688, -20288, 4268
-6664, -16090, 8098
-5710, -11802, 8498
-2862, -10328, 7116
*NOTE-2017.04.05@15:11:39 - 1
-5546, -6928, 10046
-5250, -7478, 8264
-2936, -4172, 5896
-4746, -6446, 5454
-6166, -7420, 6712
-5080, -9256, 4802
-4620, -13262, 3962
-1672, -14330, 8094
730, -17864, 9046
2130, -14844, 9442
-838, -14022, 10836
-1486, -12818, 6952
662, -9380, 4838
-2488, -4872, 9018
156, -3540, 2786
2742, 1146, 0
2680, 2316, -1822
2080, 2052, -778
542, 5540, -828
1820, 3906, -4918
662, 6826, -6186
-466, 7810, -7132
-44, 8680, -9202
192, 7610, -8544
624, 7732, -7896
620, 6436, -6198
224, 5556, -4014
74, 3124, -4258
-246, 1956, -3478
-676, -158, 3048
-98, -3744, 2582
502, -5290, 986
-636, -6808, 13830
318, -11716, 6762
2086, -11696, 2996
-1662, -15008, 14094
-5614, -16670, 5772
-2000, -16280, 4352
-6242, -13782, 6972
-9080, -10728, 10476
-6734, -8536, 7386
*NOTE-2017.04.05@15:11:41 - 1
-5484, -5146, 6980
-6086, -5312, 4738
-4028, -4506, 5996
-7050, -8176, 7322
-4944, -10420, 4178
-3110, -12434, 6126
-2730, -15172, 12144
-974, -17214, 8792
-1054, -15690, 10308
-1504, -13634, 8844
-2606, -11748, 10738
238, -5838, 7824
-5522, -7378, 9342
-434, -3262, 1022
-1308, 1992, 4510
2542, 3420, -2848
858, 4320, 68
1402, 3086, -3708
1052, 4706, -6696
-1182, 6440, -5540
1306, 8182, -10768
208, 3884, -9348
834, 6884, -7884
2460, 6862, -8532
458, 5906, -5322
494, 3884, -3880
692, 4148, -5098
-122, 1062, -3792
-1740, -2628, 2232
-1228, -3704, 3672
-466, -7640, 5052
-1514, -7256, 9480
750, -10138, 4904
878, -12010, 11098
-4408, -21834, 3936
-2856, -15950, 9316
-3484, -16574, 4992
-7990, -10680, 11884
-5922, -10968, 9742
*NOTE-2017.04.05@15:11:43 - 1
-3304, -4914, 6704
-5814, -6918, 8372
-5470, -6036, 7712
-5832, -7488, 6690
-5776, -9916, 6928
-5270, -11666, 8922
-5594, -16126, 9736
-880, -15206, 9132
-2306, -16974, 11292
688, -14170, 7716
-2674, -11242, 8652
-1162, -6992, 7076
-1364, -3682, 2798
-952, 110, 3710
804, -426, -2888
2584, 3786, -3344
-960, 6638, -676
2804, 3694, -6538
740, 6748, -6810
-34, 6366, -6596
1520, 6650, -10052
-262, 7666, -8436
512, 6786, -7178
258, 5414, -4700
824, 3664, -4758
-88, 948, -5318
-1726, -2398, 420
-2248, -5190, 2574
1370, -9640, 6716
74, -8962, 4572
810, -9912, 8192
2470, -13156, 14166
-3296, -18174, 4578
-3924, -14518, 9768
-4368, -13256, 7164
-5246, -12296, 7360
-4254, -11108, 6966
-9868, -8712, 11952
*NOTE-2017.04.05@15:11:45 - 1
-3962, -7352, 9002
-4296, -5860, 6550
-4002, -5842, 2062
-4986, -7908, 5222
-5664, -9036, 6030
-6466, -12182, 7606
-1276, -14218, 7580
-374, -17056, 10964
-244, -17046, 8852
-1344, -13782, 10728
-874, -12504, 8142
-540, -10980, 4270
526, -6370, 956
-2860, -4894, 3776
-438, 2422, 988
2884, 832, -3646
-526, 4582, 1448
1874, 4610, -4302
1570, 4154, -6186
-1390, 8428, -6176
-74, 6462, -9998
824, 8948, -10056
424, 8212, -8254
688, 6274, -6950
550, 6236, -4890
760, 4726, -4004
-96, 3208, -3396
-92, 822, -4642
-1240, -3356, 982
-2240, -4530, 868
902, -7898, 8126
1666, -11600, 7256
1970, -11212, 2374
-268, -12160, 12814
-1490, -15848, 5850
-9106, -18844, 8456
-7082, -15988, 2022
-5540, -9074, 9392
-6446, -8420, 12142
*NOTE-2017.04.05@15:11:47 - 1
-4946, -6066, 8856
-5570, -5592, 8350
-4452, -6422, 5208
-5034, -7146, 4554
-5670, -9902, 5746
-4190, -12716, 7602
-2790, -15742, 9966
-1818, -16682, 9194
-1346, -14822, 10746
-2268, -13154, 9462
-36, -8914, 7718
-820, -4802, 8666
600, -6772, 518
-1378, -2898, 3222
-1494, -554, 1898
1428, 620, -1886
378, 2986, -1760
988, 3898, -6084
474, 6812, -6786
784, 7618, -9596
2326, 5792, -11336
970, 8314, -7238
2170, 5534, -9758
1552, 6134, -5498
622, 5102, -3762
1602, 4128, -4626
-58, 1670, -4088
-338, -1858, -942
-2088, -3400, 244
1128, -7610, 3728
312, -9242, 14546
-1590, -9564, 4842
4472, -8986, 1254
880, -15542, 6442
-6586, -17982, 7776
-2444, -15216, 5122
-7836, -14740, 7838
*NOTE-2017.04.05@15:11:49 - 1
-9940, -10656, 11778
-8932, -6650, 10934
-6170, -6140, 6458
-5792, -5882, 5406
-3850, -6324, 3018
-5268, -7122, 3962
-5944, -8678, 5314
-6698, -12864, 7416
-2808, -15974, 9674
-2108, -18362, 9992
220, -15836, 9650
-1890, -14886, 9736
-3318, -15160, 6976
-590, -6970, 9386
-7396, -6728, 12744
3234, -4980, -1890
464, -2846, 334
160, 1268, -1098
338, 4040, -1010
734, 4376, -2634
1836, 4202, -8014
390, 7672, -6272
-1078, 8158, -9748
1162, 8140, -9498
48, 6634, -8708
814, 6708, -7482
864, 6226, -5994
-306, 3964, -3850
800, 3192, -4494
-544, -86, -4980
-2396, -4462, 3120
-1458, -6004, 1614
888, -6080, 7810
-152, -13328, 3376
836, -12056, 8390
1206, -17338, 4836
-4202, -17788, 12108
-7458, -19994, 8360
-6114, -18920, 7820
-568, -9934, 3974
-8018, -9228, 10346
*NOTE-2017.04.05@15:11:51 - 1
-5728, -8786, 7718
-4840, -6214, 7690
-1252, -2740, 5216
-6126, -7650, 6968
-5236, -8084, 3558
-5076, -10948, 4114
-4006, -13294, 7738
-2684, -15204, 9722
-1390, -18498, 9604
3256, -15846, 9014
468, -13642, 8352
-2036, -12490, 5568
-1602, -6254, 8682
572, -5438, 2876
810, -3906, -148
-4340, -2640, 5060
4860, 252, -6828
-1624, 3744, 582
2392, 4176, -5706
2388, 5874, -6398
-152, 6062, -8464
420, 7346, -11860
-726, 7742, -8464
1352, 7208, -10780
-208, 7596, -5840
342, 6440, -4864
676, 4734, -4908
-86, 3034, -3756
-398, -254, -1074
-1036, -3994, 358
2270, -5984, 2678
-650, -8684, 4352
-2010, -7134, 7810
5008, -12370, 11460
176, -9456, 5820
-4352, -15588, 6740
-4152, -13542, 7364
-7184, -12986, 7700
-5726, -10838, 6662
-5846, -9490, 5064
*NOTE-2017.04.05@15:11:53 - 1
-7340, -7896, 9728
-5064, -6294, 6298
-4648, -5212, 6836
-5380, -7062, 6184
-3458, -5902, 3738
-4550, -7332, 4910
-2926, -7168, 2854
-3190, -7042, 2082
-1884, -7646, 2030
-1970, -6780, 1414
-1760, -6622, 3388
-1040, -5850, 2108
-1528, -7212, 3666
136, -7844, 2948
406, -6884, 1900
452, -7308, 3178
896, -5868, 4108
1754, -5558, 3872
40, -6820, 7392
682, -6642, 7590
980, -4788, 6420
-142, -4386, 7572
1584, -6294, 6390
112, -4532, 7430
2106, -4632, 6512
330, -4232, 6934
816, -4614, 5984
1918, -3612, 6224
2020, -4074, 6394
1742, -4566, 6296
1172, -4378, 5968
1360, -4488, 6300
1722, -4836, 6572
1574, -4888, 6310
1038, -4672, 7936
2258, -3968, 5482
2334, -5052, 6120
1678, -4598, 5380
2316, -5014, 5508
1530, -5030, 6412
2600, -4548, 4360
16, -6238, 7106
772, -5060, 6842
3422, -2348, 3396
64, -4404, 6612
-100, -5488, 8964
3132, -3382, 3972
-136, -5926, 9238
880, -2850, 3418
2300, -4470, 4590
3172, -3408, 6172
1750, -4104, 7414
-7604, -2724, 6096
1152, -4056, 5492
-2230, -2410, 6562
72, -4482, 8984
-306, -4134, 7570
-540, -3902, 7156
42, -3676, 7028
46, -2302, 7296
-1146, -2352, 6402
638, -4776, 7794
-336, -3892, 5834
-1572, -4046, 6206
-1540, -4608, 7066
-902, -3876, 7078
-1260, -4018, 7256
-826, -3822, 5998
-1736, -3930, 6772
-1062, -4026, 7142

-----------------------------------------------
Date: 05.04.2017 - 15:11:57
End log file
